2024-11-19 09:36:34,150 DEBUG    root            Metrics collector initialized...
2024-11-19 09:36:34,151 DEBUG    root            Loaded Command Group: ['gcloud', 'components']
2024-11-19 09:36:34,154 DEBUG    root            Loaded Command Group: ['gcloud', 'components', 'update']
2024-11-19 09:36:34,154 DEBUG    root            Running [gcloud.components.update] with arguments: [--no-compile-python: "False", --quiet: "True", COMPONENT-IDS:6: "['alpha', 'beta', 'gke-gcloud-auth-plugin', 'kubectl', 'skaffold', 'minikube']"]
2024-11-19 09:36:34,155 INFO     ___FILE_ONLY___ Beginning update. This process may take several minutes.

2024-11-19 09:36:34,164 DEBUG    urllib3.connectionpool Starting new HTTPS connection (1): dl.google.com:443
2024-11-19 09:36:34,410 DEBUG    urllib3.connectionpool https://dl.google.com:443 "GET /dl/cloudsdk/channels/rapid/components-2.json HTTP/1.1" 200 226997
2024-11-19 09:36:34,533 INFO     ___FILE_ONLY___ 

2024-11-19 09:36:34,533 INFO     ___FILE_ONLY___ 
Your current Google Cloud CLI version is: 501.0.0

2024-11-19 09:36:34,533 INFO     ___FILE_ONLY___ Installing components from version: 501.0.0

2024-11-19 09:36:34,534 INFO     ___FILE_ONLY___ 

2024-11-19 09:36:34,534 DEBUG    root            Chosen display Format:table[box,title="These components will be removed."](details.display_name:label=Name:align=left,version.version_string:label=Version:align=right,data.size.size(zero="",min=1048576):label=Size:align=right)
2024-11-19 09:36:34,534 DEBUG    root            Chosen display Format:table[box,title="These components will be updated."](details.display_name:label=Name:align=left,version.version_string:label=Version:align=right,data.size.size(zero="",min=1048576):label=Size:align=right)
2024-11-19 09:36:34,534 DEBUG    root            Chosen display Format:table[box,title="These components will be installed."](details.display_name:label=Name:align=left,version.version_string:label=Version:align=right,data.size.size(zero="",min=1048576):label=Size:align=right)
2024-11-19 09:36:34,548 INFO     ___FILE_ONLY___ ┌─────────────────────────────────────────────────────────────────────────────┐
2024-11-19 09:36:34,548 INFO     ___FILE_ONLY___ 

2024-11-19 09:36:34,548 INFO     ___FILE_ONLY___ │                     These components will be installed.                     │
2024-11-19 09:36:34,548 INFO     ___FILE_ONLY___ 

2024-11-19 09:36:34,548 INFO     ___FILE_ONLY___ ├─────────────────────────────────────────────────────┬────────────┬──────────┤
2024-11-19 09:36:34,549 INFO     ___FILE_ONLY___ 

2024-11-19 09:36:34,549 INFO     ___FILE_ONLY___ │                         Name                        │  Version   │   Size   │
2024-11-19 09:36:34,549 INFO     ___FILE_ONLY___ 

2024-11-19 09:36:34,549 INFO     ___FILE_ONLY___ ├─────────────────────────────────────────────────────┼────────────┼──────────┤
2024-11-19 09:36:34,549 INFO     ___FILE_ONLY___ 

2024-11-19 09:36:34,549 INFO     ___FILE_ONLY___ │ 
2024-11-19 09:36:34,549 INFO     ___FILE_ONLY___ Google Cloud CLI Core Libraries (Platform Specific)
2024-11-19 09:36:34,549 INFO     ___FILE_ONLY___  
2024-11-19 09:36:34,549 INFO     ___FILE_ONLY___ │ 
2024-11-19 09:36:34,549 INFO     ___FILE_ONLY___ 2024.08.30
2024-11-19 09:36:34,549 INFO     ___FILE_ONLY___  
2024-11-19 09:36:34,549 INFO     ___FILE_ONLY___ │ 
2024-11-19 09:36:34,549 INFO     ___FILE_ONLY___  < 1 MiB
2024-11-19 09:36:34,549 INFO     ___FILE_ONLY___  
2024-11-19 09:36:34,549 INFO     ___FILE_ONLY___ │
2024-11-19 09:36:34,549 INFO     ___FILE_ONLY___ 

2024-11-19 09:36:34,549 INFO     ___FILE_ONLY___ │ 
2024-11-19 09:36:34,549 INFO     ___FILE_ONLY___ Minikube (Platform Specific)                       
2024-11-19 09:36:34,549 INFO     ___FILE_ONLY___  
2024-11-19 09:36:34,549 INFO     ___FILE_ONLY___ │ 
2024-11-19 09:36:34,549 INFO     ___FILE_ONLY___     1.34.0
2024-11-19 09:36:34,549 INFO     ___FILE_ONLY___  
2024-11-19 09:36:34,549 INFO     ___FILE_ONLY___ │ 
2024-11-19 09:36:34,549 INFO     ___FILE_ONLY___ 37.2 MiB
2024-11-19 09:36:34,549 INFO     ___FILE_ONLY___  
2024-11-19 09:36:34,549 INFO     ___FILE_ONLY___ │
2024-11-19 09:36:34,549 INFO     ___FILE_ONLY___ 

2024-11-19 09:36:34,549 INFO     ___FILE_ONLY___ │ 
2024-11-19 09:36:34,549 INFO     ___FILE_ONLY___ Skaffold (Platform Specific)                       
2024-11-19 09:36:34,549 INFO     ___FILE_ONLY___  
2024-11-19 09:36:34,550 INFO     ___FILE_ONLY___ │ 
2024-11-19 09:36:34,550 INFO     ___FILE_ONLY___     2.13.1
2024-11-19 09:36:34,550 INFO     ___FILE_ONLY___  
2024-11-19 09:36:34,550 INFO     ___FILE_ONLY___ │ 
2024-11-19 09:36:34,550 INFO     ___FILE_ONLY___ 22.9 MiB
2024-11-19 09:36:34,550 INFO     ___FILE_ONLY___  
2024-11-19 09:36:34,550 INFO     ___FILE_ONLY___ │
2024-11-19 09:36:34,550 INFO     ___FILE_ONLY___ 

2024-11-19 09:36:34,550 INFO     ___FILE_ONLY___ │ 
2024-11-19 09:36:34,550 INFO     ___FILE_ONLY___ gcloud Alpha Commands                              
2024-11-19 09:36:34,550 INFO     ___FILE_ONLY___  
2024-11-19 09:36:34,550 INFO     ___FILE_ONLY___ │ 
2024-11-19 09:36:34,550 INFO     ___FILE_ONLY___ 2024.11.08
2024-11-19 09:36:34,550 INFO     ___FILE_ONLY___  
2024-11-19 09:36:34,550 INFO     ___FILE_ONLY___ │ 
2024-11-19 09:36:34,550 INFO     ___FILE_ONLY___  < 1 MiB
2024-11-19 09:36:34,550 INFO     ___FILE_ONLY___  
2024-11-19 09:36:34,550 INFO     ___FILE_ONLY___ │
2024-11-19 09:36:34,550 INFO     ___FILE_ONLY___ 

2024-11-19 09:36:34,550 INFO     ___FILE_ONLY___ │ 
2024-11-19 09:36:34,550 INFO     ___FILE_ONLY___ gcloud Beta Commands                               
2024-11-19 09:36:34,550 INFO     ___FILE_ONLY___  
2024-11-19 09:36:34,550 INFO     ___FILE_ONLY___ │ 
2024-11-19 09:36:34,550 INFO     ___FILE_ONLY___ 2024.11.08
2024-11-19 09:36:34,550 INFO     ___FILE_ONLY___  
2024-11-19 09:36:34,550 INFO     ___FILE_ONLY___ │ 
2024-11-19 09:36:34,550 INFO     ___FILE_ONLY___  < 1 MiB
2024-11-19 09:36:34,550 INFO     ___FILE_ONLY___  
2024-11-19 09:36:34,550 INFO     ___FILE_ONLY___ │
2024-11-19 09:36:34,550 INFO     ___FILE_ONLY___ 

2024-11-19 09:36:34,550 INFO     ___FILE_ONLY___ │ 
2024-11-19 09:36:34,550 INFO     ___FILE_ONLY___ gcloud cli dependencies (Platform Specific)        
2024-11-19 09:36:34,550 INFO     ___FILE_ONLY___  
2024-11-19 09:36:34,550 INFO     ___FILE_ONLY___ │ 
2024-11-19 09:36:34,550 INFO     ___FILE_ONLY___ 2021.04.16
2024-11-19 09:36:34,550 INFO     ___FILE_ONLY___  
2024-11-19 09:36:34,550 INFO     ___FILE_ONLY___ │ 
2024-11-19 09:36:34,550 INFO     ___FILE_ONLY___  < 1 MiB
2024-11-19 09:36:34,550 INFO     ___FILE_ONLY___  
2024-11-19 09:36:34,550 INFO     ___FILE_ONLY___ │
2024-11-19 09:36:34,551 INFO     ___FILE_ONLY___ 

2024-11-19 09:36:34,551 INFO     ___FILE_ONLY___ │ 
2024-11-19 09:36:34,551 INFO     ___FILE_ONLY___ gke-gcloud-auth-plugin (Platform Specific)         
2024-11-19 09:36:34,551 INFO     ___FILE_ONLY___  
2024-11-19 09:36:34,551 INFO     ___FILE_ONLY___ │ 
2024-11-19 09:36:34,551 INFO     ___FILE_ONLY___      0.5.9
2024-11-19 09:36:34,551 INFO     ___FILE_ONLY___  
2024-11-19 09:36:34,551 INFO     ___FILE_ONLY___ │ 
2024-11-19 09:36:34,551 INFO     ___FILE_ONLY___  4.0 MiB
2024-11-19 09:36:34,551 INFO     ___FILE_ONLY___  
2024-11-19 09:36:34,551 INFO     ___FILE_ONLY___ │
2024-11-19 09:36:34,551 INFO     ___FILE_ONLY___ 

2024-11-19 09:36:34,551 INFO     ___FILE_ONLY___ │ 
2024-11-19 09:36:34,551 INFO     ___FILE_ONLY___ kubectl                                            
2024-11-19 09:36:34,551 INFO     ___FILE_ONLY___  
2024-11-19 09:36:34,551 INFO     ___FILE_ONLY___ │ 
2024-11-19 09:36:34,551 INFO     ___FILE_ONLY___     1.30.5
2024-11-19 09:36:34,551 INFO     ___FILE_ONLY___  
2024-11-19 09:36:34,551 INFO     ___FILE_ONLY___ │ 
2024-11-19 09:36:34,551 INFO     ___FILE_ONLY___  < 1 MiB
2024-11-19 09:36:34,551 INFO     ___FILE_ONLY___  
2024-11-19 09:36:34,551 INFO     ___FILE_ONLY___ │
2024-11-19 09:36:34,551 INFO     ___FILE_ONLY___ 

2024-11-19 09:36:34,551 INFO     ___FILE_ONLY___ │ 
2024-11-19 09:36:34,551 INFO     ___FILE_ONLY___ kubectl (Platform Specific)                        
2024-11-19 09:36:34,551 INFO     ___FILE_ONLY___  
2024-11-19 09:36:34,551 INFO     ___FILE_ONLY___ │ 
2024-11-19 09:36:34,551 INFO     ___FILE_ONLY___     1.30.6
2024-11-19 09:36:34,551 INFO     ___FILE_ONLY___  
2024-11-19 09:36:34,551 INFO     ___FILE_ONLY___ │ 
2024-11-19 09:36:34,551 INFO     ___FILE_ONLY___ 86.1 MiB
2024-11-19 09:36:34,551 INFO     ___FILE_ONLY___  
2024-11-19 09:36:34,551 INFO     ___FILE_ONLY___ │
2024-11-19 09:36:34,552 INFO     ___FILE_ONLY___ 

2024-11-19 09:36:34,552 INFO     ___FILE_ONLY___ └─────────────────────────────────────────────────────┴────────────┴──────────┘
2024-11-19 09:36:34,552 INFO     ___FILE_ONLY___ 

2024-11-19 09:36:34,552 INFO     ___FILE_ONLY___ 

2024-11-19 09:36:34,553 DEBUG    urllib3.connectionpool Starting new HTTPS connection (1): dl.google.com:443
2024-11-19 09:36:34,801 DEBUG    urllib3.connectionpool https://dl.google.com:443 "GET /dl/cloudsdk/channels/rapid/RELEASE_NOTES HTTP/1.1" 200 1311270
2024-11-19 09:36:35,225 INFO     ___FILE_ONLY___ For the latest full release notes, please visit:
  https://cloud.google.com/sdk/release_notes


2024-11-19 09:36:35,225 INFO     ___FILE_ONLY___ Performing in place update...


2024-11-19 09:36:35,231 INFO     ___FILE_ONLY___ ╔════════════════════════════════════════════════════════════╗

2024-11-19 09:36:35,232 INFO     ___FILE_ONLY___ ╠═ Downloading: Google Cloud CLI Core Libraries (Platfor... ═╣

2024-11-19 09:36:35,232 INFO     ___FILE_ONLY___ ╚
2024-11-19 09:36:35,235 DEBUG    urllib3.connectionpool Starting new HTTPS connection (1): dl.google.com:443
2024-11-19 09:36:35,504 DEBUG    urllib3.connectionpool https://dl.google.com:443 "GET /dl/cloudsdk/channels/rapid/components/google-cloud-sdk-core-nix-20240830134514.tar.gz HTTP/1.1" 200 2306
2024-11-19 09:36:35,505 INFO     ___FILE_ONLY___ ════════════════════════════════════════════════════════════
2024-11-19 09:36:35,505 INFO     ___FILE_ONLY___ ╝

2024-11-19 09:36:35,515 INFO     ___FILE_ONLY___ ╔════════════════════════════════════════════════════════════╗

2024-11-19 09:36:35,516 INFO     ___FILE_ONLY___ ╠═ Downloading: Minikube                                    ═╣

2024-11-19 09:36:35,516 INFO     ___FILE_ONLY___ ╚
2024-11-19 09:36:35,516 INFO     ___FILE_ONLY___ ════════════════════════════════════════════════════════════
2024-11-19 09:36:35,516 INFO     ___FILE_ONLY___ ╝

2024-11-19 09:36:35,522 INFO     ___FILE_ONLY___ ╔════════════════════════════════════════════════════════════╗

2024-11-19 09:36:35,522 INFO     ___FILE_ONLY___ ╠═ Downloading: Minikube (Platform Specific)                ═╣

2024-11-19 09:36:35,522 INFO     ___FILE_ONLY___ ╚
2024-11-19 09:36:35,528 DEBUG    urllib3.connectionpool Starting new HTTPS connection (1): dl.google.com:443
2024-11-19 09:36:35,811 DEBUG    urllib3.connectionpool https://dl.google.com:443 "GET /dl/cloudsdk/channels/rapid/components/google-cloud-sdk-minikube-darwin-arm-20240927140238.tar.gz HTTP/1.1" 200 38981244
2024-11-19 09:36:43,674 INFO     ___FILE_ONLY___ ═
2024-11-19 09:36:43,675 INFO     ___FILE_ONLY___ ═
2024-11-19 09:36:43,675 INFO     ___FILE_ONLY___ ═
2024-11-19 09:36:43,676 INFO     ___FILE_ONLY___ ═
2024-11-19 09:36:43,676 INFO     ___FILE_ONLY___ ═
2024-11-19 09:36:43,677 INFO     ___FILE_ONLY___ ═
2024-11-19 09:36:43,677 INFO     ___FILE_ONLY___ ═
2024-11-19 09:36:43,677 INFO     ___FILE_ONLY___ ═
2024-11-19 09:36:43,678 INFO     ___FILE_ONLY___ ═
2024-11-19 09:36:43,678 INFO     ___FILE_ONLY___ ═
2024-11-19 09:36:43,679 INFO     ___FILE_ONLY___ ═
2024-11-19 09:36:43,679 INFO     ___FILE_ONLY___ ═
2024-11-19 09:36:43,679 INFO     ___FILE_ONLY___ ═
2024-11-19 09:36:43,680 INFO     ___FILE_ONLY___ ═
2024-11-19 09:36:43,680 INFO     ___FILE_ONLY___ ═
2024-11-19 09:36:43,680 INFO     ___FILE_ONLY___ ═
2024-11-19 09:36:43,681 INFO     ___FILE_ONLY___ ═
2024-11-19 09:36:43,681 INFO     ___FILE_ONLY___ ═
2024-11-19 09:36:43,681 INFO     ___FILE_ONLY___ ═
2024-11-19 09:36:43,682 INFO     ___FILE_ONLY___ ═
2024-11-19 09:36:43,682 INFO     ___FILE_ONLY___ ═
2024-11-19 09:36:43,683 INFO     ___FILE_ONLY___ ═
2024-11-19 09:36:43,683 INFO     ___FILE_ONLY___ ═
2024-11-19 09:36:43,683 INFO     ___FILE_ONLY___ ═
2024-11-19 09:36:43,684 INFO     ___FILE_ONLY___ ═
2024-11-19 09:36:43,684 INFO     ___FILE_ONLY___ ═
2024-11-19 09:36:43,684 INFO     ___FILE_ONLY___ ═
2024-11-19 09:36:43,685 INFO     ___FILE_ONLY___ ═
2024-11-19 09:36:43,685 INFO     ___FILE_ONLY___ ═
2024-11-19 09:36:43,685 INFO     ___FILE_ONLY___ ═
2024-11-19 09:36:43,686 INFO     ___FILE_ONLY___ ═
2024-11-19 09:36:43,686 INFO     ___FILE_ONLY___ ═
2024-11-19 09:36:43,686 INFO     ___FILE_ONLY___ ═
2024-11-19 09:36:43,687 INFO     ___FILE_ONLY___ ═
2024-11-19 09:36:43,687 INFO     ___FILE_ONLY___ ═
2024-11-19 09:36:43,687 INFO     ___FILE_ONLY___ ═
2024-11-19 09:36:43,688 INFO     ___FILE_ONLY___ ═
2024-11-19 09:36:43,688 INFO     ___FILE_ONLY___ ═
2024-11-19 09:36:43,689 INFO     ___FILE_ONLY___ ═
2024-11-19 09:36:43,689 INFO     ___FILE_ONLY___ ═
2024-11-19 09:36:43,689 INFO     ___FILE_ONLY___ ═
2024-11-19 09:36:43,689 INFO     ___FILE_ONLY___ ═
2024-11-19 09:36:43,690 INFO     ___FILE_ONLY___ ═
2024-11-19 09:36:43,690 INFO     ___FILE_ONLY___ ═
2024-11-19 09:36:43,690 INFO     ___FILE_ONLY___ ═
2024-11-19 09:36:43,691 INFO     ___FILE_ONLY___ ═
2024-11-19 09:36:43,691 INFO     ___FILE_ONLY___ ═
2024-11-19 09:36:43,691 INFO     ___FILE_ONLY___ ═
2024-11-19 09:36:43,692 INFO     ___FILE_ONLY___ ═
2024-11-19 09:36:43,692 INFO     ___FILE_ONLY___ ═
2024-11-19 09:36:43,692 INFO     ___FILE_ONLY___ ═
2024-11-19 09:36:43,693 INFO     ___FILE_ONLY___ ═
2024-11-19 09:36:43,693 INFO     ___FILE_ONLY___ ═
2024-11-19 09:36:43,693 INFO     ___FILE_ONLY___ ═
2024-11-19 09:36:43,694 INFO     ___FILE_ONLY___ ═
2024-11-19 09:36:43,694 INFO     ___FILE_ONLY___ ═
2024-11-19 09:36:43,694 INFO     ___FILE_ONLY___ ═
2024-11-19 09:36:43,694 INFO     ___FILE_ONLY___ ═
2024-11-19 09:36:43,695 INFO     ___FILE_ONLY___ ═
2024-11-19 09:36:43,695 INFO     ___FILE_ONLY___ ═
2024-11-19 09:36:43,695 INFO     ___FILE_ONLY___ ╝

2024-11-19 09:36:43,700 INFO     ___FILE_ONLY___ ╔════════════════════════════════════════════════════════════╗

2024-11-19 09:36:43,700 INFO     ___FILE_ONLY___ ╠═ Downloading: Skaffold                                    ═╣

2024-11-19 09:36:43,700 INFO     ___FILE_ONLY___ ╚
2024-11-19 09:36:43,701 INFO     ___FILE_ONLY___ ════════════════════════════════════════════════════════════
2024-11-19 09:36:43,701 INFO     ___FILE_ONLY___ ╝

2024-11-19 09:36:43,705 INFO     ___FILE_ONLY___ ╔════════════════════════════════════════════════════════════╗

2024-11-19 09:36:43,705 INFO     ___FILE_ONLY___ ╠═ Downloading: Skaffold (Platform Specific)                ═╣

2024-11-19 09:36:43,705 INFO     ___FILE_ONLY___ ╚
2024-11-19 09:36:43,707 DEBUG    urllib3.connectionpool Starting new HTTPS connection (1): dl.google.com:443
2024-11-19 09:36:43,988 DEBUG    urllib3.connectionpool https://dl.google.com:443 "GET /dl/cloudsdk/channels/rapid/components/google-cloud-sdk-skaffold-darwin-arm-20240806142304.tar.gz HTTP/1.1" 200 24031362
2024-11-19 09:36:51,158 INFO     ___FILE_ONLY___ ═
2024-11-19 09:36:51,159 INFO     ___FILE_ONLY___ ═
2024-11-19 09:36:51,159 INFO     ___FILE_ONLY___ ═
2024-11-19 09:36:51,160 INFO     ___FILE_ONLY___ ═
2024-11-19 09:36:51,160 INFO     ___FILE_ONLY___ ═
2024-11-19 09:36:51,161 INFO     ___FILE_ONLY___ ═
2024-11-19 09:36:51,161 INFO     ___FILE_ONLY___ ═
2024-11-19 09:36:51,161 INFO     ___FILE_ONLY___ ═
2024-11-19 09:36:51,161 INFO     ___FILE_ONLY___ ═
2024-11-19 09:36:51,162 INFO     ___FILE_ONLY___ ═
2024-11-19 09:36:51,162 INFO     ___FILE_ONLY___ ═
2024-11-19 09:36:51,162 INFO     ___FILE_ONLY___ ═
2024-11-19 09:36:51,162 INFO     ___FILE_ONLY___ ═
2024-11-19 09:36:51,162 INFO     ___FILE_ONLY___ ═
2024-11-19 09:36:51,163 INFO     ___FILE_ONLY___ ═
2024-11-19 09:36:51,163 INFO     ___FILE_ONLY___ ═
2024-11-19 09:36:51,163 INFO     ___FILE_ONLY___ ═
2024-11-19 09:36:51,163 INFO     ___FILE_ONLY___ ═
2024-11-19 09:36:51,164 INFO     ___FILE_ONLY___ ═
2024-11-19 09:36:51,164 INFO     ___FILE_ONLY___ ═
2024-11-19 09:36:51,164 INFO     ___FILE_ONLY___ ═
2024-11-19 09:36:51,164 INFO     ___FILE_ONLY___ ═
2024-11-19 09:36:51,165 INFO     ___FILE_ONLY___ ═
2024-11-19 09:36:51,165 INFO     ___FILE_ONLY___ ═
2024-11-19 09:36:51,165 INFO     ___FILE_ONLY___ ═
2024-11-19 09:36:51,166 INFO     ___FILE_ONLY___ ═
2024-11-19 09:36:51,166 INFO     ___FILE_ONLY___ ═
2024-11-19 09:36:51,166 INFO     ___FILE_ONLY___ ═
2024-11-19 09:36:51,166 INFO     ___FILE_ONLY___ ═
2024-11-19 09:36:51,166 INFO     ___FILE_ONLY___ ═
2024-11-19 09:36:51,167 INFO     ___FILE_ONLY___ ═
2024-11-19 09:36:51,167 INFO     ___FILE_ONLY___ ═
2024-11-19 09:36:51,167 INFO     ___FILE_ONLY___ ═
2024-11-19 09:36:51,167 INFO     ___FILE_ONLY___ ═
2024-11-19 09:36:51,168 INFO     ___FILE_ONLY___ ═
2024-11-19 09:36:51,168 INFO     ___FILE_ONLY___ ═
2024-11-19 09:36:51,168 INFO     ___FILE_ONLY___ ═
2024-11-19 09:36:51,168 INFO     ___FILE_ONLY___ ═
2024-11-19 09:36:51,168 INFO     ___FILE_ONLY___ ═
2024-11-19 09:36:51,169 INFO     ___FILE_ONLY___ ═
2024-11-19 09:36:51,169 INFO     ___FILE_ONLY___ ═
2024-11-19 09:36:51,169 INFO     ___FILE_ONLY___ ═
2024-11-19 09:36:51,169 INFO     ___FILE_ONLY___ ═
2024-11-19 09:36:51,170 INFO     ___FILE_ONLY___ ═
2024-11-19 09:36:51,170 INFO     ___FILE_ONLY___ ═
2024-11-19 09:36:51,170 INFO     ___FILE_ONLY___ ═
2024-11-19 09:36:51,170 INFO     ___FILE_ONLY___ ═
2024-11-19 09:36:51,171 INFO     ___FILE_ONLY___ ═
2024-11-19 09:36:51,171 INFO     ___FILE_ONLY___ ═
2024-11-19 09:36:51,171 INFO     ___FILE_ONLY___ ═
2024-11-19 09:36:51,171 INFO     ___FILE_ONLY___ ═
2024-11-19 09:36:51,172 INFO     ___FILE_ONLY___ ═
2024-11-19 09:36:51,172 INFO     ___FILE_ONLY___ ═
2024-11-19 09:36:51,172 INFO     ___FILE_ONLY___ ═
2024-11-19 09:36:51,172 INFO     ___FILE_ONLY___ ═
2024-11-19 09:36:51,172 INFO     ___FILE_ONLY___ ═
2024-11-19 09:36:51,173 INFO     ___FILE_ONLY___ ═
2024-11-19 09:36:51,173 INFO     ___FILE_ONLY___ ═
2024-11-19 09:36:51,173 INFO     ___FILE_ONLY___ ═
2024-11-19 09:36:51,173 INFO     ___FILE_ONLY___ ═
2024-11-19 09:36:51,173 INFO     ___FILE_ONLY___ ╝

2024-11-19 09:36:51,179 INFO     ___FILE_ONLY___ ╔════════════════════════════════════════════════════════════╗

2024-11-19 09:36:51,179 INFO     ___FILE_ONLY___ ╠═ Downloading: gcloud Alpha Commands                       ═╣

2024-11-19 09:36:51,179 INFO     ___FILE_ONLY___ ╚
2024-11-19 09:36:51,182 DEBUG    urllib3.connectionpool Starting new HTTPS connection (1): dl.google.com:443
2024-11-19 09:36:51,424 DEBUG    urllib3.connectionpool https://dl.google.com:443 "GET /dl/cloudsdk/channels/rapid/components/google-cloud-sdk-alpha-20241108162203.tar.gz HTTP/1.1" 200 800
2024-11-19 09:36:51,426 INFO     ___FILE_ONLY___ ════════════════════════════════════════════════════════════
2024-11-19 09:36:51,426 INFO     ___FILE_ONLY___ ╝

2024-11-19 09:36:51,439 INFO     ___FILE_ONLY___ ╔════════════════════════════════════════════════════════════╗

2024-11-19 09:36:51,439 INFO     ___FILE_ONLY___ ╠═ Downloading: gcloud Beta Commands                        ═╣

2024-11-19 09:36:51,439 INFO     ___FILE_ONLY___ ╚
2024-11-19 09:36:51,442 DEBUG    urllib3.connectionpool Starting new HTTPS connection (1): dl.google.com:443
2024-11-19 09:36:51,658 DEBUG    urllib3.connectionpool https://dl.google.com:443 "GET /dl/cloudsdk/channels/rapid/components/google-cloud-sdk-beta-20241108162203.tar.gz HTTP/1.1" 200 797
2024-11-19 09:36:51,660 INFO     ___FILE_ONLY___ ════════════════════════════════════════════════════════════
2024-11-19 09:36:51,660 INFO     ___FILE_ONLY___ ╝

2024-11-19 09:36:51,669 INFO     ___FILE_ONLY___ ╔════════════════════════════════════════════════════════════╗

2024-11-19 09:36:51,670 INFO     ___FILE_ONLY___ ╠═ Downloading: gcloud cli dependencies (Platform Specific) ═╣

2024-11-19 09:36:51,670 INFO     ___FILE_ONLY___ ╚
2024-11-19 09:36:51,673 DEBUG    urllib3.connectionpool Starting new HTTPS connection (1): dl.google.com:443
2024-11-19 09:36:51,891 DEBUG    urllib3.connectionpool https://dl.google.com:443 "GET /dl/cloudsdk/channels/rapid/components/google-cloud-sdk-gcloud-deps-darwin-x86_64-20210416153011.tar.gz HTTP/1.1" 200 105
2024-11-19 09:36:51,893 INFO     ___FILE_ONLY___ ════════════════════════════════════════════════════════════
2024-11-19 09:36:51,893 INFO     ___FILE_ONLY___ ╝

2024-11-19 09:36:51,915 INFO     ___FILE_ONLY___ ╔════════════════════════════════════════════════════════════╗

2024-11-19 09:36:51,916 INFO     ___FILE_ONLY___ ╠═ Downloading: gke-gcloud-auth-plugin                      ═╣

2024-11-19 09:36:51,916 INFO     ___FILE_ONLY___ ╚
2024-11-19 09:36:51,916 INFO     ___FILE_ONLY___ ════════════════════════════════════════════════════════════
2024-11-19 09:36:51,916 INFO     ___FILE_ONLY___ ╝

2024-11-19 09:36:51,923 INFO     ___FILE_ONLY___ ╔════════════════════════════════════════════════════════════╗

2024-11-19 09:36:51,924 INFO     ___FILE_ONLY___ ╠═ Downloading: gke-gcloud-auth-plugin (Platform Specific)  ═╣

2024-11-19 09:36:51,924 INFO     ___FILE_ONLY___ ╚
2024-11-19 09:36:51,927 DEBUG    urllib3.connectionpool Starting new HTTPS connection (1): dl.google.com:443
2024-11-19 09:36:52,152 DEBUG    urllib3.connectionpool https://dl.google.com:443 "GET /dl/cloudsdk/channels/rapid/components/google-cloud-sdk-gke-gcloud-auth-plugin-darwin-arm-20240628141907.tar.gz HTTP/1.1" 200 4148014
2024-11-19 09:36:52,732 INFO     ___FILE_ONLY___ ═
2024-11-19 09:36:52,732 INFO     ___FILE_ONLY___ ═
2024-11-19 09:36:52,732 INFO     ___FILE_ONLY___ ═
2024-11-19 09:36:52,732 INFO     ___FILE_ONLY___ ═
2024-11-19 09:36:52,732 INFO     ___FILE_ONLY___ ═
2024-11-19 09:36:52,733 INFO     ___FILE_ONLY___ ═
2024-11-19 09:36:52,733 INFO     ___FILE_ONLY___ ═
2024-11-19 09:36:52,733 INFO     ___FILE_ONLY___ ═
2024-11-19 09:36:52,733 INFO     ___FILE_ONLY___ ═
2024-11-19 09:36:52,733 INFO     ___FILE_ONLY___ ═
2024-11-19 09:36:52,733 INFO     ___FILE_ONLY___ ═
2024-11-19 09:36:52,734 INFO     ___FILE_ONLY___ ═
2024-11-19 09:36:52,734 INFO     ___FILE_ONLY___ ═
2024-11-19 09:36:52,734 INFO     ___FILE_ONLY___ ═
2024-11-19 09:36:52,734 INFO     ___FILE_ONLY___ ═
2024-11-19 09:36:52,734 INFO     ___FILE_ONLY___ ═
2024-11-19 09:36:52,734 INFO     ___FILE_ONLY___ ═
2024-11-19 09:36:52,734 INFO     ___FILE_ONLY___ ═
2024-11-19 09:36:52,735 INFO     ___FILE_ONLY___ ═
2024-11-19 09:36:52,735 INFO     ___FILE_ONLY___ ═
2024-11-19 09:36:52,735 INFO     ___FILE_ONLY___ ═
2024-11-19 09:36:52,735 INFO     ___FILE_ONLY___ ═
2024-11-19 09:36:52,735 INFO     ___FILE_ONLY___ ═
2024-11-19 09:36:52,735 INFO     ___FILE_ONLY___ ═
2024-11-19 09:36:52,735 INFO     ___FILE_ONLY___ ═
2024-11-19 09:36:52,735 INFO     ___FILE_ONLY___ ═
2024-11-19 09:36:52,735 INFO     ___FILE_ONLY___ ═
2024-11-19 09:36:52,735 INFO     ___FILE_ONLY___ ═
2024-11-19 09:36:52,736 INFO     ___FILE_ONLY___ ═
2024-11-19 09:36:52,736 INFO     ___FILE_ONLY___ ═
2024-11-19 09:36:52,736 INFO     ___FILE_ONLY___ ═
2024-11-19 09:36:52,736 INFO     ___FILE_ONLY___ ═
2024-11-19 09:36:52,736 INFO     ___FILE_ONLY___ ═
2024-11-19 09:36:52,736 INFO     ___FILE_ONLY___ ═
2024-11-19 09:36:52,736 INFO     ___FILE_ONLY___ ═
2024-11-19 09:36:52,736 INFO     ___FILE_ONLY___ ═
2024-11-19 09:36:52,736 INFO     ___FILE_ONLY___ ═
2024-11-19 09:36:52,736 INFO     ___FILE_ONLY___ ═
2024-11-19 09:36:52,736 INFO     ___FILE_ONLY___ ═
2024-11-19 09:36:52,736 INFO     ___FILE_ONLY___ ═
2024-11-19 09:36:52,736 INFO     ___FILE_ONLY___ ═
2024-11-19 09:36:52,736 INFO     ___FILE_ONLY___ ═
2024-11-19 09:36:52,736 INFO     ___FILE_ONLY___ ═
2024-11-19 09:36:52,736 INFO     ___FILE_ONLY___ ═
2024-11-19 09:36:52,736 INFO     ___FILE_ONLY___ ═
2024-11-19 09:36:52,736 INFO     ___FILE_ONLY___ ═
2024-11-19 09:36:52,737 INFO     ___FILE_ONLY___ ═
2024-11-19 09:36:52,737 INFO     ___FILE_ONLY___ ═
2024-11-19 09:36:52,737 INFO     ___FILE_ONLY___ ═
2024-11-19 09:36:52,737 INFO     ___FILE_ONLY___ ═
2024-11-19 09:36:52,737 INFO     ___FILE_ONLY___ ═
2024-11-19 09:36:52,737 INFO     ___FILE_ONLY___ ═
2024-11-19 09:36:52,737 INFO     ___FILE_ONLY___ ═
2024-11-19 09:36:52,737 INFO     ___FILE_ONLY___ ═
2024-11-19 09:36:52,737 INFO     ___FILE_ONLY___ ═
2024-11-19 09:36:52,737 INFO     ___FILE_ONLY___ ═
2024-11-19 09:36:52,737 INFO     ___FILE_ONLY___ ═
2024-11-19 09:36:52,737 INFO     ___FILE_ONLY___ ═
2024-11-19 09:36:52,737 INFO     ___FILE_ONLY___ ═
2024-11-19 09:36:52,737 INFO     ___FILE_ONLY___ ═
2024-11-19 09:36:52,737 INFO     ___FILE_ONLY___ ╝

2024-11-19 09:36:52,743 INFO     ___FILE_ONLY___ ╔════════════════════════════════════════════════════════════╗

2024-11-19 09:36:52,743 INFO     ___FILE_ONLY___ ╠═ Downloading: kubectl                                     ═╣

2024-11-19 09:36:52,743 INFO     ___FILE_ONLY___ ╚
2024-11-19 09:36:52,750 DEBUG    urllib3.connectionpool Starting new HTTPS connection (1): dl.google.com:443
2024-11-19 09:36:53,010 DEBUG    urllib3.connectionpool https://dl.google.com:443 "GET /dl/cloudsdk/channels/rapid/components/google-cloud-sdk-kubectl-20241004144944.tar.gz HTTP/1.1" 200 36206
2024-11-19 09:36:53,062 INFO     ___FILE_ONLY___ ═══════════════════════════
2024-11-19 09:36:53,062 INFO     ___FILE_ONLY___ ═══════════════════════════
2024-11-19 09:36:53,062 INFO     ___FILE_ONLY___ ══════
2024-11-19 09:36:53,063 INFO     ___FILE_ONLY___ ╝

2024-11-19 09:36:53,076 INFO     ___FILE_ONLY___ ╔════════════════════════════════════════════════════════════╗

2024-11-19 09:36:53,077 INFO     ___FILE_ONLY___ ╠═ Downloading: kubectl (Platform Specific)                 ═╣

2024-11-19 09:36:53,077 INFO     ___FILE_ONLY___ ╚
2024-11-19 09:36:53,079 DEBUG    urllib3.connectionpool Starting new HTTPS connection (1): dl.google.com:443
2024-11-19 09:36:53,308 DEBUG    urllib3.connectionpool https://dl.google.com:443 "GET /dl/cloudsdk/channels/rapid/components/google-cloud-sdk-kubectl-darwin-arm-20241108162203.tar.gz HTTP/1.1" 200 90277960
2024-11-19 09:37:25,618 INFO     ___FILE_ONLY___ ═
2024-11-19 09:37:25,620 INFO     ___FILE_ONLY___ ═
2024-11-19 09:37:25,620 INFO     ___FILE_ONLY___ ═
2024-11-19 09:37:25,621 INFO     ___FILE_ONLY___ ═
2024-11-19 09:37:25,622 INFO     ___FILE_ONLY___ ═
2024-11-19 09:37:25,623 INFO     ___FILE_ONLY___ ═
2024-11-19 09:37:25,624 INFO     ___FILE_ONLY___ ═
2024-11-19 09:37:25,625 INFO     ___FILE_ONLY___ ═
2024-11-19 09:37:25,626 INFO     ___FILE_ONLY___ ═
2024-11-19 09:37:25,627 INFO     ___FILE_ONLY___ ═
2024-11-19 09:37:25,627 INFO     ___FILE_ONLY___ ═
2024-11-19 09:37:25,628 INFO     ___FILE_ONLY___ ═
2024-11-19 09:37:25,629 INFO     ___FILE_ONLY___ ═
2024-11-19 09:37:25,630 INFO     ___FILE_ONLY___ ═
2024-11-19 09:37:25,630 INFO     ___FILE_ONLY___ ═
2024-11-19 09:37:25,631 INFO     ___FILE_ONLY___ ═
2024-11-19 09:37:25,632 INFO     ___FILE_ONLY___ ═
2024-11-19 09:37:25,633 INFO     ___FILE_ONLY___ ═
2024-11-19 09:37:25,634 INFO     ___FILE_ONLY___ ═
2024-11-19 09:37:25,634 INFO     ___FILE_ONLY___ ═
2024-11-19 09:37:25,635 INFO     ___FILE_ONLY___ ═
2024-11-19 09:37:25,635 INFO     ___FILE_ONLY___ ═
2024-11-19 09:37:25,637 INFO     ___FILE_ONLY___ ═
2024-11-19 09:37:25,637 INFO     ___FILE_ONLY___ ═
2024-11-19 09:37:25,638 INFO     ___FILE_ONLY___ ═
2024-11-19 09:37:25,639 INFO     ___FILE_ONLY___ ═
2024-11-19 09:37:25,640 INFO     ___FILE_ONLY___ ═
2024-11-19 09:37:25,641 INFO     ___FILE_ONLY___ ═
2024-11-19 09:37:25,642 INFO     ___FILE_ONLY___ ═
2024-11-19 09:37:25,642 INFO     ___FILE_ONLY___ ═
2024-11-19 09:37:25,643 INFO     ___FILE_ONLY___ ═
2024-11-19 09:37:25,644 INFO     ___FILE_ONLY___ ═
2024-11-19 09:37:25,645 INFO     ___FILE_ONLY___ ═
2024-11-19 09:37:25,646 INFO     ___FILE_ONLY___ ═
2024-11-19 09:37:25,647 INFO     ___FILE_ONLY___ ═
2024-11-19 09:37:25,647 INFO     ___FILE_ONLY___ ═
2024-11-19 09:37:25,648 INFO     ___FILE_ONLY___ ═
2024-11-19 09:37:25,649 INFO     ___FILE_ONLY___ ═
2024-11-19 09:37:25,649 INFO     ___FILE_ONLY___ ═
2024-11-19 09:37:25,650 INFO     ___FILE_ONLY___ ═
2024-11-19 09:37:25,651 INFO     ___FILE_ONLY___ ═
2024-11-19 09:37:25,652 INFO     ___FILE_ONLY___ ═
2024-11-19 09:37:25,653 INFO     ___FILE_ONLY___ ═
2024-11-19 09:37:25,653 INFO     ___FILE_ONLY___ ═
2024-11-19 09:37:25,654 INFO     ___FILE_ONLY___ ═
2024-11-19 09:37:25,655 INFO     ___FILE_ONLY___ ═
2024-11-19 09:37:25,656 INFO     ___FILE_ONLY___ ═
2024-11-19 09:37:25,657 INFO     ___FILE_ONLY___ ═
2024-11-19 09:37:25,657 INFO     ___FILE_ONLY___ ═
2024-11-19 09:37:25,658 INFO     ___FILE_ONLY___ ═
2024-11-19 09:37:25,659 INFO     ___FILE_ONLY___ ═
2024-11-19 09:37:25,660 INFO     ___FILE_ONLY___ ═
2024-11-19 09:37:25,660 INFO     ___FILE_ONLY___ ═
2024-11-19 09:37:25,661 INFO     ___FILE_ONLY___ ═
2024-11-19 09:37:25,662 INFO     ___FILE_ONLY___ ═
2024-11-19 09:37:25,663 INFO     ___FILE_ONLY___ ═
2024-11-19 09:37:25,663 INFO     ___FILE_ONLY___ ═
2024-11-19 09:37:25,664 INFO     ___FILE_ONLY___ ═
2024-11-19 09:37:25,665 INFO     ___FILE_ONLY___ ═
2024-11-19 09:37:25,666 INFO     ___FILE_ONLY___ ═
2024-11-19 09:37:25,666 INFO     ___FILE_ONLY___ ╝

2024-11-19 09:37:25,848 INFO     ___FILE_ONLY___ ╔════════════════════════════════════════════════════════════╗

2024-11-19 09:37:25,848 INFO     ___FILE_ONLY___ ╠═ Installing: Google Cloud CLI Core Libraries (Platform... ═╣

2024-11-19 09:37:25,848 INFO     ___FILE_ONLY___ ╚
2024-11-19 09:37:25,857 INFO     ___FILE_ONLY___ ══════════════════════════════
2024-11-19 09:37:25,860 INFO     ___FILE_ONLY___ ══════════════════════════════
2024-11-19 09:37:25,860 INFO     ___FILE_ONLY___ ╝

2024-11-19 09:37:25,875 INFO     ___FILE_ONLY___ ╔════════════════════════════════════════════════════════════╗

2024-11-19 09:37:25,876 INFO     ___FILE_ONLY___ ╠═ Installing: Minikube                                     ═╣

2024-11-19 09:37:25,876 INFO     ___FILE_ONLY___ ╚
2024-11-19 09:37:25,881 INFO     ___FILE_ONLY___ ════════════════════════════════════════════════════════════
2024-11-19 09:37:25,881 INFO     ___FILE_ONLY___ ╝

2024-11-19 09:37:25,886 INFO     ___FILE_ONLY___ ╔════════════════════════════════════════════════════════════╗

2024-11-19 09:37:25,887 INFO     ___FILE_ONLY___ ╠═ Installing: Minikube (Platform Specific)                 ═╣

2024-11-19 09:37:25,887 INFO     ___FILE_ONLY___ ╚
2024-11-19 09:37:26,232 INFO     ___FILE_ONLY___ ════════════════════════════════════════════════════════════
2024-11-19 09:37:26,232 INFO     ___FILE_ONLY___ ╝

2024-11-19 09:37:26,242 INFO     ___FILE_ONLY___ ╔════════════════════════════════════════════════════════════╗

2024-11-19 09:37:26,242 INFO     ___FILE_ONLY___ ╠═ Installing: Skaffold                                     ═╣

2024-11-19 09:37:26,242 INFO     ___FILE_ONLY___ ╚
2024-11-19 09:37:26,244 INFO     ___FILE_ONLY___ ════════════════════════════════════════════════════════════
2024-11-19 09:37:26,244 INFO     ___FILE_ONLY___ ╝

2024-11-19 09:37:26,248 INFO     ___FILE_ONLY___ ╔════════════════════════════════════════════════════════════╗

2024-11-19 09:37:26,248 INFO     ___FILE_ONLY___ ╠═ Installing: Skaffold (Platform Specific)                 ═╣

2024-11-19 09:37:26,248 INFO     ___FILE_ONLY___ ╚
2024-11-19 09:37:26,532 INFO     ___FILE_ONLY___ ════════════════════════════════════════════════════════════
2024-11-19 09:37:26,532 INFO     ___FILE_ONLY___ ╝

2024-11-19 09:37:26,541 INFO     ___FILE_ONLY___ ╔════════════════════════════════════════════════════════════╗

2024-11-19 09:37:26,541 INFO     ___FILE_ONLY___ ╠═ Installing: gcloud Alpha Commands                        ═╣

2024-11-19 09:37:26,541 INFO     ___FILE_ONLY___ ╚
2024-11-19 09:37:26,559 INFO     ___FILE_ONLY___ ════════════════════════════════════════════════════════════
2024-11-19 09:37:26,559 INFO     ___FILE_ONLY___ ╝

2024-11-19 09:37:26,568 INFO     ___FILE_ONLY___ ╔════════════════════════════════════════════════════════════╗

2024-11-19 09:37:26,568 INFO     ___FILE_ONLY___ ╠═ Installing: gcloud Beta Commands                         ═╣

2024-11-19 09:37:26,569 INFO     ___FILE_ONLY___ ╚
2024-11-19 09:37:26,572 INFO     ___FILE_ONLY___ ════════════════════════════════════════════════════════════
2024-11-19 09:37:26,572 INFO     ___FILE_ONLY___ ╝

2024-11-19 09:37:26,580 INFO     ___FILE_ONLY___ ╔════════════════════════════════════════════════════════════╗

2024-11-19 09:37:26,580 INFO     ___FILE_ONLY___ ╠═ Installing: gcloud cli dependencies (Platform Specific)  ═╣

2024-11-19 09:37:26,580 INFO     ___FILE_ONLY___ ╚
2024-11-19 09:37:26,581 INFO     ___FILE_ONLY___ ════════════════════════════════════════════════════════════
2024-11-19 09:37:26,581 INFO     ___FILE_ONLY___ ╝

2024-11-19 09:37:26,591 INFO     ___FILE_ONLY___ ╔════════════════════════════════════════════════════════════╗

2024-11-19 09:37:26,591 INFO     ___FILE_ONLY___ ╠═ Installing: gke-gcloud-auth-plugin                       ═╣

2024-11-19 09:37:26,591 INFO     ___FILE_ONLY___ ╚
2024-11-19 09:37:26,594 INFO     ___FILE_ONLY___ ════════════════════════════════════════════════════════════
2024-11-19 09:37:26,594 INFO     ___FILE_ONLY___ ╝

2024-11-19 09:37:26,600 INFO     ___FILE_ONLY___ ╔════════════════════════════════════════════════════════════╗

2024-11-19 09:37:26,600 INFO     ___FILE_ONLY___ ╠═ Installing: gke-gcloud-auth-plugin (Platform Specific)   ═╣

2024-11-19 09:37:26,600 INFO     ___FILE_ONLY___ ╚
2024-11-19 09:37:26,651 INFO     ___FILE_ONLY___ ════════════════════════════════════════════════════════════
2024-11-19 09:37:26,651 INFO     ___FILE_ONLY___ ╝

2024-11-19 09:37:26,660 INFO     ___FILE_ONLY___ ╔════════════════════════════════════════════════════════════╗

2024-11-19 09:37:26,660 INFO     ___FILE_ONLY___ ╠═ Installing: kubectl                                      ═╣

2024-11-19 09:37:26,660 INFO     ___FILE_ONLY___ ╚
2024-11-19 09:37:26,664 INFO     ___FILE_ONLY___ ════════════════════════════════════════════════════════════
2024-11-19 09:37:26,664 INFO     ___FILE_ONLY___ ╝

2024-11-19 09:37:26,671 INFO     ___FILE_ONLY___ ╔════════════════════════════════════════════════════════════╗

2024-11-19 09:37:26,671 INFO     ___FILE_ONLY___ ╠═ Installing: kubectl (Platform Specific)                  ═╣

2024-11-19 09:37:26,672 INFO     ___FILE_ONLY___ ╚
2024-11-19 09:37:27,263 INFO     ___FILE_ONLY___ ══════════
2024-11-19 09:37:27,372 INFO     ___FILE_ONLY___ ══════════
2024-11-19 09:37:27,480 INFO     ___FILE_ONLY___ ══════════
2024-11-19 09:37:27,606 INFO     ___FILE_ONLY___ ══════════
2024-11-19 09:37:27,718 INFO     ___FILE_ONLY___ ══════════
2024-11-19 09:37:27,837 INFO     ___FILE_ONLY___ ══════════
2024-11-19 09:37:27,837 INFO     ___FILE_ONLY___ ╝

2024-11-19 09:37:27,937 DEBUG    root            Updating notification cache...
2024-11-19 09:37:27,938 INFO     ___FILE_ONLY___ 

2024-11-19 09:37:27,943 INFO     ___FILE_ONLY___ Performing post processing steps...
2024-11-19 09:37:27,944 DEBUG    root            Executing command: ['/Users/wbrunson/Library/Application Support/cloud-code/installer/google-cloud-sdk/bin/gcloud', 'components', 'post-process', '--no-compile-python']
2024-11-19 09:37:29,103 DEBUG    ___FILE_ONLY___ 
2024-11-19 09:37:29,103 DEBUG    ___FILE_ONLY___ 
2024-11-19 09:37:29,216 INFO     ___FILE_ONLY___ 
Update done!


2024-11-19 09:37:29,218 DEBUG    root            Chosen display Format:none
2024-11-19 09:37:29,218 INFO     root            Display format: "none"
2024-11-19 09:37:29,221 DEBUG    root            Executing command: ['curl', '--silent', '-O', 'https://dl.google.com/dl/cloudsdk/channels/rapid/python-3.11.6-macos11.tar.gz']
2024-11-19 09:37:39,336 DEBUG    root            Executing command: ['tar', '-xf', 'python-3.11.6-macos11.tar.gz']
2024-11-19 09:37:39,411 DEBUG    root            Executing command: ['sudo', 'installer', '-target', '/', '-pkg', './python-3.11.6-macos11.pkg']
