2024-11-26 11:57:06,033 DEBUG    root            Metrics collector initialized...
2024-11-26 11:57:06,034 DEBUG    root            Loaded Command Group: ['gcloud', 'components']
2024-11-26 11:57:06,036 DEBUG    root            Loaded Command Group: ['gcloud', 'components', 'update']
2024-11-26 11:57:06,037 DEBUG    root            Running [gcloud.components.update] with arguments: [--no-compile-python: "False", --quiet: "True", COMPONENT-IDS:6: "['alpha', 'beta', 'gke-gcloud-auth-plugin', 'kubectl', 'skaffold', 'minikube']"]
2024-11-26 11:57:06,037 INFO     ___FILE_ONLY___ Beginning update. This process may take several minutes.

2024-11-26 11:57:06,049 DEBUG    urllib3.connectionpool Starting new HTTPS connection (1): dl.google.com:443
2024-11-26 11:57:06,311 DEBUG    urllib3.connectionpool https://dl.google.com:443 "GET /dl/cloudsdk/channels/rapid/components-2.json HTTP/1.1" 200 227816
2024-11-26 11:57:06,396 INFO     ___FILE_ONLY___ 

2024-11-26 11:57:06,397 INFO     ___FILE_ONLY___ 
Your current Google Cloud CLI version is: 502.0.0

2024-11-26 11:57:06,397 INFO     ___FILE_ONLY___ Installing components from version: 502.0.0

2024-11-26 11:57:06,397 INFO     ___FILE_ONLY___ 

2024-11-26 11:57:06,397 DEBUG    root            Chosen display Format:table[box,title="These components will be removed."](details.display_name:label=Name:align=left,version.version_string:label=Version:align=right,data.size.size(zero="",min=1048576):label=Size:align=right)
2024-11-26 11:57:06,398 DEBUG    root            Chosen display Format:table[box,title="These components will be updated."](details.display_name:label=Name:align=left,version.version_string:label=Version:align=right,data.size.size(zero="",min=1048576):label=Size:align=right)
2024-11-26 11:57:06,398 DEBUG    root            Chosen display Format:table[box,title="These components will be installed."](details.display_name:label=Name:align=left,version.version_string:label=Version:align=right,data.size.size(zero="",min=1048576):label=Size:align=right)
2024-11-26 11:57:06,417 INFO     ___FILE_ONLY___ ┌─────────────────────────────────────────────────────────────────────────────┐
2024-11-26 11:57:06,417 INFO     ___FILE_ONLY___ 

2024-11-26 11:57:06,417 INFO     ___FILE_ONLY___ │                     These components will be installed.                     │
2024-11-26 11:57:06,417 INFO     ___FILE_ONLY___ 

2024-11-26 11:57:06,417 INFO     ___FILE_ONLY___ ├─────────────────────────────────────────────────────┬────────────┬──────────┤
2024-11-26 11:57:06,417 INFO     ___FILE_ONLY___ 

2024-11-26 11:57:06,418 INFO     ___FILE_ONLY___ │                         Name                        │  Version   │   Size   │
2024-11-26 11:57:06,418 INFO     ___FILE_ONLY___ 

2024-11-26 11:57:06,418 INFO     ___FILE_ONLY___ ├─────────────────────────────────────────────────────┼────────────┼──────────┤
2024-11-26 11:57:06,418 INFO     ___FILE_ONLY___ 

2024-11-26 11:57:06,418 INFO     ___FILE_ONLY___ │ 
2024-11-26 11:57:06,418 INFO     ___FILE_ONLY___ Google Cloud CLI Core Libraries (Platform Specific)
2024-11-26 11:57:06,418 INFO     ___FILE_ONLY___  
2024-11-26 11:57:06,418 INFO     ___FILE_ONLY___ │ 
2024-11-26 11:57:06,418 INFO     ___FILE_ONLY___ 2024.08.30
2024-11-26 11:57:06,418 INFO     ___FILE_ONLY___  
2024-11-26 11:57:06,418 INFO     ___FILE_ONLY___ │ 
2024-11-26 11:57:06,418 INFO     ___FILE_ONLY___  < 1 MiB
2024-11-26 11:57:06,418 INFO     ___FILE_ONLY___  
2024-11-26 11:57:06,418 INFO     ___FILE_ONLY___ │
2024-11-26 11:57:06,418 INFO     ___FILE_ONLY___ 

2024-11-26 11:57:06,418 INFO     ___FILE_ONLY___ │ 
2024-11-26 11:57:06,418 INFO     ___FILE_ONLY___ Minikube (Platform Specific)                       
2024-11-26 11:57:06,418 INFO     ___FILE_ONLY___  
2024-11-26 11:57:06,418 INFO     ___FILE_ONLY___ │ 
2024-11-26 11:57:06,418 INFO     ___FILE_ONLY___     1.34.0
2024-11-26 11:57:06,418 INFO     ___FILE_ONLY___  
2024-11-26 11:57:06,418 INFO     ___FILE_ONLY___ │ 
2024-11-26 11:57:06,418 INFO     ___FILE_ONLY___ 37.2 MiB
2024-11-26 11:57:06,418 INFO     ___FILE_ONLY___  
2024-11-26 11:57:06,418 INFO     ___FILE_ONLY___ │
2024-11-26 11:57:06,418 INFO     ___FILE_ONLY___ 

2024-11-26 11:57:06,418 INFO     ___FILE_ONLY___ │ 
2024-11-26 11:57:06,418 INFO     ___FILE_ONLY___ Skaffold (Platform Specific)                       
2024-11-26 11:57:06,418 INFO     ___FILE_ONLY___  
2024-11-26 11:57:06,418 INFO     ___FILE_ONLY___ │ 
2024-11-26 11:57:06,418 INFO     ___FILE_ONLY___     2.13.1
2024-11-26 11:57:06,418 INFO     ___FILE_ONLY___  
2024-11-26 11:57:06,418 INFO     ___FILE_ONLY___ │ 
2024-11-26 11:57:06,418 INFO     ___FILE_ONLY___ 22.9 MiB
2024-11-26 11:57:06,418 INFO     ___FILE_ONLY___  
2024-11-26 11:57:06,418 INFO     ___FILE_ONLY___ │
2024-11-26 11:57:06,419 INFO     ___FILE_ONLY___ 

2024-11-26 11:57:06,419 INFO     ___FILE_ONLY___ │ 
2024-11-26 11:57:06,419 INFO     ___FILE_ONLY___ gcloud Alpha Commands                              
2024-11-26 11:57:06,419 INFO     ___FILE_ONLY___  
2024-11-26 11:57:06,419 INFO     ___FILE_ONLY___ │ 
2024-11-26 11:57:06,419 INFO     ___FILE_ONLY___ 2024.11.15
2024-11-26 11:57:06,419 INFO     ___FILE_ONLY___  
2024-11-26 11:57:06,419 INFO     ___FILE_ONLY___ │ 
2024-11-26 11:57:06,419 INFO     ___FILE_ONLY___  < 1 MiB
2024-11-26 11:57:06,419 INFO     ___FILE_ONLY___  
2024-11-26 11:57:06,419 INFO     ___FILE_ONLY___ │
2024-11-26 11:57:06,419 INFO     ___FILE_ONLY___ 

2024-11-26 11:57:06,419 INFO     ___FILE_ONLY___ │ 
2024-11-26 11:57:06,419 INFO     ___FILE_ONLY___ gcloud Beta Commands                               
2024-11-26 11:57:06,419 INFO     ___FILE_ONLY___  
2024-11-26 11:57:06,419 INFO     ___FILE_ONLY___ │ 
2024-11-26 11:57:06,419 INFO     ___FILE_ONLY___ 2024.11.15
2024-11-26 11:57:06,419 INFO     ___FILE_ONLY___  
2024-11-26 11:57:06,419 INFO     ___FILE_ONLY___ │ 
2024-11-26 11:57:06,419 INFO     ___FILE_ONLY___  < 1 MiB
2024-11-26 11:57:06,419 INFO     ___FILE_ONLY___  
2024-11-26 11:57:06,419 INFO     ___FILE_ONLY___ │
2024-11-26 11:57:06,419 INFO     ___FILE_ONLY___ 

2024-11-26 11:57:06,419 INFO     ___FILE_ONLY___ │ 
2024-11-26 11:57:06,419 INFO     ___FILE_ONLY___ gcloud cli dependencies (Platform Specific)        
2024-11-26 11:57:06,419 INFO     ___FILE_ONLY___  
2024-11-26 11:57:06,419 INFO     ___FILE_ONLY___ │ 
2024-11-26 11:57:06,419 INFO     ___FILE_ONLY___ 2021.04.16
2024-11-26 11:57:06,419 INFO     ___FILE_ONLY___  
2024-11-26 11:57:06,419 INFO     ___FILE_ONLY___ │ 
2024-11-26 11:57:06,419 INFO     ___FILE_ONLY___  < 1 MiB
2024-11-26 11:57:06,419 INFO     ___FILE_ONLY___  
2024-11-26 11:57:06,419 INFO     ___FILE_ONLY___ │
2024-11-26 11:57:06,419 INFO     ___FILE_ONLY___ 

2024-11-26 11:57:06,419 INFO     ___FILE_ONLY___ │ 
2024-11-26 11:57:06,419 INFO     ___FILE_ONLY___ gke-gcloud-auth-plugin (Platform Specific)         
2024-11-26 11:57:06,420 INFO     ___FILE_ONLY___  
2024-11-26 11:57:06,420 INFO     ___FILE_ONLY___ │ 
2024-11-26 11:57:06,420 INFO     ___FILE_ONLY___      0.5.9
2024-11-26 11:57:06,420 INFO     ___FILE_ONLY___  
2024-11-26 11:57:06,420 INFO     ___FILE_ONLY___ │ 
2024-11-26 11:57:06,420 INFO     ___FILE_ONLY___  4.0 MiB
2024-11-26 11:57:06,420 INFO     ___FILE_ONLY___  
2024-11-26 11:57:06,420 INFO     ___FILE_ONLY___ │
2024-11-26 11:57:06,420 INFO     ___FILE_ONLY___ 

2024-11-26 11:57:06,420 INFO     ___FILE_ONLY___ │ 
2024-11-26 11:57:06,420 INFO     ___FILE_ONLY___ kubectl                                            
2024-11-26 11:57:06,420 INFO     ___FILE_ONLY___  
2024-11-26 11:57:06,420 INFO     ___FILE_ONLY___ │ 
2024-11-26 11:57:06,420 INFO     ___FILE_ONLY___     1.30.5
2024-11-26 11:57:06,420 INFO     ___FILE_ONLY___  
2024-11-26 11:57:06,420 INFO     ___FILE_ONLY___ │ 
2024-11-26 11:57:06,420 INFO     ___FILE_ONLY___  < 1 MiB
2024-11-26 11:57:06,420 INFO     ___FILE_ONLY___  
2024-11-26 11:57:06,420 INFO     ___FILE_ONLY___ │
2024-11-26 11:57:06,420 INFO     ___FILE_ONLY___ 

2024-11-26 11:57:06,420 INFO     ___FILE_ONLY___ │ 
2024-11-26 11:57:06,420 INFO     ___FILE_ONLY___ kubectl (Platform Specific)                        
2024-11-26 11:57:06,420 INFO     ___FILE_ONLY___  
2024-11-26 11:57:06,420 INFO     ___FILE_ONLY___ │ 
2024-11-26 11:57:06,420 INFO     ___FILE_ONLY___     1.30.6
2024-11-26 11:57:06,420 INFO     ___FILE_ONLY___  
2024-11-26 11:57:06,420 INFO     ___FILE_ONLY___ │ 
2024-11-26 11:57:06,420 INFO     ___FILE_ONLY___ 86.1 MiB
2024-11-26 11:57:06,420 INFO     ___FILE_ONLY___  
2024-11-26 11:57:06,420 INFO     ___FILE_ONLY___ │
2024-11-26 11:57:06,420 INFO     ___FILE_ONLY___ 

2024-11-26 11:57:06,421 INFO     ___FILE_ONLY___ └─────────────────────────────────────────────────────┴────────────┴──────────┘
2024-11-26 11:57:06,421 INFO     ___FILE_ONLY___ 

2024-11-26 11:57:06,421 INFO     ___FILE_ONLY___ 

2024-11-26 11:57:06,423 DEBUG    urllib3.connectionpool Starting new HTTPS connection (1): dl.google.com:443
2024-11-26 11:57:06,626 DEBUG    urllib3.connectionpool https://dl.google.com:443 "GET /dl/cloudsdk/channels/rapid/RELEASE_NOTES HTTP/1.1" 200 1314602
2024-11-26 11:57:06,839 INFO     ___FILE_ONLY___ For the latest full release notes, please visit:
  https://cloud.google.com/sdk/release_notes


2024-11-26 11:57:06,839 INFO     ___FILE_ONLY___ Performing in place update...


2024-11-26 11:57:06,860 INFO     ___FILE_ONLY___ ╔════════════════════════════════════════════════════════════╗

2024-11-26 11:57:06,860 INFO     ___FILE_ONLY___ ╠═ Downloading: Google Cloud CLI Core Libraries (Platfor... ═╣

2024-11-26 11:57:06,860 INFO     ___FILE_ONLY___ ╚
2024-11-26 11:57:06,863 DEBUG    urllib3.connectionpool Starting new HTTPS connection (1): dl.google.com:443
2024-11-26 11:57:07,144 DEBUG    urllib3.connectionpool https://dl.google.com:443 "GET /dl/cloudsdk/channels/rapid/components/google-cloud-sdk-core-nix-20240830134514.tar.gz HTTP/1.1" 200 2306
2024-11-26 11:57:07,145 INFO     ___FILE_ONLY___ ════════════════════════════════════════════════════════════
2024-11-26 11:57:07,145 INFO     ___FILE_ONLY___ ╝

2024-11-26 11:57:07,188 INFO     ___FILE_ONLY___ ╔════════════════════════════════════════════════════════════╗

2024-11-26 11:57:07,188 INFO     ___FILE_ONLY___ ╠═ Downloading: Minikube                                    ═╣

2024-11-26 11:57:07,189 INFO     ___FILE_ONLY___ ╚
2024-11-26 11:57:07,189 INFO     ___FILE_ONLY___ ════════════════════════════════════════════════════════════
2024-11-26 11:57:07,189 INFO     ___FILE_ONLY___ ╝

2024-11-26 11:57:07,214 INFO     ___FILE_ONLY___ ╔════════════════════════════════════════════════════════════╗

2024-11-26 11:57:07,214 INFO     ___FILE_ONLY___ ╠═ Downloading: Minikube (Platform Specific)                ═╣

2024-11-26 11:57:07,214 INFO     ___FILE_ONLY___ ╚
2024-11-26 11:57:07,218 DEBUG    urllib3.connectionpool Starting new HTTPS connection (1): dl.google.com:443
2024-11-26 11:57:07,456 DEBUG    urllib3.connectionpool https://dl.google.com:443 "GET /dl/cloudsdk/channels/rapid/components/google-cloud-sdk-minikube-darwin-arm-20240927140238.tar.gz HTTP/1.1" 200 38981244
2024-11-26 11:57:13,154 INFO     ___FILE_ONLY___ ═
2024-11-26 11:57:13,155 INFO     ___FILE_ONLY___ ═
2024-11-26 11:57:13,155 INFO     ___FILE_ONLY___ ═
2024-11-26 11:57:13,155 INFO     ___FILE_ONLY___ ═
2024-11-26 11:57:13,156 INFO     ___FILE_ONLY___ ═
2024-11-26 11:57:13,156 INFO     ___FILE_ONLY___ ═
2024-11-26 11:57:13,157 INFO     ___FILE_ONLY___ ═
2024-11-26 11:57:13,157 INFO     ___FILE_ONLY___ ═
2024-11-26 11:57:13,157 INFO     ___FILE_ONLY___ ═
2024-11-26 11:57:13,157 INFO     ___FILE_ONLY___ ═
2024-11-26 11:57:13,158 INFO     ___FILE_ONLY___ ═
2024-11-26 11:57:13,158 INFO     ___FILE_ONLY___ ═
2024-11-26 11:57:13,159 INFO     ___FILE_ONLY___ ═
2024-11-26 11:57:13,160 INFO     ___FILE_ONLY___ ═
2024-11-26 11:57:13,160 INFO     ___FILE_ONLY___ ═
2024-11-26 11:57:13,161 INFO     ___FILE_ONLY___ ═
2024-11-26 11:57:13,161 INFO     ___FILE_ONLY___ ═
2024-11-26 11:57:13,162 INFO     ___FILE_ONLY___ ═
2024-11-26 11:57:13,162 INFO     ___FILE_ONLY___ ═
2024-11-26 11:57:13,163 INFO     ___FILE_ONLY___ ═
2024-11-26 11:57:13,163 INFO     ___FILE_ONLY___ ═
2024-11-26 11:57:13,164 INFO     ___FILE_ONLY___ ═
2024-11-26 11:57:13,164 INFO     ___FILE_ONLY___ ═
2024-11-26 11:57:13,164 INFO     ___FILE_ONLY___ ═
2024-11-26 11:57:13,165 INFO     ___FILE_ONLY___ ═
2024-11-26 11:57:13,165 INFO     ___FILE_ONLY___ ═
2024-11-26 11:57:13,166 INFO     ___FILE_ONLY___ ═
2024-11-26 11:57:13,166 INFO     ___FILE_ONLY___ ═
2024-11-26 11:57:13,167 INFO     ___FILE_ONLY___ ═
2024-11-26 11:57:13,167 INFO     ___FILE_ONLY___ ═
2024-11-26 11:57:13,168 INFO     ___FILE_ONLY___ ═
2024-11-26 11:57:13,168 INFO     ___FILE_ONLY___ ═
2024-11-26 11:57:13,168 INFO     ___FILE_ONLY___ ═
2024-11-26 11:57:13,169 INFO     ___FILE_ONLY___ ═
2024-11-26 11:57:13,169 INFO     ___FILE_ONLY___ ═
2024-11-26 11:57:13,169 INFO     ___FILE_ONLY___ ═
2024-11-26 11:57:13,170 INFO     ___FILE_ONLY___ ═
2024-11-26 11:57:13,170 INFO     ___FILE_ONLY___ ═
2024-11-26 11:57:13,170 INFO     ___FILE_ONLY___ ═
2024-11-26 11:57:13,171 INFO     ___FILE_ONLY___ ═
2024-11-26 11:57:13,171 INFO     ___FILE_ONLY___ ═
2024-11-26 11:57:13,171 INFO     ___FILE_ONLY___ ═
2024-11-26 11:57:13,171 INFO     ___FILE_ONLY___ ═
2024-11-26 11:57:13,172 INFO     ___FILE_ONLY___ ═
2024-11-26 11:57:13,172 INFO     ___FILE_ONLY___ ═
2024-11-26 11:57:13,172 INFO     ___FILE_ONLY___ ═
2024-11-26 11:57:13,173 INFO     ___FILE_ONLY___ ═
2024-11-26 11:57:13,173 INFO     ___FILE_ONLY___ ═
2024-11-26 11:57:13,173 INFO     ___FILE_ONLY___ ═
2024-11-26 11:57:13,173 INFO     ___FILE_ONLY___ ═
2024-11-26 11:57:13,174 INFO     ___FILE_ONLY___ ═
2024-11-26 11:57:13,174 INFO     ___FILE_ONLY___ ═
2024-11-26 11:57:13,174 INFO     ___FILE_ONLY___ ═
2024-11-26 11:57:13,175 INFO     ___FILE_ONLY___ ═
2024-11-26 11:57:13,175 INFO     ___FILE_ONLY___ ═
2024-11-26 11:57:13,175 INFO     ___FILE_ONLY___ ═
2024-11-26 11:57:13,176 INFO     ___FILE_ONLY___ ═
2024-11-26 11:57:13,176 INFO     ___FILE_ONLY___ ═
2024-11-26 11:57:13,176 INFO     ___FILE_ONLY___ ═
2024-11-26 11:57:13,177 INFO     ___FILE_ONLY___ ═
2024-11-26 11:57:13,177 INFO     ___FILE_ONLY___ ╝

2024-11-26 11:57:13,332 INFO     ___FILE_ONLY___ ╔════════════════════════════════════════════════════════════╗

2024-11-26 11:57:13,334 INFO     ___FILE_ONLY___ ╠═ Downloading: Skaffold                                    ═╣

2024-11-26 11:57:13,334 INFO     ___FILE_ONLY___ ╚
2024-11-26 11:57:13,334 INFO     ___FILE_ONLY___ ════════════════════════════════════════════════════════════
2024-11-26 11:57:13,334 INFO     ___FILE_ONLY___ ╝

2024-11-26 11:57:13,472 INFO     ___FILE_ONLY___ ╔════════════════════════════════════════════════════════════╗

2024-11-26 11:57:13,472 INFO     ___FILE_ONLY___ ╠═ Downloading: Skaffold (Platform Specific)                ═╣

2024-11-26 11:57:13,473 INFO     ___FILE_ONLY___ ╚
2024-11-26 11:57:13,478 DEBUG    urllib3.connectionpool Starting new HTTPS connection (1): dl.google.com:443
2024-11-26 11:57:14,035 DEBUG    urllib3.connectionpool https://dl.google.com:443 "GET /dl/cloudsdk/channels/rapid/components/google-cloud-sdk-skaffold-darwin-arm-20240806142304.tar.gz HTTP/1.1" 200 24031362
2024-11-26 11:57:17,756 INFO     ___FILE_ONLY___ ═
2024-11-26 11:57:17,756 INFO     ___FILE_ONLY___ ═
2024-11-26 11:57:17,756 INFO     ___FILE_ONLY___ ═
2024-11-26 11:57:17,756 INFO     ___FILE_ONLY___ ═
2024-11-26 11:57:17,757 INFO     ___FILE_ONLY___ ═
2024-11-26 11:57:17,757 INFO     ___FILE_ONLY___ ═
2024-11-26 11:57:17,757 INFO     ___FILE_ONLY___ ═
2024-11-26 11:57:17,757 INFO     ___FILE_ONLY___ ═
2024-11-26 11:57:17,757 INFO     ___FILE_ONLY___ ═
2024-11-26 11:57:17,758 INFO     ___FILE_ONLY___ ═
2024-11-26 11:57:17,758 INFO     ___FILE_ONLY___ ═
2024-11-26 11:57:17,758 INFO     ___FILE_ONLY___ ═
2024-11-26 11:57:17,759 INFO     ___FILE_ONLY___ ═
2024-11-26 11:57:17,759 INFO     ___FILE_ONLY___ ═
2024-11-26 11:57:17,760 INFO     ___FILE_ONLY___ ═
2024-11-26 11:57:17,760 INFO     ___FILE_ONLY___ ═
2024-11-26 11:57:17,760 INFO     ___FILE_ONLY___ ═
2024-11-26 11:57:17,760 INFO     ___FILE_ONLY___ ═
2024-11-26 11:57:17,761 INFO     ___FILE_ONLY___ ═
2024-11-26 11:57:17,761 INFO     ___FILE_ONLY___ ═
2024-11-26 11:57:17,761 INFO     ___FILE_ONLY___ ═
2024-11-26 11:57:17,762 INFO     ___FILE_ONLY___ ═
2024-11-26 11:57:17,762 INFO     ___FILE_ONLY___ ═
2024-11-26 11:57:17,762 INFO     ___FILE_ONLY___ ═
2024-11-26 11:57:17,762 INFO     ___FILE_ONLY___ ═
2024-11-26 11:57:17,763 INFO     ___FILE_ONLY___ ═
2024-11-26 11:57:17,763 INFO     ___FILE_ONLY___ ═
2024-11-26 11:57:17,763 INFO     ___FILE_ONLY___ ═
2024-11-26 11:57:17,763 INFO     ___FILE_ONLY___ ═
2024-11-26 11:57:17,763 INFO     ___FILE_ONLY___ ═
2024-11-26 11:57:17,764 INFO     ___FILE_ONLY___ ═
2024-11-26 11:57:17,764 INFO     ___FILE_ONLY___ ═
2024-11-26 11:57:17,764 INFO     ___FILE_ONLY___ ═
2024-11-26 11:57:17,764 INFO     ___FILE_ONLY___ ═
2024-11-26 11:57:17,765 INFO     ___FILE_ONLY___ ═
2024-11-26 11:57:17,765 INFO     ___FILE_ONLY___ ═
2024-11-26 11:57:17,765 INFO     ___FILE_ONLY___ ═
2024-11-26 11:57:17,765 INFO     ___FILE_ONLY___ ═
2024-11-26 11:57:17,765 INFO     ___FILE_ONLY___ ═
2024-11-26 11:57:17,766 INFO     ___FILE_ONLY___ ═
2024-11-26 11:57:17,766 INFO     ___FILE_ONLY___ ═
2024-11-26 11:57:17,766 INFO     ___FILE_ONLY___ ═
2024-11-26 11:57:17,767 INFO     ___FILE_ONLY___ ═
2024-11-26 11:57:17,767 INFO     ___FILE_ONLY___ ═
2024-11-26 11:57:17,767 INFO     ___FILE_ONLY___ ═
2024-11-26 11:57:17,768 INFO     ___FILE_ONLY___ ═
2024-11-26 11:57:17,768 INFO     ___FILE_ONLY___ ═
2024-11-26 11:57:17,768 INFO     ___FILE_ONLY___ ═
2024-11-26 11:57:17,768 INFO     ___FILE_ONLY___ ═
2024-11-26 11:57:17,769 INFO     ___FILE_ONLY___ ═
2024-11-26 11:57:17,769 INFO     ___FILE_ONLY___ ═
2024-11-26 11:57:17,769 INFO     ___FILE_ONLY___ ═
2024-11-26 11:57:17,769 INFO     ___FILE_ONLY___ ═
2024-11-26 11:57:17,769 INFO     ___FILE_ONLY___ ═
2024-11-26 11:57:17,770 INFO     ___FILE_ONLY___ ═
2024-11-26 11:57:17,770 INFO     ___FILE_ONLY___ ═
2024-11-26 11:57:17,770 INFO     ___FILE_ONLY___ ═
2024-11-26 11:57:17,770 INFO     ___FILE_ONLY___ ═
2024-11-26 11:57:17,770 INFO     ___FILE_ONLY___ ═
2024-11-26 11:57:17,771 INFO     ___FILE_ONLY___ ═
2024-11-26 11:57:17,771 INFO     ___FILE_ONLY___ ╝

2024-11-26 11:57:17,897 INFO     ___FILE_ONLY___ ╔════════════════════════════════════════════════════════════╗

2024-11-26 11:57:17,897 INFO     ___FILE_ONLY___ ╠═ Downloading: gcloud Alpha Commands                       ═╣

2024-11-26 11:57:17,897 INFO     ___FILE_ONLY___ ╚
2024-11-26 11:57:17,901 DEBUG    urllib3.connectionpool Starting new HTTPS connection (1): dl.google.com:443
2024-11-26 11:57:18,138 DEBUG    urllib3.connectionpool https://dl.google.com:443 "GET /dl/cloudsdk/channels/rapid/components/google-cloud-sdk-alpha-20241115154308.tar.gz HTTP/1.1" 200 800
2024-11-26 11:57:18,140 INFO     ___FILE_ONLY___ ════════════════════════════════════════════════════════════
2024-11-26 11:57:18,140 INFO     ___FILE_ONLY___ ╝

2024-11-26 11:57:18,286 INFO     ___FILE_ONLY___ ╔════════════════════════════════════════════════════════════╗

2024-11-26 11:57:18,286 INFO     ___FILE_ONLY___ ╠═ Downloading: gcloud Beta Commands                        ═╣

2024-11-26 11:57:18,286 INFO     ___FILE_ONLY___ ╚
2024-11-26 11:57:18,292 DEBUG    urllib3.connectionpool Starting new HTTPS connection (1): dl.google.com:443
2024-11-26 11:57:18,469 DEBUG    urllib3.connectionpool https://dl.google.com:443 "GET /dl/cloudsdk/channels/rapid/components/google-cloud-sdk-beta-20241115154308.tar.gz HTTP/1.1" 200 797
2024-11-26 11:57:18,470 INFO     ___FILE_ONLY___ ════════════════════════════════════════════════════════════
2024-11-26 11:57:18,470 INFO     ___FILE_ONLY___ ╝

2024-11-26 11:57:18,602 INFO     ___FILE_ONLY___ ╔════════════════════════════════════════════════════════════╗

2024-11-26 11:57:18,603 INFO     ___FILE_ONLY___ ╠═ Downloading: gcloud cli dependencies (Platform Specific) ═╣

2024-11-26 11:57:18,603 INFO     ___FILE_ONLY___ ╚
2024-11-26 11:57:18,610 DEBUG    urllib3.connectionpool Starting new HTTPS connection (1): dl.google.com:443
2024-11-26 11:57:18,779 DEBUG    urllib3.connectionpool https://dl.google.com:443 "GET /dl/cloudsdk/channels/rapid/components/google-cloud-sdk-gcloud-deps-darwin-x86_64-20210416153011.tar.gz HTTP/1.1" 200 105
2024-11-26 11:57:18,781 INFO     ___FILE_ONLY___ ════════════════════════════════════════════════════════════
2024-11-26 11:57:18,781 INFO     ___FILE_ONLY___ ╝

2024-11-26 11:57:18,934 INFO     ___FILE_ONLY___ ╔════════════════════════════════════════════════════════════╗

2024-11-26 11:57:18,935 INFO     ___FILE_ONLY___ ╠═ Downloading: gke-gcloud-auth-plugin                      ═╣

2024-11-26 11:57:18,935 INFO     ___FILE_ONLY___ ╚
2024-11-26 11:57:18,935 INFO     ___FILE_ONLY___ ════════════════════════════════════════════════════════════
2024-11-26 11:57:18,935 INFO     ___FILE_ONLY___ ╝

2024-11-26 11:57:19,078 INFO     ___FILE_ONLY___ ╔════════════════════════════════════════════════════════════╗

2024-11-26 11:57:19,079 INFO     ___FILE_ONLY___ ╠═ Downloading: gke-gcloud-auth-plugin (Platform Specific)  ═╣

2024-11-26 11:57:19,079 INFO     ___FILE_ONLY___ ╚
2024-11-26 11:57:19,088 DEBUG    urllib3.connectionpool Starting new HTTPS connection (1): dl.google.com:443
2024-11-26 11:57:19,417 DEBUG    urllib3.connectionpool https://dl.google.com:443 "GET /dl/cloudsdk/channels/rapid/components/google-cloud-sdk-gke-gcloud-auth-plugin-darwin-arm-20240628141907.tar.gz HTTP/1.1" 200 4148014
2024-11-26 11:57:19,807 INFO     ___FILE_ONLY___ ═
2024-11-26 11:57:19,808 INFO     ___FILE_ONLY___ ═
2024-11-26 11:57:19,808 INFO     ___FILE_ONLY___ ═
2024-11-26 11:57:19,808 INFO     ___FILE_ONLY___ ═
2024-11-26 11:57:19,808 INFO     ___FILE_ONLY___ ═
2024-11-26 11:57:19,808 INFO     ___FILE_ONLY___ ═
2024-11-26 11:57:19,809 INFO     ___FILE_ONLY___ ═
2024-11-26 11:57:19,809 INFO     ___FILE_ONLY___ ═
2024-11-26 11:57:19,809 INFO     ___FILE_ONLY___ ═
2024-11-26 11:57:19,810 INFO     ___FILE_ONLY___ ═
2024-11-26 11:57:19,810 INFO     ___FILE_ONLY___ ═
2024-11-26 11:57:19,810 INFO     ___FILE_ONLY___ ═
2024-11-26 11:57:19,810 INFO     ___FILE_ONLY___ ═
2024-11-26 11:57:19,810 INFO     ___FILE_ONLY___ ═
2024-11-26 11:57:19,811 INFO     ___FILE_ONLY___ ═
2024-11-26 11:57:19,811 INFO     ___FILE_ONLY___ ═
2024-11-26 11:57:19,811 INFO     ___FILE_ONLY___ ═
2024-11-26 11:57:19,811 INFO     ___FILE_ONLY___ ═
2024-11-26 11:57:19,811 INFO     ___FILE_ONLY___ ═
2024-11-26 11:57:19,811 INFO     ___FILE_ONLY___ ═
2024-11-26 11:57:19,811 INFO     ___FILE_ONLY___ ═
2024-11-26 11:57:19,812 INFO     ___FILE_ONLY___ ═
2024-11-26 11:57:19,812 INFO     ___FILE_ONLY___ ═
2024-11-26 11:57:19,812 INFO     ___FILE_ONLY___ ═
2024-11-26 11:57:19,812 INFO     ___FILE_ONLY___ ═
2024-11-26 11:57:19,812 INFO     ___FILE_ONLY___ ═
2024-11-26 11:57:19,812 INFO     ___FILE_ONLY___ ═
2024-11-26 11:57:19,812 INFO     ___FILE_ONLY___ ═
2024-11-26 11:57:19,812 INFO     ___FILE_ONLY___ ═
2024-11-26 11:57:19,812 INFO     ___FILE_ONLY___ ═
2024-11-26 11:57:19,812 INFO     ___FILE_ONLY___ ═
2024-11-26 11:57:19,812 INFO     ___FILE_ONLY___ ═
2024-11-26 11:57:19,812 INFO     ___FILE_ONLY___ ═
2024-11-26 11:57:19,812 INFO     ___FILE_ONLY___ ═
2024-11-26 11:57:19,812 INFO     ___FILE_ONLY___ ═
2024-11-26 11:57:19,812 INFO     ___FILE_ONLY___ ═
2024-11-26 11:57:19,813 INFO     ___FILE_ONLY___ ═
2024-11-26 11:57:19,813 INFO     ___FILE_ONLY___ ═
2024-11-26 11:57:19,813 INFO     ___FILE_ONLY___ ═
2024-11-26 11:57:19,813 INFO     ___FILE_ONLY___ ═
2024-11-26 11:57:19,813 INFO     ___FILE_ONLY___ ═
2024-11-26 11:57:19,813 INFO     ___FILE_ONLY___ ═
2024-11-26 11:57:19,813 INFO     ___FILE_ONLY___ ═
2024-11-26 11:57:19,813 INFO     ___FILE_ONLY___ ═
2024-11-26 11:57:19,813 INFO     ___FILE_ONLY___ ═
2024-11-26 11:57:19,813 INFO     ___FILE_ONLY___ ═
2024-11-26 11:57:19,813 INFO     ___FILE_ONLY___ ═
2024-11-26 11:57:19,813 INFO     ___FILE_ONLY___ ═
2024-11-26 11:57:19,813 INFO     ___FILE_ONLY___ ═
2024-11-26 11:57:19,813 INFO     ___FILE_ONLY___ ═
2024-11-26 11:57:19,813 INFO     ___FILE_ONLY___ ═
2024-11-26 11:57:19,813 INFO     ___FILE_ONLY___ ═
2024-11-26 11:57:19,813 INFO     ___FILE_ONLY___ ═
2024-11-26 11:57:19,814 INFO     ___FILE_ONLY___ ═
2024-11-26 11:57:19,814 INFO     ___FILE_ONLY___ ═
2024-11-26 11:57:19,814 INFO     ___FILE_ONLY___ ═
2024-11-26 11:57:19,814 INFO     ___FILE_ONLY___ ═
2024-11-26 11:57:19,814 INFO     ___FILE_ONLY___ ═
2024-11-26 11:57:19,814 INFO     ___FILE_ONLY___ ═
2024-11-26 11:57:19,814 INFO     ___FILE_ONLY___ ═
2024-11-26 11:57:19,814 INFO     ___FILE_ONLY___ ╝

2024-11-26 11:57:19,946 INFO     ___FILE_ONLY___ ╔════════════════════════════════════════════════════════════╗

2024-11-26 11:57:19,947 INFO     ___FILE_ONLY___ ╠═ Downloading: kubectl                                     ═╣

2024-11-26 11:57:19,947 INFO     ___FILE_ONLY___ ╚
2024-11-26 11:57:19,958 DEBUG    urllib3.connectionpool Starting new HTTPS connection (1): dl.google.com:443
2024-11-26 11:57:20,142 DEBUG    urllib3.connectionpool https://dl.google.com:443 "GET /dl/cloudsdk/channels/rapid/components/google-cloud-sdk-kubectl-20241004144944.tar.gz HTTP/1.1" 200 36206
2024-11-26 11:57:20,180 INFO     ___FILE_ONLY___ ═══════════════════════════
2024-11-26 11:57:20,181 INFO     ___FILE_ONLY___ ═══════════════════════════
2024-11-26 11:57:20,181 INFO     ___FILE_ONLY___ ══════
2024-11-26 11:57:20,181 INFO     ___FILE_ONLY___ ╝

2024-11-26 11:57:20,328 INFO     ___FILE_ONLY___ ╔════════════════════════════════════════════════════════════╗

2024-11-26 11:57:20,329 INFO     ___FILE_ONLY___ ╠═ Downloading: kubectl (Platform Specific)                 ═╣

2024-11-26 11:57:20,329 INFO     ___FILE_ONLY___ ╚
2024-11-26 11:57:20,333 DEBUG    urllib3.connectionpool Starting new HTTPS connection (1): dl.google.com:443
2024-11-26 11:57:20,513 DEBUG    urllib3.connectionpool https://dl.google.com:443 "GET /dl/cloudsdk/channels/rapid/components/google-cloud-sdk-kubectl-darwin-arm-20241108162203.tar.gz HTTP/1.1" 200 90277960
2024-11-26 11:57:31,930 INFO     ___FILE_ONLY___ ═
2024-11-26 11:57:31,931 INFO     ___FILE_ONLY___ ═
2024-11-26 11:57:31,931 INFO     ___FILE_ONLY___ ═
2024-11-26 11:57:31,932 INFO     ___FILE_ONLY___ ═
2024-11-26 11:57:31,933 INFO     ___FILE_ONLY___ ═
2024-11-26 11:57:31,933 INFO     ___FILE_ONLY___ ═
2024-11-26 11:57:31,934 INFO     ___FILE_ONLY___ ═
2024-11-26 11:57:31,935 INFO     ___FILE_ONLY___ ═
2024-11-26 11:57:31,935 INFO     ___FILE_ONLY___ ═
2024-11-26 11:57:31,936 INFO     ___FILE_ONLY___ ═
2024-11-26 11:57:31,937 INFO     ___FILE_ONLY___ ═
2024-11-26 11:57:31,937 INFO     ___FILE_ONLY___ ═
2024-11-26 11:57:31,938 INFO     ___FILE_ONLY___ ═
2024-11-26 11:57:31,939 INFO     ___FILE_ONLY___ ═
2024-11-26 11:57:31,939 INFO     ___FILE_ONLY___ ═
2024-11-26 11:57:31,940 INFO     ___FILE_ONLY___ ═
2024-11-26 11:57:31,941 INFO     ___FILE_ONLY___ ═
2024-11-26 11:57:31,942 INFO     ___FILE_ONLY___ ═
2024-11-26 11:57:31,942 INFO     ___FILE_ONLY___ ═
2024-11-26 11:57:31,943 INFO     ___FILE_ONLY___ ═
2024-11-26 11:57:31,944 INFO     ___FILE_ONLY___ ═
2024-11-26 11:57:31,944 INFO     ___FILE_ONLY___ ═
2024-11-26 11:57:31,945 INFO     ___FILE_ONLY___ ═
2024-11-26 11:57:31,946 INFO     ___FILE_ONLY___ ═
2024-11-26 11:57:31,946 INFO     ___FILE_ONLY___ ═
2024-11-26 11:57:31,947 INFO     ___FILE_ONLY___ ═
2024-11-26 11:57:31,948 INFO     ___FILE_ONLY___ ═
2024-11-26 11:57:31,949 INFO     ___FILE_ONLY___ ═
2024-11-26 11:57:31,950 INFO     ___FILE_ONLY___ ═
2024-11-26 11:57:31,950 INFO     ___FILE_ONLY___ ═
2024-11-26 11:57:31,951 INFO     ___FILE_ONLY___ ═
2024-11-26 11:57:31,952 INFO     ___FILE_ONLY___ ═
2024-11-26 11:57:31,953 INFO     ___FILE_ONLY___ ═
2024-11-26 11:57:31,953 INFO     ___FILE_ONLY___ ═
2024-11-26 11:57:31,954 INFO     ___FILE_ONLY___ ═
2024-11-26 11:57:31,955 INFO     ___FILE_ONLY___ ═
2024-11-26 11:57:31,956 INFO     ___FILE_ONLY___ ═
2024-11-26 11:57:31,956 INFO     ___FILE_ONLY___ ═
2024-11-26 11:57:31,957 INFO     ___FILE_ONLY___ ═
2024-11-26 11:57:31,958 INFO     ___FILE_ONLY___ ═
2024-11-26 11:57:31,959 INFO     ___FILE_ONLY___ ═
2024-11-26 11:57:31,959 INFO     ___FILE_ONLY___ ═
2024-11-26 11:57:31,960 INFO     ___FILE_ONLY___ ═
2024-11-26 11:57:31,961 INFO     ___FILE_ONLY___ ═
2024-11-26 11:57:31,962 INFO     ___FILE_ONLY___ ═
2024-11-26 11:57:31,962 INFO     ___FILE_ONLY___ ═
2024-11-26 11:57:31,963 INFO     ___FILE_ONLY___ ═
2024-11-26 11:57:31,964 INFO     ___FILE_ONLY___ ═
2024-11-26 11:57:31,964 INFO     ___FILE_ONLY___ ═
2024-11-26 11:57:31,965 INFO     ___FILE_ONLY___ ═
2024-11-26 11:57:31,966 INFO     ___FILE_ONLY___ ═
2024-11-26 11:57:31,967 INFO     ___FILE_ONLY___ ═
2024-11-26 11:57:31,967 INFO     ___FILE_ONLY___ ═
2024-11-26 11:57:31,968 INFO     ___FILE_ONLY___ ═
2024-11-26 11:57:31,969 INFO     ___FILE_ONLY___ ═
2024-11-26 11:57:31,970 INFO     ___FILE_ONLY___ ═
2024-11-26 11:57:31,970 INFO     ___FILE_ONLY___ ═
2024-11-26 11:57:31,971 INFO     ___FILE_ONLY___ ═
2024-11-26 11:57:31,972 INFO     ___FILE_ONLY___ ═
2024-11-26 11:57:31,972 INFO     ___FILE_ONLY___ ═
2024-11-26 11:57:31,972 INFO     ___FILE_ONLY___ ╝

2024-11-26 11:57:32,104 INFO     ___FILE_ONLY___ ╔════════════════════════════════════════════════════════════╗

2024-11-26 11:57:32,105 INFO     ___FILE_ONLY___ ╠═ Installing: Google Cloud CLI Core Libraries (Platform... ═╣

2024-11-26 11:57:32,105 INFO     ___FILE_ONLY___ ╚
2024-11-26 11:57:32,110 INFO     ___FILE_ONLY___ ══════════════════════════════
2024-11-26 11:57:32,110 INFO     ___FILE_ONLY___ ══════════════════════════════
2024-11-26 11:57:32,110 INFO     ___FILE_ONLY___ ╝

2024-11-26 11:57:32,241 INFO     ___FILE_ONLY___ ╔════════════════════════════════════════════════════════════╗

2024-11-26 11:57:32,241 INFO     ___FILE_ONLY___ ╠═ Installing: Minikube                                     ═╣

2024-11-26 11:57:32,242 INFO     ___FILE_ONLY___ ╚
2024-11-26 11:57:32,251 INFO     ___FILE_ONLY___ ════════════════════════════════════════════════════════════
2024-11-26 11:57:32,251 INFO     ___FILE_ONLY___ ╝

2024-11-26 11:57:32,380 INFO     ___FILE_ONLY___ ╔════════════════════════════════════════════════════════════╗

2024-11-26 11:57:32,380 INFO     ___FILE_ONLY___ ╠═ Installing: Minikube (Platform Specific)                 ═╣

2024-11-26 11:57:32,381 INFO     ___FILE_ONLY___ ╚
2024-11-26 11:57:32,730 INFO     ___FILE_ONLY___ ════════════════════════════════════════════════════════════
2024-11-26 11:57:32,730 INFO     ___FILE_ONLY___ ╝

2024-11-26 11:57:32,864 INFO     ___FILE_ONLY___ ╔════════════════════════════════════════════════════════════╗

2024-11-26 11:57:32,864 INFO     ___FILE_ONLY___ ╠═ Installing: Skaffold                                     ═╣

2024-11-26 11:57:32,864 INFO     ___FILE_ONLY___ ╚
2024-11-26 11:57:32,867 INFO     ___FILE_ONLY___ ════════════════════════════════════════════════════════════
2024-11-26 11:57:32,867 INFO     ___FILE_ONLY___ ╝

2024-11-26 11:57:32,989 INFO     ___FILE_ONLY___ ╔════════════════════════════════════════════════════════════╗

2024-11-26 11:57:32,990 INFO     ___FILE_ONLY___ ╠═ Installing: Skaffold (Platform Specific)                 ═╣

2024-11-26 11:57:32,990 INFO     ___FILE_ONLY___ ╚
2024-11-26 11:57:33,284 INFO     ___FILE_ONLY___ ════════════════════════════════════════════════════════════
2024-11-26 11:57:33,284 INFO     ___FILE_ONLY___ ╝

2024-11-26 11:57:33,408 INFO     ___FILE_ONLY___ ╔════════════════════════════════════════════════════════════╗

2024-11-26 11:57:33,408 INFO     ___FILE_ONLY___ ╠═ Installing: gcloud Alpha Commands                        ═╣

2024-11-26 11:57:33,408 INFO     ___FILE_ONLY___ ╚
2024-11-26 11:57:33,411 INFO     ___FILE_ONLY___ ════════════════════════════════════════════════════════════
2024-11-26 11:57:33,411 INFO     ___FILE_ONLY___ ╝

2024-11-26 11:57:33,542 INFO     ___FILE_ONLY___ ╔════════════════════════════════════════════════════════════╗

2024-11-26 11:57:33,543 INFO     ___FILE_ONLY___ ╠═ Installing: gcloud Beta Commands                         ═╣

2024-11-26 11:57:33,543 INFO     ___FILE_ONLY___ ╚
2024-11-26 11:57:33,551 INFO     ___FILE_ONLY___ ════════════════════════════════════════════════════════════
2024-11-26 11:57:33,551 INFO     ___FILE_ONLY___ ╝

2024-11-26 11:57:33,713 INFO     ___FILE_ONLY___ ╔════════════════════════════════════════════════════════════╗

2024-11-26 11:57:33,714 INFO     ___FILE_ONLY___ ╠═ Installing: gcloud cli dependencies (Platform Specific)  ═╣

2024-11-26 11:57:33,714 INFO     ___FILE_ONLY___ ╚
2024-11-26 11:57:33,718 INFO     ___FILE_ONLY___ ════════════════════════════════════════════════════════════
2024-11-26 11:57:33,718 INFO     ___FILE_ONLY___ ╝

2024-11-26 11:57:33,870 INFO     ___FILE_ONLY___ ╔════════════════════════════════════════════════════════════╗

2024-11-26 11:57:33,871 INFO     ___FILE_ONLY___ ╠═ Installing: gke-gcloud-auth-plugin                       ═╣

2024-11-26 11:57:33,871 INFO     ___FILE_ONLY___ ╚
2024-11-26 11:57:33,877 INFO     ___FILE_ONLY___ ════════════════════════════════════════════════════════════
2024-11-26 11:57:33,877 INFO     ___FILE_ONLY___ ╝

2024-11-26 11:57:34,001 INFO     ___FILE_ONLY___ ╔════════════════════════════════════════════════════════════╗

2024-11-26 11:57:34,002 INFO     ___FILE_ONLY___ ╠═ Installing: gke-gcloud-auth-plugin (Platform Specific)   ═╣

2024-11-26 11:57:34,002 INFO     ___FILE_ONLY___ ╚
2024-11-26 11:57:34,057 INFO     ___FILE_ONLY___ ════════════════════════════════════════════════════════════
2024-11-26 11:57:34,057 INFO     ___FILE_ONLY___ ╝

2024-11-26 11:57:34,181 INFO     ___FILE_ONLY___ ╔════════════════════════════════════════════════════════════╗

2024-11-26 11:57:34,181 INFO     ___FILE_ONLY___ ╠═ Installing: kubectl                                      ═╣

2024-11-26 11:57:34,181 INFO     ___FILE_ONLY___ ╚
2024-11-26 11:57:34,187 INFO     ___FILE_ONLY___ ════════════════════════════════════════════════════════════
2024-11-26 11:57:34,187 INFO     ___FILE_ONLY___ ╝

2024-11-26 11:57:34,320 INFO     ___FILE_ONLY___ ╔════════════════════════════════════════════════════════════╗

2024-11-26 11:57:34,321 INFO     ___FILE_ONLY___ ╠═ Installing: kubectl (Platform Specific)                  ═╣

2024-11-26 11:57:34,321 INFO     ___FILE_ONLY___ ╚
2024-11-26 11:57:34,874 INFO     ___FILE_ONLY___ ══════════
2024-11-26 11:57:34,974 INFO     ___FILE_ONLY___ ══════════
2024-11-26 11:57:35,085 INFO     ___FILE_ONLY___ ══════════
2024-11-26 11:57:35,218 INFO     ___FILE_ONLY___ ══════════
2024-11-26 11:57:35,325 INFO     ___FILE_ONLY___ ══════════
2024-11-26 11:57:35,449 INFO     ___FILE_ONLY___ ══════════
2024-11-26 11:57:35,450 INFO     ___FILE_ONLY___ ╝

2024-11-26 11:57:35,484 DEBUG    root            Updating notification cache...
2024-11-26 11:57:35,484 INFO     ___FILE_ONLY___ 

2024-11-26 11:57:35,601 INFO     ___FILE_ONLY___ Performing post processing steps...
2024-11-26 11:57:35,602 DEBUG    root            Executing command: ['/Users/wbrunson/Library/Application Support/cloud-code/installer/google-cloud-sdk/bin/gcloud', 'components', 'post-process', '--no-compile-python']
2024-11-26 11:57:37,283 DEBUG    ___FILE_ONLY___ 
2024-11-26 11:57:37,283 DEBUG    ___FILE_ONLY___ 
2024-11-26 11:57:37,395 INFO     ___FILE_ONLY___ 
Update done!


2024-11-26 11:57:39,147 WARNING  root              There are other instances of Google Cloud tools on your system PATH.
  Please remove the following to avoid confusion or accidental invocation:

  /Applications/Rancher Desktop.app/Contents/Resources/resources/darwin/bin/kuberlr

  
2024-11-26 11:57:40,798 DEBUG    root            Chosen display Format:none
2024-11-26 11:57:40,798 INFO     root            Display format: "none"
2024-11-26 11:57:40,806 DEBUG    root            Executing command: ['curl', '--silent', '-O', 'https://dl.google.com/dl/cloudsdk/channels/rapid/python-3.11.6-macos11.tar.gz']
2024-11-26 11:57:45,940 DEBUG    root            Executing command: ['tar', '-xf', 'python-3.11.6-macos11.tar.gz']
2024-11-26 11:57:46,123 DEBUG    root            Executing command: ['sudo', 'installer', '-target', '/', '-pkg', './python-3.11.6-macos11.pkg']
