2024-11-26 11:55:10,444 DEBUG    root            Metrics collector initialized...
2024-11-26 11:55:10,446 DEBUG    root            Loaded Command Group: ['gcloud', 'components']
2024-11-26 11:55:10,452 DEBUG    root            Loaded Command Group: ['gcloud', 'components', 'update']
2024-11-26 11:55:10,453 DEBUG    root            Running [gcloud.components.update] with arguments: [--no-compile-python: "False", --quiet: "True", COMPONENT-IDS:6: "['alpha', 'beta', 'gke-gcloud-auth-plugin', 'kubectl', 'skaffold', 'minikube']"]
2024-11-26 11:55:10,454 INFO     ___FILE_ONLY___ Beginning update. This process may take several minutes.

2024-11-26 11:55:10,482 DEBUG    urllib3.connectionpool Starting new HTTPS connection (1): dl.google.com:443
2024-11-26 11:55:10,704 DEBUG    urllib3.connectionpool https://dl.google.com:443 "GET /dl/cloudsdk/channels/rapid/components-2.json HTTP/1.1" 200 227816
2024-11-26 11:55:10,788 INFO     ___FILE_ONLY___ 

2024-11-26 11:55:10,788 INFO     ___FILE_ONLY___ 
Your current Google Cloud CLI version is: 502.0.0

2024-11-26 11:55:10,788 INFO     ___FILE_ONLY___ Installing components from version: 502.0.0

2024-11-26 11:55:10,788 INFO     ___FILE_ONLY___ 

2024-11-26 11:55:10,789 DEBUG    root            Chosen display Format:table[box,title="These components will be removed."](details.display_name:label=Name:align=left,version.version_string:label=Version:align=right,data.size.size(zero="",min=1048576):label=Size:align=right)
2024-11-26 11:55:10,789 DEBUG    root            Chosen display Format:table[box,title="These components will be updated."](details.display_name:label=Name:align=left,version.version_string:label=Version:align=right,data.size.size(zero="",min=1048576):label=Size:align=right)
2024-11-26 11:55:10,789 DEBUG    root            Chosen display Format:table[box,title="These components will be installed."](details.display_name:label=Name:align=left,version.version_string:label=Version:align=right,data.size.size(zero="",min=1048576):label=Size:align=right)
2024-11-26 11:55:10,852 INFO     ___FILE_ONLY___ ┌─────────────────────────────────────────────────────────────────────────────┐
2024-11-26 11:55:10,852 INFO     ___FILE_ONLY___ 

2024-11-26 11:55:10,852 INFO     ___FILE_ONLY___ │                     These components will be installed.                     │
2024-11-26 11:55:10,852 INFO     ___FILE_ONLY___ 

2024-11-26 11:55:10,852 INFO     ___FILE_ONLY___ ├─────────────────────────────────────────────────────┬────────────┬──────────┤
2024-11-26 11:55:10,852 INFO     ___FILE_ONLY___ 

2024-11-26 11:55:10,852 INFO     ___FILE_ONLY___ │                         Name                        │  Version   │   Size   │
2024-11-26 11:55:10,852 INFO     ___FILE_ONLY___ 

2024-11-26 11:55:10,852 INFO     ___FILE_ONLY___ ├─────────────────────────────────────────────────────┼────────────┼──────────┤
2024-11-26 11:55:10,852 INFO     ___FILE_ONLY___ 

2024-11-26 11:55:10,852 INFO     ___FILE_ONLY___ │ 
2024-11-26 11:55:10,852 INFO     ___FILE_ONLY___ Google Cloud CLI Core Libraries (Platform Specific)
2024-11-26 11:55:10,852 INFO     ___FILE_ONLY___  
2024-11-26 11:55:10,852 INFO     ___FILE_ONLY___ │ 
2024-11-26 11:55:10,852 INFO     ___FILE_ONLY___ 2024.08.30
2024-11-26 11:55:10,852 INFO     ___FILE_ONLY___  
2024-11-26 11:55:10,852 INFO     ___FILE_ONLY___ │ 
2024-11-26 11:55:10,852 INFO     ___FILE_ONLY___  < 1 MiB
2024-11-26 11:55:10,852 INFO     ___FILE_ONLY___  
2024-11-26 11:55:10,852 INFO     ___FILE_ONLY___ │
2024-11-26 11:55:10,852 INFO     ___FILE_ONLY___ 

2024-11-26 11:55:10,852 INFO     ___FILE_ONLY___ │ 
2024-11-26 11:55:10,853 INFO     ___FILE_ONLY___ Minikube (Platform Specific)                       
2024-11-26 11:55:10,853 INFO     ___FILE_ONLY___  
2024-11-26 11:55:10,853 INFO     ___FILE_ONLY___ │ 
2024-11-26 11:55:10,853 INFO     ___FILE_ONLY___     1.34.0
2024-11-26 11:55:10,853 INFO     ___FILE_ONLY___  
2024-11-26 11:55:10,853 INFO     ___FILE_ONLY___ │ 
2024-11-26 11:55:10,853 INFO     ___FILE_ONLY___ 37.2 MiB
2024-11-26 11:55:10,853 INFO     ___FILE_ONLY___  
2024-11-26 11:55:10,853 INFO     ___FILE_ONLY___ │
2024-11-26 11:55:10,853 INFO     ___FILE_ONLY___ 

2024-11-26 11:55:10,853 INFO     ___FILE_ONLY___ │ 
2024-11-26 11:55:10,853 INFO     ___FILE_ONLY___ Skaffold (Platform Specific)                       
2024-11-26 11:55:10,853 INFO     ___FILE_ONLY___  
2024-11-26 11:55:10,853 INFO     ___FILE_ONLY___ │ 
2024-11-26 11:55:10,853 INFO     ___FILE_ONLY___     2.13.1
2024-11-26 11:55:10,853 INFO     ___FILE_ONLY___  
2024-11-26 11:55:10,853 INFO     ___FILE_ONLY___ │ 
2024-11-26 11:55:10,853 INFO     ___FILE_ONLY___ 22.9 MiB
2024-11-26 11:55:10,853 INFO     ___FILE_ONLY___  
2024-11-26 11:55:10,853 INFO     ___FILE_ONLY___ │
2024-11-26 11:55:10,853 INFO     ___FILE_ONLY___ 

2024-11-26 11:55:10,853 INFO     ___FILE_ONLY___ │ 
2024-11-26 11:55:10,853 INFO     ___FILE_ONLY___ gcloud Alpha Commands                              
2024-11-26 11:55:10,853 INFO     ___FILE_ONLY___  
2024-11-26 11:55:10,853 INFO     ___FILE_ONLY___ │ 
2024-11-26 11:55:10,853 INFO     ___FILE_ONLY___ 2024.11.15
2024-11-26 11:55:10,853 INFO     ___FILE_ONLY___  
2024-11-26 11:55:10,853 INFO     ___FILE_ONLY___ │ 
2024-11-26 11:55:10,853 INFO     ___FILE_ONLY___  < 1 MiB
2024-11-26 11:55:10,853 INFO     ___FILE_ONLY___  
2024-11-26 11:55:10,853 INFO     ___FILE_ONLY___ │
2024-11-26 11:55:10,853 INFO     ___FILE_ONLY___ 

2024-11-26 11:55:10,853 INFO     ___FILE_ONLY___ │ 
2024-11-26 11:55:10,853 INFO     ___FILE_ONLY___ gcloud Beta Commands                               
2024-11-26 11:55:10,853 INFO     ___FILE_ONLY___  
2024-11-26 11:55:10,853 INFO     ___FILE_ONLY___ │ 
2024-11-26 11:55:10,853 INFO     ___FILE_ONLY___ 2024.11.15
2024-11-26 11:55:10,853 INFO     ___FILE_ONLY___  
2024-11-26 11:55:10,853 INFO     ___FILE_ONLY___ │ 
2024-11-26 11:55:10,853 INFO     ___FILE_ONLY___  < 1 MiB
2024-11-26 11:55:10,854 INFO     ___FILE_ONLY___  
2024-11-26 11:55:10,854 INFO     ___FILE_ONLY___ │
2024-11-26 11:55:10,854 INFO     ___FILE_ONLY___ 

2024-11-26 11:55:10,854 INFO     ___FILE_ONLY___ │ 
2024-11-26 11:55:10,854 INFO     ___FILE_ONLY___ gcloud cli dependencies (Platform Specific)        
2024-11-26 11:55:10,854 INFO     ___FILE_ONLY___  
2024-11-26 11:55:10,854 INFO     ___FILE_ONLY___ │ 
2024-11-26 11:55:10,854 INFO     ___FILE_ONLY___ 2021.04.16
2024-11-26 11:55:10,854 INFO     ___FILE_ONLY___  
2024-11-26 11:55:10,854 INFO     ___FILE_ONLY___ │ 
2024-11-26 11:55:10,854 INFO     ___FILE_ONLY___  < 1 MiB
2024-11-26 11:55:10,854 INFO     ___FILE_ONLY___  
2024-11-26 11:55:10,854 INFO     ___FILE_ONLY___ │
2024-11-26 11:55:10,854 INFO     ___FILE_ONLY___ 

2024-11-26 11:55:10,854 INFO     ___FILE_ONLY___ │ 
2024-11-26 11:55:10,854 INFO     ___FILE_ONLY___ gke-gcloud-auth-plugin (Platform Specific)         
2024-11-26 11:55:10,854 INFO     ___FILE_ONLY___  
2024-11-26 11:55:10,854 INFO     ___FILE_ONLY___ │ 
2024-11-26 11:55:10,854 INFO     ___FILE_ONLY___      0.5.9
2024-11-26 11:55:10,854 INFO     ___FILE_ONLY___  
2024-11-26 11:55:10,854 INFO     ___FILE_ONLY___ │ 
2024-11-26 11:55:10,854 INFO     ___FILE_ONLY___  4.0 MiB
2024-11-26 11:55:10,854 INFO     ___FILE_ONLY___  
2024-11-26 11:55:10,854 INFO     ___FILE_ONLY___ │
2024-11-26 11:55:10,854 INFO     ___FILE_ONLY___ 

2024-11-26 11:55:10,854 INFO     ___FILE_ONLY___ │ 
2024-11-26 11:55:10,854 INFO     ___FILE_ONLY___ kubectl                                            
2024-11-26 11:55:10,854 INFO     ___FILE_ONLY___  
2024-11-26 11:55:10,854 INFO     ___FILE_ONLY___ │ 
2024-11-26 11:55:10,854 INFO     ___FILE_ONLY___     1.30.5
2024-11-26 11:55:10,854 INFO     ___FILE_ONLY___  
2024-11-26 11:55:10,854 INFO     ___FILE_ONLY___ │ 
2024-11-26 11:55:10,854 INFO     ___FILE_ONLY___  < 1 MiB
2024-11-26 11:55:10,854 INFO     ___FILE_ONLY___  
2024-11-26 11:55:10,854 INFO     ___FILE_ONLY___ │
2024-11-26 11:55:10,854 INFO     ___FILE_ONLY___ 

2024-11-26 11:55:10,854 INFO     ___FILE_ONLY___ │ 
2024-11-26 11:55:10,854 INFO     ___FILE_ONLY___ kubectl (Platform Specific)                        
2024-11-26 11:55:10,854 INFO     ___FILE_ONLY___  
2024-11-26 11:55:10,854 INFO     ___FILE_ONLY___ │ 
2024-11-26 11:55:10,854 INFO     ___FILE_ONLY___     1.30.6
2024-11-26 11:55:10,855 INFO     ___FILE_ONLY___  
2024-11-26 11:55:10,855 INFO     ___FILE_ONLY___ │ 
2024-11-26 11:55:10,855 INFO     ___FILE_ONLY___ 86.1 MiB
2024-11-26 11:55:10,855 INFO     ___FILE_ONLY___  
2024-11-26 11:55:10,855 INFO     ___FILE_ONLY___ │
2024-11-26 11:55:10,855 INFO     ___FILE_ONLY___ 

2024-11-26 11:55:10,855 INFO     ___FILE_ONLY___ └─────────────────────────────────────────────────────┴────────────┴──────────┘
2024-11-26 11:55:10,855 INFO     ___FILE_ONLY___ 

2024-11-26 11:55:10,855 INFO     ___FILE_ONLY___ 

2024-11-26 11:55:10,857 DEBUG    urllib3.connectionpool Starting new HTTPS connection (1): dl.google.com:443
2024-11-26 11:55:11,082 DEBUG    urllib3.connectionpool https://dl.google.com:443 "GET /dl/cloudsdk/channels/rapid/RELEASE_NOTES HTTP/1.1" 200 1314602
2024-11-26 11:55:11,249 INFO     ___FILE_ONLY___ For the latest full release notes, please visit:
  https://cloud.google.com/sdk/release_notes


2024-11-26 11:55:11,250 INFO     ___FILE_ONLY___ Performing in place update...


2024-11-26 11:55:11,450 INFO     ___FILE_ONLY___ ╔════════════════════════════════════════════════════════════╗

2024-11-26 11:55:11,450 INFO     ___FILE_ONLY___ ╠═ Downloading: Google Cloud CLI Core Libraries (Platfor... ═╣

2024-11-26 11:55:11,450 INFO     ___FILE_ONLY___ ╚
2024-11-26 11:55:11,453 DEBUG    urllib3.connectionpool Starting new HTTPS connection (1): dl.google.com:443
2024-11-26 11:55:11,666 DEBUG    urllib3.connectionpool https://dl.google.com:443 "GET /dl/cloudsdk/channels/rapid/components/google-cloud-sdk-core-nix-20240830134514.tar.gz HTTP/1.1" 200 2306
2024-11-26 11:55:11,669 INFO     ___FILE_ONLY___ ════════════════════════════════════════════════════════════
2024-11-26 11:55:11,669 INFO     ___FILE_ONLY___ ╝

2024-11-26 11:55:11,865 INFO     ___FILE_ONLY___ ╔════════════════════════════════════════════════════════════╗

2024-11-26 11:55:11,865 INFO     ___FILE_ONLY___ ╠═ Downloading: Minikube                                    ═╣

2024-11-26 11:55:11,865 INFO     ___FILE_ONLY___ ╚
2024-11-26 11:55:11,866 INFO     ___FILE_ONLY___ ════════════════════════════════════════════════════════════
2024-11-26 11:55:11,866 INFO     ___FILE_ONLY___ ╝

2024-11-26 11:55:12,059 INFO     ___FILE_ONLY___ ╔════════════════════════════════════════════════════════════╗

2024-11-26 11:55:12,059 INFO     ___FILE_ONLY___ ╠═ Downloading: Minikube (Platform Specific)                ═╣

2024-11-26 11:55:12,059 INFO     ___FILE_ONLY___ ╚
2024-11-26 11:55:12,062 DEBUG    urllib3.connectionpool Starting new HTTPS connection (1): dl.google.com:443
2024-11-26 11:55:12,296 DEBUG    urllib3.connectionpool https://dl.google.com:443 "GET /dl/cloudsdk/channels/rapid/components/google-cloud-sdk-minikube-darwin-arm-20240927140238.tar.gz HTTP/1.1" 200 38981244
2024-11-26 11:55:14,527 INFO     ___FILE_ONLY___ ═
2024-11-26 11:55:14,527 INFO     ___FILE_ONLY___ ═
2024-11-26 11:55:14,527 INFO     ___FILE_ONLY___ ═
2024-11-26 11:55:14,528 INFO     ___FILE_ONLY___ ═
2024-11-26 11:55:14,528 INFO     ___FILE_ONLY___ ═
2024-11-26 11:55:14,528 INFO     ___FILE_ONLY___ ═
2024-11-26 11:55:14,528 INFO     ___FILE_ONLY___ ═
2024-11-26 11:55:14,529 INFO     ___FILE_ONLY___ ═
2024-11-26 11:55:14,529 INFO     ___FILE_ONLY___ ═
2024-11-26 11:55:14,529 INFO     ___FILE_ONLY___ ═
2024-11-26 11:55:14,530 INFO     ___FILE_ONLY___ ═
2024-11-26 11:55:14,530 INFO     ___FILE_ONLY___ ═
2024-11-26 11:55:14,530 INFO     ___FILE_ONLY___ ═
2024-11-26 11:55:14,531 INFO     ___FILE_ONLY___ ═
2024-11-26 11:55:14,531 INFO     ___FILE_ONLY___ ═
2024-11-26 11:55:14,531 INFO     ___FILE_ONLY___ ═
2024-11-26 11:55:14,532 INFO     ___FILE_ONLY___ ═
2024-11-26 11:55:14,532 INFO     ___FILE_ONLY___ ═
2024-11-26 11:55:14,532 INFO     ___FILE_ONLY___ ═
2024-11-26 11:55:14,533 INFO     ___FILE_ONLY___ ═
2024-11-26 11:55:14,533 INFO     ___FILE_ONLY___ ═
2024-11-26 11:55:14,533 INFO     ___FILE_ONLY___ ═
2024-11-26 11:55:14,533 INFO     ___FILE_ONLY___ ═
2024-11-26 11:55:14,534 INFO     ___FILE_ONLY___ ═
2024-11-26 11:55:14,534 INFO     ___FILE_ONLY___ ═
2024-11-26 11:55:14,535 INFO     ___FILE_ONLY___ ═
2024-11-26 11:55:14,535 INFO     ___FILE_ONLY___ ═
2024-11-26 11:55:14,535 INFO     ___FILE_ONLY___ ═
2024-11-26 11:55:14,535 INFO     ___FILE_ONLY___ ═
2024-11-26 11:55:14,536 INFO     ___FILE_ONLY___ ═
2024-11-26 11:55:14,536 INFO     ___FILE_ONLY___ ═
2024-11-26 11:55:14,536 INFO     ___FILE_ONLY___ ═
2024-11-26 11:55:14,537 INFO     ___FILE_ONLY___ ═
2024-11-26 11:55:14,537 INFO     ___FILE_ONLY___ ═
2024-11-26 11:55:14,537 INFO     ___FILE_ONLY___ ═
2024-11-26 11:55:14,538 INFO     ___FILE_ONLY___ ═
2024-11-26 11:55:14,538 INFO     ___FILE_ONLY___ ═
2024-11-26 11:55:14,538 INFO     ___FILE_ONLY___ ═
2024-11-26 11:55:14,539 INFO     ___FILE_ONLY___ ═
2024-11-26 11:55:14,539 INFO     ___FILE_ONLY___ ═
2024-11-26 11:55:14,539 INFO     ___FILE_ONLY___ ═
2024-11-26 11:55:14,539 INFO     ___FILE_ONLY___ ═
2024-11-26 11:55:14,540 INFO     ___FILE_ONLY___ ═
2024-11-26 11:55:14,540 INFO     ___FILE_ONLY___ ═
2024-11-26 11:55:14,540 INFO     ___FILE_ONLY___ ═
2024-11-26 11:55:14,541 INFO     ___FILE_ONLY___ ═
2024-11-26 11:55:14,541 INFO     ___FILE_ONLY___ ═
2024-11-26 11:55:14,541 INFO     ___FILE_ONLY___ ═
2024-11-26 11:55:14,541 INFO     ___FILE_ONLY___ ═
2024-11-26 11:55:14,542 INFO     ___FILE_ONLY___ ═
2024-11-26 11:55:14,542 INFO     ___FILE_ONLY___ ═
2024-11-26 11:55:14,542 INFO     ___FILE_ONLY___ ═
2024-11-26 11:55:14,543 INFO     ___FILE_ONLY___ ═
2024-11-26 11:55:14,543 INFO     ___FILE_ONLY___ ═
2024-11-26 11:55:14,543 INFO     ___FILE_ONLY___ ═
2024-11-26 11:55:14,543 INFO     ___FILE_ONLY___ ═
2024-11-26 11:55:14,544 INFO     ___FILE_ONLY___ ═
2024-11-26 11:55:14,544 INFO     ___FILE_ONLY___ ═
2024-11-26 11:55:14,544 INFO     ___FILE_ONLY___ ═
2024-11-26 11:55:14,545 INFO     ___FILE_ONLY___ ═
2024-11-26 11:55:14,545 INFO     ___FILE_ONLY___ ╝

2024-11-26 11:55:14,664 INFO     ___FILE_ONLY___ ╔════════════════════════════════════════════════════════════╗

2024-11-26 11:55:14,664 INFO     ___FILE_ONLY___ ╠═ Downloading: Skaffold                                    ═╣

2024-11-26 11:55:14,664 INFO     ___FILE_ONLY___ ╚
2024-11-26 11:55:14,664 INFO     ___FILE_ONLY___ ════════════════════════════════════════════════════════════
2024-11-26 11:55:14,664 INFO     ___FILE_ONLY___ ╝

2024-11-26 11:55:14,785 INFO     ___FILE_ONLY___ ╔════════════════════════════════════════════════════════════╗

2024-11-26 11:55:14,785 INFO     ___FILE_ONLY___ ╠═ Downloading: Skaffold (Platform Specific)                ═╣

2024-11-26 11:55:14,785 INFO     ___FILE_ONLY___ ╚
2024-11-26 11:55:14,788 DEBUG    urllib3.connectionpool Starting new HTTPS connection (1): dl.google.com:443
2024-11-26 11:55:15,006 DEBUG    urllib3.connectionpool https://dl.google.com:443 "GET /dl/cloudsdk/channels/rapid/components/google-cloud-sdk-skaffold-darwin-arm-20240806142304.tar.gz HTTP/1.1" 200 24031362
2024-11-26 11:55:17,105 INFO     ___FILE_ONLY___ ═
2024-11-26 11:55:17,105 INFO     ___FILE_ONLY___ ═
2024-11-26 11:55:17,106 INFO     ___FILE_ONLY___ ═
2024-11-26 11:55:17,106 INFO     ___FILE_ONLY___ ═
2024-11-26 11:55:17,106 INFO     ___FILE_ONLY___ ═
2024-11-26 11:55:17,106 INFO     ___FILE_ONLY___ ═
2024-11-26 11:55:17,107 INFO     ___FILE_ONLY___ ═
2024-11-26 11:55:17,107 INFO     ___FILE_ONLY___ ═
2024-11-26 11:55:17,107 INFO     ___FILE_ONLY___ ═
2024-11-26 11:55:17,108 INFO     ___FILE_ONLY___ ═
2024-11-26 11:55:17,108 INFO     ___FILE_ONLY___ ═
2024-11-26 11:55:17,108 INFO     ___FILE_ONLY___ ═
2024-11-26 11:55:17,108 INFO     ___FILE_ONLY___ ═
2024-11-26 11:55:17,109 INFO     ___FILE_ONLY___ ═
2024-11-26 11:55:17,109 INFO     ___FILE_ONLY___ ═
2024-11-26 11:55:17,109 INFO     ___FILE_ONLY___ ═
2024-11-26 11:55:17,109 INFO     ___FILE_ONLY___ ═
2024-11-26 11:55:17,109 INFO     ___FILE_ONLY___ ═
2024-11-26 11:55:17,110 INFO     ___FILE_ONLY___ ═
2024-11-26 11:55:17,110 INFO     ___FILE_ONLY___ ═
2024-11-26 11:55:17,110 INFO     ___FILE_ONLY___ ═
2024-11-26 11:55:17,111 INFO     ___FILE_ONLY___ ═
2024-11-26 11:55:17,111 INFO     ___FILE_ONLY___ ═
2024-11-26 11:55:17,111 INFO     ___FILE_ONLY___ ═
2024-11-26 11:55:17,112 INFO     ___FILE_ONLY___ ═
2024-11-26 11:55:17,112 INFO     ___FILE_ONLY___ ═
2024-11-26 11:55:17,112 INFO     ___FILE_ONLY___ ═
2024-11-26 11:55:17,112 INFO     ___FILE_ONLY___ ═
2024-11-26 11:55:17,113 INFO     ___FILE_ONLY___ ═
2024-11-26 11:55:17,113 INFO     ___FILE_ONLY___ ═
2024-11-26 11:55:17,113 INFO     ___FILE_ONLY___ ═
2024-11-26 11:55:17,113 INFO     ___FILE_ONLY___ ═
2024-11-26 11:55:17,113 INFO     ___FILE_ONLY___ ═
2024-11-26 11:55:17,114 INFO     ___FILE_ONLY___ ═
2024-11-26 11:55:17,114 INFO     ___FILE_ONLY___ ═
2024-11-26 11:55:17,114 INFO     ___FILE_ONLY___ ═
2024-11-26 11:55:17,115 INFO     ___FILE_ONLY___ ═
2024-11-26 11:55:17,115 INFO     ___FILE_ONLY___ ═
2024-11-26 11:55:17,115 INFO     ___FILE_ONLY___ ═
2024-11-26 11:55:17,115 INFO     ___FILE_ONLY___ ═
2024-11-26 11:55:17,115 INFO     ___FILE_ONLY___ ═
2024-11-26 11:55:17,116 INFO     ___FILE_ONLY___ ═
2024-11-26 11:55:17,116 INFO     ___FILE_ONLY___ ═
2024-11-26 11:55:17,116 INFO     ___FILE_ONLY___ ═
2024-11-26 11:55:17,117 INFO     ___FILE_ONLY___ ═
2024-11-26 11:55:17,117 INFO     ___FILE_ONLY___ ═
2024-11-26 11:55:17,117 INFO     ___FILE_ONLY___ ═
2024-11-26 11:55:17,117 INFO     ___FILE_ONLY___ ═
2024-11-26 11:55:17,117 INFO     ___FILE_ONLY___ ═
2024-11-26 11:55:17,118 INFO     ___FILE_ONLY___ ═
2024-11-26 11:55:17,118 INFO     ___FILE_ONLY___ ═
2024-11-26 11:55:17,118 INFO     ___FILE_ONLY___ ═
2024-11-26 11:55:17,118 INFO     ___FILE_ONLY___ ═
2024-11-26 11:55:17,118 INFO     ___FILE_ONLY___ ═
2024-11-26 11:55:17,119 INFO     ___FILE_ONLY___ ═
2024-11-26 11:55:17,119 INFO     ___FILE_ONLY___ ═
2024-11-26 11:55:17,119 INFO     ___FILE_ONLY___ ═
2024-11-26 11:55:17,119 INFO     ___FILE_ONLY___ ═
2024-11-26 11:55:17,119 INFO     ___FILE_ONLY___ ═
2024-11-26 11:55:17,120 INFO     ___FILE_ONLY___ ═
2024-11-26 11:55:17,120 INFO     ___FILE_ONLY___ ╝

2024-11-26 11:55:17,241 INFO     ___FILE_ONLY___ ╔════════════════════════════════════════════════════════════╗

2024-11-26 11:55:17,241 INFO     ___FILE_ONLY___ ╠═ Downloading: gcloud Alpha Commands                       ═╣

2024-11-26 11:55:17,242 INFO     ___FILE_ONLY___ ╚
2024-11-26 11:55:17,244 DEBUG    urllib3.connectionpool Starting new HTTPS connection (1): dl.google.com:443
2024-11-26 11:55:17,483 DEBUG    urllib3.connectionpool https://dl.google.com:443 "GET /dl/cloudsdk/channels/rapid/components/google-cloud-sdk-alpha-20241115154308.tar.gz HTTP/1.1" 200 800
2024-11-26 11:55:17,484 INFO     ___FILE_ONLY___ ════════════════════════════════════════════════════════════
2024-11-26 11:55:17,484 INFO     ___FILE_ONLY___ ╝

2024-11-26 11:55:17,610 INFO     ___FILE_ONLY___ ╔════════════════════════════════════════════════════════════╗

2024-11-26 11:55:17,610 INFO     ___FILE_ONLY___ ╠═ Downloading: gcloud Beta Commands                        ═╣

2024-11-26 11:55:17,610 INFO     ___FILE_ONLY___ ╚
2024-11-26 11:55:17,612 DEBUG    urllib3.connectionpool Starting new HTTPS connection (1): dl.google.com:443
2024-11-26 11:55:17,870 DEBUG    urllib3.connectionpool https://dl.google.com:443 "GET /dl/cloudsdk/channels/rapid/components/google-cloud-sdk-beta-20241115154308.tar.gz HTTP/1.1" 200 797
2024-11-26 11:55:17,871 INFO     ___FILE_ONLY___ ════════════════════════════════════════════════════════════
2024-11-26 11:55:17,871 INFO     ___FILE_ONLY___ ╝

2024-11-26 11:55:18,005 INFO     ___FILE_ONLY___ ╔════════════════════════════════════════════════════════════╗

2024-11-26 11:55:18,006 INFO     ___FILE_ONLY___ ╠═ Downloading: gcloud cli dependencies (Platform Specific) ═╣

2024-11-26 11:55:18,006 INFO     ___FILE_ONLY___ ╚
2024-11-26 11:55:18,011 DEBUG    urllib3.connectionpool Starting new HTTPS connection (1): dl.google.com:443
2024-11-26 11:55:18,210 DEBUG    urllib3.connectionpool https://dl.google.com:443 "GET /dl/cloudsdk/channels/rapid/components/google-cloud-sdk-gcloud-deps-darwin-x86_64-20210416153011.tar.gz HTTP/1.1" 200 105
2024-11-26 11:55:18,211 INFO     ___FILE_ONLY___ ════════════════════════════════════════════════════════════
2024-11-26 11:55:18,211 INFO     ___FILE_ONLY___ ╝

2024-11-26 11:55:18,335 INFO     ___FILE_ONLY___ ╔════════════════════════════════════════════════════════════╗

2024-11-26 11:55:18,336 INFO     ___FILE_ONLY___ ╠═ Downloading: gke-gcloud-auth-plugin                      ═╣

2024-11-26 11:55:18,336 INFO     ___FILE_ONLY___ ╚
2024-11-26 11:55:18,336 INFO     ___FILE_ONLY___ ════════════════════════════════════════════════════════════
2024-11-26 11:55:18,336 INFO     ___FILE_ONLY___ ╝

2024-11-26 11:55:18,453 INFO     ___FILE_ONLY___ ╔════════════════════════════════════════════════════════════╗

2024-11-26 11:55:18,453 INFO     ___FILE_ONLY___ ╠═ Downloading: gke-gcloud-auth-plugin (Platform Specific)  ═╣

2024-11-26 11:55:18,453 INFO     ___FILE_ONLY___ ╚
2024-11-26 11:55:18,456 DEBUG    urllib3.connectionpool Starting new HTTPS connection (1): dl.google.com:443
2024-11-26 11:55:18,642 DEBUG    urllib3.connectionpool https://dl.google.com:443 "GET /dl/cloudsdk/channels/rapid/components/google-cloud-sdk-gke-gcloud-auth-plugin-darwin-arm-20240628141907.tar.gz HTTP/1.1" 200 4148014
2024-11-26 11:55:19,007 INFO     ___FILE_ONLY___ ═
2024-11-26 11:55:19,007 INFO     ___FILE_ONLY___ ═
2024-11-26 11:55:19,007 INFO     ___FILE_ONLY___ ═
2024-11-26 11:55:19,007 INFO     ___FILE_ONLY___ ═
2024-11-26 11:55:19,008 INFO     ___FILE_ONLY___ ═
2024-11-26 11:55:19,008 INFO     ___FILE_ONLY___ ═
2024-11-26 11:55:19,008 INFO     ___FILE_ONLY___ ═
2024-11-26 11:55:19,008 INFO     ___FILE_ONLY___ ═
2024-11-26 11:55:19,008 INFO     ___FILE_ONLY___ ═
2024-11-26 11:55:19,008 INFO     ___FILE_ONLY___ ═
2024-11-26 11:55:19,008 INFO     ___FILE_ONLY___ ═
2024-11-26 11:55:19,008 INFO     ___FILE_ONLY___ ═
2024-11-26 11:55:19,008 INFO     ___FILE_ONLY___ ═
2024-11-26 11:55:19,008 INFO     ___FILE_ONLY___ ═
2024-11-26 11:55:19,008 INFO     ___FILE_ONLY___ ═
2024-11-26 11:55:19,008 INFO     ___FILE_ONLY___ ═
2024-11-26 11:55:19,008 INFO     ___FILE_ONLY___ ═
2024-11-26 11:55:19,008 INFO     ___FILE_ONLY___ ═
2024-11-26 11:55:19,008 INFO     ___FILE_ONLY___ ═
2024-11-26 11:55:19,008 INFO     ___FILE_ONLY___ ═
2024-11-26 11:55:19,009 INFO     ___FILE_ONLY___ ═
2024-11-26 11:55:19,009 INFO     ___FILE_ONLY___ ═
2024-11-26 11:55:19,009 INFO     ___FILE_ONLY___ ═
2024-11-26 11:55:19,009 INFO     ___FILE_ONLY___ ═
2024-11-26 11:55:19,009 INFO     ___FILE_ONLY___ ═
2024-11-26 11:55:19,009 INFO     ___FILE_ONLY___ ═
2024-11-26 11:55:19,009 INFO     ___FILE_ONLY___ ═
2024-11-26 11:55:19,009 INFO     ___FILE_ONLY___ ═
2024-11-26 11:55:19,009 INFO     ___FILE_ONLY___ ═
2024-11-26 11:55:19,009 INFO     ___FILE_ONLY___ ═
2024-11-26 11:55:19,009 INFO     ___FILE_ONLY___ ═
2024-11-26 11:55:19,009 INFO     ___FILE_ONLY___ ═
2024-11-26 11:55:19,009 INFO     ___FILE_ONLY___ ═
2024-11-26 11:55:19,009 INFO     ___FILE_ONLY___ ═
2024-11-26 11:55:19,009 INFO     ___FILE_ONLY___ ═
2024-11-26 11:55:19,009 INFO     ___FILE_ONLY___ ═
2024-11-26 11:55:19,010 INFO     ___FILE_ONLY___ ═
2024-11-26 11:55:19,010 INFO     ___FILE_ONLY___ ═
2024-11-26 11:55:19,010 INFO     ___FILE_ONLY___ ═
2024-11-26 11:55:19,010 INFO     ___FILE_ONLY___ ═
2024-11-26 11:55:19,010 INFO     ___FILE_ONLY___ ═
2024-11-26 11:55:19,010 INFO     ___FILE_ONLY___ ═
2024-11-26 11:55:19,010 INFO     ___FILE_ONLY___ ═
2024-11-26 11:55:19,010 INFO     ___FILE_ONLY___ ═
2024-11-26 11:55:19,010 INFO     ___FILE_ONLY___ ═
2024-11-26 11:55:19,010 INFO     ___FILE_ONLY___ ═
2024-11-26 11:55:19,010 INFO     ___FILE_ONLY___ ═
2024-11-26 11:55:19,010 INFO     ___FILE_ONLY___ ═
2024-11-26 11:55:19,010 INFO     ___FILE_ONLY___ ═
2024-11-26 11:55:19,010 INFO     ___FILE_ONLY___ ═
2024-11-26 11:55:19,010 INFO     ___FILE_ONLY___ ═
2024-11-26 11:55:19,010 INFO     ___FILE_ONLY___ ═
2024-11-26 11:55:19,011 INFO     ___FILE_ONLY___ ═
2024-11-26 11:55:19,011 INFO     ___FILE_ONLY___ ═
2024-11-26 11:55:19,011 INFO     ___FILE_ONLY___ ═
2024-11-26 11:55:19,011 INFO     ___FILE_ONLY___ ═
2024-11-26 11:55:19,011 INFO     ___FILE_ONLY___ ═
2024-11-26 11:55:19,011 INFO     ___FILE_ONLY___ ═
2024-11-26 11:55:19,011 INFO     ___FILE_ONLY___ ═
2024-11-26 11:55:19,011 INFO     ___FILE_ONLY___ ═
2024-11-26 11:55:19,011 INFO     ___FILE_ONLY___ ╝

2024-11-26 11:55:19,131 INFO     ___FILE_ONLY___ ╔════════════════════════════════════════════════════════════╗

2024-11-26 11:55:19,132 INFO     ___FILE_ONLY___ ╠═ Downloading: kubectl                                     ═╣

2024-11-26 11:55:19,132 INFO     ___FILE_ONLY___ ╚
2024-11-26 11:55:19,139 DEBUG    urllib3.connectionpool Starting new HTTPS connection (1): dl.google.com:443
2024-11-26 11:55:19,449 DEBUG    urllib3.connectionpool https://dl.google.com:443 "GET /dl/cloudsdk/channels/rapid/components/google-cloud-sdk-kubectl-20241004144944.tar.gz HTTP/1.1" 200 36206
2024-11-26 11:55:19,485 INFO     ___FILE_ONLY___ ═══════════════════════════
2024-11-26 11:55:19,485 INFO     ___FILE_ONLY___ ═══════════════════════════
2024-11-26 11:55:19,485 INFO     ___FILE_ONLY___ ══════
2024-11-26 11:55:19,485 INFO     ___FILE_ONLY___ ╝

2024-11-26 11:55:19,603 INFO     ___FILE_ONLY___ ╔════════════════════════════════════════════════════════════╗

2024-11-26 11:55:19,604 INFO     ___FILE_ONLY___ ╠═ Downloading: kubectl (Platform Specific)                 ═╣

2024-11-26 11:55:19,604 INFO     ___FILE_ONLY___ ╚
2024-11-26 11:55:19,607 DEBUG    urllib3.connectionpool Starting new HTTPS connection (1): dl.google.com:443
2024-11-26 11:55:19,791 DEBUG    urllib3.connectionpool https://dl.google.com:443 "GET /dl/cloudsdk/channels/rapid/components/google-cloud-sdk-kubectl-darwin-arm-20241108162203.tar.gz HTTP/1.1" 200 90277960
2024-11-26 11:55:38,070 INFO     ___FILE_ONLY___ ═
2024-11-26 11:55:38,070 INFO     ___FILE_ONLY___ ═
2024-11-26 11:55:38,071 INFO     ___FILE_ONLY___ ═
2024-11-26 11:55:38,072 INFO     ___FILE_ONLY___ ═
2024-11-26 11:55:38,072 INFO     ___FILE_ONLY___ ═
2024-11-26 11:55:38,073 INFO     ___FILE_ONLY___ ═
2024-11-26 11:55:38,074 INFO     ___FILE_ONLY___ ═
2024-11-26 11:55:38,074 INFO     ___FILE_ONLY___ ═
2024-11-26 11:55:38,075 INFO     ___FILE_ONLY___ ═
2024-11-26 11:55:38,075 INFO     ___FILE_ONLY___ ═
2024-11-26 11:55:38,076 INFO     ___FILE_ONLY___ ═
2024-11-26 11:55:38,077 INFO     ___FILE_ONLY___ ═
2024-11-26 11:55:38,077 INFO     ___FILE_ONLY___ ═
2024-11-26 11:55:38,078 INFO     ___FILE_ONLY___ ═
2024-11-26 11:55:38,079 INFO     ___FILE_ONLY___ ═
2024-11-26 11:55:38,079 INFO     ___FILE_ONLY___ ═
2024-11-26 11:55:38,080 INFO     ___FILE_ONLY___ ═
2024-11-26 11:55:38,080 INFO     ___FILE_ONLY___ ═
2024-11-26 11:55:38,081 INFO     ___FILE_ONLY___ ═
2024-11-26 11:55:38,082 INFO     ___FILE_ONLY___ ═
2024-11-26 11:55:38,082 INFO     ___FILE_ONLY___ ═
2024-11-26 11:55:38,083 INFO     ___FILE_ONLY___ ═
2024-11-26 11:55:38,084 INFO     ___FILE_ONLY___ ═
2024-11-26 11:55:38,084 INFO     ___FILE_ONLY___ ═
2024-11-26 11:55:38,085 INFO     ___FILE_ONLY___ ═
2024-11-26 11:55:38,086 INFO     ___FILE_ONLY___ ═
2024-11-26 11:55:38,086 INFO     ___FILE_ONLY___ ═
2024-11-26 11:55:38,087 INFO     ___FILE_ONLY___ ═
2024-11-26 11:55:38,088 INFO     ___FILE_ONLY___ ═
2024-11-26 11:55:38,088 INFO     ___FILE_ONLY___ ═
2024-11-26 11:55:38,089 INFO     ___FILE_ONLY___ ═
2024-11-26 11:55:38,089 INFO     ___FILE_ONLY___ ═
2024-11-26 11:55:38,090 INFO     ___FILE_ONLY___ ═
2024-11-26 11:55:38,091 INFO     ___FILE_ONLY___ ═
2024-11-26 11:55:38,092 INFO     ___FILE_ONLY___ ═
2024-11-26 11:55:38,092 INFO     ___FILE_ONLY___ ═
2024-11-26 11:55:38,093 INFO     ___FILE_ONLY___ ═
2024-11-26 11:55:38,094 INFO     ___FILE_ONLY___ ═
2024-11-26 11:55:38,094 INFO     ___FILE_ONLY___ ═
2024-11-26 11:55:38,095 INFO     ___FILE_ONLY___ ═
2024-11-26 11:55:38,096 INFO     ___FILE_ONLY___ ═
2024-11-26 11:55:38,096 INFO     ___FILE_ONLY___ ═
2024-11-26 11:55:38,097 INFO     ___FILE_ONLY___ ═
2024-11-26 11:55:38,097 INFO     ___FILE_ONLY___ ═
2024-11-26 11:55:38,098 INFO     ___FILE_ONLY___ ═
2024-11-26 11:55:38,099 INFO     ___FILE_ONLY___ ═
2024-11-26 11:55:38,099 INFO     ___FILE_ONLY___ ═
2024-11-26 11:55:38,100 INFO     ___FILE_ONLY___ ═
2024-11-26 11:55:38,101 INFO     ___FILE_ONLY___ ═
2024-11-26 11:55:38,102 INFO     ___FILE_ONLY___ ═
2024-11-26 11:55:38,102 INFO     ___FILE_ONLY___ ═
2024-11-26 11:55:38,103 INFO     ___FILE_ONLY___ ═
2024-11-26 11:55:38,103 INFO     ___FILE_ONLY___ ═
2024-11-26 11:55:38,104 INFO     ___FILE_ONLY___ ═
2024-11-26 11:55:38,105 INFO     ___FILE_ONLY___ ═
2024-11-26 11:55:38,105 INFO     ___FILE_ONLY___ ═
2024-11-26 11:55:38,106 INFO     ___FILE_ONLY___ ═
2024-11-26 11:55:38,106 INFO     ___FILE_ONLY___ ═
2024-11-26 11:55:38,107 INFO     ___FILE_ONLY___ ═
2024-11-26 11:55:38,108 INFO     ___FILE_ONLY___ ═
2024-11-26 11:55:38,108 INFO     ___FILE_ONLY___ ╝

2024-11-26 11:55:38,231 INFO     ___FILE_ONLY___ ╔════════════════════════════════════════════════════════════╗

2024-11-26 11:55:38,231 INFO     ___FILE_ONLY___ ╠═ Installing: Google Cloud CLI Core Libraries (Platform... ═╣

2024-11-26 11:55:38,231 INFO     ___FILE_ONLY___ ╚
2024-11-26 11:55:38,235 INFO     ___FILE_ONLY___ ══════════════════════════════
2024-11-26 11:55:38,235 INFO     ___FILE_ONLY___ ══════════════════════════════
2024-11-26 11:55:38,235 INFO     ___FILE_ONLY___ ╝

2024-11-26 11:55:38,363 INFO     ___FILE_ONLY___ ╔════════════════════════════════════════════════════════════╗

2024-11-26 11:55:38,363 INFO     ___FILE_ONLY___ ╠═ Installing: Minikube                                     ═╣

2024-11-26 11:55:38,363 INFO     ___FILE_ONLY___ ╚
2024-11-26 11:55:38,365 INFO     ___FILE_ONLY___ ════════════════════════════════════════════════════════════
2024-11-26 11:55:38,365 INFO     ___FILE_ONLY___ ╝

2024-11-26 11:55:38,489 INFO     ___FILE_ONLY___ ╔════════════════════════════════════════════════════════════╗

2024-11-26 11:55:38,489 INFO     ___FILE_ONLY___ ╠═ Installing: Minikube (Platform Specific)                 ═╣

2024-11-26 11:55:38,489 INFO     ___FILE_ONLY___ ╚
2024-11-26 11:55:38,834 INFO     ___FILE_ONLY___ ════════════════════════════════════════════════════════════
2024-11-26 11:55:38,834 INFO     ___FILE_ONLY___ ╝

2024-11-26 11:55:38,958 INFO     ___FILE_ONLY___ ╔════════════════════════════════════════════════════════════╗

2024-11-26 11:55:38,958 INFO     ___FILE_ONLY___ ╠═ Installing: Skaffold                                     ═╣

2024-11-26 11:55:38,958 INFO     ___FILE_ONLY___ ╚
2024-11-26 11:55:38,969 INFO     ___FILE_ONLY___ ════════════════════════════════════════════════════════════
2024-11-26 11:55:38,970 INFO     ___FILE_ONLY___ ╝

2024-11-26 11:55:39,155 INFO     ___FILE_ONLY___ ╔════════════════════════════════════════════════════════════╗

2024-11-26 11:55:39,156 INFO     ___FILE_ONLY___ ╠═ Installing: Skaffold (Platform Specific)                 ═╣

2024-11-26 11:55:39,156 INFO     ___FILE_ONLY___ ╚
2024-11-26 11:55:39,452 INFO     ___FILE_ONLY___ ════════════════════════════════════════════════════════════
2024-11-26 11:55:39,452 INFO     ___FILE_ONLY___ ╝

2024-11-26 11:55:39,582 INFO     ___FILE_ONLY___ ╔════════════════════════════════════════════════════════════╗

2024-11-26 11:55:39,582 INFO     ___FILE_ONLY___ ╠═ Installing: gcloud Alpha Commands                        ═╣

2024-11-26 11:55:39,582 INFO     ___FILE_ONLY___ ╚
2024-11-26 11:55:39,586 INFO     ___FILE_ONLY___ ════════════════════════════════════════════════════════════
2024-11-26 11:55:39,586 INFO     ___FILE_ONLY___ ╝

2024-11-26 11:55:39,717 INFO     ___FILE_ONLY___ ╔════════════════════════════════════════════════════════════╗

2024-11-26 11:55:39,717 INFO     ___FILE_ONLY___ ╠═ Installing: gcloud Beta Commands                         ═╣

2024-11-26 11:55:39,717 INFO     ___FILE_ONLY___ ╚
2024-11-26 11:55:39,719 INFO     ___FILE_ONLY___ ════════════════════════════════════════════════════════════
2024-11-26 11:55:39,719 INFO     ___FILE_ONLY___ ╝

2024-11-26 11:55:39,841 INFO     ___FILE_ONLY___ ╔════════════════════════════════════════════════════════════╗

2024-11-26 11:55:39,842 INFO     ___FILE_ONLY___ ╠═ Installing: gcloud cli dependencies (Platform Specific)  ═╣

2024-11-26 11:55:39,842 INFO     ___FILE_ONLY___ ╚
2024-11-26 11:55:39,844 INFO     ___FILE_ONLY___ ════════════════════════════════════════════════════════════
2024-11-26 11:55:39,844 INFO     ___FILE_ONLY___ ╝

2024-11-26 11:55:39,965 INFO     ___FILE_ONLY___ ╔════════════════════════════════════════════════════════════╗

2024-11-26 11:55:39,966 INFO     ___FILE_ONLY___ ╠═ Installing: gke-gcloud-auth-plugin                       ═╣

2024-11-26 11:55:39,966 INFO     ___FILE_ONLY___ ╚
2024-11-26 11:55:39,968 INFO     ___FILE_ONLY___ ════════════════════════════════════════════════════════════
2024-11-26 11:55:39,968 INFO     ___FILE_ONLY___ ╝

2024-11-26 11:55:40,095 INFO     ___FILE_ONLY___ ╔════════════════════════════════════════════════════════════╗

2024-11-26 11:55:40,095 INFO     ___FILE_ONLY___ ╠═ Installing: gke-gcloud-auth-plugin (Platform Specific)   ═╣

2024-11-26 11:55:40,095 INFO     ___FILE_ONLY___ ╚
2024-11-26 11:55:40,184 INFO     ___FILE_ONLY___ ════════════════════════════════════════════════════════════
2024-11-26 11:55:40,184 INFO     ___FILE_ONLY___ ╝

2024-11-26 11:55:40,342 INFO     ___FILE_ONLY___ ╔════════════════════════════════════════════════════════════╗

2024-11-26 11:55:40,342 INFO     ___FILE_ONLY___ ╠═ Installing: kubectl                                      ═╣

2024-11-26 11:55:40,342 INFO     ___FILE_ONLY___ ╚
2024-11-26 11:55:40,350 INFO     ___FILE_ONLY___ ════════════════════════════════════════════════════════════
2024-11-26 11:55:40,350 INFO     ___FILE_ONLY___ ╝

2024-11-26 11:55:40,502 INFO     ___FILE_ONLY___ ╔════════════════════════════════════════════════════════════╗

2024-11-26 11:55:40,503 INFO     ___FILE_ONLY___ ╠═ Installing: kubectl (Platform Specific)                  ═╣

2024-11-26 11:55:40,503 INFO     ___FILE_ONLY___ ╚
2024-11-26 11:55:41,067 INFO     ___FILE_ONLY___ ══════════
2024-11-26 11:55:41,164 INFO     ___FILE_ONLY___ ══════════
2024-11-26 11:55:41,263 INFO     ___FILE_ONLY___ ══════════
2024-11-26 11:55:41,366 INFO     ___FILE_ONLY___ ══════════
2024-11-26 11:55:41,468 INFO     ___FILE_ONLY___ ══════════
2024-11-26 11:55:41,578 INFO     ___FILE_ONLY___ ══════════
2024-11-26 11:55:41,578 INFO     ___FILE_ONLY___ ╝

2024-11-26 11:55:41,605 DEBUG    root            Updating notification cache...
2024-11-26 11:55:41,606 INFO     ___FILE_ONLY___ 

2024-11-26 11:55:41,729 INFO     ___FILE_ONLY___ Performing post processing steps...
2024-11-26 11:55:41,729 DEBUG    root            Executing command: ['/Users/wbrunson/Library/Application Support/cloud-code/installer/google-cloud-sdk/bin/gcloud', 'components', 'post-process', '--no-compile-python']
2024-11-26 11:55:43,409 DEBUG    ___FILE_ONLY___ 
2024-11-26 11:55:43,409 DEBUG    ___FILE_ONLY___ 
2024-11-26 11:55:43,521 INFO     ___FILE_ONLY___ 
Update done!


2024-11-26 11:55:45,286 WARNING  root              There are other instances of Google Cloud tools on your system PATH.
  Please remove the following to avoid confusion or accidental invocation:

  /Applications/Rancher Desktop.app/Contents/Resources/resources/darwin/bin/kuberlr

  
2024-11-26 11:55:47,002 DEBUG    root            Chosen display Format:none
2024-11-26 11:55:47,002 INFO     root            Display format: "none"
2024-11-26 11:55:47,009 DEBUG    root            Executing command: ['curl', '--silent', '-O', 'https://dl.google.com/dl/cloudsdk/channels/rapid/python-3.11.6-macos11.tar.gz']
2024-11-26 11:55:55,786 DEBUG    root            Executing command: ['tar', '-xf', 'python-3.11.6-macos11.tar.gz']
2024-11-26 11:55:55,967 DEBUG    root            Executing command: ['sudo', 'installer', '-target', '/', '-pkg', './python-3.11.6-macos11.pkg']
