2024-11-26 11:58:45,390 DEBUG    root            Metrics collector initialized...
2024-11-26 11:58:45,391 DEBUG    root            Loaded Command Group: ['gcloud', 'components']
2024-11-26 11:58:45,392 DEBUG    root            Loaded Command Group: ['gcloud', 'components', 'update']
2024-11-26 11:58:45,393 DEBUG    root            Running [gcloud.components.update] with arguments: [--no-compile-python: "False", --quiet: "True", COMPONENT-IDS:6: "['alpha', 'beta', 'gke-gcloud-auth-plugin', 'kubectl', 'skaffold', 'minikube']"]
2024-11-26 11:58:45,393 INFO     ___FILE_ONLY___ Beginning update. This process may take several minutes.

2024-11-26 11:58:45,406 DEBUG    urllib3.connectionpool Starting new HTTPS connection (1): dl.google.com:443
2024-11-26 11:58:45,950 DEBUG    urllib3.connectionpool https://dl.google.com:443 "GET /dl/cloudsdk/channels/rapid/components-2.json HTTP/1.1" 200 227816
2024-11-26 11:58:46,078 INFO     ___FILE_ONLY___ 

2024-11-26 11:58:46,080 INFO     ___FILE_ONLY___ 
Your current Google Cloud CLI version is: 502.0.0

2024-11-26 11:58:46,080 INFO     ___FILE_ONLY___ Installing components from version: 502.0.0

2024-11-26 11:58:46,080 INFO     ___FILE_ONLY___ 

2024-11-26 11:58:46,081 DEBUG    root            Chosen display Format:table[box,title="These components will be removed."](details.display_name:label=Name:align=left,version.version_string:label=Version:align=right,data.size.size(zero="",min=1048576):label=Size:align=right)
2024-11-26 11:58:46,081 DEBUG    root            Chosen display Format:table[box,title="These components will be updated."](details.display_name:label=Name:align=left,version.version_string:label=Version:align=right,data.size.size(zero="",min=1048576):label=Size:align=right)
2024-11-26 11:58:46,081 DEBUG    root            Chosen display Format:table[box,title="These components will be installed."](details.display_name:label=Name:align=left,version.version_string:label=Version:align=right,data.size.size(zero="",min=1048576):label=Size:align=right)
2024-11-26 11:58:46,099 INFO     ___FILE_ONLY___ ┌─────────────────────────────────────────────────────────────────────────────┐
2024-11-26 11:58:46,099 INFO     ___FILE_ONLY___ 

2024-11-26 11:58:46,099 INFO     ___FILE_ONLY___ │                     These components will be installed.                     │
2024-11-26 11:58:46,099 INFO     ___FILE_ONLY___ 

2024-11-26 11:58:46,099 INFO     ___FILE_ONLY___ ├─────────────────────────────────────────────────────┬────────────┬──────────┤
2024-11-26 11:58:46,099 INFO     ___FILE_ONLY___ 

2024-11-26 11:58:46,099 INFO     ___FILE_ONLY___ │                         Name                        │  Version   │   Size   │
2024-11-26 11:58:46,099 INFO     ___FILE_ONLY___ 

2024-11-26 11:58:46,099 INFO     ___FILE_ONLY___ ├─────────────────────────────────────────────────────┼────────────┼──────────┤
2024-11-26 11:58:46,099 INFO     ___FILE_ONLY___ 

2024-11-26 11:58:46,099 INFO     ___FILE_ONLY___ │ 
2024-11-26 11:58:46,099 INFO     ___FILE_ONLY___ Google Cloud CLI Core Libraries (Platform Specific)
2024-11-26 11:58:46,099 INFO     ___FILE_ONLY___  
2024-11-26 11:58:46,099 INFO     ___FILE_ONLY___ │ 
2024-11-26 11:58:46,099 INFO     ___FILE_ONLY___ 2024.08.30
2024-11-26 11:58:46,099 INFO     ___FILE_ONLY___  
2024-11-26 11:58:46,099 INFO     ___FILE_ONLY___ │ 
2024-11-26 11:58:46,099 INFO     ___FILE_ONLY___  < 1 MiB
2024-11-26 11:58:46,099 INFO     ___FILE_ONLY___  
2024-11-26 11:58:46,099 INFO     ___FILE_ONLY___ │
2024-11-26 11:58:46,099 INFO     ___FILE_ONLY___ 

2024-11-26 11:58:46,099 INFO     ___FILE_ONLY___ │ 
2024-11-26 11:58:46,099 INFO     ___FILE_ONLY___ Minikube (Platform Specific)                       
2024-11-26 11:58:46,099 INFO     ___FILE_ONLY___  
2024-11-26 11:58:46,099 INFO     ___FILE_ONLY___ │ 
2024-11-26 11:58:46,099 INFO     ___FILE_ONLY___     1.34.0
2024-11-26 11:58:46,099 INFO     ___FILE_ONLY___  
2024-11-26 11:58:46,099 INFO     ___FILE_ONLY___ │ 
2024-11-26 11:58:46,099 INFO     ___FILE_ONLY___ 37.2 MiB
2024-11-26 11:58:46,099 INFO     ___FILE_ONLY___  
2024-11-26 11:58:46,099 INFO     ___FILE_ONLY___ │
2024-11-26 11:58:46,099 INFO     ___FILE_ONLY___ 

2024-11-26 11:58:46,099 INFO     ___FILE_ONLY___ │ 
2024-11-26 11:58:46,099 INFO     ___FILE_ONLY___ Skaffold (Platform Specific)                       
2024-11-26 11:58:46,099 INFO     ___FILE_ONLY___  
2024-11-26 11:58:46,099 INFO     ___FILE_ONLY___ │ 
2024-11-26 11:58:46,099 INFO     ___FILE_ONLY___     2.13.1
2024-11-26 11:58:46,100 INFO     ___FILE_ONLY___  
2024-11-26 11:58:46,100 INFO     ___FILE_ONLY___ │ 
2024-11-26 11:58:46,100 INFO     ___FILE_ONLY___ 22.9 MiB
2024-11-26 11:58:46,100 INFO     ___FILE_ONLY___  
2024-11-26 11:58:46,100 INFO     ___FILE_ONLY___ │
2024-11-26 11:58:46,100 INFO     ___FILE_ONLY___ 

2024-11-26 11:58:46,100 INFO     ___FILE_ONLY___ │ 
2024-11-26 11:58:46,100 INFO     ___FILE_ONLY___ gcloud Alpha Commands                              
2024-11-26 11:58:46,100 INFO     ___FILE_ONLY___  
2024-11-26 11:58:46,100 INFO     ___FILE_ONLY___ │ 
2024-11-26 11:58:46,100 INFO     ___FILE_ONLY___ 2024.11.15
2024-11-26 11:58:46,100 INFO     ___FILE_ONLY___  
2024-11-26 11:58:46,100 INFO     ___FILE_ONLY___ │ 
2024-11-26 11:58:46,100 INFO     ___FILE_ONLY___  < 1 MiB
2024-11-26 11:58:46,100 INFO     ___FILE_ONLY___  
2024-11-26 11:58:46,100 INFO     ___FILE_ONLY___ │
2024-11-26 11:58:46,100 INFO     ___FILE_ONLY___ 

2024-11-26 11:58:46,100 INFO     ___FILE_ONLY___ │ 
2024-11-26 11:58:46,100 INFO     ___FILE_ONLY___ gcloud Beta Commands                               
2024-11-26 11:58:46,100 INFO     ___FILE_ONLY___  
2024-11-26 11:58:46,100 INFO     ___FILE_ONLY___ │ 
2024-11-26 11:58:46,100 INFO     ___FILE_ONLY___ 2024.11.15
2024-11-26 11:58:46,100 INFO     ___FILE_ONLY___  
2024-11-26 11:58:46,100 INFO     ___FILE_ONLY___ │ 
2024-11-26 11:58:46,100 INFO     ___FILE_ONLY___  < 1 MiB
2024-11-26 11:58:46,100 INFO     ___FILE_ONLY___  
2024-11-26 11:58:46,100 INFO     ___FILE_ONLY___ │
2024-11-26 11:58:46,100 INFO     ___FILE_ONLY___ 

2024-11-26 11:58:46,100 INFO     ___FILE_ONLY___ │ 
2024-11-26 11:58:46,100 INFO     ___FILE_ONLY___ gcloud cli dependencies (Platform Specific)        
2024-11-26 11:58:46,100 INFO     ___FILE_ONLY___  
2024-11-26 11:58:46,100 INFO     ___FILE_ONLY___ │ 
2024-11-26 11:58:46,100 INFO     ___FILE_ONLY___ 2021.04.16
2024-11-26 11:58:46,100 INFO     ___FILE_ONLY___  
2024-11-26 11:58:46,100 INFO     ___FILE_ONLY___ │ 
2024-11-26 11:58:46,100 INFO     ___FILE_ONLY___  < 1 MiB
2024-11-26 11:58:46,100 INFO     ___FILE_ONLY___  
2024-11-26 11:58:46,100 INFO     ___FILE_ONLY___ │
2024-11-26 11:58:46,100 INFO     ___FILE_ONLY___ 

2024-11-26 11:58:46,100 INFO     ___FILE_ONLY___ │ 
2024-11-26 11:58:46,100 INFO     ___FILE_ONLY___ gke-gcloud-auth-plugin (Platform Specific)         
2024-11-26 11:58:46,100 INFO     ___FILE_ONLY___  
2024-11-26 11:58:46,100 INFO     ___FILE_ONLY___ │ 
2024-11-26 11:58:46,100 INFO     ___FILE_ONLY___      0.5.9
2024-11-26 11:58:46,100 INFO     ___FILE_ONLY___  
2024-11-26 11:58:46,100 INFO     ___FILE_ONLY___ │ 
2024-11-26 11:58:46,100 INFO     ___FILE_ONLY___  4.0 MiB
2024-11-26 11:58:46,100 INFO     ___FILE_ONLY___  
2024-11-26 11:58:46,101 INFO     ___FILE_ONLY___ │
2024-11-26 11:58:46,101 INFO     ___FILE_ONLY___ 

2024-11-26 11:58:46,101 INFO     ___FILE_ONLY___ │ 
2024-11-26 11:58:46,101 INFO     ___FILE_ONLY___ kubectl                                            
2024-11-26 11:58:46,101 INFO     ___FILE_ONLY___  
2024-11-26 11:58:46,101 INFO     ___FILE_ONLY___ │ 
2024-11-26 11:58:46,101 INFO     ___FILE_ONLY___     1.30.5
2024-11-26 11:58:46,101 INFO     ___FILE_ONLY___  
2024-11-26 11:58:46,101 INFO     ___FILE_ONLY___ │ 
2024-11-26 11:58:46,101 INFO     ___FILE_ONLY___  < 1 MiB
2024-11-26 11:58:46,101 INFO     ___FILE_ONLY___  
2024-11-26 11:58:46,101 INFO     ___FILE_ONLY___ │
2024-11-26 11:58:46,101 INFO     ___FILE_ONLY___ 

2024-11-26 11:58:46,101 INFO     ___FILE_ONLY___ │ 
2024-11-26 11:58:46,101 INFO     ___FILE_ONLY___ kubectl (Platform Specific)                        
2024-11-26 11:58:46,101 INFO     ___FILE_ONLY___  
2024-11-26 11:58:46,101 INFO     ___FILE_ONLY___ │ 
2024-11-26 11:58:46,101 INFO     ___FILE_ONLY___     1.30.6
2024-11-26 11:58:46,101 INFO     ___FILE_ONLY___  
2024-11-26 11:58:46,101 INFO     ___FILE_ONLY___ │ 
2024-11-26 11:58:46,101 INFO     ___FILE_ONLY___ 86.1 MiB
2024-11-26 11:58:46,101 INFO     ___FILE_ONLY___  
2024-11-26 11:58:46,101 INFO     ___FILE_ONLY___ │
2024-11-26 11:58:46,101 INFO     ___FILE_ONLY___ 

2024-11-26 11:58:46,101 INFO     ___FILE_ONLY___ └─────────────────────────────────────────────────────┴────────────┴──────────┘
2024-11-26 11:58:46,101 INFO     ___FILE_ONLY___ 

2024-11-26 11:58:46,101 INFO     ___FILE_ONLY___ 

2024-11-26 11:58:46,103 DEBUG    urllib3.connectionpool Starting new HTTPS connection (1): dl.google.com:443
2024-11-26 11:58:46,601 DEBUG    urllib3.connectionpool https://dl.google.com:443 "GET /dl/cloudsdk/channels/rapid/RELEASE_NOTES HTTP/1.1" 200 1314602
2024-11-26 11:58:47,351 INFO     ___FILE_ONLY___ For the latest full release notes, please visit:
  https://cloud.google.com/sdk/release_notes


2024-11-26 11:58:47,352 INFO     ___FILE_ONLY___ Performing in place update...


2024-11-26 11:58:47,480 INFO     ___FILE_ONLY___ ╔════════════════════════════════════════════════════════════╗

2024-11-26 11:58:47,480 INFO     ___FILE_ONLY___ ╠═ Downloading: Google Cloud CLI Core Libraries (Platfor... ═╣

2024-11-26 11:58:47,480 INFO     ___FILE_ONLY___ ╚
2024-11-26 11:58:47,485 DEBUG    urllib3.connectionpool Starting new HTTPS connection (1): dl.google.com:443
2024-11-26 11:58:48,032 DEBUG    urllib3.connectionpool https://dl.google.com:443 "GET /dl/cloudsdk/channels/rapid/components/google-cloud-sdk-core-nix-20240830134514.tar.gz HTTP/1.1" 200 2306
2024-11-26 11:58:48,047 INFO     ___FILE_ONLY___ ════════════════════════════════════════════════════════════
2024-11-26 11:58:48,047 INFO     ___FILE_ONLY___ ╝

2024-11-26 11:58:48,173 INFO     ___FILE_ONLY___ ╔════════════════════════════════════════════════════════════╗

2024-11-26 11:58:48,173 INFO     ___FILE_ONLY___ ╠═ Downloading: Minikube                                    ═╣

2024-11-26 11:58:48,173 INFO     ___FILE_ONLY___ ╚
2024-11-26 11:58:48,174 INFO     ___FILE_ONLY___ ════════════════════════════════════════════════════════════
2024-11-26 11:58:48,174 INFO     ___FILE_ONLY___ ╝

2024-11-26 11:58:48,300 INFO     ___FILE_ONLY___ ╔════════════════════════════════════════════════════════════╗

2024-11-26 11:58:48,300 INFO     ___FILE_ONLY___ ╠═ Downloading: Minikube (Platform Specific)                ═╣

2024-11-26 11:58:48,301 INFO     ___FILE_ONLY___ ╚
2024-11-26 11:58:48,308 DEBUG    urllib3.connectionpool Starting new HTTPS connection (1): dl.google.com:443
2024-11-26 11:58:48,873 DEBUG    urllib3.connectionpool https://dl.google.com:443 "GET /dl/cloudsdk/channels/rapid/components/google-cloud-sdk-minikube-darwin-arm-20240927140238.tar.gz HTTP/1.1" 200 38981244
2024-11-26 11:58:56,688 INFO     ___FILE_ONLY___ ═
2024-11-26 11:58:56,689 INFO     ___FILE_ONLY___ ═
2024-11-26 11:58:56,689 INFO     ___FILE_ONLY___ ═
2024-11-26 11:58:56,689 INFO     ___FILE_ONLY___ ═
2024-11-26 11:58:56,690 INFO     ___FILE_ONLY___ ═
2024-11-26 11:58:56,690 INFO     ___FILE_ONLY___ ═
2024-11-26 11:58:56,690 INFO     ___FILE_ONLY___ ═
2024-11-26 11:58:56,691 INFO     ___FILE_ONLY___ ═
2024-11-26 11:58:56,691 INFO     ___FILE_ONLY___ ═
2024-11-26 11:58:56,691 INFO     ___FILE_ONLY___ ═
2024-11-26 11:58:56,691 INFO     ___FILE_ONLY___ ═
2024-11-26 11:58:56,692 INFO     ___FILE_ONLY___ ═
2024-11-26 11:58:56,692 INFO     ___FILE_ONLY___ ═
2024-11-26 11:58:56,692 INFO     ___FILE_ONLY___ ═
2024-11-26 11:58:56,693 INFO     ___FILE_ONLY___ ═
2024-11-26 11:58:56,693 INFO     ___FILE_ONLY___ ═
2024-11-26 11:58:56,693 INFO     ___FILE_ONLY___ ═
2024-11-26 11:58:56,694 INFO     ___FILE_ONLY___ ═
2024-11-26 11:58:56,694 INFO     ___FILE_ONLY___ ═
2024-11-26 11:58:56,694 INFO     ___FILE_ONLY___ ═
2024-11-26 11:58:56,695 INFO     ___FILE_ONLY___ ═
2024-11-26 11:58:56,695 INFO     ___FILE_ONLY___ ═
2024-11-26 11:58:56,695 INFO     ___FILE_ONLY___ ═
2024-11-26 11:58:56,695 INFO     ___FILE_ONLY___ ═
2024-11-26 11:58:56,696 INFO     ___FILE_ONLY___ ═
2024-11-26 11:58:56,696 INFO     ___FILE_ONLY___ ═
2024-11-26 11:58:56,696 INFO     ___FILE_ONLY___ ═
2024-11-26 11:58:56,697 INFO     ___FILE_ONLY___ ═
2024-11-26 11:58:56,697 INFO     ___FILE_ONLY___ ═
2024-11-26 11:58:56,697 INFO     ___FILE_ONLY___ ═
2024-11-26 11:58:56,698 INFO     ___FILE_ONLY___ ═
2024-11-26 11:58:56,698 INFO     ___FILE_ONLY___ ═
2024-11-26 11:58:56,698 INFO     ___FILE_ONLY___ ═
2024-11-26 11:58:56,698 INFO     ___FILE_ONLY___ ═
2024-11-26 11:58:56,699 INFO     ___FILE_ONLY___ ═
2024-11-26 11:58:56,699 INFO     ___FILE_ONLY___ ═
2024-11-26 11:58:56,699 INFO     ___FILE_ONLY___ ═
2024-11-26 11:58:56,700 INFO     ___FILE_ONLY___ ═
2024-11-26 11:58:56,700 INFO     ___FILE_ONLY___ ═
2024-11-26 11:58:56,700 INFO     ___FILE_ONLY___ ═
2024-11-26 11:58:56,701 INFO     ___FILE_ONLY___ ═
2024-11-26 11:58:56,701 INFO     ___FILE_ONLY___ ═
2024-11-26 11:58:56,701 INFO     ___FILE_ONLY___ ═
2024-11-26 11:58:56,701 INFO     ___FILE_ONLY___ ═
2024-11-26 11:58:56,702 INFO     ___FILE_ONLY___ ═
2024-11-26 11:58:56,702 INFO     ___FILE_ONLY___ ═
2024-11-26 11:58:56,702 INFO     ___FILE_ONLY___ ═
2024-11-26 11:58:56,703 INFO     ___FILE_ONLY___ ═
2024-11-26 11:58:56,703 INFO     ___FILE_ONLY___ ═
2024-11-26 11:58:56,703 INFO     ___FILE_ONLY___ ═
2024-11-26 11:58:56,703 INFO     ___FILE_ONLY___ ═
2024-11-26 11:58:56,704 INFO     ___FILE_ONLY___ ═
2024-11-26 11:58:56,704 INFO     ___FILE_ONLY___ ═
2024-11-26 11:58:56,704 INFO     ___FILE_ONLY___ ═
2024-11-26 11:58:56,705 INFO     ___FILE_ONLY___ ═
2024-11-26 11:58:56,705 INFO     ___FILE_ONLY___ ═
2024-11-26 11:58:56,705 INFO     ___FILE_ONLY___ ═
2024-11-26 11:58:56,706 INFO     ___FILE_ONLY___ ═
2024-11-26 11:58:56,706 INFO     ___FILE_ONLY___ ═
2024-11-26 11:58:56,706 INFO     ___FILE_ONLY___ ═
2024-11-26 11:58:56,706 INFO     ___FILE_ONLY___ ╝

2024-11-26 11:58:56,833 INFO     ___FILE_ONLY___ ╔════════════════════════════════════════════════════════════╗

2024-11-26 11:58:56,834 INFO     ___FILE_ONLY___ ╠═ Downloading: Skaffold                                    ═╣

2024-11-26 11:58:56,834 INFO     ___FILE_ONLY___ ╚
2024-11-26 11:58:56,834 INFO     ___FILE_ONLY___ ════════════════════════════════════════════════════════════
2024-11-26 11:58:56,834 INFO     ___FILE_ONLY___ ╝

2024-11-26 11:58:56,960 INFO     ___FILE_ONLY___ ╔════════════════════════════════════════════════════════════╗

2024-11-26 11:58:56,960 INFO     ___FILE_ONLY___ ╠═ Downloading: Skaffold (Platform Specific)                ═╣

2024-11-26 11:58:56,961 INFO     ___FILE_ONLY___ ╚
2024-11-26 11:58:56,971 DEBUG    urllib3.connectionpool Starting new HTTPS connection (1): dl.google.com:443
2024-11-26 11:58:57,386 DEBUG    urllib3.connectionpool https://dl.google.com:443 "GET /dl/cloudsdk/channels/rapid/components/google-cloud-sdk-skaffold-darwin-arm-20240806142304.tar.gz HTTP/1.1" 200 24031362
2024-11-26 11:59:00,171 INFO     ___FILE_ONLY___ ═
2024-11-26 11:59:00,172 INFO     ___FILE_ONLY___ ═
2024-11-26 11:59:00,173 INFO     ___FILE_ONLY___ ═
2024-11-26 11:59:00,174 INFO     ___FILE_ONLY___ ═
2024-11-26 11:59:00,174 INFO     ___FILE_ONLY___ ═
2024-11-26 11:59:00,174 INFO     ___FILE_ONLY___ ═
2024-11-26 11:59:00,175 INFO     ___FILE_ONLY___ ═
2024-11-26 11:59:00,175 INFO     ___FILE_ONLY___ ═
2024-11-26 11:59:00,175 INFO     ___FILE_ONLY___ ═
2024-11-26 11:59:00,175 INFO     ___FILE_ONLY___ ═
2024-11-26 11:59:00,176 INFO     ___FILE_ONLY___ ═
2024-11-26 11:59:00,176 INFO     ___FILE_ONLY___ ═
2024-11-26 11:59:00,176 INFO     ___FILE_ONLY___ ═
2024-11-26 11:59:00,176 INFO     ___FILE_ONLY___ ═
2024-11-26 11:59:00,176 INFO     ___FILE_ONLY___ ═
2024-11-26 11:59:00,177 INFO     ___FILE_ONLY___ ═
2024-11-26 11:59:00,177 INFO     ___FILE_ONLY___ ═
2024-11-26 11:59:00,177 INFO     ___FILE_ONLY___ ═
2024-11-26 11:59:00,177 INFO     ___FILE_ONLY___ ═
2024-11-26 11:59:00,178 INFO     ___FILE_ONLY___ ═
2024-11-26 11:59:00,178 INFO     ___FILE_ONLY___ ═
2024-11-26 11:59:00,178 INFO     ___FILE_ONLY___ ═
2024-11-26 11:59:00,179 INFO     ___FILE_ONLY___ ═
2024-11-26 11:59:00,179 INFO     ___FILE_ONLY___ ═
2024-11-26 11:59:00,179 INFO     ___FILE_ONLY___ ═
2024-11-26 11:59:00,179 INFO     ___FILE_ONLY___ ═
2024-11-26 11:59:00,179 INFO     ___FILE_ONLY___ ═
2024-11-26 11:59:00,180 INFO     ___FILE_ONLY___ ═
2024-11-26 11:59:00,180 INFO     ___FILE_ONLY___ ═
2024-11-26 11:59:00,180 INFO     ___FILE_ONLY___ ═
2024-11-26 11:59:00,180 INFO     ___FILE_ONLY___ ═
2024-11-26 11:59:00,181 INFO     ___FILE_ONLY___ ═
2024-11-26 11:59:00,181 INFO     ___FILE_ONLY___ ═
2024-11-26 11:59:00,181 INFO     ___FILE_ONLY___ ═
2024-11-26 11:59:00,182 INFO     ___FILE_ONLY___ ═
2024-11-26 11:59:00,182 INFO     ___FILE_ONLY___ ═
2024-11-26 11:59:00,182 INFO     ___FILE_ONLY___ ═
2024-11-26 11:59:00,182 INFO     ___FILE_ONLY___ ═
2024-11-26 11:59:00,182 INFO     ___FILE_ONLY___ ═
2024-11-26 11:59:00,183 INFO     ___FILE_ONLY___ ═
2024-11-26 11:59:00,183 INFO     ___FILE_ONLY___ ═
2024-11-26 11:59:00,183 INFO     ___FILE_ONLY___ ═
2024-11-26 11:59:00,183 INFO     ___FILE_ONLY___ ═
2024-11-26 11:59:00,184 INFO     ___FILE_ONLY___ ═
2024-11-26 11:59:00,184 INFO     ___FILE_ONLY___ ═
2024-11-26 11:59:00,184 INFO     ___FILE_ONLY___ ═
2024-11-26 11:59:00,184 INFO     ___FILE_ONLY___ ═
2024-11-26 11:59:00,185 INFO     ___FILE_ONLY___ ═
2024-11-26 11:59:00,185 INFO     ___FILE_ONLY___ ═
2024-11-26 11:59:00,185 INFO     ___FILE_ONLY___ ═
2024-11-26 11:59:00,185 INFO     ___FILE_ONLY___ ═
2024-11-26 11:59:00,186 INFO     ___FILE_ONLY___ ═
2024-11-26 11:59:00,186 INFO     ___FILE_ONLY___ ═
2024-11-26 11:59:00,186 INFO     ___FILE_ONLY___ ═
2024-11-26 11:59:00,186 INFO     ___FILE_ONLY___ ═
2024-11-26 11:59:00,186 INFO     ___FILE_ONLY___ ═
2024-11-26 11:59:00,187 INFO     ___FILE_ONLY___ ═
2024-11-26 11:59:00,187 INFO     ___FILE_ONLY___ ═
2024-11-26 11:59:00,187 INFO     ___FILE_ONLY___ ═
2024-11-26 11:59:00,187 INFO     ___FILE_ONLY___ ═
2024-11-26 11:59:00,187 INFO     ___FILE_ONLY___ ╝

2024-11-26 11:59:00,313 INFO     ___FILE_ONLY___ ╔════════════════════════════════════════════════════════════╗

2024-11-26 11:59:00,314 INFO     ___FILE_ONLY___ ╠═ Downloading: gcloud Alpha Commands                       ═╣

2024-11-26 11:59:00,314 INFO     ___FILE_ONLY___ ╚
2024-11-26 11:59:00,318 DEBUG    urllib3.connectionpool Starting new HTTPS connection (1): dl.google.com:443
2024-11-26 11:59:00,551 DEBUG    urllib3.connectionpool https://dl.google.com:443 "GET /dl/cloudsdk/channels/rapid/components/google-cloud-sdk-alpha-20241115154308.tar.gz HTTP/1.1" 200 800
2024-11-26 11:59:00,554 INFO     ___FILE_ONLY___ ════════════════════════════════════════════════════════════
2024-11-26 11:59:00,554 INFO     ___FILE_ONLY___ ╝

2024-11-26 11:59:00,693 INFO     ___FILE_ONLY___ ╔════════════════════════════════════════════════════════════╗

2024-11-26 11:59:00,693 INFO     ___FILE_ONLY___ ╠═ Downloading: gcloud Beta Commands                        ═╣

2024-11-26 11:59:00,694 INFO     ___FILE_ONLY___ ╚
2024-11-26 11:59:00,701 DEBUG    urllib3.connectionpool Starting new HTTPS connection (1): dl.google.com:443
2024-11-26 11:59:00,914 DEBUG    urllib3.connectionpool https://dl.google.com:443 "GET /dl/cloudsdk/channels/rapid/components/google-cloud-sdk-beta-20241115154308.tar.gz HTTP/1.1" 200 797
2024-11-26 11:59:00,916 INFO     ___FILE_ONLY___ ════════════════════════════════════════════════════════════
2024-11-26 11:59:00,916 INFO     ___FILE_ONLY___ ╝

2024-11-26 11:59:01,058 INFO     ___FILE_ONLY___ ╔════════════════════════════════════════════════════════════╗

2024-11-26 11:59:01,059 INFO     ___FILE_ONLY___ ╠═ Downloading: gcloud cli dependencies (Platform Specific) ═╣

2024-11-26 11:59:01,059 INFO     ___FILE_ONLY___ ╚
2024-11-26 11:59:01,066 DEBUG    urllib3.connectionpool Starting new HTTPS connection (1): dl.google.com:443
2024-11-26 11:59:01,378 DEBUG    urllib3.connectionpool https://dl.google.com:443 "GET /dl/cloudsdk/channels/rapid/components/google-cloud-sdk-gcloud-deps-darwin-x86_64-20210416153011.tar.gz HTTP/1.1" 200 105
2024-11-26 11:59:01,379 INFO     ___FILE_ONLY___ ════════════════════════════════════════════════════════════
2024-11-26 11:59:01,380 INFO     ___FILE_ONLY___ ╝

2024-11-26 11:59:01,523 INFO     ___FILE_ONLY___ ╔════════════════════════════════════════════════════════════╗

2024-11-26 11:59:01,524 INFO     ___FILE_ONLY___ ╠═ Downloading: gke-gcloud-auth-plugin                      ═╣

2024-11-26 11:59:01,524 INFO     ___FILE_ONLY___ ╚
2024-11-26 11:59:01,524 INFO     ___FILE_ONLY___ ════════════════════════════════════════════════════════════
2024-11-26 11:59:01,524 INFO     ___FILE_ONLY___ ╝

2024-11-26 11:59:01,663 INFO     ___FILE_ONLY___ ╔════════════════════════════════════════════════════════════╗

2024-11-26 11:59:01,663 INFO     ___FILE_ONLY___ ╠═ Downloading: gke-gcloud-auth-plugin (Platform Specific)  ═╣

2024-11-26 11:59:01,663 INFO     ___FILE_ONLY___ ╚
2024-11-26 11:59:01,668 DEBUG    urllib3.connectionpool Starting new HTTPS connection (1): dl.google.com:443
2024-11-26 11:59:03,112 DEBUG    urllib3.connectionpool https://dl.google.com:443 "GET /dl/cloudsdk/channels/rapid/components/google-cloud-sdk-gke-gcloud-auth-plugin-darwin-arm-20240628141907.tar.gz HTTP/1.1" 200 4148014
2024-11-26 11:59:04,401 INFO     ___FILE_ONLY___ ═
2024-11-26 11:59:04,401 INFO     ___FILE_ONLY___ ═
2024-11-26 11:59:04,402 INFO     ___FILE_ONLY___ ═
2024-11-26 11:59:04,402 INFO     ___FILE_ONLY___ ═
2024-11-26 11:59:04,402 INFO     ___FILE_ONLY___ ═
2024-11-26 11:59:04,402 INFO     ___FILE_ONLY___ ═
2024-11-26 11:59:04,404 INFO     ___FILE_ONLY___ ═
2024-11-26 11:59:04,405 INFO     ___FILE_ONLY___ ═
2024-11-26 11:59:04,405 INFO     ___FILE_ONLY___ ═
2024-11-26 11:59:04,405 INFO     ___FILE_ONLY___ ═
2024-11-26 11:59:04,405 INFO     ___FILE_ONLY___ ═
2024-11-26 11:59:04,405 INFO     ___FILE_ONLY___ ═
2024-11-26 11:59:04,406 INFO     ___FILE_ONLY___ ═
2024-11-26 11:59:04,406 INFO     ___FILE_ONLY___ ═
2024-11-26 11:59:04,406 INFO     ___FILE_ONLY___ ═
2024-11-26 11:59:04,406 INFO     ___FILE_ONLY___ ═
2024-11-26 11:59:04,406 INFO     ___FILE_ONLY___ ═
2024-11-26 11:59:04,407 INFO     ___FILE_ONLY___ ═
2024-11-26 11:59:04,407 INFO     ___FILE_ONLY___ ═
2024-11-26 11:59:04,407 INFO     ___FILE_ONLY___ ═
2024-11-26 11:59:04,407 INFO     ___FILE_ONLY___ ═
2024-11-26 11:59:04,407 INFO     ___FILE_ONLY___ ═
2024-11-26 11:59:04,407 INFO     ___FILE_ONLY___ ═
2024-11-26 11:59:04,407 INFO     ___FILE_ONLY___ ═
2024-11-26 11:59:04,408 INFO     ___FILE_ONLY___ ═
2024-11-26 11:59:04,408 INFO     ___FILE_ONLY___ ═
2024-11-26 11:59:04,408 INFO     ___FILE_ONLY___ ═
2024-11-26 11:59:04,408 INFO     ___FILE_ONLY___ ═
2024-11-26 11:59:04,408 INFO     ___FILE_ONLY___ ═
2024-11-26 11:59:04,408 INFO     ___FILE_ONLY___ ═
2024-11-26 11:59:04,408 INFO     ___FILE_ONLY___ ═
2024-11-26 11:59:04,408 INFO     ___FILE_ONLY___ ═
2024-11-26 11:59:04,409 INFO     ___FILE_ONLY___ ═
2024-11-26 11:59:04,409 INFO     ___FILE_ONLY___ ═
2024-11-26 11:59:04,409 INFO     ___FILE_ONLY___ ═
2024-11-26 11:59:04,409 INFO     ___FILE_ONLY___ ═
2024-11-26 11:59:04,409 INFO     ___FILE_ONLY___ ═
2024-11-26 11:59:04,409 INFO     ___FILE_ONLY___ ═
2024-11-26 11:59:04,409 INFO     ___FILE_ONLY___ ═
2024-11-26 11:59:04,409 INFO     ___FILE_ONLY___ ═
2024-11-26 11:59:04,410 INFO     ___FILE_ONLY___ ═
2024-11-26 11:59:04,410 INFO     ___FILE_ONLY___ ═
2024-11-26 11:59:04,410 INFO     ___FILE_ONLY___ ═
2024-11-26 11:59:04,410 INFO     ___FILE_ONLY___ ═
2024-11-26 11:59:04,410 INFO     ___FILE_ONLY___ ═
2024-11-26 11:59:04,411 INFO     ___FILE_ONLY___ ═
2024-11-26 11:59:04,411 INFO     ___FILE_ONLY___ ═
2024-11-26 11:59:04,411 INFO     ___FILE_ONLY___ ═
2024-11-26 11:59:04,411 INFO     ___FILE_ONLY___ ═
2024-11-26 11:59:04,412 INFO     ___FILE_ONLY___ ═
2024-11-26 11:59:04,412 INFO     ___FILE_ONLY___ ═
2024-11-26 11:59:04,412 INFO     ___FILE_ONLY___ ═
2024-11-26 11:59:04,413 INFO     ___FILE_ONLY___ ═
2024-11-26 11:59:04,413 INFO     ___FILE_ONLY___ ═
2024-11-26 11:59:04,413 INFO     ___FILE_ONLY___ ═
2024-11-26 11:59:04,413 INFO     ___FILE_ONLY___ ═
2024-11-26 11:59:04,413 INFO     ___FILE_ONLY___ ═
2024-11-26 11:59:04,413 INFO     ___FILE_ONLY___ ═
2024-11-26 11:59:04,413 INFO     ___FILE_ONLY___ ═
2024-11-26 11:59:04,413 INFO     ___FILE_ONLY___ ═
2024-11-26 11:59:04,414 INFO     ___FILE_ONLY___ ╝

2024-11-26 11:59:04,539 INFO     ___FILE_ONLY___ ╔════════════════════════════════════════════════════════════╗

2024-11-26 11:59:04,540 INFO     ___FILE_ONLY___ ╠═ Downloading: kubectl                                     ═╣

2024-11-26 11:59:04,540 INFO     ___FILE_ONLY___ ╚
2024-11-26 11:59:04,549 DEBUG    urllib3.connectionpool Starting new HTTPS connection (1): dl.google.com:443
2024-11-26 11:59:04,854 DEBUG    urllib3.connectionpool https://dl.google.com:443 "GET /dl/cloudsdk/channels/rapid/components/google-cloud-sdk-kubectl-20241004144944.tar.gz HTTP/1.1" 200 36206
2024-11-26 11:59:04,902 INFO     ___FILE_ONLY___ ═══════════════════════════
2024-11-26 11:59:04,904 INFO     ___FILE_ONLY___ ═══════════════════════════
2024-11-26 11:59:04,904 INFO     ___FILE_ONLY___ ══════
2024-11-26 11:59:04,904 INFO     ___FILE_ONLY___ ╝

2024-11-26 11:59:05,051 INFO     ___FILE_ONLY___ ╔════════════════════════════════════════════════════════════╗

2024-11-26 11:59:05,052 INFO     ___FILE_ONLY___ ╠═ Downloading: kubectl (Platform Specific)                 ═╣

2024-11-26 11:59:05,052 INFO     ___FILE_ONLY___ ╚
2024-11-26 11:59:05,060 DEBUG    urllib3.connectionpool Starting new HTTPS connection (1): dl.google.com:443
2024-11-26 11:59:05,493 DEBUG    urllib3.connectionpool https://dl.google.com:443 "GET /dl/cloudsdk/channels/rapid/components/google-cloud-sdk-kubectl-darwin-arm-20241108162203.tar.gz HTTP/1.1" 200 90277960
2024-11-26 11:59:15,826 INFO     ___FILE_ONLY___ ═
2024-11-26 11:59:15,827 INFO     ___FILE_ONLY___ ═
2024-11-26 11:59:15,828 INFO     ___FILE_ONLY___ ═
2024-11-26 11:59:15,829 INFO     ___FILE_ONLY___ ═
2024-11-26 11:59:15,830 INFO     ___FILE_ONLY___ ═
2024-11-26 11:59:15,832 INFO     ___FILE_ONLY___ ═
2024-11-26 11:59:15,833 INFO     ___FILE_ONLY___ ═
2024-11-26 11:59:15,834 INFO     ___FILE_ONLY___ ═
2024-11-26 11:59:15,835 INFO     ___FILE_ONLY___ ═
2024-11-26 11:59:15,836 INFO     ___FILE_ONLY___ ═
2024-11-26 11:59:15,837 INFO     ___FILE_ONLY___ ═
2024-11-26 11:59:15,838 INFO     ___FILE_ONLY___ ═
2024-11-26 11:59:15,839 INFO     ___FILE_ONLY___ ═
2024-11-26 11:59:15,840 INFO     ___FILE_ONLY___ ═
2024-11-26 11:59:15,841 INFO     ___FILE_ONLY___ ═
2024-11-26 11:59:15,842 INFO     ___FILE_ONLY___ ═
2024-11-26 11:59:15,843 INFO     ___FILE_ONLY___ ═
2024-11-26 11:59:15,844 INFO     ___FILE_ONLY___ ═
2024-11-26 11:59:15,845 INFO     ___FILE_ONLY___ ═
2024-11-26 11:59:15,846 INFO     ___FILE_ONLY___ ═
2024-11-26 11:59:15,847 INFO     ___FILE_ONLY___ ═
2024-11-26 11:59:15,847 INFO     ___FILE_ONLY___ ═
2024-11-26 11:59:15,849 INFO     ___FILE_ONLY___ ═
2024-11-26 11:59:15,850 INFO     ___FILE_ONLY___ ═
2024-11-26 11:59:15,851 INFO     ___FILE_ONLY___ ═
2024-11-26 11:59:15,852 INFO     ___FILE_ONLY___ ═
2024-11-26 11:59:15,852 INFO     ___FILE_ONLY___ ═
2024-11-26 11:59:15,854 INFO     ___FILE_ONLY___ ═
2024-11-26 11:59:15,854 INFO     ___FILE_ONLY___ ═
2024-11-26 11:59:15,855 INFO     ___FILE_ONLY___ ═
2024-11-26 11:59:15,856 INFO     ___FILE_ONLY___ ═
2024-11-26 11:59:15,857 INFO     ___FILE_ONLY___ ═
2024-11-26 11:59:15,858 INFO     ___FILE_ONLY___ ═
2024-11-26 11:59:15,859 INFO     ___FILE_ONLY___ ═
2024-11-26 11:59:15,860 INFO     ___FILE_ONLY___ ═
2024-11-26 11:59:15,861 INFO     ___FILE_ONLY___ ═
2024-11-26 11:59:15,862 INFO     ___FILE_ONLY___ ═
2024-11-26 11:59:15,862 INFO     ___FILE_ONLY___ ═
2024-11-26 11:59:15,863 INFO     ___FILE_ONLY___ ═
2024-11-26 11:59:15,865 INFO     ___FILE_ONLY___ ═
2024-11-26 11:59:15,867 INFO     ___FILE_ONLY___ ═
2024-11-26 11:59:15,868 INFO     ___FILE_ONLY___ ═
2024-11-26 11:59:15,870 INFO     ___FILE_ONLY___ ═
2024-11-26 11:59:15,870 INFO     ___FILE_ONLY___ ═
2024-11-26 11:59:15,871 INFO     ___FILE_ONLY___ ═
2024-11-26 11:59:15,872 INFO     ___FILE_ONLY___ ═
2024-11-26 11:59:15,873 INFO     ___FILE_ONLY___ ═
2024-11-26 11:59:15,874 INFO     ___FILE_ONLY___ ═
2024-11-26 11:59:15,875 INFO     ___FILE_ONLY___ ═
2024-11-26 11:59:15,876 INFO     ___FILE_ONLY___ ═
2024-11-26 11:59:15,877 INFO     ___FILE_ONLY___ ═
2024-11-26 11:59:15,878 INFO     ___FILE_ONLY___ ═
2024-11-26 11:59:15,879 INFO     ___FILE_ONLY___ ═
2024-11-26 11:59:15,880 INFO     ___FILE_ONLY___ ═
2024-11-26 11:59:15,880 INFO     ___FILE_ONLY___ ═
2024-11-26 11:59:15,881 INFO     ___FILE_ONLY___ ═
2024-11-26 11:59:15,882 INFO     ___FILE_ONLY___ ═
2024-11-26 11:59:15,883 INFO     ___FILE_ONLY___ ═
2024-11-26 11:59:15,884 INFO     ___FILE_ONLY___ ═
2024-11-26 11:59:15,884 INFO     ___FILE_ONLY___ ═
2024-11-26 11:59:15,884 INFO     ___FILE_ONLY___ ╝

2024-11-26 11:59:16,025 INFO     ___FILE_ONLY___ ╔════════════════════════════════════════════════════════════╗

2024-11-26 11:59:16,025 INFO     ___FILE_ONLY___ ╠═ Installing: Google Cloud CLI Core Libraries (Platform... ═╣

2024-11-26 11:59:16,025 INFO     ___FILE_ONLY___ ╚
2024-11-26 11:59:16,034 INFO     ___FILE_ONLY___ ══════════════════════════════
2024-11-26 11:59:16,035 INFO     ___FILE_ONLY___ ══════════════════════════════
2024-11-26 11:59:16,035 INFO     ___FILE_ONLY___ ╝

2024-11-26 11:59:16,182 INFO     ___FILE_ONLY___ ╔════════════════════════════════════════════════════════════╗

2024-11-26 11:59:16,182 INFO     ___FILE_ONLY___ ╠═ Installing: Minikube                                     ═╣

2024-11-26 11:59:16,182 INFO     ___FILE_ONLY___ ╚
2024-11-26 11:59:16,188 INFO     ___FILE_ONLY___ ════════════════════════════════════════════════════════════
2024-11-26 11:59:16,188 INFO     ___FILE_ONLY___ ╝

2024-11-26 11:59:16,314 INFO     ___FILE_ONLY___ ╔════════════════════════════════════════════════════════════╗

2024-11-26 11:59:16,315 INFO     ___FILE_ONLY___ ╠═ Installing: Minikube (Platform Specific)                 ═╣

2024-11-26 11:59:16,315 INFO     ___FILE_ONLY___ ╚
2024-11-26 11:59:16,655 INFO     ___FILE_ONLY___ ════════════════════════════════════════════════════════════
2024-11-26 11:59:16,655 INFO     ___FILE_ONLY___ ╝

2024-11-26 11:59:16,786 INFO     ___FILE_ONLY___ ╔════════════════════════════════════════════════════════════╗

2024-11-26 11:59:16,787 INFO     ___FILE_ONLY___ ╠═ Installing: Skaffold                                     ═╣

2024-11-26 11:59:16,787 INFO     ___FILE_ONLY___ ╚
2024-11-26 11:59:16,798 INFO     ___FILE_ONLY___ ════════════════════════════════════════════════════════════
2024-11-26 11:59:16,798 INFO     ___FILE_ONLY___ ╝

2024-11-26 11:59:16,947 INFO     ___FILE_ONLY___ ╔════════════════════════════════════════════════════════════╗

2024-11-26 11:59:16,947 INFO     ___FILE_ONLY___ ╠═ Installing: Skaffold (Platform Specific)                 ═╣

2024-11-26 11:59:16,947 INFO     ___FILE_ONLY___ ╚
2024-11-26 11:59:17,248 INFO     ___FILE_ONLY___ ════════════════════════════════════════════════════════════
2024-11-26 11:59:17,248 INFO     ___FILE_ONLY___ ╝

2024-11-26 11:59:17,369 INFO     ___FILE_ONLY___ ╔════════════════════════════════════════════════════════════╗

2024-11-26 11:59:17,369 INFO     ___FILE_ONLY___ ╠═ Installing: gcloud Alpha Commands                        ═╣

2024-11-26 11:59:17,369 INFO     ___FILE_ONLY___ ╚
2024-11-26 11:59:17,372 INFO     ___FILE_ONLY___ ════════════════════════════════════════════════════════════
2024-11-26 11:59:17,372 INFO     ___FILE_ONLY___ ╝

2024-11-26 11:59:17,497 INFO     ___FILE_ONLY___ ╔════════════════════════════════════════════════════════════╗

2024-11-26 11:59:17,497 INFO     ___FILE_ONLY___ ╠═ Installing: gcloud Beta Commands                         ═╣

2024-11-26 11:59:17,497 INFO     ___FILE_ONLY___ ╚
2024-11-26 11:59:17,500 INFO     ___FILE_ONLY___ ════════════════════════════════════════════════════════════
2024-11-26 11:59:17,500 INFO     ___FILE_ONLY___ ╝

2024-11-26 11:59:17,632 INFO     ___FILE_ONLY___ ╔════════════════════════════════════════════════════════════╗

2024-11-26 11:59:17,632 INFO     ___FILE_ONLY___ ╠═ Installing: gcloud cli dependencies (Platform Specific)  ═╣

2024-11-26 11:59:17,632 INFO     ___FILE_ONLY___ ╚
2024-11-26 11:59:17,636 INFO     ___FILE_ONLY___ ════════════════════════════════════════════════════════════
2024-11-26 11:59:17,636 INFO     ___FILE_ONLY___ ╝

2024-11-26 11:59:17,765 INFO     ___FILE_ONLY___ ╔════════════════════════════════════════════════════════════╗

2024-11-26 11:59:17,765 INFO     ___FILE_ONLY___ ╠═ Installing: gke-gcloud-auth-plugin                       ═╣

2024-11-26 11:59:17,765 INFO     ___FILE_ONLY___ ╚
2024-11-26 11:59:17,770 INFO     ___FILE_ONLY___ ════════════════════════════════════════════════════════════
2024-11-26 11:59:17,770 INFO     ___FILE_ONLY___ ╝

2024-11-26 11:59:17,904 INFO     ___FILE_ONLY___ ╔════════════════════════════════════════════════════════════╗

2024-11-26 11:59:17,904 INFO     ___FILE_ONLY___ ╠═ Installing: gke-gcloud-auth-plugin (Platform Specific)   ═╣

2024-11-26 11:59:17,905 INFO     ___FILE_ONLY___ ╚
2024-11-26 11:59:17,967 INFO     ___FILE_ONLY___ ════════════════════════════════════════════════════════════
2024-11-26 11:59:17,968 INFO     ___FILE_ONLY___ ╝

2024-11-26 11:59:18,126 INFO     ___FILE_ONLY___ ╔════════════════════════════════════════════════════════════╗

2024-11-26 11:59:18,126 INFO     ___FILE_ONLY___ ╠═ Installing: kubectl                                      ═╣

2024-11-26 11:59:18,126 INFO     ___FILE_ONLY___ ╚
2024-11-26 11:59:18,132 INFO     ___FILE_ONLY___ ════════════════════════════════════════════════════════════
2024-11-26 11:59:18,132 INFO     ___FILE_ONLY___ ╝

2024-11-26 11:59:18,280 INFO     ___FILE_ONLY___ ╔════════════════════════════════════════════════════════════╗

2024-11-26 11:59:18,281 INFO     ___FILE_ONLY___ ╠═ Installing: kubectl (Platform Specific)                  ═╣

2024-11-26 11:59:18,281 INFO     ___FILE_ONLY___ ╚
2024-11-26 11:59:18,858 INFO     ___FILE_ONLY___ ══════════
2024-11-26 11:59:18,952 INFO     ___FILE_ONLY___ ══════════
2024-11-26 11:59:19,047 INFO     ___FILE_ONLY___ ══════════
2024-11-26 11:59:19,147 INFO     ___FILE_ONLY___ ══════════
2024-11-26 11:59:19,265 INFO     ___FILE_ONLY___ ══════════
2024-11-26 11:59:19,373 INFO     ___FILE_ONLY___ ══════════
2024-11-26 11:59:19,373 INFO     ___FILE_ONLY___ ╝

2024-11-26 11:59:19,401 DEBUG    root            Updating notification cache...
2024-11-26 11:59:19,401 INFO     ___FILE_ONLY___ 

2024-11-26 11:59:19,522 INFO     ___FILE_ONLY___ Performing post processing steps...
2024-11-26 11:59:19,523 DEBUG    root            Executing command: ['/Users/wbrunson/Library/Application Support/cloud-code/installer/google-cloud-sdk/bin/gcloud', 'components', 'post-process', '--no-compile-python']
2024-11-26 11:59:21,073 DEBUG    ___FILE_ONLY___ 
2024-11-26 11:59:21,073 DEBUG    ___FILE_ONLY___ 
2024-11-26 11:59:21,309 INFO     ___FILE_ONLY___ 
Update done!


2024-11-26 11:59:23,059 WARNING  root              There are other instances of Google Cloud tools on your system PATH.
  Please remove the following to avoid confusion or accidental invocation:

  /Applications/Rancher Desktop.app/Contents/Resources/resources/darwin/bin/kuberlr

  
2024-11-26 11:59:25,019 DEBUG    root            Chosen display Format:none
2024-11-26 11:59:25,020 INFO     root            Display format: "none"
2024-11-26 11:59:25,030 DEBUG    root            Executing command: ['curl', '--silent', '-O', 'https://dl.google.com/dl/cloudsdk/channels/rapid/python-3.11.6-macos11.tar.gz']
2024-11-26 11:59:30,625 DEBUG    root            Executing command: ['tar', '-xf', 'python-3.11.6-macos11.tar.gz']
2024-11-26 11:59:30,842 DEBUG    root            Executing command: ['sudo', 'installer', '-target', '/', '-pkg', './python-3.11.6-macos11.pkg']
