2024-12-04 13:24:38,348 DEBUG    root            Metrics collector initialized...
2024-12-04 13:24:38,349 DEBUG    root            Loaded Command Group: ['gcloud', 'components']
2024-12-04 13:24:38,350 DEBUG    root            Loaded Command Group: ['gcloud', 'components', 'update']
2024-12-04 13:24:38,351 DEBUG    root            Running [gcloud.components.update] with arguments: [--no-compile-python: "False", --quiet: "True", COMPONENT-IDS:6: "['alpha', 'beta', 'gke-gcloud-auth-plugin', 'kubectl', 'skaffold', 'minikube']"]
2024-12-04 13:24:38,351 INFO     ___FILE_ONLY___ Beginning update. This process may take several minutes.

2024-12-04 13:24:38,361 DEBUG    urllib3.connectionpool Starting new HTTPS connection (1): dl.google.com:443
2024-12-04 13:24:38,885 DEBUG    urllib3.connectionpool https://dl.google.com:443 "GET /dl/cloudsdk/channels/rapid/components-2.json HTTP/1.1" 200 227816
2024-12-04 13:24:39,121 INFO     ___FILE_ONLY___ 

2024-12-04 13:24:39,122 INFO     ___FILE_ONLY___ 
Your current Google Cloud CLI version is: 502.0.0

2024-12-04 13:24:39,122 INFO     ___FILE_ONLY___ Installing components from version: 502.0.0

2024-12-04 13:24:39,122 INFO     ___FILE_ONLY___ 

2024-12-04 13:24:39,123 DEBUG    root            Chosen display Format:table[box,title="These components will be removed."](details.display_name:label=Name:align=left,version.version_string:label=Version:align=right,data.size.size(zero="",min=1048576):label=Size:align=right)
2024-12-04 13:24:39,123 DEBUG    root            Chosen display Format:table[box,title="These components will be updated."](details.display_name:label=Name:align=left,version.version_string:label=Version:align=right,data.size.size(zero="",min=1048576):label=Size:align=right)
2024-12-04 13:24:39,123 DEBUG    root            Chosen display Format:table[box,title="These components will be installed."](details.display_name:label=Name:align=left,version.version_string:label=Version:align=right,data.size.size(zero="",min=1048576):label=Size:align=right)
2024-12-04 13:24:39,138 INFO     ___FILE_ONLY___ ┌─────────────────────────────────────────────────────────────────────────────┐
2024-12-04 13:24:39,138 INFO     ___FILE_ONLY___ 

2024-12-04 13:24:39,138 INFO     ___FILE_ONLY___ │                     These components will be installed.                     │
2024-12-04 13:24:39,138 INFO     ___FILE_ONLY___ 

2024-12-04 13:24:39,138 INFO     ___FILE_ONLY___ ├─────────────────────────────────────────────────────┬────────────┬──────────┤
2024-12-04 13:24:39,138 INFO     ___FILE_ONLY___ 

2024-12-04 13:24:39,138 INFO     ___FILE_ONLY___ │                         Name                        │  Version   │   Size   │
2024-12-04 13:24:39,138 INFO     ___FILE_ONLY___ 

2024-12-04 13:24:39,138 INFO     ___FILE_ONLY___ ├─────────────────────────────────────────────────────┼────────────┼──────────┤
2024-12-04 13:24:39,138 INFO     ___FILE_ONLY___ 

2024-12-04 13:24:39,138 INFO     ___FILE_ONLY___ │ 
2024-12-04 13:24:39,138 INFO     ___FILE_ONLY___ Google Cloud CLI Core Libraries (Platform Specific)
2024-12-04 13:24:39,138 INFO     ___FILE_ONLY___  
2024-12-04 13:24:39,138 INFO     ___FILE_ONLY___ │ 
2024-12-04 13:24:39,138 INFO     ___FILE_ONLY___ 2024.08.30
2024-12-04 13:24:39,138 INFO     ___FILE_ONLY___  
2024-12-04 13:24:39,138 INFO     ___FILE_ONLY___ │ 
2024-12-04 13:24:39,138 INFO     ___FILE_ONLY___  < 1 MiB
2024-12-04 13:24:39,138 INFO     ___FILE_ONLY___  
2024-12-04 13:24:39,138 INFO     ___FILE_ONLY___ │
2024-12-04 13:24:39,138 INFO     ___FILE_ONLY___ 

2024-12-04 13:24:39,139 INFO     ___FILE_ONLY___ │ 
2024-12-04 13:24:39,139 INFO     ___FILE_ONLY___ Minikube (Platform Specific)                       
2024-12-04 13:24:39,139 INFO     ___FILE_ONLY___  
2024-12-04 13:24:39,139 INFO     ___FILE_ONLY___ │ 
2024-12-04 13:24:39,139 INFO     ___FILE_ONLY___     1.34.0
2024-12-04 13:24:39,139 INFO     ___FILE_ONLY___  
2024-12-04 13:24:39,139 INFO     ___FILE_ONLY___ │ 
2024-12-04 13:24:39,139 INFO     ___FILE_ONLY___ 37.2 MiB
2024-12-04 13:24:39,139 INFO     ___FILE_ONLY___  
2024-12-04 13:24:39,139 INFO     ___FILE_ONLY___ │
2024-12-04 13:24:39,139 INFO     ___FILE_ONLY___ 

2024-12-04 13:24:39,139 INFO     ___FILE_ONLY___ │ 
2024-12-04 13:24:39,139 INFO     ___FILE_ONLY___ Skaffold (Platform Specific)                       
2024-12-04 13:24:39,139 INFO     ___FILE_ONLY___  
2024-12-04 13:24:39,139 INFO     ___FILE_ONLY___ │ 
2024-12-04 13:24:39,139 INFO     ___FILE_ONLY___     2.13.1
2024-12-04 13:24:39,139 INFO     ___FILE_ONLY___  
2024-12-04 13:24:39,139 INFO     ___FILE_ONLY___ │ 
2024-12-04 13:24:39,139 INFO     ___FILE_ONLY___ 22.9 MiB
2024-12-04 13:24:39,139 INFO     ___FILE_ONLY___  
2024-12-04 13:24:39,139 INFO     ___FILE_ONLY___ │
2024-12-04 13:24:39,139 INFO     ___FILE_ONLY___ 

2024-12-04 13:24:39,139 INFO     ___FILE_ONLY___ │ 
2024-12-04 13:24:39,139 INFO     ___FILE_ONLY___ gcloud Alpha Commands                              
2024-12-04 13:24:39,139 INFO     ___FILE_ONLY___  
2024-12-04 13:24:39,139 INFO     ___FILE_ONLY___ │ 
2024-12-04 13:24:39,139 INFO     ___FILE_ONLY___ 2024.11.15
2024-12-04 13:24:39,139 INFO     ___FILE_ONLY___  
2024-12-04 13:24:39,139 INFO     ___FILE_ONLY___ │ 
2024-12-04 13:24:39,139 INFO     ___FILE_ONLY___  < 1 MiB
2024-12-04 13:24:39,139 INFO     ___FILE_ONLY___  
2024-12-04 13:24:39,139 INFO     ___FILE_ONLY___ │
2024-12-04 13:24:39,139 INFO     ___FILE_ONLY___ 

2024-12-04 13:24:39,139 INFO     ___FILE_ONLY___ │ 
2024-12-04 13:24:39,139 INFO     ___FILE_ONLY___ gcloud Beta Commands                               
2024-12-04 13:24:39,139 INFO     ___FILE_ONLY___  
2024-12-04 13:24:39,140 INFO     ___FILE_ONLY___ │ 
2024-12-04 13:24:39,140 INFO     ___FILE_ONLY___ 2024.11.15
2024-12-04 13:24:39,140 INFO     ___FILE_ONLY___  
2024-12-04 13:24:39,140 INFO     ___FILE_ONLY___ │ 
2024-12-04 13:24:39,140 INFO     ___FILE_ONLY___  < 1 MiB
2024-12-04 13:24:39,140 INFO     ___FILE_ONLY___  
2024-12-04 13:24:39,140 INFO     ___FILE_ONLY___ │
2024-12-04 13:24:39,140 INFO     ___FILE_ONLY___ 

2024-12-04 13:24:39,140 INFO     ___FILE_ONLY___ │ 
2024-12-04 13:24:39,140 INFO     ___FILE_ONLY___ gcloud cli dependencies (Platform Specific)        
2024-12-04 13:24:39,140 INFO     ___FILE_ONLY___  
2024-12-04 13:24:39,140 INFO     ___FILE_ONLY___ │ 
2024-12-04 13:24:39,140 INFO     ___FILE_ONLY___ 2021.04.16
2024-12-04 13:24:39,140 INFO     ___FILE_ONLY___  
2024-12-04 13:24:39,140 INFO     ___FILE_ONLY___ │ 
2024-12-04 13:24:39,140 INFO     ___FILE_ONLY___  < 1 MiB
2024-12-04 13:24:39,140 INFO     ___FILE_ONLY___  
2024-12-04 13:24:39,140 INFO     ___FILE_ONLY___ │
2024-12-04 13:24:39,140 INFO     ___FILE_ONLY___ 

2024-12-04 13:24:39,140 INFO     ___FILE_ONLY___ │ 
2024-12-04 13:24:39,140 INFO     ___FILE_ONLY___ gke-gcloud-auth-plugin (Platform Specific)         
2024-12-04 13:24:39,140 INFO     ___FILE_ONLY___  
2024-12-04 13:24:39,140 INFO     ___FILE_ONLY___ │ 
2024-12-04 13:24:39,140 INFO     ___FILE_ONLY___      0.5.9
2024-12-04 13:24:39,141 INFO     ___FILE_ONLY___  
2024-12-04 13:24:39,141 INFO     ___FILE_ONLY___ │ 
2024-12-04 13:24:39,141 INFO     ___FILE_ONLY___  4.0 MiB
2024-12-04 13:24:39,141 INFO     ___FILE_ONLY___  
2024-12-04 13:24:39,141 INFO     ___FILE_ONLY___ │
2024-12-04 13:24:39,141 INFO     ___FILE_ONLY___ 

2024-12-04 13:24:39,141 INFO     ___FILE_ONLY___ │ 
2024-12-04 13:24:39,141 INFO     ___FILE_ONLY___ kubectl                                            
2024-12-04 13:24:39,141 INFO     ___FILE_ONLY___  
2024-12-04 13:24:39,141 INFO     ___FILE_ONLY___ │ 
2024-12-04 13:24:39,141 INFO     ___FILE_ONLY___     1.30.5
2024-12-04 13:24:39,141 INFO     ___FILE_ONLY___  
2024-12-04 13:24:39,141 INFO     ___FILE_ONLY___ │ 
2024-12-04 13:24:39,141 INFO     ___FILE_ONLY___  < 1 MiB
2024-12-04 13:24:39,141 INFO     ___FILE_ONLY___  
2024-12-04 13:24:39,141 INFO     ___FILE_ONLY___ │
2024-12-04 13:24:39,141 INFO     ___FILE_ONLY___ 

2024-12-04 13:24:39,141 INFO     ___FILE_ONLY___ │ 
2024-12-04 13:24:39,141 INFO     ___FILE_ONLY___ kubectl (Platform Specific)                        
2024-12-04 13:24:39,141 INFO     ___FILE_ONLY___  
2024-12-04 13:24:39,141 INFO     ___FILE_ONLY___ │ 
2024-12-04 13:24:39,141 INFO     ___FILE_ONLY___     1.30.6
2024-12-04 13:24:39,141 INFO     ___FILE_ONLY___  
2024-12-04 13:24:39,141 INFO     ___FILE_ONLY___ │ 
2024-12-04 13:24:39,141 INFO     ___FILE_ONLY___ 86.1 MiB
2024-12-04 13:24:39,141 INFO     ___FILE_ONLY___  
2024-12-04 13:24:39,142 INFO     ___FILE_ONLY___ │
2024-12-04 13:24:39,142 INFO     ___FILE_ONLY___ 

2024-12-04 13:24:39,142 INFO     ___FILE_ONLY___ └─────────────────────────────────────────────────────┴────────────┴──────────┘
2024-12-04 13:24:39,142 INFO     ___FILE_ONLY___ 

2024-12-04 13:24:39,142 INFO     ___FILE_ONLY___ 

2024-12-04 13:24:39,144 DEBUG    urllib3.connectionpool Starting new HTTPS connection (1): dl.google.com:443
2024-12-04 13:24:39,683 DEBUG    urllib3.connectionpool https://dl.google.com:443 "GET /dl/cloudsdk/channels/rapid/RELEASE_NOTES HTTP/1.1" 200 1314602
2024-12-04 13:24:40,286 INFO     ___FILE_ONLY___ For the latest full release notes, please visit:
  https://cloud.google.com/sdk/release_notes


2024-12-04 13:24:40,286 INFO     ___FILE_ONLY___ Performing in place update...


2024-12-04 13:24:40,291 INFO     ___FILE_ONLY___ ╔════════════════════════════════════════════════════════════╗

2024-12-04 13:24:40,291 INFO     ___FILE_ONLY___ ╠═ Downloading: Google Cloud CLI Core Libraries (Platfor... ═╣

2024-12-04 13:24:40,291 INFO     ___FILE_ONLY___ ╚
2024-12-04 13:24:40,293 DEBUG    urllib3.connectionpool Starting new HTTPS connection (1): dl.google.com:443
2024-12-04 13:24:40,825 DEBUG    urllib3.connectionpool https://dl.google.com:443 "GET /dl/cloudsdk/channels/rapid/components/google-cloud-sdk-core-nix-20240830134514.tar.gz HTTP/1.1" 200 2306
2024-12-04 13:24:40,828 INFO     ___FILE_ONLY___ ════════════════════════════════════════════════════════════
2024-12-04 13:24:40,828 INFO     ___FILE_ONLY___ ╝

2024-12-04 13:24:40,841 INFO     ___FILE_ONLY___ ╔════════════════════════════════════════════════════════════╗

2024-12-04 13:24:40,841 INFO     ___FILE_ONLY___ ╠═ Downloading: Minikube                                    ═╣

2024-12-04 13:24:40,841 INFO     ___FILE_ONLY___ ╚
2024-12-04 13:24:40,841 INFO     ___FILE_ONLY___ ════════════════════════════════════════════════════════════
2024-12-04 13:24:40,842 INFO     ___FILE_ONLY___ ╝

2024-12-04 13:24:40,852 INFO     ___FILE_ONLY___ ╔════════════════════════════════════════════════════════════╗

2024-12-04 13:24:40,852 INFO     ___FILE_ONLY___ ╠═ Downloading: Minikube (Platform Specific)                ═╣

2024-12-04 13:24:40,852 INFO     ___FILE_ONLY___ ╚
2024-12-04 13:24:40,856 DEBUG    urllib3.connectionpool Starting new HTTPS connection (1): dl.google.com:443
2024-12-04 13:24:41,387 DEBUG    urllib3.connectionpool https://dl.google.com:443 "GET /dl/cloudsdk/channels/rapid/components/google-cloud-sdk-minikube-darwin-arm-20240927140238.tar.gz HTTP/1.1" 200 38981244
2024-12-04 13:24:46,708 INFO     ___FILE_ONLY___ ═
2024-12-04 13:24:46,709 INFO     ___FILE_ONLY___ ═
2024-12-04 13:24:46,710 INFO     ___FILE_ONLY___ ═
2024-12-04 13:24:46,711 INFO     ___FILE_ONLY___ ═
2024-12-04 13:24:46,711 INFO     ___FILE_ONLY___ ═
2024-12-04 13:24:46,712 INFO     ___FILE_ONLY___ ═
2024-12-04 13:24:46,712 INFO     ___FILE_ONLY___ ═
2024-12-04 13:24:46,712 INFO     ___FILE_ONLY___ ═
2024-12-04 13:24:46,713 INFO     ___FILE_ONLY___ ═
2024-12-04 13:24:46,713 INFO     ___FILE_ONLY___ ═
2024-12-04 13:24:46,713 INFO     ___FILE_ONLY___ ═
2024-12-04 13:24:46,714 INFO     ___FILE_ONLY___ ═
2024-12-04 13:24:46,714 INFO     ___FILE_ONLY___ ═
2024-12-04 13:24:46,715 INFO     ___FILE_ONLY___ ═
2024-12-04 13:24:46,716 INFO     ___FILE_ONLY___ ═
2024-12-04 13:24:46,716 INFO     ___FILE_ONLY___ ═
2024-12-04 13:24:46,717 INFO     ___FILE_ONLY___ ═
2024-12-04 13:24:46,717 INFO     ___FILE_ONLY___ ═
2024-12-04 13:24:46,718 INFO     ___FILE_ONLY___ ═
2024-12-04 13:24:46,718 INFO     ___FILE_ONLY___ ═
2024-12-04 13:24:46,718 INFO     ___FILE_ONLY___ ═
2024-12-04 13:24:46,719 INFO     ___FILE_ONLY___ ═
2024-12-04 13:24:46,719 INFO     ___FILE_ONLY___ ═
2024-12-04 13:24:46,719 INFO     ___FILE_ONLY___ ═
2024-12-04 13:24:46,719 INFO     ___FILE_ONLY___ ═
2024-12-04 13:24:46,720 INFO     ___FILE_ONLY___ ═
2024-12-04 13:24:46,720 INFO     ___FILE_ONLY___ ═
2024-12-04 13:24:46,720 INFO     ___FILE_ONLY___ ═
2024-12-04 13:24:46,721 INFO     ___FILE_ONLY___ ═
2024-12-04 13:24:46,721 INFO     ___FILE_ONLY___ ═
2024-12-04 13:24:46,721 INFO     ___FILE_ONLY___ ═
2024-12-04 13:24:46,722 INFO     ___FILE_ONLY___ ═
2024-12-04 13:24:46,722 INFO     ___FILE_ONLY___ ═
2024-12-04 13:24:46,722 INFO     ___FILE_ONLY___ ═
2024-12-04 13:24:46,722 INFO     ___FILE_ONLY___ ═
2024-12-04 13:24:46,723 INFO     ___FILE_ONLY___ ═
2024-12-04 13:24:46,723 INFO     ___FILE_ONLY___ ═
2024-12-04 13:24:46,723 INFO     ___FILE_ONLY___ ═
2024-12-04 13:24:46,724 INFO     ___FILE_ONLY___ ═
2024-12-04 13:24:46,724 INFO     ___FILE_ONLY___ ═
2024-12-04 13:24:46,725 INFO     ___FILE_ONLY___ ═
2024-12-04 13:24:46,725 INFO     ___FILE_ONLY___ ═
2024-12-04 13:24:46,725 INFO     ___FILE_ONLY___ ═
2024-12-04 13:24:46,725 INFO     ___FILE_ONLY___ ═
2024-12-04 13:24:46,726 INFO     ___FILE_ONLY___ ═
2024-12-04 13:24:46,726 INFO     ___FILE_ONLY___ ═
2024-12-04 13:24:46,726 INFO     ___FILE_ONLY___ ═
2024-12-04 13:24:46,727 INFO     ___FILE_ONLY___ ═
2024-12-04 13:24:46,727 INFO     ___FILE_ONLY___ ═
2024-12-04 13:24:46,727 INFO     ___FILE_ONLY___ ═
2024-12-04 13:24:46,728 INFO     ___FILE_ONLY___ ═
2024-12-04 13:24:46,728 INFO     ___FILE_ONLY___ ═
2024-12-04 13:24:46,728 INFO     ___FILE_ONLY___ ═
2024-12-04 13:24:46,729 INFO     ___FILE_ONLY___ ═
2024-12-04 13:24:46,730 INFO     ___FILE_ONLY___ ═
2024-12-04 13:24:46,730 INFO     ___FILE_ONLY___ ═
2024-12-04 13:24:46,730 INFO     ___FILE_ONLY___ ═
2024-12-04 13:24:46,731 INFO     ___FILE_ONLY___ ═
2024-12-04 13:24:46,731 INFO     ___FILE_ONLY___ ═
2024-12-04 13:24:46,731 INFO     ___FILE_ONLY___ ═
2024-12-04 13:24:46,731 INFO     ___FILE_ONLY___ ╝

2024-12-04 13:24:46,737 INFO     ___FILE_ONLY___ ╔════════════════════════════════════════════════════════════╗

2024-12-04 13:24:46,737 INFO     ___FILE_ONLY___ ╠═ Downloading: Skaffold                                    ═╣

2024-12-04 13:24:46,737 INFO     ___FILE_ONLY___ ╚
2024-12-04 13:24:46,738 INFO     ___FILE_ONLY___ ════════════════════════════════════════════════════════════
2024-12-04 13:24:46,738 INFO     ___FILE_ONLY___ ╝

2024-12-04 13:24:46,743 INFO     ___FILE_ONLY___ ╔════════════════════════════════════════════════════════════╗

2024-12-04 13:24:46,743 INFO     ___FILE_ONLY___ ╠═ Downloading: Skaffold (Platform Specific)                ═╣

2024-12-04 13:24:46,743 INFO     ___FILE_ONLY___ ╚
2024-12-04 13:24:46,746 DEBUG    urllib3.connectionpool Starting new HTTPS connection (1): dl.google.com:443
2024-12-04 13:24:47,268 DEBUG    urllib3.connectionpool https://dl.google.com:443 "GET /dl/cloudsdk/channels/rapid/components/google-cloud-sdk-skaffold-darwin-arm-20240806142304.tar.gz HTTP/1.1" 200 24031362
2024-12-04 13:24:50,842 INFO     ___FILE_ONLY___ ═
2024-12-04 13:24:50,842 INFO     ___FILE_ONLY___ ═
2024-12-04 13:24:50,842 INFO     ___FILE_ONLY___ ═
2024-12-04 13:24:50,843 INFO     ___FILE_ONLY___ ═
2024-12-04 13:24:50,843 INFO     ___FILE_ONLY___ ═
2024-12-04 13:24:50,843 INFO     ___FILE_ONLY___ ═
2024-12-04 13:24:50,843 INFO     ___FILE_ONLY___ ═
2024-12-04 13:24:50,843 INFO     ___FILE_ONLY___ ═
2024-12-04 13:24:50,844 INFO     ___FILE_ONLY___ ═
2024-12-04 13:24:50,844 INFO     ___FILE_ONLY___ ═
2024-12-04 13:24:50,844 INFO     ___FILE_ONLY___ ═
2024-12-04 13:24:50,844 INFO     ___FILE_ONLY___ ═
2024-12-04 13:24:50,845 INFO     ___FILE_ONLY___ ═
2024-12-04 13:24:50,845 INFO     ___FILE_ONLY___ ═
2024-12-04 13:24:50,845 INFO     ___FILE_ONLY___ ═
2024-12-04 13:24:50,845 INFO     ___FILE_ONLY___ ═
2024-12-04 13:24:50,845 INFO     ___FILE_ONLY___ ═
2024-12-04 13:24:50,846 INFO     ___FILE_ONLY___ ═
2024-12-04 13:24:50,846 INFO     ___FILE_ONLY___ ═
2024-12-04 13:24:50,846 INFO     ___FILE_ONLY___ ═
2024-12-04 13:24:50,846 INFO     ___FILE_ONLY___ ═
2024-12-04 13:24:50,847 INFO     ___FILE_ONLY___ ═
2024-12-04 13:24:50,847 INFO     ___FILE_ONLY___ ═
2024-12-04 13:24:50,847 INFO     ___FILE_ONLY___ ═
2024-12-04 13:24:50,847 INFO     ___FILE_ONLY___ ═
2024-12-04 13:24:50,848 INFO     ___FILE_ONLY___ ═
2024-12-04 13:24:50,848 INFO     ___FILE_ONLY___ ═
2024-12-04 13:24:50,848 INFO     ___FILE_ONLY___ ═
2024-12-04 13:24:50,848 INFO     ___FILE_ONLY___ ═
2024-12-04 13:24:50,848 INFO     ___FILE_ONLY___ ═
2024-12-04 13:24:50,849 INFO     ___FILE_ONLY___ ═
2024-12-04 13:24:50,849 INFO     ___FILE_ONLY___ ═
2024-12-04 13:24:50,849 INFO     ___FILE_ONLY___ ═
2024-12-04 13:24:50,849 INFO     ___FILE_ONLY___ ═
2024-12-04 13:24:50,849 INFO     ___FILE_ONLY___ ═
2024-12-04 13:24:50,850 INFO     ___FILE_ONLY___ ═
2024-12-04 13:24:50,850 INFO     ___FILE_ONLY___ ═
2024-12-04 13:24:50,850 INFO     ___FILE_ONLY___ ═
2024-12-04 13:24:50,850 INFO     ___FILE_ONLY___ ═
2024-12-04 13:24:50,851 INFO     ___FILE_ONLY___ ═
2024-12-04 13:24:50,851 INFO     ___FILE_ONLY___ ═
2024-12-04 13:24:50,851 INFO     ___FILE_ONLY___ ═
2024-12-04 13:24:50,851 INFO     ___FILE_ONLY___ ═
2024-12-04 13:24:50,852 INFO     ___FILE_ONLY___ ═
2024-12-04 13:24:50,852 INFO     ___FILE_ONLY___ ═
2024-12-04 13:24:50,852 INFO     ___FILE_ONLY___ ═
2024-12-04 13:24:50,852 INFO     ___FILE_ONLY___ ═
2024-12-04 13:24:50,852 INFO     ___FILE_ONLY___ ═
2024-12-04 13:24:50,853 INFO     ___FILE_ONLY___ ═
2024-12-04 13:24:50,853 INFO     ___FILE_ONLY___ ═
2024-12-04 13:24:50,853 INFO     ___FILE_ONLY___ ═
2024-12-04 13:24:50,853 INFO     ___FILE_ONLY___ ═
2024-12-04 13:24:50,854 INFO     ___FILE_ONLY___ ═
2024-12-04 13:24:50,854 INFO     ___FILE_ONLY___ ═
2024-12-04 13:24:50,854 INFO     ___FILE_ONLY___ ═
2024-12-04 13:24:50,854 INFO     ___FILE_ONLY___ ═
2024-12-04 13:24:50,854 INFO     ___FILE_ONLY___ ═
2024-12-04 13:24:50,854 INFO     ___FILE_ONLY___ ═
2024-12-04 13:24:50,855 INFO     ___FILE_ONLY___ ═
2024-12-04 13:24:50,855 INFO     ___FILE_ONLY___ ═
2024-12-04 13:24:50,855 INFO     ___FILE_ONLY___ ╝

2024-12-04 13:24:50,861 INFO     ___FILE_ONLY___ ╔════════════════════════════════════════════════════════════╗

2024-12-04 13:24:50,861 INFO     ___FILE_ONLY___ ╠═ Downloading: gcloud Alpha Commands                       ═╣

2024-12-04 13:24:50,861 INFO     ___FILE_ONLY___ ╚
2024-12-04 13:24:50,863 DEBUG    urllib3.connectionpool Starting new HTTPS connection (1): dl.google.com:443
2024-12-04 13:24:51,391 DEBUG    urllib3.connectionpool https://dl.google.com:443 "GET /dl/cloudsdk/channels/rapid/components/google-cloud-sdk-alpha-20241115154308.tar.gz HTTP/1.1" 200 800
2024-12-04 13:24:51,393 INFO     ___FILE_ONLY___ ════════════════════════════════════════════════════════════
2024-12-04 13:24:51,393 INFO     ___FILE_ONLY___ ╝

2024-12-04 13:24:51,401 INFO     ___FILE_ONLY___ ╔════════════════════════════════════════════════════════════╗

2024-12-04 13:24:51,401 INFO     ___FILE_ONLY___ ╠═ Downloading: gcloud Beta Commands                        ═╣

2024-12-04 13:24:51,401 INFO     ___FILE_ONLY___ ╚
2024-12-04 13:24:51,404 DEBUG    urllib3.connectionpool Starting new HTTPS connection (1): dl.google.com:443
2024-12-04 13:24:51,929 DEBUG    urllib3.connectionpool https://dl.google.com:443 "GET /dl/cloudsdk/channels/rapid/components/google-cloud-sdk-beta-20241115154308.tar.gz HTTP/1.1" 200 797
2024-12-04 13:24:51,930 INFO     ___FILE_ONLY___ ════════════════════════════════════════════════════════════
2024-12-04 13:24:51,930 INFO     ___FILE_ONLY___ ╝

2024-12-04 13:24:51,937 INFO     ___FILE_ONLY___ ╔════════════════════════════════════════════════════════════╗

2024-12-04 13:24:51,937 INFO     ___FILE_ONLY___ ╠═ Downloading: gcloud cli dependencies (Platform Specific) ═╣

2024-12-04 13:24:51,937 INFO     ___FILE_ONLY___ ╚
2024-12-04 13:24:51,940 DEBUG    urllib3.connectionpool Starting new HTTPS connection (1): dl.google.com:443
2024-12-04 13:24:52,468 DEBUG    urllib3.connectionpool https://dl.google.com:443 "GET /dl/cloudsdk/channels/rapid/components/google-cloud-sdk-gcloud-deps-darwin-x86_64-20210416153011.tar.gz HTTP/1.1" 200 105
2024-12-04 13:24:52,469 INFO     ___FILE_ONLY___ ════════════════════════════════════════════════════════════
2024-12-04 13:24:52,469 INFO     ___FILE_ONLY___ ╝

2024-12-04 13:24:52,475 INFO     ___FILE_ONLY___ ╔════════════════════════════════════════════════════════════╗

2024-12-04 13:24:52,475 INFO     ___FILE_ONLY___ ╠═ Downloading: gke-gcloud-auth-plugin                      ═╣

2024-12-04 13:24:52,475 INFO     ___FILE_ONLY___ ╚
2024-12-04 13:24:52,475 INFO     ___FILE_ONLY___ ════════════════════════════════════════════════════════════
2024-12-04 13:24:52,475 INFO     ___FILE_ONLY___ ╝

2024-12-04 13:24:52,481 INFO     ___FILE_ONLY___ ╔════════════════════════════════════════════════════════════╗

2024-12-04 13:24:52,481 INFO     ___FILE_ONLY___ ╠═ Downloading: gke-gcloud-auth-plugin (Platform Specific)  ═╣

2024-12-04 13:24:52,481 INFO     ___FILE_ONLY___ ╚
2024-12-04 13:24:52,484 DEBUG    urllib3.connectionpool Starting new HTTPS connection (1): dl.google.com:443
2024-12-04 13:24:53,010 DEBUG    urllib3.connectionpool https://dl.google.com:443 "GET /dl/cloudsdk/channels/rapid/components/google-cloud-sdk-gke-gcloud-auth-plugin-darwin-arm-20240628141907.tar.gz HTTP/1.1" 200 4148014
2024-12-04 13:24:54,022 INFO     ___FILE_ONLY___ ═
2024-12-04 13:24:54,022 INFO     ___FILE_ONLY___ ═
2024-12-04 13:24:54,022 INFO     ___FILE_ONLY___ ═
2024-12-04 13:24:54,022 INFO     ___FILE_ONLY___ ═
2024-12-04 13:24:54,022 INFO     ___FILE_ONLY___ ═
2024-12-04 13:24:54,022 INFO     ___FILE_ONLY___ ═
2024-12-04 13:24:54,023 INFO     ___FILE_ONLY___ ═
2024-12-04 13:24:54,023 INFO     ___FILE_ONLY___ ═
2024-12-04 13:24:54,023 INFO     ___FILE_ONLY___ ═
2024-12-04 13:24:54,023 INFO     ___FILE_ONLY___ ═
2024-12-04 13:24:54,023 INFO     ___FILE_ONLY___ ═
2024-12-04 13:24:54,023 INFO     ___FILE_ONLY___ ═
2024-12-04 13:24:54,023 INFO     ___FILE_ONLY___ ═
2024-12-04 13:24:54,023 INFO     ___FILE_ONLY___ ═
2024-12-04 13:24:54,023 INFO     ___FILE_ONLY___ ═
2024-12-04 13:24:54,023 INFO     ___FILE_ONLY___ ═
2024-12-04 13:24:54,023 INFO     ___FILE_ONLY___ ═
2024-12-04 13:24:54,023 INFO     ___FILE_ONLY___ ═
2024-12-04 13:24:54,024 INFO     ___FILE_ONLY___ ═
2024-12-04 13:24:54,024 INFO     ___FILE_ONLY___ ═
2024-12-04 13:24:54,024 INFO     ___FILE_ONLY___ ═
2024-12-04 13:24:54,024 INFO     ___FILE_ONLY___ ═
2024-12-04 13:24:54,024 INFO     ___FILE_ONLY___ ═
2024-12-04 13:24:54,024 INFO     ___FILE_ONLY___ ═
2024-12-04 13:24:54,024 INFO     ___FILE_ONLY___ ═
2024-12-04 13:24:54,024 INFO     ___FILE_ONLY___ ═
2024-12-04 13:24:54,024 INFO     ___FILE_ONLY___ ═
2024-12-04 13:24:54,024 INFO     ___FILE_ONLY___ ═
2024-12-04 13:24:54,024 INFO     ___FILE_ONLY___ ═
2024-12-04 13:24:54,024 INFO     ___FILE_ONLY___ ═
2024-12-04 13:24:54,024 INFO     ___FILE_ONLY___ ═
2024-12-04 13:24:54,024 INFO     ___FILE_ONLY___ ═
2024-12-04 13:24:54,025 INFO     ___FILE_ONLY___ ═
2024-12-04 13:24:54,025 INFO     ___FILE_ONLY___ ═
2024-12-04 13:24:54,025 INFO     ___FILE_ONLY___ ═
2024-12-04 13:24:54,025 INFO     ___FILE_ONLY___ ═
2024-12-04 13:24:54,025 INFO     ___FILE_ONLY___ ═
2024-12-04 13:24:54,025 INFO     ___FILE_ONLY___ ═
2024-12-04 13:24:54,025 INFO     ___FILE_ONLY___ ═
2024-12-04 13:24:54,025 INFO     ___FILE_ONLY___ ═
2024-12-04 13:24:54,025 INFO     ___FILE_ONLY___ ═
2024-12-04 13:24:54,025 INFO     ___FILE_ONLY___ ═
2024-12-04 13:24:54,025 INFO     ___FILE_ONLY___ ═
2024-12-04 13:24:54,025 INFO     ___FILE_ONLY___ ═
2024-12-04 13:24:54,025 INFO     ___FILE_ONLY___ ═
2024-12-04 13:24:54,025 INFO     ___FILE_ONLY___ ═
2024-12-04 13:24:54,025 INFO     ___FILE_ONLY___ ═
2024-12-04 13:24:54,026 INFO     ___FILE_ONLY___ ═
2024-12-04 13:24:54,026 INFO     ___FILE_ONLY___ ═
2024-12-04 13:24:54,026 INFO     ___FILE_ONLY___ ═
2024-12-04 13:24:54,026 INFO     ___FILE_ONLY___ ═
2024-12-04 13:24:54,026 INFO     ___FILE_ONLY___ ═
2024-12-04 13:24:54,026 INFO     ___FILE_ONLY___ ═
2024-12-04 13:24:54,026 INFO     ___FILE_ONLY___ ═
2024-12-04 13:24:54,026 INFO     ___FILE_ONLY___ ═
2024-12-04 13:24:54,026 INFO     ___FILE_ONLY___ ═
2024-12-04 13:24:54,026 INFO     ___FILE_ONLY___ ═
2024-12-04 13:24:54,026 INFO     ___FILE_ONLY___ ═
2024-12-04 13:24:54,026 INFO     ___FILE_ONLY___ ═
2024-12-04 13:24:54,026 INFO     ___FILE_ONLY___ ═
2024-12-04 13:24:54,026 INFO     ___FILE_ONLY___ ╝

2024-12-04 13:24:54,032 INFO     ___FILE_ONLY___ ╔════════════════════════════════════════════════════════════╗

2024-12-04 13:24:54,033 INFO     ___FILE_ONLY___ ╠═ Downloading: kubectl                                     ═╣

2024-12-04 13:24:54,033 INFO     ___FILE_ONLY___ ╚
2024-12-04 13:24:54,039 DEBUG    urllib3.connectionpool Starting new HTTPS connection (1): dl.google.com:443
2024-12-04 13:24:54,565 DEBUG    urllib3.connectionpool https://dl.google.com:443 "GET /dl/cloudsdk/channels/rapid/components/google-cloud-sdk-kubectl-20241004144944.tar.gz HTTP/1.1" 200 36206
2024-12-04 13:24:54,637 INFO     ___FILE_ONLY___ ═══════════════════════════
2024-12-04 13:24:54,638 INFO     ___FILE_ONLY___ ═══════════════════════════
2024-12-04 13:24:54,638 INFO     ___FILE_ONLY___ ══════
2024-12-04 13:24:54,638 INFO     ___FILE_ONLY___ ╝

2024-12-04 13:24:54,646 INFO     ___FILE_ONLY___ ╔════════════════════════════════════════════════════════════╗

2024-12-04 13:24:54,646 INFO     ___FILE_ONLY___ ╠═ Downloading: kubectl (Platform Specific)                 ═╣

2024-12-04 13:24:54,646 INFO     ___FILE_ONLY___ ╚
2024-12-04 13:24:54,649 DEBUG    urllib3.connectionpool Starting new HTTPS connection (1): dl.google.com:443
2024-12-04 13:24:55,183 DEBUG    urllib3.connectionpool https://dl.google.com:443 "GET /dl/cloudsdk/channels/rapid/components/google-cloud-sdk-kubectl-darwin-arm-20241108162203.tar.gz HTTP/1.1" 200 90277960
2024-12-04 13:25:04,152 INFO     ___FILE_ONLY___ ═
2024-12-04 13:25:04,153 INFO     ___FILE_ONLY___ ═
2024-12-04 13:25:04,153 INFO     ___FILE_ONLY___ ═
2024-12-04 13:25:04,154 INFO     ___FILE_ONLY___ ═
2024-12-04 13:25:04,154 INFO     ___FILE_ONLY___ ═
2024-12-04 13:25:04,155 INFO     ___FILE_ONLY___ ═
2024-12-04 13:25:04,156 INFO     ___FILE_ONLY___ ═
2024-12-04 13:25:04,157 INFO     ___FILE_ONLY___ ═
2024-12-04 13:25:04,157 INFO     ___FILE_ONLY___ ═
2024-12-04 13:25:04,158 INFO     ___FILE_ONLY___ ═
2024-12-04 13:25:04,159 INFO     ___FILE_ONLY___ ═
2024-12-04 13:25:04,159 INFO     ___FILE_ONLY___ ═
2024-12-04 13:25:04,160 INFO     ___FILE_ONLY___ ═
2024-12-04 13:25:04,161 INFO     ___FILE_ONLY___ ═
2024-12-04 13:25:04,161 INFO     ___FILE_ONLY___ ═
2024-12-04 13:25:04,162 INFO     ___FILE_ONLY___ ═
2024-12-04 13:25:04,163 INFO     ___FILE_ONLY___ ═
2024-12-04 13:25:04,163 INFO     ___FILE_ONLY___ ═
2024-12-04 13:25:04,164 INFO     ___FILE_ONLY___ ═
2024-12-04 13:25:04,165 INFO     ___FILE_ONLY___ ═
2024-12-04 13:25:04,166 INFO     ___FILE_ONLY___ ═
2024-12-04 13:25:04,166 INFO     ___FILE_ONLY___ ═
2024-12-04 13:25:04,167 INFO     ___FILE_ONLY___ ═
2024-12-04 13:25:04,168 INFO     ___FILE_ONLY___ ═
2024-12-04 13:25:04,169 INFO     ___FILE_ONLY___ ═
2024-12-04 13:25:04,169 INFO     ___FILE_ONLY___ ═
2024-12-04 13:25:04,170 INFO     ___FILE_ONLY___ ═
2024-12-04 13:25:04,170 INFO     ___FILE_ONLY___ ═
2024-12-04 13:25:04,171 INFO     ___FILE_ONLY___ ═
2024-12-04 13:25:04,172 INFO     ___FILE_ONLY___ ═
2024-12-04 13:25:04,172 INFO     ___FILE_ONLY___ ═
2024-12-04 13:25:04,173 INFO     ___FILE_ONLY___ ═
2024-12-04 13:25:04,174 INFO     ___FILE_ONLY___ ═
2024-12-04 13:25:04,175 INFO     ___FILE_ONLY___ ═
2024-12-04 13:25:04,175 INFO     ___FILE_ONLY___ ═
2024-12-04 13:25:04,176 INFO     ___FILE_ONLY___ ═
2024-12-04 13:25:04,177 INFO     ___FILE_ONLY___ ═
2024-12-04 13:25:04,177 INFO     ___FILE_ONLY___ ═
2024-12-04 13:25:04,178 INFO     ___FILE_ONLY___ ═
2024-12-04 13:25:04,179 INFO     ___FILE_ONLY___ ═
2024-12-04 13:25:04,179 INFO     ___FILE_ONLY___ ═
2024-12-04 13:25:04,180 INFO     ___FILE_ONLY___ ═
2024-12-04 13:25:04,181 INFO     ___FILE_ONLY___ ═
2024-12-04 13:25:04,181 INFO     ___FILE_ONLY___ ═
2024-12-04 13:25:04,182 INFO     ___FILE_ONLY___ ═
2024-12-04 13:25:04,183 INFO     ___FILE_ONLY___ ═
2024-12-04 13:25:04,183 INFO     ___FILE_ONLY___ ═
2024-12-04 13:25:04,184 INFO     ___FILE_ONLY___ ═
2024-12-04 13:25:04,184 INFO     ___FILE_ONLY___ ═
2024-12-04 13:25:04,185 INFO     ___FILE_ONLY___ ═
2024-12-04 13:25:04,186 INFO     ___FILE_ONLY___ ═
2024-12-04 13:25:04,186 INFO     ___FILE_ONLY___ ═
2024-12-04 13:25:04,187 INFO     ___FILE_ONLY___ ═
2024-12-04 13:25:04,187 INFO     ___FILE_ONLY___ ═
2024-12-04 13:25:04,188 INFO     ___FILE_ONLY___ ═
2024-12-04 13:25:04,189 INFO     ___FILE_ONLY___ ═
2024-12-04 13:25:04,190 INFO     ___FILE_ONLY___ ═
2024-12-04 13:25:04,190 INFO     ___FILE_ONLY___ ═
2024-12-04 13:25:04,191 INFO     ___FILE_ONLY___ ═
2024-12-04 13:25:04,191 INFO     ___FILE_ONLY___ ═
2024-12-04 13:25:04,191 INFO     ___FILE_ONLY___ ╝

2024-12-04 13:25:04,200 INFO     ___FILE_ONLY___ ╔════════════════════════════════════════════════════════════╗

2024-12-04 13:25:04,200 INFO     ___FILE_ONLY___ ╠═ Installing: Google Cloud CLI Core Libraries (Platform... ═╣

2024-12-04 13:25:04,200 INFO     ___FILE_ONLY___ ╚
2024-12-04 13:25:04,204 INFO     ___FILE_ONLY___ ══════════════════════════════
2024-12-04 13:25:04,204 INFO     ___FILE_ONLY___ ══════════════════════════════
2024-12-04 13:25:04,204 INFO     ___FILE_ONLY___ ╝

2024-12-04 13:25:04,215 INFO     ___FILE_ONLY___ ╔════════════════════════════════════════════════════════════╗

2024-12-04 13:25:04,215 INFO     ___FILE_ONLY___ ╠═ Installing: Minikube                                     ═╣

2024-12-04 13:25:04,215 INFO     ___FILE_ONLY___ ╚
2024-12-04 13:25:04,221 INFO     ___FILE_ONLY___ ════════════════════════════════════════════════════════════
2024-12-04 13:25:04,221 INFO     ___FILE_ONLY___ ╝

2024-12-04 13:25:04,227 INFO     ___FILE_ONLY___ ╔════════════════════════════════════════════════════════════╗

2024-12-04 13:25:04,227 INFO     ___FILE_ONLY___ ╠═ Installing: Minikube (Platform Specific)                 ═╣

2024-12-04 13:25:04,227 INFO     ___FILE_ONLY___ ╚
2024-12-04 13:25:04,567 INFO     ___FILE_ONLY___ ════════════════════════════════════════════════════════════
2024-12-04 13:25:04,567 INFO     ___FILE_ONLY___ ╝

2024-12-04 13:25:04,575 INFO     ___FILE_ONLY___ ╔════════════════════════════════════════════════════════════╗

2024-12-04 13:25:04,576 INFO     ___FILE_ONLY___ ╠═ Installing: Skaffold                                     ═╣

2024-12-04 13:25:04,576 INFO     ___FILE_ONLY___ ╚
2024-12-04 13:25:04,578 INFO     ___FILE_ONLY___ ════════════════════════════════════════════════════════════
2024-12-04 13:25:04,578 INFO     ___FILE_ONLY___ ╝

2024-12-04 13:25:04,583 INFO     ___FILE_ONLY___ ╔════════════════════════════════════════════════════════════╗

2024-12-04 13:25:04,583 INFO     ___FILE_ONLY___ ╠═ Installing: Skaffold (Platform Specific)                 ═╣

2024-12-04 13:25:04,583 INFO     ___FILE_ONLY___ ╚
2024-12-04 13:25:04,867 INFO     ___FILE_ONLY___ ════════════════════════════════════════════════════════════
2024-12-04 13:25:04,867 INFO     ___FILE_ONLY___ ╝

2024-12-04 13:25:04,876 INFO     ___FILE_ONLY___ ╔════════════════════════════════════════════════════════════╗

2024-12-04 13:25:04,876 INFO     ___FILE_ONLY___ ╠═ Installing: gcloud Alpha Commands                        ═╣

2024-12-04 13:25:04,876 INFO     ___FILE_ONLY___ ╚
2024-12-04 13:25:04,879 INFO     ___FILE_ONLY___ ════════════════════════════════════════════════════════════
2024-12-04 13:25:04,879 INFO     ___FILE_ONLY___ ╝

2024-12-04 13:25:04,887 INFO     ___FILE_ONLY___ ╔════════════════════════════════════════════════════════════╗

2024-12-04 13:25:04,887 INFO     ___FILE_ONLY___ ╠═ Installing: gcloud Beta Commands                         ═╣

2024-12-04 13:25:04,887 INFO     ___FILE_ONLY___ ╚
2024-12-04 13:25:04,890 INFO     ___FILE_ONLY___ ════════════════════════════════════════════════════════════
2024-12-04 13:25:04,890 INFO     ___FILE_ONLY___ ╝

2024-12-04 13:25:04,897 INFO     ___FILE_ONLY___ ╔════════════════════════════════════════════════════════════╗

2024-12-04 13:25:04,897 INFO     ___FILE_ONLY___ ╠═ Installing: gcloud cli dependencies (Platform Specific)  ═╣

2024-12-04 13:25:04,897 INFO     ___FILE_ONLY___ ╚
2024-12-04 13:25:04,899 INFO     ___FILE_ONLY___ ════════════════════════════════════════════════════════════
2024-12-04 13:25:04,899 INFO     ___FILE_ONLY___ ╝

2024-12-04 13:25:04,907 INFO     ___FILE_ONLY___ ╔════════════════════════════════════════════════════════════╗

2024-12-04 13:25:04,908 INFO     ___FILE_ONLY___ ╠═ Installing: gke-gcloud-auth-plugin                       ═╣

2024-12-04 13:25:04,908 INFO     ___FILE_ONLY___ ╚
2024-12-04 13:25:04,910 INFO     ___FILE_ONLY___ ════════════════════════════════════════════════════════════
2024-12-04 13:25:04,911 INFO     ___FILE_ONLY___ ╝

2024-12-04 13:25:04,915 INFO     ___FILE_ONLY___ ╔════════════════════════════════════════════════════════════╗

2024-12-04 13:25:04,915 INFO     ___FILE_ONLY___ ╠═ Installing: gke-gcloud-auth-plugin (Platform Specific)   ═╣

2024-12-04 13:25:04,915 INFO     ___FILE_ONLY___ ╚
2024-12-04 13:25:04,965 INFO     ___FILE_ONLY___ ════════════════════════════════════════════════════════════
2024-12-04 13:25:04,965 INFO     ___FILE_ONLY___ ╝

2024-12-04 13:25:04,973 INFO     ___FILE_ONLY___ ╔════════════════════════════════════════════════════════════╗

2024-12-04 13:25:04,973 INFO     ___FILE_ONLY___ ╠═ Installing: kubectl                                      ═╣

2024-12-04 13:25:04,973 INFO     ___FILE_ONLY___ ╚
2024-12-04 13:25:04,977 INFO     ___FILE_ONLY___ ════════════════════════════════════════════════════════════
2024-12-04 13:25:04,977 INFO     ___FILE_ONLY___ ╝

2024-12-04 13:25:04,985 INFO     ___FILE_ONLY___ ╔════════════════════════════════════════════════════════════╗

2024-12-04 13:25:04,985 INFO     ___FILE_ONLY___ ╠═ Installing: kubectl (Platform Specific)                  ═╣

2024-12-04 13:25:04,985 INFO     ___FILE_ONLY___ ╚
2024-12-04 13:25:05,541 INFO     ___FILE_ONLY___ ══════════
2024-12-04 13:25:05,636 INFO     ___FILE_ONLY___ ══════════
2024-12-04 13:25:05,733 INFO     ___FILE_ONLY___ ══════════
2024-12-04 13:25:05,830 INFO     ___FILE_ONLY___ ══════════
2024-12-04 13:25:05,930 INFO     ___FILE_ONLY___ ══════════
2024-12-04 13:25:06,037 INFO     ___FILE_ONLY___ ══════════
2024-12-04 13:25:06,037 INFO     ___FILE_ONLY___ ╝

2024-12-04 13:25:06,065 DEBUG    root            Updating notification cache...
2024-12-04 13:25:06,066 INFO     ___FILE_ONLY___ 

2024-12-04 13:25:06,072 INFO     ___FILE_ONLY___ Performing post processing steps...
2024-12-04 13:25:06,073 DEBUG    root            Executing command: ['/Users/wbrunson/Library/Application Support/cloud-code/installer/google-cloud-sdk/bin/gcloud', 'components', 'post-process', '--no-compile-python']
2024-12-04 13:25:06,602 DEBUG    ___FILE_ONLY___ 
2024-12-04 13:25:06,602 DEBUG    ___FILE_ONLY___ 
2024-12-04 13:25:06,839 INFO     ___FILE_ONLY___ 
Update done!


2024-12-04 13:25:06,841 DEBUG    root            Chosen display Format:none
2024-12-04 13:25:06,841 INFO     root            Display format: "none"
2024-12-04 13:25:06,844 DEBUG    root            Executing command: ['curl', '--silent', '-O', 'https://dl.google.com/dl/cloudsdk/channels/rapid/python-3.11.6-macos11.tar.gz']
2024-12-04 13:25:14,118 DEBUG    root            Executing command: ['tar', '-xf', 'python-3.11.6-macos11.tar.gz']
2024-12-04 13:25:14,199 DEBUG    root            Executing command: ['sudo', 'installer', '-target', '/', '-pkg', './python-3.11.6-macos11.pkg']
