2024-12-04 13:23:14,962 DEBUG    root            Metrics collector initialized...
2024-12-04 13:23:14,963 DEBUG    root            Loaded Command Group: ['gcloud', 'components']
2024-12-04 13:23:14,965 DEBUG    root            Loaded Command Group: ['gcloud', 'components', 'update']
2024-12-04 13:23:14,966 DEBUG    root            Running [gcloud.components.update] with arguments: [--no-compile-python: "False", --quiet: "True", COMPONENT-IDS:6: "['alpha', 'beta', 'gke-gcloud-auth-plugin', 'kubectl', 'skaffold', 'minikube']"]
2024-12-04 13:23:14,966 INFO     ___FILE_ONLY___ Beginning update. This process may take several minutes.

2024-12-04 13:23:14,979 DEBUG    urllib3.connectionpool Starting new HTTPS connection (1): dl.google.com:443
2024-12-04 13:23:15,534 DEBUG    urllib3.connectionpool https://dl.google.com:443 "GET /dl/cloudsdk/channels/rapid/components-2.json HTTP/1.1" 200 227816
2024-12-04 13:23:15,770 INFO     ___FILE_ONLY___ 

2024-12-04 13:23:15,771 INFO     ___FILE_ONLY___ 
Your current Google Cloud CLI version is: 502.0.0

2024-12-04 13:23:15,771 INFO     ___FILE_ONLY___ Installing components from version: 502.0.0

2024-12-04 13:23:15,771 INFO     ___FILE_ONLY___ 

2024-12-04 13:23:15,771 DEBUG    root            Chosen display Format:table[box,title="These components will be removed."](details.display_name:label=Name:align=left,version.version_string:label=Version:align=right,data.size.size(zero="",min=1048576):label=Size:align=right)
2024-12-04 13:23:15,771 DEBUG    root            Chosen display Format:table[box,title="These components will be updated."](details.display_name:label=Name:align=left,version.version_string:label=Version:align=right,data.size.size(zero="",min=1048576):label=Size:align=right)
2024-12-04 13:23:15,772 DEBUG    root            Chosen display Format:table[box,title="These components will be installed."](details.display_name:label=Name:align=left,version.version_string:label=Version:align=right,data.size.size(zero="",min=1048576):label=Size:align=right)
2024-12-04 13:23:15,789 INFO     ___FILE_ONLY___ ┌─────────────────────────────────────────────────────────────────────────────┐
2024-12-04 13:23:15,789 INFO     ___FILE_ONLY___ 

2024-12-04 13:23:15,789 INFO     ___FILE_ONLY___ │                     These components will be installed.                     │
2024-12-04 13:23:15,789 INFO     ___FILE_ONLY___ 

2024-12-04 13:23:15,789 INFO     ___FILE_ONLY___ ├─────────────────────────────────────────────────────┬────────────┬──────────┤
2024-12-04 13:23:15,789 INFO     ___FILE_ONLY___ 

2024-12-04 13:23:15,789 INFO     ___FILE_ONLY___ │                         Name                        │  Version   │   Size   │
2024-12-04 13:23:15,789 INFO     ___FILE_ONLY___ 

2024-12-04 13:23:15,789 INFO     ___FILE_ONLY___ ├─────────────────────────────────────────────────────┼────────────┼──────────┤
2024-12-04 13:23:15,789 INFO     ___FILE_ONLY___ 

2024-12-04 13:23:15,789 INFO     ___FILE_ONLY___ │ 
2024-12-04 13:23:15,789 INFO     ___FILE_ONLY___ Google Cloud CLI Core Libraries (Platform Specific)
2024-12-04 13:23:15,789 INFO     ___FILE_ONLY___  
2024-12-04 13:23:15,789 INFO     ___FILE_ONLY___ │ 
2024-12-04 13:23:15,789 INFO     ___FILE_ONLY___ 2024.08.30
2024-12-04 13:23:15,789 INFO     ___FILE_ONLY___  
2024-12-04 13:23:15,789 INFO     ___FILE_ONLY___ │ 
2024-12-04 13:23:15,789 INFO     ___FILE_ONLY___  < 1 MiB
2024-12-04 13:23:15,789 INFO     ___FILE_ONLY___  
2024-12-04 13:23:15,789 INFO     ___FILE_ONLY___ │
2024-12-04 13:23:15,789 INFO     ___FILE_ONLY___ 

2024-12-04 13:23:15,789 INFO     ___FILE_ONLY___ │ 
2024-12-04 13:23:15,790 INFO     ___FILE_ONLY___ Minikube (Platform Specific)                       
2024-12-04 13:23:15,790 INFO     ___FILE_ONLY___  
2024-12-04 13:23:15,790 INFO     ___FILE_ONLY___ │ 
2024-12-04 13:23:15,790 INFO     ___FILE_ONLY___     1.34.0
2024-12-04 13:23:15,790 INFO     ___FILE_ONLY___  
2024-12-04 13:23:15,790 INFO     ___FILE_ONLY___ │ 
2024-12-04 13:23:15,790 INFO     ___FILE_ONLY___ 37.2 MiB
2024-12-04 13:23:15,790 INFO     ___FILE_ONLY___  
2024-12-04 13:23:15,790 INFO     ___FILE_ONLY___ │
2024-12-04 13:23:15,790 INFO     ___FILE_ONLY___ 

2024-12-04 13:23:15,790 INFO     ___FILE_ONLY___ │ 
2024-12-04 13:23:15,790 INFO     ___FILE_ONLY___ Skaffold (Platform Specific)                       
2024-12-04 13:23:15,790 INFO     ___FILE_ONLY___  
2024-12-04 13:23:15,790 INFO     ___FILE_ONLY___ │ 
2024-12-04 13:23:15,790 INFO     ___FILE_ONLY___     2.13.1
2024-12-04 13:23:15,790 INFO     ___FILE_ONLY___  
2024-12-04 13:23:15,790 INFO     ___FILE_ONLY___ │ 
2024-12-04 13:23:15,790 INFO     ___FILE_ONLY___ 22.9 MiB
2024-12-04 13:23:15,790 INFO     ___FILE_ONLY___  
2024-12-04 13:23:15,790 INFO     ___FILE_ONLY___ │
2024-12-04 13:23:15,790 INFO     ___FILE_ONLY___ 

2024-12-04 13:23:15,790 INFO     ___FILE_ONLY___ │ 
2024-12-04 13:23:15,790 INFO     ___FILE_ONLY___ gcloud Alpha Commands                              
2024-12-04 13:23:15,790 INFO     ___FILE_ONLY___  
2024-12-04 13:23:15,790 INFO     ___FILE_ONLY___ │ 
2024-12-04 13:23:15,790 INFO     ___FILE_ONLY___ 2024.11.15
2024-12-04 13:23:15,790 INFO     ___FILE_ONLY___  
2024-12-04 13:23:15,790 INFO     ___FILE_ONLY___ │ 
2024-12-04 13:23:15,790 INFO     ___FILE_ONLY___  < 1 MiB
2024-12-04 13:23:15,790 INFO     ___FILE_ONLY___  
2024-12-04 13:23:15,790 INFO     ___FILE_ONLY___ │
2024-12-04 13:23:15,790 INFO     ___FILE_ONLY___ 

2024-12-04 13:23:15,790 INFO     ___FILE_ONLY___ │ 
2024-12-04 13:23:15,790 INFO     ___FILE_ONLY___ gcloud Beta Commands                               
2024-12-04 13:23:15,790 INFO     ___FILE_ONLY___  
2024-12-04 13:23:15,790 INFO     ___FILE_ONLY___ │ 
2024-12-04 13:23:15,790 INFO     ___FILE_ONLY___ 2024.11.15
2024-12-04 13:23:15,790 INFO     ___FILE_ONLY___  
2024-12-04 13:23:15,790 INFO     ___FILE_ONLY___ │ 
2024-12-04 13:23:15,790 INFO     ___FILE_ONLY___  < 1 MiB
2024-12-04 13:23:15,790 INFO     ___FILE_ONLY___  
2024-12-04 13:23:15,790 INFO     ___FILE_ONLY___ │
2024-12-04 13:23:15,790 INFO     ___FILE_ONLY___ 

2024-12-04 13:23:15,790 INFO     ___FILE_ONLY___ │ 
2024-12-04 13:23:15,790 INFO     ___FILE_ONLY___ gcloud cli dependencies (Platform Specific)        
2024-12-04 13:23:15,790 INFO     ___FILE_ONLY___  
2024-12-04 13:23:15,790 INFO     ___FILE_ONLY___ │ 
2024-12-04 13:23:15,790 INFO     ___FILE_ONLY___ 2021.04.16
2024-12-04 13:23:15,790 INFO     ___FILE_ONLY___  
2024-12-04 13:23:15,791 INFO     ___FILE_ONLY___ │ 
2024-12-04 13:23:15,791 INFO     ___FILE_ONLY___  < 1 MiB
2024-12-04 13:23:15,791 INFO     ___FILE_ONLY___  
2024-12-04 13:23:15,791 INFO     ___FILE_ONLY___ │
2024-12-04 13:23:15,791 INFO     ___FILE_ONLY___ 

2024-12-04 13:23:15,791 INFO     ___FILE_ONLY___ │ 
2024-12-04 13:23:15,791 INFO     ___FILE_ONLY___ gke-gcloud-auth-plugin (Platform Specific)         
2024-12-04 13:23:15,791 INFO     ___FILE_ONLY___  
2024-12-04 13:23:15,791 INFO     ___FILE_ONLY___ │ 
2024-12-04 13:23:15,791 INFO     ___FILE_ONLY___      0.5.9
2024-12-04 13:23:15,791 INFO     ___FILE_ONLY___  
2024-12-04 13:23:15,791 INFO     ___FILE_ONLY___ │ 
2024-12-04 13:23:15,791 INFO     ___FILE_ONLY___  4.0 MiB
2024-12-04 13:23:15,791 INFO     ___FILE_ONLY___  
2024-12-04 13:23:15,791 INFO     ___FILE_ONLY___ │
2024-12-04 13:23:15,791 INFO     ___FILE_ONLY___ 

2024-12-04 13:23:15,791 INFO     ___FILE_ONLY___ │ 
2024-12-04 13:23:15,791 INFO     ___FILE_ONLY___ kubectl                                            
2024-12-04 13:23:15,791 INFO     ___FILE_ONLY___  
2024-12-04 13:23:15,791 INFO     ___FILE_ONLY___ │ 
2024-12-04 13:23:15,791 INFO     ___FILE_ONLY___     1.30.5
2024-12-04 13:23:15,791 INFO     ___FILE_ONLY___  
2024-12-04 13:23:15,791 INFO     ___FILE_ONLY___ │ 
2024-12-04 13:23:15,791 INFO     ___FILE_ONLY___  < 1 MiB
2024-12-04 13:23:15,791 INFO     ___FILE_ONLY___  
2024-12-04 13:23:15,791 INFO     ___FILE_ONLY___ │
2024-12-04 13:23:15,791 INFO     ___FILE_ONLY___ 

2024-12-04 13:23:15,791 INFO     ___FILE_ONLY___ │ 
2024-12-04 13:23:15,791 INFO     ___FILE_ONLY___ kubectl (Platform Specific)                        
2024-12-04 13:23:15,791 INFO     ___FILE_ONLY___  
2024-12-04 13:23:15,791 INFO     ___FILE_ONLY___ │ 
2024-12-04 13:23:15,791 INFO     ___FILE_ONLY___     1.30.6
2024-12-04 13:23:15,791 INFO     ___FILE_ONLY___  
2024-12-04 13:23:15,791 INFO     ___FILE_ONLY___ │ 
2024-12-04 13:23:15,791 INFO     ___FILE_ONLY___ 86.1 MiB
2024-12-04 13:23:15,791 INFO     ___FILE_ONLY___  
2024-12-04 13:23:15,791 INFO     ___FILE_ONLY___ │
2024-12-04 13:23:15,791 INFO     ___FILE_ONLY___ 

2024-12-04 13:23:15,791 INFO     ___FILE_ONLY___ └─────────────────────────────────────────────────────┴────────────┴──────────┘
2024-12-04 13:23:15,791 INFO     ___FILE_ONLY___ 

2024-12-04 13:23:15,791 INFO     ___FILE_ONLY___ 

2024-12-04 13:23:15,793 DEBUG    urllib3.connectionpool Starting new HTTPS connection (1): dl.google.com:443
2024-12-04 13:23:16,328 DEBUG    urllib3.connectionpool https://dl.google.com:443 "GET /dl/cloudsdk/channels/rapid/RELEASE_NOTES HTTP/1.1" 200 1314602
2024-12-04 13:23:16,922 INFO     ___FILE_ONLY___ For the latest full release notes, please visit:
  https://cloud.google.com/sdk/release_notes


2024-12-04 13:23:16,923 INFO     ___FILE_ONLY___ Performing in place update...


2024-12-04 13:23:16,928 INFO     ___FILE_ONLY___ ╔════════════════════════════════════════════════════════════╗

2024-12-04 13:23:16,928 INFO     ___FILE_ONLY___ ╠═ Downloading: Google Cloud CLI Core Libraries (Platfor... ═╣

2024-12-04 13:23:16,928 INFO     ___FILE_ONLY___ ╚
2024-12-04 13:23:16,931 DEBUG    urllib3.connectionpool Starting new HTTPS connection (1): dl.google.com:443
2024-12-04 13:23:17,456 DEBUG    urllib3.connectionpool https://dl.google.com:443 "GET /dl/cloudsdk/channels/rapid/components/google-cloud-sdk-core-nix-20240830134514.tar.gz HTTP/1.1" 200 2306
2024-12-04 13:23:17,459 INFO     ___FILE_ONLY___ ════════════════════════════════════════════════════════════
2024-12-04 13:23:17,460 INFO     ___FILE_ONLY___ ╝

2024-12-04 13:23:17,467 INFO     ___FILE_ONLY___ ╔════════════════════════════════════════════════════════════╗

2024-12-04 13:23:17,468 INFO     ___FILE_ONLY___ ╠═ Downloading: Minikube                                    ═╣

2024-12-04 13:23:17,468 INFO     ___FILE_ONLY___ ╚
2024-12-04 13:23:17,469 INFO     ___FILE_ONLY___ ════════════════════════════════════════════════════════════
2024-12-04 13:23:17,469 INFO     ___FILE_ONLY___ ╝

2024-12-04 13:23:17,473 INFO     ___FILE_ONLY___ ╔════════════════════════════════════════════════════════════╗

2024-12-04 13:23:17,473 INFO     ___FILE_ONLY___ ╠═ Downloading: Minikube (Platform Specific)                ═╣

2024-12-04 13:23:17,473 INFO     ___FILE_ONLY___ ╚
2024-12-04 13:23:17,476 DEBUG    urllib3.connectionpool Starting new HTTPS connection (1): dl.google.com:443
2024-12-04 13:23:18,189 DEBUG    urllib3.connectionpool https://dl.google.com:443 "GET /dl/cloudsdk/channels/rapid/components/google-cloud-sdk-minikube-darwin-arm-20240927140238.tar.gz HTTP/1.1" 200 38981244
2024-12-04 13:23:22,649 INFO     ___FILE_ONLY___ ═
2024-12-04 13:23:22,650 INFO     ___FILE_ONLY___ ═
2024-12-04 13:23:22,650 INFO     ___FILE_ONLY___ ═
2024-12-04 13:23:22,650 INFO     ___FILE_ONLY___ ═
2024-12-04 13:23:22,651 INFO     ___FILE_ONLY___ ═
2024-12-04 13:23:22,651 INFO     ___FILE_ONLY___ ═
2024-12-04 13:23:22,651 INFO     ___FILE_ONLY___ ═
2024-12-04 13:23:22,652 INFO     ___FILE_ONLY___ ═
2024-12-04 13:23:22,652 INFO     ___FILE_ONLY___ ═
2024-12-04 13:23:22,652 INFO     ___FILE_ONLY___ ═
2024-12-04 13:23:22,653 INFO     ___FILE_ONLY___ ═
2024-12-04 13:23:22,653 INFO     ___FILE_ONLY___ ═
2024-12-04 13:23:22,654 INFO     ___FILE_ONLY___ ═
2024-12-04 13:23:22,654 INFO     ___FILE_ONLY___ ═
2024-12-04 13:23:22,654 INFO     ___FILE_ONLY___ ═
2024-12-04 13:23:22,655 INFO     ___FILE_ONLY___ ═
2024-12-04 13:23:22,655 INFO     ___FILE_ONLY___ ═
2024-12-04 13:23:22,655 INFO     ___FILE_ONLY___ ═
2024-12-04 13:23:22,655 INFO     ___FILE_ONLY___ ═
2024-12-04 13:23:22,656 INFO     ___FILE_ONLY___ ═
2024-12-04 13:23:22,656 INFO     ___FILE_ONLY___ ═
2024-12-04 13:23:22,656 INFO     ___FILE_ONLY___ ═
2024-12-04 13:23:22,657 INFO     ___FILE_ONLY___ ═
2024-12-04 13:23:22,657 INFO     ___FILE_ONLY___ ═
2024-12-04 13:23:22,657 INFO     ___FILE_ONLY___ ═
2024-12-04 13:23:22,658 INFO     ___FILE_ONLY___ ═
2024-12-04 13:23:22,658 INFO     ___FILE_ONLY___ ═
2024-12-04 13:23:22,658 INFO     ___FILE_ONLY___ ═
2024-12-04 13:23:22,659 INFO     ___FILE_ONLY___ ═
2024-12-04 13:23:22,659 INFO     ___FILE_ONLY___ ═
2024-12-04 13:23:22,659 INFO     ___FILE_ONLY___ ═
2024-12-04 13:23:22,659 INFO     ___FILE_ONLY___ ═
2024-12-04 13:23:22,660 INFO     ___FILE_ONLY___ ═
2024-12-04 13:23:22,660 INFO     ___FILE_ONLY___ ═
2024-12-04 13:23:22,660 INFO     ___FILE_ONLY___ ═
2024-12-04 13:23:22,661 INFO     ___FILE_ONLY___ ═
2024-12-04 13:23:22,661 INFO     ___FILE_ONLY___ ═
2024-12-04 13:23:22,661 INFO     ___FILE_ONLY___ ═
2024-12-04 13:23:22,662 INFO     ___FILE_ONLY___ ═
2024-12-04 13:23:22,662 INFO     ___FILE_ONLY___ ═
2024-12-04 13:23:22,663 INFO     ___FILE_ONLY___ ═
2024-12-04 13:23:22,663 INFO     ___FILE_ONLY___ ═
2024-12-04 13:23:22,663 INFO     ___FILE_ONLY___ ═
2024-12-04 13:23:22,664 INFO     ___FILE_ONLY___ ═
2024-12-04 13:23:22,664 INFO     ___FILE_ONLY___ ═
2024-12-04 13:23:22,664 INFO     ___FILE_ONLY___ ═
2024-12-04 13:23:22,664 INFO     ___FILE_ONLY___ ═
2024-12-04 13:23:22,665 INFO     ___FILE_ONLY___ ═
2024-12-04 13:23:22,665 INFO     ___FILE_ONLY___ ═
2024-12-04 13:23:22,665 INFO     ___FILE_ONLY___ ═
2024-12-04 13:23:22,666 INFO     ___FILE_ONLY___ ═
2024-12-04 13:23:22,666 INFO     ___FILE_ONLY___ ═
2024-12-04 13:23:22,666 INFO     ___FILE_ONLY___ ═
2024-12-04 13:23:22,667 INFO     ___FILE_ONLY___ ═
2024-12-04 13:23:22,667 INFO     ___FILE_ONLY___ ═
2024-12-04 13:23:22,667 INFO     ___FILE_ONLY___ ═
2024-12-04 13:23:22,667 INFO     ___FILE_ONLY___ ═
2024-12-04 13:23:22,668 INFO     ___FILE_ONLY___ ═
2024-12-04 13:23:22,668 INFO     ___FILE_ONLY___ ═
2024-12-04 13:23:22,668 INFO     ___FILE_ONLY___ ═
2024-12-04 13:23:22,668 INFO     ___FILE_ONLY___ ╝

2024-12-04 13:23:22,684 INFO     ___FILE_ONLY___ ╔════════════════════════════════════════════════════════════╗

2024-12-04 13:23:22,684 INFO     ___FILE_ONLY___ ╠═ Downloading: Skaffold                                    ═╣

2024-12-04 13:23:22,684 INFO     ___FILE_ONLY___ ╚
2024-12-04 13:23:22,685 INFO     ___FILE_ONLY___ ════════════════════════════════════════════════════════════
2024-12-04 13:23:22,685 INFO     ___FILE_ONLY___ ╝

2024-12-04 13:23:22,695 INFO     ___FILE_ONLY___ ╔════════════════════════════════════════════════════════════╗

2024-12-04 13:23:22,695 INFO     ___FILE_ONLY___ ╠═ Downloading: Skaffold (Platform Specific)                ═╣

2024-12-04 13:23:22,695 INFO     ___FILE_ONLY___ ╚
2024-12-04 13:23:22,697 DEBUG    urllib3.connectionpool Starting new HTTPS connection (1): dl.google.com:443
2024-12-04 13:23:23,262 DEBUG    urllib3.connectionpool https://dl.google.com:443 "GET /dl/cloudsdk/channels/rapid/components/google-cloud-sdk-skaffold-darwin-arm-20240806142304.tar.gz HTTP/1.1" 200 24031362
2024-12-04 13:23:26,861 INFO     ___FILE_ONLY___ ═
2024-12-04 13:23:26,862 INFO     ___FILE_ONLY___ ═
2024-12-04 13:23:26,862 INFO     ___FILE_ONLY___ ═
2024-12-04 13:23:26,862 INFO     ___FILE_ONLY___ ═
2024-12-04 13:23:26,862 INFO     ___FILE_ONLY___ ═
2024-12-04 13:23:26,862 INFO     ___FILE_ONLY___ ═
2024-12-04 13:23:26,863 INFO     ___FILE_ONLY___ ═
2024-12-04 13:23:26,863 INFO     ___FILE_ONLY___ ═
2024-12-04 13:23:26,863 INFO     ___FILE_ONLY___ ═
2024-12-04 13:23:26,863 INFO     ___FILE_ONLY___ ═
2024-12-04 13:23:26,863 INFO     ___FILE_ONLY___ ═
2024-12-04 13:23:26,864 INFO     ___FILE_ONLY___ ═
2024-12-04 13:23:26,864 INFO     ___FILE_ONLY___ ═
2024-12-04 13:23:26,864 INFO     ___FILE_ONLY___ ═
2024-12-04 13:23:26,864 INFO     ___FILE_ONLY___ ═
2024-12-04 13:23:26,865 INFO     ___FILE_ONLY___ ═
2024-12-04 13:23:26,865 INFO     ___FILE_ONLY___ ═
2024-12-04 13:23:26,865 INFO     ___FILE_ONLY___ ═
2024-12-04 13:23:26,865 INFO     ___FILE_ONLY___ ═
2024-12-04 13:23:26,865 INFO     ___FILE_ONLY___ ═
2024-12-04 13:23:26,866 INFO     ___FILE_ONLY___ ═
2024-12-04 13:23:26,866 INFO     ___FILE_ONLY___ ═
2024-12-04 13:23:26,866 INFO     ___FILE_ONLY___ ═
2024-12-04 13:23:26,866 INFO     ___FILE_ONLY___ ═
2024-12-04 13:23:26,867 INFO     ___FILE_ONLY___ ═
2024-12-04 13:23:26,867 INFO     ___FILE_ONLY___ ═
2024-12-04 13:23:26,867 INFO     ___FILE_ONLY___ ═
2024-12-04 13:23:26,867 INFO     ___FILE_ONLY___ ═
2024-12-04 13:23:26,868 INFO     ___FILE_ONLY___ ═
2024-12-04 13:23:26,868 INFO     ___FILE_ONLY___ ═
2024-12-04 13:23:26,868 INFO     ___FILE_ONLY___ ═
2024-12-04 13:23:26,868 INFO     ___FILE_ONLY___ ═
2024-12-04 13:23:26,869 INFO     ___FILE_ONLY___ ═
2024-12-04 13:23:26,869 INFO     ___FILE_ONLY___ ═
2024-12-04 13:23:26,869 INFO     ___FILE_ONLY___ ═
2024-12-04 13:23:26,870 INFO     ___FILE_ONLY___ ═
2024-12-04 13:23:26,870 INFO     ___FILE_ONLY___ ═
2024-12-04 13:23:26,870 INFO     ___FILE_ONLY___ ═
2024-12-04 13:23:26,870 INFO     ___FILE_ONLY___ ═
2024-12-04 13:23:26,871 INFO     ___FILE_ONLY___ ═
2024-12-04 13:23:26,871 INFO     ___FILE_ONLY___ ═
2024-12-04 13:23:26,871 INFO     ___FILE_ONLY___ ═
2024-12-04 13:23:26,872 INFO     ___FILE_ONLY___ ═
2024-12-04 13:23:26,872 INFO     ___FILE_ONLY___ ═
2024-12-04 13:23:26,872 INFO     ___FILE_ONLY___ ═
2024-12-04 13:23:26,872 INFO     ___FILE_ONLY___ ═
2024-12-04 13:23:26,873 INFO     ___FILE_ONLY___ ═
2024-12-04 13:23:26,873 INFO     ___FILE_ONLY___ ═
2024-12-04 13:23:26,873 INFO     ___FILE_ONLY___ ═
2024-12-04 13:23:26,873 INFO     ___FILE_ONLY___ ═
2024-12-04 13:23:26,873 INFO     ___FILE_ONLY___ ═
2024-12-04 13:23:26,874 INFO     ___FILE_ONLY___ ═
2024-12-04 13:23:26,874 INFO     ___FILE_ONLY___ ═
2024-12-04 13:23:26,874 INFO     ___FILE_ONLY___ ═
2024-12-04 13:23:26,874 INFO     ___FILE_ONLY___ ═
2024-12-04 13:23:26,875 INFO     ___FILE_ONLY___ ═
2024-12-04 13:23:26,875 INFO     ___FILE_ONLY___ ═
2024-12-04 13:23:26,875 INFO     ___FILE_ONLY___ ═
2024-12-04 13:23:26,875 INFO     ___FILE_ONLY___ ═
2024-12-04 13:23:26,875 INFO     ___FILE_ONLY___ ═
2024-12-04 13:23:26,875 INFO     ___FILE_ONLY___ ╝

2024-12-04 13:23:26,881 INFO     ___FILE_ONLY___ ╔════════════════════════════════════════════════════════════╗

2024-12-04 13:23:26,881 INFO     ___FILE_ONLY___ ╠═ Downloading: gcloud Alpha Commands                       ═╣

2024-12-04 13:23:26,881 INFO     ___FILE_ONLY___ ╚
2024-12-04 13:23:26,884 DEBUG    urllib3.connectionpool Starting new HTTPS connection (1): dl.google.com:443
2024-12-04 13:23:27,417 DEBUG    urllib3.connectionpool https://dl.google.com:443 "GET /dl/cloudsdk/channels/rapid/components/google-cloud-sdk-alpha-20241115154308.tar.gz HTTP/1.1" 200 800
2024-12-04 13:23:27,419 INFO     ___FILE_ONLY___ ════════════════════════════════════════════════════════════
2024-12-04 13:23:27,419 INFO     ___FILE_ONLY___ ╝

2024-12-04 13:23:27,432 INFO     ___FILE_ONLY___ ╔════════════════════════════════════════════════════════════╗

2024-12-04 13:23:27,432 INFO     ___FILE_ONLY___ ╠═ Downloading: gcloud Beta Commands                        ═╣

2024-12-04 13:23:27,432 INFO     ___FILE_ONLY___ ╚
2024-12-04 13:23:27,438 DEBUG    urllib3.connectionpool Starting new HTTPS connection (1): dl.google.com:443
2024-12-04 13:23:27,983 DEBUG    urllib3.connectionpool https://dl.google.com:443 "GET /dl/cloudsdk/channels/rapid/components/google-cloud-sdk-beta-20241115154308.tar.gz HTTP/1.1" 200 797
2024-12-04 13:23:27,984 INFO     ___FILE_ONLY___ ════════════════════════════════════════════════════════════
2024-12-04 13:23:27,985 INFO     ___FILE_ONLY___ ╝

2024-12-04 13:23:27,998 INFO     ___FILE_ONLY___ ╔════════════════════════════════════════════════════════════╗

2024-12-04 13:23:27,999 INFO     ___FILE_ONLY___ ╠═ Downloading: gcloud cli dependencies (Platform Specific) ═╣

2024-12-04 13:23:27,999 INFO     ___FILE_ONLY___ ╚
2024-12-04 13:23:28,002 DEBUG    urllib3.connectionpool Starting new HTTPS connection (1): dl.google.com:443
2024-12-04 13:23:28,536 DEBUG    urllib3.connectionpool https://dl.google.com:443 "GET /dl/cloudsdk/channels/rapid/components/google-cloud-sdk-gcloud-deps-darwin-x86_64-20210416153011.tar.gz HTTP/1.1" 200 105
2024-12-04 13:23:28,537 INFO     ___FILE_ONLY___ ════════════════════════════════════════════════════════════
2024-12-04 13:23:28,537 INFO     ___FILE_ONLY___ ╝

2024-12-04 13:23:28,543 INFO     ___FILE_ONLY___ ╔════════════════════════════════════════════════════════════╗

2024-12-04 13:23:28,543 INFO     ___FILE_ONLY___ ╠═ Downloading: gke-gcloud-auth-plugin                      ═╣

2024-12-04 13:23:28,543 INFO     ___FILE_ONLY___ ╚
2024-12-04 13:23:28,543 INFO     ___FILE_ONLY___ ════════════════════════════════════════════════════════════
2024-12-04 13:23:28,544 INFO     ___FILE_ONLY___ ╝

2024-12-04 13:23:28,549 INFO     ___FILE_ONLY___ ╔════════════════════════════════════════════════════════════╗

2024-12-04 13:23:28,549 INFO     ___FILE_ONLY___ ╠═ Downloading: gke-gcloud-auth-plugin (Platform Specific)  ═╣

2024-12-04 13:23:28,549 INFO     ___FILE_ONLY___ ╚
2024-12-04 13:23:28,552 DEBUG    urllib3.connectionpool Starting new HTTPS connection (1): dl.google.com:443
2024-12-04 13:23:29,088 DEBUG    urllib3.connectionpool https://dl.google.com:443 "GET /dl/cloudsdk/channels/rapid/components/google-cloud-sdk-gke-gcloud-auth-plugin-darwin-arm-20240628141907.tar.gz HTTP/1.1" 200 4148014
2024-12-04 13:23:30,064 INFO     ___FILE_ONLY___ ═
2024-12-04 13:23:30,064 INFO     ___FILE_ONLY___ ═
2024-12-04 13:23:30,064 INFO     ___FILE_ONLY___ ═
2024-12-04 13:23:30,065 INFO     ___FILE_ONLY___ ═
2024-12-04 13:23:30,066 INFO     ___FILE_ONLY___ ═
2024-12-04 13:23:30,066 INFO     ___FILE_ONLY___ ═
2024-12-04 13:23:30,066 INFO     ___FILE_ONLY___ ═
2024-12-04 13:23:30,067 INFO     ___FILE_ONLY___ ═
2024-12-04 13:23:30,067 INFO     ___FILE_ONLY___ ═
2024-12-04 13:23:30,067 INFO     ___FILE_ONLY___ ═
2024-12-04 13:23:30,068 INFO     ___FILE_ONLY___ ═
2024-12-04 13:23:30,068 INFO     ___FILE_ONLY___ ═
2024-12-04 13:23:30,069 INFO     ___FILE_ONLY___ ═
2024-12-04 13:23:30,069 INFO     ___FILE_ONLY___ ═
2024-12-04 13:23:30,069 INFO     ___FILE_ONLY___ ═
2024-12-04 13:23:30,069 INFO     ___FILE_ONLY___ ═
2024-12-04 13:23:30,069 INFO     ___FILE_ONLY___ ═
2024-12-04 13:23:30,070 INFO     ___FILE_ONLY___ ═
2024-12-04 13:23:30,070 INFO     ___FILE_ONLY___ ═
2024-12-04 13:23:30,070 INFO     ___FILE_ONLY___ ═
2024-12-04 13:23:30,070 INFO     ___FILE_ONLY___ ═
2024-12-04 13:23:30,070 INFO     ___FILE_ONLY___ ═
2024-12-04 13:23:30,070 INFO     ___FILE_ONLY___ ═
2024-12-04 13:23:30,071 INFO     ___FILE_ONLY___ ═
2024-12-04 13:23:30,071 INFO     ___FILE_ONLY___ ═
2024-12-04 13:23:30,071 INFO     ___FILE_ONLY___ ═
2024-12-04 13:23:30,071 INFO     ___FILE_ONLY___ ═
2024-12-04 13:23:30,071 INFO     ___FILE_ONLY___ ═
2024-12-04 13:23:30,071 INFO     ___FILE_ONLY___ ═
2024-12-04 13:23:30,071 INFO     ___FILE_ONLY___ ═
2024-12-04 13:23:30,072 INFO     ___FILE_ONLY___ ═
2024-12-04 13:23:30,072 INFO     ___FILE_ONLY___ ═
2024-12-04 13:23:30,072 INFO     ___FILE_ONLY___ ═
2024-12-04 13:23:30,072 INFO     ___FILE_ONLY___ ═
2024-12-04 13:23:30,072 INFO     ___FILE_ONLY___ ═
2024-12-04 13:23:30,072 INFO     ___FILE_ONLY___ ═
2024-12-04 13:23:30,073 INFO     ___FILE_ONLY___ ═
2024-12-04 13:23:30,073 INFO     ___FILE_ONLY___ ═
2024-12-04 13:23:30,073 INFO     ___FILE_ONLY___ ═
2024-12-04 13:23:30,073 INFO     ___FILE_ONLY___ ═
2024-12-04 13:23:30,073 INFO     ___FILE_ONLY___ ═
2024-12-04 13:23:30,074 INFO     ___FILE_ONLY___ ═
2024-12-04 13:23:30,074 INFO     ___FILE_ONLY___ ═
2024-12-04 13:23:30,074 INFO     ___FILE_ONLY___ ═
2024-12-04 13:23:30,074 INFO     ___FILE_ONLY___ ═
2024-12-04 13:23:30,074 INFO     ___FILE_ONLY___ ═
2024-12-04 13:23:30,074 INFO     ___FILE_ONLY___ ═
2024-12-04 13:23:30,074 INFO     ___FILE_ONLY___ ═
2024-12-04 13:23:30,074 INFO     ___FILE_ONLY___ ═
2024-12-04 13:23:30,074 INFO     ___FILE_ONLY___ ═
2024-12-04 13:23:30,074 INFO     ___FILE_ONLY___ ═
2024-12-04 13:23:30,074 INFO     ___FILE_ONLY___ ═
2024-12-04 13:23:30,074 INFO     ___FILE_ONLY___ ═
2024-12-04 13:23:30,074 INFO     ___FILE_ONLY___ ═
2024-12-04 13:23:30,074 INFO     ___FILE_ONLY___ ═
2024-12-04 13:23:30,074 INFO     ___FILE_ONLY___ ═
2024-12-04 13:23:30,075 INFO     ___FILE_ONLY___ ═
2024-12-04 13:23:30,075 INFO     ___FILE_ONLY___ ═
2024-12-04 13:23:30,075 INFO     ___FILE_ONLY___ ═
2024-12-04 13:23:30,075 INFO     ___FILE_ONLY___ ═
2024-12-04 13:23:30,075 INFO     ___FILE_ONLY___ ╝

2024-12-04 13:23:30,080 INFO     ___FILE_ONLY___ ╔════════════════════════════════════════════════════════════╗

2024-12-04 13:23:30,080 INFO     ___FILE_ONLY___ ╠═ Downloading: kubectl                                     ═╣

2024-12-04 13:23:30,080 INFO     ___FILE_ONLY___ ╚
2024-12-04 13:23:30,087 DEBUG    urllib3.connectionpool Starting new HTTPS connection (1): dl.google.com:443
2024-12-04 13:23:30,616 DEBUG    urllib3.connectionpool https://dl.google.com:443 "GET /dl/cloudsdk/channels/rapid/components/google-cloud-sdk-kubectl-20241004144944.tar.gz HTTP/1.1" 200 36206
2024-12-04 13:23:30,688 INFO     ___FILE_ONLY___ ═══════════════════════════
2024-12-04 13:23:30,688 INFO     ___FILE_ONLY___ ═══════════════════════════
2024-12-04 13:23:30,688 INFO     ___FILE_ONLY___ ══════
2024-12-04 13:23:30,688 INFO     ___FILE_ONLY___ ╝

2024-12-04 13:23:30,694 INFO     ___FILE_ONLY___ ╔════════════════════════════════════════════════════════════╗

2024-12-04 13:23:30,694 INFO     ___FILE_ONLY___ ╠═ Downloading: kubectl (Platform Specific)                 ═╣

2024-12-04 13:23:30,694 INFO     ___FILE_ONLY___ ╚
2024-12-04 13:23:30,697 DEBUG    urllib3.connectionpool Starting new HTTPS connection (1): dl.google.com:443
2024-12-04 13:23:31,226 DEBUG    urllib3.connectionpool https://dl.google.com:443 "GET /dl/cloudsdk/channels/rapid/components/google-cloud-sdk-kubectl-darwin-arm-20241108162203.tar.gz HTTP/1.1" 200 90277960
2024-12-04 13:23:38,641 INFO     ___FILE_ONLY___ ═
2024-12-04 13:23:38,642 INFO     ___FILE_ONLY___ ═
2024-12-04 13:23:38,643 INFO     ___FILE_ONLY___ ═
2024-12-04 13:23:38,643 INFO     ___FILE_ONLY___ ═
2024-12-04 13:23:38,644 INFO     ___FILE_ONLY___ ═
2024-12-04 13:23:38,645 INFO     ___FILE_ONLY___ ═
2024-12-04 13:23:38,646 INFO     ___FILE_ONLY___ ═
2024-12-04 13:23:38,646 INFO     ___FILE_ONLY___ ═
2024-12-04 13:23:38,647 INFO     ___FILE_ONLY___ ═
2024-12-04 13:23:38,647 INFO     ___FILE_ONLY___ ═
2024-12-04 13:23:38,648 INFO     ___FILE_ONLY___ ═
2024-12-04 13:23:38,649 INFO     ___FILE_ONLY___ ═
2024-12-04 13:23:38,649 INFO     ___FILE_ONLY___ ═
2024-12-04 13:23:38,650 INFO     ___FILE_ONLY___ ═
2024-12-04 13:23:38,651 INFO     ___FILE_ONLY___ ═
2024-12-04 13:23:38,651 INFO     ___FILE_ONLY___ ═
2024-12-04 13:23:38,652 INFO     ___FILE_ONLY___ ═
2024-12-04 13:23:38,653 INFO     ___FILE_ONLY___ ═
2024-12-04 13:23:38,653 INFO     ___FILE_ONLY___ ═
2024-12-04 13:23:38,654 INFO     ___FILE_ONLY___ ═
2024-12-04 13:23:38,654 INFO     ___FILE_ONLY___ ═
2024-12-04 13:23:38,655 INFO     ___FILE_ONLY___ ═
2024-12-04 13:23:38,656 INFO     ___FILE_ONLY___ ═
2024-12-04 13:23:38,656 INFO     ___FILE_ONLY___ ═
2024-12-04 13:23:38,657 INFO     ___FILE_ONLY___ ═
2024-12-04 13:23:38,657 INFO     ___FILE_ONLY___ ═
2024-12-04 13:23:38,658 INFO     ___FILE_ONLY___ ═
2024-12-04 13:23:38,659 INFO     ___FILE_ONLY___ ═
2024-12-04 13:23:38,659 INFO     ___FILE_ONLY___ ═
2024-12-04 13:23:38,660 INFO     ___FILE_ONLY___ ═
2024-12-04 13:23:38,661 INFO     ___FILE_ONLY___ ═
2024-12-04 13:23:38,661 INFO     ___FILE_ONLY___ ═
2024-12-04 13:23:38,662 INFO     ___FILE_ONLY___ ═
2024-12-04 13:23:38,662 INFO     ___FILE_ONLY___ ═
2024-12-04 13:23:38,663 INFO     ___FILE_ONLY___ ═
2024-12-04 13:23:38,664 INFO     ___FILE_ONLY___ ═
2024-12-04 13:23:38,664 INFO     ___FILE_ONLY___ ═
2024-12-04 13:23:38,665 INFO     ___FILE_ONLY___ ═
2024-12-04 13:23:38,665 INFO     ___FILE_ONLY___ ═
2024-12-04 13:23:38,666 INFO     ___FILE_ONLY___ ═
2024-12-04 13:23:38,667 INFO     ___FILE_ONLY___ ═
2024-12-04 13:23:38,667 INFO     ___FILE_ONLY___ ═
2024-12-04 13:23:38,668 INFO     ___FILE_ONLY___ ═
2024-12-04 13:23:38,668 INFO     ___FILE_ONLY___ ═
2024-12-04 13:23:38,669 INFO     ___FILE_ONLY___ ═
2024-12-04 13:23:38,670 INFO     ___FILE_ONLY___ ═
2024-12-04 13:23:38,670 INFO     ___FILE_ONLY___ ═
2024-12-04 13:23:38,671 INFO     ___FILE_ONLY___ ═
2024-12-04 13:23:38,671 INFO     ___FILE_ONLY___ ═
2024-12-04 13:23:38,672 INFO     ___FILE_ONLY___ ═
2024-12-04 13:23:38,673 INFO     ___FILE_ONLY___ ═
2024-12-04 13:23:38,673 INFO     ___FILE_ONLY___ ═
2024-12-04 13:23:38,674 INFO     ___FILE_ONLY___ ═
2024-12-04 13:23:38,674 INFO     ___FILE_ONLY___ ═
2024-12-04 13:23:38,675 INFO     ___FILE_ONLY___ ═
2024-12-04 13:23:38,676 INFO     ___FILE_ONLY___ ═
2024-12-04 13:23:38,676 INFO     ___FILE_ONLY___ ═
2024-12-04 13:23:38,677 INFO     ___FILE_ONLY___ ═
2024-12-04 13:23:38,677 INFO     ___FILE_ONLY___ ═
2024-12-04 13:23:38,678 INFO     ___FILE_ONLY___ ═
2024-12-04 13:23:38,678 INFO     ___FILE_ONLY___ ╝

2024-12-04 13:23:38,688 INFO     ___FILE_ONLY___ ╔════════════════════════════════════════════════════════════╗

2024-12-04 13:23:38,688 INFO     ___FILE_ONLY___ ╠═ Installing: Google Cloud CLI Core Libraries (Platform... ═╣

2024-12-04 13:23:38,688 INFO     ___FILE_ONLY___ ╚
2024-12-04 13:23:38,692 INFO     ___FILE_ONLY___ ══════════════════════════════
2024-12-04 13:23:38,692 INFO     ___FILE_ONLY___ ══════════════════════════════
2024-12-04 13:23:38,692 INFO     ___FILE_ONLY___ ╝

2024-12-04 13:23:38,701 INFO     ___FILE_ONLY___ ╔════════════════════════════════════════════════════════════╗

2024-12-04 13:23:38,702 INFO     ___FILE_ONLY___ ╠═ Installing: Minikube                                     ═╣

2024-12-04 13:23:38,702 INFO     ___FILE_ONLY___ ╚
2024-12-04 13:23:38,708 INFO     ___FILE_ONLY___ ════════════════════════════════════════════════════════════
2024-12-04 13:23:38,708 INFO     ___FILE_ONLY___ ╝

2024-12-04 13:23:38,713 INFO     ___FILE_ONLY___ ╔════════════════════════════════════════════════════════════╗

2024-12-04 13:23:38,713 INFO     ___FILE_ONLY___ ╠═ Installing: Minikube (Platform Specific)                 ═╣

2024-12-04 13:23:38,713 INFO     ___FILE_ONLY___ ╚
2024-12-04 13:23:39,059 INFO     ___FILE_ONLY___ ════════════════════════════════════════════════════════════
2024-12-04 13:23:39,059 INFO     ___FILE_ONLY___ ╝

2024-12-04 13:23:39,068 INFO     ___FILE_ONLY___ ╔════════════════════════════════════════════════════════════╗

2024-12-04 13:23:39,068 INFO     ___FILE_ONLY___ ╠═ Installing: Skaffold                                     ═╣

2024-12-04 13:23:39,068 INFO     ___FILE_ONLY___ ╚
2024-12-04 13:23:39,072 INFO     ___FILE_ONLY___ ════════════════════════════════════════════════════════════
2024-12-04 13:23:39,072 INFO     ___FILE_ONLY___ ╝

2024-12-04 13:23:39,077 INFO     ___FILE_ONLY___ ╔════════════════════════════════════════════════════════════╗

2024-12-04 13:23:39,078 INFO     ___FILE_ONLY___ ╠═ Installing: Skaffold (Platform Specific)                 ═╣

2024-12-04 13:23:39,078 INFO     ___FILE_ONLY___ ╚
2024-12-04 13:23:39,372 INFO     ___FILE_ONLY___ ════════════════════════════════════════════════════════════
2024-12-04 13:23:39,372 INFO     ___FILE_ONLY___ ╝

2024-12-04 13:23:39,381 INFO     ___FILE_ONLY___ ╔════════════════════════════════════════════════════════════╗

2024-12-04 13:23:39,382 INFO     ___FILE_ONLY___ ╠═ Installing: gcloud Alpha Commands                        ═╣

2024-12-04 13:23:39,382 INFO     ___FILE_ONLY___ ╚
2024-12-04 13:23:39,385 INFO     ___FILE_ONLY___ ════════════════════════════════════════════════════════════
2024-12-04 13:23:39,385 INFO     ___FILE_ONLY___ ╝

2024-12-04 13:23:39,393 INFO     ___FILE_ONLY___ ╔════════════════════════════════════════════════════════════╗

2024-12-04 13:23:39,393 INFO     ___FILE_ONLY___ ╠═ Installing: gcloud Beta Commands                         ═╣

2024-12-04 13:23:39,393 INFO     ___FILE_ONLY___ ╚
2024-12-04 13:23:39,396 INFO     ___FILE_ONLY___ ════════════════════════════════════════════════════════════
2024-12-04 13:23:39,396 INFO     ___FILE_ONLY___ ╝

2024-12-04 13:23:39,403 INFO     ___FILE_ONLY___ ╔════════════════════════════════════════════════════════════╗

2024-12-04 13:23:39,403 INFO     ___FILE_ONLY___ ╠═ Installing: gcloud cli dependencies (Platform Specific)  ═╣

2024-12-04 13:23:39,403 INFO     ___FILE_ONLY___ ╚
2024-12-04 13:23:39,406 INFO     ___FILE_ONLY___ ════════════════════════════════════════════════════════════
2024-12-04 13:23:39,406 INFO     ___FILE_ONLY___ ╝

2024-12-04 13:23:39,414 INFO     ___FILE_ONLY___ ╔════════════════════════════════════════════════════════════╗

2024-12-04 13:23:39,415 INFO     ___FILE_ONLY___ ╠═ Installing: gke-gcloud-auth-plugin                       ═╣

2024-12-04 13:23:39,415 INFO     ___FILE_ONLY___ ╚
2024-12-04 13:23:39,417 INFO     ___FILE_ONLY___ ════════════════════════════════════════════════════════════
2024-12-04 13:23:39,417 INFO     ___FILE_ONLY___ ╝

2024-12-04 13:23:39,422 INFO     ___FILE_ONLY___ ╔════════════════════════════════════════════════════════════╗

2024-12-04 13:23:39,423 INFO     ___FILE_ONLY___ ╠═ Installing: gke-gcloud-auth-plugin (Platform Specific)   ═╣

2024-12-04 13:23:39,423 INFO     ___FILE_ONLY___ ╚
2024-12-04 13:23:39,473 INFO     ___FILE_ONLY___ ════════════════════════════════════════════════════════════
2024-12-04 13:23:39,473 INFO     ___FILE_ONLY___ ╝

2024-12-04 13:23:39,481 INFO     ___FILE_ONLY___ ╔════════════════════════════════════════════════════════════╗

2024-12-04 13:23:39,481 INFO     ___FILE_ONLY___ ╠═ Installing: kubectl                                      ═╣

2024-12-04 13:23:39,481 INFO     ___FILE_ONLY___ ╚
2024-12-04 13:23:39,486 INFO     ___FILE_ONLY___ ════════════════════════════════════════════════════════════
2024-12-04 13:23:39,486 INFO     ___FILE_ONLY___ ╝

2024-12-04 13:23:39,493 INFO     ___FILE_ONLY___ ╔════════════════════════════════════════════════════════════╗

2024-12-04 13:23:39,493 INFO     ___FILE_ONLY___ ╠═ Installing: kubectl (Platform Specific)                  ═╣

2024-12-04 13:23:39,493 INFO     ___FILE_ONLY___ ╚
2024-12-04 13:23:40,033 INFO     ___FILE_ONLY___ ══════════
2024-12-04 13:23:40,132 INFO     ___FILE_ONLY___ ══════════
2024-12-04 13:23:40,237 INFO     ___FILE_ONLY___ ══════════
2024-12-04 13:23:40,341 INFO     ___FILE_ONLY___ ══════════
2024-12-04 13:23:40,444 INFO     ___FILE_ONLY___ ══════════
2024-12-04 13:23:40,551 INFO     ___FILE_ONLY___ ══════════
2024-12-04 13:23:40,551 INFO     ___FILE_ONLY___ ╝

2024-12-04 13:23:40,583 DEBUG    root            Updating notification cache...
2024-12-04 13:23:40,583 INFO     ___FILE_ONLY___ 

2024-12-04 13:23:40,589 INFO     ___FILE_ONLY___ Performing post processing steps...
2024-12-04 13:23:40,589 DEBUG    root            Executing command: ['/Users/wbrunson/Library/Application Support/cloud-code/installer/google-cloud-sdk/bin/gcloud', 'components', 'post-process', '--no-compile-python']
2024-12-04 13:23:41,297 DEBUG    ___FILE_ONLY___ 
2024-12-04 13:23:41,298 DEBUG    ___FILE_ONLY___ 
2024-12-04 13:23:41,358 INFO     ___FILE_ONLY___ 
Update done!


2024-12-04 13:23:41,360 DEBUG    root            Chosen display Format:none
2024-12-04 13:23:41,361 INFO     root            Display format: "none"
2024-12-04 13:23:41,363 DEBUG    root            Executing command: ['curl', '--silent', '-O', 'https://dl.google.com/dl/cloudsdk/channels/rapid/python-3.11.6-macos11.tar.gz']
2024-12-04 13:23:47,955 DEBUG    root            Executing command: ['tar', '-xf', 'python-3.11.6-macos11.tar.gz']
2024-12-04 13:23:48,006 DEBUG    root            Executing command: ['sudo', 'installer', '-target', '/', '-pkg', './python-3.11.6-macos11.pkg']
