2024-12-04 13:21:22,577 DEBUG    root            Metrics collector initialized...
2024-12-04 13:21:22,580 DEBUG    root            Loaded Command Group: ['gcloud', 'components']
2024-12-04 13:21:22,586 DEBUG    root            Loaded Command Group: ['gcloud', 'components', 'update']
2024-12-04 13:21:22,587 DEBUG    root            Running [gcloud.components.update] with arguments: [--no-compile-python: "False", --quiet: "True", COMPONENT-IDS:6: "['alpha', 'beta', 'gke-gcloud-auth-plugin', 'kubectl', 'skaffold', 'minikube']"]
2024-12-04 13:21:22,588 INFO     ___FILE_ONLY___ Beginning update. This process may take several minutes.

2024-12-04 13:21:22,628 DEBUG    urllib3.connectionpool Starting new HTTPS connection (1): dl.google.com:443
2024-12-04 13:21:23,181 DEBUG    urllib3.connectionpool https://dl.google.com:443 "GET /dl/cloudsdk/channels/rapid/components-2.json HTTP/1.1" 200 227816
2024-12-04 13:21:23,419 INFO     ___FILE_ONLY___ 

2024-12-04 13:21:23,437 INFO     ___FILE_ONLY___ 
Your current Google Cloud CLI version is: 502.0.0

2024-12-04 13:21:23,438 INFO     ___FILE_ONLY___ Installing components from version: 502.0.0

2024-12-04 13:21:23,438 INFO     ___FILE_ONLY___ 

2024-12-04 13:21:23,439 DEBUG    root            Chosen display Format:table[box,title="These components will be removed."](details.display_name:label=Name:align=left,version.version_string:label=Version:align=right,data.size.size(zero="",min=1048576):label=Size:align=right)
2024-12-04 13:21:23,440 DEBUG    root            Chosen display Format:table[box,title="These components will be updated."](details.display_name:label=Name:align=left,version.version_string:label=Version:align=right,data.size.size(zero="",min=1048576):label=Size:align=right)
2024-12-04 13:21:23,440 DEBUG    root            Chosen display Format:table[box,title="These components will be installed."](details.display_name:label=Name:align=left,version.version_string:label=Version:align=right,data.size.size(zero="",min=1048576):label=Size:align=right)
2024-12-04 13:21:23,583 INFO     ___FILE_ONLY___ ┌─────────────────────────────────────────────────────────────────────────────┐
2024-12-04 13:21:23,583 INFO     ___FILE_ONLY___ 

2024-12-04 13:21:23,583 INFO     ___FILE_ONLY___ │                     These components will be installed.                     │
2024-12-04 13:21:23,584 INFO     ___FILE_ONLY___ 

2024-12-04 13:21:23,584 INFO     ___FILE_ONLY___ ├─────────────────────────────────────────────────────┬────────────┬──────────┤
2024-12-04 13:21:23,584 INFO     ___FILE_ONLY___ 

2024-12-04 13:21:23,584 INFO     ___FILE_ONLY___ │                         Name                        │  Version   │   Size   │
2024-12-04 13:21:23,585 INFO     ___FILE_ONLY___ 

2024-12-04 13:21:23,585 INFO     ___FILE_ONLY___ ├─────────────────────────────────────────────────────┼────────────┼──────────┤
2024-12-04 13:21:23,585 INFO     ___FILE_ONLY___ 

2024-12-04 13:21:23,585 INFO     ___FILE_ONLY___ │ 
2024-12-04 13:21:23,585 INFO     ___FILE_ONLY___ Google Cloud CLI Core Libraries (Platform Specific)
2024-12-04 13:21:23,585 INFO     ___FILE_ONLY___  
2024-12-04 13:21:23,585 INFO     ___FILE_ONLY___ │ 
2024-12-04 13:21:23,585 INFO     ___FILE_ONLY___ 2024.08.30
2024-12-04 13:21:23,585 INFO     ___FILE_ONLY___  
2024-12-04 13:21:23,585 INFO     ___FILE_ONLY___ │ 
2024-12-04 13:21:23,585 INFO     ___FILE_ONLY___  < 1 MiB
2024-12-04 13:21:23,585 INFO     ___FILE_ONLY___  
2024-12-04 13:21:23,585 INFO     ___FILE_ONLY___ │
2024-12-04 13:21:23,585 INFO     ___FILE_ONLY___ 

2024-12-04 13:21:23,585 INFO     ___FILE_ONLY___ │ 
2024-12-04 13:21:23,586 INFO     ___FILE_ONLY___ Minikube (Platform Specific)                       
2024-12-04 13:21:23,586 INFO     ___FILE_ONLY___  
2024-12-04 13:21:23,586 INFO     ___FILE_ONLY___ │ 
2024-12-04 13:21:23,586 INFO     ___FILE_ONLY___     1.34.0
2024-12-04 13:21:23,586 INFO     ___FILE_ONLY___  
2024-12-04 13:21:23,586 INFO     ___FILE_ONLY___ │ 
2024-12-04 13:21:23,586 INFO     ___FILE_ONLY___ 37.2 MiB
2024-12-04 13:21:23,586 INFO     ___FILE_ONLY___  
2024-12-04 13:21:23,586 INFO     ___FILE_ONLY___ │
2024-12-04 13:21:23,586 INFO     ___FILE_ONLY___ 

2024-12-04 13:21:23,586 INFO     ___FILE_ONLY___ │ 
2024-12-04 13:21:23,586 INFO     ___FILE_ONLY___ Skaffold (Platform Specific)                       
2024-12-04 13:21:23,586 INFO     ___FILE_ONLY___  
2024-12-04 13:21:23,586 INFO     ___FILE_ONLY___ │ 
2024-12-04 13:21:23,586 INFO     ___FILE_ONLY___     2.13.1
2024-12-04 13:21:23,586 INFO     ___FILE_ONLY___  
2024-12-04 13:21:23,586 INFO     ___FILE_ONLY___ │ 
2024-12-04 13:21:23,586 INFO     ___FILE_ONLY___ 22.9 MiB
2024-12-04 13:21:23,586 INFO     ___FILE_ONLY___  
2024-12-04 13:21:23,587 INFO     ___FILE_ONLY___ │
2024-12-04 13:21:23,587 INFO     ___FILE_ONLY___ 

2024-12-04 13:21:23,587 INFO     ___FILE_ONLY___ │ 
2024-12-04 13:21:23,587 INFO     ___FILE_ONLY___ gcloud Alpha Commands                              
2024-12-04 13:21:23,587 INFO     ___FILE_ONLY___  
2024-12-04 13:21:23,587 INFO     ___FILE_ONLY___ │ 
2024-12-04 13:21:23,587 INFO     ___FILE_ONLY___ 2024.11.15
2024-12-04 13:21:23,587 INFO     ___FILE_ONLY___  
2024-12-04 13:21:23,587 INFO     ___FILE_ONLY___ │ 
2024-12-04 13:21:23,587 INFO     ___FILE_ONLY___  < 1 MiB
2024-12-04 13:21:23,587 INFO     ___FILE_ONLY___  
2024-12-04 13:21:23,587 INFO     ___FILE_ONLY___ │
2024-12-04 13:21:23,587 INFO     ___FILE_ONLY___ 

2024-12-04 13:21:23,587 INFO     ___FILE_ONLY___ │ 
2024-12-04 13:21:23,587 INFO     ___FILE_ONLY___ gcloud Beta Commands                               
2024-12-04 13:21:23,588 INFO     ___FILE_ONLY___  
2024-12-04 13:21:23,588 INFO     ___FILE_ONLY___ │ 
2024-12-04 13:21:23,588 INFO     ___FILE_ONLY___ 2024.11.15
2024-12-04 13:21:23,588 INFO     ___FILE_ONLY___  
2024-12-04 13:21:23,588 INFO     ___FILE_ONLY___ │ 
2024-12-04 13:21:23,588 INFO     ___FILE_ONLY___  < 1 MiB
2024-12-04 13:21:23,588 INFO     ___FILE_ONLY___  
2024-12-04 13:21:23,588 INFO     ___FILE_ONLY___ │
2024-12-04 13:21:23,588 INFO     ___FILE_ONLY___ 

2024-12-04 13:21:23,588 INFO     ___FILE_ONLY___ │ 
2024-12-04 13:21:23,588 INFO     ___FILE_ONLY___ gcloud cli dependencies (Platform Specific)        
2024-12-04 13:21:23,588 INFO     ___FILE_ONLY___  
2024-12-04 13:21:23,588 INFO     ___FILE_ONLY___ │ 
2024-12-04 13:21:23,588 INFO     ___FILE_ONLY___ 2021.04.16
2024-12-04 13:21:23,588 INFO     ___FILE_ONLY___  
2024-12-04 13:21:23,588 INFO     ___FILE_ONLY___ │ 
2024-12-04 13:21:23,588 INFO     ___FILE_ONLY___  < 1 MiB
2024-12-04 13:21:23,588 INFO     ___FILE_ONLY___  
2024-12-04 13:21:23,588 INFO     ___FILE_ONLY___ │
2024-12-04 13:21:23,588 INFO     ___FILE_ONLY___ 

2024-12-04 13:21:23,588 INFO     ___FILE_ONLY___ │ 
2024-12-04 13:21:23,588 INFO     ___FILE_ONLY___ gke-gcloud-auth-plugin (Platform Specific)         
2024-12-04 13:21:23,588 INFO     ___FILE_ONLY___  
2024-12-04 13:21:23,588 INFO     ___FILE_ONLY___ │ 
2024-12-04 13:21:23,588 INFO     ___FILE_ONLY___      0.5.9
2024-12-04 13:21:23,588 INFO     ___FILE_ONLY___  
2024-12-04 13:21:23,589 INFO     ___FILE_ONLY___ │ 
2024-12-04 13:21:23,589 INFO     ___FILE_ONLY___  4.0 MiB
2024-12-04 13:21:23,589 INFO     ___FILE_ONLY___  
2024-12-04 13:21:23,589 INFO     ___FILE_ONLY___ │
2024-12-04 13:21:23,589 INFO     ___FILE_ONLY___ 

2024-12-04 13:21:23,589 INFO     ___FILE_ONLY___ │ 
2024-12-04 13:21:23,589 INFO     ___FILE_ONLY___ kubectl                                            
2024-12-04 13:21:23,589 INFO     ___FILE_ONLY___  
2024-12-04 13:21:23,589 INFO     ___FILE_ONLY___ │ 
2024-12-04 13:21:23,589 INFO     ___FILE_ONLY___     1.30.5
2024-12-04 13:21:23,589 INFO     ___FILE_ONLY___  
2024-12-04 13:21:23,589 INFO     ___FILE_ONLY___ │ 
2024-12-04 13:21:23,589 INFO     ___FILE_ONLY___  < 1 MiB
2024-12-04 13:21:23,589 INFO     ___FILE_ONLY___  
2024-12-04 13:21:23,589 INFO     ___FILE_ONLY___ │
2024-12-04 13:21:23,589 INFO     ___FILE_ONLY___ 

2024-12-04 13:21:23,589 INFO     ___FILE_ONLY___ │ 
2024-12-04 13:21:23,589 INFO     ___FILE_ONLY___ kubectl (Platform Specific)                        
2024-12-04 13:21:23,589 INFO     ___FILE_ONLY___  
2024-12-04 13:21:23,589 INFO     ___FILE_ONLY___ │ 
2024-12-04 13:21:23,589 INFO     ___FILE_ONLY___     1.30.6
2024-12-04 13:21:23,589 INFO     ___FILE_ONLY___  
2024-12-04 13:21:23,589 INFO     ___FILE_ONLY___ │ 
2024-12-04 13:21:23,589 INFO     ___FILE_ONLY___ 86.1 MiB
2024-12-04 13:21:23,589 INFO     ___FILE_ONLY___  
2024-12-04 13:21:23,589 INFO     ___FILE_ONLY___ │
2024-12-04 13:21:23,589 INFO     ___FILE_ONLY___ 

2024-12-04 13:21:23,589 INFO     ___FILE_ONLY___ └─────────────────────────────────────────────────────┴────────────┴──────────┘
2024-12-04 13:21:23,589 INFO     ___FILE_ONLY___ 

2024-12-04 13:21:23,589 INFO     ___FILE_ONLY___ 

2024-12-04 13:21:23,591 DEBUG    urllib3.connectionpool Starting new HTTPS connection (1): dl.google.com:443
2024-12-04 13:21:24,136 DEBUG    urllib3.connectionpool https://dl.google.com:443 "GET /dl/cloudsdk/channels/rapid/RELEASE_NOTES HTTP/1.1" 200 1314602
2024-12-04 13:21:24,735 INFO     ___FILE_ONLY___ For the latest full release notes, please visit:
  https://cloud.google.com/sdk/release_notes


2024-12-04 13:21:24,735 INFO     ___FILE_ONLY___ Performing in place update...


2024-12-04 13:21:24,740 INFO     ___FILE_ONLY___ ╔════════════════════════════════════════════════════════════╗

2024-12-04 13:21:24,740 INFO     ___FILE_ONLY___ ╠═ Downloading: Google Cloud CLI Core Libraries (Platfor... ═╣

2024-12-04 13:21:24,740 INFO     ___FILE_ONLY___ ╚
2024-12-04 13:21:24,743 DEBUG    urllib3.connectionpool Starting new HTTPS connection (1): dl.google.com:443
2024-12-04 13:21:25,267 DEBUG    urllib3.connectionpool https://dl.google.com:443 "GET /dl/cloudsdk/channels/rapid/components/google-cloud-sdk-core-nix-20240830134514.tar.gz HTTP/1.1" 200 2306
2024-12-04 13:21:25,269 INFO     ___FILE_ONLY___ ════════════════════════════════════════════════════════════
2024-12-04 13:21:25,269 INFO     ___FILE_ONLY___ ╝

2024-12-04 13:21:25,281 INFO     ___FILE_ONLY___ ╔════════════════════════════════════════════════════════════╗

2024-12-04 13:21:25,281 INFO     ___FILE_ONLY___ ╠═ Downloading: Minikube                                    ═╣

2024-12-04 13:21:25,281 INFO     ___FILE_ONLY___ ╚
2024-12-04 13:21:25,282 INFO     ___FILE_ONLY___ ════════════════════════════════════════════════════════════
2024-12-04 13:21:25,282 INFO     ___FILE_ONLY___ ╝

2024-12-04 13:21:25,286 INFO     ___FILE_ONLY___ ╔════════════════════════════════════════════════════════════╗

2024-12-04 13:21:25,287 INFO     ___FILE_ONLY___ ╠═ Downloading: Minikube (Platform Specific)                ═╣

2024-12-04 13:21:25,287 INFO     ___FILE_ONLY___ ╚
2024-12-04 13:21:25,290 DEBUG    urllib3.connectionpool Starting new HTTPS connection (1): dl.google.com:443
2024-12-04 13:21:25,821 DEBUG    urllib3.connectionpool https://dl.google.com:443 "GET /dl/cloudsdk/channels/rapid/components/google-cloud-sdk-minikube-darwin-arm-20240927140238.tar.gz HTTP/1.1" 200 38981244
2024-12-04 13:21:30,626 INFO     ___FILE_ONLY___ ═
2024-12-04 13:21:30,626 INFO     ___FILE_ONLY___ ═
2024-12-04 13:21:30,627 INFO     ___FILE_ONLY___ ═
2024-12-04 13:21:30,627 INFO     ___FILE_ONLY___ ═
2024-12-04 13:21:30,627 INFO     ___FILE_ONLY___ ═
2024-12-04 13:21:30,628 INFO     ___FILE_ONLY___ ═
2024-12-04 13:21:30,628 INFO     ___FILE_ONLY___ ═
2024-12-04 13:21:30,628 INFO     ___FILE_ONLY___ ═
2024-12-04 13:21:30,629 INFO     ___FILE_ONLY___ ═
2024-12-04 13:21:30,629 INFO     ___FILE_ONLY___ ═
2024-12-04 13:21:30,629 INFO     ___FILE_ONLY___ ═
2024-12-04 13:21:30,630 INFO     ___FILE_ONLY___ ═
2024-12-04 13:21:30,630 INFO     ___FILE_ONLY___ ═
2024-12-04 13:21:30,630 INFO     ___FILE_ONLY___ ═
2024-12-04 13:21:30,631 INFO     ___FILE_ONLY___ ═
2024-12-04 13:21:30,631 INFO     ___FILE_ONLY___ ═
2024-12-04 13:21:30,631 INFO     ___FILE_ONLY___ ═
2024-12-04 13:21:30,632 INFO     ___FILE_ONLY___ ═
2024-12-04 13:21:30,632 INFO     ___FILE_ONLY___ ═
2024-12-04 13:21:30,632 INFO     ___FILE_ONLY___ ═
2024-12-04 13:21:30,633 INFO     ___FILE_ONLY___ ═
2024-12-04 13:21:30,633 INFO     ___FILE_ONLY___ ═
2024-12-04 13:21:30,633 INFO     ___FILE_ONLY___ ═
2024-12-04 13:21:30,634 INFO     ___FILE_ONLY___ ═
2024-12-04 13:21:30,634 INFO     ___FILE_ONLY___ ═
2024-12-04 13:21:30,635 INFO     ___FILE_ONLY___ ═
2024-12-04 13:21:30,635 INFO     ___FILE_ONLY___ ═
2024-12-04 13:21:30,635 INFO     ___FILE_ONLY___ ═
2024-12-04 13:21:30,636 INFO     ___FILE_ONLY___ ═
2024-12-04 13:21:30,636 INFO     ___FILE_ONLY___ ═
2024-12-04 13:21:30,636 INFO     ___FILE_ONLY___ ═
2024-12-04 13:21:30,637 INFO     ___FILE_ONLY___ ═
2024-12-04 13:21:30,637 INFO     ___FILE_ONLY___ ═
2024-12-04 13:21:30,637 INFO     ___FILE_ONLY___ ═
2024-12-04 13:21:30,638 INFO     ___FILE_ONLY___ ═
2024-12-04 13:21:30,638 INFO     ___FILE_ONLY___ ═
2024-12-04 13:21:30,638 INFO     ___FILE_ONLY___ ═
2024-12-04 13:21:30,639 INFO     ___FILE_ONLY___ ═
2024-12-04 13:21:30,639 INFO     ___FILE_ONLY___ ═
2024-12-04 13:21:30,640 INFO     ___FILE_ONLY___ ═
2024-12-04 13:21:30,640 INFO     ___FILE_ONLY___ ═
2024-12-04 13:21:30,640 INFO     ___FILE_ONLY___ ═
2024-12-04 13:21:30,641 INFO     ___FILE_ONLY___ ═
2024-12-04 13:21:30,641 INFO     ___FILE_ONLY___ ═
2024-12-04 13:21:30,641 INFO     ___FILE_ONLY___ ═
2024-12-04 13:21:30,641 INFO     ___FILE_ONLY___ ═
2024-12-04 13:21:30,642 INFO     ___FILE_ONLY___ ═
2024-12-04 13:21:30,642 INFO     ___FILE_ONLY___ ═
2024-12-04 13:21:30,642 INFO     ___FILE_ONLY___ ═
2024-12-04 13:21:30,643 INFO     ___FILE_ONLY___ ═
2024-12-04 13:21:30,643 INFO     ___FILE_ONLY___ ═
2024-12-04 13:21:30,644 INFO     ___FILE_ONLY___ ═
2024-12-04 13:21:30,644 INFO     ___FILE_ONLY___ ═
2024-12-04 13:21:30,644 INFO     ___FILE_ONLY___ ═
2024-12-04 13:21:30,645 INFO     ___FILE_ONLY___ ═
2024-12-04 13:21:30,645 INFO     ___FILE_ONLY___ ═
2024-12-04 13:21:30,645 INFO     ___FILE_ONLY___ ═
2024-12-04 13:21:30,646 INFO     ___FILE_ONLY___ ═
2024-12-04 13:21:30,646 INFO     ___FILE_ONLY___ ═
2024-12-04 13:21:30,646 INFO     ___FILE_ONLY___ ═
2024-12-04 13:21:30,646 INFO     ___FILE_ONLY___ ╝

2024-12-04 13:21:30,654 INFO     ___FILE_ONLY___ ╔════════════════════════════════════════════════════════════╗

2024-12-04 13:21:30,655 INFO     ___FILE_ONLY___ ╠═ Downloading: Skaffold                                    ═╣

2024-12-04 13:21:30,655 INFO     ___FILE_ONLY___ ╚
2024-12-04 13:21:30,655 INFO     ___FILE_ONLY___ ════════════════════════════════════════════════════════════
2024-12-04 13:21:30,655 INFO     ___FILE_ONLY___ ╝

2024-12-04 13:21:30,660 INFO     ___FILE_ONLY___ ╔════════════════════════════════════════════════════════════╗

2024-12-04 13:21:30,660 INFO     ___FILE_ONLY___ ╠═ Downloading: Skaffold (Platform Specific)                ═╣

2024-12-04 13:21:30,660 INFO     ___FILE_ONLY___ ╚
2024-12-04 13:21:30,663 DEBUG    urllib3.connectionpool Starting new HTTPS connection (1): dl.google.com:443
2024-12-04 13:21:31,345 DEBUG    urllib3.connectionpool https://dl.google.com:443 "GET /dl/cloudsdk/channels/rapid/components/google-cloud-sdk-skaffold-darwin-arm-20240806142304.tar.gz HTTP/1.1" 200 24031362
2024-12-04 13:21:35,124 INFO     ___FILE_ONLY___ ═
2024-12-04 13:21:35,124 INFO     ___FILE_ONLY___ ═
2024-12-04 13:21:35,124 INFO     ___FILE_ONLY___ ═
2024-12-04 13:21:35,124 INFO     ___FILE_ONLY___ ═
2024-12-04 13:21:35,125 INFO     ___FILE_ONLY___ ═
2024-12-04 13:21:35,125 INFO     ___FILE_ONLY___ ═
2024-12-04 13:21:35,125 INFO     ___FILE_ONLY___ ═
2024-12-04 13:21:35,125 INFO     ___FILE_ONLY___ ═
2024-12-04 13:21:35,126 INFO     ___FILE_ONLY___ ═
2024-12-04 13:21:35,126 INFO     ___FILE_ONLY___ ═
2024-12-04 13:21:35,126 INFO     ___FILE_ONLY___ ═
2024-12-04 13:21:35,127 INFO     ___FILE_ONLY___ ═
2024-12-04 13:21:35,127 INFO     ___FILE_ONLY___ ═
2024-12-04 13:21:35,127 INFO     ___FILE_ONLY___ ═
2024-12-04 13:21:35,127 INFO     ___FILE_ONLY___ ═
2024-12-04 13:21:35,128 INFO     ___FILE_ONLY___ ═
2024-12-04 13:21:35,128 INFO     ___FILE_ONLY___ ═
2024-12-04 13:21:35,128 INFO     ___FILE_ONLY___ ═
2024-12-04 13:21:35,128 INFO     ___FILE_ONLY___ ═
2024-12-04 13:21:35,128 INFO     ___FILE_ONLY___ ═
2024-12-04 13:21:35,129 INFO     ___FILE_ONLY___ ═
2024-12-04 13:21:35,129 INFO     ___FILE_ONLY___ ═
2024-12-04 13:21:35,129 INFO     ___FILE_ONLY___ ═
2024-12-04 13:21:35,130 INFO     ___FILE_ONLY___ ═
2024-12-04 13:21:35,130 INFO     ___FILE_ONLY___ ═
2024-12-04 13:21:35,130 INFO     ___FILE_ONLY___ ═
2024-12-04 13:21:35,130 INFO     ___FILE_ONLY___ ═
2024-12-04 13:21:35,130 INFO     ___FILE_ONLY___ ═
2024-12-04 13:21:35,131 INFO     ___FILE_ONLY___ ═
2024-12-04 13:21:35,131 INFO     ___FILE_ONLY___ ═
2024-12-04 13:21:35,131 INFO     ___FILE_ONLY___ ═
2024-12-04 13:21:35,131 INFO     ___FILE_ONLY___ ═
2024-12-04 13:21:35,131 INFO     ___FILE_ONLY___ ═
2024-12-04 13:21:35,132 INFO     ___FILE_ONLY___ ═
2024-12-04 13:21:35,132 INFO     ___FILE_ONLY___ ═
2024-12-04 13:21:35,132 INFO     ___FILE_ONLY___ ═
2024-12-04 13:21:35,132 INFO     ___FILE_ONLY___ ═
2024-12-04 13:21:35,132 INFO     ___FILE_ONLY___ ═
2024-12-04 13:21:35,133 INFO     ___FILE_ONLY___ ═
2024-12-04 13:21:35,133 INFO     ___FILE_ONLY___ ═
2024-12-04 13:21:35,133 INFO     ___FILE_ONLY___ ═
2024-12-04 13:21:35,134 INFO     ___FILE_ONLY___ ═
2024-12-04 13:21:35,134 INFO     ___FILE_ONLY___ ═
2024-12-04 13:21:35,134 INFO     ___FILE_ONLY___ ═
2024-12-04 13:21:35,134 INFO     ___FILE_ONLY___ ═
2024-12-04 13:21:35,135 INFO     ___FILE_ONLY___ ═
2024-12-04 13:21:35,135 INFO     ___FILE_ONLY___ ═
2024-12-04 13:21:35,135 INFO     ___FILE_ONLY___ ═
2024-12-04 13:21:35,135 INFO     ___FILE_ONLY___ ═
2024-12-04 13:21:35,136 INFO     ___FILE_ONLY___ ═
2024-12-04 13:21:35,136 INFO     ___FILE_ONLY___ ═
2024-12-04 13:21:35,136 INFO     ___FILE_ONLY___ ═
2024-12-04 13:21:35,136 INFO     ___FILE_ONLY___ ═
2024-12-04 13:21:35,136 INFO     ___FILE_ONLY___ ═
2024-12-04 13:21:35,137 INFO     ___FILE_ONLY___ ═
2024-12-04 13:21:35,137 INFO     ___FILE_ONLY___ ═
2024-12-04 13:21:35,137 INFO     ___FILE_ONLY___ ═
2024-12-04 13:21:35,137 INFO     ___FILE_ONLY___ ═
2024-12-04 13:21:35,137 INFO     ___FILE_ONLY___ ═
2024-12-04 13:21:35,138 INFO     ___FILE_ONLY___ ═
2024-12-04 13:21:35,138 INFO     ___FILE_ONLY___ ╝

2024-12-04 13:21:35,155 INFO     ___FILE_ONLY___ ╔════════════════════════════════════════════════════════════╗

2024-12-04 13:21:35,155 INFO     ___FILE_ONLY___ ╠═ Downloading: gcloud Alpha Commands                       ═╣

2024-12-04 13:21:35,155 INFO     ___FILE_ONLY___ ╚
2024-12-04 13:21:35,158 DEBUG    urllib3.connectionpool Starting new HTTPS connection (1): dl.google.com:443
2024-12-04 13:21:35,711 DEBUG    urllib3.connectionpool https://dl.google.com:443 "GET /dl/cloudsdk/channels/rapid/components/google-cloud-sdk-alpha-20241115154308.tar.gz HTTP/1.1" 200 800
2024-12-04 13:21:35,713 INFO     ___FILE_ONLY___ ════════════════════════════════════════════════════════════
2024-12-04 13:21:35,714 INFO     ___FILE_ONLY___ ╝

2024-12-04 13:21:35,727 INFO     ___FILE_ONLY___ ╔════════════════════════════════════════════════════════════╗

2024-12-04 13:21:35,728 INFO     ___FILE_ONLY___ ╠═ Downloading: gcloud Beta Commands                        ═╣

2024-12-04 13:21:35,728 INFO     ___FILE_ONLY___ ╚
2024-12-04 13:21:35,733 DEBUG    urllib3.connectionpool Starting new HTTPS connection (1): dl.google.com:443
2024-12-04 13:21:36,743 DEBUG    urllib3.connectionpool https://dl.google.com:443 "GET /dl/cloudsdk/channels/rapid/components/google-cloud-sdk-beta-20241115154308.tar.gz HTTP/1.1" 200 797
2024-12-04 13:21:36,744 INFO     ___FILE_ONLY___ ════════════════════════════════════════════════════════════
2024-12-04 13:21:36,745 INFO     ___FILE_ONLY___ ╝

2024-12-04 13:21:36,757 INFO     ___FILE_ONLY___ ╔════════════════════════════════════════════════════════════╗

2024-12-04 13:21:36,757 INFO     ___FILE_ONLY___ ╠═ Downloading: gcloud cli dependencies (Platform Specific) ═╣

2024-12-04 13:21:36,757 INFO     ___FILE_ONLY___ ╚
2024-12-04 13:21:36,760 DEBUG    urllib3.connectionpool Starting new HTTPS connection (1): dl.google.com:443
2024-12-04 13:21:37,287 DEBUG    urllib3.connectionpool https://dl.google.com:443 "GET /dl/cloudsdk/channels/rapid/components/google-cloud-sdk-gcloud-deps-darwin-x86_64-20210416153011.tar.gz HTTP/1.1" 200 105
2024-12-04 13:21:37,289 INFO     ___FILE_ONLY___ ════════════════════════════════════════════════════════════
2024-12-04 13:21:37,289 INFO     ___FILE_ONLY___ ╝

2024-12-04 13:21:37,295 INFO     ___FILE_ONLY___ ╔════════════════════════════════════════════════════════════╗

2024-12-04 13:21:37,295 INFO     ___FILE_ONLY___ ╠═ Downloading: gke-gcloud-auth-plugin                      ═╣

2024-12-04 13:21:37,295 INFO     ___FILE_ONLY___ ╚
2024-12-04 13:21:37,295 INFO     ___FILE_ONLY___ ════════════════════════════════════════════════════════════
2024-12-04 13:21:37,295 INFO     ___FILE_ONLY___ ╝

2024-12-04 13:21:37,301 INFO     ___FILE_ONLY___ ╔════════════════════════════════════════════════════════════╗

2024-12-04 13:21:37,301 INFO     ___FILE_ONLY___ ╠═ Downloading: gke-gcloud-auth-plugin (Platform Specific)  ═╣

2024-12-04 13:21:37,301 INFO     ___FILE_ONLY___ ╚
2024-12-04 13:21:37,304 DEBUG    urllib3.connectionpool Starting new HTTPS connection (1): dl.google.com:443
2024-12-04 13:21:37,833 DEBUG    urllib3.connectionpool https://dl.google.com:443 "GET /dl/cloudsdk/channels/rapid/components/google-cloud-sdk-gke-gcloud-auth-plugin-darwin-arm-20240628141907.tar.gz HTTP/1.1" 200 4148014
2024-12-04 13:21:38,805 INFO     ___FILE_ONLY___ ═
2024-12-04 13:21:38,805 INFO     ___FILE_ONLY___ ═
2024-12-04 13:21:38,806 INFO     ___FILE_ONLY___ ═
2024-12-04 13:21:38,806 INFO     ___FILE_ONLY___ ═
2024-12-04 13:21:38,807 INFO     ___FILE_ONLY___ ═
2024-12-04 13:21:38,808 INFO     ___FILE_ONLY___ ═
2024-12-04 13:21:38,808 INFO     ___FILE_ONLY___ ═
2024-12-04 13:21:38,808 INFO     ___FILE_ONLY___ ═
2024-12-04 13:21:38,808 INFO     ___FILE_ONLY___ ═
2024-12-04 13:21:38,809 INFO     ___FILE_ONLY___ ═
2024-12-04 13:21:38,809 INFO     ___FILE_ONLY___ ═
2024-12-04 13:21:38,809 INFO     ___FILE_ONLY___ ═
2024-12-04 13:21:38,810 INFO     ___FILE_ONLY___ ═
2024-12-04 13:21:38,810 INFO     ___FILE_ONLY___ ═
2024-12-04 13:21:38,810 INFO     ___FILE_ONLY___ ═
2024-12-04 13:21:38,811 INFO     ___FILE_ONLY___ ═
2024-12-04 13:21:38,811 INFO     ___FILE_ONLY___ ═
2024-12-04 13:21:38,811 INFO     ___FILE_ONLY___ ═
2024-12-04 13:21:38,811 INFO     ___FILE_ONLY___ ═
2024-12-04 13:21:38,811 INFO     ___FILE_ONLY___ ═
2024-12-04 13:21:38,811 INFO     ___FILE_ONLY___ ═
2024-12-04 13:21:38,812 INFO     ___FILE_ONLY___ ═
2024-12-04 13:21:38,812 INFO     ___FILE_ONLY___ ═
2024-12-04 13:21:38,812 INFO     ___FILE_ONLY___ ═
2024-12-04 13:21:38,812 INFO     ___FILE_ONLY___ ═
2024-12-04 13:21:38,813 INFO     ___FILE_ONLY___ ═
2024-12-04 13:21:38,813 INFO     ___FILE_ONLY___ ═
2024-12-04 13:21:38,813 INFO     ___FILE_ONLY___ ═
2024-12-04 13:21:38,813 INFO     ___FILE_ONLY___ ═
2024-12-04 13:21:38,814 INFO     ___FILE_ONLY___ ═
2024-12-04 13:21:38,814 INFO     ___FILE_ONLY___ ═
2024-12-04 13:21:38,814 INFO     ___FILE_ONLY___ ═
2024-12-04 13:21:38,815 INFO     ___FILE_ONLY___ ═
2024-12-04 13:21:38,815 INFO     ___FILE_ONLY___ ═
2024-12-04 13:21:38,815 INFO     ___FILE_ONLY___ ═
2024-12-04 13:21:38,815 INFO     ___FILE_ONLY___ ═
2024-12-04 13:21:38,816 INFO     ___FILE_ONLY___ ═
2024-12-04 13:21:38,816 INFO     ___FILE_ONLY___ ═
2024-12-04 13:21:38,816 INFO     ___FILE_ONLY___ ═
2024-12-04 13:21:38,816 INFO     ___FILE_ONLY___ ═
2024-12-04 13:21:38,817 INFO     ___FILE_ONLY___ ═
2024-12-04 13:21:38,817 INFO     ___FILE_ONLY___ ═
2024-12-04 13:21:38,817 INFO     ___FILE_ONLY___ ═
2024-12-04 13:21:38,817 INFO     ___FILE_ONLY___ ═
2024-12-04 13:21:38,817 INFO     ___FILE_ONLY___ ═
2024-12-04 13:21:38,817 INFO     ___FILE_ONLY___ ═
2024-12-04 13:21:38,817 INFO     ___FILE_ONLY___ ═
2024-12-04 13:21:38,817 INFO     ___FILE_ONLY___ ═
2024-12-04 13:21:38,817 INFO     ___FILE_ONLY___ ═
2024-12-04 13:21:38,817 INFO     ___FILE_ONLY___ ═
2024-12-04 13:21:38,817 INFO     ___FILE_ONLY___ ═
2024-12-04 13:21:38,817 INFO     ___FILE_ONLY___ ═
2024-12-04 13:21:38,817 INFO     ___FILE_ONLY___ ═
2024-12-04 13:21:38,817 INFO     ___FILE_ONLY___ ═
2024-12-04 13:21:38,818 INFO     ___FILE_ONLY___ ═
2024-12-04 13:21:38,818 INFO     ___FILE_ONLY___ ═
2024-12-04 13:21:38,818 INFO     ___FILE_ONLY___ ═
2024-12-04 13:21:38,818 INFO     ___FILE_ONLY___ ═
2024-12-04 13:21:38,818 INFO     ___FILE_ONLY___ ═
2024-12-04 13:21:38,818 INFO     ___FILE_ONLY___ ═
2024-12-04 13:21:38,818 INFO     ___FILE_ONLY___ ╝

2024-12-04 13:21:38,824 INFO     ___FILE_ONLY___ ╔════════════════════════════════════════════════════════════╗

2024-12-04 13:21:38,825 INFO     ___FILE_ONLY___ ╠═ Downloading: kubectl                                     ═╣

2024-12-04 13:21:38,825 INFO     ___FILE_ONLY___ ╚
2024-12-04 13:21:38,831 DEBUG    urllib3.connectionpool Starting new HTTPS connection (1): dl.google.com:443
2024-12-04 13:21:39,359 DEBUG    urllib3.connectionpool https://dl.google.com:443 "GET /dl/cloudsdk/channels/rapid/components/google-cloud-sdk-kubectl-20241004144944.tar.gz HTTP/1.1" 200 36206
2024-12-04 13:21:39,432 INFO     ___FILE_ONLY___ ═══════════════════════════
2024-12-04 13:21:39,433 INFO     ___FILE_ONLY___ ═══════════════════════════
2024-12-04 13:21:39,433 INFO     ___FILE_ONLY___ ══════
2024-12-04 13:21:39,433 INFO     ___FILE_ONLY___ ╝

2024-12-04 13:21:39,438 INFO     ___FILE_ONLY___ ╔════════════════════════════════════════════════════════════╗

2024-12-04 13:21:39,439 INFO     ___FILE_ONLY___ ╠═ Downloading: kubectl (Platform Specific)                 ═╣

2024-12-04 13:21:39,439 INFO     ___FILE_ONLY___ ╚
2024-12-04 13:21:39,442 DEBUG    urllib3.connectionpool Starting new HTTPS connection (1): dl.google.com:443
2024-12-04 13:21:39,979 DEBUG    urllib3.connectionpool https://dl.google.com:443 "GET /dl/cloudsdk/channels/rapid/components/google-cloud-sdk-kubectl-darwin-arm-20241108162203.tar.gz HTTP/1.1" 200 90277960
2024-12-04 13:21:48,080 INFO     ___FILE_ONLY___ ═
2024-12-04 13:21:48,081 INFO     ___FILE_ONLY___ ═
2024-12-04 13:21:48,081 INFO     ___FILE_ONLY___ ═
2024-12-04 13:21:48,082 INFO     ___FILE_ONLY___ ═
2024-12-04 13:21:48,083 INFO     ___FILE_ONLY___ ═
2024-12-04 13:21:48,083 INFO     ___FILE_ONLY___ ═
2024-12-04 13:21:48,084 INFO     ___FILE_ONLY___ ═
2024-12-04 13:21:48,085 INFO     ___FILE_ONLY___ ═
2024-12-04 13:21:48,085 INFO     ___FILE_ONLY___ ═
2024-12-04 13:21:48,086 INFO     ___FILE_ONLY___ ═
2024-12-04 13:21:48,087 INFO     ___FILE_ONLY___ ═
2024-12-04 13:21:48,088 INFO     ___FILE_ONLY___ ═
2024-12-04 13:21:48,088 INFO     ___FILE_ONLY___ ═
2024-12-04 13:21:48,089 INFO     ___FILE_ONLY___ ═
2024-12-04 13:21:48,090 INFO     ___FILE_ONLY___ ═
2024-12-04 13:21:48,090 INFO     ___FILE_ONLY___ ═
2024-12-04 13:21:48,091 INFO     ___FILE_ONLY___ ═
2024-12-04 13:21:48,092 INFO     ___FILE_ONLY___ ═
2024-12-04 13:21:48,092 INFO     ___FILE_ONLY___ ═
2024-12-04 13:21:48,093 INFO     ___FILE_ONLY___ ═
2024-12-04 13:21:48,094 INFO     ___FILE_ONLY___ ═
2024-12-04 13:21:48,095 INFO     ___FILE_ONLY___ ═
2024-12-04 13:21:48,097 INFO     ___FILE_ONLY___ ═
2024-12-04 13:21:48,098 INFO     ___FILE_ONLY___ ═
2024-12-04 13:21:48,099 INFO     ___FILE_ONLY___ ═
2024-12-04 13:21:48,099 INFO     ___FILE_ONLY___ ═
2024-12-04 13:21:48,100 INFO     ___FILE_ONLY___ ═
2024-12-04 13:21:48,101 INFO     ___FILE_ONLY___ ═
2024-12-04 13:21:48,102 INFO     ___FILE_ONLY___ ═
2024-12-04 13:21:48,102 INFO     ___FILE_ONLY___ ═
2024-12-04 13:21:48,103 INFO     ___FILE_ONLY___ ═
2024-12-04 13:21:48,104 INFO     ___FILE_ONLY___ ═
2024-12-04 13:21:48,104 INFO     ___FILE_ONLY___ ═
2024-12-04 13:21:48,105 INFO     ___FILE_ONLY___ ═
2024-12-04 13:21:48,106 INFO     ___FILE_ONLY___ ═
2024-12-04 13:21:48,106 INFO     ___FILE_ONLY___ ═
2024-12-04 13:21:48,107 INFO     ___FILE_ONLY___ ═
2024-12-04 13:21:48,108 INFO     ___FILE_ONLY___ ═
2024-12-04 13:21:48,108 INFO     ___FILE_ONLY___ ═
2024-12-04 13:21:48,109 INFO     ___FILE_ONLY___ ═
2024-12-04 13:21:48,110 INFO     ___FILE_ONLY___ ═
2024-12-04 13:21:48,110 INFO     ___FILE_ONLY___ ═
2024-12-04 13:21:48,111 INFO     ___FILE_ONLY___ ═
2024-12-04 13:21:48,112 INFO     ___FILE_ONLY___ ═
2024-12-04 13:21:48,113 INFO     ___FILE_ONLY___ ═
2024-12-04 13:21:48,113 INFO     ___FILE_ONLY___ ═
2024-12-04 13:21:48,114 INFO     ___FILE_ONLY___ ═
2024-12-04 13:21:48,114 INFO     ___FILE_ONLY___ ═
2024-12-04 13:21:48,115 INFO     ___FILE_ONLY___ ═
2024-12-04 13:21:48,116 INFO     ___FILE_ONLY___ ═
2024-12-04 13:21:48,116 INFO     ___FILE_ONLY___ ═
2024-12-04 13:21:48,118 INFO     ___FILE_ONLY___ ═
2024-12-04 13:21:48,119 INFO     ___FILE_ONLY___ ═
2024-12-04 13:21:48,120 INFO     ___FILE_ONLY___ ═
2024-12-04 13:21:48,122 INFO     ___FILE_ONLY___ ═
2024-12-04 13:21:48,123 INFO     ___FILE_ONLY___ ═
2024-12-04 13:21:48,125 INFO     ___FILE_ONLY___ ═
2024-12-04 13:21:48,126 INFO     ___FILE_ONLY___ ═
2024-12-04 13:21:48,127 INFO     ___FILE_ONLY___ ═
2024-12-04 13:21:48,128 INFO     ___FILE_ONLY___ ═
2024-12-04 13:21:48,128 INFO     ___FILE_ONLY___ ╝

2024-12-04 13:21:48,139 INFO     ___FILE_ONLY___ ╔════════════════════════════════════════════════════════════╗

2024-12-04 13:21:48,139 INFO     ___FILE_ONLY___ ╠═ Installing: Google Cloud CLI Core Libraries (Platform... ═╣

2024-12-04 13:21:48,139 INFO     ___FILE_ONLY___ ╚
2024-12-04 13:21:48,143 INFO     ___FILE_ONLY___ ══════════════════════════════
2024-12-04 13:21:48,143 INFO     ___FILE_ONLY___ ══════════════════════════════
2024-12-04 13:21:48,143 INFO     ___FILE_ONLY___ ╝

2024-12-04 13:21:48,157 INFO     ___FILE_ONLY___ ╔════════════════════════════════════════════════════════════╗

2024-12-04 13:21:48,157 INFO     ___FILE_ONLY___ ╠═ Installing: Minikube                                     ═╣

2024-12-04 13:21:48,157 INFO     ___FILE_ONLY___ ╚
2024-12-04 13:21:48,160 INFO     ___FILE_ONLY___ ════════════════════════════════════════════════════════════
2024-12-04 13:21:48,160 INFO     ___FILE_ONLY___ ╝

2024-12-04 13:21:48,166 INFO     ___FILE_ONLY___ ╔════════════════════════════════════════════════════════════╗

2024-12-04 13:21:48,166 INFO     ___FILE_ONLY___ ╠═ Installing: Minikube (Platform Specific)                 ═╣

2024-12-04 13:21:48,166 INFO     ___FILE_ONLY___ ╚
2024-12-04 13:21:48,521 INFO     ___FILE_ONLY___ ════════════════════════════════════════════════════════════
2024-12-04 13:21:48,521 INFO     ___FILE_ONLY___ ╝

2024-12-04 13:21:48,531 INFO     ___FILE_ONLY___ ╔════════════════════════════════════════════════════════════╗

2024-12-04 13:21:48,531 INFO     ___FILE_ONLY___ ╠═ Installing: Skaffold                                     ═╣

2024-12-04 13:21:48,531 INFO     ___FILE_ONLY___ ╚
2024-12-04 13:21:48,535 INFO     ___FILE_ONLY___ ════════════════════════════════════════════════════════════
2024-12-04 13:21:48,535 INFO     ___FILE_ONLY___ ╝

2024-12-04 13:21:48,541 INFO     ___FILE_ONLY___ ╔════════════════════════════════════════════════════════════╗

2024-12-04 13:21:48,541 INFO     ___FILE_ONLY___ ╠═ Installing: Skaffold (Platform Specific)                 ═╣

2024-12-04 13:21:48,541 INFO     ___FILE_ONLY___ ╚
2024-12-04 13:21:48,839 INFO     ___FILE_ONLY___ ════════════════════════════════════════════════════════════
2024-12-04 13:21:48,839 INFO     ___FILE_ONLY___ ╝

2024-12-04 13:21:48,849 INFO     ___FILE_ONLY___ ╔════════════════════════════════════════════════════════════╗

2024-12-04 13:21:48,849 INFO     ___FILE_ONLY___ ╠═ Installing: gcloud Alpha Commands                        ═╣

2024-12-04 13:21:48,849 INFO     ___FILE_ONLY___ ╚
2024-12-04 13:21:48,853 INFO     ___FILE_ONLY___ ════════════════════════════════════════════════════════════
2024-12-04 13:21:48,853 INFO     ___FILE_ONLY___ ╝

2024-12-04 13:21:48,861 INFO     ___FILE_ONLY___ ╔════════════════════════════════════════════════════════════╗

2024-12-04 13:21:48,862 INFO     ___FILE_ONLY___ ╠═ Installing: gcloud Beta Commands                         ═╣

2024-12-04 13:21:48,862 INFO     ___FILE_ONLY___ ╚
2024-12-04 13:21:48,865 INFO     ___FILE_ONLY___ ════════════════════════════════════════════════════════════
2024-12-04 13:21:48,865 INFO     ___FILE_ONLY___ ╝

2024-12-04 13:21:48,874 INFO     ___FILE_ONLY___ ╔════════════════════════════════════════════════════════════╗

2024-12-04 13:21:48,874 INFO     ___FILE_ONLY___ ╠═ Installing: gcloud cli dependencies (Platform Specific)  ═╣

2024-12-04 13:21:48,874 INFO     ___FILE_ONLY___ ╚
2024-12-04 13:21:48,877 INFO     ___FILE_ONLY___ ════════════════════════════════════════════════════════════
2024-12-04 13:21:48,877 INFO     ___FILE_ONLY___ ╝

2024-12-04 13:21:48,886 INFO     ___FILE_ONLY___ ╔════════════════════════════════════════════════════════════╗

2024-12-04 13:21:48,887 INFO     ___FILE_ONLY___ ╠═ Installing: gke-gcloud-auth-plugin                       ═╣

2024-12-04 13:21:48,887 INFO     ___FILE_ONLY___ ╚
2024-12-04 13:21:48,890 INFO     ___FILE_ONLY___ ════════════════════════════════════════════════════════════
2024-12-04 13:21:48,890 INFO     ___FILE_ONLY___ ╝

2024-12-04 13:21:48,896 INFO     ___FILE_ONLY___ ╔════════════════════════════════════════════════════════════╗

2024-12-04 13:21:48,896 INFO     ___FILE_ONLY___ ╠═ Installing: gke-gcloud-auth-plugin (Platform Specific)   ═╣

2024-12-04 13:21:48,896 INFO     ___FILE_ONLY___ ╚
2024-12-04 13:21:48,948 INFO     ___FILE_ONLY___ ════════════════════════════════════════════════════════════
2024-12-04 13:21:48,949 INFO     ___FILE_ONLY___ ╝

2024-12-04 13:21:48,957 INFO     ___FILE_ONLY___ ╔════════════════════════════════════════════════════════════╗

2024-12-04 13:21:48,957 INFO     ___FILE_ONLY___ ╠═ Installing: kubectl                                      ═╣

2024-12-04 13:21:48,957 INFO     ___FILE_ONLY___ ╚
2024-12-04 13:21:48,961 INFO     ___FILE_ONLY___ ════════════════════════════════════════════════════════════
2024-12-04 13:21:48,961 INFO     ___FILE_ONLY___ ╝

2024-12-04 13:21:48,970 INFO     ___FILE_ONLY___ ╔════════════════════════════════════════════════════════════╗

2024-12-04 13:21:48,970 INFO     ___FILE_ONLY___ ╠═ Installing: kubectl (Platform Specific)                  ═╣

2024-12-04 13:21:48,970 INFO     ___FILE_ONLY___ ╚
2024-12-04 13:21:49,513 INFO     ___FILE_ONLY___ ══════════
2024-12-04 13:21:49,617 INFO     ___FILE_ONLY___ ══════════
2024-12-04 13:21:49,725 INFO     ___FILE_ONLY___ ══════════
2024-12-04 13:21:49,828 INFO     ___FILE_ONLY___ ══════════
2024-12-04 13:21:49,935 INFO     ___FILE_ONLY___ ══════════
2024-12-04 13:21:50,046 INFO     ___FILE_ONLY___ ══════════
2024-12-04 13:21:50,046 INFO     ___FILE_ONLY___ ╝

2024-12-04 13:21:50,072 DEBUG    root            Updating notification cache...
2024-12-04 13:21:50,073 INFO     ___FILE_ONLY___ 

2024-12-04 13:21:50,079 INFO     ___FILE_ONLY___ Performing post processing steps...
2024-12-04 13:21:50,079 DEBUG    root            Executing command: ['/Users/wbrunson/Library/Application Support/cloud-code/installer/google-cloud-sdk/bin/gcloud', 'components', 'post-process', '--no-compile-python']
2024-12-04 13:21:50,672 DEBUG    ___FILE_ONLY___ 
2024-12-04 13:21:50,672 DEBUG    ___FILE_ONLY___ 
2024-12-04 13:21:50,852 INFO     ___FILE_ONLY___ 
Update done!


2024-12-04 13:21:50,855 DEBUG    root            Chosen display Format:none
2024-12-04 13:21:50,855 INFO     root            Display format: "none"
2024-12-04 13:21:50,859 DEBUG    root            Executing command: ['curl', '--silent', '-O', 'https://dl.google.com/dl/cloudsdk/channels/rapid/python-3.11.6-macos11.tar.gz']
2024-12-04 13:21:57,277 DEBUG    root            Executing command: ['tar', '-xf', 'python-3.11.6-macos11.tar.gz']
2024-12-04 13:21:57,337 DEBUG    root            Executing command: ['sudo', 'installer', '-target', '/', '-pkg', './python-3.11.6-macos11.pkg']
