2024-12-09 09:35:29,989 DEBUG    root            Metrics collector initialized...
2024-12-09 09:35:29,993 DEBUG    root            Loaded Command Group: ['gcloud', 'components']
2024-12-09 09:35:29,999 DEBUG    root            Loaded Command Group: ['gcloud', 'components', 'update']
2024-12-09 09:35:29,999 DEBUG    root            Running [gcloud.components.update] with arguments: [--no-compile-python: "False", --quiet: "True", COMPONENT-IDS:6: "['alpha', 'beta', 'gke-gcloud-auth-plugin', 'kubectl', 'skaffold', 'minikube']"]
2024-12-09 09:35:30,000 INFO     ___FILE_ONLY___ Beginning update. This process may take several minutes.

2024-12-09 09:35:30,025 DEBUG    urllib3.connectionpool Starting new HTTPS connection (1): dl.google.com:443
2024-12-09 09:35:30,495 DEBUG    urllib3.connectionpool https://dl.google.com:443 "GET /dl/cloudsdk/channels/rapid/components-2.json HTTP/1.1" 200 227816
2024-12-09 09:35:30,596 INFO     ___FILE_ONLY___ 

2024-12-09 09:35:30,596 INFO     ___FILE_ONLY___ 
Your current Google Cloud CLI version is: 502.0.0

2024-12-09 09:35:30,596 INFO     ___FILE_ONLY___ Installing components from version: 502.0.0

2024-12-09 09:35:30,596 INFO     ___FILE_ONLY___ 

2024-12-09 09:35:30,596 DEBUG    root            Chosen display Format:table[box,title="These components will be removed."](details.display_name:label=Name:align=left,version.version_string:label=Version:align=right,data.size.size(zero="",min=1048576):label=Size:align=right)
2024-12-09 09:35:30,597 DEBUG    root            Chosen display Format:table[box,title="These components will be updated."](details.display_name:label=Name:align=left,version.version_string:label=Version:align=right,data.size.size(zero="",min=1048576):label=Size:align=right)
2024-12-09 09:35:30,597 DEBUG    root            Chosen display Format:table[box,title="These components will be installed."](details.display_name:label=Name:align=left,version.version_string:label=Version:align=right,data.size.size(zero="",min=1048576):label=Size:align=right)
2024-12-09 09:35:30,656 INFO     ___FILE_ONLY___ ┌─────────────────────────────────────────────────────────────────────────────┐
2024-12-09 09:35:30,656 INFO     ___FILE_ONLY___ 

2024-12-09 09:35:30,656 INFO     ___FILE_ONLY___ │                     These components will be installed.                     │
2024-12-09 09:35:30,656 INFO     ___FILE_ONLY___ 

2024-12-09 09:35:30,656 INFO     ___FILE_ONLY___ ├─────────────────────────────────────────────────────┬────────────┬──────────┤
2024-12-09 09:35:30,656 INFO     ___FILE_ONLY___ 

2024-12-09 09:35:30,656 INFO     ___FILE_ONLY___ │                         Name                        │  Version   │   Size   │
2024-12-09 09:35:30,656 INFO     ___FILE_ONLY___ 

2024-12-09 09:35:30,656 INFO     ___FILE_ONLY___ ├─────────────────────────────────────────────────────┼────────────┼──────────┤
2024-12-09 09:35:30,656 INFO     ___FILE_ONLY___ 

2024-12-09 09:35:30,656 INFO     ___FILE_ONLY___ │ 
2024-12-09 09:35:30,656 INFO     ___FILE_ONLY___ Google Cloud CLI Core Libraries (Platform Specific)
2024-12-09 09:35:30,656 INFO     ___FILE_ONLY___  
2024-12-09 09:35:30,656 INFO     ___FILE_ONLY___ │ 
2024-12-09 09:35:30,656 INFO     ___FILE_ONLY___ 2024.08.30
2024-12-09 09:35:30,656 INFO     ___FILE_ONLY___  
2024-12-09 09:35:30,656 INFO     ___FILE_ONLY___ │ 
2024-12-09 09:35:30,656 INFO     ___FILE_ONLY___  < 1 MiB
2024-12-09 09:35:30,656 INFO     ___FILE_ONLY___  
2024-12-09 09:35:30,656 INFO     ___FILE_ONLY___ │
2024-12-09 09:35:30,657 INFO     ___FILE_ONLY___ 

2024-12-09 09:35:30,657 INFO     ___FILE_ONLY___ │ 
2024-12-09 09:35:30,657 INFO     ___FILE_ONLY___ Minikube (Platform Specific)                       
2024-12-09 09:35:30,657 INFO     ___FILE_ONLY___  
2024-12-09 09:35:30,657 INFO     ___FILE_ONLY___ │ 
2024-12-09 09:35:30,657 INFO     ___FILE_ONLY___     1.34.0
2024-12-09 09:35:30,657 INFO     ___FILE_ONLY___  
2024-12-09 09:35:30,657 INFO     ___FILE_ONLY___ │ 
2024-12-09 09:35:30,657 INFO     ___FILE_ONLY___ 37.2 MiB
2024-12-09 09:35:30,657 INFO     ___FILE_ONLY___  
2024-12-09 09:35:30,657 INFO     ___FILE_ONLY___ │
2024-12-09 09:35:30,657 INFO     ___FILE_ONLY___ 

2024-12-09 09:35:30,657 INFO     ___FILE_ONLY___ │ 
2024-12-09 09:35:30,657 INFO     ___FILE_ONLY___ Skaffold (Platform Specific)                       
2024-12-09 09:35:30,657 INFO     ___FILE_ONLY___  
2024-12-09 09:35:30,657 INFO     ___FILE_ONLY___ │ 
2024-12-09 09:35:30,657 INFO     ___FILE_ONLY___     2.13.1
2024-12-09 09:35:30,657 INFO     ___FILE_ONLY___  
2024-12-09 09:35:30,657 INFO     ___FILE_ONLY___ │ 
2024-12-09 09:35:30,657 INFO     ___FILE_ONLY___ 22.9 MiB
2024-12-09 09:35:30,657 INFO     ___FILE_ONLY___  
2024-12-09 09:35:30,657 INFO     ___FILE_ONLY___ │
2024-12-09 09:35:30,657 INFO     ___FILE_ONLY___ 

2024-12-09 09:35:30,657 INFO     ___FILE_ONLY___ │ 
2024-12-09 09:35:30,657 INFO     ___FILE_ONLY___ gcloud Alpha Commands                              
2024-12-09 09:35:30,657 INFO     ___FILE_ONLY___  
2024-12-09 09:35:30,657 INFO     ___FILE_ONLY___ │ 
2024-12-09 09:35:30,657 INFO     ___FILE_ONLY___ 2024.11.15
2024-12-09 09:35:30,657 INFO     ___FILE_ONLY___  
2024-12-09 09:35:30,657 INFO     ___FILE_ONLY___ │ 
2024-12-09 09:35:30,657 INFO     ___FILE_ONLY___  < 1 MiB
2024-12-09 09:35:30,657 INFO     ___FILE_ONLY___  
2024-12-09 09:35:30,657 INFO     ___FILE_ONLY___ │
2024-12-09 09:35:30,657 INFO     ___FILE_ONLY___ 

2024-12-09 09:35:30,657 INFO     ___FILE_ONLY___ │ 
2024-12-09 09:35:30,657 INFO     ___FILE_ONLY___ gcloud Beta Commands                               
2024-12-09 09:35:30,657 INFO     ___FILE_ONLY___  
2024-12-09 09:35:30,657 INFO     ___FILE_ONLY___ │ 
2024-12-09 09:35:30,657 INFO     ___FILE_ONLY___ 2024.11.15
2024-12-09 09:35:30,657 INFO     ___FILE_ONLY___  
2024-12-09 09:35:30,657 INFO     ___FILE_ONLY___ │ 
2024-12-09 09:35:30,657 INFO     ___FILE_ONLY___  < 1 MiB
2024-12-09 09:35:30,657 INFO     ___FILE_ONLY___  
2024-12-09 09:35:30,657 INFO     ___FILE_ONLY___ │
2024-12-09 09:35:30,657 INFO     ___FILE_ONLY___ 

2024-12-09 09:35:30,657 INFO     ___FILE_ONLY___ │ 
2024-12-09 09:35:30,657 INFO     ___FILE_ONLY___ gcloud cli dependencies (Platform Specific)        
2024-12-09 09:35:30,657 INFO     ___FILE_ONLY___  
2024-12-09 09:35:30,657 INFO     ___FILE_ONLY___ │ 
2024-12-09 09:35:30,658 INFO     ___FILE_ONLY___ 2021.04.16
2024-12-09 09:35:30,658 INFO     ___FILE_ONLY___  
2024-12-09 09:35:30,658 INFO     ___FILE_ONLY___ │ 
2024-12-09 09:35:30,658 INFO     ___FILE_ONLY___  < 1 MiB
2024-12-09 09:35:30,658 INFO     ___FILE_ONLY___  
2024-12-09 09:35:30,658 INFO     ___FILE_ONLY___ │
2024-12-09 09:35:30,658 INFO     ___FILE_ONLY___ 

2024-12-09 09:35:30,658 INFO     ___FILE_ONLY___ │ 
2024-12-09 09:35:30,658 INFO     ___FILE_ONLY___ gke-gcloud-auth-plugin (Platform Specific)         
2024-12-09 09:35:30,658 INFO     ___FILE_ONLY___  
2024-12-09 09:35:30,658 INFO     ___FILE_ONLY___ │ 
2024-12-09 09:35:30,658 INFO     ___FILE_ONLY___      0.5.9
2024-12-09 09:35:30,658 INFO     ___FILE_ONLY___  
2024-12-09 09:35:30,658 INFO     ___FILE_ONLY___ │ 
2024-12-09 09:35:30,658 INFO     ___FILE_ONLY___  4.0 MiB
2024-12-09 09:35:30,658 INFO     ___FILE_ONLY___  
2024-12-09 09:35:30,658 INFO     ___FILE_ONLY___ │
2024-12-09 09:35:30,658 INFO     ___FILE_ONLY___ 

2024-12-09 09:35:30,658 INFO     ___FILE_ONLY___ │ 
2024-12-09 09:35:30,658 INFO     ___FILE_ONLY___ kubectl                                            
2024-12-09 09:35:30,658 INFO     ___FILE_ONLY___  
2024-12-09 09:35:30,658 INFO     ___FILE_ONLY___ │ 
2024-12-09 09:35:30,658 INFO     ___FILE_ONLY___     1.30.5
2024-12-09 09:35:30,658 INFO     ___FILE_ONLY___  
2024-12-09 09:35:30,658 INFO     ___FILE_ONLY___ │ 
2024-12-09 09:35:30,658 INFO     ___FILE_ONLY___  < 1 MiB
2024-12-09 09:35:30,658 INFO     ___FILE_ONLY___  
2024-12-09 09:35:30,658 INFO     ___FILE_ONLY___ │
2024-12-09 09:35:30,658 INFO     ___FILE_ONLY___ 

2024-12-09 09:35:30,658 INFO     ___FILE_ONLY___ │ 
2024-12-09 09:35:30,658 INFO     ___FILE_ONLY___ kubectl (Platform Specific)                        
2024-12-09 09:35:30,658 INFO     ___FILE_ONLY___  
2024-12-09 09:35:30,658 INFO     ___FILE_ONLY___ │ 
2024-12-09 09:35:30,658 INFO     ___FILE_ONLY___     1.30.6
2024-12-09 09:35:30,658 INFO     ___FILE_ONLY___  
2024-12-09 09:35:30,658 INFO     ___FILE_ONLY___ │ 
2024-12-09 09:35:30,658 INFO     ___FILE_ONLY___ 86.1 MiB
2024-12-09 09:35:30,658 INFO     ___FILE_ONLY___  
2024-12-09 09:35:30,658 INFO     ___FILE_ONLY___ │
2024-12-09 09:35:30,658 INFO     ___FILE_ONLY___ 

2024-12-09 09:35:30,658 INFO     ___FILE_ONLY___ └─────────────────────────────────────────────────────┴────────────┴──────────┘
2024-12-09 09:35:30,658 INFO     ___FILE_ONLY___ 

2024-12-09 09:35:30,658 INFO     ___FILE_ONLY___ 

2024-12-09 09:35:30,660 DEBUG    urllib3.connectionpool Starting new HTTPS connection (1): dl.google.com:443
2024-12-09 09:35:30,805 DEBUG    urllib3.connectionpool https://dl.google.com:443 "GET /dl/cloudsdk/channels/rapid/RELEASE_NOTES HTTP/1.1" 200 1314602
2024-12-09 09:35:30,992 INFO     ___FILE_ONLY___ For the latest full release notes, please visit:
  https://cloud.google.com/sdk/release_notes


2024-12-09 09:35:30,993 INFO     ___FILE_ONLY___ Performing in place update...


2024-12-09 09:35:31,011 INFO     ___FILE_ONLY___ ╔════════════════════════════════════════════════════════════╗

2024-12-09 09:35:31,012 INFO     ___FILE_ONLY___ ╠═ Downloading: Google Cloud CLI Core Libraries (Platfor... ═╣

2024-12-09 09:35:31,012 INFO     ___FILE_ONLY___ ╚
2024-12-09 09:35:31,014 DEBUG    urllib3.connectionpool Starting new HTTPS connection (1): dl.google.com:443
2024-12-09 09:35:31,163 DEBUG    urllib3.connectionpool https://dl.google.com:443 "GET /dl/cloudsdk/channels/rapid/components/google-cloud-sdk-core-nix-20240830134514.tar.gz HTTP/1.1" 200 2306
2024-12-09 09:35:31,165 INFO     ___FILE_ONLY___ ════════════════════════════════════════════════════════════
2024-12-09 09:35:31,167 INFO     ___FILE_ONLY___ ╝

2024-12-09 09:35:31,192 INFO     ___FILE_ONLY___ ╔════════════════════════════════════════════════════════════╗

2024-12-09 09:35:31,192 INFO     ___FILE_ONLY___ ╠═ Downloading: Minikube                                    ═╣

2024-12-09 09:35:31,192 INFO     ___FILE_ONLY___ ╚
2024-12-09 09:35:31,192 INFO     ___FILE_ONLY___ ════════════════════════════════════════════════════════════
2024-12-09 09:35:31,192 INFO     ___FILE_ONLY___ ╝

2024-12-09 09:35:31,214 INFO     ___FILE_ONLY___ ╔════════════════════════════════════════════════════════════╗

2024-12-09 09:35:31,214 INFO     ___FILE_ONLY___ ╠═ Downloading: Minikube (Platform Specific)                ═╣

2024-12-09 09:35:31,214 INFO     ___FILE_ONLY___ ╚
2024-12-09 09:35:31,217 DEBUG    urllib3.connectionpool Starting new HTTPS connection (1): dl.google.com:443
2024-12-09 09:35:31,502 DEBUG    urllib3.connectionpool https://dl.google.com:443 "GET /dl/cloudsdk/channels/rapid/components/google-cloud-sdk-minikube-darwin-arm-20240927140238.tar.gz HTTP/1.1" 200 38981244
2024-12-09 09:35:35,968 INFO     ___FILE_ONLY___ ═
2024-12-09 09:35:35,968 INFO     ___FILE_ONLY___ ═
2024-12-09 09:35:35,969 INFO     ___FILE_ONLY___ ═
2024-12-09 09:35:35,969 INFO     ___FILE_ONLY___ ═
2024-12-09 09:35:35,969 INFO     ___FILE_ONLY___ ═
2024-12-09 09:35:35,970 INFO     ___FILE_ONLY___ ═
2024-12-09 09:35:35,970 INFO     ___FILE_ONLY___ ═
2024-12-09 09:35:35,970 INFO     ___FILE_ONLY___ ═
2024-12-09 09:35:35,970 INFO     ___FILE_ONLY___ ═
2024-12-09 09:35:35,971 INFO     ___FILE_ONLY___ ═
2024-12-09 09:35:35,971 INFO     ___FILE_ONLY___ ═
2024-12-09 09:35:35,971 INFO     ___FILE_ONLY___ ═
2024-12-09 09:35:35,972 INFO     ___FILE_ONLY___ ═
2024-12-09 09:35:35,972 INFO     ___FILE_ONLY___ ═
2024-12-09 09:35:35,972 INFO     ___FILE_ONLY___ ═
2024-12-09 09:35:35,973 INFO     ___FILE_ONLY___ ═
2024-12-09 09:35:35,973 INFO     ___FILE_ONLY___ ═
2024-12-09 09:35:35,973 INFO     ___FILE_ONLY___ ═
2024-12-09 09:35:35,974 INFO     ___FILE_ONLY___ ═
2024-12-09 09:35:35,974 INFO     ___FILE_ONLY___ ═
2024-12-09 09:35:35,974 INFO     ___FILE_ONLY___ ═
2024-12-09 09:35:35,974 INFO     ___FILE_ONLY___ ═
2024-12-09 09:35:35,975 INFO     ___FILE_ONLY___ ═
2024-12-09 09:35:35,975 INFO     ___FILE_ONLY___ ═
2024-12-09 09:35:35,975 INFO     ___FILE_ONLY___ ═
2024-12-09 09:35:35,976 INFO     ___FILE_ONLY___ ═
2024-12-09 09:35:35,976 INFO     ___FILE_ONLY___ ═
2024-12-09 09:35:35,976 INFO     ___FILE_ONLY___ ═
2024-12-09 09:35:35,976 INFO     ___FILE_ONLY___ ═
2024-12-09 09:35:35,977 INFO     ___FILE_ONLY___ ═
2024-12-09 09:35:35,977 INFO     ___FILE_ONLY___ ═
2024-12-09 09:35:35,977 INFO     ___FILE_ONLY___ ═
2024-12-09 09:35:35,978 INFO     ___FILE_ONLY___ ═
2024-12-09 09:35:35,978 INFO     ___FILE_ONLY___ ═
2024-12-09 09:35:35,978 INFO     ___FILE_ONLY___ ═
2024-12-09 09:35:35,978 INFO     ___FILE_ONLY___ ═
2024-12-09 09:35:35,979 INFO     ___FILE_ONLY___ ═
2024-12-09 09:35:35,979 INFO     ___FILE_ONLY___ ═
2024-12-09 09:35:35,979 INFO     ___FILE_ONLY___ ═
2024-12-09 09:35:35,980 INFO     ___FILE_ONLY___ ═
2024-12-09 09:35:35,980 INFO     ___FILE_ONLY___ ═
2024-12-09 09:35:35,980 INFO     ___FILE_ONLY___ ═
2024-12-09 09:35:35,981 INFO     ___FILE_ONLY___ ═
2024-12-09 09:35:35,981 INFO     ___FILE_ONLY___ ═
2024-12-09 09:35:35,981 INFO     ___FILE_ONLY___ ═
2024-12-09 09:35:35,982 INFO     ___FILE_ONLY___ ═
2024-12-09 09:35:35,982 INFO     ___FILE_ONLY___ ═
2024-12-09 09:35:35,982 INFO     ___FILE_ONLY___ ═
2024-12-09 09:35:35,982 INFO     ___FILE_ONLY___ ═
2024-12-09 09:35:35,983 INFO     ___FILE_ONLY___ ═
2024-12-09 09:35:35,983 INFO     ___FILE_ONLY___ ═
2024-12-09 09:35:35,983 INFO     ___FILE_ONLY___ ═
2024-12-09 09:35:35,984 INFO     ___FILE_ONLY___ ═
2024-12-09 09:35:35,984 INFO     ___FILE_ONLY___ ═
2024-12-09 09:35:35,984 INFO     ___FILE_ONLY___ ═
2024-12-09 09:35:35,985 INFO     ___FILE_ONLY___ ═
2024-12-09 09:35:35,985 INFO     ___FILE_ONLY___ ═
2024-12-09 09:35:35,985 INFO     ___FILE_ONLY___ ═
2024-12-09 09:35:35,986 INFO     ___FILE_ONLY___ ═
2024-12-09 09:35:35,986 INFO     ___FILE_ONLY___ ═
2024-12-09 09:35:35,986 INFO     ___FILE_ONLY___ ╝

2024-12-09 09:35:36,007 INFO     ___FILE_ONLY___ ╔════════════════════════════════════════════════════════════╗

2024-12-09 09:35:36,007 INFO     ___FILE_ONLY___ ╠═ Downloading: Skaffold                                    ═╣

2024-12-09 09:35:36,007 INFO     ___FILE_ONLY___ ╚
2024-12-09 09:35:36,007 INFO     ___FILE_ONLY___ ════════════════════════════════════════════════════════════
2024-12-09 09:35:36,007 INFO     ___FILE_ONLY___ ╝

2024-12-09 09:35:36,026 INFO     ___FILE_ONLY___ ╔════════════════════════════════════════════════════════════╗

2024-12-09 09:35:36,026 INFO     ___FILE_ONLY___ ╠═ Downloading: Skaffold (Platform Specific)                ═╣

2024-12-09 09:35:36,026 INFO     ___FILE_ONLY___ ╚
2024-12-09 09:35:36,028 DEBUG    urllib3.connectionpool Starting new HTTPS connection (1): dl.google.com:443
2024-12-09 09:35:36,256 DEBUG    urllib3.connectionpool https://dl.google.com:443 "GET /dl/cloudsdk/channels/rapid/components/google-cloud-sdk-skaffold-darwin-arm-20240806142304.tar.gz HTTP/1.1" 200 24031362
2024-12-09 09:35:39,096 INFO     ___FILE_ONLY___ ═
2024-12-09 09:35:39,096 INFO     ___FILE_ONLY___ ═
2024-12-09 09:35:39,096 INFO     ___FILE_ONLY___ ═
2024-12-09 09:35:39,096 INFO     ___FILE_ONLY___ ═
2024-12-09 09:35:39,096 INFO     ___FILE_ONLY___ ═
2024-12-09 09:35:39,097 INFO     ___FILE_ONLY___ ═
2024-12-09 09:35:39,097 INFO     ___FILE_ONLY___ ═
2024-12-09 09:35:39,097 INFO     ___FILE_ONLY___ ═
2024-12-09 09:35:39,097 INFO     ___FILE_ONLY___ ═
2024-12-09 09:35:39,098 INFO     ___FILE_ONLY___ ═
2024-12-09 09:35:39,098 INFO     ___FILE_ONLY___ ═
2024-12-09 09:35:39,098 INFO     ___FILE_ONLY___ ═
2024-12-09 09:35:39,098 INFO     ___FILE_ONLY___ ═
2024-12-09 09:35:39,099 INFO     ___FILE_ONLY___ ═
2024-12-09 09:35:39,099 INFO     ___FILE_ONLY___ ═
2024-12-09 09:35:39,099 INFO     ___FILE_ONLY___ ═
2024-12-09 09:35:39,099 INFO     ___FILE_ONLY___ ═
2024-12-09 09:35:39,099 INFO     ___FILE_ONLY___ ═
2024-12-09 09:35:39,100 INFO     ___FILE_ONLY___ ═
2024-12-09 09:35:39,100 INFO     ___FILE_ONLY___ ═
2024-12-09 09:35:39,100 INFO     ___FILE_ONLY___ ═
2024-12-09 09:35:39,100 INFO     ___FILE_ONLY___ ═
2024-12-09 09:35:39,101 INFO     ___FILE_ONLY___ ═
2024-12-09 09:35:39,101 INFO     ___FILE_ONLY___ ═
2024-12-09 09:35:39,101 INFO     ___FILE_ONLY___ ═
2024-12-09 09:35:39,101 INFO     ___FILE_ONLY___ ═
2024-12-09 09:35:39,102 INFO     ___FILE_ONLY___ ═
2024-12-09 09:35:39,102 INFO     ___FILE_ONLY___ ═
2024-12-09 09:35:39,102 INFO     ___FILE_ONLY___ ═
2024-12-09 09:35:39,102 INFO     ___FILE_ONLY___ ═
2024-12-09 09:35:39,103 INFO     ___FILE_ONLY___ ═
2024-12-09 09:35:39,103 INFO     ___FILE_ONLY___ ═
2024-12-09 09:35:39,103 INFO     ___FILE_ONLY___ ═
2024-12-09 09:35:39,103 INFO     ___FILE_ONLY___ ═
2024-12-09 09:35:39,103 INFO     ___FILE_ONLY___ ═
2024-12-09 09:35:39,104 INFO     ___FILE_ONLY___ ═
2024-12-09 09:35:39,104 INFO     ___FILE_ONLY___ ═
2024-12-09 09:35:39,104 INFO     ___FILE_ONLY___ ═
2024-12-09 09:35:39,104 INFO     ___FILE_ONLY___ ═
2024-12-09 09:35:39,104 INFO     ___FILE_ONLY___ ═
2024-12-09 09:35:39,105 INFO     ___FILE_ONLY___ ═
2024-12-09 09:35:39,105 INFO     ___FILE_ONLY___ ═
2024-12-09 09:35:39,105 INFO     ___FILE_ONLY___ ═
2024-12-09 09:35:39,105 INFO     ___FILE_ONLY___ ═
2024-12-09 09:35:39,106 INFO     ___FILE_ONLY___ ═
2024-12-09 09:35:39,106 INFO     ___FILE_ONLY___ ═
2024-12-09 09:35:39,106 INFO     ___FILE_ONLY___ ═
2024-12-09 09:35:39,106 INFO     ___FILE_ONLY___ ═
2024-12-09 09:35:39,106 INFO     ___FILE_ONLY___ ═
2024-12-09 09:35:39,107 INFO     ___FILE_ONLY___ ═
2024-12-09 09:35:39,107 INFO     ___FILE_ONLY___ ═
2024-12-09 09:35:39,107 INFO     ___FILE_ONLY___ ═
2024-12-09 09:35:39,107 INFO     ___FILE_ONLY___ ═
2024-12-09 09:35:39,107 INFO     ___FILE_ONLY___ ═
2024-12-09 09:35:39,108 INFO     ___FILE_ONLY___ ═
2024-12-09 09:35:39,108 INFO     ___FILE_ONLY___ ═
2024-12-09 09:35:39,108 INFO     ___FILE_ONLY___ ═
2024-12-09 09:35:39,108 INFO     ___FILE_ONLY___ ═
2024-12-09 09:35:39,108 INFO     ___FILE_ONLY___ ═
2024-12-09 09:35:39,109 INFO     ___FILE_ONLY___ ═
2024-12-09 09:35:39,109 INFO     ___FILE_ONLY___ ╝

2024-12-09 09:35:39,135 INFO     ___FILE_ONLY___ ╔════════════════════════════════════════════════════════════╗

2024-12-09 09:35:39,135 INFO     ___FILE_ONLY___ ╠═ Downloading: gcloud Alpha Commands                       ═╣

2024-12-09 09:35:39,135 INFO     ___FILE_ONLY___ ╚
2024-12-09 09:35:39,137 DEBUG    urllib3.connectionpool Starting new HTTPS connection (1): dl.google.com:443
2024-12-09 09:35:39,342 DEBUG    urllib3.connectionpool https://dl.google.com:443 "GET /dl/cloudsdk/channels/rapid/components/google-cloud-sdk-alpha-20241115154308.tar.gz HTTP/1.1" 200 800
2024-12-09 09:35:39,343 INFO     ___FILE_ONLY___ ════════════════════════════════════════════════════════════
2024-12-09 09:35:39,343 INFO     ___FILE_ONLY___ ╝

2024-12-09 09:35:39,368 INFO     ___FILE_ONLY___ ╔════════════════════════════════════════════════════════════╗

2024-12-09 09:35:39,368 INFO     ___FILE_ONLY___ ╠═ Downloading: gcloud Beta Commands                        ═╣

2024-12-09 09:35:39,368 INFO     ___FILE_ONLY___ ╚
2024-12-09 09:35:39,371 DEBUG    urllib3.connectionpool Starting new HTTPS connection (1): dl.google.com:443
2024-12-09 09:35:39,513 DEBUG    urllib3.connectionpool https://dl.google.com:443 "GET /dl/cloudsdk/channels/rapid/components/google-cloud-sdk-beta-20241115154308.tar.gz HTTP/1.1" 200 797
2024-12-09 09:35:39,517 INFO     ___FILE_ONLY___ ════════════════════════════════════════════════════════════
2024-12-09 09:35:39,517 INFO     ___FILE_ONLY___ ╝

2024-12-09 09:35:39,552 INFO     ___FILE_ONLY___ ╔════════════════════════════════════════════════════════════╗

2024-12-09 09:35:39,552 INFO     ___FILE_ONLY___ ╠═ Downloading: gcloud cli dependencies (Platform Specific) ═╣

2024-12-09 09:35:39,552 INFO     ___FILE_ONLY___ ╚
2024-12-09 09:35:39,556 DEBUG    urllib3.connectionpool Starting new HTTPS connection (1): dl.google.com:443
2024-12-09 09:35:39,766 DEBUG    urllib3.connectionpool https://dl.google.com:443 "GET /dl/cloudsdk/channels/rapid/components/google-cloud-sdk-gcloud-deps-darwin-x86_64-20210416153011.tar.gz HTTP/1.1" 200 105
2024-12-09 09:35:39,767 INFO     ___FILE_ONLY___ ════════════════════════════════════════════════════════════
2024-12-09 09:35:39,767 INFO     ___FILE_ONLY___ ╝

2024-12-09 09:35:39,790 INFO     ___FILE_ONLY___ ╔════════════════════════════════════════════════════════════╗

2024-12-09 09:35:39,790 INFO     ___FILE_ONLY___ ╠═ Downloading: gke-gcloud-auth-plugin                      ═╣

2024-12-09 09:35:39,790 INFO     ___FILE_ONLY___ ╚
2024-12-09 09:35:39,790 INFO     ___FILE_ONLY___ ════════════════════════════════════════════════════════════
2024-12-09 09:35:39,790 INFO     ___FILE_ONLY___ ╝

2024-12-09 09:35:39,809 INFO     ___FILE_ONLY___ ╔════════════════════════════════════════════════════════════╗

2024-12-09 09:35:39,809 INFO     ___FILE_ONLY___ ╠═ Downloading: gke-gcloud-auth-plugin (Platform Specific)  ═╣

2024-12-09 09:35:39,809 INFO     ___FILE_ONLY___ ╚
2024-12-09 09:35:39,811 DEBUG    urllib3.connectionpool Starting new HTTPS connection (1): dl.google.com:443
2024-12-09 09:35:40,060 DEBUG    urllib3.connectionpool https://dl.google.com:443 "GET /dl/cloudsdk/channels/rapid/components/google-cloud-sdk-gke-gcloud-auth-plugin-darwin-arm-20240628141907.tar.gz HTTP/1.1" 200 4148014
2024-12-09 09:35:40,510 INFO     ___FILE_ONLY___ ═
2024-12-09 09:35:40,510 INFO     ___FILE_ONLY___ ═
2024-12-09 09:35:40,510 INFO     ___FILE_ONLY___ ═
2024-12-09 09:35:40,511 INFO     ___FILE_ONLY___ ═
2024-12-09 09:35:40,511 INFO     ___FILE_ONLY___ ═
2024-12-09 09:35:40,511 INFO     ___FILE_ONLY___ ═
2024-12-09 09:35:40,511 INFO     ___FILE_ONLY___ ═
2024-12-09 09:35:40,511 INFO     ___FILE_ONLY___ ═
2024-12-09 09:35:40,511 INFO     ___FILE_ONLY___ ═
2024-12-09 09:35:40,511 INFO     ___FILE_ONLY___ ═
2024-12-09 09:35:40,511 INFO     ___FILE_ONLY___ ═
2024-12-09 09:35:40,511 INFO     ___FILE_ONLY___ ═
2024-12-09 09:35:40,511 INFO     ___FILE_ONLY___ ═
2024-12-09 09:35:40,511 INFO     ___FILE_ONLY___ ═
2024-12-09 09:35:40,511 INFO     ___FILE_ONLY___ ═
2024-12-09 09:35:40,511 INFO     ___FILE_ONLY___ ═
2024-12-09 09:35:40,511 INFO     ___FILE_ONLY___ ═
2024-12-09 09:35:40,511 INFO     ___FILE_ONLY___ ═
2024-12-09 09:35:40,511 INFO     ___FILE_ONLY___ ═
2024-12-09 09:35:40,512 INFO     ___FILE_ONLY___ ═
2024-12-09 09:35:40,512 INFO     ___FILE_ONLY___ ═
2024-12-09 09:35:40,512 INFO     ___FILE_ONLY___ ═
2024-12-09 09:35:40,512 INFO     ___FILE_ONLY___ ═
2024-12-09 09:35:40,512 INFO     ___FILE_ONLY___ ═
2024-12-09 09:35:40,512 INFO     ___FILE_ONLY___ ═
2024-12-09 09:35:40,512 INFO     ___FILE_ONLY___ ═
2024-12-09 09:35:40,512 INFO     ___FILE_ONLY___ ═
2024-12-09 09:35:40,512 INFO     ___FILE_ONLY___ ═
2024-12-09 09:35:40,512 INFO     ___FILE_ONLY___ ═
2024-12-09 09:35:40,512 INFO     ___FILE_ONLY___ ═
2024-12-09 09:35:40,512 INFO     ___FILE_ONLY___ ═
2024-12-09 09:35:40,512 INFO     ___FILE_ONLY___ ═
2024-12-09 09:35:40,512 INFO     ___FILE_ONLY___ ═
2024-12-09 09:35:40,512 INFO     ___FILE_ONLY___ ═
2024-12-09 09:35:40,512 INFO     ___FILE_ONLY___ ═
2024-12-09 09:35:40,513 INFO     ___FILE_ONLY___ ═
2024-12-09 09:35:40,513 INFO     ___FILE_ONLY___ ═
2024-12-09 09:35:40,513 INFO     ___FILE_ONLY___ ═
2024-12-09 09:35:40,513 INFO     ___FILE_ONLY___ ═
2024-12-09 09:35:40,513 INFO     ___FILE_ONLY___ ═
2024-12-09 09:35:40,513 INFO     ___FILE_ONLY___ ═
2024-12-09 09:35:40,513 INFO     ___FILE_ONLY___ ═
2024-12-09 09:35:40,513 INFO     ___FILE_ONLY___ ═
2024-12-09 09:35:40,513 INFO     ___FILE_ONLY___ ═
2024-12-09 09:35:40,513 INFO     ___FILE_ONLY___ ═
2024-12-09 09:35:40,513 INFO     ___FILE_ONLY___ ═
2024-12-09 09:35:40,513 INFO     ___FILE_ONLY___ ═
2024-12-09 09:35:40,513 INFO     ___FILE_ONLY___ ═
2024-12-09 09:35:40,513 INFO     ___FILE_ONLY___ ═
2024-12-09 09:35:40,513 INFO     ___FILE_ONLY___ ═
2024-12-09 09:35:40,513 INFO     ___FILE_ONLY___ ═
2024-12-09 09:35:40,514 INFO     ___FILE_ONLY___ ═
2024-12-09 09:35:40,514 INFO     ___FILE_ONLY___ ═
2024-12-09 09:35:40,514 INFO     ___FILE_ONLY___ ═
2024-12-09 09:35:40,514 INFO     ___FILE_ONLY___ ═
2024-12-09 09:35:40,514 INFO     ___FILE_ONLY___ ═
2024-12-09 09:35:40,514 INFO     ___FILE_ONLY___ ═
2024-12-09 09:35:40,514 INFO     ___FILE_ONLY___ ═
2024-12-09 09:35:40,514 INFO     ___FILE_ONLY___ ═
2024-12-09 09:35:40,514 INFO     ___FILE_ONLY___ ═
2024-12-09 09:35:40,514 INFO     ___FILE_ONLY___ ╝

2024-12-09 09:35:40,535 INFO     ___FILE_ONLY___ ╔════════════════════════════════════════════════════════════╗

2024-12-09 09:35:40,535 INFO     ___FILE_ONLY___ ╠═ Downloading: kubectl                                     ═╣

2024-12-09 09:35:40,535 INFO     ___FILE_ONLY___ ╚
2024-12-09 09:35:40,541 DEBUG    urllib3.connectionpool Starting new HTTPS connection (1): dl.google.com:443
2024-12-09 09:35:40,711 DEBUG    urllib3.connectionpool https://dl.google.com:443 "GET /dl/cloudsdk/channels/rapid/components/google-cloud-sdk-kubectl-20241004144944.tar.gz HTTP/1.1" 200 36206
2024-12-09 09:35:40,755 INFO     ___FILE_ONLY___ ═══════════════════════════
2024-12-09 09:35:40,755 INFO     ___FILE_ONLY___ ═══════════════════════════
2024-12-09 09:35:40,755 INFO     ___FILE_ONLY___ ══════
2024-12-09 09:35:40,755 INFO     ___FILE_ONLY___ ╝

2024-12-09 09:35:40,779 INFO     ___FILE_ONLY___ ╔════════════════════════════════════════════════════════════╗

2024-12-09 09:35:40,779 INFO     ___FILE_ONLY___ ╠═ Downloading: kubectl (Platform Specific)                 ═╣

2024-12-09 09:35:40,779 INFO     ___FILE_ONLY___ ╚
2024-12-09 09:35:40,782 DEBUG    urllib3.connectionpool Starting new HTTPS connection (1): dl.google.com:443
2024-12-09 09:35:40,974 DEBUG    urllib3.connectionpool https://dl.google.com:443 "GET /dl/cloudsdk/channels/rapid/components/google-cloud-sdk-kubectl-darwin-arm-20241108162203.tar.gz HTTP/1.1" 200 90277960
2024-12-09 09:35:53,168 INFO     ___FILE_ONLY___ ═
2024-12-09 09:35:53,169 INFO     ___FILE_ONLY___ ═
2024-12-09 09:35:53,169 INFO     ___FILE_ONLY___ ═
2024-12-09 09:35:53,170 INFO     ___FILE_ONLY___ ═
2024-12-09 09:35:53,171 INFO     ___FILE_ONLY___ ═
2024-12-09 09:35:53,171 INFO     ___FILE_ONLY___ ═
2024-12-09 09:35:53,172 INFO     ___FILE_ONLY___ ═
2024-12-09 09:35:53,173 INFO     ___FILE_ONLY___ ═
2024-12-09 09:35:53,173 INFO     ___FILE_ONLY___ ═
2024-12-09 09:35:53,174 INFO     ___FILE_ONLY___ ═
2024-12-09 09:35:53,174 INFO     ___FILE_ONLY___ ═
2024-12-09 09:35:53,175 INFO     ___FILE_ONLY___ ═
2024-12-09 09:35:53,176 INFO     ___FILE_ONLY___ ═
2024-12-09 09:35:53,176 INFO     ___FILE_ONLY___ ═
2024-12-09 09:35:53,177 INFO     ___FILE_ONLY___ ═
2024-12-09 09:35:53,178 INFO     ___FILE_ONLY___ ═
2024-12-09 09:35:53,179 INFO     ___FILE_ONLY___ ═
2024-12-09 09:35:53,179 INFO     ___FILE_ONLY___ ═
2024-12-09 09:35:53,180 INFO     ___FILE_ONLY___ ═
2024-12-09 09:35:53,181 INFO     ___FILE_ONLY___ ═
2024-12-09 09:35:53,181 INFO     ___FILE_ONLY___ ═
2024-12-09 09:35:53,182 INFO     ___FILE_ONLY___ ═
2024-12-09 09:35:53,182 INFO     ___FILE_ONLY___ ═
2024-12-09 09:35:53,183 INFO     ___FILE_ONLY___ ═
2024-12-09 09:35:53,184 INFO     ___FILE_ONLY___ ═
2024-12-09 09:35:53,184 INFO     ___FILE_ONLY___ ═
2024-12-09 09:35:53,185 INFO     ___FILE_ONLY___ ═
2024-12-09 09:35:53,186 INFO     ___FILE_ONLY___ ═
2024-12-09 09:35:53,186 INFO     ___FILE_ONLY___ ═
2024-12-09 09:35:53,187 INFO     ___FILE_ONLY___ ═
2024-12-09 09:35:53,187 INFO     ___FILE_ONLY___ ═
2024-12-09 09:35:53,188 INFO     ___FILE_ONLY___ ═
2024-12-09 09:35:53,189 INFO     ___FILE_ONLY___ ═
2024-12-09 09:35:53,189 INFO     ___FILE_ONLY___ ═
2024-12-09 09:35:53,190 INFO     ___FILE_ONLY___ ═
2024-12-09 09:35:53,191 INFO     ___FILE_ONLY___ ═
2024-12-09 09:35:53,191 INFO     ___FILE_ONLY___ ═
2024-12-09 09:35:53,192 INFO     ___FILE_ONLY___ ═
2024-12-09 09:35:53,193 INFO     ___FILE_ONLY___ ═
2024-12-09 09:35:53,193 INFO     ___FILE_ONLY___ ═
2024-12-09 09:35:53,194 INFO     ___FILE_ONLY___ ═
2024-12-09 09:35:53,195 INFO     ___FILE_ONLY___ ═
2024-12-09 09:35:53,196 INFO     ___FILE_ONLY___ ═
2024-12-09 09:35:53,196 INFO     ___FILE_ONLY___ ═
2024-12-09 09:35:53,197 INFO     ___FILE_ONLY___ ═
2024-12-09 09:35:53,197 INFO     ___FILE_ONLY___ ═
2024-12-09 09:35:53,198 INFO     ___FILE_ONLY___ ═
2024-12-09 09:35:53,199 INFO     ___FILE_ONLY___ ═
2024-12-09 09:35:53,199 INFO     ___FILE_ONLY___ ═
2024-12-09 09:35:53,200 INFO     ___FILE_ONLY___ ═
2024-12-09 09:35:53,201 INFO     ___FILE_ONLY___ ═
2024-12-09 09:35:53,201 INFO     ___FILE_ONLY___ ═
2024-12-09 09:35:53,202 INFO     ___FILE_ONLY___ ═
2024-12-09 09:35:53,202 INFO     ___FILE_ONLY___ ═
2024-12-09 09:35:53,203 INFO     ___FILE_ONLY___ ═
2024-12-09 09:35:53,204 INFO     ___FILE_ONLY___ ═
2024-12-09 09:35:53,204 INFO     ___FILE_ONLY___ ═
2024-12-09 09:35:53,205 INFO     ___FILE_ONLY___ ═
2024-12-09 09:35:53,206 INFO     ___FILE_ONLY___ ═
2024-12-09 09:35:53,206 INFO     ___FILE_ONLY___ ═
2024-12-09 09:35:53,206 INFO     ___FILE_ONLY___ ╝

2024-12-09 09:35:53,231 INFO     ___FILE_ONLY___ ╔════════════════════════════════════════════════════════════╗

2024-12-09 09:35:53,231 INFO     ___FILE_ONLY___ ╠═ Installing: Google Cloud CLI Core Libraries (Platform... ═╣

2024-12-09 09:35:53,231 INFO     ___FILE_ONLY___ ╚
2024-12-09 09:35:53,234 INFO     ___FILE_ONLY___ ══════════════════════════════
2024-12-09 09:35:53,235 INFO     ___FILE_ONLY___ ══════════════════════════════
2024-12-09 09:35:53,235 INFO     ___FILE_ONLY___ ╝

2024-12-09 09:35:53,269 INFO     ___FILE_ONLY___ ╔════════════════════════════════════════════════════════════╗

2024-12-09 09:35:53,269 INFO     ___FILE_ONLY___ ╠═ Installing: Minikube                                     ═╣

2024-12-09 09:35:53,269 INFO     ___FILE_ONLY___ ╚
2024-12-09 09:35:53,272 INFO     ___FILE_ONLY___ ════════════════════════════════════════════════════════════
2024-12-09 09:35:53,272 INFO     ___FILE_ONLY___ ╝

2024-12-09 09:35:53,297 INFO     ___FILE_ONLY___ ╔════════════════════════════════════════════════════════════╗

2024-12-09 09:35:53,297 INFO     ___FILE_ONLY___ ╠═ Installing: Minikube (Platform Specific)                 ═╣

2024-12-09 09:35:53,297 INFO     ___FILE_ONLY___ ╚
2024-12-09 09:35:53,646 INFO     ___FILE_ONLY___ ════════════════════════════════════════════════════════════
2024-12-09 09:35:53,646 INFO     ___FILE_ONLY___ ╝

2024-12-09 09:35:53,674 INFO     ___FILE_ONLY___ ╔════════════════════════════════════════════════════════════╗

2024-12-09 09:35:53,674 INFO     ___FILE_ONLY___ ╠═ Installing: Skaffold                                     ═╣

2024-12-09 09:35:53,674 INFO     ___FILE_ONLY___ ╚
2024-12-09 09:35:53,676 INFO     ___FILE_ONLY___ ════════════════════════════════════════════════════════════
2024-12-09 09:35:53,676 INFO     ___FILE_ONLY___ ╝

2024-12-09 09:35:53,700 INFO     ___FILE_ONLY___ ╔════════════════════════════════════════════════════════════╗

2024-12-09 09:35:53,700 INFO     ___FILE_ONLY___ ╠═ Installing: Skaffold (Platform Specific)                 ═╣

2024-12-09 09:35:53,700 INFO     ___FILE_ONLY___ ╚
2024-12-09 09:35:53,983 INFO     ___FILE_ONLY___ ════════════════════════════════════════════════════════════
2024-12-09 09:35:53,984 INFO     ___FILE_ONLY___ ╝

2024-12-09 09:35:54,010 INFO     ___FILE_ONLY___ ╔════════════════════════════════════════════════════════════╗

2024-12-09 09:35:54,010 INFO     ___FILE_ONLY___ ╠═ Installing: gcloud Alpha Commands                        ═╣

2024-12-09 09:35:54,010 INFO     ___FILE_ONLY___ ╚
2024-12-09 09:35:54,013 INFO     ___FILE_ONLY___ ════════════════════════════════════════════════════════════
2024-12-09 09:35:54,013 INFO     ___FILE_ONLY___ ╝

2024-12-09 09:35:54,038 INFO     ___FILE_ONLY___ ╔════════════════════════════════════════════════════════════╗

2024-12-09 09:35:54,038 INFO     ___FILE_ONLY___ ╠═ Installing: gcloud Beta Commands                         ═╣

2024-12-09 09:35:54,038 INFO     ___FILE_ONLY___ ╚
2024-12-09 09:35:54,041 INFO     ___FILE_ONLY___ ════════════════════════════════════════════════════════════
2024-12-09 09:35:54,041 INFO     ___FILE_ONLY___ ╝

2024-12-09 09:35:54,066 INFO     ___FILE_ONLY___ ╔════════════════════════════════════════════════════════════╗

2024-12-09 09:35:54,066 INFO     ___FILE_ONLY___ ╠═ Installing: gcloud cli dependencies (Platform Specific)  ═╣

2024-12-09 09:35:54,066 INFO     ___FILE_ONLY___ ╚
2024-12-09 09:35:54,067 INFO     ___FILE_ONLY___ ════════════════════════════════════════════════════════════
2024-12-09 09:35:54,068 INFO     ___FILE_ONLY___ ╝

2024-12-09 09:35:54,091 INFO     ___FILE_ONLY___ ╔════════════════════════════════════════════════════════════╗

2024-12-09 09:35:54,091 INFO     ___FILE_ONLY___ ╠═ Installing: gke-gcloud-auth-plugin                       ═╣

2024-12-09 09:35:54,091 INFO     ___FILE_ONLY___ ╚
2024-12-09 09:35:54,094 INFO     ___FILE_ONLY___ ════════════════════════════════════════════════════════════
2024-12-09 09:35:54,094 INFO     ___FILE_ONLY___ ╝

2024-12-09 09:35:54,114 INFO     ___FILE_ONLY___ ╔════════════════════════════════════════════════════════════╗

2024-12-09 09:35:54,114 INFO     ___FILE_ONLY___ ╠═ Installing: gke-gcloud-auth-plugin (Platform Specific)   ═╣

2024-12-09 09:35:54,114 INFO     ___FILE_ONLY___ ╚
2024-12-09 09:35:54,164 INFO     ___FILE_ONLY___ ════════════════════════════════════════════════════════════
2024-12-09 09:35:54,164 INFO     ___FILE_ONLY___ ╝

2024-12-09 09:35:54,192 INFO     ___FILE_ONLY___ ╔════════════════════════════════════════════════════════════╗

2024-12-09 09:35:54,192 INFO     ___FILE_ONLY___ ╠═ Installing: kubectl                                      ═╣

2024-12-09 09:35:54,192 INFO     ___FILE_ONLY___ ╚
2024-12-09 09:35:54,195 INFO     ___FILE_ONLY___ ════════════════════════════════════════════════════════════
2024-12-09 09:35:54,195 INFO     ___FILE_ONLY___ ╝

2024-12-09 09:35:54,220 INFO     ___FILE_ONLY___ ╔════════════════════════════════════════════════════════════╗

2024-12-09 09:35:54,220 INFO     ___FILE_ONLY___ ╠═ Installing: kubectl (Platform Specific)                  ═╣

2024-12-09 09:35:54,220 INFO     ___FILE_ONLY___ ╚
2024-12-09 09:35:54,764 INFO     ___FILE_ONLY___ ══════════
2024-12-09 09:35:54,862 INFO     ___FILE_ONLY___ ══════════
2024-12-09 09:35:54,963 INFO     ___FILE_ONLY___ ══════════
2024-12-09 09:35:55,062 INFO     ___FILE_ONLY___ ══════════
2024-12-09 09:35:55,166 INFO     ___FILE_ONLY___ ══════════
2024-12-09 09:35:55,275 INFO     ___FILE_ONLY___ ══════════
2024-12-09 09:35:55,275 INFO     ___FILE_ONLY___ ╝

2024-12-09 09:35:55,298 DEBUG    root            Updating notification cache...
2024-12-09 09:35:55,299 INFO     ___FILE_ONLY___ 

2024-12-09 09:35:55,321 INFO     ___FILE_ONLY___ Performing post processing steps...
2024-12-09 09:35:55,322 DEBUG    root            Executing command: ['/Users/wbrunson/Library/Application Support/cloud-code/installer/google-cloud-sdk/bin/gcloud', 'components', 'post-process', '--no-compile-python']
2024-12-09 09:35:55,927 DEBUG    ___FILE_ONLY___ 
2024-12-09 09:35:55,927 DEBUG    ___FILE_ONLY___ 
2024-12-09 09:35:56,092 INFO     ___FILE_ONLY___ 
Update done!


2024-12-09 09:35:56,256 WARNING  root              There are other instances of Google Cloud tools on your system PATH.
  Please remove the following to avoid confusion or accidental invocation:

  /Applications/Rancher Desktop.app/Contents/Resources/resources/darwin/bin/kuberlr

  
2024-12-09 09:35:56,370 DEBUG    root            Chosen display Format:none
2024-12-09 09:35:56,370 INFO     root            Display format: "none"
2024-12-09 09:35:56,374 DEBUG    root            Executing command: ['curl', '--silent', '-O', 'https://dl.google.com/dl/cloudsdk/channels/rapid/python-3.11.6-macos11.tar.gz']
2024-12-09 09:36:01,794 DEBUG    root            Executing command: ['tar', '-xf', 'python-3.11.6-macos11.tar.gz']
2024-12-09 09:36:01,862 DEBUG    root            Executing command: ['sudo', 'installer', '-target', '/', '-pkg', './python-3.11.6-macos11.pkg']
