2024-12-03 09:43:31,642 DEBUG    root            Metrics collector initialized...
2024-12-03 09:43:31,643 DEBUG    root            Loaded Command Group: ['gcloud', 'components']
2024-12-03 09:43:31,644 DEBUG    root            Loaded Command Group: ['gcloud', 'components', 'update']
2024-12-03 09:43:31,645 DEBUG    root            Running [gcloud.components.update] with arguments: [--no-compile-python: "False", --quiet: "True", COMPONENT-IDS:6: "['alpha', 'beta', 'gke-gcloud-auth-plugin', 'kubectl', 'skaffold', 'minikube']"]
2024-12-03 09:43:31,645 INFO     ___FILE_ONLY___ Beginning update. This process may take several minutes.

2024-12-03 09:43:31,658 DEBUG    urllib3.connectionpool Starting new HTTPS connection (1): dl.google.com:443
2024-12-03 09:43:32,185 DEBUG    urllib3.connectionpool https://dl.google.com:443 "GET /dl/cloudsdk/channels/rapid/components-2.json HTTP/1.1" 200 227816
2024-12-03 09:43:32,417 INFO     ___FILE_ONLY___ 

2024-12-03 09:43:32,417 INFO     ___FILE_ONLY___ 
Your current Google Cloud CLI version is: 502.0.0

2024-12-03 09:43:32,417 INFO     ___FILE_ONLY___ Installing components from version: 502.0.0

2024-12-03 09:43:32,418 INFO     ___FILE_ONLY___ 

2024-12-03 09:43:32,418 DEBUG    root            Chosen display Format:table[box,title="These components will be removed."](details.display_name:label=Name:align=left,version.version_string:label=Version:align=right,data.size.size(zero="",min=1048576):label=Size:align=right)
2024-12-03 09:43:32,418 DEBUG    root            Chosen display Format:table[box,title="These components will be updated."](details.display_name:label=Name:align=left,version.version_string:label=Version:align=right,data.size.size(zero="",min=1048576):label=Size:align=right)
2024-12-03 09:43:32,418 DEBUG    root            Chosen display Format:table[box,title="These components will be installed."](details.display_name:label=Name:align=left,version.version_string:label=Version:align=right,data.size.size(zero="",min=1048576):label=Size:align=right)
2024-12-03 09:43:32,435 INFO     ___FILE_ONLY___ ┌─────────────────────────────────────────────────────────────────────────────┐
2024-12-03 09:43:32,435 INFO     ___FILE_ONLY___ 

2024-12-03 09:43:32,435 INFO     ___FILE_ONLY___ │                     These components will be installed.                     │
2024-12-03 09:43:32,435 INFO     ___FILE_ONLY___ 

2024-12-03 09:43:32,435 INFO     ___FILE_ONLY___ ├─────────────────────────────────────────────────────┬────────────┬──────────┤
2024-12-03 09:43:32,435 INFO     ___FILE_ONLY___ 

2024-12-03 09:43:32,435 INFO     ___FILE_ONLY___ │                         Name                        │  Version   │   Size   │
2024-12-03 09:43:32,435 INFO     ___FILE_ONLY___ 

2024-12-03 09:43:32,435 INFO     ___FILE_ONLY___ ├─────────────────────────────────────────────────────┼────────────┼──────────┤
2024-12-03 09:43:32,435 INFO     ___FILE_ONLY___ 

2024-12-03 09:43:32,435 INFO     ___FILE_ONLY___ │ 
2024-12-03 09:43:32,436 INFO     ___FILE_ONLY___ Google Cloud CLI Core Libraries (Platform Specific)
2024-12-03 09:43:32,436 INFO     ___FILE_ONLY___  
2024-12-03 09:43:32,436 INFO     ___FILE_ONLY___ │ 
2024-12-03 09:43:32,436 INFO     ___FILE_ONLY___ 2024.08.30
2024-12-03 09:43:32,436 INFO     ___FILE_ONLY___  
2024-12-03 09:43:32,436 INFO     ___FILE_ONLY___ │ 
2024-12-03 09:43:32,436 INFO     ___FILE_ONLY___  < 1 MiB
2024-12-03 09:43:32,436 INFO     ___FILE_ONLY___  
2024-12-03 09:43:32,436 INFO     ___FILE_ONLY___ │
2024-12-03 09:43:32,436 INFO     ___FILE_ONLY___ 

2024-12-03 09:43:32,436 INFO     ___FILE_ONLY___ │ 
2024-12-03 09:43:32,436 INFO     ___FILE_ONLY___ Minikube (Platform Specific)                       
2024-12-03 09:43:32,436 INFO     ___FILE_ONLY___  
2024-12-03 09:43:32,436 INFO     ___FILE_ONLY___ │ 
2024-12-03 09:43:32,436 INFO     ___FILE_ONLY___     1.34.0
2024-12-03 09:43:32,436 INFO     ___FILE_ONLY___  
2024-12-03 09:43:32,436 INFO     ___FILE_ONLY___ │ 
2024-12-03 09:43:32,436 INFO     ___FILE_ONLY___ 37.2 MiB
2024-12-03 09:43:32,436 INFO     ___FILE_ONLY___  
2024-12-03 09:43:32,436 INFO     ___FILE_ONLY___ │
2024-12-03 09:43:32,436 INFO     ___FILE_ONLY___ 

2024-12-03 09:43:32,436 INFO     ___FILE_ONLY___ │ 
2024-12-03 09:43:32,436 INFO     ___FILE_ONLY___ Skaffold (Platform Specific)                       
2024-12-03 09:43:32,436 INFO     ___FILE_ONLY___  
2024-12-03 09:43:32,436 INFO     ___FILE_ONLY___ │ 
2024-12-03 09:43:32,436 INFO     ___FILE_ONLY___     2.13.1
2024-12-03 09:43:32,436 INFO     ___FILE_ONLY___  
2024-12-03 09:43:32,436 INFO     ___FILE_ONLY___ │ 
2024-12-03 09:43:32,436 INFO     ___FILE_ONLY___ 22.9 MiB
2024-12-03 09:43:32,436 INFO     ___FILE_ONLY___  
2024-12-03 09:43:32,436 INFO     ___FILE_ONLY___ │
2024-12-03 09:43:32,436 INFO     ___FILE_ONLY___ 

2024-12-03 09:43:32,436 INFO     ___FILE_ONLY___ │ 
2024-12-03 09:43:32,436 INFO     ___FILE_ONLY___ gcloud Alpha Commands                              
2024-12-03 09:43:32,436 INFO     ___FILE_ONLY___  
2024-12-03 09:43:32,436 INFO     ___FILE_ONLY___ │ 
2024-12-03 09:43:32,436 INFO     ___FILE_ONLY___ 2024.11.15
2024-12-03 09:43:32,436 INFO     ___FILE_ONLY___  
2024-12-03 09:43:32,436 INFO     ___FILE_ONLY___ │ 
2024-12-03 09:43:32,437 INFO     ___FILE_ONLY___  < 1 MiB
2024-12-03 09:43:32,437 INFO     ___FILE_ONLY___  
2024-12-03 09:43:32,437 INFO     ___FILE_ONLY___ │
2024-12-03 09:43:32,437 INFO     ___FILE_ONLY___ 

2024-12-03 09:43:32,437 INFO     ___FILE_ONLY___ │ 
2024-12-03 09:43:32,437 INFO     ___FILE_ONLY___ gcloud Beta Commands                               
2024-12-03 09:43:32,437 INFO     ___FILE_ONLY___  
2024-12-03 09:43:32,437 INFO     ___FILE_ONLY___ │ 
2024-12-03 09:43:32,437 INFO     ___FILE_ONLY___ 2024.11.15
2024-12-03 09:43:32,437 INFO     ___FILE_ONLY___  
2024-12-03 09:43:32,437 INFO     ___FILE_ONLY___ │ 
2024-12-03 09:43:32,437 INFO     ___FILE_ONLY___  < 1 MiB
2024-12-03 09:43:32,437 INFO     ___FILE_ONLY___  
2024-12-03 09:43:32,437 INFO     ___FILE_ONLY___ │
2024-12-03 09:43:32,437 INFO     ___FILE_ONLY___ 

2024-12-03 09:43:32,437 INFO     ___FILE_ONLY___ │ 
2024-12-03 09:43:32,437 INFO     ___FILE_ONLY___ gcloud cli dependencies (Platform Specific)        
2024-12-03 09:43:32,437 INFO     ___FILE_ONLY___  
2024-12-03 09:43:32,437 INFO     ___FILE_ONLY___ │ 
2024-12-03 09:43:32,437 INFO     ___FILE_ONLY___ 2021.04.16
2024-12-03 09:43:32,437 INFO     ___FILE_ONLY___  
2024-12-03 09:43:32,437 INFO     ___FILE_ONLY___ │ 
2024-12-03 09:43:32,437 INFO     ___FILE_ONLY___  < 1 MiB
2024-12-03 09:43:32,437 INFO     ___FILE_ONLY___  
2024-12-03 09:43:32,437 INFO     ___FILE_ONLY___ │
2024-12-03 09:43:32,437 INFO     ___FILE_ONLY___ 

2024-12-03 09:43:32,437 INFO     ___FILE_ONLY___ │ 
2024-12-03 09:43:32,437 INFO     ___FILE_ONLY___ gke-gcloud-auth-plugin (Platform Specific)         
2024-12-03 09:43:32,437 INFO     ___FILE_ONLY___  
2024-12-03 09:43:32,437 INFO     ___FILE_ONLY___ │ 
2024-12-03 09:43:32,437 INFO     ___FILE_ONLY___      0.5.9
2024-12-03 09:43:32,437 INFO     ___FILE_ONLY___  
2024-12-03 09:43:32,437 INFO     ___FILE_ONLY___ │ 
2024-12-03 09:43:32,437 INFO     ___FILE_ONLY___  4.0 MiB
2024-12-03 09:43:32,437 INFO     ___FILE_ONLY___  
2024-12-03 09:43:32,437 INFO     ___FILE_ONLY___ │
2024-12-03 09:43:32,437 INFO     ___FILE_ONLY___ 

2024-12-03 09:43:32,437 INFO     ___FILE_ONLY___ │ 
2024-12-03 09:43:32,437 INFO     ___FILE_ONLY___ kubectl                                            
2024-12-03 09:43:32,437 INFO     ___FILE_ONLY___  
2024-12-03 09:43:32,437 INFO     ___FILE_ONLY___ │ 
2024-12-03 09:43:32,437 INFO     ___FILE_ONLY___     1.30.5
2024-12-03 09:43:32,437 INFO     ___FILE_ONLY___  
2024-12-03 09:43:32,437 INFO     ___FILE_ONLY___ │ 
2024-12-03 09:43:32,437 INFO     ___FILE_ONLY___  < 1 MiB
2024-12-03 09:43:32,438 INFO     ___FILE_ONLY___  
2024-12-03 09:43:32,438 INFO     ___FILE_ONLY___ │
2024-12-03 09:43:32,438 INFO     ___FILE_ONLY___ 

2024-12-03 09:43:32,438 INFO     ___FILE_ONLY___ │ 
2024-12-03 09:43:32,438 INFO     ___FILE_ONLY___ kubectl (Platform Specific)                        
2024-12-03 09:43:32,438 INFO     ___FILE_ONLY___  
2024-12-03 09:43:32,438 INFO     ___FILE_ONLY___ │ 
2024-12-03 09:43:32,438 INFO     ___FILE_ONLY___     1.30.6
2024-12-03 09:43:32,438 INFO     ___FILE_ONLY___  
2024-12-03 09:43:32,438 INFO     ___FILE_ONLY___ │ 
2024-12-03 09:43:32,438 INFO     ___FILE_ONLY___ 86.1 MiB
2024-12-03 09:43:32,438 INFO     ___FILE_ONLY___  
2024-12-03 09:43:32,438 INFO     ___FILE_ONLY___ │
2024-12-03 09:43:32,438 INFO     ___FILE_ONLY___ 

2024-12-03 09:43:32,438 INFO     ___FILE_ONLY___ └─────────────────────────────────────────────────────┴────────────┴──────────┘
2024-12-03 09:43:32,438 INFO     ___FILE_ONLY___ 

2024-12-03 09:43:32,438 INFO     ___FILE_ONLY___ 

2024-12-03 09:43:32,440 DEBUG    urllib3.connectionpool Starting new HTTPS connection (1): dl.google.com:443
2024-12-03 09:43:32,969 DEBUG    urllib3.connectionpool https://dl.google.com:443 "GET /dl/cloudsdk/channels/rapid/RELEASE_NOTES HTTP/1.1" 200 1314602
2024-12-03 09:43:33,562 INFO     ___FILE_ONLY___ For the latest full release notes, please visit:
  https://cloud.google.com/sdk/release_notes


2024-12-03 09:43:33,563 INFO     ___FILE_ONLY___ Performing in place update...


2024-12-03 09:43:33,567 INFO     ___FILE_ONLY___ ╔════════════════════════════════════════════════════════════╗

2024-12-03 09:43:33,568 INFO     ___FILE_ONLY___ ╠═ Downloading: Google Cloud CLI Core Libraries (Platfor... ═╣

2024-12-03 09:43:33,568 INFO     ___FILE_ONLY___ ╚
2024-12-03 09:43:33,571 DEBUG    urllib3.connectionpool Starting new HTTPS connection (1): dl.google.com:443
2024-12-03 09:43:34,123 DEBUG    urllib3.connectionpool https://dl.google.com:443 "GET /dl/cloudsdk/channels/rapid/components/google-cloud-sdk-core-nix-20240830134514.tar.gz HTTP/1.1" 200 2306
2024-12-03 09:43:34,124 INFO     ___FILE_ONLY___ ════════════════════════════════════════════════════════════
2024-12-03 09:43:34,124 INFO     ___FILE_ONLY___ ╝

2024-12-03 09:43:34,128 INFO     ___FILE_ONLY___ ╔════════════════════════════════════════════════════════════╗

2024-12-03 09:43:34,129 INFO     ___FILE_ONLY___ ╠═ Downloading: Minikube                                    ═╣

2024-12-03 09:43:34,129 INFO     ___FILE_ONLY___ ╚
2024-12-03 09:43:34,129 INFO     ___FILE_ONLY___ ════════════════════════════════════════════════════════════
2024-12-03 09:43:34,129 INFO     ___FILE_ONLY___ ╝

2024-12-03 09:43:34,132 INFO     ___FILE_ONLY___ ╔════════════════════════════════════════════════════════════╗

2024-12-03 09:43:34,133 INFO     ___FILE_ONLY___ ╠═ Downloading: Minikube (Platform Specific)                ═╣

2024-12-03 09:43:34,133 INFO     ___FILE_ONLY___ ╚
2024-12-03 09:43:34,137 DEBUG    urllib3.connectionpool Starting new HTTPS connection (1): dl.google.com:443
2024-12-03 09:43:34,675 DEBUG    urllib3.connectionpool https://dl.google.com:443 "GET /dl/cloudsdk/channels/rapid/components/google-cloud-sdk-minikube-darwin-arm-20240927140238.tar.gz HTTP/1.1" 200 38981244
2024-12-03 09:43:39,234 INFO     ___FILE_ONLY___ ═
2024-12-03 09:43:39,235 INFO     ___FILE_ONLY___ ═
2024-12-03 09:43:39,235 INFO     ___FILE_ONLY___ ═
2024-12-03 09:43:39,235 INFO     ___FILE_ONLY___ ═
2024-12-03 09:43:39,236 INFO     ___FILE_ONLY___ ═
2024-12-03 09:43:39,236 INFO     ___FILE_ONLY___ ═
2024-12-03 09:43:39,236 INFO     ___FILE_ONLY___ ═
2024-12-03 09:43:39,237 INFO     ___FILE_ONLY___ ═
2024-12-03 09:43:39,237 INFO     ___FILE_ONLY___ ═
2024-12-03 09:43:39,237 INFO     ___FILE_ONLY___ ═
2024-12-03 09:43:39,238 INFO     ___FILE_ONLY___ ═
2024-12-03 09:43:39,238 INFO     ___FILE_ONLY___ ═
2024-12-03 09:43:39,238 INFO     ___FILE_ONLY___ ═
2024-12-03 09:43:39,239 INFO     ___FILE_ONLY___ ═
2024-12-03 09:43:39,239 INFO     ___FILE_ONLY___ ═
2024-12-03 09:43:39,239 INFO     ___FILE_ONLY___ ═
2024-12-03 09:43:39,240 INFO     ___FILE_ONLY___ ═
2024-12-03 09:43:39,240 INFO     ___FILE_ONLY___ ═
2024-12-03 09:43:39,240 INFO     ___FILE_ONLY___ ═
2024-12-03 09:43:39,240 INFO     ___FILE_ONLY___ ═
2024-12-03 09:43:39,241 INFO     ___FILE_ONLY___ ═
2024-12-03 09:43:39,241 INFO     ___FILE_ONLY___ ═
2024-12-03 09:43:39,242 INFO     ___FILE_ONLY___ ═
2024-12-03 09:43:39,242 INFO     ___FILE_ONLY___ ═
2024-12-03 09:43:39,242 INFO     ___FILE_ONLY___ ═
2024-12-03 09:43:39,243 INFO     ___FILE_ONLY___ ═
2024-12-03 09:43:39,243 INFO     ___FILE_ONLY___ ═
2024-12-03 09:43:39,243 INFO     ___FILE_ONLY___ ═
2024-12-03 09:43:39,244 INFO     ___FILE_ONLY___ ═
2024-12-03 09:43:39,244 INFO     ___FILE_ONLY___ ═
2024-12-03 09:43:39,244 INFO     ___FILE_ONLY___ ═
2024-12-03 09:43:39,245 INFO     ___FILE_ONLY___ ═
2024-12-03 09:43:39,245 INFO     ___FILE_ONLY___ ═
2024-12-03 09:43:39,245 INFO     ___FILE_ONLY___ ═
2024-12-03 09:43:39,246 INFO     ___FILE_ONLY___ ═
2024-12-03 09:43:39,246 INFO     ___FILE_ONLY___ ═
2024-12-03 09:43:39,246 INFO     ___FILE_ONLY___ ═
2024-12-03 09:43:39,247 INFO     ___FILE_ONLY___ ═
2024-12-03 09:43:39,247 INFO     ___FILE_ONLY___ ═
2024-12-03 09:43:39,247 INFO     ___FILE_ONLY___ ═
2024-12-03 09:43:39,248 INFO     ___FILE_ONLY___ ═
2024-12-03 09:43:39,248 INFO     ___FILE_ONLY___ ═
2024-12-03 09:43:39,248 INFO     ___FILE_ONLY___ ═
2024-12-03 09:43:39,249 INFO     ___FILE_ONLY___ ═
2024-12-03 09:43:39,249 INFO     ___FILE_ONLY___ ═
2024-12-03 09:43:39,249 INFO     ___FILE_ONLY___ ═
2024-12-03 09:43:39,250 INFO     ___FILE_ONLY___ ═
2024-12-03 09:43:39,250 INFO     ___FILE_ONLY___ ═
2024-12-03 09:43:39,250 INFO     ___FILE_ONLY___ ═
2024-12-03 09:43:39,251 INFO     ___FILE_ONLY___ ═
2024-12-03 09:43:39,251 INFO     ___FILE_ONLY___ ═
2024-12-03 09:43:39,251 INFO     ___FILE_ONLY___ ═
2024-12-03 09:43:39,252 INFO     ___FILE_ONLY___ ═
2024-12-03 09:43:39,252 INFO     ___FILE_ONLY___ ═
2024-12-03 09:43:39,252 INFO     ___FILE_ONLY___ ═
2024-12-03 09:43:39,253 INFO     ___FILE_ONLY___ ═
2024-12-03 09:43:39,253 INFO     ___FILE_ONLY___ ═
2024-12-03 09:43:39,253 INFO     ___FILE_ONLY___ ═
2024-12-03 09:43:39,253 INFO     ___FILE_ONLY___ ═
2024-12-03 09:43:39,254 INFO     ___FILE_ONLY___ ═
2024-12-03 09:43:39,254 INFO     ___FILE_ONLY___ ╝

2024-12-03 09:43:39,260 INFO     ___FILE_ONLY___ ╔════════════════════════════════════════════════════════════╗

2024-12-03 09:43:39,260 INFO     ___FILE_ONLY___ ╠═ Downloading: Skaffold                                    ═╣

2024-12-03 09:43:39,260 INFO     ___FILE_ONLY___ ╚
2024-12-03 09:43:39,260 INFO     ___FILE_ONLY___ ════════════════════════════════════════════════════════════
2024-12-03 09:43:39,260 INFO     ___FILE_ONLY___ ╝

2024-12-03 09:43:39,265 INFO     ___FILE_ONLY___ ╔════════════════════════════════════════════════════════════╗

2024-12-03 09:43:39,266 INFO     ___FILE_ONLY___ ╠═ Downloading: Skaffold (Platform Specific)                ═╣

2024-12-03 09:43:39,266 INFO     ___FILE_ONLY___ ╚
2024-12-03 09:43:39,269 DEBUG    urllib3.connectionpool Starting new HTTPS connection (1): dl.google.com:443
2024-12-03 09:43:39,803 DEBUG    urllib3.connectionpool https://dl.google.com:443 "GET /dl/cloudsdk/channels/rapid/components/google-cloud-sdk-skaffold-darwin-arm-20240806142304.tar.gz HTTP/1.1" 200 24031362
2024-12-03 09:43:43,494 INFO     ___FILE_ONLY___ ═
2024-12-03 09:43:43,494 INFO     ___FILE_ONLY___ ═
2024-12-03 09:43:43,495 INFO     ___FILE_ONLY___ ═
2024-12-03 09:43:43,495 INFO     ___FILE_ONLY___ ═
2024-12-03 09:43:43,495 INFO     ___FILE_ONLY___ ═
2024-12-03 09:43:43,495 INFO     ___FILE_ONLY___ ═
2024-12-03 09:43:43,495 INFO     ___FILE_ONLY___ ═
2024-12-03 09:43:43,496 INFO     ___FILE_ONLY___ ═
2024-12-03 09:43:43,496 INFO     ___FILE_ONLY___ ═
2024-12-03 09:43:43,496 INFO     ___FILE_ONLY___ ═
2024-12-03 09:43:43,497 INFO     ___FILE_ONLY___ ═
2024-12-03 09:43:43,497 INFO     ___FILE_ONLY___ ═
2024-12-03 09:43:43,497 INFO     ___FILE_ONLY___ ═
2024-12-03 09:43:43,497 INFO     ___FILE_ONLY___ ═
2024-12-03 09:43:43,497 INFO     ___FILE_ONLY___ ═
2024-12-03 09:43:43,498 INFO     ___FILE_ONLY___ ═
2024-12-03 09:43:43,498 INFO     ___FILE_ONLY___ ═
2024-12-03 09:43:43,498 INFO     ___FILE_ONLY___ ═
2024-12-03 09:43:43,498 INFO     ___FILE_ONLY___ ═
2024-12-03 09:43:43,499 INFO     ___FILE_ONLY___ ═
2024-12-03 09:43:43,499 INFO     ___FILE_ONLY___ ═
2024-12-03 09:43:43,499 INFO     ___FILE_ONLY___ ═
2024-12-03 09:43:43,500 INFO     ___FILE_ONLY___ ═
2024-12-03 09:43:43,500 INFO     ___FILE_ONLY___ ═
2024-12-03 09:43:43,500 INFO     ___FILE_ONLY___ ═
2024-12-03 09:43:43,500 INFO     ___FILE_ONLY___ ═
2024-12-03 09:43:43,501 INFO     ___FILE_ONLY___ ═
2024-12-03 09:43:43,501 INFO     ___FILE_ONLY___ ═
2024-12-03 09:43:43,501 INFO     ___FILE_ONLY___ ═
2024-12-03 09:43:43,502 INFO     ___FILE_ONLY___ ═
2024-12-03 09:43:43,502 INFO     ___FILE_ONLY___ ═
2024-12-03 09:43:43,502 INFO     ___FILE_ONLY___ ═
2024-12-03 09:43:43,502 INFO     ___FILE_ONLY___ ═
2024-12-03 09:43:43,503 INFO     ___FILE_ONLY___ ═
2024-12-03 09:43:43,503 INFO     ___FILE_ONLY___ ═
2024-12-03 09:43:43,503 INFO     ___FILE_ONLY___ ═
2024-12-03 09:43:43,504 INFO     ___FILE_ONLY___ ═
2024-12-03 09:43:43,504 INFO     ___FILE_ONLY___ ═
2024-12-03 09:43:43,504 INFO     ___FILE_ONLY___ ═
2024-12-03 09:43:43,505 INFO     ___FILE_ONLY___ ═
2024-12-03 09:43:43,505 INFO     ___FILE_ONLY___ ═
2024-12-03 09:43:43,505 INFO     ___FILE_ONLY___ ═
2024-12-03 09:43:43,506 INFO     ___FILE_ONLY___ ═
2024-12-03 09:43:43,506 INFO     ___FILE_ONLY___ ═
2024-12-03 09:43:43,506 INFO     ___FILE_ONLY___ ═
2024-12-03 09:43:43,506 INFO     ___FILE_ONLY___ ═
2024-12-03 09:43:43,507 INFO     ___FILE_ONLY___ ═
2024-12-03 09:43:43,507 INFO     ___FILE_ONLY___ ═
2024-12-03 09:43:43,507 INFO     ___FILE_ONLY___ ═
2024-12-03 09:43:43,507 INFO     ___FILE_ONLY___ ═
2024-12-03 09:43:43,508 INFO     ___FILE_ONLY___ ═
2024-12-03 09:43:43,508 INFO     ___FILE_ONLY___ ═
2024-12-03 09:43:43,508 INFO     ___FILE_ONLY___ ═
2024-12-03 09:43:43,509 INFO     ___FILE_ONLY___ ═
2024-12-03 09:43:43,509 INFO     ___FILE_ONLY___ ═
2024-12-03 09:43:43,509 INFO     ___FILE_ONLY___ ═
2024-12-03 09:43:43,509 INFO     ___FILE_ONLY___ ═
2024-12-03 09:43:43,510 INFO     ___FILE_ONLY___ ═
2024-12-03 09:43:43,510 INFO     ___FILE_ONLY___ ═
2024-12-03 09:43:43,510 INFO     ___FILE_ONLY___ ═
2024-12-03 09:43:43,510 INFO     ___FILE_ONLY___ ╝

2024-12-03 09:43:43,516 INFO     ___FILE_ONLY___ ╔════════════════════════════════════════════════════════════╗

2024-12-03 09:43:43,516 INFO     ___FILE_ONLY___ ╠═ Downloading: gcloud Alpha Commands                       ═╣

2024-12-03 09:43:43,516 INFO     ___FILE_ONLY___ ╚
2024-12-03 09:43:43,519 DEBUG    urllib3.connectionpool Starting new HTTPS connection (1): dl.google.com:443
2024-12-03 09:43:44,093 DEBUG    urllib3.connectionpool https://dl.google.com:443 "GET /dl/cloudsdk/channels/rapid/components/google-cloud-sdk-alpha-20241115154308.tar.gz HTTP/1.1" 200 800
2024-12-03 09:43:44,094 INFO     ___FILE_ONLY___ ════════════════════════════════════════════════════════════
2024-12-03 09:43:44,094 INFO     ___FILE_ONLY___ ╝

2024-12-03 09:43:44,099 INFO     ___FILE_ONLY___ ╔════════════════════════════════════════════════════════════╗

2024-12-03 09:43:44,100 INFO     ___FILE_ONLY___ ╠═ Downloading: gcloud Beta Commands                        ═╣

2024-12-03 09:43:44,100 INFO     ___FILE_ONLY___ ╚
2024-12-03 09:43:44,103 DEBUG    urllib3.connectionpool Starting new HTTPS connection (1): dl.google.com:443
2024-12-03 09:43:44,640 DEBUG    urllib3.connectionpool https://dl.google.com:443 "GET /dl/cloudsdk/channels/rapid/components/google-cloud-sdk-beta-20241115154308.tar.gz HTTP/1.1" 200 797
2024-12-03 09:43:44,641 INFO     ___FILE_ONLY___ ════════════════════════════════════════════════════════════
2024-12-03 09:43:44,641 INFO     ___FILE_ONLY___ ╝

2024-12-03 09:43:44,648 INFO     ___FILE_ONLY___ ╔════════════════════════════════════════════════════════════╗

2024-12-03 09:43:44,648 INFO     ___FILE_ONLY___ ╠═ Downloading: gcloud cli dependencies (Platform Specific) ═╣

2024-12-03 09:43:44,648 INFO     ___FILE_ONLY___ ╚
2024-12-03 09:43:44,651 DEBUG    urllib3.connectionpool Starting new HTTPS connection (1): dl.google.com:443
2024-12-03 09:43:45,183 DEBUG    urllib3.connectionpool https://dl.google.com:443 "GET /dl/cloudsdk/channels/rapid/components/google-cloud-sdk-gcloud-deps-darwin-x86_64-20210416153011.tar.gz HTTP/1.1" 200 105
2024-12-03 09:43:45,184 INFO     ___FILE_ONLY___ ════════════════════════════════════════════════════════════
2024-12-03 09:43:45,184 INFO     ___FILE_ONLY___ ╝

2024-12-03 09:43:45,189 INFO     ___FILE_ONLY___ ╔════════════════════════════════════════════════════════════╗

2024-12-03 09:43:45,189 INFO     ___FILE_ONLY___ ╠═ Downloading: gke-gcloud-auth-plugin                      ═╣

2024-12-03 09:43:45,189 INFO     ___FILE_ONLY___ ╚
2024-12-03 09:43:45,189 INFO     ___FILE_ONLY___ ════════════════════════════════════════════════════════════
2024-12-03 09:43:45,190 INFO     ___FILE_ONLY___ ╝

2024-12-03 09:43:45,194 INFO     ___FILE_ONLY___ ╔════════════════════════════════════════════════════════════╗

2024-12-03 09:43:45,195 INFO     ___FILE_ONLY___ ╠═ Downloading: gke-gcloud-auth-plugin (Platform Specific)  ═╣

2024-12-03 09:43:45,195 INFO     ___FILE_ONLY___ ╚
2024-12-03 09:43:45,198 DEBUG    urllib3.connectionpool Starting new HTTPS connection (1): dl.google.com:443
2024-12-03 09:43:45,743 DEBUG    urllib3.connectionpool https://dl.google.com:443 "GET /dl/cloudsdk/channels/rapid/components/google-cloud-sdk-gke-gcloud-auth-plugin-darwin-arm-20240628141907.tar.gz HTTP/1.1" 200 4148014
2024-12-03 09:43:46,765 INFO     ___FILE_ONLY___ ═
2024-12-03 09:43:46,765 INFO     ___FILE_ONLY___ ═
2024-12-03 09:43:46,765 INFO     ___FILE_ONLY___ ═
2024-12-03 09:43:46,765 INFO     ___FILE_ONLY___ ═
2024-12-03 09:43:46,765 INFO     ___FILE_ONLY___ ═
2024-12-03 09:43:46,765 INFO     ___FILE_ONLY___ ═
2024-12-03 09:43:46,765 INFO     ___FILE_ONLY___ ═
2024-12-03 09:43:46,765 INFO     ___FILE_ONLY___ ═
2024-12-03 09:43:46,765 INFO     ___FILE_ONLY___ ═
2024-12-03 09:43:46,765 INFO     ___FILE_ONLY___ ═
2024-12-03 09:43:46,765 INFO     ___FILE_ONLY___ ═
2024-12-03 09:43:46,765 INFO     ___FILE_ONLY___ ═
2024-12-03 09:43:46,765 INFO     ___FILE_ONLY___ ═
2024-12-03 09:43:46,765 INFO     ___FILE_ONLY___ ═
2024-12-03 09:43:46,766 INFO     ___FILE_ONLY___ ═
2024-12-03 09:43:46,766 INFO     ___FILE_ONLY___ ═
2024-12-03 09:43:46,766 INFO     ___FILE_ONLY___ ═
2024-12-03 09:43:46,766 INFO     ___FILE_ONLY___ ═
2024-12-03 09:43:46,766 INFO     ___FILE_ONLY___ ═
2024-12-03 09:43:46,766 INFO     ___FILE_ONLY___ ═
2024-12-03 09:43:46,766 INFO     ___FILE_ONLY___ ═
2024-12-03 09:43:46,766 INFO     ___FILE_ONLY___ ═
2024-12-03 09:43:46,766 INFO     ___FILE_ONLY___ ═
2024-12-03 09:43:46,766 INFO     ___FILE_ONLY___ ═
2024-12-03 09:43:46,766 INFO     ___FILE_ONLY___ ═
2024-12-03 09:43:46,766 INFO     ___FILE_ONLY___ ═
2024-12-03 09:43:46,766 INFO     ___FILE_ONLY___ ═
2024-12-03 09:43:46,766 INFO     ___FILE_ONLY___ ═
2024-12-03 09:43:46,766 INFO     ___FILE_ONLY___ ═
2024-12-03 09:43:46,766 INFO     ___FILE_ONLY___ ═
2024-12-03 09:43:46,766 INFO     ___FILE_ONLY___ ═
2024-12-03 09:43:46,767 INFO     ___FILE_ONLY___ ═
2024-12-03 09:43:46,767 INFO     ___FILE_ONLY___ ═
2024-12-03 09:43:46,767 INFO     ___FILE_ONLY___ ═
2024-12-03 09:43:46,767 INFO     ___FILE_ONLY___ ═
2024-12-03 09:43:46,767 INFO     ___FILE_ONLY___ ═
2024-12-03 09:43:46,767 INFO     ___FILE_ONLY___ ═
2024-12-03 09:43:46,767 INFO     ___FILE_ONLY___ ═
2024-12-03 09:43:46,767 INFO     ___FILE_ONLY___ ═
2024-12-03 09:43:46,767 INFO     ___FILE_ONLY___ ═
2024-12-03 09:43:46,767 INFO     ___FILE_ONLY___ ═
2024-12-03 09:43:46,767 INFO     ___FILE_ONLY___ ═
2024-12-03 09:43:46,767 INFO     ___FILE_ONLY___ ═
2024-12-03 09:43:46,767 INFO     ___FILE_ONLY___ ═
2024-12-03 09:43:46,767 INFO     ___FILE_ONLY___ ═
2024-12-03 09:43:46,767 INFO     ___FILE_ONLY___ ═
2024-12-03 09:43:46,767 INFO     ___FILE_ONLY___ ═
2024-12-03 09:43:46,768 INFO     ___FILE_ONLY___ ═
2024-12-03 09:43:46,768 INFO     ___FILE_ONLY___ ═
2024-12-03 09:43:46,768 INFO     ___FILE_ONLY___ ═
2024-12-03 09:43:46,768 INFO     ___FILE_ONLY___ ═
2024-12-03 09:43:46,768 INFO     ___FILE_ONLY___ ═
2024-12-03 09:43:46,768 INFO     ___FILE_ONLY___ ═
2024-12-03 09:43:46,768 INFO     ___FILE_ONLY___ ═
2024-12-03 09:43:46,768 INFO     ___FILE_ONLY___ ═
2024-12-03 09:43:46,768 INFO     ___FILE_ONLY___ ═
2024-12-03 09:43:46,768 INFO     ___FILE_ONLY___ ═
2024-12-03 09:43:46,768 INFO     ___FILE_ONLY___ ═
2024-12-03 09:43:46,768 INFO     ___FILE_ONLY___ ═
2024-12-03 09:43:46,768 INFO     ___FILE_ONLY___ ═
2024-12-03 09:43:46,768 INFO     ___FILE_ONLY___ ╝

2024-12-03 09:43:46,774 INFO     ___FILE_ONLY___ ╔════════════════════════════════════════════════════════════╗

2024-12-03 09:43:46,774 INFO     ___FILE_ONLY___ ╠═ Downloading: kubectl                                     ═╣

2024-12-03 09:43:46,774 INFO     ___FILE_ONLY___ ╚
2024-12-03 09:43:46,781 DEBUG    urllib3.connectionpool Starting new HTTPS connection (1): dl.google.com:443
2024-12-03 09:43:47,310 DEBUG    urllib3.connectionpool https://dl.google.com:443 "GET /dl/cloudsdk/channels/rapid/components/google-cloud-sdk-kubectl-20241004144944.tar.gz HTTP/1.1" 200 36206
2024-12-03 09:43:47,383 INFO     ___FILE_ONLY___ ═══════════════════════════
2024-12-03 09:43:47,383 INFO     ___FILE_ONLY___ ═══════════════════════════
2024-12-03 09:43:47,383 INFO     ___FILE_ONLY___ ══════
2024-12-03 09:43:47,383 INFO     ___FILE_ONLY___ ╝

2024-12-03 09:43:47,388 INFO     ___FILE_ONLY___ ╔════════════════════════════════════════════════════════════╗

2024-12-03 09:43:47,389 INFO     ___FILE_ONLY___ ╠═ Downloading: kubectl (Platform Specific)                 ═╣

2024-12-03 09:43:47,389 INFO     ___FILE_ONLY___ ╚
2024-12-03 09:43:47,392 DEBUG    urllib3.connectionpool Starting new HTTPS connection (1): dl.google.com:443
2024-12-03 09:43:48,061 DEBUG    urllib3.connectionpool https://dl.google.com:443 "GET /dl/cloudsdk/channels/rapid/components/google-cloud-sdk-kubectl-darwin-arm-20241108162203.tar.gz HTTP/1.1" 200 90277960
2024-12-03 09:43:55,877 INFO     ___FILE_ONLY___ ═
2024-12-03 09:43:55,878 INFO     ___FILE_ONLY___ ═
2024-12-03 09:43:55,879 INFO     ___FILE_ONLY___ ═
2024-12-03 09:43:55,879 INFO     ___FILE_ONLY___ ═
2024-12-03 09:43:55,880 INFO     ___FILE_ONLY___ ═
2024-12-03 09:43:55,881 INFO     ___FILE_ONLY___ ═
2024-12-03 09:43:55,881 INFO     ___FILE_ONLY___ ═
2024-12-03 09:43:55,882 INFO     ___FILE_ONLY___ ═
2024-12-03 09:43:55,882 INFO     ___FILE_ONLY___ ═
2024-12-03 09:43:55,883 INFO     ___FILE_ONLY___ ═
2024-12-03 09:43:55,884 INFO     ___FILE_ONLY___ ═
2024-12-03 09:43:55,884 INFO     ___FILE_ONLY___ ═
2024-12-03 09:43:55,885 INFO     ___FILE_ONLY___ ═
2024-12-03 09:43:55,886 INFO     ___FILE_ONLY___ ═
2024-12-03 09:43:55,886 INFO     ___FILE_ONLY___ ═
2024-12-03 09:43:55,887 INFO     ___FILE_ONLY___ ═
2024-12-03 09:43:55,888 INFO     ___FILE_ONLY___ ═
2024-12-03 09:43:55,888 INFO     ___FILE_ONLY___ ═
2024-12-03 09:43:55,889 INFO     ___FILE_ONLY___ ═
2024-12-03 09:43:55,889 INFO     ___FILE_ONLY___ ═
2024-12-03 09:43:55,890 INFO     ___FILE_ONLY___ ═
2024-12-03 09:43:55,891 INFO     ___FILE_ONLY___ ═
2024-12-03 09:43:55,891 INFO     ___FILE_ONLY___ ═
2024-12-03 09:43:55,892 INFO     ___FILE_ONLY___ ═
2024-12-03 09:43:55,892 INFO     ___FILE_ONLY___ ═
2024-12-03 09:43:55,893 INFO     ___FILE_ONLY___ ═
2024-12-03 09:43:55,894 INFO     ___FILE_ONLY___ ═
2024-12-03 09:43:55,894 INFO     ___FILE_ONLY___ ═
2024-12-03 09:43:55,895 INFO     ___FILE_ONLY___ ═
2024-12-03 09:43:55,895 INFO     ___FILE_ONLY___ ═
2024-12-03 09:43:55,896 INFO     ___FILE_ONLY___ ═
2024-12-03 09:43:55,896 INFO     ___FILE_ONLY___ ═
2024-12-03 09:43:55,897 INFO     ___FILE_ONLY___ ═
2024-12-03 09:43:55,898 INFO     ___FILE_ONLY___ ═
2024-12-03 09:43:55,899 INFO     ___FILE_ONLY___ ═
2024-12-03 09:43:55,899 INFO     ___FILE_ONLY___ ═
2024-12-03 09:43:55,900 INFO     ___FILE_ONLY___ ═
2024-12-03 09:43:55,900 INFO     ___FILE_ONLY___ ═
2024-12-03 09:43:55,901 INFO     ___FILE_ONLY___ ═
2024-12-03 09:43:55,902 INFO     ___FILE_ONLY___ ═
2024-12-03 09:43:55,902 INFO     ___FILE_ONLY___ ═
2024-12-03 09:43:55,903 INFO     ___FILE_ONLY___ ═
2024-12-03 09:43:55,904 INFO     ___FILE_ONLY___ ═
2024-12-03 09:43:55,904 INFO     ___FILE_ONLY___ ═
2024-12-03 09:43:55,905 INFO     ___FILE_ONLY___ ═
2024-12-03 09:43:55,906 INFO     ___FILE_ONLY___ ═
2024-12-03 09:43:55,906 INFO     ___FILE_ONLY___ ═
2024-12-03 09:43:55,907 INFO     ___FILE_ONLY___ ═
2024-12-03 09:43:55,908 INFO     ___FILE_ONLY___ ═
2024-12-03 09:43:55,908 INFO     ___FILE_ONLY___ ═
2024-12-03 09:43:55,909 INFO     ___FILE_ONLY___ ═
2024-12-03 09:43:55,910 INFO     ___FILE_ONLY___ ═
2024-12-03 09:43:55,911 INFO     ___FILE_ONLY___ ═
2024-12-03 09:43:55,911 INFO     ___FILE_ONLY___ ═
2024-12-03 09:43:55,912 INFO     ___FILE_ONLY___ ═
2024-12-03 09:43:55,913 INFO     ___FILE_ONLY___ ═
2024-12-03 09:43:55,913 INFO     ___FILE_ONLY___ ═
2024-12-03 09:43:55,914 INFO     ___FILE_ONLY___ ═
2024-12-03 09:43:55,914 INFO     ___FILE_ONLY___ ═
2024-12-03 09:43:55,915 INFO     ___FILE_ONLY___ ═
2024-12-03 09:43:55,915 INFO     ___FILE_ONLY___ ╝

2024-12-03 09:43:55,925 INFO     ___FILE_ONLY___ ╔════════════════════════════════════════════════════════════╗

2024-12-03 09:43:55,926 INFO     ___FILE_ONLY___ ╠═ Installing: Google Cloud CLI Core Libraries (Platform... ═╣

2024-12-03 09:43:55,926 INFO     ___FILE_ONLY___ ╚
2024-12-03 09:43:55,928 INFO     ___FILE_ONLY___ ══════════════════════════════
2024-12-03 09:43:55,929 INFO     ___FILE_ONLY___ ══════════════════════════════
2024-12-03 09:43:55,929 INFO     ___FILE_ONLY___ ╝

2024-12-03 09:43:55,939 INFO     ___FILE_ONLY___ ╔════════════════════════════════════════════════════════════╗

2024-12-03 09:43:55,939 INFO     ___FILE_ONLY___ ╠═ Installing: Minikube                                     ═╣

2024-12-03 09:43:55,939 INFO     ___FILE_ONLY___ ╚
2024-12-03 09:43:55,945 INFO     ___FILE_ONLY___ ════════════════════════════════════════════════════════════
2024-12-03 09:43:55,945 INFO     ___FILE_ONLY___ ╝

2024-12-03 09:43:55,951 INFO     ___FILE_ONLY___ ╔════════════════════════════════════════════════════════════╗

2024-12-03 09:43:55,952 INFO     ___FILE_ONLY___ ╠═ Installing: Minikube (Platform Specific)                 ═╣

2024-12-03 09:43:55,952 INFO     ___FILE_ONLY___ ╚
2024-12-03 09:43:56,302 INFO     ___FILE_ONLY___ ════════════════════════════════════════════════════════════
2024-12-03 09:43:56,302 INFO     ___FILE_ONLY___ ╝

2024-12-03 09:43:56,311 INFO     ___FILE_ONLY___ ╔════════════════════════════════════════════════════════════╗

2024-12-03 09:43:56,311 INFO     ___FILE_ONLY___ ╠═ Installing: Skaffold                                     ═╣

2024-12-03 09:43:56,311 INFO     ___FILE_ONLY___ ╚
2024-12-03 09:43:56,314 INFO     ___FILE_ONLY___ ════════════════════════════════════════════════════════════
2024-12-03 09:43:56,314 INFO     ___FILE_ONLY___ ╝

2024-12-03 09:43:56,319 INFO     ___FILE_ONLY___ ╔════════════════════════════════════════════════════════════╗

2024-12-03 09:43:56,319 INFO     ___FILE_ONLY___ ╠═ Installing: Skaffold (Platform Specific)                 ═╣

2024-12-03 09:43:56,319 INFO     ___FILE_ONLY___ ╚
2024-12-03 09:43:56,615 INFO     ___FILE_ONLY___ ════════════════════════════════════════════════════════════
2024-12-03 09:43:56,615 INFO     ___FILE_ONLY___ ╝

2024-12-03 09:43:56,624 INFO     ___FILE_ONLY___ ╔════════════════════════════════════════════════════════════╗

2024-12-03 09:43:56,624 INFO     ___FILE_ONLY___ ╠═ Installing: gcloud Alpha Commands                        ═╣

2024-12-03 09:43:56,624 INFO     ___FILE_ONLY___ ╚
2024-12-03 09:43:56,627 INFO     ___FILE_ONLY___ ════════════════════════════════════════════════════════════
2024-12-03 09:43:56,627 INFO     ___FILE_ONLY___ ╝

2024-12-03 09:43:56,635 INFO     ___FILE_ONLY___ ╔════════════════════════════════════════════════════════════╗

2024-12-03 09:43:56,635 INFO     ___FILE_ONLY___ ╠═ Installing: gcloud Beta Commands                         ═╣

2024-12-03 09:43:56,635 INFO     ___FILE_ONLY___ ╚
2024-12-03 09:43:56,638 INFO     ___FILE_ONLY___ ════════════════════════════════════════════════════════════
2024-12-03 09:43:56,639 INFO     ___FILE_ONLY___ ╝

2024-12-03 09:43:56,647 INFO     ___FILE_ONLY___ ╔════════════════════════════════════════════════════════════╗

2024-12-03 09:43:56,647 INFO     ___FILE_ONLY___ ╠═ Installing: gcloud cli dependencies (Platform Specific)  ═╣

2024-12-03 09:43:56,647 INFO     ___FILE_ONLY___ ╚
2024-12-03 09:43:56,648 INFO     ___FILE_ONLY___ ════════════════════════════════════════════════════════════
2024-12-03 09:43:56,648 INFO     ___FILE_ONLY___ ╝

2024-12-03 09:43:56,656 INFO     ___FILE_ONLY___ ╔════════════════════════════════════════════════════════════╗

2024-12-03 09:43:56,657 INFO     ___FILE_ONLY___ ╠═ Installing: gke-gcloud-auth-plugin                       ═╣

2024-12-03 09:43:56,657 INFO     ___FILE_ONLY___ ╚
2024-12-03 09:43:56,659 INFO     ___FILE_ONLY___ ════════════════════════════════════════════════════════════
2024-12-03 09:43:56,659 INFO     ___FILE_ONLY___ ╝

2024-12-03 09:43:56,664 INFO     ___FILE_ONLY___ ╔════════════════════════════════════════════════════════════╗

2024-12-03 09:43:56,665 INFO     ___FILE_ONLY___ ╠═ Installing: gke-gcloud-auth-plugin (Platform Specific)   ═╣

2024-12-03 09:43:56,665 INFO     ___FILE_ONLY___ ╚
2024-12-03 09:43:56,715 INFO     ___FILE_ONLY___ ════════════════════════════════════════════════════════════
2024-12-03 09:43:56,715 INFO     ___FILE_ONLY___ ╝

2024-12-03 09:43:56,724 INFO     ___FILE_ONLY___ ╔════════════════════════════════════════════════════════════╗

2024-12-03 09:43:56,725 INFO     ___FILE_ONLY___ ╠═ Installing: kubectl                                      ═╣

2024-12-03 09:43:56,725 INFO     ___FILE_ONLY___ ╚
2024-12-03 09:43:56,729 INFO     ___FILE_ONLY___ ════════════════════════════════════════════════════════════
2024-12-03 09:43:56,729 INFO     ___FILE_ONLY___ ╝

2024-12-03 09:43:56,738 INFO     ___FILE_ONLY___ ╔════════════════════════════════════════════════════════════╗

2024-12-03 09:43:56,738 INFO     ___FILE_ONLY___ ╠═ Installing: kubectl (Platform Specific)                  ═╣

2024-12-03 09:43:56,738 INFO     ___FILE_ONLY___ ╚
2024-12-03 09:43:57,312 INFO     ___FILE_ONLY___ ══════════
2024-12-03 09:43:57,412 INFO     ___FILE_ONLY___ ══════════
2024-12-03 09:43:57,515 INFO     ___FILE_ONLY___ ══════════
2024-12-03 09:43:57,618 INFO     ___FILE_ONLY___ ══════════
2024-12-03 09:43:57,723 INFO     ___FILE_ONLY___ ══════════
2024-12-03 09:43:57,838 INFO     ___FILE_ONLY___ ══════════
2024-12-03 09:43:57,839 INFO     ___FILE_ONLY___ ╝

2024-12-03 09:43:57,867 DEBUG    root            Updating notification cache...
2024-12-03 09:43:57,867 INFO     ___FILE_ONLY___ 

2024-12-03 09:43:57,873 INFO     ___FILE_ONLY___ Performing post processing steps...
2024-12-03 09:43:57,874 DEBUG    root            Executing command: ['/Users/wbrunson/Library/Application Support/cloud-code/installer/google-cloud-sdk/bin/gcloud', 'components', 'post-process', '--no-compile-python']
2024-12-03 09:43:58,430 DEBUG    ___FILE_ONLY___ 
2024-12-03 09:43:58,430 DEBUG    ___FILE_ONLY___ 
2024-12-03 09:43:58,641 INFO     ___FILE_ONLY___ 
Update done!


2024-12-03 09:43:58,644 DEBUG    root            Chosen display Format:none
2024-12-03 09:43:58,644 INFO     root            Display format: "none"
2024-12-03 09:43:58,646 DEBUG    root            Executing command: ['curl', '--silent', '-O', 'https://dl.google.com/dl/cloudsdk/channels/rapid/python-3.11.6-macos11.tar.gz']
2024-12-03 09:44:05,493 DEBUG    root            Executing command: ['tar', '-xf', 'python-3.11.6-macos11.tar.gz']
2024-12-03 09:44:05,548 DEBUG    root            Executing command: ['sudo', 'installer', '-target', '/', '-pkg', './python-3.11.6-macos11.pkg']
