2024-12-03 10:33:23,860 DEBUG    root            Metrics collector initialized...
2024-12-03 10:33:23,861 DEBUG    root            Loaded Command Group: ['gcloud', 'components']
2024-12-03 10:33:23,864 DEBUG    root            Loaded Command Group: ['gcloud', 'components', 'update']
2024-12-03 10:33:23,864 DEBUG    root            Running [gcloud.components.update] with arguments: [--no-compile-python: "False", --quiet: "True", COMPONENT-IDS:6: "['alpha', 'beta', 'gke-gcloud-auth-plugin', 'kubectl', 'skaffold', 'minikube']"]
2024-12-03 10:33:23,865 INFO     ___FILE_ONLY___ Beginning update. This process may take several minutes.

2024-12-03 10:33:23,875 DEBUG    urllib3.connectionpool Starting new HTTPS connection (1): dl.google.com:443
2024-12-03 10:33:24,405 DEBUG    urllib3.connectionpool https://dl.google.com:443 "GET /dl/cloudsdk/channels/rapid/components-2.json HTTP/1.1" 200 227816
2024-12-03 10:33:24,647 INFO     ___FILE_ONLY___ 

2024-12-03 10:33:24,648 INFO     ___FILE_ONLY___ 
Your current Google Cloud CLI version is: 502.0.0

2024-12-03 10:33:24,648 INFO     ___FILE_ONLY___ Installing components from version: 502.0.0

2024-12-03 10:33:24,648 INFO     ___FILE_ONLY___ 

2024-12-03 10:33:24,648 DEBUG    root            Chosen display Format:table[box,title="These components will be removed."](details.display_name:label=Name:align=left,version.version_string:label=Version:align=right,data.size.size(zero="",min=1048576):label=Size:align=right)
2024-12-03 10:33:24,648 DEBUG    root            Chosen display Format:table[box,title="These components will be updated."](details.display_name:label=Name:align=left,version.version_string:label=Version:align=right,data.size.size(zero="",min=1048576):label=Size:align=right)
2024-12-03 10:33:24,648 DEBUG    root            Chosen display Format:table[box,title="These components will be installed."](details.display_name:label=Name:align=left,version.version_string:label=Version:align=right,data.size.size(zero="",min=1048576):label=Size:align=right)
2024-12-03 10:33:24,702 INFO     ___FILE_ONLY___ ┌─────────────────────────────────────────────────────────────────────────────┐
2024-12-03 10:33:24,702 INFO     ___FILE_ONLY___ 

2024-12-03 10:33:24,702 INFO     ___FILE_ONLY___ │                     These components will be installed.                     │
2024-12-03 10:33:24,702 INFO     ___FILE_ONLY___ 

2024-12-03 10:33:24,702 INFO     ___FILE_ONLY___ ├─────────────────────────────────────────────────────┬────────────┬──────────┤
2024-12-03 10:33:24,702 INFO     ___FILE_ONLY___ 

2024-12-03 10:33:24,702 INFO     ___FILE_ONLY___ │                         Name                        │  Version   │   Size   │
2024-12-03 10:33:24,703 INFO     ___FILE_ONLY___ 

2024-12-03 10:33:24,703 INFO     ___FILE_ONLY___ ├─────────────────────────────────────────────────────┼────────────┼──────────┤
2024-12-03 10:33:24,703 INFO     ___FILE_ONLY___ 

2024-12-03 10:33:24,703 INFO     ___FILE_ONLY___ │ 
2024-12-03 10:33:24,703 INFO     ___FILE_ONLY___ Google Cloud CLI Core Libraries (Platform Specific)
2024-12-03 10:33:24,703 INFO     ___FILE_ONLY___  
2024-12-03 10:33:24,703 INFO     ___FILE_ONLY___ │ 
2024-12-03 10:33:24,703 INFO     ___FILE_ONLY___ 2024.08.30
2024-12-03 10:33:24,703 INFO     ___FILE_ONLY___  
2024-12-03 10:33:24,703 INFO     ___FILE_ONLY___ │ 
2024-12-03 10:33:24,703 INFO     ___FILE_ONLY___  < 1 MiB
2024-12-03 10:33:24,703 INFO     ___FILE_ONLY___  
2024-12-03 10:33:24,703 INFO     ___FILE_ONLY___ │
2024-12-03 10:33:24,704 INFO     ___FILE_ONLY___ 

2024-12-03 10:33:24,704 INFO     ___FILE_ONLY___ │ 
2024-12-03 10:33:24,704 INFO     ___FILE_ONLY___ Minikube (Platform Specific)                       
2024-12-03 10:33:24,704 INFO     ___FILE_ONLY___  
2024-12-03 10:33:24,704 INFO     ___FILE_ONLY___ │ 
2024-12-03 10:33:24,704 INFO     ___FILE_ONLY___     1.34.0
2024-12-03 10:33:24,704 INFO     ___FILE_ONLY___  
2024-12-03 10:33:24,704 INFO     ___FILE_ONLY___ │ 
2024-12-03 10:33:24,704 INFO     ___FILE_ONLY___ 37.2 MiB
2024-12-03 10:33:24,704 INFO     ___FILE_ONLY___  
2024-12-03 10:33:24,704 INFO     ___FILE_ONLY___ │
2024-12-03 10:33:24,704 INFO     ___FILE_ONLY___ 

2024-12-03 10:33:24,704 INFO     ___FILE_ONLY___ │ 
2024-12-03 10:33:24,704 INFO     ___FILE_ONLY___ Skaffold (Platform Specific)                       
2024-12-03 10:33:24,704 INFO     ___FILE_ONLY___  
2024-12-03 10:33:24,704 INFO     ___FILE_ONLY___ │ 
2024-12-03 10:33:24,704 INFO     ___FILE_ONLY___     2.13.1
2024-12-03 10:33:24,704 INFO     ___FILE_ONLY___  
2024-12-03 10:33:24,704 INFO     ___FILE_ONLY___ │ 
2024-12-03 10:33:24,704 INFO     ___FILE_ONLY___ 22.9 MiB
2024-12-03 10:33:24,704 INFO     ___FILE_ONLY___  
2024-12-03 10:33:24,704 INFO     ___FILE_ONLY___ │
2024-12-03 10:33:24,704 INFO     ___FILE_ONLY___ 

2024-12-03 10:33:24,704 INFO     ___FILE_ONLY___ │ 
2024-12-03 10:33:24,704 INFO     ___FILE_ONLY___ gcloud Alpha Commands                              
2024-12-03 10:33:24,704 INFO     ___FILE_ONLY___  
2024-12-03 10:33:24,704 INFO     ___FILE_ONLY___ │ 
2024-12-03 10:33:24,704 INFO     ___FILE_ONLY___ 2024.11.15
2024-12-03 10:33:24,704 INFO     ___FILE_ONLY___  
2024-12-03 10:33:24,705 INFO     ___FILE_ONLY___ │ 
2024-12-03 10:33:24,705 INFO     ___FILE_ONLY___  < 1 MiB
2024-12-03 10:33:24,705 INFO     ___FILE_ONLY___  
2024-12-03 10:33:24,705 INFO     ___FILE_ONLY___ │
2024-12-03 10:33:24,705 INFO     ___FILE_ONLY___ 

2024-12-03 10:33:24,705 INFO     ___FILE_ONLY___ │ 
2024-12-03 10:33:24,705 INFO     ___FILE_ONLY___ gcloud Beta Commands                               
2024-12-03 10:33:24,705 INFO     ___FILE_ONLY___  
2024-12-03 10:33:24,705 INFO     ___FILE_ONLY___ │ 
2024-12-03 10:33:24,705 INFO     ___FILE_ONLY___ 2024.11.15
2024-12-03 10:33:24,705 INFO     ___FILE_ONLY___  
2024-12-03 10:33:24,705 INFO     ___FILE_ONLY___ │ 
2024-12-03 10:33:24,705 INFO     ___FILE_ONLY___  < 1 MiB
2024-12-03 10:33:24,705 INFO     ___FILE_ONLY___  
2024-12-03 10:33:24,705 INFO     ___FILE_ONLY___ │
2024-12-03 10:33:24,705 INFO     ___FILE_ONLY___ 

2024-12-03 10:33:24,705 INFO     ___FILE_ONLY___ │ 
2024-12-03 10:33:24,705 INFO     ___FILE_ONLY___ gcloud cli dependencies (Platform Specific)        
2024-12-03 10:33:24,705 INFO     ___FILE_ONLY___  
2024-12-03 10:33:24,705 INFO     ___FILE_ONLY___ │ 
2024-12-03 10:33:24,705 INFO     ___FILE_ONLY___ 2021.04.16
2024-12-03 10:33:24,705 INFO     ___FILE_ONLY___  
2024-12-03 10:33:24,705 INFO     ___FILE_ONLY___ │ 
2024-12-03 10:33:24,705 INFO     ___FILE_ONLY___  < 1 MiB
2024-12-03 10:33:24,705 INFO     ___FILE_ONLY___  
2024-12-03 10:33:24,705 INFO     ___FILE_ONLY___ │
2024-12-03 10:33:24,705 INFO     ___FILE_ONLY___ 

2024-12-03 10:33:24,705 INFO     ___FILE_ONLY___ │ 
2024-12-03 10:33:24,705 INFO     ___FILE_ONLY___ gke-gcloud-auth-plugin (Platform Specific)         
2024-12-03 10:33:24,705 INFO     ___FILE_ONLY___  
2024-12-03 10:33:24,705 INFO     ___FILE_ONLY___ │ 
2024-12-03 10:33:24,705 INFO     ___FILE_ONLY___      0.5.9
2024-12-03 10:33:24,705 INFO     ___FILE_ONLY___  
2024-12-03 10:33:24,705 INFO     ___FILE_ONLY___ │ 
2024-12-03 10:33:24,705 INFO     ___FILE_ONLY___  4.0 MiB
2024-12-03 10:33:24,705 INFO     ___FILE_ONLY___  
2024-12-03 10:33:24,705 INFO     ___FILE_ONLY___ │
2024-12-03 10:33:24,705 INFO     ___FILE_ONLY___ 

2024-12-03 10:33:24,705 INFO     ___FILE_ONLY___ │ 
2024-12-03 10:33:24,705 INFO     ___FILE_ONLY___ kubectl                                            
2024-12-03 10:33:24,705 INFO     ___FILE_ONLY___  
2024-12-03 10:33:24,706 INFO     ___FILE_ONLY___ │ 
2024-12-03 10:33:24,706 INFO     ___FILE_ONLY___     1.30.5
2024-12-03 10:33:24,706 INFO     ___FILE_ONLY___  
2024-12-03 10:33:24,706 INFO     ___FILE_ONLY___ │ 
2024-12-03 10:33:24,706 INFO     ___FILE_ONLY___  < 1 MiB
2024-12-03 10:33:24,706 INFO     ___FILE_ONLY___  
2024-12-03 10:33:24,706 INFO     ___FILE_ONLY___ │
2024-12-03 10:33:24,706 INFO     ___FILE_ONLY___ 

2024-12-03 10:33:24,706 INFO     ___FILE_ONLY___ │ 
2024-12-03 10:33:24,706 INFO     ___FILE_ONLY___ kubectl (Platform Specific)                        
2024-12-03 10:33:24,706 INFO     ___FILE_ONLY___  
2024-12-03 10:33:24,706 INFO     ___FILE_ONLY___ │ 
2024-12-03 10:33:24,706 INFO     ___FILE_ONLY___     1.30.6
2024-12-03 10:33:24,706 INFO     ___FILE_ONLY___  
2024-12-03 10:33:24,706 INFO     ___FILE_ONLY___ │ 
2024-12-03 10:33:24,706 INFO     ___FILE_ONLY___ 86.1 MiB
2024-12-03 10:33:24,706 INFO     ___FILE_ONLY___  
2024-12-03 10:33:24,706 INFO     ___FILE_ONLY___ │
2024-12-03 10:33:24,706 INFO     ___FILE_ONLY___ 

2024-12-03 10:33:24,706 INFO     ___FILE_ONLY___ └─────────────────────────────────────────────────────┴────────────┴──────────┘
2024-12-03 10:33:24,706 INFO     ___FILE_ONLY___ 

2024-12-03 10:33:24,706 INFO     ___FILE_ONLY___ 

2024-12-03 10:33:24,708 DEBUG    urllib3.connectionpool Starting new HTTPS connection (1): dl.google.com:443
2024-12-03 10:33:25,238 DEBUG    urllib3.connectionpool https://dl.google.com:443 "GET /dl/cloudsdk/channels/rapid/RELEASE_NOTES HTTP/1.1" 200 1314602
2024-12-03 10:33:25,809 INFO     ___FILE_ONLY___ For the latest full release notes, please visit:
  https://cloud.google.com/sdk/release_notes


2024-12-03 10:33:25,809 INFO     ___FILE_ONLY___ Performing in place update...


2024-12-03 10:33:25,813 INFO     ___FILE_ONLY___ ╔════════════════════════════════════════════════════════════╗

2024-12-03 10:33:25,814 INFO     ___FILE_ONLY___ ╠═ Downloading: Google Cloud CLI Core Libraries (Platfor... ═╣

2024-12-03 10:33:25,814 INFO     ___FILE_ONLY___ ╚
2024-12-03 10:33:25,816 DEBUG    urllib3.connectionpool Starting new HTTPS connection (1): dl.google.com:443
2024-12-03 10:33:26,346 DEBUG    urllib3.connectionpool https://dl.google.com:443 "GET /dl/cloudsdk/channels/rapid/components/google-cloud-sdk-core-nix-20240830134514.tar.gz HTTP/1.1" 200 2306
2024-12-03 10:33:26,348 INFO     ___FILE_ONLY___ ════════════════════════════════════════════════════════════
2024-12-03 10:33:26,349 INFO     ___FILE_ONLY___ ╝

2024-12-03 10:33:26,356 INFO     ___FILE_ONLY___ ╔════════════════════════════════════════════════════════════╗

2024-12-03 10:33:26,356 INFO     ___FILE_ONLY___ ╠═ Downloading: Minikube                                    ═╣

2024-12-03 10:33:26,356 INFO     ___FILE_ONLY___ ╚
2024-12-03 10:33:26,356 INFO     ___FILE_ONLY___ ════════════════════════════════════════════════════════════
2024-12-03 10:33:26,356 INFO     ___FILE_ONLY___ ╝

2024-12-03 10:33:26,362 INFO     ___FILE_ONLY___ ╔════════════════════════════════════════════════════════════╗

2024-12-03 10:33:26,362 INFO     ___FILE_ONLY___ ╠═ Downloading: Minikube (Platform Specific)                ═╣

2024-12-03 10:33:26,362 INFO     ___FILE_ONLY___ ╚
2024-12-03 10:33:26,365 DEBUG    urllib3.connectionpool Starting new HTTPS connection (1): dl.google.com:443
2024-12-03 10:33:26,899 DEBUG    urllib3.connectionpool https://dl.google.com:443 "GET /dl/cloudsdk/channels/rapid/components/google-cloud-sdk-minikube-darwin-arm-20240927140238.tar.gz HTTP/1.1" 200 38981244
2024-12-03 10:33:31,639 INFO     ___FILE_ONLY___ ═
2024-12-03 10:33:31,640 INFO     ___FILE_ONLY___ ═
2024-12-03 10:33:31,641 INFO     ___FILE_ONLY___ ═
2024-12-03 10:33:31,641 INFO     ___FILE_ONLY___ ═
2024-12-03 10:33:31,641 INFO     ___FILE_ONLY___ ═
2024-12-03 10:33:31,641 INFO     ___FILE_ONLY___ ═
2024-12-03 10:33:31,642 INFO     ___FILE_ONLY___ ═
2024-12-03 10:33:31,642 INFO     ___FILE_ONLY___ ═
2024-12-03 10:33:31,642 INFO     ___FILE_ONLY___ ═
2024-12-03 10:33:31,643 INFO     ___FILE_ONLY___ ═
2024-12-03 10:33:31,643 INFO     ___FILE_ONLY___ ═
2024-12-03 10:33:31,643 INFO     ___FILE_ONLY___ ═
2024-12-03 10:33:31,644 INFO     ___FILE_ONLY___ ═
2024-12-03 10:33:31,644 INFO     ___FILE_ONLY___ ═
2024-12-03 10:33:31,644 INFO     ___FILE_ONLY___ ═
2024-12-03 10:33:31,644 INFO     ___FILE_ONLY___ ═
2024-12-03 10:33:31,645 INFO     ___FILE_ONLY___ ═
2024-12-03 10:33:31,645 INFO     ___FILE_ONLY___ ═
2024-12-03 10:33:31,645 INFO     ___FILE_ONLY___ ═
2024-12-03 10:33:31,646 INFO     ___FILE_ONLY___ ═
2024-12-03 10:33:31,646 INFO     ___FILE_ONLY___ ═
2024-12-03 10:33:31,646 INFO     ___FILE_ONLY___ ═
2024-12-03 10:33:31,646 INFO     ___FILE_ONLY___ ═
2024-12-03 10:33:31,647 INFO     ___FILE_ONLY___ ═
2024-12-03 10:33:31,647 INFO     ___FILE_ONLY___ ═
2024-12-03 10:33:31,647 INFO     ___FILE_ONLY___ ═
2024-12-03 10:33:31,648 INFO     ___FILE_ONLY___ ═
2024-12-03 10:33:31,648 INFO     ___FILE_ONLY___ ═
2024-12-03 10:33:31,648 INFO     ___FILE_ONLY___ ═
2024-12-03 10:33:31,649 INFO     ___FILE_ONLY___ ═
2024-12-03 10:33:31,649 INFO     ___FILE_ONLY___ ═
2024-12-03 10:33:31,649 INFO     ___FILE_ONLY___ ═
2024-12-03 10:33:31,649 INFO     ___FILE_ONLY___ ═
2024-12-03 10:33:31,650 INFO     ___FILE_ONLY___ ═
2024-12-03 10:33:31,650 INFO     ___FILE_ONLY___ ═
2024-12-03 10:33:31,650 INFO     ___FILE_ONLY___ ═
2024-12-03 10:33:31,651 INFO     ___FILE_ONLY___ ═
2024-12-03 10:33:31,651 INFO     ___FILE_ONLY___ ═
2024-12-03 10:33:31,651 INFO     ___FILE_ONLY___ ═
2024-12-03 10:33:31,652 INFO     ___FILE_ONLY___ ═
2024-12-03 10:33:31,652 INFO     ___FILE_ONLY___ ═
2024-12-03 10:33:31,652 INFO     ___FILE_ONLY___ ═
2024-12-03 10:33:31,653 INFO     ___FILE_ONLY___ ═
2024-12-03 10:33:31,653 INFO     ___FILE_ONLY___ ═
2024-12-03 10:33:31,653 INFO     ___FILE_ONLY___ ═
2024-12-03 10:33:31,654 INFO     ___FILE_ONLY___ ═
2024-12-03 10:33:31,654 INFO     ___FILE_ONLY___ ═
2024-12-03 10:33:31,654 INFO     ___FILE_ONLY___ ═
2024-12-03 10:33:31,654 INFO     ___FILE_ONLY___ ═
2024-12-03 10:33:31,655 INFO     ___FILE_ONLY___ ═
2024-12-03 10:33:31,655 INFO     ___FILE_ONLY___ ═
2024-12-03 10:33:31,655 INFO     ___FILE_ONLY___ ═
2024-12-03 10:33:31,656 INFO     ___FILE_ONLY___ ═
2024-12-03 10:33:31,656 INFO     ___FILE_ONLY___ ═
2024-12-03 10:33:31,656 INFO     ___FILE_ONLY___ ═
2024-12-03 10:33:31,657 INFO     ___FILE_ONLY___ ═
2024-12-03 10:33:31,657 INFO     ___FILE_ONLY___ ═
2024-12-03 10:33:31,657 INFO     ___FILE_ONLY___ ═
2024-12-03 10:33:31,657 INFO     ___FILE_ONLY___ ═
2024-12-03 10:33:31,658 INFO     ___FILE_ONLY___ ═
2024-12-03 10:33:31,658 INFO     ___FILE_ONLY___ ╝

2024-12-03 10:33:31,663 INFO     ___FILE_ONLY___ ╔════════════════════════════════════════════════════════════╗

2024-12-03 10:33:31,663 INFO     ___FILE_ONLY___ ╠═ Downloading: Skaffold                                    ═╣

2024-12-03 10:33:31,663 INFO     ___FILE_ONLY___ ╚
2024-12-03 10:33:31,664 INFO     ___FILE_ONLY___ ════════════════════════════════════════════════════════════
2024-12-03 10:33:31,664 INFO     ___FILE_ONLY___ ╝

2024-12-03 10:33:31,668 INFO     ___FILE_ONLY___ ╔════════════════════════════════════════════════════════════╗

2024-12-03 10:33:31,668 INFO     ___FILE_ONLY___ ╠═ Downloading: Skaffold (Platform Specific)                ═╣

2024-12-03 10:33:31,668 INFO     ___FILE_ONLY___ ╚
2024-12-03 10:33:31,670 DEBUG    urllib3.connectionpool Starting new HTTPS connection (1): dl.google.com:443
2024-12-03 10:33:32,203 DEBUG    urllib3.connectionpool https://dl.google.com:443 "GET /dl/cloudsdk/channels/rapid/components/google-cloud-sdk-skaffold-darwin-arm-20240806142304.tar.gz HTTP/1.1" 200 24031362
2024-12-03 10:33:35,782 INFO     ___FILE_ONLY___ ═
2024-12-03 10:33:35,783 INFO     ___FILE_ONLY___ ═
2024-12-03 10:33:35,784 INFO     ___FILE_ONLY___ ═
2024-12-03 10:33:35,784 INFO     ___FILE_ONLY___ ═
2024-12-03 10:33:35,785 INFO     ___FILE_ONLY___ ═
2024-12-03 10:33:35,785 INFO     ___FILE_ONLY___ ═
2024-12-03 10:33:35,785 INFO     ___FILE_ONLY___ ═
2024-12-03 10:33:35,785 INFO     ___FILE_ONLY___ ═
2024-12-03 10:33:35,786 INFO     ___FILE_ONLY___ ═
2024-12-03 10:33:35,786 INFO     ___FILE_ONLY___ ═
2024-12-03 10:33:35,786 INFO     ___FILE_ONLY___ ═
2024-12-03 10:33:35,786 INFO     ___FILE_ONLY___ ═
2024-12-03 10:33:35,786 INFO     ___FILE_ONLY___ ═
2024-12-03 10:33:35,787 INFO     ___FILE_ONLY___ ═
2024-12-03 10:33:35,787 INFO     ___FILE_ONLY___ ═
2024-12-03 10:33:35,787 INFO     ___FILE_ONLY___ ═
2024-12-03 10:33:35,787 INFO     ___FILE_ONLY___ ═
2024-12-03 10:33:35,788 INFO     ___FILE_ONLY___ ═
2024-12-03 10:33:35,788 INFO     ___FILE_ONLY___ ═
2024-12-03 10:33:35,788 INFO     ___FILE_ONLY___ ═
2024-12-03 10:33:35,788 INFO     ___FILE_ONLY___ ═
2024-12-03 10:33:35,789 INFO     ___FILE_ONLY___ ═
2024-12-03 10:33:35,789 INFO     ___FILE_ONLY___ ═
2024-12-03 10:33:35,789 INFO     ___FILE_ONLY___ ═
2024-12-03 10:33:35,789 INFO     ___FILE_ONLY___ ═
2024-12-03 10:33:35,790 INFO     ___FILE_ONLY___ ═
2024-12-03 10:33:35,790 INFO     ___FILE_ONLY___ ═
2024-12-03 10:33:35,790 INFO     ___FILE_ONLY___ ═
2024-12-03 10:33:35,790 INFO     ___FILE_ONLY___ ═
2024-12-03 10:33:35,790 INFO     ___FILE_ONLY___ ═
2024-12-03 10:33:35,791 INFO     ___FILE_ONLY___ ═
2024-12-03 10:33:35,791 INFO     ___FILE_ONLY___ ═
2024-12-03 10:33:35,791 INFO     ___FILE_ONLY___ ═
2024-12-03 10:33:35,791 INFO     ___FILE_ONLY___ ═
2024-12-03 10:33:35,792 INFO     ___FILE_ONLY___ ═
2024-12-03 10:33:35,792 INFO     ___FILE_ONLY___ ═
2024-12-03 10:33:35,792 INFO     ___FILE_ONLY___ ═
2024-12-03 10:33:35,792 INFO     ___FILE_ONLY___ ═
2024-12-03 10:33:35,792 INFO     ___FILE_ONLY___ ═
2024-12-03 10:33:35,793 INFO     ___FILE_ONLY___ ═
2024-12-03 10:33:35,793 INFO     ___FILE_ONLY___ ═
2024-12-03 10:33:35,793 INFO     ___FILE_ONLY___ ═
2024-12-03 10:33:35,794 INFO     ___FILE_ONLY___ ═
2024-12-03 10:33:35,794 INFO     ___FILE_ONLY___ ═
2024-12-03 10:33:35,794 INFO     ___FILE_ONLY___ ═
2024-12-03 10:33:35,794 INFO     ___FILE_ONLY___ ═
2024-12-03 10:33:35,794 INFO     ___FILE_ONLY___ ═
2024-12-03 10:33:35,795 INFO     ___FILE_ONLY___ ═
2024-12-03 10:33:35,795 INFO     ___FILE_ONLY___ ═
2024-12-03 10:33:35,795 INFO     ___FILE_ONLY___ ═
2024-12-03 10:33:35,795 INFO     ___FILE_ONLY___ ═
2024-12-03 10:33:35,796 INFO     ___FILE_ONLY___ ═
2024-12-03 10:33:35,796 INFO     ___FILE_ONLY___ ═
2024-12-03 10:33:35,796 INFO     ___FILE_ONLY___ ═
2024-12-03 10:33:35,796 INFO     ___FILE_ONLY___ ═
2024-12-03 10:33:35,796 INFO     ___FILE_ONLY___ ═
2024-12-03 10:33:35,797 INFO     ___FILE_ONLY___ ═
2024-12-03 10:33:35,797 INFO     ___FILE_ONLY___ ═
2024-12-03 10:33:35,797 INFO     ___FILE_ONLY___ ═
2024-12-03 10:33:35,797 INFO     ___FILE_ONLY___ ═
2024-12-03 10:33:35,797 INFO     ___FILE_ONLY___ ╝

2024-12-03 10:33:35,804 INFO     ___FILE_ONLY___ ╔════════════════════════════════════════════════════════════╗

2024-12-03 10:33:35,804 INFO     ___FILE_ONLY___ ╠═ Downloading: gcloud Alpha Commands                       ═╣

2024-12-03 10:33:35,804 INFO     ___FILE_ONLY___ ╚
2024-12-03 10:33:35,806 DEBUG    urllib3.connectionpool Starting new HTTPS connection (1): dl.google.com:443
2024-12-03 10:33:36,330 DEBUG    urllib3.connectionpool https://dl.google.com:443 "GET /dl/cloudsdk/channels/rapid/components/google-cloud-sdk-alpha-20241115154308.tar.gz HTTP/1.1" 200 800
2024-12-03 10:33:36,332 INFO     ___FILE_ONLY___ ════════════════════════════════════════════════════════════
2024-12-03 10:33:36,332 INFO     ___FILE_ONLY___ ╝

2024-12-03 10:33:36,345 INFO     ___FILE_ONLY___ ╔════════════════════════════════════════════════════════════╗

2024-12-03 10:33:36,346 INFO     ___FILE_ONLY___ ╠═ Downloading: gcloud Beta Commands                        ═╣

2024-12-03 10:33:36,346 INFO     ___FILE_ONLY___ ╚
2024-12-03 10:33:36,349 DEBUG    urllib3.connectionpool Starting new HTTPS connection (1): dl.google.com:443
2024-12-03 10:33:36,899 DEBUG    urllib3.connectionpool https://dl.google.com:443 "GET /dl/cloudsdk/channels/rapid/components/google-cloud-sdk-beta-20241115154308.tar.gz HTTP/1.1" 200 797
2024-12-03 10:33:36,900 INFO     ___FILE_ONLY___ ════════════════════════════════════════════════════════════
2024-12-03 10:33:36,901 INFO     ___FILE_ONLY___ ╝

2024-12-03 10:33:36,907 INFO     ___FILE_ONLY___ ╔════════════════════════════════════════════════════════════╗

2024-12-03 10:33:36,907 INFO     ___FILE_ONLY___ ╠═ Downloading: gcloud cli dependencies (Platform Specific) ═╣

2024-12-03 10:33:36,907 INFO     ___FILE_ONLY___ ╚
2024-12-03 10:33:36,910 DEBUG    urllib3.connectionpool Starting new HTTPS connection (1): dl.google.com:443
2024-12-03 10:33:37,440 DEBUG    urllib3.connectionpool https://dl.google.com:443 "GET /dl/cloudsdk/channels/rapid/components/google-cloud-sdk-gcloud-deps-darwin-x86_64-20210416153011.tar.gz HTTP/1.1" 200 105
2024-12-03 10:33:37,442 INFO     ___FILE_ONLY___ ════════════════════════════════════════════════════════════
2024-12-03 10:33:37,442 INFO     ___FILE_ONLY___ ╝

2024-12-03 10:33:37,457 INFO     ___FILE_ONLY___ ╔════════════════════════════════════════════════════════════╗

2024-12-03 10:33:37,457 INFO     ___FILE_ONLY___ ╠═ Downloading: gke-gcloud-auth-plugin                      ═╣

2024-12-03 10:33:37,457 INFO     ___FILE_ONLY___ ╚
2024-12-03 10:33:37,458 INFO     ___FILE_ONLY___ ════════════════════════════════════════════════════════════
2024-12-03 10:33:37,458 INFO     ___FILE_ONLY___ ╝

2024-12-03 10:33:37,470 INFO     ___FILE_ONLY___ ╔════════════════════════════════════════════════════════════╗

2024-12-03 10:33:37,470 INFO     ___FILE_ONLY___ ╠═ Downloading: gke-gcloud-auth-plugin (Platform Specific)  ═╣

2024-12-03 10:33:37,470 INFO     ___FILE_ONLY___ ╚
2024-12-03 10:33:37,474 DEBUG    urllib3.connectionpool Starting new HTTPS connection (1): dl.google.com:443
2024-12-03 10:33:38,010 DEBUG    urllib3.connectionpool https://dl.google.com:443 "GET /dl/cloudsdk/channels/rapid/components/google-cloud-sdk-gke-gcloud-auth-plugin-darwin-arm-20240628141907.tar.gz HTTP/1.1" 200 4148014
2024-12-03 10:33:39,000 INFO     ___FILE_ONLY___ ═
2024-12-03 10:33:39,001 INFO     ___FILE_ONLY___ ═
2024-12-03 10:33:39,001 INFO     ___FILE_ONLY___ ═
2024-12-03 10:33:39,001 INFO     ___FILE_ONLY___ ═
2024-12-03 10:33:39,001 INFO     ___FILE_ONLY___ ═
2024-12-03 10:33:39,001 INFO     ___FILE_ONLY___ ═
2024-12-03 10:33:39,002 INFO     ___FILE_ONLY___ ═
2024-12-03 10:33:39,002 INFO     ___FILE_ONLY___ ═
2024-12-03 10:33:39,002 INFO     ___FILE_ONLY___ ═
2024-12-03 10:33:39,002 INFO     ___FILE_ONLY___ ═
2024-12-03 10:33:39,003 INFO     ___FILE_ONLY___ ═
2024-12-03 10:33:39,003 INFO     ___FILE_ONLY___ ═
2024-12-03 10:33:39,003 INFO     ___FILE_ONLY___ ═
2024-12-03 10:33:39,003 INFO     ___FILE_ONLY___ ═
2024-12-03 10:33:39,004 INFO     ___FILE_ONLY___ ═
2024-12-03 10:33:39,004 INFO     ___FILE_ONLY___ ═
2024-12-03 10:33:39,004 INFO     ___FILE_ONLY___ ═
2024-12-03 10:33:39,004 INFO     ___FILE_ONLY___ ═
2024-12-03 10:33:39,005 INFO     ___FILE_ONLY___ ═
2024-12-03 10:33:39,005 INFO     ___FILE_ONLY___ ═
2024-12-03 10:33:39,005 INFO     ___FILE_ONLY___ ═
2024-12-03 10:33:39,005 INFO     ___FILE_ONLY___ ═
2024-12-03 10:33:39,005 INFO     ___FILE_ONLY___ ═
2024-12-03 10:33:39,005 INFO     ___FILE_ONLY___ ═
2024-12-03 10:33:39,006 INFO     ___FILE_ONLY___ ═
2024-12-03 10:33:39,006 INFO     ___FILE_ONLY___ ═
2024-12-03 10:33:39,006 INFO     ___FILE_ONLY___ ═
2024-12-03 10:33:39,006 INFO     ___FILE_ONLY___ ═
2024-12-03 10:33:39,006 INFO     ___FILE_ONLY___ ═
2024-12-03 10:33:39,006 INFO     ___FILE_ONLY___ ═
2024-12-03 10:33:39,007 INFO     ___FILE_ONLY___ ═
2024-12-03 10:33:39,007 INFO     ___FILE_ONLY___ ═
2024-12-03 10:33:39,007 INFO     ___FILE_ONLY___ ═
2024-12-03 10:33:39,007 INFO     ___FILE_ONLY___ ═
2024-12-03 10:33:39,007 INFO     ___FILE_ONLY___ ═
2024-12-03 10:33:39,007 INFO     ___FILE_ONLY___ ═
2024-12-03 10:33:39,007 INFO     ___FILE_ONLY___ ═
2024-12-03 10:33:39,007 INFO     ___FILE_ONLY___ ═
2024-12-03 10:33:39,007 INFO     ___FILE_ONLY___ ═
2024-12-03 10:33:39,007 INFO     ___FILE_ONLY___ ═
2024-12-03 10:33:39,008 INFO     ___FILE_ONLY___ ═
2024-12-03 10:33:39,008 INFO     ___FILE_ONLY___ ═
2024-12-03 10:33:39,008 INFO     ___FILE_ONLY___ ═
2024-12-03 10:33:39,008 INFO     ___FILE_ONLY___ ═
2024-12-03 10:33:39,008 INFO     ___FILE_ONLY___ ═
2024-12-03 10:33:39,008 INFO     ___FILE_ONLY___ ═
2024-12-03 10:33:39,008 INFO     ___FILE_ONLY___ ═
2024-12-03 10:33:39,008 INFO     ___FILE_ONLY___ ═
2024-12-03 10:33:39,008 INFO     ___FILE_ONLY___ ═
2024-12-03 10:33:39,008 INFO     ___FILE_ONLY___ ═
2024-12-03 10:33:39,008 INFO     ___FILE_ONLY___ ═
2024-12-03 10:33:39,008 INFO     ___FILE_ONLY___ ═
2024-12-03 10:33:39,008 INFO     ___FILE_ONLY___ ═
2024-12-03 10:33:39,008 INFO     ___FILE_ONLY___ ═
2024-12-03 10:33:39,008 INFO     ___FILE_ONLY___ ═
2024-12-03 10:33:39,008 INFO     ___FILE_ONLY___ ═
2024-12-03 10:33:39,009 INFO     ___FILE_ONLY___ ═
2024-12-03 10:33:39,009 INFO     ___FILE_ONLY___ ═
2024-12-03 10:33:39,009 INFO     ___FILE_ONLY___ ═
2024-12-03 10:33:39,009 INFO     ___FILE_ONLY___ ═
2024-12-03 10:33:39,009 INFO     ___FILE_ONLY___ ╝

2024-12-03 10:33:39,014 INFO     ___FILE_ONLY___ ╔════════════════════════════════════════════════════════════╗

2024-12-03 10:33:39,014 INFO     ___FILE_ONLY___ ╠═ Downloading: kubectl                                     ═╣

2024-12-03 10:33:39,014 INFO     ___FILE_ONLY___ ╚
2024-12-03 10:33:39,021 DEBUG    urllib3.connectionpool Starting new HTTPS connection (1): dl.google.com:443
2024-12-03 10:33:39,559 DEBUG    urllib3.connectionpool https://dl.google.com:443 "GET /dl/cloudsdk/channels/rapid/components/google-cloud-sdk-kubectl-20241004144944.tar.gz HTTP/1.1" 200 36206
2024-12-03 10:33:39,633 INFO     ___FILE_ONLY___ ═══════════════════════════
2024-12-03 10:33:39,633 INFO     ___FILE_ONLY___ ═══════════════════════════
2024-12-03 10:33:39,633 INFO     ___FILE_ONLY___ ══════
2024-12-03 10:33:39,634 INFO     ___FILE_ONLY___ ╝

2024-12-03 10:33:39,648 INFO     ___FILE_ONLY___ ╔════════════════════════════════════════════════════════════╗

2024-12-03 10:33:39,648 INFO     ___FILE_ONLY___ ╠═ Downloading: kubectl (Platform Specific)                 ═╣

2024-12-03 10:33:39,648 INFO     ___FILE_ONLY___ ╚
2024-12-03 10:33:39,653 DEBUG    urllib3.connectionpool Starting new HTTPS connection (1): dl.google.com:443
2024-12-03 10:33:40,188 DEBUG    urllib3.connectionpool https://dl.google.com:443 "GET /dl/cloudsdk/channels/rapid/components/google-cloud-sdk-kubectl-darwin-arm-20241108162203.tar.gz HTTP/1.1" 200 90277960
2024-12-03 10:33:48,271 INFO     ___FILE_ONLY___ ═
2024-12-03 10:33:48,271 INFO     ___FILE_ONLY___ ═
2024-12-03 10:33:48,272 INFO     ___FILE_ONLY___ ═
2024-12-03 10:33:48,273 INFO     ___FILE_ONLY___ ═
2024-12-03 10:33:48,273 INFO     ___FILE_ONLY___ ═
2024-12-03 10:33:48,274 INFO     ___FILE_ONLY___ ═
2024-12-03 10:33:48,275 INFO     ___FILE_ONLY___ ═
2024-12-03 10:33:48,275 INFO     ___FILE_ONLY___ ═
2024-12-03 10:33:48,276 INFO     ___FILE_ONLY___ ═
2024-12-03 10:33:48,276 INFO     ___FILE_ONLY___ ═
2024-12-03 10:33:48,277 INFO     ___FILE_ONLY___ ═
2024-12-03 10:33:48,278 INFO     ___FILE_ONLY___ ═
2024-12-03 10:33:48,278 INFO     ___FILE_ONLY___ ═
2024-12-03 10:33:48,279 INFO     ___FILE_ONLY___ ═
2024-12-03 10:33:48,279 INFO     ___FILE_ONLY___ ═
2024-12-03 10:33:48,280 INFO     ___FILE_ONLY___ ═
2024-12-03 10:33:48,281 INFO     ___FILE_ONLY___ ═
2024-12-03 10:33:48,281 INFO     ___FILE_ONLY___ ═
2024-12-03 10:33:48,282 INFO     ___FILE_ONLY___ ═
2024-12-03 10:33:48,283 INFO     ___FILE_ONLY___ ═
2024-12-03 10:33:48,283 INFO     ___FILE_ONLY___ ═
2024-12-03 10:33:48,284 INFO     ___FILE_ONLY___ ═
2024-12-03 10:33:48,285 INFO     ___FILE_ONLY___ ═
2024-12-03 10:33:48,285 INFO     ___FILE_ONLY___ ═
2024-12-03 10:33:48,286 INFO     ___FILE_ONLY___ ═
2024-12-03 10:33:48,286 INFO     ___FILE_ONLY___ ═
2024-12-03 10:33:48,287 INFO     ___FILE_ONLY___ ═
2024-12-03 10:33:48,288 INFO     ___FILE_ONLY___ ═
2024-12-03 10:33:48,288 INFO     ___FILE_ONLY___ ═
2024-12-03 10:33:48,289 INFO     ___FILE_ONLY___ ═
2024-12-03 10:33:48,289 INFO     ___FILE_ONLY___ ═
2024-12-03 10:33:48,290 INFO     ___FILE_ONLY___ ═
2024-12-03 10:33:48,291 INFO     ___FILE_ONLY___ ═
2024-12-03 10:33:48,291 INFO     ___FILE_ONLY___ ═
2024-12-03 10:33:48,292 INFO     ___FILE_ONLY___ ═
2024-12-03 10:33:48,292 INFO     ___FILE_ONLY___ ═
2024-12-03 10:33:48,293 INFO     ___FILE_ONLY___ ═
2024-12-03 10:33:48,294 INFO     ___FILE_ONLY___ ═
2024-12-03 10:33:48,294 INFO     ___FILE_ONLY___ ═
2024-12-03 10:33:48,295 INFO     ___FILE_ONLY___ ═
2024-12-03 10:33:48,295 INFO     ___FILE_ONLY___ ═
2024-12-03 10:33:48,296 INFO     ___FILE_ONLY___ ═
2024-12-03 10:33:48,297 INFO     ___FILE_ONLY___ ═
2024-12-03 10:33:48,297 INFO     ___FILE_ONLY___ ═
2024-12-03 10:33:48,298 INFO     ___FILE_ONLY___ ═
2024-12-03 10:33:48,299 INFO     ___FILE_ONLY___ ═
2024-12-03 10:33:48,299 INFO     ___FILE_ONLY___ ═
2024-12-03 10:33:48,300 INFO     ___FILE_ONLY___ ═
2024-12-03 10:33:48,300 INFO     ___FILE_ONLY___ ═
2024-12-03 10:33:48,301 INFO     ___FILE_ONLY___ ═
2024-12-03 10:33:48,302 INFO     ___FILE_ONLY___ ═
2024-12-03 10:33:48,302 INFO     ___FILE_ONLY___ ═
2024-12-03 10:33:48,303 INFO     ___FILE_ONLY___ ═
2024-12-03 10:33:48,303 INFO     ___FILE_ONLY___ ═
2024-12-03 10:33:48,304 INFO     ___FILE_ONLY___ ═
2024-12-03 10:33:48,304 INFO     ___FILE_ONLY___ ═
2024-12-03 10:33:48,305 INFO     ___FILE_ONLY___ ═
2024-12-03 10:33:48,306 INFO     ___FILE_ONLY___ ═
2024-12-03 10:33:48,306 INFO     ___FILE_ONLY___ ═
2024-12-03 10:33:48,307 INFO     ___FILE_ONLY___ ═
2024-12-03 10:33:48,307 INFO     ___FILE_ONLY___ ╝

2024-12-03 10:33:48,316 INFO     ___FILE_ONLY___ ╔════════════════════════════════════════════════════════════╗

2024-12-03 10:33:48,316 INFO     ___FILE_ONLY___ ╠═ Installing: Google Cloud CLI Core Libraries (Platform... ═╣

2024-12-03 10:33:48,316 INFO     ___FILE_ONLY___ ╚
2024-12-03 10:33:48,319 INFO     ___FILE_ONLY___ ══════════════════════════════
2024-12-03 10:33:48,319 INFO     ___FILE_ONLY___ ══════════════════════════════
2024-12-03 10:33:48,319 INFO     ___FILE_ONLY___ ╝

2024-12-03 10:33:48,328 INFO     ___FILE_ONLY___ ╔════════════════════════════════════════════════════════════╗

2024-12-03 10:33:48,328 INFO     ___FILE_ONLY___ ╠═ Installing: Minikube                                     ═╣

2024-12-03 10:33:48,328 INFO     ___FILE_ONLY___ ╚
2024-12-03 10:33:48,333 INFO     ___FILE_ONLY___ ════════════════════════════════════════════════════════════
2024-12-03 10:33:48,333 INFO     ___FILE_ONLY___ ╝

2024-12-03 10:33:48,338 INFO     ___FILE_ONLY___ ╔════════════════════════════════════════════════════════════╗

2024-12-03 10:33:48,338 INFO     ___FILE_ONLY___ ╠═ Installing: Minikube (Platform Specific)                 ═╣

2024-12-03 10:33:48,338 INFO     ___FILE_ONLY___ ╚
2024-12-03 10:33:48,674 INFO     ___FILE_ONLY___ ════════════════════════════════════════════════════════════
2024-12-03 10:33:48,675 INFO     ___FILE_ONLY___ ╝

2024-12-03 10:33:48,682 INFO     ___FILE_ONLY___ ╔════════════════════════════════════════════════════════════╗

2024-12-03 10:33:48,683 INFO     ___FILE_ONLY___ ╠═ Installing: Skaffold                                     ═╣

2024-12-03 10:33:48,683 INFO     ___FILE_ONLY___ ╚
2024-12-03 10:33:48,685 INFO     ___FILE_ONLY___ ════════════════════════════════════════════════════════════
2024-12-03 10:33:48,685 INFO     ___FILE_ONLY___ ╝

2024-12-03 10:33:48,689 INFO     ___FILE_ONLY___ ╔════════════════════════════════════════════════════════════╗

2024-12-03 10:33:48,689 INFO     ___FILE_ONLY___ ╠═ Installing: Skaffold (Platform Specific)                 ═╣

2024-12-03 10:33:48,689 INFO     ___FILE_ONLY___ ╚
2024-12-03 10:33:48,972 INFO     ___FILE_ONLY___ ════════════════════════════════════════════════════════════
2024-12-03 10:33:48,972 INFO     ___FILE_ONLY___ ╝

2024-12-03 10:33:48,980 INFO     ___FILE_ONLY___ ╔════════════════════════════════════════════════════════════╗

2024-12-03 10:33:48,980 INFO     ___FILE_ONLY___ ╠═ Installing: gcloud Alpha Commands                        ═╣

2024-12-03 10:33:48,980 INFO     ___FILE_ONLY___ ╚
2024-12-03 10:33:48,984 INFO     ___FILE_ONLY___ ════════════════════════════════════════════════════════════
2024-12-03 10:33:48,985 INFO     ___FILE_ONLY___ ╝

2024-12-03 10:33:48,991 INFO     ___FILE_ONLY___ ╔════════════════════════════════════════════════════════════╗

2024-12-03 10:33:48,991 INFO     ___FILE_ONLY___ ╠═ Installing: gcloud Beta Commands                         ═╣

2024-12-03 10:33:48,991 INFO     ___FILE_ONLY___ ╚
2024-12-03 10:33:48,995 INFO     ___FILE_ONLY___ ════════════════════════════════════════════════════════════
2024-12-03 10:33:48,995 INFO     ___FILE_ONLY___ ╝

2024-12-03 10:33:49,001 INFO     ___FILE_ONLY___ ╔════════════════════════════════════════════════════════════╗

2024-12-03 10:33:49,001 INFO     ___FILE_ONLY___ ╠═ Installing: gcloud cli dependencies (Platform Specific)  ═╣

2024-12-03 10:33:49,001 INFO     ___FILE_ONLY___ ╚
2024-12-03 10:33:49,002 INFO     ___FILE_ONLY___ ════════════════════════════════════════════════════════════
2024-12-03 10:33:49,002 INFO     ___FILE_ONLY___ ╝

2024-12-03 10:33:49,008 INFO     ___FILE_ONLY___ ╔════════════════════════════════════════════════════════════╗

2024-12-03 10:33:49,008 INFO     ___FILE_ONLY___ ╠═ Installing: gke-gcloud-auth-plugin                       ═╣

2024-12-03 10:33:49,009 INFO     ___FILE_ONLY___ ╚
2024-12-03 10:33:49,011 INFO     ___FILE_ONLY___ ════════════════════════════════════════════════════════════
2024-12-03 10:33:49,011 INFO     ___FILE_ONLY___ ╝

2024-12-03 10:33:49,015 INFO     ___FILE_ONLY___ ╔════════════════════════════════════════════════════════════╗

2024-12-03 10:33:49,015 INFO     ___FILE_ONLY___ ╠═ Installing: gke-gcloud-auth-plugin (Platform Specific)   ═╣

2024-12-03 10:33:49,015 INFO     ___FILE_ONLY___ ╚
2024-12-03 10:33:49,065 INFO     ___FILE_ONLY___ ════════════════════════════════════════════════════════════
2024-12-03 10:33:49,065 INFO     ___FILE_ONLY___ ╝

2024-12-03 10:33:49,072 INFO     ___FILE_ONLY___ ╔════════════════════════════════════════════════════════════╗

2024-12-03 10:33:49,073 INFO     ___FILE_ONLY___ ╠═ Installing: kubectl                                      ═╣

2024-12-03 10:33:49,073 INFO     ___FILE_ONLY___ ╚
2024-12-03 10:33:49,077 INFO     ___FILE_ONLY___ ════════════════════════════════════════════════════════════
2024-12-03 10:33:49,077 INFO     ___FILE_ONLY___ ╝

2024-12-03 10:33:49,083 INFO     ___FILE_ONLY___ ╔════════════════════════════════════════════════════════════╗

2024-12-03 10:33:49,083 INFO     ___FILE_ONLY___ ╠═ Installing: kubectl (Platform Specific)                  ═╣

2024-12-03 10:33:49,083 INFO     ___FILE_ONLY___ ╚
2024-12-03 10:33:49,621 INFO     ___FILE_ONLY___ ══════════
2024-12-03 10:33:49,716 INFO     ___FILE_ONLY___ ══════════
2024-12-03 10:33:49,812 INFO     ___FILE_ONLY___ ══════════
2024-12-03 10:33:49,909 INFO     ___FILE_ONLY___ ══════════
2024-12-03 10:33:50,010 INFO     ___FILE_ONLY___ ══════════
2024-12-03 10:33:50,117 INFO     ___FILE_ONLY___ ══════════
2024-12-03 10:33:50,117 INFO     ___FILE_ONLY___ ╝

2024-12-03 10:33:50,145 DEBUG    root            Updating notification cache...
2024-12-03 10:33:50,145 INFO     ___FILE_ONLY___ 

2024-12-03 10:33:50,150 INFO     ___FILE_ONLY___ Performing post processing steps...
2024-12-03 10:33:50,151 DEBUG    root            Executing command: ['/Users/wbrunson/Library/Application Support/cloud-code/installer/google-cloud-sdk/bin/gcloud', 'components', 'post-process', '--no-compile-python']
2024-12-03 10:33:50,644 DEBUG    ___FILE_ONLY___ 
2024-12-03 10:33:50,644 DEBUG    ___FILE_ONLY___ 
2024-12-03 10:33:50,666 INFO     ___FILE_ONLY___ 
Update done!


2024-12-03 10:33:50,668 DEBUG    root            Chosen display Format:none
2024-12-03 10:33:50,668 INFO     root            Display format: "none"
2024-12-03 10:33:50,672 DEBUG    root            Executing command: ['curl', '--silent', '-O', 'https://dl.google.com/dl/cloudsdk/channels/rapid/python-3.11.6-macos11.tar.gz']
2024-12-03 10:33:57,214 DEBUG    root            Executing command: ['tar', '-xf', 'python-3.11.6-macos11.tar.gz']
2024-12-03 10:33:57,319 DEBUG    root            Executing command: ['sudo', 'installer', '-target', '/', '-pkg', './python-3.11.6-macos11.pkg']
