2024-12-03 10:30:38,235 DEBUG    root            Metrics collector initialized...
2024-12-03 10:30:38,238 DEBUG    root            Loaded Command Group: ['gcloud', 'components']
2024-12-03 10:30:38,248 DEBUG    root            Loaded Command Group: ['gcloud', 'components', 'update']
2024-12-03 10:30:38,250 DEBUG    root            Running [gcloud.components.update] with arguments: [--no-compile-python: "False", --quiet: "True", COMPONENT-IDS:6: "['alpha', 'beta', 'gke-gcloud-auth-plugin', 'kubectl', 'skaffold', 'minikube']"]
2024-12-03 10:30:38,250 INFO     ___FILE_ONLY___ Beginning update. This process may take several minutes.

2024-12-03 10:30:38,294 DEBUG    urllib3.connectionpool Starting new HTTPS connection (1): dl.google.com:443
2024-12-03 10:30:38,820 DEBUG    urllib3.connectionpool https://dl.google.com:443 "GET /dl/cloudsdk/channels/rapid/components-2.json HTTP/1.1" 200 227816
2024-12-03 10:30:39,052 INFO     ___FILE_ONLY___ 

2024-12-03 10:30:39,052 INFO     ___FILE_ONLY___ 
Your current Google Cloud CLI version is: 502.0.0

2024-12-03 10:30:39,053 INFO     ___FILE_ONLY___ Installing components from version: 502.0.0

2024-12-03 10:30:39,053 INFO     ___FILE_ONLY___ 

2024-12-03 10:30:39,053 DEBUG    root            Chosen display Format:table[box,title="These components will be removed."](details.display_name:label=Name:align=left,version.version_string:label=Version:align=right,data.size.size(zero="",min=1048576):label=Size:align=right)
2024-12-03 10:30:39,053 DEBUG    root            Chosen display Format:table[box,title="These components will be updated."](details.display_name:label=Name:align=left,version.version_string:label=Version:align=right,data.size.size(zero="",min=1048576):label=Size:align=right)
2024-12-03 10:30:39,053 DEBUG    root            Chosen display Format:table[box,title="These components will be installed."](details.display_name:label=Name:align=left,version.version_string:label=Version:align=right,data.size.size(zero="",min=1048576):label=Size:align=right)
2024-12-03 10:30:39,149 INFO     ___FILE_ONLY___ ┌─────────────────────────────────────────────────────────────────────────────┐
2024-12-03 10:30:39,149 INFO     ___FILE_ONLY___ 

2024-12-03 10:30:39,149 INFO     ___FILE_ONLY___ │                     These components will be installed.                     │
2024-12-03 10:30:39,150 INFO     ___FILE_ONLY___ 

2024-12-03 10:30:39,150 INFO     ___FILE_ONLY___ ├─────────────────────────────────────────────────────┬────────────┬──────────┤
2024-12-03 10:30:39,150 INFO     ___FILE_ONLY___ 

2024-12-03 10:30:39,150 INFO     ___FILE_ONLY___ │                         Name                        │  Version   │   Size   │
2024-12-03 10:30:39,150 INFO     ___FILE_ONLY___ 

2024-12-03 10:30:39,150 INFO     ___FILE_ONLY___ ├─────────────────────────────────────────────────────┼────────────┼──────────┤
2024-12-03 10:30:39,150 INFO     ___FILE_ONLY___ 

2024-12-03 10:30:39,150 INFO     ___FILE_ONLY___ │ 
2024-12-03 10:30:39,150 INFO     ___FILE_ONLY___ Google Cloud CLI Core Libraries (Platform Specific)
2024-12-03 10:30:39,150 INFO     ___FILE_ONLY___  
2024-12-03 10:30:39,150 INFO     ___FILE_ONLY___ │ 
2024-12-03 10:30:39,150 INFO     ___FILE_ONLY___ 2024.08.30
2024-12-03 10:30:39,150 INFO     ___FILE_ONLY___  
2024-12-03 10:30:39,150 INFO     ___FILE_ONLY___ │ 
2024-12-03 10:30:39,150 INFO     ___FILE_ONLY___  < 1 MiB
2024-12-03 10:30:39,150 INFO     ___FILE_ONLY___  
2024-12-03 10:30:39,150 INFO     ___FILE_ONLY___ │
2024-12-03 10:30:39,150 INFO     ___FILE_ONLY___ 

2024-12-03 10:30:39,150 INFO     ___FILE_ONLY___ │ 
2024-12-03 10:30:39,150 INFO     ___FILE_ONLY___ Minikube (Platform Specific)                       
2024-12-03 10:30:39,150 INFO     ___FILE_ONLY___  
2024-12-03 10:30:39,150 INFO     ___FILE_ONLY___ │ 
2024-12-03 10:30:39,150 INFO     ___FILE_ONLY___     1.34.0
2024-12-03 10:30:39,150 INFO     ___FILE_ONLY___  
2024-12-03 10:30:39,150 INFO     ___FILE_ONLY___ │ 
2024-12-03 10:30:39,150 INFO     ___FILE_ONLY___ 37.2 MiB
2024-12-03 10:30:39,150 INFO     ___FILE_ONLY___  
2024-12-03 10:30:39,150 INFO     ___FILE_ONLY___ │
2024-12-03 10:30:39,150 INFO     ___FILE_ONLY___ 

2024-12-03 10:30:39,150 INFO     ___FILE_ONLY___ │ 
2024-12-03 10:30:39,150 INFO     ___FILE_ONLY___ Skaffold (Platform Specific)                       
2024-12-03 10:30:39,150 INFO     ___FILE_ONLY___  
2024-12-03 10:30:39,150 INFO     ___FILE_ONLY___ │ 
2024-12-03 10:30:39,151 INFO     ___FILE_ONLY___     2.13.1
2024-12-03 10:30:39,151 INFO     ___FILE_ONLY___  
2024-12-03 10:30:39,151 INFO     ___FILE_ONLY___ │ 
2024-12-03 10:30:39,151 INFO     ___FILE_ONLY___ 22.9 MiB
2024-12-03 10:30:39,151 INFO     ___FILE_ONLY___  
2024-12-03 10:30:39,151 INFO     ___FILE_ONLY___ │
2024-12-03 10:30:39,151 INFO     ___FILE_ONLY___ 

2024-12-03 10:30:39,151 INFO     ___FILE_ONLY___ │ 
2024-12-03 10:30:39,151 INFO     ___FILE_ONLY___ gcloud Alpha Commands                              
2024-12-03 10:30:39,151 INFO     ___FILE_ONLY___  
2024-12-03 10:30:39,151 INFO     ___FILE_ONLY___ │ 
2024-12-03 10:30:39,151 INFO     ___FILE_ONLY___ 2024.11.15
2024-12-03 10:30:39,151 INFO     ___FILE_ONLY___  
2024-12-03 10:30:39,151 INFO     ___FILE_ONLY___ │ 
2024-12-03 10:30:39,151 INFO     ___FILE_ONLY___  < 1 MiB
2024-12-03 10:30:39,151 INFO     ___FILE_ONLY___  
2024-12-03 10:30:39,151 INFO     ___FILE_ONLY___ │
2024-12-03 10:30:39,151 INFO     ___FILE_ONLY___ 

2024-12-03 10:30:39,151 INFO     ___FILE_ONLY___ │ 
2024-12-03 10:30:39,151 INFO     ___FILE_ONLY___ gcloud Beta Commands                               
2024-12-03 10:30:39,151 INFO     ___FILE_ONLY___  
2024-12-03 10:30:39,151 INFO     ___FILE_ONLY___ │ 
2024-12-03 10:30:39,151 INFO     ___FILE_ONLY___ 2024.11.15
2024-12-03 10:30:39,151 INFO     ___FILE_ONLY___  
2024-12-03 10:30:39,151 INFO     ___FILE_ONLY___ │ 
2024-12-03 10:30:39,151 INFO     ___FILE_ONLY___  < 1 MiB
2024-12-03 10:30:39,151 INFO     ___FILE_ONLY___  
2024-12-03 10:30:39,151 INFO     ___FILE_ONLY___ │
2024-12-03 10:30:39,151 INFO     ___FILE_ONLY___ 

2024-12-03 10:30:39,151 INFO     ___FILE_ONLY___ │ 
2024-12-03 10:30:39,151 INFO     ___FILE_ONLY___ gcloud cli dependencies (Platform Specific)        
2024-12-03 10:30:39,151 INFO     ___FILE_ONLY___  
2024-12-03 10:30:39,151 INFO     ___FILE_ONLY___ │ 
2024-12-03 10:30:39,151 INFO     ___FILE_ONLY___ 2021.04.16
2024-12-03 10:30:39,151 INFO     ___FILE_ONLY___  
2024-12-03 10:30:39,151 INFO     ___FILE_ONLY___ │ 
2024-12-03 10:30:39,151 INFO     ___FILE_ONLY___  < 1 MiB
2024-12-03 10:30:39,151 INFO     ___FILE_ONLY___  
2024-12-03 10:30:39,151 INFO     ___FILE_ONLY___ │
2024-12-03 10:30:39,151 INFO     ___FILE_ONLY___ 

2024-12-03 10:30:39,151 INFO     ___FILE_ONLY___ │ 
2024-12-03 10:30:39,151 INFO     ___FILE_ONLY___ gke-gcloud-auth-plugin (Platform Specific)         
2024-12-03 10:30:39,151 INFO     ___FILE_ONLY___  
2024-12-03 10:30:39,152 INFO     ___FILE_ONLY___ │ 
2024-12-03 10:30:39,152 INFO     ___FILE_ONLY___      0.5.9
2024-12-03 10:30:39,152 INFO     ___FILE_ONLY___  
2024-12-03 10:30:39,152 INFO     ___FILE_ONLY___ │ 
2024-12-03 10:30:39,152 INFO     ___FILE_ONLY___  4.0 MiB
2024-12-03 10:30:39,152 INFO     ___FILE_ONLY___  
2024-12-03 10:30:39,152 INFO     ___FILE_ONLY___ │
2024-12-03 10:30:39,152 INFO     ___FILE_ONLY___ 

2024-12-03 10:30:39,152 INFO     ___FILE_ONLY___ │ 
2024-12-03 10:30:39,152 INFO     ___FILE_ONLY___ kubectl                                            
2024-12-03 10:30:39,152 INFO     ___FILE_ONLY___  
2024-12-03 10:30:39,152 INFO     ___FILE_ONLY___ │ 
2024-12-03 10:30:39,152 INFO     ___FILE_ONLY___     1.30.5
2024-12-03 10:30:39,152 INFO     ___FILE_ONLY___  
2024-12-03 10:30:39,152 INFO     ___FILE_ONLY___ │ 
2024-12-03 10:30:39,152 INFO     ___FILE_ONLY___  < 1 MiB
2024-12-03 10:30:39,152 INFO     ___FILE_ONLY___  
2024-12-03 10:30:39,152 INFO     ___FILE_ONLY___ │
2024-12-03 10:30:39,152 INFO     ___FILE_ONLY___ 

2024-12-03 10:30:39,152 INFO     ___FILE_ONLY___ │ 
2024-12-03 10:30:39,152 INFO     ___FILE_ONLY___ kubectl (Platform Specific)                        
2024-12-03 10:30:39,152 INFO     ___FILE_ONLY___  
2024-12-03 10:30:39,152 INFO     ___FILE_ONLY___ │ 
2024-12-03 10:30:39,152 INFO     ___FILE_ONLY___     1.30.6
2024-12-03 10:30:39,152 INFO     ___FILE_ONLY___  
2024-12-03 10:30:39,152 INFO     ___FILE_ONLY___ │ 
2024-12-03 10:30:39,152 INFO     ___FILE_ONLY___ 86.1 MiB
2024-12-03 10:30:39,152 INFO     ___FILE_ONLY___  
2024-12-03 10:30:39,152 INFO     ___FILE_ONLY___ │
2024-12-03 10:30:39,152 INFO     ___FILE_ONLY___ 

2024-12-03 10:30:39,152 INFO     ___FILE_ONLY___ └─────────────────────────────────────────────────────┴────────────┴──────────┘
2024-12-03 10:30:39,152 INFO     ___FILE_ONLY___ 

2024-12-03 10:30:39,152 INFO     ___FILE_ONLY___ 

2024-12-03 10:30:39,154 DEBUG    urllib3.connectionpool Starting new HTTPS connection (1): dl.google.com:443
2024-12-03 10:30:39,675 DEBUG    urllib3.connectionpool https://dl.google.com:443 "GET /dl/cloudsdk/channels/rapid/RELEASE_NOTES HTTP/1.1" 200 1314602
2024-12-03 10:30:40,273 INFO     ___FILE_ONLY___ For the latest full release notes, please visit:
  https://cloud.google.com/sdk/release_notes


2024-12-03 10:30:40,274 INFO     ___FILE_ONLY___ Performing in place update...


2024-12-03 10:30:40,285 INFO     ___FILE_ONLY___ ╔════════════════════════════════════════════════════════════╗

2024-12-03 10:30:40,285 INFO     ___FILE_ONLY___ ╠═ Downloading: Google Cloud CLI Core Libraries (Platfor... ═╣

2024-12-03 10:30:40,285 INFO     ___FILE_ONLY___ ╚
2024-12-03 10:30:40,288 DEBUG    urllib3.connectionpool Starting new HTTPS connection (1): dl.google.com:443
2024-12-03 10:30:40,813 DEBUG    urllib3.connectionpool https://dl.google.com:443 "GET /dl/cloudsdk/channels/rapid/components/google-cloud-sdk-core-nix-20240830134514.tar.gz HTTP/1.1" 200 2306
2024-12-03 10:30:40,814 INFO     ___FILE_ONLY___ ════════════════════════════════════════════════════════════
2024-12-03 10:30:40,814 INFO     ___FILE_ONLY___ ╝

2024-12-03 10:30:40,819 INFO     ___FILE_ONLY___ ╔════════════════════════════════════════════════════════════╗

2024-12-03 10:30:40,819 INFO     ___FILE_ONLY___ ╠═ Downloading: Minikube                                    ═╣

2024-12-03 10:30:40,819 INFO     ___FILE_ONLY___ ╚
2024-12-03 10:30:40,819 INFO     ___FILE_ONLY___ ════════════════════════════════════════════════════════════
2024-12-03 10:30:40,819 INFO     ___FILE_ONLY___ ╝

2024-12-03 10:30:40,824 INFO     ___FILE_ONLY___ ╔════════════════════════════════════════════════════════════╗

2024-12-03 10:30:40,824 INFO     ___FILE_ONLY___ ╠═ Downloading: Minikube (Platform Specific)                ═╣

2024-12-03 10:30:40,824 INFO     ___FILE_ONLY___ ╚
2024-12-03 10:30:40,828 DEBUG    urllib3.connectionpool Starting new HTTPS connection (1): dl.google.com:443
2024-12-03 10:30:41,353 DEBUG    urllib3.connectionpool https://dl.google.com:443 "GET /dl/cloudsdk/channels/rapid/components/google-cloud-sdk-minikube-darwin-arm-20240927140238.tar.gz HTTP/1.1" 200 38981244
2024-12-03 10:30:46,199 INFO     ___FILE_ONLY___ ═
2024-12-03 10:30:46,199 INFO     ___FILE_ONLY___ ═
2024-12-03 10:30:46,200 INFO     ___FILE_ONLY___ ═
2024-12-03 10:30:46,200 INFO     ___FILE_ONLY___ ═
2024-12-03 10:30:46,200 INFO     ___FILE_ONLY___ ═
2024-12-03 10:30:46,201 INFO     ___FILE_ONLY___ ═
2024-12-03 10:30:46,201 INFO     ___FILE_ONLY___ ═
2024-12-03 10:30:46,201 INFO     ___FILE_ONLY___ ═
2024-12-03 10:30:46,202 INFO     ___FILE_ONLY___ ═
2024-12-03 10:30:46,202 INFO     ___FILE_ONLY___ ═
2024-12-03 10:30:46,202 INFO     ___FILE_ONLY___ ═
2024-12-03 10:30:46,202 INFO     ___FILE_ONLY___ ═
2024-12-03 10:30:46,203 INFO     ___FILE_ONLY___ ═
2024-12-03 10:30:46,203 INFO     ___FILE_ONLY___ ═
2024-12-03 10:30:46,204 INFO     ___FILE_ONLY___ ═
2024-12-03 10:30:46,204 INFO     ___FILE_ONLY___ ═
2024-12-03 10:30:46,204 INFO     ___FILE_ONLY___ ═
2024-12-03 10:30:46,205 INFO     ___FILE_ONLY___ ═
2024-12-03 10:30:46,205 INFO     ___FILE_ONLY___ ═
2024-12-03 10:30:46,205 INFO     ___FILE_ONLY___ ═
2024-12-03 10:30:46,205 INFO     ___FILE_ONLY___ ═
2024-12-03 10:30:46,206 INFO     ___FILE_ONLY___ ═
2024-12-03 10:30:46,206 INFO     ___FILE_ONLY___ ═
2024-12-03 10:30:46,206 INFO     ___FILE_ONLY___ ═
2024-12-03 10:30:46,207 INFO     ___FILE_ONLY___ ═
2024-12-03 10:30:46,208 INFO     ___FILE_ONLY___ ═
2024-12-03 10:30:46,208 INFO     ___FILE_ONLY___ ═
2024-12-03 10:30:46,208 INFO     ___FILE_ONLY___ ═
2024-12-03 10:30:46,209 INFO     ___FILE_ONLY___ ═
2024-12-03 10:30:46,209 INFO     ___FILE_ONLY___ ═
2024-12-03 10:30:46,209 INFO     ___FILE_ONLY___ ═
2024-12-03 10:30:46,209 INFO     ___FILE_ONLY___ ═
2024-12-03 10:30:46,210 INFO     ___FILE_ONLY___ ═
2024-12-03 10:30:46,210 INFO     ___FILE_ONLY___ ═
2024-12-03 10:30:46,210 INFO     ___FILE_ONLY___ ═
2024-12-03 10:30:46,211 INFO     ___FILE_ONLY___ ═
2024-12-03 10:30:46,211 INFO     ___FILE_ONLY___ ═
2024-12-03 10:30:46,211 INFO     ___FILE_ONLY___ ═
2024-12-03 10:30:46,212 INFO     ___FILE_ONLY___ ═
2024-12-03 10:30:46,212 INFO     ___FILE_ONLY___ ═
2024-12-03 10:30:46,212 INFO     ___FILE_ONLY___ ═
2024-12-03 10:30:46,213 INFO     ___FILE_ONLY___ ═
2024-12-03 10:30:46,213 INFO     ___FILE_ONLY___ ═
2024-12-03 10:30:46,213 INFO     ___FILE_ONLY___ ═
2024-12-03 10:30:46,214 INFO     ___FILE_ONLY___ ═
2024-12-03 10:30:46,214 INFO     ___FILE_ONLY___ ═
2024-12-03 10:30:46,214 INFO     ___FILE_ONLY___ ═
2024-12-03 10:30:46,214 INFO     ___FILE_ONLY___ ═
2024-12-03 10:30:46,215 INFO     ___FILE_ONLY___ ═
2024-12-03 10:30:46,215 INFO     ___FILE_ONLY___ ═
2024-12-03 10:30:46,215 INFO     ___FILE_ONLY___ ═
2024-12-03 10:30:46,216 INFO     ___FILE_ONLY___ ═
2024-12-03 10:30:46,216 INFO     ___FILE_ONLY___ ═
2024-12-03 10:30:46,217 INFO     ___FILE_ONLY___ ═
2024-12-03 10:30:46,217 INFO     ___FILE_ONLY___ ═
2024-12-03 10:30:46,217 INFO     ___FILE_ONLY___ ═
2024-12-03 10:30:46,218 INFO     ___FILE_ONLY___ ═
2024-12-03 10:30:46,218 INFO     ___FILE_ONLY___ ═
2024-12-03 10:30:46,219 INFO     ___FILE_ONLY___ ═
2024-12-03 10:30:46,219 INFO     ___FILE_ONLY___ ═
2024-12-03 10:30:46,219 INFO     ___FILE_ONLY___ ╝

2024-12-03 10:30:46,226 INFO     ___FILE_ONLY___ ╔════════════════════════════════════════════════════════════╗

2024-12-03 10:30:46,226 INFO     ___FILE_ONLY___ ╠═ Downloading: Skaffold                                    ═╣

2024-12-03 10:30:46,226 INFO     ___FILE_ONLY___ ╚
2024-12-03 10:30:46,226 INFO     ___FILE_ONLY___ ════════════════════════════════════════════════════════════
2024-12-03 10:30:46,226 INFO     ___FILE_ONLY___ ╝

2024-12-03 10:30:46,231 INFO     ___FILE_ONLY___ ╔════════════════════════════════════════════════════════════╗

2024-12-03 10:30:46,231 INFO     ___FILE_ONLY___ ╠═ Downloading: Skaffold (Platform Specific)                ═╣

2024-12-03 10:30:46,231 INFO     ___FILE_ONLY___ ╚
2024-12-03 10:30:46,234 DEBUG    urllib3.connectionpool Starting new HTTPS connection (1): dl.google.com:443
2024-12-03 10:30:46,759 DEBUG    urllib3.connectionpool https://dl.google.com:443 "GET /dl/cloudsdk/channels/rapid/components/google-cloud-sdk-skaffold-darwin-arm-20240806142304.tar.gz HTTP/1.1" 200 24031362
2024-12-03 10:30:50,412 INFO     ___FILE_ONLY___ ═
2024-12-03 10:30:50,414 INFO     ___FILE_ONLY___ ═
2024-12-03 10:30:50,415 INFO     ___FILE_ONLY___ ═
2024-12-03 10:30:50,416 INFO     ___FILE_ONLY___ ═
2024-12-03 10:30:50,416 INFO     ___FILE_ONLY___ ═
2024-12-03 10:30:50,420 INFO     ___FILE_ONLY___ ═
2024-12-03 10:30:50,420 INFO     ___FILE_ONLY___ ═
2024-12-03 10:30:50,420 INFO     ___FILE_ONLY___ ═
2024-12-03 10:30:50,421 INFO     ___FILE_ONLY___ ═
2024-12-03 10:30:50,421 INFO     ___FILE_ONLY___ ═
2024-12-03 10:30:50,421 INFO     ___FILE_ONLY___ ═
2024-12-03 10:30:50,422 INFO     ___FILE_ONLY___ ═
2024-12-03 10:30:50,423 INFO     ___FILE_ONLY___ ═
2024-12-03 10:30:50,425 INFO     ___FILE_ONLY___ ═
2024-12-03 10:30:50,426 INFO     ___FILE_ONLY___ ═
2024-12-03 10:30:50,438 INFO     ___FILE_ONLY___ ═
2024-12-03 10:30:50,438 INFO     ___FILE_ONLY___ ═
2024-12-03 10:30:50,439 INFO     ___FILE_ONLY___ ═
2024-12-03 10:30:50,439 INFO     ___FILE_ONLY___ ═
2024-12-03 10:30:50,440 INFO     ___FILE_ONLY___ ═
2024-12-03 10:30:50,441 INFO     ___FILE_ONLY___ ═
2024-12-03 10:30:50,442 INFO     ___FILE_ONLY___ ═
2024-12-03 10:30:50,442 INFO     ___FILE_ONLY___ ═
2024-12-03 10:30:50,443 INFO     ___FILE_ONLY___ ═
2024-12-03 10:30:50,443 INFO     ___FILE_ONLY___ ═
2024-12-03 10:30:50,444 INFO     ___FILE_ONLY___ ═
2024-12-03 10:30:50,444 INFO     ___FILE_ONLY___ ═
2024-12-03 10:30:50,449 INFO     ___FILE_ONLY___ ═
2024-12-03 10:30:50,449 INFO     ___FILE_ONLY___ ═
2024-12-03 10:30:50,450 INFO     ___FILE_ONLY___ ═
2024-12-03 10:30:50,450 INFO     ___FILE_ONLY___ ═
2024-12-03 10:30:50,451 INFO     ___FILE_ONLY___ ═
2024-12-03 10:30:50,451 INFO     ___FILE_ONLY___ ═
2024-12-03 10:30:50,451 INFO     ___FILE_ONLY___ ═
2024-12-03 10:30:50,451 INFO     ___FILE_ONLY___ ═
2024-12-03 10:30:50,452 INFO     ___FILE_ONLY___ ═
2024-12-03 10:30:50,452 INFO     ___FILE_ONLY___ ═
2024-12-03 10:30:50,452 INFO     ___FILE_ONLY___ ═
2024-12-03 10:30:50,452 INFO     ___FILE_ONLY___ ═
2024-12-03 10:30:50,454 INFO     ___FILE_ONLY___ ═
2024-12-03 10:30:50,454 INFO     ___FILE_ONLY___ ═
2024-12-03 10:30:50,458 INFO     ___FILE_ONLY___ ═
2024-12-03 10:30:50,459 INFO     ___FILE_ONLY___ ═
2024-12-03 10:30:50,460 INFO     ___FILE_ONLY___ ═
2024-12-03 10:30:50,462 INFO     ___FILE_ONLY___ ═
2024-12-03 10:30:50,462 INFO     ___FILE_ONLY___ ═
2024-12-03 10:30:50,462 INFO     ___FILE_ONLY___ ═
2024-12-03 10:30:50,462 INFO     ___FILE_ONLY___ ═
2024-12-03 10:30:50,463 INFO     ___FILE_ONLY___ ═
2024-12-03 10:30:50,463 INFO     ___FILE_ONLY___ ═
2024-12-03 10:30:50,463 INFO     ___FILE_ONLY___ ═
2024-12-03 10:30:50,463 INFO     ___FILE_ONLY___ ═
2024-12-03 10:30:50,465 INFO     ___FILE_ONLY___ ═
2024-12-03 10:30:50,474 INFO     ___FILE_ONLY___ ═
2024-12-03 10:30:50,474 INFO     ___FILE_ONLY___ ═
2024-12-03 10:30:50,474 INFO     ___FILE_ONLY___ ═
2024-12-03 10:30:50,474 INFO     ___FILE_ONLY___ ═
2024-12-03 10:30:50,475 INFO     ___FILE_ONLY___ ═
2024-12-03 10:30:50,475 INFO     ___FILE_ONLY___ ═
2024-12-03 10:30:50,475 INFO     ___FILE_ONLY___ ═
2024-12-03 10:30:50,475 INFO     ___FILE_ONLY___ ╝

2024-12-03 10:30:50,536 INFO     ___FILE_ONLY___ ╔════════════════════════════════════════════════════════════╗

2024-12-03 10:30:50,537 INFO     ___FILE_ONLY___ ╠═ Downloading: gcloud Alpha Commands                       ═╣

2024-12-03 10:30:50,538 INFO     ___FILE_ONLY___ ╚
2024-12-03 10:30:50,544 DEBUG    urllib3.connectionpool Starting new HTTPS connection (1): dl.google.com:443
2024-12-03 10:30:51,083 DEBUG    urllib3.connectionpool https://dl.google.com:443 "GET /dl/cloudsdk/channels/rapid/components/google-cloud-sdk-alpha-20241115154308.tar.gz HTTP/1.1" 200 800
2024-12-03 10:30:51,084 INFO     ___FILE_ONLY___ ════════════════════════════════════════════════════════════
2024-12-03 10:30:51,084 INFO     ___FILE_ONLY___ ╝

2024-12-03 10:30:51,090 INFO     ___FILE_ONLY___ ╔════════════════════════════════════════════════════════════╗

2024-12-03 10:30:51,090 INFO     ___FILE_ONLY___ ╠═ Downloading: gcloud Beta Commands                        ═╣

2024-12-03 10:30:51,090 INFO     ___FILE_ONLY___ ╚
2024-12-03 10:30:51,093 DEBUG    urllib3.connectionpool Starting new HTTPS connection (1): dl.google.com:443
2024-12-03 10:30:51,721 DEBUG    urllib3.connectionpool https://dl.google.com:443 "GET /dl/cloudsdk/channels/rapid/components/google-cloud-sdk-beta-20241115154308.tar.gz HTTP/1.1" 200 797
2024-12-03 10:30:51,766 INFO     ___FILE_ONLY___ ════════════════════════════════════════════════════════════
2024-12-03 10:30:51,766 INFO     ___FILE_ONLY___ ╝

2024-12-03 10:30:51,923 INFO     ___FILE_ONLY___ ╔════════════════════════════════════════════════════════════╗

2024-12-03 10:30:51,923 INFO     ___FILE_ONLY___ ╠═ Downloading: gcloud cli dependencies (Platform Specific) ═╣

2024-12-03 10:30:51,923 INFO     ___FILE_ONLY___ ╚
2024-12-03 10:30:51,928 DEBUG    urllib3.connectionpool Starting new HTTPS connection (1): dl.google.com:443
2024-12-03 10:30:52,448 DEBUG    urllib3.connectionpool https://dl.google.com:443 "GET /dl/cloudsdk/channels/rapid/components/google-cloud-sdk-gcloud-deps-darwin-x86_64-20210416153011.tar.gz HTTP/1.1" 200 105
2024-12-03 10:30:52,449 INFO     ___FILE_ONLY___ ════════════════════════════════════════════════════════════
2024-12-03 10:30:52,449 INFO     ___FILE_ONLY___ ╝

2024-12-03 10:30:52,454 INFO     ___FILE_ONLY___ ╔════════════════════════════════════════════════════════════╗

2024-12-03 10:30:52,455 INFO     ___FILE_ONLY___ ╠═ Downloading: gke-gcloud-auth-plugin                      ═╣

2024-12-03 10:30:52,455 INFO     ___FILE_ONLY___ ╚
2024-12-03 10:30:52,455 INFO     ___FILE_ONLY___ ════════════════════════════════════════════════════════════
2024-12-03 10:30:52,455 INFO     ___FILE_ONLY___ ╝

2024-12-03 10:30:52,459 INFO     ___FILE_ONLY___ ╔════════════════════════════════════════════════════════════╗

2024-12-03 10:30:52,460 INFO     ___FILE_ONLY___ ╠═ Downloading: gke-gcloud-auth-plugin (Platform Specific)  ═╣

2024-12-03 10:30:52,460 INFO     ___FILE_ONLY___ ╚
2024-12-03 10:30:52,462 DEBUG    urllib3.connectionpool Starting new HTTPS connection (1): dl.google.com:443
2024-12-03 10:30:52,993 DEBUG    urllib3.connectionpool https://dl.google.com:443 "GET /dl/cloudsdk/channels/rapid/components/google-cloud-sdk-gke-gcloud-auth-plugin-darwin-arm-20240628141907.tar.gz HTTP/1.1" 200 4148014
2024-12-03 10:30:54,022 INFO     ___FILE_ONLY___ ═
2024-12-03 10:30:54,022 INFO     ___FILE_ONLY___ ═
2024-12-03 10:30:54,023 INFO     ___FILE_ONLY___ ═
2024-12-03 10:30:54,023 INFO     ___FILE_ONLY___ ═
2024-12-03 10:30:54,023 INFO     ___FILE_ONLY___ ═
2024-12-03 10:30:54,023 INFO     ___FILE_ONLY___ ═
2024-12-03 10:30:54,024 INFO     ___FILE_ONLY___ ═
2024-12-03 10:30:54,024 INFO     ___FILE_ONLY___ ═
2024-12-03 10:30:54,024 INFO     ___FILE_ONLY___ ═
2024-12-03 10:30:54,024 INFO     ___FILE_ONLY___ ═
2024-12-03 10:30:54,024 INFO     ___FILE_ONLY___ ═
2024-12-03 10:30:54,025 INFO     ___FILE_ONLY___ ═
2024-12-03 10:30:54,025 INFO     ___FILE_ONLY___ ═
2024-12-03 10:30:54,025 INFO     ___FILE_ONLY___ ═
2024-12-03 10:30:54,025 INFO     ___FILE_ONLY___ ═
2024-12-03 10:30:54,026 INFO     ___FILE_ONLY___ ═
2024-12-03 10:30:54,026 INFO     ___FILE_ONLY___ ═
2024-12-03 10:30:54,026 INFO     ___FILE_ONLY___ ═
2024-12-03 10:30:54,026 INFO     ___FILE_ONLY___ ═
2024-12-03 10:30:54,026 INFO     ___FILE_ONLY___ ═
2024-12-03 10:30:54,026 INFO     ___FILE_ONLY___ ═
2024-12-03 10:30:54,027 INFO     ___FILE_ONLY___ ═
2024-12-03 10:30:54,027 INFO     ___FILE_ONLY___ ═
2024-12-03 10:30:54,027 INFO     ___FILE_ONLY___ ═
2024-12-03 10:30:54,027 INFO     ___FILE_ONLY___ ═
2024-12-03 10:30:54,027 INFO     ___FILE_ONLY___ ═
2024-12-03 10:30:54,027 INFO     ___FILE_ONLY___ ═
2024-12-03 10:30:54,027 INFO     ___FILE_ONLY___ ═
2024-12-03 10:30:54,027 INFO     ___FILE_ONLY___ ═
2024-12-03 10:30:54,028 INFO     ___FILE_ONLY___ ═
2024-12-03 10:30:54,028 INFO     ___FILE_ONLY___ ═
2024-12-03 10:30:54,028 INFO     ___FILE_ONLY___ ═
2024-12-03 10:30:54,029 INFO     ___FILE_ONLY___ ═
2024-12-03 10:30:54,029 INFO     ___FILE_ONLY___ ═
2024-12-03 10:30:54,029 INFO     ___FILE_ONLY___ ═
2024-12-03 10:30:54,029 INFO     ___FILE_ONLY___ ═
2024-12-03 10:30:54,029 INFO     ___FILE_ONLY___ ═
2024-12-03 10:30:54,030 INFO     ___FILE_ONLY___ ═
2024-12-03 10:30:54,030 INFO     ___FILE_ONLY___ ═
2024-12-03 10:30:54,030 INFO     ___FILE_ONLY___ ═
2024-12-03 10:30:54,030 INFO     ___FILE_ONLY___ ═
2024-12-03 10:30:54,031 INFO     ___FILE_ONLY___ ═
2024-12-03 10:30:54,031 INFO     ___FILE_ONLY___ ═
2024-12-03 10:30:54,031 INFO     ___FILE_ONLY___ ═
2024-12-03 10:30:54,031 INFO     ___FILE_ONLY___ ═
2024-12-03 10:30:54,032 INFO     ___FILE_ONLY___ ═
2024-12-03 10:30:54,032 INFO     ___FILE_ONLY___ ═
2024-12-03 10:30:54,032 INFO     ___FILE_ONLY___ ═
2024-12-03 10:30:54,032 INFO     ___FILE_ONLY___ ═
2024-12-03 10:30:54,032 INFO     ___FILE_ONLY___ ═
2024-12-03 10:30:54,033 INFO     ___FILE_ONLY___ ═
2024-12-03 10:30:54,033 INFO     ___FILE_ONLY___ ═
2024-12-03 10:30:54,033 INFO     ___FILE_ONLY___ ═
2024-12-03 10:30:54,033 INFO     ___FILE_ONLY___ ═
2024-12-03 10:30:54,033 INFO     ___FILE_ONLY___ ═
2024-12-03 10:30:54,034 INFO     ___FILE_ONLY___ ═
2024-12-03 10:30:54,034 INFO     ___FILE_ONLY___ ═
2024-12-03 10:30:54,034 INFO     ___FILE_ONLY___ ═
2024-12-03 10:30:54,034 INFO     ___FILE_ONLY___ ═
2024-12-03 10:30:54,034 INFO     ___FILE_ONLY___ ═
2024-12-03 10:30:54,034 INFO     ___FILE_ONLY___ ╝

2024-12-03 10:30:54,040 INFO     ___FILE_ONLY___ ╔════════════════════════════════════════════════════════════╗

2024-12-03 10:30:54,040 INFO     ___FILE_ONLY___ ╠═ Downloading: kubectl                                     ═╣

2024-12-03 10:30:54,040 INFO     ___FILE_ONLY___ ╚
2024-12-03 10:30:54,046 DEBUG    urllib3.connectionpool Starting new HTTPS connection (1): dl.google.com:443
2024-12-03 10:30:54,571 DEBUG    urllib3.connectionpool https://dl.google.com:443 "GET /dl/cloudsdk/channels/rapid/components/google-cloud-sdk-kubectl-20241004144944.tar.gz HTTP/1.1" 200 36206
2024-12-03 10:30:54,645 INFO     ___FILE_ONLY___ ═══════════════════════════
2024-12-03 10:30:54,646 INFO     ___FILE_ONLY___ ═══════════════════════════
2024-12-03 10:30:54,646 INFO     ___FILE_ONLY___ ══════
2024-12-03 10:30:54,646 INFO     ___FILE_ONLY___ ╝

2024-12-03 10:30:54,659 INFO     ___FILE_ONLY___ ╔════════════════════════════════════════════════════════════╗

2024-12-03 10:30:54,660 INFO     ___FILE_ONLY___ ╠═ Downloading: kubectl (Platform Specific)                 ═╣

2024-12-03 10:30:54,660 INFO     ___FILE_ONLY___ ╚
2024-12-03 10:30:54,664 DEBUG    urllib3.connectionpool Starting new HTTPS connection (1): dl.google.com:443
2024-12-03 10:30:55,200 DEBUG    urllib3.connectionpool https://dl.google.com:443 "GET /dl/cloudsdk/channels/rapid/components/google-cloud-sdk-kubectl-darwin-arm-20241108162203.tar.gz HTTP/1.1" 200 90277960
2024-12-03 10:31:03,662 INFO     ___FILE_ONLY___ ═
2024-12-03 10:31:03,663 INFO     ___FILE_ONLY___ ═
2024-12-03 10:31:03,664 INFO     ___FILE_ONLY___ ═
2024-12-03 10:31:03,664 INFO     ___FILE_ONLY___ ═
2024-12-03 10:31:03,665 INFO     ___FILE_ONLY___ ═
2024-12-03 10:31:03,667 INFO     ___FILE_ONLY___ ═
2024-12-03 10:31:03,667 INFO     ___FILE_ONLY___ ═
2024-12-03 10:31:03,668 INFO     ___FILE_ONLY___ ═
2024-12-03 10:31:03,669 INFO     ___FILE_ONLY___ ═
2024-12-03 10:31:03,669 INFO     ___FILE_ONLY___ ═
2024-12-03 10:31:03,670 INFO     ___FILE_ONLY___ ═
2024-12-03 10:31:03,671 INFO     ___FILE_ONLY___ ═
2024-12-03 10:31:03,671 INFO     ___FILE_ONLY___ ═
2024-12-03 10:31:03,672 INFO     ___FILE_ONLY___ ═
2024-12-03 10:31:03,672 INFO     ___FILE_ONLY___ ═
2024-12-03 10:31:03,673 INFO     ___FILE_ONLY___ ═
2024-12-03 10:31:03,674 INFO     ___FILE_ONLY___ ═
2024-12-03 10:31:03,675 INFO     ___FILE_ONLY___ ═
2024-12-03 10:31:03,675 INFO     ___FILE_ONLY___ ═
2024-12-03 10:31:03,676 INFO     ___FILE_ONLY___ ═
2024-12-03 10:31:03,677 INFO     ___FILE_ONLY___ ═
2024-12-03 10:31:03,677 INFO     ___FILE_ONLY___ ═
2024-12-03 10:31:03,678 INFO     ___FILE_ONLY___ ═
2024-12-03 10:31:03,678 INFO     ___FILE_ONLY___ ═
2024-12-03 10:31:03,679 INFO     ___FILE_ONLY___ ═
2024-12-03 10:31:03,680 INFO     ___FILE_ONLY___ ═
2024-12-03 10:31:03,680 INFO     ___FILE_ONLY___ ═
2024-12-03 10:31:03,681 INFO     ___FILE_ONLY___ ═
2024-12-03 10:31:03,682 INFO     ___FILE_ONLY___ ═
2024-12-03 10:31:03,682 INFO     ___FILE_ONLY___ ═
2024-12-03 10:31:03,683 INFO     ___FILE_ONLY___ ═
2024-12-03 10:31:03,683 INFO     ___FILE_ONLY___ ═
2024-12-03 10:31:03,684 INFO     ___FILE_ONLY___ ═
2024-12-03 10:31:03,684 INFO     ___FILE_ONLY___ ═
2024-12-03 10:31:03,685 INFO     ___FILE_ONLY___ ═
2024-12-03 10:31:03,686 INFO     ___FILE_ONLY___ ═
2024-12-03 10:31:03,686 INFO     ___FILE_ONLY___ ═
2024-12-03 10:31:03,687 INFO     ___FILE_ONLY___ ═
2024-12-03 10:31:03,687 INFO     ___FILE_ONLY___ ═
2024-12-03 10:31:03,688 INFO     ___FILE_ONLY___ ═
2024-12-03 10:31:03,689 INFO     ___FILE_ONLY___ ═
2024-12-03 10:31:03,689 INFO     ___FILE_ONLY___ ═
2024-12-03 10:31:03,690 INFO     ___FILE_ONLY___ ═
2024-12-03 10:31:03,690 INFO     ___FILE_ONLY___ ═
2024-12-03 10:31:03,691 INFO     ___FILE_ONLY___ ═
2024-12-03 10:31:03,692 INFO     ___FILE_ONLY___ ═
2024-12-03 10:31:03,692 INFO     ___FILE_ONLY___ ═
2024-12-03 10:31:03,693 INFO     ___FILE_ONLY___ ═
2024-12-03 10:31:03,694 INFO     ___FILE_ONLY___ ═
2024-12-03 10:31:03,694 INFO     ___FILE_ONLY___ ═
2024-12-03 10:31:03,695 INFO     ___FILE_ONLY___ ═
2024-12-03 10:31:03,695 INFO     ___FILE_ONLY___ ═
2024-12-03 10:31:03,696 INFO     ___FILE_ONLY___ ═
2024-12-03 10:31:03,697 INFO     ___FILE_ONLY___ ═
2024-12-03 10:31:03,697 INFO     ___FILE_ONLY___ ═
2024-12-03 10:31:03,698 INFO     ___FILE_ONLY___ ═
2024-12-03 10:31:03,699 INFO     ___FILE_ONLY___ ═
2024-12-03 10:31:03,699 INFO     ___FILE_ONLY___ ═
2024-12-03 10:31:03,700 INFO     ___FILE_ONLY___ ═
2024-12-03 10:31:03,700 INFO     ___FILE_ONLY___ ═
2024-12-03 10:31:03,700 INFO     ___FILE_ONLY___ ╝

2024-12-03 10:31:03,709 INFO     ___FILE_ONLY___ ╔════════════════════════════════════════════════════════════╗

2024-12-03 10:31:03,710 INFO     ___FILE_ONLY___ ╠═ Installing: Google Cloud CLI Core Libraries (Platform... ═╣

2024-12-03 10:31:03,710 INFO     ___FILE_ONLY___ ╚
2024-12-03 10:31:03,712 INFO     ___FILE_ONLY___ ══════════════════════════════
2024-12-03 10:31:03,713 INFO     ___FILE_ONLY___ ══════════════════════════════
2024-12-03 10:31:03,713 INFO     ___FILE_ONLY___ ╝

2024-12-03 10:31:03,724 INFO     ___FILE_ONLY___ ╔════════════════════════════════════════════════════════════╗

2024-12-03 10:31:03,725 INFO     ___FILE_ONLY___ ╠═ Installing: Minikube                                     ═╣

2024-12-03 10:31:03,725 INFO     ___FILE_ONLY___ ╚
2024-12-03 10:31:03,727 INFO     ___FILE_ONLY___ ════════════════════════════════════════════════════════════
2024-12-03 10:31:03,727 INFO     ___FILE_ONLY___ ╝

2024-12-03 10:31:03,732 INFO     ___FILE_ONLY___ ╔════════════════════════════════════════════════════════════╗

2024-12-03 10:31:03,732 INFO     ___FILE_ONLY___ ╠═ Installing: Minikube (Platform Specific)                 ═╣

2024-12-03 10:31:03,732 INFO     ___FILE_ONLY___ ╚
2024-12-03 10:31:04,073 INFO     ___FILE_ONLY___ ════════════════════════════════════════════════════════════
2024-12-03 10:31:04,073 INFO     ___FILE_ONLY___ ╝

2024-12-03 10:31:04,082 INFO     ___FILE_ONLY___ ╔════════════════════════════════════════════════════════════╗

2024-12-03 10:31:04,083 INFO     ___FILE_ONLY___ ╠═ Installing: Skaffold                                     ═╣

2024-12-03 10:31:04,083 INFO     ___FILE_ONLY___ ╚
2024-12-03 10:31:04,085 INFO     ___FILE_ONLY___ ════════════════════════════════════════════════════════════
2024-12-03 10:31:04,085 INFO     ___FILE_ONLY___ ╝

2024-12-03 10:31:04,090 INFO     ___FILE_ONLY___ ╔════════════════════════════════════════════════════════════╗

2024-12-03 10:31:04,090 INFO     ___FILE_ONLY___ ╠═ Installing: Skaffold (Platform Specific)                 ═╣

2024-12-03 10:31:04,090 INFO     ___FILE_ONLY___ ╚
2024-12-03 10:31:04,375 INFO     ___FILE_ONLY___ ════════════════════════════════════════════════════════════
2024-12-03 10:31:04,375 INFO     ___FILE_ONLY___ ╝

2024-12-03 10:31:04,384 INFO     ___FILE_ONLY___ ╔════════════════════════════════════════════════════════════╗

2024-12-03 10:31:04,384 INFO     ___FILE_ONLY___ ╠═ Installing: gcloud Alpha Commands                        ═╣

2024-12-03 10:31:04,384 INFO     ___FILE_ONLY___ ╚
2024-12-03 10:31:04,386 INFO     ___FILE_ONLY___ ════════════════════════════════════════════════════════════
2024-12-03 10:31:04,386 INFO     ___FILE_ONLY___ ╝

2024-12-03 10:31:04,394 INFO     ___FILE_ONLY___ ╔════════════════════════════════════════════════════════════╗

2024-12-03 10:31:04,394 INFO     ___FILE_ONLY___ ╠═ Installing: gcloud Beta Commands                         ═╣

2024-12-03 10:31:04,394 INFO     ___FILE_ONLY___ ╚
2024-12-03 10:31:04,397 INFO     ___FILE_ONLY___ ════════════════════════════════════════════════════════════
2024-12-03 10:31:04,398 INFO     ___FILE_ONLY___ ╝

2024-12-03 10:31:04,405 INFO     ___FILE_ONLY___ ╔════════════════════════════════════════════════════════════╗

2024-12-03 10:31:04,405 INFO     ___FILE_ONLY___ ╠═ Installing: gcloud cli dependencies (Platform Specific)  ═╣

2024-12-03 10:31:04,405 INFO     ___FILE_ONLY___ ╚
2024-12-03 10:31:04,407 INFO     ___FILE_ONLY___ ════════════════════════════════════════════════════════════
2024-12-03 10:31:04,407 INFO     ___FILE_ONLY___ ╝

2024-12-03 10:31:04,414 INFO     ___FILE_ONLY___ ╔════════════════════════════════════════════════════════════╗

2024-12-03 10:31:04,414 INFO     ___FILE_ONLY___ ╠═ Installing: gke-gcloud-auth-plugin                       ═╣

2024-12-03 10:31:04,414 INFO     ___FILE_ONLY___ ╚
2024-12-03 10:31:04,416 INFO     ___FILE_ONLY___ ════════════════════════════════════════════════════════════
2024-12-03 10:31:04,416 INFO     ___FILE_ONLY___ ╝

2024-12-03 10:31:04,420 INFO     ___FILE_ONLY___ ╔════════════════════════════════════════════════════════════╗

2024-12-03 10:31:04,421 INFO     ___FILE_ONLY___ ╠═ Installing: gke-gcloud-auth-plugin (Platform Specific)   ═╣

2024-12-03 10:31:04,421 INFO     ___FILE_ONLY___ ╚
2024-12-03 10:31:04,470 INFO     ___FILE_ONLY___ ════════════════════════════════════════════════════════════
2024-12-03 10:31:04,470 INFO     ___FILE_ONLY___ ╝

2024-12-03 10:31:04,479 INFO     ___FILE_ONLY___ ╔════════════════════════════════════════════════════════════╗

2024-12-03 10:31:04,479 INFO     ___FILE_ONLY___ ╠═ Installing: kubectl                                      ═╣

2024-12-03 10:31:04,479 INFO     ___FILE_ONLY___ ╚
2024-12-03 10:31:04,483 INFO     ___FILE_ONLY___ ════════════════════════════════════════════════════════════
2024-12-03 10:31:04,483 INFO     ___FILE_ONLY___ ╝

2024-12-03 10:31:04,490 INFO     ___FILE_ONLY___ ╔════════════════════════════════════════════════════════════╗

2024-12-03 10:31:04,490 INFO     ___FILE_ONLY___ ╠═ Installing: kubectl (Platform Specific)                  ═╣

2024-12-03 10:31:04,490 INFO     ___FILE_ONLY___ ╚
2024-12-03 10:31:05,028 INFO     ___FILE_ONLY___ ══════════
2024-12-03 10:31:05,125 INFO     ___FILE_ONLY___ ══════════
2024-12-03 10:31:05,222 INFO     ___FILE_ONLY___ ══════════
2024-12-03 10:31:05,321 INFO     ___FILE_ONLY___ ══════════
2024-12-03 10:31:05,421 INFO     ___FILE_ONLY___ ══════════
2024-12-03 10:31:05,529 INFO     ___FILE_ONLY___ ══════════
2024-12-03 10:31:05,529 INFO     ___FILE_ONLY___ ╝

2024-12-03 10:31:05,559 DEBUG    root            Updating notification cache...
2024-12-03 10:31:05,560 INFO     ___FILE_ONLY___ 

2024-12-03 10:31:05,566 INFO     ___FILE_ONLY___ Performing post processing steps...
2024-12-03 10:31:05,566 DEBUG    root            Executing command: ['/Users/wbrunson/Library/Application Support/cloud-code/installer/google-cloud-sdk/bin/gcloud', 'components', 'post-process', '--no-compile-python']
2024-12-03 10:31:07,393 DEBUG    ___FILE_ONLY___ 
2024-12-03 10:31:07,394 DEBUG    ___FILE_ONLY___ 
2024-12-03 10:31:07,598 INFO     ___FILE_ONLY___ 
Update done!


2024-12-03 10:31:07,601 DEBUG    root            Chosen display Format:none
2024-12-03 10:31:07,601 INFO     root            Display format: "none"
2024-12-03 10:31:07,605 DEBUG    root            Executing command: ['curl', '--silent', '-O', 'https://dl.google.com/dl/cloudsdk/channels/rapid/python-3.11.6-macos11.tar.gz']
2024-12-03 10:31:12,971 DEBUG    root            Executing command: ['tar', '-xf', 'python-3.11.6-macos11.tar.gz']
2024-12-03 10:31:13,033 DEBUG    root            Executing command: ['sudo', 'installer', '-target', '/', '-pkg', './python-3.11.6-macos11.pkg']
