2024-11-14 18:45:16,943 DEBUG    root            Metrics collector initialized...
2024-11-14 18:45:16,944 DEBUG    root            Loaded Command Group: ['gcloud', 'components']
2024-11-14 18:45:16,945 DEBUG    root            Loaded Command Group: ['gcloud', 'components', 'update']
2024-11-14 18:45:16,946 DEBUG    root            Running [gcloud.components.update] with arguments: [--no-compile-python: "False", --quiet: "True", COMPONENT-IDS:6: "['alpha', 'beta', 'gke-gcloud-auth-plugin', 'kubectl', 'skaffold', 'minikube']"]
2024-11-14 18:45:16,946 INFO     ___FILE_ONLY___ Beginning update. This process may take several minutes.

2024-11-14 18:45:16,956 DEBUG    urllib3.connectionpool Starting new HTTPS connection (1): dl.google.com:443
2024-11-14 18:45:17,151 DEBUG    urllib3.connectionpool https://dl.google.com:443 "GET /dl/cloudsdk/channels/rapid/components-2.json HTTP/1.1" 200 226997
2024-11-14 18:45:17,267 INFO     ___FILE_ONLY___ 

2024-11-14 18:45:17,267 INFO     ___FILE_ONLY___ 
Your current Google Cloud CLI version is: 501.0.0

2024-11-14 18:45:17,267 INFO     ___FILE_ONLY___ Installing components from version: 501.0.0

2024-11-14 18:45:17,267 INFO     ___FILE_ONLY___ 

2024-11-14 18:45:17,268 DEBUG    root            Chosen display Format:table[box,title="These components will be removed."](details.display_name:label=Name:align=left,version.version_string:label=Version:align=right,data.size.size(zero="",min=1048576):label=Size:align=right)
2024-11-14 18:45:17,268 DEBUG    root            Chosen display Format:table[box,title="These components will be updated."](details.display_name:label=Name:align=left,version.version_string:label=Version:align=right,data.size.size(zero="",min=1048576):label=Size:align=right)
2024-11-14 18:45:17,268 DEBUG    root            Chosen display Format:table[box,title="These components will be installed."](details.display_name:label=Name:align=left,version.version_string:label=Version:align=right,data.size.size(zero="",min=1048576):label=Size:align=right)
2024-11-14 18:45:17,282 INFO     ___FILE_ONLY___ ┌─────────────────────────────────────────────────────────────────────────────┐
2024-11-14 18:45:17,282 INFO     ___FILE_ONLY___ 

2024-11-14 18:45:17,282 INFO     ___FILE_ONLY___ │                     These components will be installed.                     │
2024-11-14 18:45:17,282 INFO     ___FILE_ONLY___ 

2024-11-14 18:45:17,282 INFO     ___FILE_ONLY___ ├─────────────────────────────────────────────────────┬────────────┬──────────┤
2024-11-14 18:45:17,282 INFO     ___FILE_ONLY___ 

2024-11-14 18:45:17,282 INFO     ___FILE_ONLY___ │                         Name                        │  Version   │   Size   │
2024-11-14 18:45:17,282 INFO     ___FILE_ONLY___ 

2024-11-14 18:45:17,282 INFO     ___FILE_ONLY___ ├─────────────────────────────────────────────────────┼────────────┼──────────┤
2024-11-14 18:45:17,282 INFO     ___FILE_ONLY___ 

2024-11-14 18:45:17,282 INFO     ___FILE_ONLY___ │ 
2024-11-14 18:45:17,283 INFO     ___FILE_ONLY___ Google Cloud CLI Core Libraries (Platform Specific)
2024-11-14 18:45:17,283 INFO     ___FILE_ONLY___  
2024-11-14 18:45:17,283 INFO     ___FILE_ONLY___ │ 
2024-11-14 18:45:17,283 INFO     ___FILE_ONLY___ 2024.08.30
2024-11-14 18:45:17,283 INFO     ___FILE_ONLY___  
2024-11-14 18:45:17,283 INFO     ___FILE_ONLY___ │ 
2024-11-14 18:45:17,283 INFO     ___FILE_ONLY___  < 1 MiB
2024-11-14 18:45:17,283 INFO     ___FILE_ONLY___  
2024-11-14 18:45:17,283 INFO     ___FILE_ONLY___ │
2024-11-14 18:45:17,283 INFO     ___FILE_ONLY___ 

2024-11-14 18:45:17,283 INFO     ___FILE_ONLY___ │ 
2024-11-14 18:45:17,283 INFO     ___FILE_ONLY___ Minikube (Platform Specific)                       
2024-11-14 18:45:17,283 INFO     ___FILE_ONLY___  
2024-11-14 18:45:17,283 INFO     ___FILE_ONLY___ │ 
2024-11-14 18:45:17,283 INFO     ___FILE_ONLY___     1.34.0
2024-11-14 18:45:17,283 INFO     ___FILE_ONLY___  
2024-11-14 18:45:17,283 INFO     ___FILE_ONLY___ │ 
2024-11-14 18:45:17,283 INFO     ___FILE_ONLY___ 37.2 MiB
2024-11-14 18:45:17,283 INFO     ___FILE_ONLY___  
2024-11-14 18:45:17,283 INFO     ___FILE_ONLY___ │
2024-11-14 18:45:17,283 INFO     ___FILE_ONLY___ 

2024-11-14 18:45:17,283 INFO     ___FILE_ONLY___ │ 
2024-11-14 18:45:17,283 INFO     ___FILE_ONLY___ Skaffold (Platform Specific)                       
2024-11-14 18:45:17,283 INFO     ___FILE_ONLY___  
2024-11-14 18:45:17,283 INFO     ___FILE_ONLY___ │ 
2024-11-14 18:45:17,283 INFO     ___FILE_ONLY___     2.13.1
2024-11-14 18:45:17,283 INFO     ___FILE_ONLY___  
2024-11-14 18:45:17,283 INFO     ___FILE_ONLY___ │ 
2024-11-14 18:45:17,283 INFO     ___FILE_ONLY___ 22.9 MiB
2024-11-14 18:45:17,283 INFO     ___FILE_ONLY___  
2024-11-14 18:45:17,283 INFO     ___FILE_ONLY___ │
2024-11-14 18:45:17,283 INFO     ___FILE_ONLY___ 

2024-11-14 18:45:17,283 INFO     ___FILE_ONLY___ │ 
2024-11-14 18:45:17,283 INFO     ___FILE_ONLY___ gcloud Alpha Commands                              
2024-11-14 18:45:17,283 INFO     ___FILE_ONLY___  
2024-11-14 18:45:17,283 INFO     ___FILE_ONLY___ │ 
2024-11-14 18:45:17,283 INFO     ___FILE_ONLY___ 2024.11.08
2024-11-14 18:45:17,283 INFO     ___FILE_ONLY___  
2024-11-14 18:45:17,283 INFO     ___FILE_ONLY___ │ 
2024-11-14 18:45:17,283 INFO     ___FILE_ONLY___  < 1 MiB
2024-11-14 18:45:17,283 INFO     ___FILE_ONLY___  
2024-11-14 18:45:17,284 INFO     ___FILE_ONLY___ │
2024-11-14 18:45:17,284 INFO     ___FILE_ONLY___ 

2024-11-14 18:45:17,284 INFO     ___FILE_ONLY___ │ 
2024-11-14 18:45:17,284 INFO     ___FILE_ONLY___ gcloud Beta Commands                               
2024-11-14 18:45:17,284 INFO     ___FILE_ONLY___  
2024-11-14 18:45:17,284 INFO     ___FILE_ONLY___ │ 
2024-11-14 18:45:17,284 INFO     ___FILE_ONLY___ 2024.11.08
2024-11-14 18:45:17,284 INFO     ___FILE_ONLY___  
2024-11-14 18:45:17,284 INFO     ___FILE_ONLY___ │ 
2024-11-14 18:45:17,284 INFO     ___FILE_ONLY___  < 1 MiB
2024-11-14 18:45:17,284 INFO     ___FILE_ONLY___  
2024-11-14 18:45:17,284 INFO     ___FILE_ONLY___ │
2024-11-14 18:45:17,284 INFO     ___FILE_ONLY___ 

2024-11-14 18:45:17,284 INFO     ___FILE_ONLY___ │ 
2024-11-14 18:45:17,284 INFO     ___FILE_ONLY___ gcloud cli dependencies (Platform Specific)        
2024-11-14 18:45:17,284 INFO     ___FILE_ONLY___  
2024-11-14 18:45:17,284 INFO     ___FILE_ONLY___ │ 
2024-11-14 18:45:17,284 INFO     ___FILE_ONLY___ 2021.04.16
2024-11-14 18:45:17,284 INFO     ___FILE_ONLY___  
2024-11-14 18:45:17,284 INFO     ___FILE_ONLY___ │ 
2024-11-14 18:45:17,284 INFO     ___FILE_ONLY___  < 1 MiB
2024-11-14 18:45:17,284 INFO     ___FILE_ONLY___  
2024-11-14 18:45:17,284 INFO     ___FILE_ONLY___ │
2024-11-14 18:45:17,284 INFO     ___FILE_ONLY___ 

2024-11-14 18:45:17,284 INFO     ___FILE_ONLY___ │ 
2024-11-14 18:45:17,284 INFO     ___FILE_ONLY___ gke-gcloud-auth-plugin (Platform Specific)         
2024-11-14 18:45:17,284 INFO     ___FILE_ONLY___  
2024-11-14 18:45:17,284 INFO     ___FILE_ONLY___ │ 
2024-11-14 18:45:17,284 INFO     ___FILE_ONLY___      0.5.9
2024-11-14 18:45:17,284 INFO     ___FILE_ONLY___  
2024-11-14 18:45:17,284 INFO     ___FILE_ONLY___ │ 
2024-11-14 18:45:17,284 INFO     ___FILE_ONLY___  4.0 MiB
2024-11-14 18:45:17,284 INFO     ___FILE_ONLY___  
2024-11-14 18:45:17,284 INFO     ___FILE_ONLY___ │
2024-11-14 18:45:17,284 INFO     ___FILE_ONLY___ 

2024-11-14 18:45:17,284 INFO     ___FILE_ONLY___ │ 
2024-11-14 18:45:17,284 INFO     ___FILE_ONLY___ kubectl                                            
2024-11-14 18:45:17,284 INFO     ___FILE_ONLY___  
2024-11-14 18:45:17,284 INFO     ___FILE_ONLY___ │ 
2024-11-14 18:45:17,284 INFO     ___FILE_ONLY___     1.30.5
2024-11-14 18:45:17,284 INFO     ___FILE_ONLY___  
2024-11-14 18:45:17,284 INFO     ___FILE_ONLY___ │ 
2024-11-14 18:45:17,285 INFO     ___FILE_ONLY___  < 1 MiB
2024-11-14 18:45:17,285 INFO     ___FILE_ONLY___  
2024-11-14 18:45:17,285 INFO     ___FILE_ONLY___ │
2024-11-14 18:45:17,285 INFO     ___FILE_ONLY___ 

2024-11-14 18:45:17,285 INFO     ___FILE_ONLY___ │ 
2024-11-14 18:45:17,285 INFO     ___FILE_ONLY___ kubectl (Platform Specific)                        
2024-11-14 18:45:17,285 INFO     ___FILE_ONLY___  
2024-11-14 18:45:17,285 INFO     ___FILE_ONLY___ │ 
2024-11-14 18:45:17,285 INFO     ___FILE_ONLY___     1.30.6
2024-11-14 18:45:17,285 INFO     ___FILE_ONLY___  
2024-11-14 18:45:17,285 INFO     ___FILE_ONLY___ │ 
2024-11-14 18:45:17,285 INFO     ___FILE_ONLY___ 86.1 MiB
2024-11-14 18:45:17,285 INFO     ___FILE_ONLY___  
2024-11-14 18:45:17,285 INFO     ___FILE_ONLY___ │
2024-11-14 18:45:17,285 INFO     ___FILE_ONLY___ 

2024-11-14 18:45:17,285 INFO     ___FILE_ONLY___ └─────────────────────────────────────────────────────┴────────────┴──────────┘
2024-11-14 18:45:17,285 INFO     ___FILE_ONLY___ 

2024-11-14 18:45:17,285 INFO     ___FILE_ONLY___ 

2024-11-14 18:45:17,287 DEBUG    urllib3.connectionpool Starting new HTTPS connection (1): dl.google.com:443
2024-11-14 18:45:17,497 DEBUG    urllib3.connectionpool https://dl.google.com:443 "GET /dl/cloudsdk/channels/rapid/RELEASE_NOTES HTTP/1.1" 200 1311270
2024-11-14 18:45:17,863 INFO     ___FILE_ONLY___ For the latest full release notes, please visit:
  https://cloud.google.com/sdk/release_notes


2024-11-14 18:45:17,864 INFO     ___FILE_ONLY___ Performing in place update...


2024-11-14 18:45:17,989 INFO     ___FILE_ONLY___ ╔════════════════════════════════════════════════════════════╗

2024-11-14 18:45:17,990 INFO     ___FILE_ONLY___ ╠═ Downloading: Google Cloud CLI Core Libraries (Platfor... ═╣

2024-11-14 18:45:17,990 INFO     ___FILE_ONLY___ ╚
2024-11-14 18:45:17,996 DEBUG    urllib3.connectionpool Starting new HTTPS connection (1): dl.google.com:443
2024-11-14 18:45:18,200 DEBUG    urllib3.connectionpool https://dl.google.com:443 "GET /dl/cloudsdk/channels/rapid/components/google-cloud-sdk-core-nix-20240830134514.tar.gz HTTP/1.1" 200 2306
2024-11-14 18:45:18,202 INFO     ___FILE_ONLY___ ════════════════════════════════════════════════════════════
2024-11-14 18:45:18,202 INFO     ___FILE_ONLY___ ╝

2024-11-14 18:45:18,337 INFO     ___FILE_ONLY___ ╔════════════════════════════════════════════════════════════╗

2024-11-14 18:45:18,337 INFO     ___FILE_ONLY___ ╠═ Downloading: Minikube                                    ═╣

2024-11-14 18:45:18,337 INFO     ___FILE_ONLY___ ╚
2024-11-14 18:45:18,338 INFO     ___FILE_ONLY___ ════════════════════════════════════════════════════════════
2024-11-14 18:45:18,338 INFO     ___FILE_ONLY___ ╝

2024-11-14 18:45:18,466 INFO     ___FILE_ONLY___ ╔════════════════════════════════════════════════════════════╗

2024-11-14 18:45:18,466 INFO     ___FILE_ONLY___ ╠═ Downloading: Minikube (Platform Specific)                ═╣

2024-11-14 18:45:18,467 INFO     ___FILE_ONLY___ ╚
2024-11-14 18:45:18,474 DEBUG    urllib3.connectionpool Starting new HTTPS connection (1): dl.google.com:443
2024-11-14 18:45:18,721 DEBUG    urllib3.connectionpool https://dl.google.com:443 "GET /dl/cloudsdk/channels/rapid/components/google-cloud-sdk-minikube-darwin-arm-20240927140238.tar.gz HTTP/1.1" 200 38981244
2024-11-14 18:45:32,715 INFO     ___FILE_ONLY___ ═
2024-11-14 18:45:32,715 INFO     ___FILE_ONLY___ ═
2024-11-14 18:45:32,716 INFO     ___FILE_ONLY___ ═
2024-11-14 18:45:32,716 INFO     ___FILE_ONLY___ ═
2024-11-14 18:45:32,716 INFO     ___FILE_ONLY___ ═
2024-11-14 18:45:32,716 INFO     ___FILE_ONLY___ ═
2024-11-14 18:45:32,717 INFO     ___FILE_ONLY___ ═
2024-11-14 18:45:32,717 INFO     ___FILE_ONLY___ ═
2024-11-14 18:45:32,717 INFO     ___FILE_ONLY___ ═
2024-11-14 18:45:32,718 INFO     ___FILE_ONLY___ ═
2024-11-14 18:45:32,718 INFO     ___FILE_ONLY___ ═
2024-11-14 18:45:32,718 INFO     ___FILE_ONLY___ ═
2024-11-14 18:45:32,719 INFO     ___FILE_ONLY___ ═
2024-11-14 18:45:32,719 INFO     ___FILE_ONLY___ ═
2024-11-14 18:45:32,719 INFO     ___FILE_ONLY___ ═
2024-11-14 18:45:32,720 INFO     ___FILE_ONLY___ ═
2024-11-14 18:45:32,720 INFO     ___FILE_ONLY___ ═
2024-11-14 18:45:32,720 INFO     ___FILE_ONLY___ ═
2024-11-14 18:45:32,720 INFO     ___FILE_ONLY___ ═
2024-11-14 18:45:32,721 INFO     ___FILE_ONLY___ ═
2024-11-14 18:45:32,721 INFO     ___FILE_ONLY___ ═
2024-11-14 18:45:32,721 INFO     ___FILE_ONLY___ ═
2024-11-14 18:45:32,722 INFO     ___FILE_ONLY___ ═
2024-11-14 18:45:32,722 INFO     ___FILE_ONLY___ ═
2024-11-14 18:45:32,722 INFO     ___FILE_ONLY___ ═
2024-11-14 18:45:32,723 INFO     ___FILE_ONLY___ ═
2024-11-14 18:45:32,723 INFO     ___FILE_ONLY___ ═
2024-11-14 18:45:32,723 INFO     ___FILE_ONLY___ ═
2024-11-14 18:45:32,723 INFO     ___FILE_ONLY___ ═
2024-11-14 18:45:32,724 INFO     ___FILE_ONLY___ ═
2024-11-14 18:45:32,724 INFO     ___FILE_ONLY___ ═
2024-11-14 18:45:32,724 INFO     ___FILE_ONLY___ ═
2024-11-14 18:45:32,725 INFO     ___FILE_ONLY___ ═
2024-11-14 18:45:32,725 INFO     ___FILE_ONLY___ ═
2024-11-14 18:45:32,725 INFO     ___FILE_ONLY___ ═
2024-11-14 18:45:32,725 INFO     ___FILE_ONLY___ ═
2024-11-14 18:45:32,726 INFO     ___FILE_ONLY___ ═
2024-11-14 18:45:32,726 INFO     ___FILE_ONLY___ ═
2024-11-14 18:45:32,726 INFO     ___FILE_ONLY___ ═
2024-11-14 18:45:32,727 INFO     ___FILE_ONLY___ ═
2024-11-14 18:45:32,727 INFO     ___FILE_ONLY___ ═
2024-11-14 18:45:32,727 INFO     ___FILE_ONLY___ ═
2024-11-14 18:45:32,727 INFO     ___FILE_ONLY___ ═
2024-11-14 18:45:32,728 INFO     ___FILE_ONLY___ ═
2024-11-14 18:45:32,728 INFO     ___FILE_ONLY___ ═
2024-11-14 18:45:32,728 INFO     ___FILE_ONLY___ ═
2024-11-14 18:45:32,729 INFO     ___FILE_ONLY___ ═
2024-11-14 18:45:32,729 INFO     ___FILE_ONLY___ ═
2024-11-14 18:45:32,729 INFO     ___FILE_ONLY___ ═
2024-11-14 18:45:32,729 INFO     ___FILE_ONLY___ ═
2024-11-14 18:45:32,730 INFO     ___FILE_ONLY___ ═
2024-11-14 18:45:32,730 INFO     ___FILE_ONLY___ ═
2024-11-14 18:45:32,730 INFO     ___FILE_ONLY___ ═
2024-11-14 18:45:32,731 INFO     ___FILE_ONLY___ ═
2024-11-14 18:45:32,731 INFO     ___FILE_ONLY___ ═
2024-11-14 18:45:32,731 INFO     ___FILE_ONLY___ ═
2024-11-14 18:45:32,731 INFO     ___FILE_ONLY___ ═
2024-11-14 18:45:32,732 INFO     ___FILE_ONLY___ ═
2024-11-14 18:45:32,732 INFO     ___FILE_ONLY___ ═
2024-11-14 18:45:32,732 INFO     ___FILE_ONLY___ ═
2024-11-14 18:45:32,732 INFO     ___FILE_ONLY___ ╝

2024-11-14 18:45:32,849 INFO     ___FILE_ONLY___ ╔════════════════════════════════════════════════════════════╗

2024-11-14 18:45:32,849 INFO     ___FILE_ONLY___ ╠═ Downloading: Skaffold                                    ═╣

2024-11-14 18:45:32,849 INFO     ___FILE_ONLY___ ╚
2024-11-14 18:45:32,850 INFO     ___FILE_ONLY___ ════════════════════════════════════════════════════════════
2024-11-14 18:45:32,850 INFO     ___FILE_ONLY___ ╝

2024-11-14 18:45:32,975 INFO     ___FILE_ONLY___ ╔════════════════════════════════════════════════════════════╗

2024-11-14 18:45:32,976 INFO     ___FILE_ONLY___ ╠═ Downloading: Skaffold (Platform Specific)                ═╣

2024-11-14 18:45:32,976 INFO     ___FILE_ONLY___ ╚
2024-11-14 18:45:32,982 DEBUG    urllib3.connectionpool Starting new HTTPS connection (1): dl.google.com:443
2024-11-14 18:45:33,240 DEBUG    urllib3.connectionpool https://dl.google.com:443 "GET /dl/cloudsdk/channels/rapid/components/google-cloud-sdk-skaffold-darwin-arm-20240806142304.tar.gz HTTP/1.1" 200 24031362
2024-11-14 18:45:41,057 INFO     ___FILE_ONLY___ ═
2024-11-14 18:45:41,059 INFO     ___FILE_ONLY___ ═
2024-11-14 18:45:41,060 INFO     ___FILE_ONLY___ ═
2024-11-14 18:45:41,061 INFO     ___FILE_ONLY___ ═
2024-11-14 18:45:41,062 INFO     ___FILE_ONLY___ ═
2024-11-14 18:45:41,062 INFO     ___FILE_ONLY___ ═
2024-11-14 18:45:41,063 INFO     ___FILE_ONLY___ ═
2024-11-14 18:45:41,063 INFO     ___FILE_ONLY___ ═
2024-11-14 18:45:41,064 INFO     ___FILE_ONLY___ ═
2024-11-14 18:45:41,064 INFO     ___FILE_ONLY___ ═
2024-11-14 18:45:41,064 INFO     ___FILE_ONLY___ ═
2024-11-14 18:45:41,064 INFO     ___FILE_ONLY___ ═
2024-11-14 18:45:41,065 INFO     ___FILE_ONLY___ ═
2024-11-14 18:45:41,065 INFO     ___FILE_ONLY___ ═
2024-11-14 18:45:41,065 INFO     ___FILE_ONLY___ ═
2024-11-14 18:45:41,065 INFO     ___FILE_ONLY___ ═
2024-11-14 18:45:41,066 INFO     ___FILE_ONLY___ ═
2024-11-14 18:45:41,066 INFO     ___FILE_ONLY___ ═
2024-11-14 18:45:41,066 INFO     ___FILE_ONLY___ ═
2024-11-14 18:45:41,066 INFO     ___FILE_ONLY___ ═
2024-11-14 18:45:41,067 INFO     ___FILE_ONLY___ ═
2024-11-14 18:45:41,067 INFO     ___FILE_ONLY___ ═
2024-11-14 18:45:41,067 INFO     ___FILE_ONLY___ ═
2024-11-14 18:45:41,068 INFO     ___FILE_ONLY___ ═
2024-11-14 18:45:41,068 INFO     ___FILE_ONLY___ ═
2024-11-14 18:45:41,068 INFO     ___FILE_ONLY___ ═
2024-11-14 18:45:41,068 INFO     ___FILE_ONLY___ ═
2024-11-14 18:45:41,069 INFO     ___FILE_ONLY___ ═
2024-11-14 18:45:41,069 INFO     ___FILE_ONLY___ ═
2024-11-14 18:45:41,069 INFO     ___FILE_ONLY___ ═
2024-11-14 18:45:41,069 INFO     ___FILE_ONLY___ ═
2024-11-14 18:45:41,069 INFO     ___FILE_ONLY___ ═
2024-11-14 18:45:41,070 INFO     ___FILE_ONLY___ ═
2024-11-14 18:45:41,070 INFO     ___FILE_ONLY___ ═
2024-11-14 18:45:41,070 INFO     ___FILE_ONLY___ ═
2024-11-14 18:45:41,070 INFO     ___FILE_ONLY___ ═
2024-11-14 18:45:41,071 INFO     ___FILE_ONLY___ ═
2024-11-14 18:45:41,071 INFO     ___FILE_ONLY___ ═
2024-11-14 18:45:41,071 INFO     ___FILE_ONLY___ ═
2024-11-14 18:45:41,071 INFO     ___FILE_ONLY___ ═
2024-11-14 18:45:41,072 INFO     ___FILE_ONLY___ ═
2024-11-14 18:45:41,072 INFO     ___FILE_ONLY___ ═
2024-11-14 18:45:41,072 INFO     ___FILE_ONLY___ ═
2024-11-14 18:45:41,073 INFO     ___FILE_ONLY___ ═
2024-11-14 18:45:41,073 INFO     ___FILE_ONLY___ ═
2024-11-14 18:45:41,073 INFO     ___FILE_ONLY___ ═
2024-11-14 18:45:41,073 INFO     ___FILE_ONLY___ ═
2024-11-14 18:45:41,074 INFO     ___FILE_ONLY___ ═
2024-11-14 18:45:41,074 INFO     ___FILE_ONLY___ ═
2024-11-14 18:45:41,074 INFO     ___FILE_ONLY___ ═
2024-11-14 18:45:41,074 INFO     ___FILE_ONLY___ ═
2024-11-14 18:45:41,075 INFO     ___FILE_ONLY___ ═
2024-11-14 18:45:41,075 INFO     ___FILE_ONLY___ ═
2024-11-14 18:45:41,075 INFO     ___FILE_ONLY___ ═
2024-11-14 18:45:41,075 INFO     ___FILE_ONLY___ ═
2024-11-14 18:45:41,075 INFO     ___FILE_ONLY___ ═
2024-11-14 18:45:41,076 INFO     ___FILE_ONLY___ ═
2024-11-14 18:45:41,076 INFO     ___FILE_ONLY___ ═
2024-11-14 18:45:41,076 INFO     ___FILE_ONLY___ ═
2024-11-14 18:45:41,076 INFO     ___FILE_ONLY___ ═
2024-11-14 18:45:41,076 INFO     ___FILE_ONLY___ ╝

2024-11-14 18:45:41,199 INFO     ___FILE_ONLY___ ╔════════════════════════════════════════════════════════════╗

2024-11-14 18:45:41,199 INFO     ___FILE_ONLY___ ╠═ Downloading: gcloud Alpha Commands                       ═╣

2024-11-14 18:45:41,199 INFO     ___FILE_ONLY___ ╚
2024-11-14 18:45:41,204 DEBUG    urllib3.connectionpool Starting new HTTPS connection (1): dl.google.com:443
2024-11-14 18:45:41,413 DEBUG    urllib3.connectionpool https://dl.google.com:443 "GET /dl/cloudsdk/channels/rapid/components/google-cloud-sdk-alpha-20241108162203.tar.gz HTTP/1.1" 200 800
2024-11-14 18:45:41,417 INFO     ___FILE_ONLY___ ════════════════════════════════════════════════════════════
2024-11-14 18:45:41,417 INFO     ___FILE_ONLY___ ╝

2024-11-14 18:45:41,554 INFO     ___FILE_ONLY___ ╔════════════════════════════════════════════════════════════╗

2024-11-14 18:45:41,555 INFO     ___FILE_ONLY___ ╠═ Downloading: gcloud Beta Commands                        ═╣

2024-11-14 18:45:41,555 INFO     ___FILE_ONLY___ ╚
2024-11-14 18:45:41,562 DEBUG    urllib3.connectionpool Starting new HTTPS connection (1): dl.google.com:443
2024-11-14 18:45:41,772 DEBUG    urllib3.connectionpool https://dl.google.com:443 "GET /dl/cloudsdk/channels/rapid/components/google-cloud-sdk-beta-20241108162203.tar.gz HTTP/1.1" 200 797
2024-11-14 18:45:41,775 INFO     ___FILE_ONLY___ ════════════════════════════════════════════════════════════
2024-11-14 18:45:41,775 INFO     ___FILE_ONLY___ ╝

2024-11-14 18:45:41,924 INFO     ___FILE_ONLY___ ╔════════════════════════════════════════════════════════════╗

2024-11-14 18:45:41,925 INFO     ___FILE_ONLY___ ╠═ Downloading: gcloud cli dependencies (Platform Specific) ═╣

2024-11-14 18:45:41,925 INFO     ___FILE_ONLY___ ╚
2024-11-14 18:45:41,932 DEBUG    urllib3.connectionpool Starting new HTTPS connection (1): dl.google.com:443
2024-11-14 18:45:42,196 DEBUG    urllib3.connectionpool https://dl.google.com:443 "GET /dl/cloudsdk/channels/rapid/components/google-cloud-sdk-gcloud-deps-darwin-x86_64-20210416153011.tar.gz HTTP/1.1" 200 105
2024-11-14 18:45:42,199 INFO     ___FILE_ONLY___ ════════════════════════════════════════════════════════════
2024-11-14 18:45:42,199 INFO     ___FILE_ONLY___ ╝

2024-11-14 18:45:42,347 INFO     ___FILE_ONLY___ ╔════════════════════════════════════════════════════════════╗

2024-11-14 18:45:42,347 INFO     ___FILE_ONLY___ ╠═ Downloading: gke-gcloud-auth-plugin                      ═╣

2024-11-14 18:45:42,347 INFO     ___FILE_ONLY___ ╚
2024-11-14 18:45:42,348 INFO     ___FILE_ONLY___ ════════════════════════════════════════════════════════════
2024-11-14 18:45:42,348 INFO     ___FILE_ONLY___ ╝

2024-11-14 18:45:42,485 INFO     ___FILE_ONLY___ ╔════════════════════════════════════════════════════════════╗

2024-11-14 18:45:42,485 INFO     ___FILE_ONLY___ ╠═ Downloading: gke-gcloud-auth-plugin (Platform Specific)  ═╣

2024-11-14 18:45:42,485 INFO     ___FILE_ONLY___ ╚
2024-11-14 18:45:42,492 DEBUG    urllib3.connectionpool Starting new HTTPS connection (1): dl.google.com:443
2024-11-14 18:45:42,768 DEBUG    urllib3.connectionpool https://dl.google.com:443 "GET /dl/cloudsdk/channels/rapid/components/google-cloud-sdk-gke-gcloud-auth-plugin-darwin-arm-20240628141907.tar.gz HTTP/1.1" 200 4148014
2024-11-14 18:45:43,416 INFO     ___FILE_ONLY___ ═
2024-11-14 18:45:43,416 INFO     ___FILE_ONLY___ ═
2024-11-14 18:45:43,416 INFO     ___FILE_ONLY___ ═
2024-11-14 18:45:43,416 INFO     ___FILE_ONLY___ ═
2024-11-14 18:45:43,416 INFO     ___FILE_ONLY___ ═
2024-11-14 18:45:43,416 INFO     ___FILE_ONLY___ ═
2024-11-14 18:45:43,417 INFO     ___FILE_ONLY___ ═
2024-11-14 18:45:43,417 INFO     ___FILE_ONLY___ ═
2024-11-14 18:45:43,417 INFO     ___FILE_ONLY___ ═
2024-11-14 18:45:43,418 INFO     ___FILE_ONLY___ ═
2024-11-14 18:45:43,418 INFO     ___FILE_ONLY___ ═
2024-11-14 18:45:43,418 INFO     ___FILE_ONLY___ ═
2024-11-14 18:45:43,418 INFO     ___FILE_ONLY___ ═
2024-11-14 18:45:43,419 INFO     ___FILE_ONLY___ ═
2024-11-14 18:45:43,419 INFO     ___FILE_ONLY___ ═
2024-11-14 18:45:43,419 INFO     ___FILE_ONLY___ ═
2024-11-14 18:45:43,419 INFO     ___FILE_ONLY___ ═
2024-11-14 18:45:43,419 INFO     ___FILE_ONLY___ ═
2024-11-14 18:45:43,419 INFO     ___FILE_ONLY___ ═
2024-11-14 18:45:43,419 INFO     ___FILE_ONLY___ ═
2024-11-14 18:45:43,420 INFO     ___FILE_ONLY___ ═
2024-11-14 18:45:43,420 INFO     ___FILE_ONLY___ ═
2024-11-14 18:45:43,420 INFO     ___FILE_ONLY___ ═
2024-11-14 18:45:43,420 INFO     ___FILE_ONLY___ ═
2024-11-14 18:45:43,420 INFO     ___FILE_ONLY___ ═
2024-11-14 18:45:43,420 INFO     ___FILE_ONLY___ ═
2024-11-14 18:45:43,420 INFO     ___FILE_ONLY___ ═
2024-11-14 18:45:43,421 INFO     ___FILE_ONLY___ ═
2024-11-14 18:45:43,421 INFO     ___FILE_ONLY___ ═
2024-11-14 18:45:43,421 INFO     ___FILE_ONLY___ ═
2024-11-14 18:45:43,421 INFO     ___FILE_ONLY___ ═
2024-11-14 18:45:43,421 INFO     ___FILE_ONLY___ ═
2024-11-14 18:45:43,421 INFO     ___FILE_ONLY___ ═
2024-11-14 18:45:43,421 INFO     ___FILE_ONLY___ ═
2024-11-14 18:45:43,421 INFO     ___FILE_ONLY___ ═
2024-11-14 18:45:43,422 INFO     ___FILE_ONLY___ ═
2024-11-14 18:45:43,422 INFO     ___FILE_ONLY___ ═
2024-11-14 18:45:43,422 INFO     ___FILE_ONLY___ ═
2024-11-14 18:45:43,422 INFO     ___FILE_ONLY___ ═
2024-11-14 18:45:43,422 INFO     ___FILE_ONLY___ ═
2024-11-14 18:45:43,422 INFO     ___FILE_ONLY___ ═
2024-11-14 18:45:43,422 INFO     ___FILE_ONLY___ ═
2024-11-14 18:45:43,423 INFO     ___FILE_ONLY___ ═
2024-11-14 18:45:43,423 INFO     ___FILE_ONLY___ ═
2024-11-14 18:45:43,423 INFO     ___FILE_ONLY___ ═
2024-11-14 18:45:43,423 INFO     ___FILE_ONLY___ ═
2024-11-14 18:45:43,423 INFO     ___FILE_ONLY___ ═
2024-11-14 18:45:43,423 INFO     ___FILE_ONLY___ ═
2024-11-14 18:45:43,423 INFO     ___FILE_ONLY___ ═
2024-11-14 18:45:43,423 INFO     ___FILE_ONLY___ ═
2024-11-14 18:45:43,424 INFO     ___FILE_ONLY___ ═
2024-11-14 18:45:43,424 INFO     ___FILE_ONLY___ ═
2024-11-14 18:45:43,424 INFO     ___FILE_ONLY___ ═
2024-11-14 18:45:43,424 INFO     ___FILE_ONLY___ ═
2024-11-14 18:45:43,424 INFO     ___FILE_ONLY___ ═
2024-11-14 18:45:43,424 INFO     ___FILE_ONLY___ ═
2024-11-14 18:45:43,424 INFO     ___FILE_ONLY___ ═
2024-11-14 18:45:43,424 INFO     ___FILE_ONLY___ ═
2024-11-14 18:45:43,424 INFO     ___FILE_ONLY___ ═
2024-11-14 18:45:43,425 INFO     ___FILE_ONLY___ ═
2024-11-14 18:45:43,425 INFO     ___FILE_ONLY___ ╝

2024-11-14 18:45:43,562 INFO     ___FILE_ONLY___ ╔════════════════════════════════════════════════════════════╗

2024-11-14 18:45:43,562 INFO     ___FILE_ONLY___ ╠═ Downloading: kubectl                                     ═╣

2024-11-14 18:45:43,562 INFO     ___FILE_ONLY___ ╚
2024-11-14 18:45:43,574 DEBUG    urllib3.connectionpool Starting new HTTPS connection (1): dl.google.com:443
2024-11-14 18:45:43,782 DEBUG    urllib3.connectionpool https://dl.google.com:443 "GET /dl/cloudsdk/channels/rapid/components/google-cloud-sdk-kubectl-20241004144944.tar.gz HTTP/1.1" 200 36206
2024-11-14 18:45:43,828 INFO     ___FILE_ONLY___ ═══════════════════════════
2024-11-14 18:45:43,828 INFO     ___FILE_ONLY___ ═══════════════════════════
2024-11-14 18:45:43,828 INFO     ___FILE_ONLY___ ══════
2024-11-14 18:45:43,829 INFO     ___FILE_ONLY___ ╝

2024-11-14 18:45:43,974 INFO     ___FILE_ONLY___ ╔════════════════════════════════════════════════════════════╗

2024-11-14 18:45:43,975 INFO     ___FILE_ONLY___ ╠═ Downloading: kubectl (Platform Specific)                 ═╣

2024-11-14 18:45:43,975 INFO     ___FILE_ONLY___ ╚
2024-11-14 18:45:43,980 DEBUG    urllib3.connectionpool Starting new HTTPS connection (1): dl.google.com:443
2024-11-14 18:45:44,211 DEBUG    urllib3.connectionpool https://dl.google.com:443 "GET /dl/cloudsdk/channels/rapid/components/google-cloud-sdk-kubectl-darwin-arm-20241108162203.tar.gz HTTP/1.1" 200 90277960
2024-11-14 18:46:11,537 INFO     ___FILE_ONLY___ ═
2024-11-14 18:46:11,538 INFO     ___FILE_ONLY___ ═
2024-11-14 18:46:11,539 INFO     ___FILE_ONLY___ ═
2024-11-14 18:46:11,540 INFO     ___FILE_ONLY___ ═
2024-11-14 18:46:11,541 INFO     ___FILE_ONLY___ ═
2024-11-14 18:46:11,543 INFO     ___FILE_ONLY___ ═
2024-11-14 18:46:11,544 INFO     ___FILE_ONLY___ ═
2024-11-14 18:46:11,545 INFO     ___FILE_ONLY___ ═
2024-11-14 18:46:11,546 INFO     ___FILE_ONLY___ ═
2024-11-14 18:46:11,546 INFO     ___FILE_ONLY___ ═
2024-11-14 18:46:11,547 INFO     ___FILE_ONLY___ ═
2024-11-14 18:46:11,548 INFO     ___FILE_ONLY___ ═
2024-11-14 18:46:11,549 INFO     ___FILE_ONLY___ ═
2024-11-14 18:46:11,550 INFO     ___FILE_ONLY___ ═
2024-11-14 18:46:11,551 INFO     ___FILE_ONLY___ ═
2024-11-14 18:46:11,551 INFO     ___FILE_ONLY___ ═
2024-11-14 18:46:11,552 INFO     ___FILE_ONLY___ ═
2024-11-14 18:46:11,553 INFO     ___FILE_ONLY___ ═
2024-11-14 18:46:11,554 INFO     ___FILE_ONLY___ ═
2024-11-14 18:46:11,555 INFO     ___FILE_ONLY___ ═
2024-11-14 18:46:11,556 INFO     ___FILE_ONLY___ ═
2024-11-14 18:46:11,556 INFO     ___FILE_ONLY___ ═
2024-11-14 18:46:11,557 INFO     ___FILE_ONLY___ ═
2024-11-14 18:46:11,558 INFO     ___FILE_ONLY___ ═
2024-11-14 18:46:11,559 INFO     ___FILE_ONLY___ ═
2024-11-14 18:46:11,560 INFO     ___FILE_ONLY___ ═
2024-11-14 18:46:11,560 INFO     ___FILE_ONLY___ ═
2024-11-14 18:46:11,561 INFO     ___FILE_ONLY___ ═
2024-11-14 18:46:11,562 INFO     ___FILE_ONLY___ ═
2024-11-14 18:46:11,563 INFO     ___FILE_ONLY___ ═
2024-11-14 18:46:11,563 INFO     ___FILE_ONLY___ ═
2024-11-14 18:46:11,564 INFO     ___FILE_ONLY___ ═
2024-11-14 18:46:11,565 INFO     ___FILE_ONLY___ ═
2024-11-14 18:46:11,566 INFO     ___FILE_ONLY___ ═
2024-11-14 18:46:11,566 INFO     ___FILE_ONLY___ ═
2024-11-14 18:46:11,567 INFO     ___FILE_ONLY___ ═
2024-11-14 18:46:11,568 INFO     ___FILE_ONLY___ ═
2024-11-14 18:46:11,568 INFO     ___FILE_ONLY___ ═
2024-11-14 18:46:11,569 INFO     ___FILE_ONLY___ ═
2024-11-14 18:46:11,570 INFO     ___FILE_ONLY___ ═
2024-11-14 18:46:11,571 INFO     ___FILE_ONLY___ ═
2024-11-14 18:46:11,571 INFO     ___FILE_ONLY___ ═
2024-11-14 18:46:11,572 INFO     ___FILE_ONLY___ ═
2024-11-14 18:46:11,573 INFO     ___FILE_ONLY___ ═
2024-11-14 18:46:11,573 INFO     ___FILE_ONLY___ ═
2024-11-14 18:46:11,574 INFO     ___FILE_ONLY___ ═
2024-11-14 18:46:11,575 INFO     ___FILE_ONLY___ ═
2024-11-14 18:46:11,575 INFO     ___FILE_ONLY___ ═
2024-11-14 18:46:11,576 INFO     ___FILE_ONLY___ ═
2024-11-14 18:46:11,577 INFO     ___FILE_ONLY___ ═
2024-11-14 18:46:11,578 INFO     ___FILE_ONLY___ ═
2024-11-14 18:46:11,578 INFO     ___FILE_ONLY___ ═
2024-11-14 18:46:11,579 INFO     ___FILE_ONLY___ ═
2024-11-14 18:46:11,580 INFO     ___FILE_ONLY___ ═
2024-11-14 18:46:11,580 INFO     ___FILE_ONLY___ ═
2024-11-14 18:46:11,581 INFO     ___FILE_ONLY___ ═
2024-11-14 18:46:11,582 INFO     ___FILE_ONLY___ ═
2024-11-14 18:46:11,582 INFO     ___FILE_ONLY___ ═
2024-11-14 18:46:11,583 INFO     ___FILE_ONLY___ ═
2024-11-14 18:46:11,584 INFO     ___FILE_ONLY___ ═
2024-11-14 18:46:11,584 INFO     ___FILE_ONLY___ ╝

2024-11-14 18:46:11,718 INFO     ___FILE_ONLY___ ╔════════════════════════════════════════════════════════════╗

2024-11-14 18:46:11,719 INFO     ___FILE_ONLY___ ╠═ Installing: Google Cloud CLI Core Libraries (Platform... ═╣

2024-11-14 18:46:11,719 INFO     ___FILE_ONLY___ ╚
2024-11-14 18:46:11,726 INFO     ___FILE_ONLY___ ══════════════════════════════
2024-11-14 18:46:11,727 INFO     ___FILE_ONLY___ ══════════════════════════════
2024-11-14 18:46:11,727 INFO     ___FILE_ONLY___ ╝

2024-11-14 18:46:11,846 INFO     ___FILE_ONLY___ ╔════════════════════════════════════════════════════════════╗

2024-11-14 18:46:11,846 INFO     ___FILE_ONLY___ ╠═ Installing: Minikube                                     ═╣

2024-11-14 18:46:11,846 INFO     ___FILE_ONLY___ ╚
2024-11-14 18:46:11,853 INFO     ___FILE_ONLY___ ════════════════════════════════════════════════════════════
2024-11-14 18:46:11,853 INFO     ___FILE_ONLY___ ╝

2024-11-14 18:46:11,968 INFO     ___FILE_ONLY___ ╔════════════════════════════════════════════════════════════╗

2024-11-14 18:46:11,968 INFO     ___FILE_ONLY___ ╠═ Installing: Minikube (Platform Specific)                 ═╣

2024-11-14 18:46:11,968 INFO     ___FILE_ONLY___ ╚
2024-11-14 18:46:12,306 INFO     ___FILE_ONLY___ ════════════════════════════════════════════════════════════
2024-11-14 18:46:12,306 INFO     ___FILE_ONLY___ ╝

2024-11-14 18:46:12,424 INFO     ___FILE_ONLY___ ╔════════════════════════════════════════════════════════════╗

2024-11-14 18:46:12,424 INFO     ___FILE_ONLY___ ╠═ Installing: Skaffold                                     ═╣

2024-11-14 18:46:12,424 INFO     ___FILE_ONLY___ ╚
2024-11-14 18:46:12,427 INFO     ___FILE_ONLY___ ════════════════════════════════════════════════════════════
2024-11-14 18:46:12,427 INFO     ___FILE_ONLY___ ╝

2024-11-14 18:46:12,544 INFO     ___FILE_ONLY___ ╔════════════════════════════════════════════════════════════╗

2024-11-14 18:46:12,544 INFO     ___FILE_ONLY___ ╠═ Installing: Skaffold (Platform Specific)                 ═╣

2024-11-14 18:46:12,544 INFO     ___FILE_ONLY___ ╚
2024-11-14 18:46:12,822 INFO     ___FILE_ONLY___ ════════════════════════════════════════════════════════════
2024-11-14 18:46:12,822 INFO     ___FILE_ONLY___ ╝

2024-11-14 18:46:12,937 INFO     ___FILE_ONLY___ ╔════════════════════════════════════════════════════════════╗

2024-11-14 18:46:12,938 INFO     ___FILE_ONLY___ ╠═ Installing: gcloud Alpha Commands                        ═╣

2024-11-14 18:46:12,938 INFO     ___FILE_ONLY___ ╚
2024-11-14 18:46:12,940 INFO     ___FILE_ONLY___ ════════════════════════════════════════════════════════════
2024-11-14 18:46:12,940 INFO     ___FILE_ONLY___ ╝

2024-11-14 18:46:13,059 INFO     ___FILE_ONLY___ ╔════════════════════════════════════════════════════════════╗

2024-11-14 18:46:13,059 INFO     ___FILE_ONLY___ ╠═ Installing: gcloud Beta Commands                         ═╣

2024-11-14 18:46:13,059 INFO     ___FILE_ONLY___ ╚
2024-11-14 18:46:13,062 INFO     ___FILE_ONLY___ ════════════════════════════════════════════════════════════
2024-11-14 18:46:13,062 INFO     ___FILE_ONLY___ ╝

2024-11-14 18:46:13,182 INFO     ___FILE_ONLY___ ╔════════════════════════════════════════════════════════════╗

2024-11-14 18:46:13,183 INFO     ___FILE_ONLY___ ╠═ Installing: gcloud cli dependencies (Platform Specific)  ═╣

2024-11-14 18:46:13,183 INFO     ___FILE_ONLY___ ╚
2024-11-14 18:46:13,185 INFO     ___FILE_ONLY___ ════════════════════════════════════════════════════════════
2024-11-14 18:46:13,185 INFO     ___FILE_ONLY___ ╝

2024-11-14 18:46:13,307 INFO     ___FILE_ONLY___ ╔════════════════════════════════════════════════════════════╗

2024-11-14 18:46:13,308 INFO     ___FILE_ONLY___ ╠═ Installing: gke-gcloud-auth-plugin                       ═╣

2024-11-14 18:46:13,308 INFO     ___FILE_ONLY___ ╚
2024-11-14 18:46:13,314 INFO     ___FILE_ONLY___ ════════════════════════════════════════════════════════════
2024-11-14 18:46:13,314 INFO     ___FILE_ONLY___ ╝

2024-11-14 18:46:13,439 INFO     ___FILE_ONLY___ ╔════════════════════════════════════════════════════════════╗

2024-11-14 18:46:13,440 INFO     ___FILE_ONLY___ ╠═ Installing: gke-gcloud-auth-plugin (Platform Specific)   ═╣

2024-11-14 18:46:13,440 INFO     ___FILE_ONLY___ ╚
2024-11-14 18:46:13,509 INFO     ___FILE_ONLY___ ════════════════════════════════════════════════════════════
2024-11-14 18:46:13,509 INFO     ___FILE_ONLY___ ╝

2024-11-14 18:46:13,625 INFO     ___FILE_ONLY___ ╔════════════════════════════════════════════════════════════╗

2024-11-14 18:46:13,626 INFO     ___FILE_ONLY___ ╠═ Installing: kubectl                                      ═╣

2024-11-14 18:46:13,626 INFO     ___FILE_ONLY___ ╚
2024-11-14 18:46:13,629 INFO     ___FILE_ONLY___ ════════════════════════════════════════════════════════════
2024-11-14 18:46:13,629 INFO     ___FILE_ONLY___ ╝

2024-11-14 18:46:13,753 INFO     ___FILE_ONLY___ ╔════════════════════════════════════════════════════════════╗

2024-11-14 18:46:13,753 INFO     ___FILE_ONLY___ ╠═ Installing: kubectl (Platform Specific)                  ═╣

2024-11-14 18:46:13,753 INFO     ___FILE_ONLY___ ╚
2024-11-14 18:46:14,298 INFO     ___FILE_ONLY___ ══════════
2024-11-14 18:46:14,394 INFO     ___FILE_ONLY___ ══════════
2024-11-14 18:46:14,489 INFO     ___FILE_ONLY___ ══════════
2024-11-14 18:46:14,591 INFO     ___FILE_ONLY___ ══════════
2024-11-14 18:46:14,690 INFO     ___FILE_ONLY___ ══════════
2024-11-14 18:46:14,796 INFO     ___FILE_ONLY___ ══════════
2024-11-14 18:46:14,796 INFO     ___FILE_ONLY___ ╝

2024-11-14 18:46:14,815 DEBUG    root            Updating notification cache...
2024-11-14 18:46:14,816 INFO     ___FILE_ONLY___ 

2024-11-14 18:46:14,929 INFO     ___FILE_ONLY___ Performing post processing steps...
2024-11-14 18:46:14,929 DEBUG    root            Executing command: ['/Users/wbrunson/Library/Application Support/cloud-code/installer/google-cloud-sdk/bin/gcloud', 'components', 'post-process', '--no-compile-python']
2024-11-14 18:46:16,543 DEBUG    ___FILE_ONLY___ 
2024-11-14 18:46:16,543 DEBUG    ___FILE_ONLY___ 
2024-11-14 18:46:16,712 INFO     ___FILE_ONLY___ 
Update done!


2024-11-14 18:46:18,429 WARNING  root              There are other instances of Google Cloud tools on your system PATH.
  Please remove the following to avoid confusion or accidental invocation:

  /Applications/Rancher Desktop.app/Contents/Resources/resources/darwin/bin/kuberlr

  
2024-11-14 18:46:20,083 DEBUG    root            Chosen display Format:none
2024-11-14 18:46:20,083 INFO     root            Display format: "none"
2024-11-14 18:46:20,089 DEBUG    root            Executing command: ['curl', '--silent', '-O', 'https://dl.google.com/dl/cloudsdk/channels/rapid/python-3.11.6-macos11.tar.gz']
2024-11-14 18:46:33,334 DEBUG    root            Executing command: ['tar', '-xf', 'python-3.11.6-macos11.tar.gz']
2024-11-14 18:46:33,509 DEBUG    root            Executing command: ['sudo', 'installer', '-target', '/', '-pkg', './python-3.11.6-macos11.pkg']
