2024-11-14 18:40:43,432 DEBUG    root            Loaded Command Group: ['gcloud', 'components']
2024-11-14 18:40:43,440 DEBUG    root            Loaded Command Group: ['gcloud', 'components', 'install']
2024-11-14 18:40:43,440 DEBUG    root            Running [gcloud.components.install] with arguments: [--no-compile-python: "False", --quiet: "True", COMPONENT-IDS:6: "['alpha', 'beta', 'gke-gcloud-auth-plugin', 'kubectl', 'skaffold', 'minikube']"]
2024-11-14 18:40:43,450 DEBUG    urllib3.connectionpool Starting new HTTPS connection (1): dl.google.com:443
2024-11-14 18:40:43,651 DEBUG    urllib3.connectionpool https://dl.google.com:443 "GET /dl/cloudsdk/channels/rapid/components-v501.0.0.json HTTP/1.1" 200 226997
2024-11-14 18:40:43,762 INFO     ___FILE_ONLY___ 

2024-11-14 18:40:43,764 INFO     ___FILE_ONLY___ 
Your current Google Cloud CLI version is: 501.0.0

2024-11-14 18:40:43,764 INFO     ___FILE_ONLY___ Installing components from version: 501.0.0

2024-11-14 18:40:43,764 INFO     ___FILE_ONLY___ 

2024-11-14 18:40:43,764 DEBUG    root            Chosen display Format:table[box,title="These components will be removed."](details.display_name:label=Name:align=left,version.version_string:label=Version:align=right,data.size.size(zero="",min=1048576):label=Size:align=right)
2024-11-14 18:40:43,765 DEBUG    root            Chosen display Format:table[box,title="These components will be updated."](details.display_name:label=Name:align=left,version.version_string:label=Version:align=right,data.size.size(zero="",min=1048576):label=Size:align=right)
2024-11-14 18:40:43,765 DEBUG    root            Chosen display Format:table[box,title="These components will be installed."](details.display_name:label=Name:align=left,version.version_string:label=Version:align=right,data.size.size(zero="",min=1048576):label=Size:align=right)
2024-11-14 18:40:43,787 INFO     ___FILE_ONLY___ ┌─────────────────────────────────────────────────────────────────────────────┐
2024-11-14 18:40:43,787 INFO     ___FILE_ONLY___ 

2024-11-14 18:40:43,787 INFO     ___FILE_ONLY___ │                     These components will be installed.                     │
2024-11-14 18:40:43,787 INFO     ___FILE_ONLY___ 

2024-11-14 18:40:43,787 INFO     ___FILE_ONLY___ ├─────────────────────────────────────────────────────┬────────────┬──────────┤
2024-11-14 18:40:43,787 INFO     ___FILE_ONLY___ 

2024-11-14 18:40:43,787 INFO     ___FILE_ONLY___ │                         Name                        │  Version   │   Size   │
2024-11-14 18:40:43,787 INFO     ___FILE_ONLY___ 

2024-11-14 18:40:43,787 INFO     ___FILE_ONLY___ ├─────────────────────────────────────────────────────┼────────────┼──────────┤
2024-11-14 18:40:43,787 INFO     ___FILE_ONLY___ 

2024-11-14 18:40:43,787 INFO     ___FILE_ONLY___ │ 
2024-11-14 18:40:43,787 INFO     ___FILE_ONLY___ Google Cloud CLI Core Libraries (Platform Specific)
2024-11-14 18:40:43,787 INFO     ___FILE_ONLY___  
2024-11-14 18:40:43,787 INFO     ___FILE_ONLY___ │ 
2024-11-14 18:40:43,787 INFO     ___FILE_ONLY___ 2024.08.30
2024-11-14 18:40:43,787 INFO     ___FILE_ONLY___  
2024-11-14 18:40:43,787 INFO     ___FILE_ONLY___ │ 
2024-11-14 18:40:43,787 INFO     ___FILE_ONLY___  < 1 MiB
2024-11-14 18:40:43,787 INFO     ___FILE_ONLY___  
2024-11-14 18:40:43,787 INFO     ___FILE_ONLY___ │
2024-11-14 18:40:43,787 INFO     ___FILE_ONLY___ 

2024-11-14 18:40:43,787 INFO     ___FILE_ONLY___ │ 
2024-11-14 18:40:43,787 INFO     ___FILE_ONLY___ Minikube (Platform Specific)                       
2024-11-14 18:40:43,787 INFO     ___FILE_ONLY___  
2024-11-14 18:40:43,787 INFO     ___FILE_ONLY___ │ 
2024-11-14 18:40:43,788 INFO     ___FILE_ONLY___     1.34.0
2024-11-14 18:40:43,788 INFO     ___FILE_ONLY___  
2024-11-14 18:40:43,788 INFO     ___FILE_ONLY___ │ 
2024-11-14 18:40:43,788 INFO     ___FILE_ONLY___ 37.2 MiB
2024-11-14 18:40:43,788 INFO     ___FILE_ONLY___  
2024-11-14 18:40:43,788 INFO     ___FILE_ONLY___ │
2024-11-14 18:40:43,788 INFO     ___FILE_ONLY___ 

2024-11-14 18:40:43,788 INFO     ___FILE_ONLY___ │ 
2024-11-14 18:40:43,788 INFO     ___FILE_ONLY___ Skaffold (Platform Specific)                       
2024-11-14 18:40:43,788 INFO     ___FILE_ONLY___  
2024-11-14 18:40:43,788 INFO     ___FILE_ONLY___ │ 
2024-11-14 18:40:43,788 INFO     ___FILE_ONLY___     2.13.1
2024-11-14 18:40:43,788 INFO     ___FILE_ONLY___  
2024-11-14 18:40:43,788 INFO     ___FILE_ONLY___ │ 
2024-11-14 18:40:43,788 INFO     ___FILE_ONLY___ 22.9 MiB
2024-11-14 18:40:43,788 INFO     ___FILE_ONLY___  
2024-11-14 18:40:43,788 INFO     ___FILE_ONLY___ │
2024-11-14 18:40:43,788 INFO     ___FILE_ONLY___ 

2024-11-14 18:40:43,788 INFO     ___FILE_ONLY___ │ 
2024-11-14 18:40:43,788 INFO     ___FILE_ONLY___ gcloud Alpha Commands                              
2024-11-14 18:40:43,788 INFO     ___FILE_ONLY___  
2024-11-14 18:40:43,788 INFO     ___FILE_ONLY___ │ 
2024-11-14 18:40:43,788 INFO     ___FILE_ONLY___ 2024.11.08
2024-11-14 18:40:43,788 INFO     ___FILE_ONLY___  
2024-11-14 18:40:43,788 INFO     ___FILE_ONLY___ │ 
2024-11-14 18:40:43,788 INFO     ___FILE_ONLY___  < 1 MiB
2024-11-14 18:40:43,788 INFO     ___FILE_ONLY___  
2024-11-14 18:40:43,788 INFO     ___FILE_ONLY___ │
2024-11-14 18:40:43,788 INFO     ___FILE_ONLY___ 

2024-11-14 18:40:43,788 INFO     ___FILE_ONLY___ │ 
2024-11-14 18:40:43,788 INFO     ___FILE_ONLY___ gcloud Beta Commands                               
2024-11-14 18:40:43,788 INFO     ___FILE_ONLY___  
2024-11-14 18:40:43,788 INFO     ___FILE_ONLY___ │ 
2024-11-14 18:40:43,788 INFO     ___FILE_ONLY___ 2024.11.08
2024-11-14 18:40:43,788 INFO     ___FILE_ONLY___  
2024-11-14 18:40:43,788 INFO     ___FILE_ONLY___ │ 
2024-11-14 18:40:43,788 INFO     ___FILE_ONLY___  < 1 MiB
2024-11-14 18:40:43,788 INFO     ___FILE_ONLY___  
2024-11-14 18:40:43,788 INFO     ___FILE_ONLY___ │
2024-11-14 18:40:43,789 INFO     ___FILE_ONLY___ 

2024-11-14 18:40:43,789 INFO     ___FILE_ONLY___ │ 
2024-11-14 18:40:43,789 INFO     ___FILE_ONLY___ gcloud cli dependencies (Platform Specific)        
2024-11-14 18:40:43,789 INFO     ___FILE_ONLY___  
2024-11-14 18:40:43,789 INFO     ___FILE_ONLY___ │ 
2024-11-14 18:40:43,789 INFO     ___FILE_ONLY___ 2021.04.16
2024-11-14 18:40:43,789 INFO     ___FILE_ONLY___  
2024-11-14 18:40:43,789 INFO     ___FILE_ONLY___ │ 
2024-11-14 18:40:43,789 INFO     ___FILE_ONLY___  < 1 MiB
2024-11-14 18:40:43,789 INFO     ___FILE_ONLY___  
2024-11-14 18:40:43,789 INFO     ___FILE_ONLY___ │
2024-11-14 18:40:43,789 INFO     ___FILE_ONLY___ 

2024-11-14 18:40:43,789 INFO     ___FILE_ONLY___ │ 
2024-11-14 18:40:43,789 INFO     ___FILE_ONLY___ gke-gcloud-auth-plugin (Platform Specific)         
2024-11-14 18:40:43,789 INFO     ___FILE_ONLY___  
2024-11-14 18:40:43,789 INFO     ___FILE_ONLY___ │ 
2024-11-14 18:40:43,789 INFO     ___FILE_ONLY___      0.5.9
2024-11-14 18:40:43,789 INFO     ___FILE_ONLY___  
2024-11-14 18:40:43,789 INFO     ___FILE_ONLY___ │ 
2024-11-14 18:40:43,789 INFO     ___FILE_ONLY___  4.0 MiB
2024-11-14 18:40:43,789 INFO     ___FILE_ONLY___  
2024-11-14 18:40:43,789 INFO     ___FILE_ONLY___ │
2024-11-14 18:40:43,789 INFO     ___FILE_ONLY___ 

2024-11-14 18:40:43,789 INFO     ___FILE_ONLY___ │ 
2024-11-14 18:40:43,789 INFO     ___FILE_ONLY___ kubectl                                            
2024-11-14 18:40:43,789 INFO     ___FILE_ONLY___  
2024-11-14 18:40:43,789 INFO     ___FILE_ONLY___ │ 
2024-11-14 18:40:43,789 INFO     ___FILE_ONLY___     1.30.5
2024-11-14 18:40:43,789 INFO     ___FILE_ONLY___  
2024-11-14 18:40:43,789 INFO     ___FILE_ONLY___ │ 
2024-11-14 18:40:43,789 INFO     ___FILE_ONLY___  < 1 MiB
2024-11-14 18:40:43,789 INFO     ___FILE_ONLY___  
2024-11-14 18:40:43,789 INFO     ___FILE_ONLY___ │
2024-11-14 18:40:43,789 INFO     ___FILE_ONLY___ 

2024-11-14 18:40:43,789 INFO     ___FILE_ONLY___ │ 
2024-11-14 18:40:43,789 INFO     ___FILE_ONLY___ kubectl (Platform Specific)                        
2024-11-14 18:40:43,789 INFO     ___FILE_ONLY___  
2024-11-14 18:40:43,789 INFO     ___FILE_ONLY___ │ 
2024-11-14 18:40:43,789 INFO     ___FILE_ONLY___     1.30.6
2024-11-14 18:40:43,789 INFO     ___FILE_ONLY___  
2024-11-14 18:40:43,790 INFO     ___FILE_ONLY___ │ 
2024-11-14 18:40:43,790 INFO     ___FILE_ONLY___ 86.1 MiB
2024-11-14 18:40:43,790 INFO     ___FILE_ONLY___  
2024-11-14 18:40:43,790 INFO     ___FILE_ONLY___ │
2024-11-14 18:40:43,790 INFO     ___FILE_ONLY___ 

2024-11-14 18:40:43,790 INFO     ___FILE_ONLY___ └─────────────────────────────────────────────────────┴────────────┴──────────┘
2024-11-14 18:40:43,790 INFO     ___FILE_ONLY___ 

2024-11-14 18:40:43,790 INFO     ___FILE_ONLY___ 

2024-11-14 18:40:43,792 DEBUG    urllib3.connectionpool Starting new HTTPS connection (1): dl.google.com:443
2024-11-14 18:40:44,016 DEBUG    urllib3.connectionpool https://dl.google.com:443 "GET /dl/cloudsdk/channels/rapid/RELEASE_NOTES HTTP/1.1" 200 1311270
2024-11-14 18:40:44,259 INFO     ___FILE_ONLY___ For the latest full release notes, please visit:
  https://cloud.google.com/sdk/release_notes


2024-11-14 18:40:44,260 INFO     ___FILE_ONLY___ Performing in place update...


2024-11-14 18:40:44,433 INFO     ___FILE_ONLY___ ╔════════════════════════════════════════════════════════════╗

2024-11-14 18:40:44,433 INFO     ___FILE_ONLY___ ╠═ Downloading: Google Cloud CLI Core Libraries (Platfor... ═╣

2024-11-14 18:40:44,434 INFO     ___FILE_ONLY___ ╚
2024-11-14 18:40:44,439 DEBUG    urllib3.connectionpool Starting new HTTPS connection (1): dl.google.com:443
2024-11-14 18:40:44,659 DEBUG    urllib3.connectionpool https://dl.google.com:443 "GET /dl/cloudsdk/channels/rapid/components/google-cloud-sdk-core-nix-20240830134514.tar.gz HTTP/1.1" 200 2306
2024-11-14 18:40:44,664 INFO     ___FILE_ONLY___ ════════════════════════════════════════════════════════════
2024-11-14 18:40:44,665 INFO     ___FILE_ONLY___ ╝

2024-11-14 18:40:44,872 INFO     ___FILE_ONLY___ ╔════════════════════════════════════════════════════════════╗

2024-11-14 18:40:44,873 INFO     ___FILE_ONLY___ ╠═ Downloading: Minikube                                    ═╣

2024-11-14 18:40:44,873 INFO     ___FILE_ONLY___ ╚
2024-11-14 18:40:44,873 INFO     ___FILE_ONLY___ ════════════════════════════════════════════════════════════
2024-11-14 18:40:44,873 INFO     ___FILE_ONLY___ ╝

2024-11-14 18:40:45,061 INFO     ___FILE_ONLY___ ╔════════════════════════════════════════════════════════════╗

2024-11-14 18:40:45,062 INFO     ___FILE_ONLY___ ╠═ Downloading: Minikube (Platform Specific)                ═╣

2024-11-14 18:40:45,062 INFO     ___FILE_ONLY___ ╚
2024-11-14 18:40:45,071 DEBUG    urllib3.connectionpool Starting new HTTPS connection (1): dl.google.com:443
2024-11-14 18:40:45,479 DEBUG    urllib3.connectionpool https://dl.google.com:443 "GET /dl/cloudsdk/channels/rapid/components/google-cloud-sdk-minikube-darwin-arm-20240927140238.tar.gz HTTP/1.1" 200 38981244
2024-11-14 18:40:56,847 INFO     ___FILE_ONLY___ ═
2024-11-14 18:40:56,848 INFO     ___FILE_ONLY___ ═
2024-11-14 18:40:56,849 INFO     ___FILE_ONLY___ ═
2024-11-14 18:40:56,849 INFO     ___FILE_ONLY___ ═
2024-11-14 18:40:56,850 INFO     ___FILE_ONLY___ ═
2024-11-14 18:40:56,850 INFO     ___FILE_ONLY___ ═
2024-11-14 18:40:56,851 INFO     ___FILE_ONLY___ ═
2024-11-14 18:40:56,851 INFO     ___FILE_ONLY___ ═
2024-11-14 18:40:56,851 INFO     ___FILE_ONLY___ ═
2024-11-14 18:40:56,852 INFO     ___FILE_ONLY___ ═
2024-11-14 18:40:56,852 INFO     ___FILE_ONLY___ ═
2024-11-14 18:40:56,853 INFO     ___FILE_ONLY___ ═
2024-11-14 18:40:56,854 INFO     ___FILE_ONLY___ ═
2024-11-14 18:40:56,854 INFO     ___FILE_ONLY___ ═
2024-11-14 18:40:56,855 INFO     ___FILE_ONLY___ ═
2024-11-14 18:40:56,855 INFO     ___FILE_ONLY___ ═
2024-11-14 18:40:56,855 INFO     ___FILE_ONLY___ ═
2024-11-14 18:40:56,856 INFO     ___FILE_ONLY___ ═
2024-11-14 18:40:56,856 INFO     ___FILE_ONLY___ ═
2024-11-14 18:40:56,857 INFO     ___FILE_ONLY___ ═
2024-11-14 18:40:56,857 INFO     ___FILE_ONLY___ ═
2024-11-14 18:40:56,858 INFO     ___FILE_ONLY___ ═
2024-11-14 18:40:56,858 INFO     ___FILE_ONLY___ ═
2024-11-14 18:40:56,858 INFO     ___FILE_ONLY___ ═
2024-11-14 18:40:56,859 INFO     ___FILE_ONLY___ ═
2024-11-14 18:40:56,859 INFO     ___FILE_ONLY___ ═
2024-11-14 18:40:56,860 INFO     ___FILE_ONLY___ ═
2024-11-14 18:40:56,860 INFO     ___FILE_ONLY___ ═
2024-11-14 18:40:56,861 INFO     ___FILE_ONLY___ ═
2024-11-14 18:40:56,861 INFO     ___FILE_ONLY___ ═
2024-11-14 18:40:56,862 INFO     ___FILE_ONLY___ ═
2024-11-14 18:40:56,862 INFO     ___FILE_ONLY___ ═
2024-11-14 18:40:56,863 INFO     ___FILE_ONLY___ ═
2024-11-14 18:40:56,863 INFO     ___FILE_ONLY___ ═
2024-11-14 18:40:56,863 INFO     ___FILE_ONLY___ ═
2024-11-14 18:40:56,864 INFO     ___FILE_ONLY___ ═
2024-11-14 18:40:56,864 INFO     ___FILE_ONLY___ ═
2024-11-14 18:40:56,865 INFO     ___FILE_ONLY___ ═
2024-11-14 18:40:56,865 INFO     ___FILE_ONLY___ ═
2024-11-14 18:40:56,866 INFO     ___FILE_ONLY___ ═
2024-11-14 18:40:56,866 INFO     ___FILE_ONLY___ ═
2024-11-14 18:40:56,867 INFO     ___FILE_ONLY___ ═
2024-11-14 18:40:56,867 INFO     ___FILE_ONLY___ ═
2024-11-14 18:40:56,867 INFO     ___FILE_ONLY___ ═
2024-11-14 18:40:56,868 INFO     ___FILE_ONLY___ ═
2024-11-14 18:40:56,868 INFO     ___FILE_ONLY___ ═
2024-11-14 18:40:56,869 INFO     ___FILE_ONLY___ ═
2024-11-14 18:40:56,869 INFO     ___FILE_ONLY___ ═
2024-11-14 18:40:56,869 INFO     ___FILE_ONLY___ ═
2024-11-14 18:40:56,870 INFO     ___FILE_ONLY___ ═
2024-11-14 18:40:56,870 INFO     ___FILE_ONLY___ ═
2024-11-14 18:40:56,871 INFO     ___FILE_ONLY___ ═
2024-11-14 18:40:56,871 INFO     ___FILE_ONLY___ ═
2024-11-14 18:40:56,871 INFO     ___FILE_ONLY___ ═
2024-11-14 18:40:56,872 INFO     ___FILE_ONLY___ ═
2024-11-14 18:40:56,872 INFO     ___FILE_ONLY___ ═
2024-11-14 18:40:56,872 INFO     ___FILE_ONLY___ ═
2024-11-14 18:40:56,873 INFO     ___FILE_ONLY___ ═
2024-11-14 18:40:56,873 INFO     ___FILE_ONLY___ ═
2024-11-14 18:40:56,873 INFO     ___FILE_ONLY___ ═
2024-11-14 18:40:56,874 INFO     ___FILE_ONLY___ ╝

2024-11-14 18:40:56,996 INFO     ___FILE_ONLY___ ╔════════════════════════════════════════════════════════════╗

2024-11-14 18:40:56,997 INFO     ___FILE_ONLY___ ╠═ Downloading: Skaffold                                    ═╣

2024-11-14 18:40:56,997 INFO     ___FILE_ONLY___ ╚
2024-11-14 18:40:56,997 INFO     ___FILE_ONLY___ ════════════════════════════════════════════════════════════
2024-11-14 18:40:56,997 INFO     ___FILE_ONLY___ ╝

2024-11-14 18:40:57,115 INFO     ___FILE_ONLY___ ╔════════════════════════════════════════════════════════════╗

2024-11-14 18:40:57,116 INFO     ___FILE_ONLY___ ╠═ Downloading: Skaffold (Platform Specific)                ═╣

2024-11-14 18:40:57,116 INFO     ___FILE_ONLY___ ╚
2024-11-14 18:40:57,122 DEBUG    urllib3.connectionpool Starting new HTTPS connection (1): dl.google.com:443
2024-11-14 18:40:57,567 DEBUG    urllib3.connectionpool https://dl.google.com:443 "GET /dl/cloudsdk/channels/rapid/components/google-cloud-sdk-skaffold-darwin-arm-20240806142304.tar.gz HTTP/1.1" 200 24031362
2024-11-14 18:41:01,745 INFO     ___FILE_ONLY___ ═
2024-11-14 18:41:01,746 INFO     ___FILE_ONLY___ ═
2024-11-14 18:41:01,747 INFO     ___FILE_ONLY___ ═
2024-11-14 18:41:01,747 INFO     ___FILE_ONLY___ ═
2024-11-14 18:41:01,747 INFO     ___FILE_ONLY___ ═
2024-11-14 18:41:01,748 INFO     ___FILE_ONLY___ ═
2024-11-14 18:41:01,748 INFO     ___FILE_ONLY___ ═
2024-11-14 18:41:01,749 INFO     ___FILE_ONLY___ ═
2024-11-14 18:41:01,749 INFO     ___FILE_ONLY___ ═
2024-11-14 18:41:01,750 INFO     ___FILE_ONLY___ ═
2024-11-14 18:41:01,750 INFO     ___FILE_ONLY___ ═
2024-11-14 18:41:01,750 INFO     ___FILE_ONLY___ ═
2024-11-14 18:41:01,751 INFO     ___FILE_ONLY___ ═
2024-11-14 18:41:01,751 INFO     ___FILE_ONLY___ ═
2024-11-14 18:41:01,752 INFO     ___FILE_ONLY___ ═
2024-11-14 18:41:01,752 INFO     ___FILE_ONLY___ ═
2024-11-14 18:41:01,752 INFO     ___FILE_ONLY___ ═
2024-11-14 18:41:01,753 INFO     ___FILE_ONLY___ ═
2024-11-14 18:41:01,753 INFO     ___FILE_ONLY___ ═
2024-11-14 18:41:01,754 INFO     ___FILE_ONLY___ ═
2024-11-14 18:41:01,754 INFO     ___FILE_ONLY___ ═
2024-11-14 18:41:01,755 INFO     ___FILE_ONLY___ ═
2024-11-14 18:41:01,756 INFO     ___FILE_ONLY___ ═
2024-11-14 18:41:01,757 INFO     ___FILE_ONLY___ ═
2024-11-14 18:41:01,757 INFO     ___FILE_ONLY___ ═
2024-11-14 18:41:01,758 INFO     ___FILE_ONLY___ ═
2024-11-14 18:41:01,758 INFO     ___FILE_ONLY___ ═
2024-11-14 18:41:01,758 INFO     ___FILE_ONLY___ ═
2024-11-14 18:41:01,759 INFO     ___FILE_ONLY___ ═
2024-11-14 18:41:01,759 INFO     ___FILE_ONLY___ ═
2024-11-14 18:41:01,759 INFO     ___FILE_ONLY___ ═
2024-11-14 18:41:01,760 INFO     ___FILE_ONLY___ ═
2024-11-14 18:41:01,760 INFO     ___FILE_ONLY___ ═
2024-11-14 18:41:01,761 INFO     ___FILE_ONLY___ ═
2024-11-14 18:41:01,761 INFO     ___FILE_ONLY___ ═
2024-11-14 18:41:01,761 INFO     ___FILE_ONLY___ ═
2024-11-14 18:41:01,762 INFO     ___FILE_ONLY___ ═
2024-11-14 18:41:01,762 INFO     ___FILE_ONLY___ ═
2024-11-14 18:41:01,763 INFO     ___FILE_ONLY___ ═
2024-11-14 18:41:01,763 INFO     ___FILE_ONLY___ ═
2024-11-14 18:41:01,763 INFO     ___FILE_ONLY___ ═
2024-11-14 18:41:01,764 INFO     ___FILE_ONLY___ ═
2024-11-14 18:41:01,765 INFO     ___FILE_ONLY___ ═
2024-11-14 18:41:01,765 INFO     ___FILE_ONLY___ ═
2024-11-14 18:41:01,766 INFO     ___FILE_ONLY___ ═
2024-11-14 18:41:01,766 INFO     ___FILE_ONLY___ ═
2024-11-14 18:41:01,767 INFO     ___FILE_ONLY___ ═
2024-11-14 18:41:01,767 INFO     ___FILE_ONLY___ ═
2024-11-14 18:41:01,767 INFO     ___FILE_ONLY___ ═
2024-11-14 18:41:01,768 INFO     ___FILE_ONLY___ ═
2024-11-14 18:41:01,768 INFO     ___FILE_ONLY___ ═
2024-11-14 18:41:01,768 INFO     ___FILE_ONLY___ ═
2024-11-14 18:41:01,768 INFO     ___FILE_ONLY___ ═
2024-11-14 18:41:01,769 INFO     ___FILE_ONLY___ ═
2024-11-14 18:41:01,769 INFO     ___FILE_ONLY___ ═
2024-11-14 18:41:01,769 INFO     ___FILE_ONLY___ ═
2024-11-14 18:41:01,770 INFO     ___FILE_ONLY___ ═
2024-11-14 18:41:01,770 INFO     ___FILE_ONLY___ ═
2024-11-14 18:41:01,770 INFO     ___FILE_ONLY___ ═
2024-11-14 18:41:01,771 INFO     ___FILE_ONLY___ ═
2024-11-14 18:41:01,771 INFO     ___FILE_ONLY___ ╝

2024-11-14 18:41:01,901 INFO     ___FILE_ONLY___ ╔════════════════════════════════════════════════════════════╗

2024-11-14 18:41:01,901 INFO     ___FILE_ONLY___ ╠═ Downloading: gcloud Alpha Commands                       ═╣

2024-11-14 18:41:01,901 INFO     ___FILE_ONLY___ ╚
2024-11-14 18:41:01,904 DEBUG    urllib3.connectionpool Starting new HTTPS connection (1): dl.google.com:443
2024-11-14 18:41:02,139 DEBUG    urllib3.connectionpool https://dl.google.com:443 "GET /dl/cloudsdk/channels/rapid/components/google-cloud-sdk-alpha-20241108162203.tar.gz HTTP/1.1" 200 800
2024-11-14 18:41:02,142 INFO     ___FILE_ONLY___ ════════════════════════════════════════════════════════════
2024-11-14 18:41:02,142 INFO     ___FILE_ONLY___ ╝

2024-11-14 18:41:02,292 INFO     ___FILE_ONLY___ ╔════════════════════════════════════════════════════════════╗

2024-11-14 18:41:02,292 INFO     ___FILE_ONLY___ ╠═ Downloading: gcloud Beta Commands                        ═╣

2024-11-14 18:41:02,292 INFO     ___FILE_ONLY___ ╚
2024-11-14 18:41:02,297 DEBUG    urllib3.connectionpool Starting new HTTPS connection (1): dl.google.com:443
2024-11-14 18:41:02,514 DEBUG    urllib3.connectionpool https://dl.google.com:443 "GET /dl/cloudsdk/channels/rapid/components/google-cloud-sdk-beta-20241108162203.tar.gz HTTP/1.1" 200 797
2024-11-14 18:41:02,516 INFO     ___FILE_ONLY___ ════════════════════════════════════════════════════════════
2024-11-14 18:41:02,517 INFO     ___FILE_ONLY___ ╝

2024-11-14 18:41:02,678 INFO     ___FILE_ONLY___ ╔════════════════════════════════════════════════════════════╗

2024-11-14 18:41:02,678 INFO     ___FILE_ONLY___ ╠═ Downloading: gcloud cli dependencies (Platform Specific) ═╣

2024-11-14 18:41:02,679 INFO     ___FILE_ONLY___ ╚
2024-11-14 18:41:02,685 DEBUG    urllib3.connectionpool Starting new HTTPS connection (1): dl.google.com:443
2024-11-14 18:41:02,957 DEBUG    urllib3.connectionpool https://dl.google.com:443 "GET /dl/cloudsdk/channels/rapid/components/google-cloud-sdk-gcloud-deps-darwin-x86_64-20210416153011.tar.gz HTTP/1.1" 200 105
2024-11-14 18:41:02,961 INFO     ___FILE_ONLY___ ════════════════════════════════════════════════════════════
2024-11-14 18:41:02,961 INFO     ___FILE_ONLY___ ╝

2024-11-14 18:41:03,106 INFO     ___FILE_ONLY___ ╔════════════════════════════════════════════════════════════╗

2024-11-14 18:41:03,107 INFO     ___FILE_ONLY___ ╠═ Downloading: gke-gcloud-auth-plugin                      ═╣

2024-11-14 18:41:03,107 INFO     ___FILE_ONLY___ ╚
2024-11-14 18:41:03,107 INFO     ___FILE_ONLY___ ════════════════════════════════════════════════════════════
2024-11-14 18:41:03,107 INFO     ___FILE_ONLY___ ╝

2024-11-14 18:41:03,248 INFO     ___FILE_ONLY___ ╔════════════════════════════════════════════════════════════╗

2024-11-14 18:41:03,249 INFO     ___FILE_ONLY___ ╠═ Downloading: gke-gcloud-auth-plugin (Platform Specific)  ═╣

2024-11-14 18:41:03,249 INFO     ___FILE_ONLY___ ╚
2024-11-14 18:41:03,255 DEBUG    urllib3.connectionpool Starting new HTTPS connection (1): dl.google.com:443
2024-11-14 18:41:03,541 DEBUG    urllib3.connectionpool https://dl.google.com:443 "GET /dl/cloudsdk/channels/rapid/components/google-cloud-sdk-gke-gcloud-auth-plugin-darwin-arm-20240628141907.tar.gz HTTP/1.1" 200 4148014
2024-11-14 18:41:04,578 INFO     ___FILE_ONLY___ ═
2024-11-14 18:41:04,578 INFO     ___FILE_ONLY___ ═
2024-11-14 18:41:04,578 INFO     ___FILE_ONLY___ ═
2024-11-14 18:41:04,578 INFO     ___FILE_ONLY___ ═
2024-11-14 18:41:04,578 INFO     ___FILE_ONLY___ ═
2024-11-14 18:41:04,578 INFO     ___FILE_ONLY___ ═
2024-11-14 18:41:04,578 INFO     ___FILE_ONLY___ ═
2024-11-14 18:41:04,579 INFO     ___FILE_ONLY___ ═
2024-11-14 18:41:04,579 INFO     ___FILE_ONLY___ ═
2024-11-14 18:41:04,579 INFO     ___FILE_ONLY___ ═
2024-11-14 18:41:04,579 INFO     ___FILE_ONLY___ ═
2024-11-14 18:41:04,579 INFO     ___FILE_ONLY___ ═
2024-11-14 18:41:04,579 INFO     ___FILE_ONLY___ ═
2024-11-14 18:41:04,579 INFO     ___FILE_ONLY___ ═
2024-11-14 18:41:04,579 INFO     ___FILE_ONLY___ ═
2024-11-14 18:41:04,579 INFO     ___FILE_ONLY___ ═
2024-11-14 18:41:04,579 INFO     ___FILE_ONLY___ ═
2024-11-14 18:41:04,579 INFO     ___FILE_ONLY___ ═
2024-11-14 18:41:04,580 INFO     ___FILE_ONLY___ ═
2024-11-14 18:41:04,580 INFO     ___FILE_ONLY___ ═
2024-11-14 18:41:04,580 INFO     ___FILE_ONLY___ ═
2024-11-14 18:41:04,580 INFO     ___FILE_ONLY___ ═
2024-11-14 18:41:04,580 INFO     ___FILE_ONLY___ ═
2024-11-14 18:41:04,580 INFO     ___FILE_ONLY___ ═
2024-11-14 18:41:04,580 INFO     ___FILE_ONLY___ ═
2024-11-14 18:41:04,580 INFO     ___FILE_ONLY___ ═
2024-11-14 18:41:04,580 INFO     ___FILE_ONLY___ ═
2024-11-14 18:41:04,580 INFO     ___FILE_ONLY___ ═
2024-11-14 18:41:04,580 INFO     ___FILE_ONLY___ ═
2024-11-14 18:41:04,580 INFO     ___FILE_ONLY___ ═
2024-11-14 18:41:04,581 INFO     ___FILE_ONLY___ ═
2024-11-14 18:41:04,581 INFO     ___FILE_ONLY___ ═
2024-11-14 18:41:04,581 INFO     ___FILE_ONLY___ ═
2024-11-14 18:41:04,581 INFO     ___FILE_ONLY___ ═
2024-11-14 18:41:04,581 INFO     ___FILE_ONLY___ ═
2024-11-14 18:41:04,581 INFO     ___FILE_ONLY___ ═
2024-11-14 18:41:04,581 INFO     ___FILE_ONLY___ ═
2024-11-14 18:41:04,581 INFO     ___FILE_ONLY___ ═
2024-11-14 18:41:04,581 INFO     ___FILE_ONLY___ ═
2024-11-14 18:41:04,581 INFO     ___FILE_ONLY___ ═
2024-11-14 18:41:04,581 INFO     ___FILE_ONLY___ ═
2024-11-14 18:41:04,581 INFO     ___FILE_ONLY___ ═
2024-11-14 18:41:04,581 INFO     ___FILE_ONLY___ ═
2024-11-14 18:41:04,582 INFO     ___FILE_ONLY___ ═
2024-11-14 18:41:04,582 INFO     ___FILE_ONLY___ ═
2024-11-14 18:41:04,582 INFO     ___FILE_ONLY___ ═
2024-11-14 18:41:04,582 INFO     ___FILE_ONLY___ ═
2024-11-14 18:41:04,582 INFO     ___FILE_ONLY___ ═
2024-11-14 18:41:04,582 INFO     ___FILE_ONLY___ ═
2024-11-14 18:41:04,582 INFO     ___FILE_ONLY___ ═
2024-11-14 18:41:04,582 INFO     ___FILE_ONLY___ ═
2024-11-14 18:41:04,582 INFO     ___FILE_ONLY___ ═
2024-11-14 18:41:04,582 INFO     ___FILE_ONLY___ ═
2024-11-14 18:41:04,582 INFO     ___FILE_ONLY___ ═
2024-11-14 18:41:04,582 INFO     ___FILE_ONLY___ ═
2024-11-14 18:41:04,582 INFO     ___FILE_ONLY___ ═
2024-11-14 18:41:04,582 INFO     ___FILE_ONLY___ ═
2024-11-14 18:41:04,583 INFO     ___FILE_ONLY___ ═
2024-11-14 18:41:04,583 INFO     ___FILE_ONLY___ ═
2024-11-14 18:41:04,583 INFO     ___FILE_ONLY___ ═
2024-11-14 18:41:04,583 INFO     ___FILE_ONLY___ ╝

2024-11-14 18:41:04,712 INFO     ___FILE_ONLY___ ╔════════════════════════════════════════════════════════════╗

2024-11-14 18:41:04,713 INFO     ___FILE_ONLY___ ╠═ Downloading: kubectl                                     ═╣

2024-11-14 18:41:04,713 INFO     ___FILE_ONLY___ ╚
2024-11-14 18:41:04,721 DEBUG    urllib3.connectionpool Starting new HTTPS connection (1): dl.google.com:443
2024-11-14 18:41:04,965 DEBUG    urllib3.connectionpool https://dl.google.com:443 "GET /dl/cloudsdk/channels/rapid/components/google-cloud-sdk-kubectl-20241004144944.tar.gz HTTP/1.1" 200 36206
2024-11-14 18:41:05,011 INFO     ___FILE_ONLY___ ═══════════════════════════
2024-11-14 18:41:05,012 INFO     ___FILE_ONLY___ ═══════════════════════════
2024-11-14 18:41:05,012 INFO     ___FILE_ONLY___ ══════
2024-11-14 18:41:05,012 INFO     ___FILE_ONLY___ ╝

2024-11-14 18:41:05,158 INFO     ___FILE_ONLY___ ╔════════════════════════════════════════════════════════════╗

2024-11-14 18:41:05,159 INFO     ___FILE_ONLY___ ╠═ Downloading: kubectl (Platform Specific)                 ═╣

2024-11-14 18:41:05,159 INFO     ___FILE_ONLY___ ╚
2024-11-14 18:41:05,164 DEBUG    urllib3.connectionpool Starting new HTTPS connection (1): dl.google.com:443
2024-11-14 18:41:05,408 DEBUG    urllib3.connectionpool https://dl.google.com:443 "GET /dl/cloudsdk/channels/rapid/components/google-cloud-sdk-kubectl-darwin-arm-20241108162203.tar.gz HTTP/1.1" 200 90277960
2024-11-14 18:41:25,277 INFO     ___FILE_ONLY___ ═
2024-11-14 18:41:25,278 INFO     ___FILE_ONLY___ ═
2024-11-14 18:41:25,279 INFO     ___FILE_ONLY___ ═
2024-11-14 18:41:25,280 INFO     ___FILE_ONLY___ ═
2024-11-14 18:41:25,281 INFO     ___FILE_ONLY___ ═
2024-11-14 18:41:25,282 INFO     ___FILE_ONLY___ ═
2024-11-14 18:41:25,283 INFO     ___FILE_ONLY___ ═
2024-11-14 18:41:25,283 INFO     ___FILE_ONLY___ ═
2024-11-14 18:41:25,284 INFO     ___FILE_ONLY___ ═
2024-11-14 18:41:25,285 INFO     ___FILE_ONLY___ ═
2024-11-14 18:41:25,286 INFO     ___FILE_ONLY___ ═
2024-11-14 18:41:25,287 INFO     ___FILE_ONLY___ ═
2024-11-14 18:41:25,287 INFO     ___FILE_ONLY___ ═
2024-11-14 18:41:25,288 INFO     ___FILE_ONLY___ ═
2024-11-14 18:41:25,289 INFO     ___FILE_ONLY___ ═
2024-11-14 18:41:25,289 INFO     ___FILE_ONLY___ ═
2024-11-14 18:41:25,290 INFO     ___FILE_ONLY___ ═
2024-11-14 18:41:25,291 INFO     ___FILE_ONLY___ ═
2024-11-14 18:41:25,292 INFO     ___FILE_ONLY___ ═
2024-11-14 18:41:25,292 INFO     ___FILE_ONLY___ ═
2024-11-14 18:41:25,293 INFO     ___FILE_ONLY___ ═
2024-11-14 18:41:25,294 INFO     ___FILE_ONLY___ ═
2024-11-14 18:41:25,294 INFO     ___FILE_ONLY___ ═
2024-11-14 18:41:25,295 INFO     ___FILE_ONLY___ ═
2024-11-14 18:41:25,296 INFO     ___FILE_ONLY___ ═
2024-11-14 18:41:25,296 INFO     ___FILE_ONLY___ ═
2024-11-14 18:41:25,297 INFO     ___FILE_ONLY___ ═
2024-11-14 18:41:25,298 INFO     ___FILE_ONLY___ ═
2024-11-14 18:41:25,298 INFO     ___FILE_ONLY___ ═
2024-11-14 18:41:25,299 INFO     ___FILE_ONLY___ ═
2024-11-14 18:41:25,300 INFO     ___FILE_ONLY___ ═
2024-11-14 18:41:25,300 INFO     ___FILE_ONLY___ ═
2024-11-14 18:41:25,301 INFO     ___FILE_ONLY___ ═
2024-11-14 18:41:25,302 INFO     ___FILE_ONLY___ ═
2024-11-14 18:41:25,302 INFO     ___FILE_ONLY___ ═
2024-11-14 18:41:25,303 INFO     ___FILE_ONLY___ ═
2024-11-14 18:41:25,304 INFO     ___FILE_ONLY___ ═
2024-11-14 18:41:25,304 INFO     ___FILE_ONLY___ ═
2024-11-14 18:41:25,305 INFO     ___FILE_ONLY___ ═
2024-11-14 18:41:25,306 INFO     ___FILE_ONLY___ ═
2024-11-14 18:41:25,306 INFO     ___FILE_ONLY___ ═
2024-11-14 18:41:25,307 INFO     ___FILE_ONLY___ ═
2024-11-14 18:41:25,308 INFO     ___FILE_ONLY___ ═
2024-11-14 18:41:25,308 INFO     ___FILE_ONLY___ ═
2024-11-14 18:41:25,309 INFO     ___FILE_ONLY___ ═
2024-11-14 18:41:25,310 INFO     ___FILE_ONLY___ ═
2024-11-14 18:41:25,310 INFO     ___FILE_ONLY___ ═
2024-11-14 18:41:25,311 INFO     ___FILE_ONLY___ ═
2024-11-14 18:41:25,311 INFO     ___FILE_ONLY___ ═
2024-11-14 18:41:25,312 INFO     ___FILE_ONLY___ ═
2024-11-14 18:41:25,313 INFO     ___FILE_ONLY___ ═
2024-11-14 18:41:25,313 INFO     ___FILE_ONLY___ ═
2024-11-14 18:41:25,314 INFO     ___FILE_ONLY___ ═
2024-11-14 18:41:25,314 INFO     ___FILE_ONLY___ ═
2024-11-14 18:41:25,315 INFO     ___FILE_ONLY___ ═
2024-11-14 18:41:25,316 INFO     ___FILE_ONLY___ ═
2024-11-14 18:41:25,316 INFO     ___FILE_ONLY___ ═
2024-11-14 18:41:25,317 INFO     ___FILE_ONLY___ ═
2024-11-14 18:41:25,317 INFO     ___FILE_ONLY___ ═
2024-11-14 18:41:25,318 INFO     ___FILE_ONLY___ ═
2024-11-14 18:41:25,318 INFO     ___FILE_ONLY___ ╝

2024-11-14 18:41:25,438 INFO     ___FILE_ONLY___ ╔════════════════════════════════════════════════════════════╗

2024-11-14 18:41:25,438 INFO     ___FILE_ONLY___ ╠═ Installing: Google Cloud CLI Core Libraries (Platform... ═╣

2024-11-14 18:41:25,438 INFO     ___FILE_ONLY___ ╚
2024-11-14 18:41:25,446 INFO     ___FILE_ONLY___ ══════════════════════════════
2024-11-14 18:41:25,446 INFO     ___FILE_ONLY___ ══════════════════════════════
2024-11-14 18:41:25,447 INFO     ___FILE_ONLY___ ╝

2024-11-14 18:41:25,571 INFO     ___FILE_ONLY___ ╔════════════════════════════════════════════════════════════╗

2024-11-14 18:41:25,571 INFO     ___FILE_ONLY___ ╠═ Installing: Minikube                                     ═╣

2024-11-14 18:41:25,571 INFO     ___FILE_ONLY___ ╚
2024-11-14 18:41:25,574 INFO     ___FILE_ONLY___ ════════════════════════════════════════════════════════════
2024-11-14 18:41:25,574 INFO     ___FILE_ONLY___ ╝

2024-11-14 18:41:25,693 INFO     ___FILE_ONLY___ ╔════════════════════════════════════════════════════════════╗

2024-11-14 18:41:25,693 INFO     ___FILE_ONLY___ ╠═ Installing: Minikube (Platform Specific)                 ═╣

2024-11-14 18:41:25,693 INFO     ___FILE_ONLY___ ╚
2024-11-14 18:41:26,016 INFO     ___FILE_ONLY___ ════════════════════════════════════════════════════════════
2024-11-14 18:41:26,017 INFO     ___FILE_ONLY___ ╝

2024-11-14 18:41:26,141 INFO     ___FILE_ONLY___ ╔════════════════════════════════════════════════════════════╗

2024-11-14 18:41:26,141 INFO     ___FILE_ONLY___ ╠═ Installing: Skaffold                                     ═╣

2024-11-14 18:41:26,141 INFO     ___FILE_ONLY___ ╚
2024-11-14 18:41:26,145 INFO     ___FILE_ONLY___ ════════════════════════════════════════════════════════════
2024-11-14 18:41:26,145 INFO     ___FILE_ONLY___ ╝

2024-11-14 18:41:26,258 INFO     ___FILE_ONLY___ ╔════════════════════════════════════════════════════════════╗

2024-11-14 18:41:26,259 INFO     ___FILE_ONLY___ ╠═ Installing: Skaffold (Platform Specific)                 ═╣

2024-11-14 18:41:26,259 INFO     ___FILE_ONLY___ ╚
2024-11-14 18:41:26,532 INFO     ___FILE_ONLY___ ════════════════════════════════════════════════════════════
2024-11-14 18:41:26,532 INFO     ___FILE_ONLY___ ╝

2024-11-14 18:41:26,647 INFO     ___FILE_ONLY___ ╔════════════════════════════════════════════════════════════╗

2024-11-14 18:41:26,648 INFO     ___FILE_ONLY___ ╠═ Installing: gcloud Alpha Commands                        ═╣

2024-11-14 18:41:26,648 INFO     ___FILE_ONLY___ ╚
2024-11-14 18:41:26,650 INFO     ___FILE_ONLY___ ════════════════════════════════════════════════════════════
2024-11-14 18:41:26,651 INFO     ___FILE_ONLY___ ╝

2024-11-14 18:41:26,766 INFO     ___FILE_ONLY___ ╔════════════════════════════════════════════════════════════╗

2024-11-14 18:41:26,766 INFO     ___FILE_ONLY___ ╠═ Installing: gcloud Beta Commands                         ═╣

2024-11-14 18:41:26,766 INFO     ___FILE_ONLY___ ╚
2024-11-14 18:41:26,768 INFO     ___FILE_ONLY___ ════════════════════════════════════════════════════════════
2024-11-14 18:41:26,768 INFO     ___FILE_ONLY___ ╝

2024-11-14 18:41:26,889 INFO     ___FILE_ONLY___ ╔════════════════════════════════════════════════════════════╗

2024-11-14 18:41:26,890 INFO     ___FILE_ONLY___ ╠═ Installing: gcloud cli dependencies (Platform Specific)  ═╣

2024-11-14 18:41:26,890 INFO     ___FILE_ONLY___ ╚
2024-11-14 18:41:26,893 INFO     ___FILE_ONLY___ ════════════════════════════════════════════════════════════
2024-11-14 18:41:26,893 INFO     ___FILE_ONLY___ ╝

2024-11-14 18:41:27,015 INFO     ___FILE_ONLY___ ╔════════════════════════════════════════════════════════════╗

2024-11-14 18:41:27,016 INFO     ___FILE_ONLY___ ╠═ Installing: gke-gcloud-auth-plugin                       ═╣

2024-11-14 18:41:27,016 INFO     ___FILE_ONLY___ ╚
2024-11-14 18:41:27,022 INFO     ___FILE_ONLY___ ════════════════════════════════════════════════════════════
2024-11-14 18:41:27,022 INFO     ___FILE_ONLY___ ╝

2024-11-14 18:41:27,157 INFO     ___FILE_ONLY___ ╔════════════════════════════════════════════════════════════╗

2024-11-14 18:41:27,158 INFO     ___FILE_ONLY___ ╠═ Installing: gke-gcloud-auth-plugin (Platform Specific)   ═╣

2024-11-14 18:41:27,158 INFO     ___FILE_ONLY___ ╚
2024-11-14 18:41:27,228 INFO     ___FILE_ONLY___ ════════════════════════════════════════════════════════════
2024-11-14 18:41:27,228 INFO     ___FILE_ONLY___ ╝

2024-11-14 18:41:27,347 INFO     ___FILE_ONLY___ ╔════════════════════════════════════════════════════════════╗

2024-11-14 18:41:27,347 INFO     ___FILE_ONLY___ ╠═ Installing: kubectl                                      ═╣

2024-11-14 18:41:27,347 INFO     ___FILE_ONLY___ ╚
2024-11-14 18:41:27,351 INFO     ___FILE_ONLY___ ════════════════════════════════════════════════════════════
2024-11-14 18:41:27,351 INFO     ___FILE_ONLY___ ╝

2024-11-14 18:41:27,472 INFO     ___FILE_ONLY___ ╔════════════════════════════════════════════════════════════╗

2024-11-14 18:41:27,473 INFO     ___FILE_ONLY___ ╠═ Installing: kubectl (Platform Specific)                  ═╣

2024-11-14 18:41:27,473 INFO     ___FILE_ONLY___ ╚
2024-11-14 18:41:28,009 INFO     ___FILE_ONLY___ ══════════
2024-11-14 18:41:28,099 INFO     ___FILE_ONLY___ ══════════
2024-11-14 18:41:28,189 INFO     ___FILE_ONLY___ ══════════
2024-11-14 18:41:28,282 INFO     ___FILE_ONLY___ ══════════
2024-11-14 18:41:28,377 INFO     ___FILE_ONLY___ ══════════
2024-11-14 18:41:28,476 INFO     ___FILE_ONLY___ ══════════
2024-11-14 18:41:28,477 INFO     ___FILE_ONLY___ ╝

2024-11-14 18:41:28,533 DEBUG    root            Updating notification cache...
2024-11-14 18:41:28,534 INFO     ___FILE_ONLY___ 

2024-11-14 18:41:28,650 INFO     ___FILE_ONLY___ Performing post processing steps...
2024-11-14 18:41:28,651 DEBUG    root            Executing command: ['/Users/wbrunson/Library/Application Support/cloud-code/installer/google-cloud-sdk/bin/gcloud', 'components', 'post-process', '--no-compile-python']
2024-11-14 18:41:29,931 DEBUG    ___FILE_ONLY___ 
2024-11-14 18:41:29,931 DEBUG    ___FILE_ONLY___ 
2024-11-14 18:41:30,179 INFO     ___FILE_ONLY___ 
Update done!


2024-11-14 18:41:31,748 WARNING  root              There are other instances of Google Cloud tools on your system PATH.
  Please remove the following to avoid confusion or accidental invocation:

  /Applications/Rancher Desktop.app/Contents/Resources/resources/darwin/bin/kuberlr

  
2024-11-14 18:41:33,471 DEBUG    root            Chosen display Format:none
2024-11-14 18:41:33,473 INFO     root            Display format: "none"
2024-11-14 18:41:33,489 DEBUG    root            Metrics reporting process started...
