2024-11-12 10:49:24,568 DEBUG    root            Metrics collector initialized...
2024-11-12 10:49:24,572 DEBUG    root            Loaded Command Group: ['gcloud', 'components']
2024-11-12 10:49:24,577 DEBUG    root            Loaded Command Group: ['gcloud', 'components', 'update']
2024-11-12 10:49:24,578 DEBUG    root            Running [gcloud.components.update] with arguments: [--no-compile-python: "False", --quiet: "True", COMPONENT-IDS:6: "['alpha', 'beta', 'gke-gcloud-auth-plugin', 'kubectl', 'skaffold', 'minikube']"]
2024-11-12 10:49:24,578 INFO     ___FILE_ONLY___ Beginning update. This process may take several minutes.

2024-11-12 10:49:24,650 DEBUG    urllib3.connectionpool Starting new HTTPS connection (1): dl.google.com:443
2024-11-12 10:49:25,151 DEBUG    urllib3.connectionpool https://dl.google.com:443 "GET /dl/cloudsdk/channels/rapid/components-2.json HTTP/1.1" 200 226997
2024-11-12 10:49:25,459 INFO     ___FILE_ONLY___ 

2024-11-12 10:49:25,460 INFO     ___FILE_ONLY___ 
Your current Google Cloud CLI version is: 501.0.0

2024-11-12 10:49:25,460 INFO     ___FILE_ONLY___ Installing components from version: 501.0.0

2024-11-12 10:49:25,460 INFO     ___FILE_ONLY___ 

2024-11-12 10:49:25,461 DEBUG    root            Chosen display Format:table[box,title="These components will be removed."](details.display_name:label=Name:align=left,version.version_string:label=Version:align=right,data.size.size(zero="",min=1048576):label=Size:align=right)
2024-11-12 10:49:25,461 DEBUG    root            Chosen display Format:table[box,title="These components will be updated."](details.display_name:label=Name:align=left,version.version_string:label=Version:align=right,data.size.size(zero="",min=1048576):label=Size:align=right)
2024-11-12 10:49:25,461 DEBUG    root            Chosen display Format:table[box,title="These components will be installed."](details.display_name:label=Name:align=left,version.version_string:label=Version:align=right,data.size.size(zero="",min=1048576):label=Size:align=right)
2024-11-12 10:49:25,496 INFO     ___FILE_ONLY___ ┌─────────────────────────────────────────────────────────────────────────────┐
2024-11-12 10:49:25,496 INFO     ___FILE_ONLY___ 

2024-11-12 10:49:25,496 INFO     ___FILE_ONLY___ │                     These components will be installed.                     │
2024-11-12 10:49:25,496 INFO     ___FILE_ONLY___ 

2024-11-12 10:49:25,496 INFO     ___FILE_ONLY___ ├─────────────────────────────────────────────────────┬────────────┬──────────┤
2024-11-12 10:49:25,496 INFO     ___FILE_ONLY___ 

2024-11-12 10:49:25,497 INFO     ___FILE_ONLY___ │                         Name                        │  Version   │   Size   │
2024-11-12 10:49:25,497 INFO     ___FILE_ONLY___ 

2024-11-12 10:49:25,497 INFO     ___FILE_ONLY___ ├─────────────────────────────────────────────────────┼────────────┼──────────┤
2024-11-12 10:49:25,497 INFO     ___FILE_ONLY___ 

2024-11-12 10:49:25,497 INFO     ___FILE_ONLY___ │ 
2024-11-12 10:49:25,497 INFO     ___FILE_ONLY___ Google Cloud CLI Core Libraries (Platform Specific)
2024-11-12 10:49:25,497 INFO     ___FILE_ONLY___  
2024-11-12 10:49:25,497 INFO     ___FILE_ONLY___ │ 
2024-11-12 10:49:25,497 INFO     ___FILE_ONLY___ 2024.08.30
2024-11-12 10:49:25,497 INFO     ___FILE_ONLY___  
2024-11-12 10:49:25,497 INFO     ___FILE_ONLY___ │ 
2024-11-12 10:49:25,497 INFO     ___FILE_ONLY___  < 1 MiB
2024-11-12 10:49:25,497 INFO     ___FILE_ONLY___  
2024-11-12 10:49:25,497 INFO     ___FILE_ONLY___ │
2024-11-12 10:49:25,497 INFO     ___FILE_ONLY___ 

2024-11-12 10:49:25,497 INFO     ___FILE_ONLY___ │ 
2024-11-12 10:49:25,497 INFO     ___FILE_ONLY___ Minikube (Platform Specific)                       
2024-11-12 10:49:25,497 INFO     ___FILE_ONLY___  
2024-11-12 10:49:25,497 INFO     ___FILE_ONLY___ │ 
2024-11-12 10:49:25,497 INFO     ___FILE_ONLY___     1.34.0
2024-11-12 10:49:25,497 INFO     ___FILE_ONLY___  
2024-11-12 10:49:25,497 INFO     ___FILE_ONLY___ │ 
2024-11-12 10:49:25,497 INFO     ___FILE_ONLY___ 37.2 MiB
2024-11-12 10:49:25,497 INFO     ___FILE_ONLY___  
2024-11-12 10:49:25,497 INFO     ___FILE_ONLY___ │
2024-11-12 10:49:25,497 INFO     ___FILE_ONLY___ 

2024-11-12 10:49:25,497 INFO     ___FILE_ONLY___ │ 
2024-11-12 10:49:25,497 INFO     ___FILE_ONLY___ Skaffold (Platform Specific)                       
2024-11-12 10:49:25,497 INFO     ___FILE_ONLY___  
2024-11-12 10:49:25,497 INFO     ___FILE_ONLY___ │ 
2024-11-12 10:49:25,497 INFO     ___FILE_ONLY___     2.13.1
2024-11-12 10:49:25,497 INFO     ___FILE_ONLY___  
2024-11-12 10:49:25,497 INFO     ___FILE_ONLY___ │ 
2024-11-12 10:49:25,497 INFO     ___FILE_ONLY___ 22.9 MiB
2024-11-12 10:49:25,497 INFO     ___FILE_ONLY___  
2024-11-12 10:49:25,497 INFO     ___FILE_ONLY___ │
2024-11-12 10:49:25,497 INFO     ___FILE_ONLY___ 

2024-11-12 10:49:25,497 INFO     ___FILE_ONLY___ │ 
2024-11-12 10:49:25,497 INFO     ___FILE_ONLY___ gcloud Alpha Commands                              
2024-11-12 10:49:25,497 INFO     ___FILE_ONLY___  
2024-11-12 10:49:25,497 INFO     ___FILE_ONLY___ │ 
2024-11-12 10:49:25,497 INFO     ___FILE_ONLY___ 2024.11.08
2024-11-12 10:49:25,497 INFO     ___FILE_ONLY___  
2024-11-12 10:49:25,497 INFO     ___FILE_ONLY___ │ 
2024-11-12 10:49:25,497 INFO     ___FILE_ONLY___  < 1 MiB
2024-11-12 10:49:25,498 INFO     ___FILE_ONLY___  
2024-11-12 10:49:25,498 INFO     ___FILE_ONLY___ │
2024-11-12 10:49:25,498 INFO     ___FILE_ONLY___ 

2024-11-12 10:49:25,498 INFO     ___FILE_ONLY___ │ 
2024-11-12 10:49:25,498 INFO     ___FILE_ONLY___ gcloud Beta Commands                               
2024-11-12 10:49:25,498 INFO     ___FILE_ONLY___  
2024-11-12 10:49:25,498 INFO     ___FILE_ONLY___ │ 
2024-11-12 10:49:25,498 INFO     ___FILE_ONLY___ 2024.11.08
2024-11-12 10:49:25,498 INFO     ___FILE_ONLY___  
2024-11-12 10:49:25,498 INFO     ___FILE_ONLY___ │ 
2024-11-12 10:49:25,498 INFO     ___FILE_ONLY___  < 1 MiB
2024-11-12 10:49:25,498 INFO     ___FILE_ONLY___  
2024-11-12 10:49:25,498 INFO     ___FILE_ONLY___ │
2024-11-12 10:49:25,498 INFO     ___FILE_ONLY___ 

2024-11-12 10:49:25,498 INFO     ___FILE_ONLY___ │ 
2024-11-12 10:49:25,498 INFO     ___FILE_ONLY___ gcloud cli dependencies (Platform Specific)        
2024-11-12 10:49:25,498 INFO     ___FILE_ONLY___  
2024-11-12 10:49:25,498 INFO     ___FILE_ONLY___ │ 
2024-11-12 10:49:25,498 INFO     ___FILE_ONLY___ 2021.04.16
2024-11-12 10:49:25,498 INFO     ___FILE_ONLY___  
2024-11-12 10:49:25,498 INFO     ___FILE_ONLY___ │ 
2024-11-12 10:49:25,498 INFO     ___FILE_ONLY___  < 1 MiB
2024-11-12 10:49:25,498 INFO     ___FILE_ONLY___  
2024-11-12 10:49:25,498 INFO     ___FILE_ONLY___ │
2024-11-12 10:49:25,498 INFO     ___FILE_ONLY___ 

2024-11-12 10:49:25,498 INFO     ___FILE_ONLY___ │ 
2024-11-12 10:49:25,498 INFO     ___FILE_ONLY___ gke-gcloud-auth-plugin (Platform Specific)         
2024-11-12 10:49:25,498 INFO     ___FILE_ONLY___  
2024-11-12 10:49:25,498 INFO     ___FILE_ONLY___ │ 
2024-11-12 10:49:25,498 INFO     ___FILE_ONLY___      0.5.9
2024-11-12 10:49:25,498 INFO     ___FILE_ONLY___  
2024-11-12 10:49:25,498 INFO     ___FILE_ONLY___ │ 
2024-11-12 10:49:25,498 INFO     ___FILE_ONLY___  4.0 MiB
2024-11-12 10:49:25,498 INFO     ___FILE_ONLY___  
2024-11-12 10:49:25,498 INFO     ___FILE_ONLY___ │
2024-11-12 10:49:25,498 INFO     ___FILE_ONLY___ 

2024-11-12 10:49:25,498 INFO     ___FILE_ONLY___ │ 
2024-11-12 10:49:25,498 INFO     ___FILE_ONLY___ kubectl                                            
2024-11-12 10:49:25,498 INFO     ___FILE_ONLY___  
2024-11-12 10:49:25,498 INFO     ___FILE_ONLY___ │ 
2024-11-12 10:49:25,498 INFO     ___FILE_ONLY___     1.30.5
2024-11-12 10:49:25,498 INFO     ___FILE_ONLY___  
2024-11-12 10:49:25,498 INFO     ___FILE_ONLY___ │ 
2024-11-12 10:49:25,498 INFO     ___FILE_ONLY___  < 1 MiB
2024-11-12 10:49:25,498 INFO     ___FILE_ONLY___  
2024-11-12 10:49:25,498 INFO     ___FILE_ONLY___ │
2024-11-12 10:49:25,498 INFO     ___FILE_ONLY___ 

2024-11-12 10:49:25,498 INFO     ___FILE_ONLY___ │ 
2024-11-12 10:49:25,498 INFO     ___FILE_ONLY___ kubectl (Platform Specific)                        
2024-11-12 10:49:25,499 INFO     ___FILE_ONLY___  
2024-11-12 10:49:25,499 INFO     ___FILE_ONLY___ │ 
2024-11-12 10:49:25,499 INFO     ___FILE_ONLY___     1.30.6
2024-11-12 10:49:25,499 INFO     ___FILE_ONLY___  
2024-11-12 10:49:25,499 INFO     ___FILE_ONLY___ │ 
2024-11-12 10:49:25,499 INFO     ___FILE_ONLY___ 86.1 MiB
2024-11-12 10:49:25,499 INFO     ___FILE_ONLY___  
2024-11-12 10:49:25,499 INFO     ___FILE_ONLY___ │
2024-11-12 10:49:25,499 INFO     ___FILE_ONLY___ 

2024-11-12 10:49:25,499 INFO     ___FILE_ONLY___ └─────────────────────────────────────────────────────┴────────────┴──────────┘
2024-11-12 10:49:25,499 INFO     ___FILE_ONLY___ 

2024-11-12 10:49:25,499 INFO     ___FILE_ONLY___ 

2024-11-12 10:49:25,501 DEBUG    urllib3.connectionpool Starting new HTTPS connection (1): dl.google.com:443
2024-11-12 10:49:26,004 DEBUG    urllib3.connectionpool https://dl.google.com:443 "GET /dl/cloudsdk/channels/rapid/RELEASE_NOTES HTTP/1.1" 200 1311270
2024-11-12 10:49:26,800 INFO     ___FILE_ONLY___ For the latest full release notes, please visit:
  https://cloud.google.com/sdk/release_notes


2024-11-12 10:49:26,800 INFO     ___FILE_ONLY___ Performing in place update...


2024-11-12 10:49:26,871 INFO     ___FILE_ONLY___ ╔════════════════════════════════════════════════════════════╗

2024-11-12 10:49:26,872 INFO     ___FILE_ONLY___ ╠═ Downloading: Google Cloud CLI Core Libraries (Platfor... ═╣

2024-11-12 10:49:26,872 INFO     ___FILE_ONLY___ ╚
2024-11-12 10:49:26,875 DEBUG    urllib3.connectionpool Starting new HTTPS connection (1): dl.google.com:443
2024-11-12 10:49:27,375 DEBUG    urllib3.connectionpool https://dl.google.com:443 "GET /dl/cloudsdk/channels/rapid/components/google-cloud-sdk-core-nix-20240830134514.tar.gz HTTP/1.1" 200 2306
2024-11-12 10:49:27,376 INFO     ___FILE_ONLY___ ════════════════════════════════════════════════════════════
2024-11-12 10:49:27,377 INFO     ___FILE_ONLY___ ╝

2024-11-12 10:49:27,456 INFO     ___FILE_ONLY___ ╔════════════════════════════════════════════════════════════╗

2024-11-12 10:49:27,457 INFO     ___FILE_ONLY___ ╠═ Downloading: Minikube                                    ═╣

2024-11-12 10:49:27,457 INFO     ___FILE_ONLY___ ╚
2024-11-12 10:49:27,458 INFO     ___FILE_ONLY___ ════════════════════════════════════════════════════════════
2024-11-12 10:49:27,458 INFO     ___FILE_ONLY___ ╝

2024-11-12 10:49:27,528 INFO     ___FILE_ONLY___ ╔════════════════════════════════════════════════════════════╗

2024-11-12 10:49:27,528 INFO     ___FILE_ONLY___ ╠═ Downloading: Minikube (Platform Specific)                ═╣

2024-11-12 10:49:27,528 INFO     ___FILE_ONLY___ ╚
2024-11-12 10:49:27,532 DEBUG    urllib3.connectionpool Starting new HTTPS connection (1): dl.google.com:443
2024-11-12 10:49:28,052 DEBUG    urllib3.connectionpool https://dl.google.com:443 "GET /dl/cloudsdk/channels/rapid/components/google-cloud-sdk-minikube-darwin-arm-20240927140238.tar.gz HTTP/1.1" 200 38981244
2024-11-12 10:49:34,219 INFO     ___FILE_ONLY___ ═
2024-11-12 10:49:34,219 INFO     ___FILE_ONLY___ ═
2024-11-12 10:49:34,219 INFO     ___FILE_ONLY___ ═
2024-11-12 10:49:34,220 INFO     ___FILE_ONLY___ ═
2024-11-12 10:49:34,220 INFO     ___FILE_ONLY___ ═
2024-11-12 10:49:34,220 INFO     ___FILE_ONLY___ ═
2024-11-12 10:49:34,221 INFO     ___FILE_ONLY___ ═
2024-11-12 10:49:34,221 INFO     ___FILE_ONLY___ ═
2024-11-12 10:49:34,221 INFO     ___FILE_ONLY___ ═
2024-11-12 10:49:34,221 INFO     ___FILE_ONLY___ ═
2024-11-12 10:49:34,222 INFO     ___FILE_ONLY___ ═
2024-11-12 10:49:34,222 INFO     ___FILE_ONLY___ ═
2024-11-12 10:49:34,222 INFO     ___FILE_ONLY___ ═
2024-11-12 10:49:34,223 INFO     ___FILE_ONLY___ ═
2024-11-12 10:49:34,223 INFO     ___FILE_ONLY___ ═
2024-11-12 10:49:34,223 INFO     ___FILE_ONLY___ ═
2024-11-12 10:49:34,224 INFO     ___FILE_ONLY___ ═
2024-11-12 10:49:34,224 INFO     ___FILE_ONLY___ ═
2024-11-12 10:49:34,224 INFO     ___FILE_ONLY___ ═
2024-11-12 10:49:34,224 INFO     ___FILE_ONLY___ ═
2024-11-12 10:49:34,225 INFO     ___FILE_ONLY___ ═
2024-11-12 10:49:34,225 INFO     ___FILE_ONLY___ ═
2024-11-12 10:49:34,225 INFO     ___FILE_ONLY___ ═
2024-11-12 10:49:34,226 INFO     ___FILE_ONLY___ ═
2024-11-12 10:49:34,226 INFO     ___FILE_ONLY___ ═
2024-11-12 10:49:34,226 INFO     ___FILE_ONLY___ ═
2024-11-12 10:49:34,227 INFO     ___FILE_ONLY___ ═
2024-11-12 10:49:34,227 INFO     ___FILE_ONLY___ ═
2024-11-12 10:49:34,227 INFO     ___FILE_ONLY___ ═
2024-11-12 10:49:34,227 INFO     ___FILE_ONLY___ ═
2024-11-12 10:49:34,228 INFO     ___FILE_ONLY___ ═
2024-11-12 10:49:34,228 INFO     ___FILE_ONLY___ ═
2024-11-12 10:49:34,228 INFO     ___FILE_ONLY___ ═
2024-11-12 10:49:34,229 INFO     ___FILE_ONLY___ ═
2024-11-12 10:49:34,229 INFO     ___FILE_ONLY___ ═
2024-11-12 10:49:34,229 INFO     ___FILE_ONLY___ ═
2024-11-12 10:49:34,229 INFO     ___FILE_ONLY___ ═
2024-11-12 10:49:34,230 INFO     ___FILE_ONLY___ ═
2024-11-12 10:49:34,231 INFO     ___FILE_ONLY___ ═
2024-11-12 10:49:34,231 INFO     ___FILE_ONLY___ ═
2024-11-12 10:49:34,231 INFO     ___FILE_ONLY___ ═
2024-11-12 10:49:34,231 INFO     ___FILE_ONLY___ ═
2024-11-12 10:49:34,232 INFO     ___FILE_ONLY___ ═
2024-11-12 10:49:34,232 INFO     ___FILE_ONLY___ ═
2024-11-12 10:49:34,232 INFO     ___FILE_ONLY___ ═
2024-11-12 10:49:34,233 INFO     ___FILE_ONLY___ ═
2024-11-12 10:49:34,233 INFO     ___FILE_ONLY___ ═
2024-11-12 10:49:34,233 INFO     ___FILE_ONLY___ ═
2024-11-12 10:49:34,234 INFO     ___FILE_ONLY___ ═
2024-11-12 10:49:34,234 INFO     ___FILE_ONLY___ ═
2024-11-12 10:49:34,234 INFO     ___FILE_ONLY___ ═
2024-11-12 10:49:34,235 INFO     ___FILE_ONLY___ ═
2024-11-12 10:49:34,235 INFO     ___FILE_ONLY___ ═
2024-11-12 10:49:34,236 INFO     ___FILE_ONLY___ ═
2024-11-12 10:49:34,236 INFO     ___FILE_ONLY___ ═
2024-11-12 10:49:34,236 INFO     ___FILE_ONLY___ ═
2024-11-12 10:49:34,237 INFO     ___FILE_ONLY___ ═
2024-11-12 10:49:34,237 INFO     ___FILE_ONLY___ ═
2024-11-12 10:49:34,237 INFO     ___FILE_ONLY___ ═
2024-11-12 10:49:34,237 INFO     ___FILE_ONLY___ ═
2024-11-12 10:49:34,237 INFO     ___FILE_ONLY___ ╝

2024-11-12 10:49:34,305 INFO     ___FILE_ONLY___ ╔════════════════════════════════════════════════════════════╗

2024-11-12 10:49:34,306 INFO     ___FILE_ONLY___ ╠═ Downloading: Skaffold                                    ═╣

2024-11-12 10:49:34,306 INFO     ___FILE_ONLY___ ╚
2024-11-12 10:49:34,306 INFO     ___FILE_ONLY___ ════════════════════════════════════════════════════════════
2024-11-12 10:49:34,306 INFO     ___FILE_ONLY___ ╝

2024-11-12 10:49:34,371 INFO     ___FILE_ONLY___ ╔════════════════════════════════════════════════════════════╗

2024-11-12 10:49:34,372 INFO     ___FILE_ONLY___ ╠═ Downloading: Skaffold (Platform Specific)                ═╣

2024-11-12 10:49:34,372 INFO     ___FILE_ONLY___ ╚
2024-11-12 10:49:34,375 DEBUG    urllib3.connectionpool Starting new HTTPS connection (1): dl.google.com:443
2024-11-12 10:49:34,928 DEBUG    urllib3.connectionpool https://dl.google.com:443 "GET /dl/cloudsdk/channels/rapid/components/google-cloud-sdk-skaffold-darwin-arm-20240806142304.tar.gz HTTP/1.1" 200 24031362
2024-11-12 10:49:39,416 INFO     ___FILE_ONLY___ ═
2024-11-12 10:49:39,417 INFO     ___FILE_ONLY___ ═
2024-11-12 10:49:39,417 INFO     ___FILE_ONLY___ ═
2024-11-12 10:49:39,417 INFO     ___FILE_ONLY___ ═
2024-11-12 10:49:39,418 INFO     ___FILE_ONLY___ ═
2024-11-12 10:49:39,418 INFO     ___FILE_ONLY___ ═
2024-11-12 10:49:39,418 INFO     ___FILE_ONLY___ ═
2024-11-12 10:49:39,419 INFO     ___FILE_ONLY___ ═
2024-11-12 10:49:39,419 INFO     ___FILE_ONLY___ ═
2024-11-12 10:49:39,419 INFO     ___FILE_ONLY___ ═
2024-11-12 10:49:39,420 INFO     ___FILE_ONLY___ ═
2024-11-12 10:49:39,420 INFO     ___FILE_ONLY___ ═
2024-11-12 10:49:39,420 INFO     ___FILE_ONLY___ ═
2024-11-12 10:49:39,421 INFO     ___FILE_ONLY___ ═
2024-11-12 10:49:39,421 INFO     ___FILE_ONLY___ ═
2024-11-12 10:49:39,421 INFO     ___FILE_ONLY___ ═
2024-11-12 10:49:39,421 INFO     ___FILE_ONLY___ ═
2024-11-12 10:49:39,421 INFO     ___FILE_ONLY___ ═
2024-11-12 10:49:39,422 INFO     ___FILE_ONLY___ ═
2024-11-12 10:49:39,422 INFO     ___FILE_ONLY___ ═
2024-11-12 10:49:39,422 INFO     ___FILE_ONLY___ ═
2024-11-12 10:49:39,423 INFO     ___FILE_ONLY___ ═
2024-11-12 10:49:39,423 INFO     ___FILE_ONLY___ ═
2024-11-12 10:49:39,423 INFO     ___FILE_ONLY___ ═
2024-11-12 10:49:39,423 INFO     ___FILE_ONLY___ ═
2024-11-12 10:49:39,423 INFO     ___FILE_ONLY___ ═
2024-11-12 10:49:39,424 INFO     ___FILE_ONLY___ ═
2024-11-12 10:49:39,424 INFO     ___FILE_ONLY___ ═
2024-11-12 10:49:39,424 INFO     ___FILE_ONLY___ ═
2024-11-12 10:49:39,424 INFO     ___FILE_ONLY___ ═
2024-11-12 10:49:39,424 INFO     ___FILE_ONLY___ ═
2024-11-12 10:49:39,425 INFO     ___FILE_ONLY___ ═
2024-11-12 10:49:39,425 INFO     ___FILE_ONLY___ ═
2024-11-12 10:49:39,426 INFO     ___FILE_ONLY___ ═
2024-11-12 10:49:39,426 INFO     ___FILE_ONLY___ ═
2024-11-12 10:49:39,426 INFO     ___FILE_ONLY___ ═
2024-11-12 10:49:39,427 INFO     ___FILE_ONLY___ ═
2024-11-12 10:49:39,427 INFO     ___FILE_ONLY___ ═
2024-11-12 10:49:39,427 INFO     ___FILE_ONLY___ ═
2024-11-12 10:49:39,428 INFO     ___FILE_ONLY___ ═
2024-11-12 10:49:39,428 INFO     ___FILE_ONLY___ ═
2024-11-12 10:49:39,429 INFO     ___FILE_ONLY___ ═
2024-11-12 10:49:39,429 INFO     ___FILE_ONLY___ ═
2024-11-12 10:49:39,429 INFO     ___FILE_ONLY___ ═
2024-11-12 10:49:39,430 INFO     ___FILE_ONLY___ ═
2024-11-12 10:49:39,430 INFO     ___FILE_ONLY___ ═
2024-11-12 10:49:39,430 INFO     ___FILE_ONLY___ ═
2024-11-12 10:49:39,431 INFO     ___FILE_ONLY___ ═
2024-11-12 10:49:39,431 INFO     ___FILE_ONLY___ ═
2024-11-12 10:49:39,431 INFO     ___FILE_ONLY___ ═
2024-11-12 10:49:39,431 INFO     ___FILE_ONLY___ ═
2024-11-12 10:49:39,432 INFO     ___FILE_ONLY___ ═
2024-11-12 10:49:39,432 INFO     ___FILE_ONLY___ ═
2024-11-12 10:49:39,432 INFO     ___FILE_ONLY___ ═
2024-11-12 10:49:39,433 INFO     ___FILE_ONLY___ ═
2024-11-12 10:49:39,433 INFO     ___FILE_ONLY___ ═
2024-11-12 10:49:39,433 INFO     ___FILE_ONLY___ ═
2024-11-12 10:49:39,434 INFO     ___FILE_ONLY___ ═
2024-11-12 10:49:39,434 INFO     ___FILE_ONLY___ ═
2024-11-12 10:49:39,434 INFO     ___FILE_ONLY___ ═
2024-11-12 10:49:39,434 INFO     ___FILE_ONLY___ ╝

2024-11-12 10:49:39,503 INFO     ___FILE_ONLY___ ╔════════════════════════════════════════════════════════════╗

2024-11-12 10:49:39,503 INFO     ___FILE_ONLY___ ╠═ Downloading: gcloud Alpha Commands                       ═╣

2024-11-12 10:49:39,503 INFO     ___FILE_ONLY___ ╚
2024-11-12 10:49:39,510 DEBUG    urllib3.connectionpool Starting new HTTPS connection (1): dl.google.com:443
2024-11-12 10:49:40,057 DEBUG    urllib3.connectionpool https://dl.google.com:443 "GET /dl/cloudsdk/channels/rapid/components/google-cloud-sdk-alpha-20241108162203.tar.gz HTTP/1.1" 200 800
2024-11-12 10:49:40,058 INFO     ___FILE_ONLY___ ════════════════════════════════════════════════════════════
2024-11-12 10:49:40,059 INFO     ___FILE_ONLY___ ╝

2024-11-12 10:49:40,131 INFO     ___FILE_ONLY___ ╔════════════════════════════════════════════════════════════╗

2024-11-12 10:49:40,132 INFO     ___FILE_ONLY___ ╠═ Downloading: gcloud Beta Commands                        ═╣

2024-11-12 10:49:40,132 INFO     ___FILE_ONLY___ ╚
2024-11-12 10:49:40,135 DEBUG    urllib3.connectionpool Starting new HTTPS connection (1): dl.google.com:443
2024-11-12 10:49:40,626 DEBUG    urllib3.connectionpool https://dl.google.com:443 "GET /dl/cloudsdk/channels/rapid/components/google-cloud-sdk-beta-20241108162203.tar.gz HTTP/1.1" 200 797
2024-11-12 10:49:40,628 INFO     ___FILE_ONLY___ ════════════════════════════════════════════════════════════
2024-11-12 10:49:40,628 INFO     ___FILE_ONLY___ ╝

2024-11-12 10:49:40,701 INFO     ___FILE_ONLY___ ╔════════════════════════════════════════════════════════════╗

2024-11-12 10:49:40,701 INFO     ___FILE_ONLY___ ╠═ Downloading: gcloud cli dependencies (Platform Specific) ═╣

2024-11-12 10:49:40,701 INFO     ___FILE_ONLY___ ╚
2024-11-12 10:49:40,705 DEBUG    urllib3.connectionpool Starting new HTTPS connection (1): dl.google.com:443
2024-11-12 10:49:41,242 DEBUG    urllib3.connectionpool https://dl.google.com:443 "GET /dl/cloudsdk/channels/rapid/components/google-cloud-sdk-gcloud-deps-darwin-x86_64-20210416153011.tar.gz HTTP/1.1" 200 105
2024-11-12 10:49:41,243 INFO     ___FILE_ONLY___ ════════════════════════════════════════════════════════════
2024-11-12 10:49:41,244 INFO     ___FILE_ONLY___ ╝

2024-11-12 10:49:41,323 INFO     ___FILE_ONLY___ ╔════════════════════════════════════════════════════════════╗

2024-11-12 10:49:41,324 INFO     ___FILE_ONLY___ ╠═ Downloading: gke-gcloud-auth-plugin                      ═╣

2024-11-12 10:49:41,324 INFO     ___FILE_ONLY___ ╚
2024-11-12 10:49:41,324 INFO     ___FILE_ONLY___ ════════════════════════════════════════════════════════════
2024-11-12 10:49:41,324 INFO     ___FILE_ONLY___ ╝

2024-11-12 10:49:41,398 INFO     ___FILE_ONLY___ ╔════════════════════════════════════════════════════════════╗

2024-11-12 10:49:41,398 INFO     ___FILE_ONLY___ ╠═ Downloading: gke-gcloud-auth-plugin (Platform Specific)  ═╣

2024-11-12 10:49:41,398 INFO     ___FILE_ONLY___ ╚
2024-11-12 10:49:41,403 DEBUG    urllib3.connectionpool Starting new HTTPS connection (1): dl.google.com:443
2024-11-12 10:49:42,002 DEBUG    urllib3.connectionpool https://dl.google.com:443 "GET /dl/cloudsdk/channels/rapid/components/google-cloud-sdk-gke-gcloud-auth-plugin-darwin-arm-20240628141907.tar.gz HTTP/1.1" 200 4148014
2024-11-12 10:49:43,278 INFO     ___FILE_ONLY___ ═
2024-11-12 10:49:43,278 INFO     ___FILE_ONLY___ ═
2024-11-12 10:49:43,278 INFO     ___FILE_ONLY___ ═
2024-11-12 10:49:43,278 INFO     ___FILE_ONLY___ ═
2024-11-12 10:49:43,278 INFO     ___FILE_ONLY___ ═
2024-11-12 10:49:43,278 INFO     ___FILE_ONLY___ ═
2024-11-12 10:49:43,279 INFO     ___FILE_ONLY___ ═
2024-11-12 10:49:43,279 INFO     ___FILE_ONLY___ ═
2024-11-12 10:49:43,279 INFO     ___FILE_ONLY___ ═
2024-11-12 10:49:43,279 INFO     ___FILE_ONLY___ ═
2024-11-12 10:49:43,279 INFO     ___FILE_ONLY___ ═
2024-11-12 10:49:43,279 INFO     ___FILE_ONLY___ ═
2024-11-12 10:49:43,279 INFO     ___FILE_ONLY___ ═
2024-11-12 10:49:43,279 INFO     ___FILE_ONLY___ ═
2024-11-12 10:49:43,279 INFO     ___FILE_ONLY___ ═
2024-11-12 10:49:43,279 INFO     ___FILE_ONLY___ ═
2024-11-12 10:49:43,279 INFO     ___FILE_ONLY___ ═
2024-11-12 10:49:43,279 INFO     ___FILE_ONLY___ ═
2024-11-12 10:49:43,279 INFO     ___FILE_ONLY___ ═
2024-11-12 10:49:43,279 INFO     ___FILE_ONLY___ ═
2024-11-12 10:49:43,279 INFO     ___FILE_ONLY___ ═
2024-11-12 10:49:43,279 INFO     ___FILE_ONLY___ ═
2024-11-12 10:49:43,279 INFO     ___FILE_ONLY___ ═
2024-11-12 10:49:43,279 INFO     ___FILE_ONLY___ ═
2024-11-12 10:49:43,280 INFO     ___FILE_ONLY___ ═
2024-11-12 10:49:43,280 INFO     ___FILE_ONLY___ ═
2024-11-12 10:49:43,280 INFO     ___FILE_ONLY___ ═
2024-11-12 10:49:43,280 INFO     ___FILE_ONLY___ ═
2024-11-12 10:49:43,280 INFO     ___FILE_ONLY___ ═
2024-11-12 10:49:43,280 INFO     ___FILE_ONLY___ ═
2024-11-12 10:49:43,280 INFO     ___FILE_ONLY___ ═
2024-11-12 10:49:43,280 INFO     ___FILE_ONLY___ ═
2024-11-12 10:49:43,280 INFO     ___FILE_ONLY___ ═
2024-11-12 10:49:43,280 INFO     ___FILE_ONLY___ ═
2024-11-12 10:49:43,280 INFO     ___FILE_ONLY___ ═
2024-11-12 10:49:43,280 INFO     ___FILE_ONLY___ ═
2024-11-12 10:49:43,280 INFO     ___FILE_ONLY___ ═
2024-11-12 10:49:43,280 INFO     ___FILE_ONLY___ ═
2024-11-12 10:49:43,280 INFO     ___FILE_ONLY___ ═
2024-11-12 10:49:43,280 INFO     ___FILE_ONLY___ ═
2024-11-12 10:49:43,280 INFO     ___FILE_ONLY___ ═
2024-11-12 10:49:43,281 INFO     ___FILE_ONLY___ ═
2024-11-12 10:49:43,281 INFO     ___FILE_ONLY___ ═
2024-11-12 10:49:43,281 INFO     ___FILE_ONLY___ ═
2024-11-12 10:49:43,281 INFO     ___FILE_ONLY___ ═
2024-11-12 10:49:43,281 INFO     ___FILE_ONLY___ ═
2024-11-12 10:49:43,281 INFO     ___FILE_ONLY___ ═
2024-11-12 10:49:43,281 INFO     ___FILE_ONLY___ ═
2024-11-12 10:49:43,281 INFO     ___FILE_ONLY___ ═
2024-11-12 10:49:43,281 INFO     ___FILE_ONLY___ ═
2024-11-12 10:49:43,281 INFO     ___FILE_ONLY___ ═
2024-11-12 10:49:43,281 INFO     ___FILE_ONLY___ ═
2024-11-12 10:49:43,281 INFO     ___FILE_ONLY___ ═
2024-11-12 10:49:43,281 INFO     ___FILE_ONLY___ ═
2024-11-12 10:49:43,281 INFO     ___FILE_ONLY___ ═
2024-11-12 10:49:43,281 INFO     ___FILE_ONLY___ ═
2024-11-12 10:49:43,281 INFO     ___FILE_ONLY___ ═
2024-11-12 10:49:43,281 INFO     ___FILE_ONLY___ ═
2024-11-12 10:49:43,281 INFO     ___FILE_ONLY___ ═
2024-11-12 10:49:43,282 INFO     ___FILE_ONLY___ ═
2024-11-12 10:49:43,282 INFO     ___FILE_ONLY___ ╝

2024-11-12 10:49:43,351 INFO     ___FILE_ONLY___ ╔════════════════════════════════════════════════════════════╗

2024-11-12 10:49:43,351 INFO     ___FILE_ONLY___ ╠═ Downloading: kubectl                                     ═╣

2024-11-12 10:49:43,351 INFO     ___FILE_ONLY___ ╚
2024-11-12 10:49:43,355 DEBUG    urllib3.connectionpool Starting new HTTPS connection (1): dl.google.com:443
2024-11-12 10:49:43,854 DEBUG    urllib3.connectionpool https://dl.google.com:443 "GET /dl/cloudsdk/channels/rapid/components/google-cloud-sdk-kubectl-20241004144944.tar.gz HTTP/1.1" 200 36206
2024-11-12 10:49:43,952 INFO     ___FILE_ONLY___ ═══════════════════════════
2024-11-12 10:49:43,952 INFO     ___FILE_ONLY___ ═══════════════════════════
2024-11-12 10:49:43,952 INFO     ___FILE_ONLY___ ══════
2024-11-12 10:49:43,952 INFO     ___FILE_ONLY___ ╝

2024-11-12 10:49:44,029 INFO     ___FILE_ONLY___ ╔════════════════════════════════════════════════════════════╗

2024-11-12 10:49:44,030 INFO     ___FILE_ONLY___ ╠═ Downloading: kubectl (Platform Specific)                 ═╣

2024-11-12 10:49:44,030 INFO     ___FILE_ONLY___ ╚
2024-11-12 10:49:44,036 DEBUG    urllib3.connectionpool Starting new HTTPS connection (1): dl.google.com:443
2024-11-12 10:49:44,533 DEBUG    urllib3.connectionpool https://dl.google.com:443 "GET /dl/cloudsdk/channels/rapid/components/google-cloud-sdk-kubectl-darwin-arm-20241108162203.tar.gz HTTP/1.1" 200 90277960
2024-11-12 10:49:58,853 INFO     ___FILE_ONLY___ ═
2024-11-12 10:49:58,854 INFO     ___FILE_ONLY___ ═
2024-11-12 10:49:58,854 INFO     ___FILE_ONLY___ ═
2024-11-12 10:49:58,855 INFO     ___FILE_ONLY___ ═
2024-11-12 10:49:58,856 INFO     ___FILE_ONLY___ ═
2024-11-12 10:49:58,857 INFO     ___FILE_ONLY___ ═
2024-11-12 10:49:58,858 INFO     ___FILE_ONLY___ ═
2024-11-12 10:49:58,858 INFO     ___FILE_ONLY___ ═
2024-11-12 10:49:58,859 INFO     ___FILE_ONLY___ ═
2024-11-12 10:49:58,860 INFO     ___FILE_ONLY___ ═
2024-11-12 10:49:58,860 INFO     ___FILE_ONLY___ ═
2024-11-12 10:49:58,861 INFO     ___FILE_ONLY___ ═
2024-11-12 10:49:58,862 INFO     ___FILE_ONLY___ ═
2024-11-12 10:49:58,863 INFO     ___FILE_ONLY___ ═
2024-11-12 10:49:58,863 INFO     ___FILE_ONLY___ ═
2024-11-12 10:49:58,864 INFO     ___FILE_ONLY___ ═
2024-11-12 10:49:58,865 INFO     ___FILE_ONLY___ ═
2024-11-12 10:49:58,865 INFO     ___FILE_ONLY___ ═
2024-11-12 10:49:58,866 INFO     ___FILE_ONLY___ ═
2024-11-12 10:49:58,867 INFO     ___FILE_ONLY___ ═
2024-11-12 10:49:58,867 INFO     ___FILE_ONLY___ ═
2024-11-12 10:49:58,868 INFO     ___FILE_ONLY___ ═
2024-11-12 10:49:58,869 INFO     ___FILE_ONLY___ ═
2024-11-12 10:49:58,869 INFO     ___FILE_ONLY___ ═
2024-11-12 10:49:58,870 INFO     ___FILE_ONLY___ ═
2024-11-12 10:49:58,871 INFO     ___FILE_ONLY___ ═
2024-11-12 10:49:58,871 INFO     ___FILE_ONLY___ ═
2024-11-12 10:49:58,872 INFO     ___FILE_ONLY___ ═
2024-11-12 10:49:58,873 INFO     ___FILE_ONLY___ ═
2024-11-12 10:49:58,873 INFO     ___FILE_ONLY___ ═
2024-11-12 10:49:58,874 INFO     ___FILE_ONLY___ ═
2024-11-12 10:49:58,874 INFO     ___FILE_ONLY___ ═
2024-11-12 10:49:58,875 INFO     ___FILE_ONLY___ ═
2024-11-12 10:49:58,876 INFO     ___FILE_ONLY___ ═
2024-11-12 10:49:58,877 INFO     ___FILE_ONLY___ ═
2024-11-12 10:49:58,877 INFO     ___FILE_ONLY___ ═
2024-11-12 10:49:58,878 INFO     ___FILE_ONLY___ ═
2024-11-12 10:49:58,878 INFO     ___FILE_ONLY___ ═
2024-11-12 10:49:58,879 INFO     ___FILE_ONLY___ ═
2024-11-12 10:49:58,880 INFO     ___FILE_ONLY___ ═
2024-11-12 10:49:58,881 INFO     ___FILE_ONLY___ ═
2024-11-12 10:49:58,881 INFO     ___FILE_ONLY___ ═
2024-11-12 10:49:58,882 INFO     ___FILE_ONLY___ ═
2024-11-12 10:49:58,883 INFO     ___FILE_ONLY___ ═
2024-11-12 10:49:58,883 INFO     ___FILE_ONLY___ ═
2024-11-12 10:49:58,884 INFO     ___FILE_ONLY___ ═
2024-11-12 10:49:58,885 INFO     ___FILE_ONLY___ ═
2024-11-12 10:49:58,886 INFO     ___FILE_ONLY___ ═
2024-11-12 10:49:58,886 INFO     ___FILE_ONLY___ ═
2024-11-12 10:49:58,887 INFO     ___FILE_ONLY___ ═
2024-11-12 10:49:58,888 INFO     ___FILE_ONLY___ ═
2024-11-12 10:49:58,888 INFO     ___FILE_ONLY___ ═
2024-11-12 10:49:58,889 INFO     ___FILE_ONLY___ ═
2024-11-12 10:49:58,889 INFO     ___FILE_ONLY___ ═
2024-11-12 10:49:58,890 INFO     ___FILE_ONLY___ ═
2024-11-12 10:49:58,891 INFO     ___FILE_ONLY___ ═
2024-11-12 10:49:58,891 INFO     ___FILE_ONLY___ ═
2024-11-12 10:49:58,892 INFO     ___FILE_ONLY___ ═
2024-11-12 10:49:58,892 INFO     ___FILE_ONLY___ ═
2024-11-12 10:49:58,893 INFO     ___FILE_ONLY___ ═
2024-11-12 10:49:58,893 INFO     ___FILE_ONLY___ ╝

2024-11-12 10:49:58,964 INFO     ___FILE_ONLY___ ╔════════════════════════════════════════════════════════════╗

2024-11-12 10:49:58,964 INFO     ___FILE_ONLY___ ╠═ Installing: Google Cloud CLI Core Libraries (Platform... ═╣

2024-11-12 10:49:58,964 INFO     ___FILE_ONLY___ ╚
2024-11-12 10:49:58,967 INFO     ___FILE_ONLY___ ══════════════════════════════
2024-11-12 10:49:58,967 INFO     ___FILE_ONLY___ ══════════════════════════════
2024-11-12 10:49:58,967 INFO     ___FILE_ONLY___ ╝

2024-11-12 10:49:59,040 INFO     ___FILE_ONLY___ ╔════════════════════════════════════════════════════════════╗

2024-11-12 10:49:59,040 INFO     ___FILE_ONLY___ ╠═ Installing: Minikube                                     ═╣

2024-11-12 10:49:59,040 INFO     ___FILE_ONLY___ ╚
2024-11-12 10:49:59,043 INFO     ___FILE_ONLY___ ════════════════════════════════════════════════════════════
2024-11-12 10:49:59,043 INFO     ___FILE_ONLY___ ╝

2024-11-12 10:49:59,111 INFO     ___FILE_ONLY___ ╔════════════════════════════════════════════════════════════╗

2024-11-12 10:49:59,111 INFO     ___FILE_ONLY___ ╠═ Installing: Minikube (Platform Specific)                 ═╣

2024-11-12 10:49:59,111 INFO     ___FILE_ONLY___ ╚
2024-11-12 10:49:59,454 INFO     ___FILE_ONLY___ ════════════════════════════════════════════════════════════
2024-11-12 10:49:59,455 INFO     ___FILE_ONLY___ ╝

2024-11-12 10:49:59,528 INFO     ___FILE_ONLY___ ╔════════════════════════════════════════════════════════════╗

2024-11-12 10:49:59,528 INFO     ___FILE_ONLY___ ╠═ Installing: Skaffold                                     ═╣

2024-11-12 10:49:59,528 INFO     ___FILE_ONLY___ ╚
2024-11-12 10:49:59,530 INFO     ___FILE_ONLY___ ════════════════════════════════════════════════════════════
2024-11-12 10:49:59,530 INFO     ___FILE_ONLY___ ╝

2024-11-12 10:49:59,599 INFO     ___FILE_ONLY___ ╔════════════════════════════════════════════════════════════╗

2024-11-12 10:49:59,599 INFO     ___FILE_ONLY___ ╠═ Installing: Skaffold (Platform Specific)                 ═╣

2024-11-12 10:49:59,599 INFO     ___FILE_ONLY___ ╚
2024-11-12 10:49:59,883 INFO     ___FILE_ONLY___ ════════════════════════════════════════════════════════════
2024-11-12 10:49:59,883 INFO     ___FILE_ONLY___ ╝

2024-11-12 10:49:59,960 INFO     ___FILE_ONLY___ ╔════════════════════════════════════════════════════════════╗

2024-11-12 10:49:59,960 INFO     ___FILE_ONLY___ ╠═ Installing: gcloud Alpha Commands                        ═╣

2024-11-12 10:49:59,960 INFO     ___FILE_ONLY___ ╚
2024-11-12 10:49:59,963 INFO     ___FILE_ONLY___ ════════════════════════════════════════════════════════════
2024-11-12 10:49:59,963 INFO     ___FILE_ONLY___ ╝

2024-11-12 10:50:00,033 INFO     ___FILE_ONLY___ ╔════════════════════════════════════════════════════════════╗

2024-11-12 10:50:00,033 INFO     ___FILE_ONLY___ ╠═ Installing: gcloud Beta Commands                         ═╣

2024-11-12 10:50:00,033 INFO     ___FILE_ONLY___ ╚
2024-11-12 10:50:00,036 INFO     ___FILE_ONLY___ ════════════════════════════════════════════════════════════
2024-11-12 10:50:00,036 INFO     ___FILE_ONLY___ ╝

2024-11-12 10:50:00,105 INFO     ___FILE_ONLY___ ╔════════════════════════════════════════════════════════════╗

2024-11-12 10:50:00,105 INFO     ___FILE_ONLY___ ╠═ Installing: gcloud cli dependencies (Platform Specific)  ═╣

2024-11-12 10:50:00,105 INFO     ___FILE_ONLY___ ╚
2024-11-12 10:50:00,107 INFO     ___FILE_ONLY___ ════════════════════════════════════════════════════════════
2024-11-12 10:50:00,107 INFO     ___FILE_ONLY___ ╝

2024-11-12 10:50:00,180 INFO     ___FILE_ONLY___ ╔════════════════════════════════════════════════════════════╗

2024-11-12 10:50:00,180 INFO     ___FILE_ONLY___ ╠═ Installing: gke-gcloud-auth-plugin                       ═╣

2024-11-12 10:50:00,180 INFO     ___FILE_ONLY___ ╚
2024-11-12 10:50:00,184 INFO     ___FILE_ONLY___ ════════════════════════════════════════════════════════════
2024-11-12 10:50:00,184 INFO     ___FILE_ONLY___ ╝

2024-11-12 10:50:00,255 INFO     ___FILE_ONLY___ ╔════════════════════════════════════════════════════════════╗

2024-11-12 10:50:00,255 INFO     ___FILE_ONLY___ ╠═ Installing: gke-gcloud-auth-plugin (Platform Specific)   ═╣

2024-11-12 10:50:00,255 INFO     ___FILE_ONLY___ ╚
2024-11-12 10:50:00,306 INFO     ___FILE_ONLY___ ════════════════════════════════════════════════════════════
2024-11-12 10:50:00,306 INFO     ___FILE_ONLY___ ╝

2024-11-12 10:50:00,375 INFO     ___FILE_ONLY___ ╔════════════════════════════════════════════════════════════╗

2024-11-12 10:50:00,376 INFO     ___FILE_ONLY___ ╠═ Installing: kubectl                                      ═╣

2024-11-12 10:50:00,376 INFO     ___FILE_ONLY___ ╚
2024-11-12 10:50:00,379 INFO     ___FILE_ONLY___ ════════════════════════════════════════════════════════════
2024-11-12 10:50:00,379 INFO     ___FILE_ONLY___ ╝

2024-11-12 10:50:00,449 INFO     ___FILE_ONLY___ ╔════════════════════════════════════════════════════════════╗

2024-11-12 10:50:00,449 INFO     ___FILE_ONLY___ ╠═ Installing: kubectl (Platform Specific)                  ═╣

2024-11-12 10:50:00,449 INFO     ___FILE_ONLY___ ╚
2024-11-12 10:50:01,003 INFO     ___FILE_ONLY___ ══════════
2024-11-12 10:50:01,102 INFO     ___FILE_ONLY___ ══════════
2024-11-12 10:50:01,206 INFO     ___FILE_ONLY___ ══════════
2024-11-12 10:50:01,309 INFO     ___FILE_ONLY___ ══════════
2024-11-12 10:50:01,414 INFO     ___FILE_ONLY___ ══════════
2024-11-12 10:50:01,525 INFO     ___FILE_ONLY___ ══════════
2024-11-12 10:50:01,525 INFO     ___FILE_ONLY___ ╝

2024-11-12 10:50:01,551 DEBUG    root            Updating notification cache...
2024-11-12 10:50:01,551 INFO     ___FILE_ONLY___ 

2024-11-12 10:50:01,619 INFO     ___FILE_ONLY___ Performing post processing steps...
2024-11-12 10:50:01,619 DEBUG    root            Executing command: ['/Users/wbrunson/Library/Application Support/cloud-code/installer/google-cloud-sdk/bin/gcloud', 'components', 'post-process', '--no-compile-python']
2024-11-12 10:50:03,734 DEBUG    ___FILE_ONLY___ 
2024-11-12 10:50:03,734 DEBUG    ___FILE_ONLY___ 
2024-11-12 10:50:03,907 INFO     ___FILE_ONLY___ 
Update done!


2024-11-12 10:50:04,782 WARNING  root              There are other instances of Google Cloud tools on your system PATH.
  Please remove the following to avoid confusion or accidental invocation:

  /Applications/Rancher Desktop.app/Contents/Resources/resources/darwin/bin/kuberlr

  
2024-11-12 10:50:05,631 DEBUG    root            Chosen display Format:none
2024-11-12 10:50:05,631 INFO     root            Display format: "none"
2024-11-12 10:50:05,633 DEBUG    root            Executing command: ['curl', '--silent', '-O', 'https://dl.google.com/dl/cloudsdk/channels/rapid/python-3.11.6-macos11.tar.gz']
2024-11-12 10:50:13,307 DEBUG    root            Executing command: ['tar', '-xf', 'python-3.11.6-macos11.tar.gz']
2024-11-12 10:50:13,429 DEBUG    root            Executing command: ['sudo', 'installer', '-target', '/', '-pkg', './python-3.11.6-macos11.pkg']
