2024-11-12 10:51:33,704 DEBUG    root            Metrics collector initialized...
2024-11-12 10:51:33,704 DEBUG    root            Loaded Command Group: ['gcloud', 'components']
2024-11-12 10:51:33,707 DEBUG    root            Loaded Command Group: ['gcloud', 'components', 'update']
2024-11-12 10:51:33,708 DEBUG    root            Running [gcloud.components.update] with arguments: [--no-compile-python: "False", --quiet: "True", COMPONENT-IDS:6: "['alpha', 'beta', 'gke-gcloud-auth-plugin', 'kubectl', 'skaffold', 'minikube']"]
2024-11-12 10:51:33,708 INFO     ___FILE_ONLY___ Beginning update. This process may take several minutes.

2024-11-12 10:51:33,721 DEBUG    urllib3.connectionpool Starting new HTTPS connection (1): dl.google.com:443
2024-11-12 10:51:34,222 DEBUG    urllib3.connectionpool https://dl.google.com:443 "GET /dl/cloudsdk/channels/rapid/components-2.json HTTP/1.1" 200 226997
2024-11-12 10:51:34,552 INFO     ___FILE_ONLY___ 

2024-11-12 10:51:34,553 INFO     ___FILE_ONLY___ 
Your current Google Cloud CLI version is: 501.0.0

2024-11-12 10:51:34,553 INFO     ___FILE_ONLY___ Installing components from version: 501.0.0

2024-11-12 10:51:34,553 INFO     ___FILE_ONLY___ 

2024-11-12 10:51:34,553 DEBUG    root            Chosen display Format:table[box,title="These components will be removed."](details.display_name:label=Name:align=left,version.version_string:label=Version:align=right,data.size.size(zero="",min=1048576):label=Size:align=right)
2024-11-12 10:51:34,553 DEBUG    root            Chosen display Format:table[box,title="These components will be updated."](details.display_name:label=Name:align=left,version.version_string:label=Version:align=right,data.size.size(zero="",min=1048576):label=Size:align=right)
2024-11-12 10:51:34,554 DEBUG    root            Chosen display Format:table[box,title="These components will be installed."](details.display_name:label=Name:align=left,version.version_string:label=Version:align=right,data.size.size(zero="",min=1048576):label=Size:align=right)
2024-11-12 10:51:34,568 INFO     ___FILE_ONLY___ ┌─────────────────────────────────────────────────────────────────────────────┐
2024-11-12 10:51:34,568 INFO     ___FILE_ONLY___ 

2024-11-12 10:51:34,568 INFO     ___FILE_ONLY___ │                     These components will be installed.                     │
2024-11-12 10:51:34,568 INFO     ___FILE_ONLY___ 

2024-11-12 10:51:34,568 INFO     ___FILE_ONLY___ ├─────────────────────────────────────────────────────┬────────────┬──────────┤
2024-11-12 10:51:34,568 INFO     ___FILE_ONLY___ 

2024-11-12 10:51:34,568 INFO     ___FILE_ONLY___ │                         Name                        │  Version   │   Size   │
2024-11-12 10:51:34,568 INFO     ___FILE_ONLY___ 

2024-11-12 10:51:34,568 INFO     ___FILE_ONLY___ ├─────────────────────────────────────────────────────┼────────────┼──────────┤
2024-11-12 10:51:34,568 INFO     ___FILE_ONLY___ 

2024-11-12 10:51:34,568 INFO     ___FILE_ONLY___ │ 
2024-11-12 10:51:34,568 INFO     ___FILE_ONLY___ Google Cloud CLI Core Libraries (Platform Specific)
2024-11-12 10:51:34,568 INFO     ___FILE_ONLY___  
2024-11-12 10:51:34,568 INFO     ___FILE_ONLY___ │ 
2024-11-12 10:51:34,568 INFO     ___FILE_ONLY___ 2024.08.30
2024-11-12 10:51:34,568 INFO     ___FILE_ONLY___  
2024-11-12 10:51:34,568 INFO     ___FILE_ONLY___ │ 
2024-11-12 10:51:34,568 INFO     ___FILE_ONLY___  < 1 MiB
2024-11-12 10:51:34,568 INFO     ___FILE_ONLY___  
2024-11-12 10:51:34,568 INFO     ___FILE_ONLY___ │
2024-11-12 10:51:34,568 INFO     ___FILE_ONLY___ 

2024-11-12 10:51:34,568 INFO     ___FILE_ONLY___ │ 
2024-11-12 10:51:34,568 INFO     ___FILE_ONLY___ Minikube (Platform Specific)                       
2024-11-12 10:51:34,568 INFO     ___FILE_ONLY___  
2024-11-12 10:51:34,568 INFO     ___FILE_ONLY___ │ 
2024-11-12 10:51:34,568 INFO     ___FILE_ONLY___     1.34.0
2024-11-12 10:51:34,568 INFO     ___FILE_ONLY___  
2024-11-12 10:51:34,568 INFO     ___FILE_ONLY___ │ 
2024-11-12 10:51:34,568 INFO     ___FILE_ONLY___ 37.2 MiB
2024-11-12 10:51:34,568 INFO     ___FILE_ONLY___  
2024-11-12 10:51:34,568 INFO     ___FILE_ONLY___ │
2024-11-12 10:51:34,568 INFO     ___FILE_ONLY___ 

2024-11-12 10:51:34,569 INFO     ___FILE_ONLY___ │ 
2024-11-12 10:51:34,569 INFO     ___FILE_ONLY___ Skaffold (Platform Specific)                       
2024-11-12 10:51:34,569 INFO     ___FILE_ONLY___  
2024-11-12 10:51:34,569 INFO     ___FILE_ONLY___ │ 
2024-11-12 10:51:34,569 INFO     ___FILE_ONLY___     2.13.1
2024-11-12 10:51:34,569 INFO     ___FILE_ONLY___  
2024-11-12 10:51:34,569 INFO     ___FILE_ONLY___ │ 
2024-11-12 10:51:34,569 INFO     ___FILE_ONLY___ 22.9 MiB
2024-11-12 10:51:34,569 INFO     ___FILE_ONLY___  
2024-11-12 10:51:34,569 INFO     ___FILE_ONLY___ │
2024-11-12 10:51:34,569 INFO     ___FILE_ONLY___ 

2024-11-12 10:51:34,569 INFO     ___FILE_ONLY___ │ 
2024-11-12 10:51:34,569 INFO     ___FILE_ONLY___ gcloud Alpha Commands                              
2024-11-12 10:51:34,569 INFO     ___FILE_ONLY___  
2024-11-12 10:51:34,569 INFO     ___FILE_ONLY___ │ 
2024-11-12 10:51:34,569 INFO     ___FILE_ONLY___ 2024.11.08
2024-11-12 10:51:34,569 INFO     ___FILE_ONLY___  
2024-11-12 10:51:34,569 INFO     ___FILE_ONLY___ │ 
2024-11-12 10:51:34,569 INFO     ___FILE_ONLY___  < 1 MiB
2024-11-12 10:51:34,569 INFO     ___FILE_ONLY___  
2024-11-12 10:51:34,569 INFO     ___FILE_ONLY___ │
2024-11-12 10:51:34,569 INFO     ___FILE_ONLY___ 

2024-11-12 10:51:34,569 INFO     ___FILE_ONLY___ │ 
2024-11-12 10:51:34,569 INFO     ___FILE_ONLY___ gcloud Beta Commands                               
2024-11-12 10:51:34,569 INFO     ___FILE_ONLY___  
2024-11-12 10:51:34,569 INFO     ___FILE_ONLY___ │ 
2024-11-12 10:51:34,569 INFO     ___FILE_ONLY___ 2024.11.08
2024-11-12 10:51:34,569 INFO     ___FILE_ONLY___  
2024-11-12 10:51:34,569 INFO     ___FILE_ONLY___ │ 
2024-11-12 10:51:34,569 INFO     ___FILE_ONLY___  < 1 MiB
2024-11-12 10:51:34,569 INFO     ___FILE_ONLY___  
2024-11-12 10:51:34,569 INFO     ___FILE_ONLY___ │
2024-11-12 10:51:34,569 INFO     ___FILE_ONLY___ 

2024-11-12 10:51:34,569 INFO     ___FILE_ONLY___ │ 
2024-11-12 10:51:34,569 INFO     ___FILE_ONLY___ gcloud cli dependencies (Platform Specific)        
2024-11-12 10:51:34,569 INFO     ___FILE_ONLY___  
2024-11-12 10:51:34,570 INFO     ___FILE_ONLY___ │ 
2024-11-12 10:51:34,570 INFO     ___FILE_ONLY___ 2021.04.16
2024-11-12 10:51:34,570 INFO     ___FILE_ONLY___  
2024-11-12 10:51:34,570 INFO     ___FILE_ONLY___ │ 
2024-11-12 10:51:34,570 INFO     ___FILE_ONLY___  < 1 MiB
2024-11-12 10:51:34,570 INFO     ___FILE_ONLY___  
2024-11-12 10:51:34,570 INFO     ___FILE_ONLY___ │
2024-11-12 10:51:34,570 INFO     ___FILE_ONLY___ 

2024-11-12 10:51:34,570 INFO     ___FILE_ONLY___ │ 
2024-11-12 10:51:34,570 INFO     ___FILE_ONLY___ gke-gcloud-auth-plugin (Platform Specific)         
2024-11-12 10:51:34,570 INFO     ___FILE_ONLY___  
2024-11-12 10:51:34,570 INFO     ___FILE_ONLY___ │ 
2024-11-12 10:51:34,570 INFO     ___FILE_ONLY___      0.5.9
2024-11-12 10:51:34,570 INFO     ___FILE_ONLY___  
2024-11-12 10:51:34,570 INFO     ___FILE_ONLY___ │ 
2024-11-12 10:51:34,570 INFO     ___FILE_ONLY___  4.0 MiB
2024-11-12 10:51:34,570 INFO     ___FILE_ONLY___  
2024-11-12 10:51:34,570 INFO     ___FILE_ONLY___ │
2024-11-12 10:51:34,570 INFO     ___FILE_ONLY___ 

2024-11-12 10:51:34,570 INFO     ___FILE_ONLY___ │ 
2024-11-12 10:51:34,570 INFO     ___FILE_ONLY___ kubectl                                            
2024-11-12 10:51:34,570 INFO     ___FILE_ONLY___  
2024-11-12 10:51:34,570 INFO     ___FILE_ONLY___ │ 
2024-11-12 10:51:34,570 INFO     ___FILE_ONLY___     1.30.5
2024-11-12 10:51:34,570 INFO     ___FILE_ONLY___  
2024-11-12 10:51:34,570 INFO     ___FILE_ONLY___ │ 
2024-11-12 10:51:34,570 INFO     ___FILE_ONLY___  < 1 MiB
2024-11-12 10:51:34,570 INFO     ___FILE_ONLY___  
2024-11-12 10:51:34,570 INFO     ___FILE_ONLY___ │
2024-11-12 10:51:34,570 INFO     ___FILE_ONLY___ 

2024-11-12 10:51:34,570 INFO     ___FILE_ONLY___ │ 
2024-11-12 10:51:34,570 INFO     ___FILE_ONLY___ kubectl (Platform Specific)                        
2024-11-12 10:51:34,570 INFO     ___FILE_ONLY___  
2024-11-12 10:51:34,570 INFO     ___FILE_ONLY___ │ 
2024-11-12 10:51:34,570 INFO     ___FILE_ONLY___     1.30.6
2024-11-12 10:51:34,570 INFO     ___FILE_ONLY___  
2024-11-12 10:51:34,570 INFO     ___FILE_ONLY___ │ 
2024-11-12 10:51:34,571 INFO     ___FILE_ONLY___ 86.1 MiB
2024-11-12 10:51:34,571 INFO     ___FILE_ONLY___  
2024-11-12 10:51:34,571 INFO     ___FILE_ONLY___ │
2024-11-12 10:51:34,571 INFO     ___FILE_ONLY___ 

2024-11-12 10:51:34,571 INFO     ___FILE_ONLY___ └─────────────────────────────────────────────────────┴────────────┴──────────┘
2024-11-12 10:51:34,571 INFO     ___FILE_ONLY___ 

2024-11-12 10:51:34,571 INFO     ___FILE_ONLY___ 

2024-11-12 10:51:34,573 DEBUG    urllib3.connectionpool Starting new HTTPS connection (1): dl.google.com:443
2024-11-12 10:51:35,067 DEBUG    urllib3.connectionpool https://dl.google.com:443 "GET /dl/cloudsdk/channels/rapid/RELEASE_NOTES HTTP/1.1" 200 1311270
2024-11-12 10:51:35,856 INFO     ___FILE_ONLY___ For the latest full release notes, please visit:
  https://cloud.google.com/sdk/release_notes


2024-11-12 10:51:35,857 INFO     ___FILE_ONLY___ Performing in place update...


2024-11-12 10:51:35,924 INFO     ___FILE_ONLY___ ╔════════════════════════════════════════════════════════════╗

2024-11-12 10:51:35,924 INFO     ___FILE_ONLY___ ╠═ Downloading: Google Cloud CLI Core Libraries (Platfor... ═╣

2024-11-12 10:51:35,924 INFO     ___FILE_ONLY___ ╚
2024-11-12 10:51:35,927 DEBUG    urllib3.connectionpool Starting new HTTPS connection (1): dl.google.com:443
2024-11-12 10:51:36,420 DEBUG    urllib3.connectionpool https://dl.google.com:443 "GET /dl/cloudsdk/channels/rapid/components/google-cloud-sdk-core-nix-20240830134514.tar.gz HTTP/1.1" 200 2306
2024-11-12 10:51:36,421 INFO     ___FILE_ONLY___ ════════════════════════════════════════════════════════════
2024-11-12 10:51:36,421 INFO     ___FILE_ONLY___ ╝

2024-11-12 10:51:36,487 INFO     ___FILE_ONLY___ ╔════════════════════════════════════════════════════════════╗

2024-11-12 10:51:36,487 INFO     ___FILE_ONLY___ ╠═ Downloading: Minikube                                    ═╣

2024-11-12 10:51:36,487 INFO     ___FILE_ONLY___ ╚
2024-11-12 10:51:36,487 INFO     ___FILE_ONLY___ ════════════════════════════════════════════════════════════
2024-11-12 10:51:36,487 INFO     ___FILE_ONLY___ ╝

2024-11-12 10:51:36,555 INFO     ___FILE_ONLY___ ╔════════════════════════════════════════════════════════════╗

2024-11-12 10:51:36,555 INFO     ___FILE_ONLY___ ╠═ Downloading: Minikube (Platform Specific)                ═╣

2024-11-12 10:51:36,555 INFO     ___FILE_ONLY___ ╚
2024-11-12 10:51:36,559 DEBUG    urllib3.connectionpool Starting new HTTPS connection (1): dl.google.com:443
2024-11-12 10:51:37,089 DEBUG    urllib3.connectionpool https://dl.google.com:443 "GET /dl/cloudsdk/channels/rapid/components/google-cloud-sdk-minikube-darwin-arm-20240927140238.tar.gz HTTP/1.1" 200 38981244
2024-11-12 10:51:43,096 INFO     ___FILE_ONLY___ ═
2024-11-12 10:51:43,096 INFO     ___FILE_ONLY___ ═
2024-11-12 10:51:43,097 INFO     ___FILE_ONLY___ ═
2024-11-12 10:51:43,097 INFO     ___FILE_ONLY___ ═
2024-11-12 10:51:43,097 INFO     ___FILE_ONLY___ ═
2024-11-12 10:51:43,098 INFO     ___FILE_ONLY___ ═
2024-11-12 10:51:43,098 INFO     ___FILE_ONLY___ ═
2024-11-12 10:51:43,098 INFO     ___FILE_ONLY___ ═
2024-11-12 10:51:43,098 INFO     ___FILE_ONLY___ ═
2024-11-12 10:51:43,099 INFO     ___FILE_ONLY___ ═
2024-11-12 10:51:43,099 INFO     ___FILE_ONLY___ ═
2024-11-12 10:51:43,099 INFO     ___FILE_ONLY___ ═
2024-11-12 10:51:43,100 INFO     ___FILE_ONLY___ ═
2024-11-12 10:51:43,100 INFO     ___FILE_ONLY___ ═
2024-11-12 10:51:43,100 INFO     ___FILE_ONLY___ ═
2024-11-12 10:51:43,101 INFO     ___FILE_ONLY___ ═
2024-11-12 10:51:43,101 INFO     ___FILE_ONLY___ ═
2024-11-12 10:51:43,101 INFO     ___FILE_ONLY___ ═
2024-11-12 10:51:43,101 INFO     ___FILE_ONLY___ ═
2024-11-12 10:51:43,102 INFO     ___FILE_ONLY___ ═
2024-11-12 10:51:43,102 INFO     ___FILE_ONLY___ ═
2024-11-12 10:51:43,102 INFO     ___FILE_ONLY___ ═
2024-11-12 10:51:43,103 INFO     ___FILE_ONLY___ ═
2024-11-12 10:51:43,103 INFO     ___FILE_ONLY___ ═
2024-11-12 10:51:43,103 INFO     ___FILE_ONLY___ ═
2024-11-12 10:51:43,104 INFO     ___FILE_ONLY___ ═
2024-11-12 10:51:43,104 INFO     ___FILE_ONLY___ ═
2024-11-12 10:51:43,104 INFO     ___FILE_ONLY___ ═
2024-11-12 10:51:43,105 INFO     ___FILE_ONLY___ ═
2024-11-12 10:51:43,105 INFO     ___FILE_ONLY___ ═
2024-11-12 10:51:43,105 INFO     ___FILE_ONLY___ ═
2024-11-12 10:51:43,106 INFO     ___FILE_ONLY___ ═
2024-11-12 10:51:43,106 INFO     ___FILE_ONLY___ ═
2024-11-12 10:51:43,106 INFO     ___FILE_ONLY___ ═
2024-11-12 10:51:43,106 INFO     ___FILE_ONLY___ ═
2024-11-12 10:51:43,107 INFO     ___FILE_ONLY___ ═
2024-11-12 10:51:43,107 INFO     ___FILE_ONLY___ ═
2024-11-12 10:51:43,107 INFO     ___FILE_ONLY___ ═
2024-11-12 10:51:43,108 INFO     ___FILE_ONLY___ ═
2024-11-12 10:51:43,108 INFO     ___FILE_ONLY___ ═
2024-11-12 10:51:43,108 INFO     ___FILE_ONLY___ ═
2024-11-12 10:51:43,109 INFO     ___FILE_ONLY___ ═
2024-11-12 10:51:43,109 INFO     ___FILE_ONLY___ ═
2024-11-12 10:51:43,109 INFO     ___FILE_ONLY___ ═
2024-11-12 10:51:43,110 INFO     ___FILE_ONLY___ ═
2024-11-12 10:51:43,110 INFO     ___FILE_ONLY___ ═
2024-11-12 10:51:43,110 INFO     ___FILE_ONLY___ ═
2024-11-12 10:51:43,111 INFO     ___FILE_ONLY___ ═
2024-11-12 10:51:43,111 INFO     ___FILE_ONLY___ ═
2024-11-12 10:51:43,111 INFO     ___FILE_ONLY___ ═
2024-11-12 10:51:43,111 INFO     ___FILE_ONLY___ ═
2024-11-12 10:51:43,112 INFO     ___FILE_ONLY___ ═
2024-11-12 10:51:43,112 INFO     ___FILE_ONLY___ ═
2024-11-12 10:51:43,112 INFO     ___FILE_ONLY___ ═
2024-11-12 10:51:43,113 INFO     ___FILE_ONLY___ ═
2024-11-12 10:51:43,113 INFO     ___FILE_ONLY___ ═
2024-11-12 10:51:43,113 INFO     ___FILE_ONLY___ ═
2024-11-12 10:51:43,114 INFO     ___FILE_ONLY___ ═
2024-11-12 10:51:43,114 INFO     ___FILE_ONLY___ ═
2024-11-12 10:51:43,114 INFO     ___FILE_ONLY___ ═
2024-11-12 10:51:43,114 INFO     ___FILE_ONLY___ ╝

2024-11-12 10:51:43,182 INFO     ___FILE_ONLY___ ╔════════════════════════════════════════════════════════════╗

2024-11-12 10:51:43,182 INFO     ___FILE_ONLY___ ╠═ Downloading: Skaffold                                    ═╣

2024-11-12 10:51:43,182 INFO     ___FILE_ONLY___ ╚
2024-11-12 10:51:43,182 INFO     ___FILE_ONLY___ ════════════════════════════════════════════════════════════
2024-11-12 10:51:43,182 INFO     ___FILE_ONLY___ ╝

2024-11-12 10:51:43,249 INFO     ___FILE_ONLY___ ╔════════════════════════════════════════════════════════════╗

2024-11-12 10:51:43,249 INFO     ___FILE_ONLY___ ╠═ Downloading: Skaffold (Platform Specific)                ═╣

2024-11-12 10:51:43,249 INFO     ___FILE_ONLY___ ╚
2024-11-12 10:51:43,253 DEBUG    urllib3.connectionpool Starting new HTTPS connection (1): dl.google.com:443
2024-11-12 10:51:43,795 DEBUG    urllib3.connectionpool https://dl.google.com:443 "GET /dl/cloudsdk/channels/rapid/components/google-cloud-sdk-skaffold-darwin-arm-20240806142304.tar.gz HTTP/1.1" 200 24031362
2024-11-12 10:51:48,392 INFO     ___FILE_ONLY___ ═
2024-11-12 10:51:48,393 INFO     ___FILE_ONLY___ ═
2024-11-12 10:51:48,393 INFO     ___FILE_ONLY___ ═
2024-11-12 10:51:48,393 INFO     ___FILE_ONLY___ ═
2024-11-12 10:51:48,393 INFO     ___FILE_ONLY___ ═
2024-11-12 10:51:48,393 INFO     ___FILE_ONLY___ ═
2024-11-12 10:51:48,394 INFO     ___FILE_ONLY___ ═
2024-11-12 10:51:48,394 INFO     ___FILE_ONLY___ ═
2024-11-12 10:51:48,394 INFO     ___FILE_ONLY___ ═
2024-11-12 10:51:48,394 INFO     ___FILE_ONLY___ ═
2024-11-12 10:51:48,394 INFO     ___FILE_ONLY___ ═
2024-11-12 10:51:48,395 INFO     ___FILE_ONLY___ ═
2024-11-12 10:51:48,395 INFO     ___FILE_ONLY___ ═
2024-11-12 10:51:48,395 INFO     ___FILE_ONLY___ ═
2024-11-12 10:51:48,395 INFO     ___FILE_ONLY___ ═
2024-11-12 10:51:48,395 INFO     ___FILE_ONLY___ ═
2024-11-12 10:51:48,396 INFO     ___FILE_ONLY___ ═
2024-11-12 10:51:48,396 INFO     ___FILE_ONLY___ ═
2024-11-12 10:51:48,396 INFO     ___FILE_ONLY___ ═
2024-11-12 10:51:48,396 INFO     ___FILE_ONLY___ ═
2024-11-12 10:51:48,397 INFO     ___FILE_ONLY___ ═
2024-11-12 10:51:48,397 INFO     ___FILE_ONLY___ ═
2024-11-12 10:51:48,397 INFO     ___FILE_ONLY___ ═
2024-11-12 10:51:48,397 INFO     ___FILE_ONLY___ ═
2024-11-12 10:51:48,398 INFO     ___FILE_ONLY___ ═
2024-11-12 10:51:48,398 INFO     ___FILE_ONLY___ ═
2024-11-12 10:51:48,398 INFO     ___FILE_ONLY___ ═
2024-11-12 10:51:48,398 INFO     ___FILE_ONLY___ ═
2024-11-12 10:51:48,398 INFO     ___FILE_ONLY___ ═
2024-11-12 10:51:48,399 INFO     ___FILE_ONLY___ ═
2024-11-12 10:51:48,399 INFO     ___FILE_ONLY___ ═
2024-11-12 10:51:48,399 INFO     ___FILE_ONLY___ ═
2024-11-12 10:51:48,399 INFO     ___FILE_ONLY___ ═
2024-11-12 10:51:48,400 INFO     ___FILE_ONLY___ ═
2024-11-12 10:51:48,400 INFO     ___FILE_ONLY___ ═
2024-11-12 10:51:48,400 INFO     ___FILE_ONLY___ ═
2024-11-12 10:51:48,400 INFO     ___FILE_ONLY___ ═
2024-11-12 10:51:48,401 INFO     ___FILE_ONLY___ ═
2024-11-12 10:51:48,401 INFO     ___FILE_ONLY___ ═
2024-11-12 10:51:48,401 INFO     ___FILE_ONLY___ ═
2024-11-12 10:51:48,401 INFO     ___FILE_ONLY___ ═
2024-11-12 10:51:48,402 INFO     ___FILE_ONLY___ ═
2024-11-12 10:51:48,402 INFO     ___FILE_ONLY___ ═
2024-11-12 10:51:48,402 INFO     ___FILE_ONLY___ ═
2024-11-12 10:51:48,403 INFO     ___FILE_ONLY___ ═
2024-11-12 10:51:48,403 INFO     ___FILE_ONLY___ ═
2024-11-12 10:51:48,403 INFO     ___FILE_ONLY___ ═
2024-11-12 10:51:48,403 INFO     ___FILE_ONLY___ ═
2024-11-12 10:51:48,403 INFO     ___FILE_ONLY___ ═
2024-11-12 10:51:48,404 INFO     ___FILE_ONLY___ ═
2024-11-12 10:51:48,404 INFO     ___FILE_ONLY___ ═
2024-11-12 10:51:48,404 INFO     ___FILE_ONLY___ ═
2024-11-12 10:51:48,404 INFO     ___FILE_ONLY___ ═
2024-11-12 10:51:48,405 INFO     ___FILE_ONLY___ ═
2024-11-12 10:51:48,405 INFO     ___FILE_ONLY___ ═
2024-11-12 10:51:48,405 INFO     ___FILE_ONLY___ ═
2024-11-12 10:51:48,405 INFO     ___FILE_ONLY___ ═
2024-11-12 10:51:48,405 INFO     ___FILE_ONLY___ ═
2024-11-12 10:51:48,405 INFO     ___FILE_ONLY___ ═
2024-11-12 10:51:48,406 INFO     ___FILE_ONLY___ ═
2024-11-12 10:51:48,406 INFO     ___FILE_ONLY___ ╝

2024-11-12 10:51:48,471 INFO     ___FILE_ONLY___ ╔════════════════════════════════════════════════════════════╗

2024-11-12 10:51:48,471 INFO     ___FILE_ONLY___ ╠═ Downloading: gcloud Alpha Commands                       ═╣

2024-11-12 10:51:48,471 INFO     ___FILE_ONLY___ ╚
2024-11-12 10:51:48,474 DEBUG    urllib3.connectionpool Starting new HTTPS connection (1): dl.google.com:443
2024-11-12 10:51:48,966 DEBUG    urllib3.connectionpool https://dl.google.com:443 "GET /dl/cloudsdk/channels/rapid/components/google-cloud-sdk-alpha-20241108162203.tar.gz HTTP/1.1" 200 800
2024-11-12 10:51:48,969 INFO     ___FILE_ONLY___ ════════════════════════════════════════════════════════════
2024-11-12 10:51:48,970 INFO     ___FILE_ONLY___ ╝

2024-11-12 10:51:49,042 INFO     ___FILE_ONLY___ ╔════════════════════════════════════════════════════════════╗

2024-11-12 10:51:49,042 INFO     ___FILE_ONLY___ ╠═ Downloading: gcloud Beta Commands                        ═╣

2024-11-12 10:51:49,042 INFO     ___FILE_ONLY___ ╚
2024-11-12 10:51:49,045 DEBUG    urllib3.connectionpool Starting new HTTPS connection (1): dl.google.com:443
2024-11-12 10:51:49,536 DEBUG    urllib3.connectionpool https://dl.google.com:443 "GET /dl/cloudsdk/channels/rapid/components/google-cloud-sdk-beta-20241108162203.tar.gz HTTP/1.1" 200 797
2024-11-12 10:51:49,538 INFO     ___FILE_ONLY___ ════════════════════════════════════════════════════════════
2024-11-12 10:51:49,538 INFO     ___FILE_ONLY___ ╝

2024-11-12 10:51:49,617 INFO     ___FILE_ONLY___ ╔════════════════════════════════════════════════════════════╗

2024-11-12 10:51:49,618 INFO     ___FILE_ONLY___ ╠═ Downloading: gcloud cli dependencies (Platform Specific) ═╣

2024-11-12 10:51:49,618 INFO     ___FILE_ONLY___ ╚
2024-11-12 10:51:49,621 DEBUG    urllib3.connectionpool Starting new HTTPS connection (1): dl.google.com:443
2024-11-12 10:51:50,148 DEBUG    urllib3.connectionpool https://dl.google.com:443 "GET /dl/cloudsdk/channels/rapid/components/google-cloud-sdk-gcloud-deps-darwin-x86_64-20210416153011.tar.gz HTTP/1.1" 200 105
2024-11-12 10:51:50,149 INFO     ___FILE_ONLY___ ════════════════════════════════════════════════════════════
2024-11-12 10:51:50,149 INFO     ___FILE_ONLY___ ╝

2024-11-12 10:51:50,239 INFO     ___FILE_ONLY___ ╔════════════════════════════════════════════════════════════╗

2024-11-12 10:51:50,239 INFO     ___FILE_ONLY___ ╠═ Downloading: gke-gcloud-auth-plugin                      ═╣

2024-11-12 10:51:50,239 INFO     ___FILE_ONLY___ ╚
2024-11-12 10:51:50,239 INFO     ___FILE_ONLY___ ════════════════════════════════════════════════════════════
2024-11-12 10:51:50,239 INFO     ___FILE_ONLY___ ╝

2024-11-12 10:51:50,314 INFO     ___FILE_ONLY___ ╔════════════════════════════════════════════════════════════╗

2024-11-12 10:51:50,314 INFO     ___FILE_ONLY___ ╠═ Downloading: gke-gcloud-auth-plugin (Platform Specific)  ═╣

2024-11-12 10:51:50,314 INFO     ___FILE_ONLY___ ╚
2024-11-12 10:51:50,320 DEBUG    urllib3.connectionpool Starting new HTTPS connection (1): dl.google.com:443
2024-11-12 10:51:50,812 DEBUG    urllib3.connectionpool https://dl.google.com:443 "GET /dl/cloudsdk/channels/rapid/components/google-cloud-sdk-gke-gcloud-auth-plugin-darwin-arm-20240628141907.tar.gz HTTP/1.1" 200 4148014
2024-11-12 10:51:52,135 INFO     ___FILE_ONLY___ ═
2024-11-12 10:51:52,135 INFO     ___FILE_ONLY___ ═
2024-11-12 10:51:52,135 INFO     ___FILE_ONLY___ ═
2024-11-12 10:51:52,135 INFO     ___FILE_ONLY___ ═
2024-11-12 10:51:52,135 INFO     ___FILE_ONLY___ ═
2024-11-12 10:51:52,135 INFO     ___FILE_ONLY___ ═
2024-11-12 10:51:52,135 INFO     ___FILE_ONLY___ ═
2024-11-12 10:51:52,135 INFO     ___FILE_ONLY___ ═
2024-11-12 10:51:52,135 INFO     ___FILE_ONLY___ ═
2024-11-12 10:51:52,136 INFO     ___FILE_ONLY___ ═
2024-11-12 10:51:52,136 INFO     ___FILE_ONLY___ ═
2024-11-12 10:51:52,136 INFO     ___FILE_ONLY___ ═
2024-11-12 10:51:52,136 INFO     ___FILE_ONLY___ ═
2024-11-12 10:51:52,136 INFO     ___FILE_ONLY___ ═
2024-11-12 10:51:52,136 INFO     ___FILE_ONLY___ ═
2024-11-12 10:51:52,136 INFO     ___FILE_ONLY___ ═
2024-11-12 10:51:52,136 INFO     ___FILE_ONLY___ ═
2024-11-12 10:51:52,136 INFO     ___FILE_ONLY___ ═
2024-11-12 10:51:52,136 INFO     ___FILE_ONLY___ ═
2024-11-12 10:51:52,136 INFO     ___FILE_ONLY___ ═
2024-11-12 10:51:52,136 INFO     ___FILE_ONLY___ ═
2024-11-12 10:51:52,136 INFO     ___FILE_ONLY___ ═
2024-11-12 10:51:52,136 INFO     ___FILE_ONLY___ ═
2024-11-12 10:51:52,137 INFO     ___FILE_ONLY___ ═
2024-11-12 10:51:52,137 INFO     ___FILE_ONLY___ ═
2024-11-12 10:51:52,137 INFO     ___FILE_ONLY___ ═
2024-11-12 10:51:52,137 INFO     ___FILE_ONLY___ ═
2024-11-12 10:51:52,137 INFO     ___FILE_ONLY___ ═
2024-11-12 10:51:52,137 INFO     ___FILE_ONLY___ ═
2024-11-12 10:51:52,137 INFO     ___FILE_ONLY___ ═
2024-11-12 10:51:52,137 INFO     ___FILE_ONLY___ ═
2024-11-12 10:51:52,137 INFO     ___FILE_ONLY___ ═
2024-11-12 10:51:52,137 INFO     ___FILE_ONLY___ ═
2024-11-12 10:51:52,137 INFO     ___FILE_ONLY___ ═
2024-11-12 10:51:52,137 INFO     ___FILE_ONLY___ ═
2024-11-12 10:51:52,137 INFO     ___FILE_ONLY___ ═
2024-11-12 10:51:52,137 INFO     ___FILE_ONLY___ ═
2024-11-12 10:51:52,137 INFO     ___FILE_ONLY___ ═
2024-11-12 10:51:52,137 INFO     ___FILE_ONLY___ ═
2024-11-12 10:51:52,137 INFO     ___FILE_ONLY___ ═
2024-11-12 10:51:52,137 INFO     ___FILE_ONLY___ ═
2024-11-12 10:51:52,138 INFO     ___FILE_ONLY___ ═
2024-11-12 10:51:52,138 INFO     ___FILE_ONLY___ ═
2024-11-12 10:51:52,138 INFO     ___FILE_ONLY___ ═
2024-11-12 10:51:52,138 INFO     ___FILE_ONLY___ ═
2024-11-12 10:51:52,138 INFO     ___FILE_ONLY___ ═
2024-11-12 10:51:52,138 INFO     ___FILE_ONLY___ ═
2024-11-12 10:51:52,138 INFO     ___FILE_ONLY___ ═
2024-11-12 10:51:52,138 INFO     ___FILE_ONLY___ ═
2024-11-12 10:51:52,138 INFO     ___FILE_ONLY___ ═
2024-11-12 10:51:52,138 INFO     ___FILE_ONLY___ ═
2024-11-12 10:51:52,138 INFO     ___FILE_ONLY___ ═
2024-11-12 10:51:52,138 INFO     ___FILE_ONLY___ ═
2024-11-12 10:51:52,138 INFO     ___FILE_ONLY___ ═
2024-11-12 10:51:52,138 INFO     ___FILE_ONLY___ ═
2024-11-12 10:51:52,138 INFO     ___FILE_ONLY___ ═
2024-11-12 10:51:52,138 INFO     ___FILE_ONLY___ ═
2024-11-12 10:51:52,138 INFO     ___FILE_ONLY___ ═
2024-11-12 10:51:52,138 INFO     ___FILE_ONLY___ ═
2024-11-12 10:51:52,139 INFO     ___FILE_ONLY___ ═
2024-11-12 10:51:52,139 INFO     ___FILE_ONLY___ ╝

2024-11-12 10:51:52,207 INFO     ___FILE_ONLY___ ╔════════════════════════════════════════════════════════════╗

2024-11-12 10:51:52,208 INFO     ___FILE_ONLY___ ╠═ Downloading: kubectl                                     ═╣

2024-11-12 10:51:52,208 INFO     ___FILE_ONLY___ ╚
2024-11-12 10:51:52,215 DEBUG    urllib3.connectionpool Starting new HTTPS connection (1): dl.google.com:443
2024-11-12 10:51:52,710 DEBUG    urllib3.connectionpool https://dl.google.com:443 "GET /dl/cloudsdk/channels/rapid/components/google-cloud-sdk-kubectl-20241004144944.tar.gz HTTP/1.1" 200 36206
2024-11-12 10:51:52,806 INFO     ___FILE_ONLY___ ═══════════════════════════
2024-11-12 10:51:52,806 INFO     ___FILE_ONLY___ ═══════════════════════════
2024-11-12 10:51:52,806 INFO     ___FILE_ONLY___ ══════
2024-11-12 10:51:52,806 INFO     ___FILE_ONLY___ ╝

2024-11-12 10:51:52,872 INFO     ___FILE_ONLY___ ╔════════════════════════════════════════════════════════════╗

2024-11-12 10:51:52,873 INFO     ___FILE_ONLY___ ╠═ Downloading: kubectl (Platform Specific)                 ═╣

2024-11-12 10:51:52,873 INFO     ___FILE_ONLY___ ╚
2024-11-12 10:51:52,876 DEBUG    urllib3.connectionpool Starting new HTTPS connection (1): dl.google.com:443
2024-11-12 10:51:53,399 DEBUG    urllib3.connectionpool https://dl.google.com:443 "GET /dl/cloudsdk/channels/rapid/components/google-cloud-sdk-kubectl-darwin-arm-20241108162203.tar.gz HTTP/1.1" 200 90277960
2024-11-12 10:52:03,869 INFO     ___FILE_ONLY___ ═
2024-11-12 10:52:03,870 INFO     ___FILE_ONLY___ ═
2024-11-12 10:52:03,870 INFO     ___FILE_ONLY___ ═
2024-11-12 10:52:03,871 INFO     ___FILE_ONLY___ ═
2024-11-12 10:52:03,872 INFO     ___FILE_ONLY___ ═
2024-11-12 10:52:03,873 INFO     ___FILE_ONLY___ ═
2024-11-12 10:52:03,873 INFO     ___FILE_ONLY___ ═
2024-11-12 10:52:03,874 INFO     ___FILE_ONLY___ ═
2024-11-12 10:52:03,874 INFO     ___FILE_ONLY___ ═
2024-11-12 10:52:03,875 INFO     ___FILE_ONLY___ ═
2024-11-12 10:52:03,876 INFO     ___FILE_ONLY___ ═
2024-11-12 10:52:03,876 INFO     ___FILE_ONLY___ ═
2024-11-12 10:52:03,877 INFO     ___FILE_ONLY___ ═
2024-11-12 10:52:03,878 INFO     ___FILE_ONLY___ ═
2024-11-12 10:52:03,878 INFO     ___FILE_ONLY___ ═
2024-11-12 10:52:03,879 INFO     ___FILE_ONLY___ ═
2024-11-12 10:52:03,880 INFO     ___FILE_ONLY___ ═
2024-11-12 10:52:03,880 INFO     ___FILE_ONLY___ ═
2024-11-12 10:52:03,881 INFO     ___FILE_ONLY___ ═
2024-11-12 10:52:03,882 INFO     ___FILE_ONLY___ ═
2024-11-12 10:52:03,882 INFO     ___FILE_ONLY___ ═
2024-11-12 10:52:03,883 INFO     ___FILE_ONLY___ ═
2024-11-12 10:52:03,884 INFO     ___FILE_ONLY___ ═
2024-11-12 10:52:03,884 INFO     ___FILE_ONLY___ ═
2024-11-12 10:52:03,885 INFO     ___FILE_ONLY___ ═
2024-11-12 10:52:03,885 INFO     ___FILE_ONLY___ ═
2024-11-12 10:52:03,886 INFO     ___FILE_ONLY___ ═
2024-11-12 10:52:03,887 INFO     ___FILE_ONLY___ ═
2024-11-12 10:52:03,888 INFO     ___FILE_ONLY___ ═
2024-11-12 10:52:03,888 INFO     ___FILE_ONLY___ ═
2024-11-12 10:52:03,889 INFO     ___FILE_ONLY___ ═
2024-11-12 10:52:03,889 INFO     ___FILE_ONLY___ ═
2024-11-12 10:52:03,890 INFO     ___FILE_ONLY___ ═
2024-11-12 10:52:03,891 INFO     ___FILE_ONLY___ ═
2024-11-12 10:52:03,891 INFO     ___FILE_ONLY___ ═
2024-11-12 10:52:03,892 INFO     ___FILE_ONLY___ ═
2024-11-12 10:52:03,892 INFO     ___FILE_ONLY___ ═
2024-11-12 10:52:03,893 INFO     ___FILE_ONLY___ ═
2024-11-12 10:52:03,894 INFO     ___FILE_ONLY___ ═
2024-11-12 10:52:03,894 INFO     ___FILE_ONLY___ ═
2024-11-12 10:52:03,895 INFO     ___FILE_ONLY___ ═
2024-11-12 10:52:03,896 INFO     ___FILE_ONLY___ ═
2024-11-12 10:52:03,896 INFO     ___FILE_ONLY___ ═
2024-11-12 10:52:03,897 INFO     ___FILE_ONLY___ ═
2024-11-12 10:52:03,898 INFO     ___FILE_ONLY___ ═
2024-11-12 10:52:03,899 INFO     ___FILE_ONLY___ ═
2024-11-12 10:52:03,899 INFO     ___FILE_ONLY___ ═
2024-11-12 10:52:03,900 INFO     ___FILE_ONLY___ ═
2024-11-12 10:52:03,900 INFO     ___FILE_ONLY___ ═
2024-11-12 10:52:03,901 INFO     ___FILE_ONLY___ ═
2024-11-12 10:52:03,902 INFO     ___FILE_ONLY___ ═
2024-11-12 10:52:03,902 INFO     ___FILE_ONLY___ ═
2024-11-12 10:52:03,903 INFO     ___FILE_ONLY___ ═
2024-11-12 10:52:03,904 INFO     ___FILE_ONLY___ ═
2024-11-12 10:52:03,904 INFO     ___FILE_ONLY___ ═
2024-11-12 10:52:03,905 INFO     ___FILE_ONLY___ ═
2024-11-12 10:52:03,906 INFO     ___FILE_ONLY___ ═
2024-11-12 10:52:03,906 INFO     ___FILE_ONLY___ ═
2024-11-12 10:52:03,907 INFO     ___FILE_ONLY___ ═
2024-11-12 10:52:03,907 INFO     ___FILE_ONLY___ ═
2024-11-12 10:52:03,907 INFO     ___FILE_ONLY___ ╝

2024-11-12 10:52:03,977 INFO     ___FILE_ONLY___ ╔════════════════════════════════════════════════════════════╗

2024-11-12 10:52:03,977 INFO     ___FILE_ONLY___ ╠═ Installing: Google Cloud CLI Core Libraries (Platform... ═╣

2024-11-12 10:52:03,977 INFO     ___FILE_ONLY___ ╚
2024-11-12 10:52:03,980 INFO     ___FILE_ONLY___ ══════════════════════════════
2024-11-12 10:52:03,980 INFO     ___FILE_ONLY___ ══════════════════════════════
2024-11-12 10:52:03,980 INFO     ___FILE_ONLY___ ╝

2024-11-12 10:52:04,050 INFO     ___FILE_ONLY___ ╔════════════════════════════════════════════════════════════╗

2024-11-12 10:52:04,051 INFO     ___FILE_ONLY___ ╠═ Installing: Minikube                                     ═╣

2024-11-12 10:52:04,051 INFO     ___FILE_ONLY___ ╚
2024-11-12 10:52:04,056 INFO     ___FILE_ONLY___ ════════════════════════════════════════════════════════════
2024-11-12 10:52:04,056 INFO     ___FILE_ONLY___ ╝

2024-11-12 10:52:04,124 INFO     ___FILE_ONLY___ ╔════════════════════════════════════════════════════════════╗

2024-11-12 10:52:04,124 INFO     ___FILE_ONLY___ ╠═ Installing: Minikube (Platform Specific)                 ═╣

2024-11-12 10:52:04,124 INFO     ___FILE_ONLY___ ╚
2024-11-12 10:52:04,468 INFO     ___FILE_ONLY___ ════════════════════════════════════════════════════════════
2024-11-12 10:52:04,468 INFO     ___FILE_ONLY___ ╝

2024-11-12 10:52:04,541 INFO     ___FILE_ONLY___ ╔════════════════════════════════════════════════════════════╗

2024-11-12 10:52:04,541 INFO     ___FILE_ONLY___ ╠═ Installing: Skaffold                                     ═╣

2024-11-12 10:52:04,541 INFO     ___FILE_ONLY___ ╚
2024-11-12 10:52:04,544 INFO     ___FILE_ONLY___ ════════════════════════════════════════════════════════════
2024-11-12 10:52:04,544 INFO     ___FILE_ONLY___ ╝

2024-11-12 10:52:04,613 INFO     ___FILE_ONLY___ ╔════════════════════════════════════════════════════════════╗

2024-11-12 10:52:04,613 INFO     ___FILE_ONLY___ ╠═ Installing: Skaffold (Platform Specific)                 ═╣

2024-11-12 10:52:04,613 INFO     ___FILE_ONLY___ ╚
2024-11-12 10:52:04,906 INFO     ___FILE_ONLY___ ════════════════════════════════════════════════════════════
2024-11-12 10:52:04,906 INFO     ___FILE_ONLY___ ╝

2024-11-12 10:52:04,974 INFO     ___FILE_ONLY___ ╔════════════════════════════════════════════════════════════╗

2024-11-12 10:52:04,974 INFO     ___FILE_ONLY___ ╠═ Installing: gcloud Alpha Commands                        ═╣

2024-11-12 10:52:04,974 INFO     ___FILE_ONLY___ ╚
2024-11-12 10:52:04,977 INFO     ___FILE_ONLY___ ════════════════════════════════════════════════════════════
2024-11-12 10:52:04,977 INFO     ___FILE_ONLY___ ╝

2024-11-12 10:52:05,045 INFO     ___FILE_ONLY___ ╔════════════════════════════════════════════════════════════╗

2024-11-12 10:52:05,045 INFO     ___FILE_ONLY___ ╠═ Installing: gcloud Beta Commands                         ═╣

2024-11-12 10:52:05,045 INFO     ___FILE_ONLY___ ╚
2024-11-12 10:52:05,048 INFO     ___FILE_ONLY___ ════════════════════════════════════════════════════════════
2024-11-12 10:52:05,048 INFO     ___FILE_ONLY___ ╝

2024-11-12 10:52:05,117 INFO     ___FILE_ONLY___ ╔════════════════════════════════════════════════════════════╗

2024-11-12 10:52:05,117 INFO     ___FILE_ONLY___ ╠═ Installing: gcloud cli dependencies (Platform Specific)  ═╣

2024-11-12 10:52:05,117 INFO     ___FILE_ONLY___ ╚
2024-11-12 10:52:05,119 INFO     ___FILE_ONLY___ ════════════════════════════════════════════════════════════
2024-11-12 10:52:05,119 INFO     ___FILE_ONLY___ ╝

2024-11-12 10:52:05,189 INFO     ___FILE_ONLY___ ╔════════════════════════════════════════════════════════════╗

2024-11-12 10:52:05,189 INFO     ___FILE_ONLY___ ╠═ Installing: gke-gcloud-auth-plugin                       ═╣

2024-11-12 10:52:05,189 INFO     ___FILE_ONLY___ ╚
2024-11-12 10:52:05,192 INFO     ___FILE_ONLY___ ════════════════════════════════════════════════════════════
2024-11-12 10:52:05,192 INFO     ___FILE_ONLY___ ╝

2024-11-12 10:52:05,258 INFO     ___FILE_ONLY___ ╔════════════════════════════════════════════════════════════╗

2024-11-12 10:52:05,258 INFO     ___FILE_ONLY___ ╠═ Installing: gke-gcloud-auth-plugin (Platform Specific)   ═╣

2024-11-12 10:52:05,258 INFO     ___FILE_ONLY___ ╚
2024-11-12 10:52:05,316 INFO     ___FILE_ONLY___ ════════════════════════════════════════════════════════════
2024-11-12 10:52:05,316 INFO     ___FILE_ONLY___ ╝

2024-11-12 10:52:05,388 INFO     ___FILE_ONLY___ ╔════════════════════════════════════════════════════════════╗

2024-11-12 10:52:05,389 INFO     ___FILE_ONLY___ ╠═ Installing: kubectl                                      ═╣

2024-11-12 10:52:05,389 INFO     ___FILE_ONLY___ ╚
2024-11-12 10:52:05,393 INFO     ___FILE_ONLY___ ════════════════════════════════════════════════════════════
2024-11-12 10:52:05,394 INFO     ___FILE_ONLY___ ╝

2024-11-12 10:52:05,462 INFO     ___FILE_ONLY___ ╔════════════════════════════════════════════════════════════╗

2024-11-12 10:52:05,463 INFO     ___FILE_ONLY___ ╠═ Installing: kubectl (Platform Specific)                  ═╣

2024-11-12 10:52:05,463 INFO     ___FILE_ONLY___ ╚
2024-11-12 10:52:06,009 INFO     ___FILE_ONLY___ ══════════
2024-11-12 10:52:06,106 INFO     ___FILE_ONLY___ ══════════
2024-11-12 10:52:06,207 INFO     ___FILE_ONLY___ ══════════
2024-11-12 10:52:06,306 INFO     ___FILE_ONLY___ ══════════
2024-11-12 10:52:06,407 INFO     ___FILE_ONLY___ ══════════
2024-11-12 10:52:06,514 INFO     ___FILE_ONLY___ ══════════
2024-11-12 10:52:06,514 INFO     ___FILE_ONLY___ ╝

2024-11-12 10:52:06,539 DEBUG    root            Updating notification cache...
2024-11-12 10:52:06,540 INFO     ___FILE_ONLY___ 

2024-11-12 10:52:06,609 INFO     ___FILE_ONLY___ Performing post processing steps...
2024-11-12 10:52:06,609 DEBUG    root            Executing command: ['/Users/wbrunson/Library/Application Support/cloud-code/installer/google-cloud-sdk/bin/gcloud', 'components', 'post-process', '--no-compile-python']
2024-11-12 10:52:07,813 DEBUG    ___FILE_ONLY___ 
2024-11-12 10:52:07,813 DEBUG    ___FILE_ONLY___ 
2024-11-12 10:52:07,885 INFO     ___FILE_ONLY___ 
Update done!


2024-11-12 10:52:08,917 WARNING  root              There are other instances of Google Cloud tools on your system PATH.
  Please remove the following to avoid confusion or accidental invocation:

  /Applications/Rancher Desktop.app/Contents/Resources/resources/darwin/bin/kuberlr

  
2024-11-12 10:52:09,861 DEBUG    root            Chosen display Format:none
2024-11-12 10:52:09,862 INFO     root            Display format: "none"
2024-11-12 10:52:09,866 DEBUG    root            Executing command: ['curl', '--silent', '-O', 'https://dl.google.com/dl/cloudsdk/channels/rapid/python-3.11.6-macos11.tar.gz']
2024-11-12 10:52:20,050 DEBUG    root            Executing command: ['tar', '-xf', 'python-3.11.6-macos11.tar.gz']
2024-11-12 10:52:20,168 DEBUG    root            Executing command: ['sudo', 'installer', '-target', '/', '-pkg', './python-3.11.6-macos11.pkg']
