2024-11-14 16:31:52,212 DEBUG    root            Metrics collector initialized...
2024-11-14 16:31:52,213 DEBUG    root            Loaded Command Group: ['gcloud', 'components']
2024-11-14 16:31:52,215 DEBUG    root            Loaded Command Group: ['gcloud', 'components', 'update']
2024-11-14 16:31:52,216 DEBUG    root            Running [gcloud.components.update] with arguments: [--no-compile-python: "False", --quiet: "True", COMPONENT-IDS:6: "['alpha', 'beta', 'gke-gcloud-auth-plugin', 'kubectl', 'skaffold', 'minikube']"]
2024-11-14 16:31:52,216 INFO     ___FILE_ONLY___ Beginning update. This process may take several minutes.

2024-11-14 16:31:52,230 DEBUG    urllib3.connectionpool Starting new HTTPS connection (1): dl.google.com:443
2024-11-14 16:31:52,655 DEBUG    urllib3.connectionpool https://dl.google.com:443 "GET /dl/cloudsdk/channels/rapid/components-2.json HTTP/1.1" 200 226997
2024-11-14 16:31:52,885 INFO     ___FILE_ONLY___ 

2024-11-14 16:31:52,886 INFO     ___FILE_ONLY___ 
Your current Google Cloud CLI version is: 501.0.0

2024-11-14 16:31:52,886 INFO     ___FILE_ONLY___ Installing components from version: 501.0.0

2024-11-14 16:31:52,886 INFO     ___FILE_ONLY___ 

2024-11-14 16:31:52,886 DEBUG    root            Chosen display Format:table[box,title="These components will be removed."](details.display_name:label=Name:align=left,version.version_string:label=Version:align=right,data.size.size(zero="",min=1048576):label=Size:align=right)
2024-11-14 16:31:52,886 DEBUG    root            Chosen display Format:table[box,title="These components will be updated."](details.display_name:label=Name:align=left,version.version_string:label=Version:align=right,data.size.size(zero="",min=1048576):label=Size:align=right)
2024-11-14 16:31:52,886 DEBUG    root            Chosen display Format:table[box,title="These components will be installed."](details.display_name:label=Name:align=left,version.version_string:label=Version:align=right,data.size.size(zero="",min=1048576):label=Size:align=right)
2024-11-14 16:31:52,905 INFO     ___FILE_ONLY___ ┌─────────────────────────────────────────────────────────────────────────────┐
2024-11-14 16:31:52,905 INFO     ___FILE_ONLY___ 

2024-11-14 16:31:52,905 INFO     ___FILE_ONLY___ │                     These components will be installed.                     │
2024-11-14 16:31:52,905 INFO     ___FILE_ONLY___ 

2024-11-14 16:31:52,905 INFO     ___FILE_ONLY___ ├─────────────────────────────────────────────────────┬────────────┬──────────┤
2024-11-14 16:31:52,905 INFO     ___FILE_ONLY___ 

2024-11-14 16:31:52,905 INFO     ___FILE_ONLY___ │                         Name                        │  Version   │   Size   │
2024-11-14 16:31:52,905 INFO     ___FILE_ONLY___ 

2024-11-14 16:31:52,905 INFO     ___FILE_ONLY___ ├─────────────────────────────────────────────────────┼────────────┼──────────┤
2024-11-14 16:31:52,905 INFO     ___FILE_ONLY___ 

2024-11-14 16:31:52,905 INFO     ___FILE_ONLY___ │ 
2024-11-14 16:31:52,905 INFO     ___FILE_ONLY___ Google Cloud CLI Core Libraries (Platform Specific)
2024-11-14 16:31:52,905 INFO     ___FILE_ONLY___  
2024-11-14 16:31:52,905 INFO     ___FILE_ONLY___ │ 
2024-11-14 16:31:52,905 INFO     ___FILE_ONLY___ 2024.08.30
2024-11-14 16:31:52,905 INFO     ___FILE_ONLY___  
2024-11-14 16:31:52,905 INFO     ___FILE_ONLY___ │ 
2024-11-14 16:31:52,905 INFO     ___FILE_ONLY___  < 1 MiB
2024-11-14 16:31:52,905 INFO     ___FILE_ONLY___  
2024-11-14 16:31:52,905 INFO     ___FILE_ONLY___ │
2024-11-14 16:31:52,905 INFO     ___FILE_ONLY___ 

2024-11-14 16:31:52,905 INFO     ___FILE_ONLY___ │ 
2024-11-14 16:31:52,905 INFO     ___FILE_ONLY___ Minikube (Platform Specific)                       
2024-11-14 16:31:52,905 INFO     ___FILE_ONLY___  
2024-11-14 16:31:52,905 INFO     ___FILE_ONLY___ │ 
2024-11-14 16:31:52,905 INFO     ___FILE_ONLY___     1.34.0
2024-11-14 16:31:52,905 INFO     ___FILE_ONLY___  
2024-11-14 16:31:52,905 INFO     ___FILE_ONLY___ │ 
2024-11-14 16:31:52,905 INFO     ___FILE_ONLY___ 37.2 MiB
2024-11-14 16:31:52,905 INFO     ___FILE_ONLY___  
2024-11-14 16:31:52,906 INFO     ___FILE_ONLY___ │
2024-11-14 16:31:52,906 INFO     ___FILE_ONLY___ 

2024-11-14 16:31:52,906 INFO     ___FILE_ONLY___ │ 
2024-11-14 16:31:52,906 INFO     ___FILE_ONLY___ Skaffold (Platform Specific)                       
2024-11-14 16:31:52,906 INFO     ___FILE_ONLY___  
2024-11-14 16:31:52,906 INFO     ___FILE_ONLY___ │ 
2024-11-14 16:31:52,906 INFO     ___FILE_ONLY___     2.13.1
2024-11-14 16:31:52,906 INFO     ___FILE_ONLY___  
2024-11-14 16:31:52,906 INFO     ___FILE_ONLY___ │ 
2024-11-14 16:31:52,906 INFO     ___FILE_ONLY___ 22.9 MiB
2024-11-14 16:31:52,906 INFO     ___FILE_ONLY___  
2024-11-14 16:31:52,906 INFO     ___FILE_ONLY___ │
2024-11-14 16:31:52,906 INFO     ___FILE_ONLY___ 

2024-11-14 16:31:52,906 INFO     ___FILE_ONLY___ │ 
2024-11-14 16:31:52,906 INFO     ___FILE_ONLY___ gcloud Alpha Commands                              
2024-11-14 16:31:52,906 INFO     ___FILE_ONLY___  
2024-11-14 16:31:52,906 INFO     ___FILE_ONLY___ │ 
2024-11-14 16:31:52,906 INFO     ___FILE_ONLY___ 2024.11.08
2024-11-14 16:31:52,906 INFO     ___FILE_ONLY___  
2024-11-14 16:31:52,906 INFO     ___FILE_ONLY___ │ 
2024-11-14 16:31:52,906 INFO     ___FILE_ONLY___  < 1 MiB
2024-11-14 16:31:52,906 INFO     ___FILE_ONLY___  
2024-11-14 16:31:52,906 INFO     ___FILE_ONLY___ │
2024-11-14 16:31:52,906 INFO     ___FILE_ONLY___ 

2024-11-14 16:31:52,906 INFO     ___FILE_ONLY___ │ 
2024-11-14 16:31:52,906 INFO     ___FILE_ONLY___ gcloud Beta Commands                               
2024-11-14 16:31:52,906 INFO     ___FILE_ONLY___  
2024-11-14 16:31:52,906 INFO     ___FILE_ONLY___ │ 
2024-11-14 16:31:52,906 INFO     ___FILE_ONLY___ 2024.11.08
2024-11-14 16:31:52,906 INFO     ___FILE_ONLY___  
2024-11-14 16:31:52,906 INFO     ___FILE_ONLY___ │ 
2024-11-14 16:31:52,906 INFO     ___FILE_ONLY___  < 1 MiB
2024-11-14 16:31:52,906 INFO     ___FILE_ONLY___  
2024-11-14 16:31:52,906 INFO     ___FILE_ONLY___ │
2024-11-14 16:31:52,906 INFO     ___FILE_ONLY___ 

2024-11-14 16:31:52,906 INFO     ___FILE_ONLY___ │ 
2024-11-14 16:31:52,906 INFO     ___FILE_ONLY___ gcloud cli dependencies (Platform Specific)        
2024-11-14 16:31:52,906 INFO     ___FILE_ONLY___  
2024-11-14 16:31:52,906 INFO     ___FILE_ONLY___ │ 
2024-11-14 16:31:52,906 INFO     ___FILE_ONLY___ 2021.04.16
2024-11-14 16:31:52,906 INFO     ___FILE_ONLY___  
2024-11-14 16:31:52,906 INFO     ___FILE_ONLY___ │ 
2024-11-14 16:31:52,906 INFO     ___FILE_ONLY___  < 1 MiB
2024-11-14 16:31:52,907 INFO     ___FILE_ONLY___  
2024-11-14 16:31:52,907 INFO     ___FILE_ONLY___ │
2024-11-14 16:31:52,907 INFO     ___FILE_ONLY___ 

2024-11-14 16:31:52,907 INFO     ___FILE_ONLY___ │ 
2024-11-14 16:31:52,907 INFO     ___FILE_ONLY___ gke-gcloud-auth-plugin (Platform Specific)         
2024-11-14 16:31:52,907 INFO     ___FILE_ONLY___  
2024-11-14 16:31:52,907 INFO     ___FILE_ONLY___ │ 
2024-11-14 16:31:52,907 INFO     ___FILE_ONLY___      0.5.9
2024-11-14 16:31:52,907 INFO     ___FILE_ONLY___  
2024-11-14 16:31:52,907 INFO     ___FILE_ONLY___ │ 
2024-11-14 16:31:52,907 INFO     ___FILE_ONLY___  4.0 MiB
2024-11-14 16:31:52,907 INFO     ___FILE_ONLY___  
2024-11-14 16:31:52,907 INFO     ___FILE_ONLY___ │
2024-11-14 16:31:52,907 INFO     ___FILE_ONLY___ 

2024-11-14 16:31:52,907 INFO     ___FILE_ONLY___ │ 
2024-11-14 16:31:52,907 INFO     ___FILE_ONLY___ kubectl                                            
2024-11-14 16:31:52,907 INFO     ___FILE_ONLY___  
2024-11-14 16:31:52,907 INFO     ___FILE_ONLY___ │ 
2024-11-14 16:31:52,907 INFO     ___FILE_ONLY___     1.30.5
2024-11-14 16:31:52,907 INFO     ___FILE_ONLY___  
2024-11-14 16:31:52,907 INFO     ___FILE_ONLY___ │ 
2024-11-14 16:31:52,907 INFO     ___FILE_ONLY___  < 1 MiB
2024-11-14 16:31:52,907 INFO     ___FILE_ONLY___  
2024-11-14 16:31:52,907 INFO     ___FILE_ONLY___ │
2024-11-14 16:31:52,907 INFO     ___FILE_ONLY___ 

2024-11-14 16:31:52,907 INFO     ___FILE_ONLY___ │ 
2024-11-14 16:31:52,907 INFO     ___FILE_ONLY___ kubectl (Platform Specific)                        
2024-11-14 16:31:52,907 INFO     ___FILE_ONLY___  
2024-11-14 16:31:52,907 INFO     ___FILE_ONLY___ │ 
2024-11-14 16:31:52,907 INFO     ___FILE_ONLY___     1.30.6
2024-11-14 16:31:52,907 INFO     ___FILE_ONLY___  
2024-11-14 16:31:52,907 INFO     ___FILE_ONLY___ │ 
2024-11-14 16:31:52,907 INFO     ___FILE_ONLY___ 86.1 MiB
2024-11-14 16:31:52,907 INFO     ___FILE_ONLY___  
2024-11-14 16:31:52,907 INFO     ___FILE_ONLY___ │
2024-11-14 16:31:52,907 INFO     ___FILE_ONLY___ 

2024-11-14 16:31:52,907 INFO     ___FILE_ONLY___ └─────────────────────────────────────────────────────┴────────────┴──────────┘
2024-11-14 16:31:52,907 INFO     ___FILE_ONLY___ 

2024-11-14 16:31:52,907 INFO     ___FILE_ONLY___ 

2024-11-14 16:31:52,910 DEBUG    urllib3.connectionpool Starting new HTTPS connection (1): dl.google.com:443
2024-11-14 16:31:53,328 DEBUG    urllib3.connectionpool https://dl.google.com:443 "GET /dl/cloudsdk/channels/rapid/RELEASE_NOTES HTTP/1.1" 200 1311270
2024-11-14 16:31:53,933 INFO     ___FILE_ONLY___ For the latest full release notes, please visit:
  https://cloud.google.com/sdk/release_notes


2024-11-14 16:31:53,934 INFO     ___FILE_ONLY___ Performing in place update...


2024-11-14 16:31:54,000 INFO     ___FILE_ONLY___ ╔════════════════════════════════════════════════════════════╗

2024-11-14 16:31:54,000 INFO     ___FILE_ONLY___ ╠═ Downloading: Google Cloud CLI Core Libraries (Platfor... ═╣

2024-11-14 16:31:54,000 INFO     ___FILE_ONLY___ ╚
2024-11-14 16:31:54,004 DEBUG    urllib3.connectionpool Starting new HTTPS connection (1): dl.google.com:443
2024-11-14 16:31:54,429 DEBUG    urllib3.connectionpool https://dl.google.com:443 "GET /dl/cloudsdk/channels/rapid/components/google-cloud-sdk-core-nix-20240830134514.tar.gz HTTP/1.1" 200 2306
2024-11-14 16:31:54,431 INFO     ___FILE_ONLY___ ════════════════════════════════════════════════════════════
2024-11-14 16:31:54,431 INFO     ___FILE_ONLY___ ╝

2024-11-14 16:31:54,512 INFO     ___FILE_ONLY___ ╔════════════════════════════════════════════════════════════╗

2024-11-14 16:31:54,512 INFO     ___FILE_ONLY___ ╠═ Downloading: Minikube                                    ═╣

2024-11-14 16:31:54,512 INFO     ___FILE_ONLY___ ╚
2024-11-14 16:31:54,512 INFO     ___FILE_ONLY___ ════════════════════════════════════════════════════════════
2024-11-14 16:31:54,512 INFO     ___FILE_ONLY___ ╝

2024-11-14 16:31:54,586 INFO     ___FILE_ONLY___ ╔════════════════════════════════════════════════════════════╗

2024-11-14 16:31:54,587 INFO     ___FILE_ONLY___ ╠═ Downloading: Minikube (Platform Specific)                ═╣

2024-11-14 16:31:54,587 INFO     ___FILE_ONLY___ ╚
2024-11-14 16:31:54,592 DEBUG    urllib3.connectionpool Starting new HTTPS connection (1): dl.google.com:443
2024-11-14 16:31:55,071 DEBUG    urllib3.connectionpool https://dl.google.com:443 "GET /dl/cloudsdk/channels/rapid/components/google-cloud-sdk-minikube-darwin-arm-20240927140238.tar.gz HTTP/1.1" 200 38981244
2024-11-14 16:31:59,862 INFO     ___FILE_ONLY___ ═
2024-11-14 16:31:59,863 INFO     ___FILE_ONLY___ ═
2024-11-14 16:31:59,863 INFO     ___FILE_ONLY___ ═
2024-11-14 16:31:59,864 INFO     ___FILE_ONLY___ ═
2024-11-14 16:31:59,864 INFO     ___FILE_ONLY___ ═
2024-11-14 16:31:59,864 INFO     ___FILE_ONLY___ ═
2024-11-14 16:31:59,865 INFO     ___FILE_ONLY___ ═
2024-11-14 16:31:59,865 INFO     ___FILE_ONLY___ ═
2024-11-14 16:31:59,865 INFO     ___FILE_ONLY___ ═
2024-11-14 16:31:59,866 INFO     ___FILE_ONLY___ ═
2024-11-14 16:31:59,866 INFO     ___FILE_ONLY___ ═
2024-11-14 16:31:59,866 INFO     ___FILE_ONLY___ ═
2024-11-14 16:31:59,867 INFO     ___FILE_ONLY___ ═
2024-11-14 16:31:59,867 INFO     ___FILE_ONLY___ ═
2024-11-14 16:31:59,867 INFO     ___FILE_ONLY___ ═
2024-11-14 16:31:59,868 INFO     ___FILE_ONLY___ ═
2024-11-14 16:31:59,868 INFO     ___FILE_ONLY___ ═
2024-11-14 16:31:59,868 INFO     ___FILE_ONLY___ ═
2024-11-14 16:31:59,869 INFO     ___FILE_ONLY___ ═
2024-11-14 16:31:59,869 INFO     ___FILE_ONLY___ ═
2024-11-14 16:31:59,869 INFO     ___FILE_ONLY___ ═
2024-11-14 16:31:59,870 INFO     ___FILE_ONLY___ ═
2024-11-14 16:31:59,870 INFO     ___FILE_ONLY___ ═
2024-11-14 16:31:59,870 INFO     ___FILE_ONLY___ ═
2024-11-14 16:31:59,870 INFO     ___FILE_ONLY___ ═
2024-11-14 16:31:59,871 INFO     ___FILE_ONLY___ ═
2024-11-14 16:31:59,871 INFO     ___FILE_ONLY___ ═
2024-11-14 16:31:59,871 INFO     ___FILE_ONLY___ ═
2024-11-14 16:31:59,872 INFO     ___FILE_ONLY___ ═
2024-11-14 16:31:59,872 INFO     ___FILE_ONLY___ ═
2024-11-14 16:31:59,872 INFO     ___FILE_ONLY___ ═
2024-11-14 16:31:59,873 INFO     ___FILE_ONLY___ ═
2024-11-14 16:31:59,873 INFO     ___FILE_ONLY___ ═
2024-11-14 16:31:59,873 INFO     ___FILE_ONLY___ ═
2024-11-14 16:31:59,874 INFO     ___FILE_ONLY___ ═
2024-11-14 16:31:59,874 INFO     ___FILE_ONLY___ ═
2024-11-14 16:31:59,875 INFO     ___FILE_ONLY___ ═
2024-11-14 16:31:59,876 INFO     ___FILE_ONLY___ ═
2024-11-14 16:31:59,876 INFO     ___FILE_ONLY___ ═
2024-11-14 16:31:59,877 INFO     ___FILE_ONLY___ ═
2024-11-14 16:31:59,877 INFO     ___FILE_ONLY___ ═
2024-11-14 16:31:59,877 INFO     ___FILE_ONLY___ ═
2024-11-14 16:31:59,877 INFO     ___FILE_ONLY___ ═
2024-11-14 16:31:59,878 INFO     ___FILE_ONLY___ ═
2024-11-14 16:31:59,878 INFO     ___FILE_ONLY___ ═
2024-11-14 16:31:59,878 INFO     ___FILE_ONLY___ ═
2024-11-14 16:31:59,878 INFO     ___FILE_ONLY___ ═
2024-11-14 16:31:59,879 INFO     ___FILE_ONLY___ ═
2024-11-14 16:31:59,879 INFO     ___FILE_ONLY___ ═
2024-11-14 16:31:59,879 INFO     ___FILE_ONLY___ ═
2024-11-14 16:31:59,880 INFO     ___FILE_ONLY___ ═
2024-11-14 16:31:59,880 INFO     ___FILE_ONLY___ ═
2024-11-14 16:31:59,880 INFO     ___FILE_ONLY___ ═
2024-11-14 16:31:59,880 INFO     ___FILE_ONLY___ ═
2024-11-14 16:31:59,881 INFO     ___FILE_ONLY___ ═
2024-11-14 16:31:59,881 INFO     ___FILE_ONLY___ ═
2024-11-14 16:31:59,881 INFO     ___FILE_ONLY___ ═
2024-11-14 16:31:59,882 INFO     ___FILE_ONLY___ ═
2024-11-14 16:31:59,882 INFO     ___FILE_ONLY___ ═
2024-11-14 16:31:59,882 INFO     ___FILE_ONLY___ ═
2024-11-14 16:31:59,882 INFO     ___FILE_ONLY___ ╝

2024-11-14 16:31:59,949 INFO     ___FILE_ONLY___ ╔════════════════════════════════════════════════════════════╗

2024-11-14 16:31:59,949 INFO     ___FILE_ONLY___ ╠═ Downloading: Skaffold                                    ═╣

2024-11-14 16:31:59,949 INFO     ___FILE_ONLY___ ╚
2024-11-14 16:31:59,949 INFO     ___FILE_ONLY___ ════════════════════════════════════════════════════════════
2024-11-14 16:31:59,949 INFO     ___FILE_ONLY___ ╝

2024-11-14 16:32:00,020 INFO     ___FILE_ONLY___ ╔════════════════════════════════════════════════════════════╗

2024-11-14 16:32:00,020 INFO     ___FILE_ONLY___ ╠═ Downloading: Skaffold (Platform Specific)                ═╣

2024-11-14 16:32:00,020 INFO     ___FILE_ONLY___ ╚
2024-11-14 16:32:00,023 DEBUG    urllib3.connectionpool Starting new HTTPS connection (1): dl.google.com:443
2024-11-14 16:32:00,485 DEBUG    urllib3.connectionpool https://dl.google.com:443 "GET /dl/cloudsdk/channels/rapid/components/google-cloud-sdk-skaffold-darwin-arm-20240806142304.tar.gz HTTP/1.1" 200 24031362
2024-11-14 16:32:04,176 INFO     ___FILE_ONLY___ ═
2024-11-14 16:32:04,176 INFO     ___FILE_ONLY___ ═
2024-11-14 16:32:04,176 INFO     ___FILE_ONLY___ ═
2024-11-14 16:32:04,176 INFO     ___FILE_ONLY___ ═
2024-11-14 16:32:04,177 INFO     ___FILE_ONLY___ ═
2024-11-14 16:32:04,177 INFO     ___FILE_ONLY___ ═
2024-11-14 16:32:04,177 INFO     ___FILE_ONLY___ ═
2024-11-14 16:32:04,177 INFO     ___FILE_ONLY___ ═
2024-11-14 16:32:04,177 INFO     ___FILE_ONLY___ ═
2024-11-14 16:32:04,178 INFO     ___FILE_ONLY___ ═
2024-11-14 16:32:04,178 INFO     ___FILE_ONLY___ ═
2024-11-14 16:32:04,178 INFO     ___FILE_ONLY___ ═
2024-11-14 16:32:04,178 INFO     ___FILE_ONLY___ ═
2024-11-14 16:32:04,179 INFO     ___FILE_ONLY___ ═
2024-11-14 16:32:04,179 INFO     ___FILE_ONLY___ ═
2024-11-14 16:32:04,179 INFO     ___FILE_ONLY___ ═
2024-11-14 16:32:04,179 INFO     ___FILE_ONLY___ ═
2024-11-14 16:32:04,179 INFO     ___FILE_ONLY___ ═
2024-11-14 16:32:04,180 INFO     ___FILE_ONLY___ ═
2024-11-14 16:32:04,180 INFO     ___FILE_ONLY___ ═
2024-11-14 16:32:04,181 INFO     ___FILE_ONLY___ ═
2024-11-14 16:32:04,182 INFO     ___FILE_ONLY___ ═
2024-11-14 16:32:04,182 INFO     ___FILE_ONLY___ ═
2024-11-14 16:32:04,183 INFO     ___FILE_ONLY___ ═
2024-11-14 16:32:04,183 INFO     ___FILE_ONLY___ ═
2024-11-14 16:32:04,183 INFO     ___FILE_ONLY___ ═
2024-11-14 16:32:04,184 INFO     ___FILE_ONLY___ ═
2024-11-14 16:32:04,184 INFO     ___FILE_ONLY___ ═
2024-11-14 16:32:04,184 INFO     ___FILE_ONLY___ ═
2024-11-14 16:32:04,184 INFO     ___FILE_ONLY___ ═
2024-11-14 16:32:04,185 INFO     ___FILE_ONLY___ ═
2024-11-14 16:32:04,185 INFO     ___FILE_ONLY___ ═
2024-11-14 16:32:04,185 INFO     ___FILE_ONLY___ ═
2024-11-14 16:32:04,185 INFO     ___FILE_ONLY___ ═
2024-11-14 16:32:04,185 INFO     ___FILE_ONLY___ ═
2024-11-14 16:32:04,186 INFO     ___FILE_ONLY___ ═
2024-11-14 16:32:04,186 INFO     ___FILE_ONLY___ ═
2024-11-14 16:32:04,186 INFO     ___FILE_ONLY___ ═
2024-11-14 16:32:04,186 INFO     ___FILE_ONLY___ ═
2024-11-14 16:32:04,186 INFO     ___FILE_ONLY___ ═
2024-11-14 16:32:04,187 INFO     ___FILE_ONLY___ ═
2024-11-14 16:32:04,187 INFO     ___FILE_ONLY___ ═
2024-11-14 16:32:04,187 INFO     ___FILE_ONLY___ ═
2024-11-14 16:32:04,187 INFO     ___FILE_ONLY___ ═
2024-11-14 16:32:04,188 INFO     ___FILE_ONLY___ ═
2024-11-14 16:32:04,188 INFO     ___FILE_ONLY___ ═
2024-11-14 16:32:04,188 INFO     ___FILE_ONLY___ ═
2024-11-14 16:32:04,188 INFO     ___FILE_ONLY___ ═
2024-11-14 16:32:04,189 INFO     ___FILE_ONLY___ ═
2024-11-14 16:32:04,189 INFO     ___FILE_ONLY___ ═
2024-11-14 16:32:04,189 INFO     ___FILE_ONLY___ ═
2024-11-14 16:32:04,189 INFO     ___FILE_ONLY___ ═
2024-11-14 16:32:04,189 INFO     ___FILE_ONLY___ ═
2024-11-14 16:32:04,190 INFO     ___FILE_ONLY___ ═
2024-11-14 16:32:04,190 INFO     ___FILE_ONLY___ ═
2024-11-14 16:32:04,190 INFO     ___FILE_ONLY___ ═
2024-11-14 16:32:04,190 INFO     ___FILE_ONLY___ ═
2024-11-14 16:32:04,190 INFO     ___FILE_ONLY___ ═
2024-11-14 16:32:04,191 INFO     ___FILE_ONLY___ ═
2024-11-14 16:32:04,191 INFO     ___FILE_ONLY___ ═
2024-11-14 16:32:04,191 INFO     ___FILE_ONLY___ ╝

2024-11-14 16:32:04,254 INFO     ___FILE_ONLY___ ╔════════════════════════════════════════════════════════════╗

2024-11-14 16:32:04,254 INFO     ___FILE_ONLY___ ╠═ Downloading: gcloud Alpha Commands                       ═╣

2024-11-14 16:32:04,254 INFO     ___FILE_ONLY___ ╚
2024-11-14 16:32:04,257 DEBUG    urllib3.connectionpool Starting new HTTPS connection (1): dl.google.com:443
2024-11-14 16:32:04,674 DEBUG    urllib3.connectionpool https://dl.google.com:443 "GET /dl/cloudsdk/channels/rapid/components/google-cloud-sdk-alpha-20241108162203.tar.gz HTTP/1.1" 200 800
2024-11-14 16:32:04,675 INFO     ___FILE_ONLY___ ════════════════════════════════════════════════════════════
2024-11-14 16:32:04,675 INFO     ___FILE_ONLY___ ╝

2024-11-14 16:32:04,739 INFO     ___FILE_ONLY___ ╔════════════════════════════════════════════════════════════╗

2024-11-14 16:32:04,740 INFO     ___FILE_ONLY___ ╠═ Downloading: gcloud Beta Commands                        ═╣

2024-11-14 16:32:04,740 INFO     ___FILE_ONLY___ ╚
2024-11-14 16:32:04,743 DEBUG    urllib3.connectionpool Starting new HTTPS connection (1): dl.google.com:443
2024-11-14 16:32:05,155 DEBUG    urllib3.connectionpool https://dl.google.com:443 "GET /dl/cloudsdk/channels/rapid/components/google-cloud-sdk-beta-20241108162203.tar.gz HTTP/1.1" 200 797
2024-11-14 16:32:05,156 INFO     ___FILE_ONLY___ ════════════════════════════════════════════════════════════
2024-11-14 16:32:05,156 INFO     ___FILE_ONLY___ ╝

2024-11-14 16:32:05,219 INFO     ___FILE_ONLY___ ╔════════════════════════════════════════════════════════════╗

2024-11-14 16:32:05,220 INFO     ___FILE_ONLY___ ╠═ Downloading: gcloud cli dependencies (Platform Specific) ═╣

2024-11-14 16:32:05,220 INFO     ___FILE_ONLY___ ╚
2024-11-14 16:32:05,223 DEBUG    urllib3.connectionpool Starting new HTTPS connection (1): dl.google.com:443
2024-11-14 16:32:05,675 DEBUG    urllib3.connectionpool https://dl.google.com:443 "GET /dl/cloudsdk/channels/rapid/components/google-cloud-sdk-gcloud-deps-darwin-x86_64-20210416153011.tar.gz HTTP/1.1" 200 105
2024-11-14 16:32:05,677 INFO     ___FILE_ONLY___ ════════════════════════════════════════════════════════════
2024-11-14 16:32:05,678 INFO     ___FILE_ONLY___ ╝

2024-11-14 16:32:05,763 INFO     ___FILE_ONLY___ ╔════════════════════════════════════════════════════════════╗

2024-11-14 16:32:05,764 INFO     ___FILE_ONLY___ ╠═ Downloading: gke-gcloud-auth-plugin                      ═╣

2024-11-14 16:32:05,764 INFO     ___FILE_ONLY___ ╚
2024-11-14 16:32:05,764 INFO     ___FILE_ONLY___ ════════════════════════════════════════════════════════════
2024-11-14 16:32:05,764 INFO     ___FILE_ONLY___ ╝

2024-11-14 16:32:05,838 INFO     ___FILE_ONLY___ ╔════════════════════════════════════════════════════════════╗

2024-11-14 16:32:05,839 INFO     ___FILE_ONLY___ ╠═ Downloading: gke-gcloud-auth-plugin (Platform Specific)  ═╣

2024-11-14 16:32:05,839 INFO     ___FILE_ONLY___ ╚
2024-11-14 16:32:05,844 DEBUG    urllib3.connectionpool Starting new HTTPS connection (1): dl.google.com:443
2024-11-14 16:32:06,347 DEBUG    urllib3.connectionpool https://dl.google.com:443 "GET /dl/cloudsdk/channels/rapid/components/google-cloud-sdk-gke-gcloud-auth-plugin-darwin-arm-20240628141907.tar.gz HTTP/1.1" 200 4148014
2024-11-14 16:32:07,368 INFO     ___FILE_ONLY___ ═
2024-11-14 16:32:07,369 INFO     ___FILE_ONLY___ ═
2024-11-14 16:32:07,369 INFO     ___FILE_ONLY___ ═
2024-11-14 16:32:07,369 INFO     ___FILE_ONLY___ ═
2024-11-14 16:32:07,369 INFO     ___FILE_ONLY___ ═
2024-11-14 16:32:07,369 INFO     ___FILE_ONLY___ ═
2024-11-14 16:32:07,369 INFO     ___FILE_ONLY___ ═
2024-11-14 16:32:07,369 INFO     ___FILE_ONLY___ ═
2024-11-14 16:32:07,369 INFO     ___FILE_ONLY___ ═
2024-11-14 16:32:07,369 INFO     ___FILE_ONLY___ ═
2024-11-14 16:32:07,369 INFO     ___FILE_ONLY___ ═
2024-11-14 16:32:07,369 INFO     ___FILE_ONLY___ ═
2024-11-14 16:32:07,369 INFO     ___FILE_ONLY___ ═
2024-11-14 16:32:07,369 INFO     ___FILE_ONLY___ ═
2024-11-14 16:32:07,369 INFO     ___FILE_ONLY___ ═
2024-11-14 16:32:07,369 INFO     ___FILE_ONLY___ ═
2024-11-14 16:32:07,370 INFO     ___FILE_ONLY___ ═
2024-11-14 16:32:07,370 INFO     ___FILE_ONLY___ ═
2024-11-14 16:32:07,370 INFO     ___FILE_ONLY___ ═
2024-11-14 16:32:07,370 INFO     ___FILE_ONLY___ ═
2024-11-14 16:32:07,370 INFO     ___FILE_ONLY___ ═
2024-11-14 16:32:07,370 INFO     ___FILE_ONLY___ ═
2024-11-14 16:32:07,370 INFO     ___FILE_ONLY___ ═
2024-11-14 16:32:07,370 INFO     ___FILE_ONLY___ ═
2024-11-14 16:32:07,370 INFO     ___FILE_ONLY___ ═
2024-11-14 16:32:07,370 INFO     ___FILE_ONLY___ ═
2024-11-14 16:32:07,370 INFO     ___FILE_ONLY___ ═
2024-11-14 16:32:07,370 INFO     ___FILE_ONLY___ ═
2024-11-14 16:32:07,370 INFO     ___FILE_ONLY___ ═
2024-11-14 16:32:07,370 INFO     ___FILE_ONLY___ ═
2024-11-14 16:32:07,370 INFO     ___FILE_ONLY___ ═
2024-11-14 16:32:07,370 INFO     ___FILE_ONLY___ ═
2024-11-14 16:32:07,371 INFO     ___FILE_ONLY___ ═
2024-11-14 16:32:07,371 INFO     ___FILE_ONLY___ ═
2024-11-14 16:32:07,371 INFO     ___FILE_ONLY___ ═
2024-11-14 16:32:07,371 INFO     ___FILE_ONLY___ ═
2024-11-14 16:32:07,371 INFO     ___FILE_ONLY___ ═
2024-11-14 16:32:07,371 INFO     ___FILE_ONLY___ ═
2024-11-14 16:32:07,371 INFO     ___FILE_ONLY___ ═
2024-11-14 16:32:07,371 INFO     ___FILE_ONLY___ ═
2024-11-14 16:32:07,371 INFO     ___FILE_ONLY___ ═
2024-11-14 16:32:07,371 INFO     ___FILE_ONLY___ ═
2024-11-14 16:32:07,371 INFO     ___FILE_ONLY___ ═
2024-11-14 16:32:07,371 INFO     ___FILE_ONLY___ ═
2024-11-14 16:32:07,371 INFO     ___FILE_ONLY___ ═
2024-11-14 16:32:07,371 INFO     ___FILE_ONLY___ ═
2024-11-14 16:32:07,371 INFO     ___FILE_ONLY___ ═
2024-11-14 16:32:07,372 INFO     ___FILE_ONLY___ ═
2024-11-14 16:32:07,372 INFO     ___FILE_ONLY___ ═
2024-11-14 16:32:07,372 INFO     ___FILE_ONLY___ ═
2024-11-14 16:32:07,372 INFO     ___FILE_ONLY___ ═
2024-11-14 16:32:07,372 INFO     ___FILE_ONLY___ ═
2024-11-14 16:32:07,372 INFO     ___FILE_ONLY___ ═
2024-11-14 16:32:07,372 INFO     ___FILE_ONLY___ ═
2024-11-14 16:32:07,372 INFO     ___FILE_ONLY___ ═
2024-11-14 16:32:07,372 INFO     ___FILE_ONLY___ ═
2024-11-14 16:32:07,372 INFO     ___FILE_ONLY___ ═
2024-11-14 16:32:07,372 INFO     ___FILE_ONLY___ ═
2024-11-14 16:32:07,372 INFO     ___FILE_ONLY___ ═
2024-11-14 16:32:07,372 INFO     ___FILE_ONLY___ ═
2024-11-14 16:32:07,372 INFO     ___FILE_ONLY___ ╝

2024-11-14 16:32:07,437 INFO     ___FILE_ONLY___ ╔════════════════════════════════════════════════════════════╗

2024-11-14 16:32:07,437 INFO     ___FILE_ONLY___ ╠═ Downloading: kubectl                                     ═╣

2024-11-14 16:32:07,437 INFO     ___FILE_ONLY___ ╚
2024-11-14 16:32:07,445 DEBUG    urllib3.connectionpool Starting new HTTPS connection (1): dl.google.com:443
2024-11-14 16:32:07,897 DEBUG    urllib3.connectionpool https://dl.google.com:443 "GET /dl/cloudsdk/channels/rapid/components/google-cloud-sdk-kubectl-20241004144944.tar.gz HTTP/1.1" 200 36206
2024-11-14 16:32:07,970 INFO     ___FILE_ONLY___ ═══════════════════════════
2024-11-14 16:32:07,970 INFO     ___FILE_ONLY___ ═══════════════════════════
2024-11-14 16:32:07,970 INFO     ___FILE_ONLY___ ══════
2024-11-14 16:32:07,970 INFO     ___FILE_ONLY___ ╝

2024-11-14 16:32:08,040 INFO     ___FILE_ONLY___ ╔════════════════════════════════════════════════════════════╗

2024-11-14 16:32:08,041 INFO     ___FILE_ONLY___ ╠═ Downloading: kubectl (Platform Specific)                 ═╣

2024-11-14 16:32:08,041 INFO     ___FILE_ONLY___ ╚
2024-11-14 16:32:08,044 DEBUG    urllib3.connectionpool Starting new HTTPS connection (1): dl.google.com:443
2024-11-14 16:32:08,516 DEBUG    urllib3.connectionpool https://dl.google.com:443 "GET /dl/cloudsdk/channels/rapid/components/google-cloud-sdk-kubectl-darwin-arm-20241108162203.tar.gz HTTP/1.1" 200 90277960
2024-11-14 16:32:17,363 INFO     ___FILE_ONLY___ ═
2024-11-14 16:32:17,364 INFO     ___FILE_ONLY___ ═
2024-11-14 16:32:17,365 INFO     ___FILE_ONLY___ ═
2024-11-14 16:32:17,365 INFO     ___FILE_ONLY___ ═
2024-11-14 16:32:17,366 INFO     ___FILE_ONLY___ ═
2024-11-14 16:32:17,367 INFO     ___FILE_ONLY___ ═
2024-11-14 16:32:17,367 INFO     ___FILE_ONLY___ ═
2024-11-14 16:32:17,368 INFO     ___FILE_ONLY___ ═
2024-11-14 16:32:17,369 INFO     ___FILE_ONLY___ ═
2024-11-14 16:32:17,369 INFO     ___FILE_ONLY___ ═
2024-11-14 16:32:17,370 INFO     ___FILE_ONLY___ ═
2024-11-14 16:32:17,371 INFO     ___FILE_ONLY___ ═
2024-11-14 16:32:17,371 INFO     ___FILE_ONLY___ ═
2024-11-14 16:32:17,372 INFO     ___FILE_ONLY___ ═
2024-11-14 16:32:17,372 INFO     ___FILE_ONLY___ ═
2024-11-14 16:32:17,373 INFO     ___FILE_ONLY___ ═
2024-11-14 16:32:17,374 INFO     ___FILE_ONLY___ ═
2024-11-14 16:32:17,374 INFO     ___FILE_ONLY___ ═
2024-11-14 16:32:17,375 INFO     ___FILE_ONLY___ ═
2024-11-14 16:32:17,376 INFO     ___FILE_ONLY___ ═
2024-11-14 16:32:17,376 INFO     ___FILE_ONLY___ ═
2024-11-14 16:32:17,377 INFO     ___FILE_ONLY___ ═
2024-11-14 16:32:17,378 INFO     ___FILE_ONLY___ ═
2024-11-14 16:32:17,378 INFO     ___FILE_ONLY___ ═
2024-11-14 16:32:17,379 INFO     ___FILE_ONLY___ ═
2024-11-14 16:32:17,379 INFO     ___FILE_ONLY___ ═
2024-11-14 16:32:17,380 INFO     ___FILE_ONLY___ ═
2024-11-14 16:32:17,381 INFO     ___FILE_ONLY___ ═
2024-11-14 16:32:17,382 INFO     ___FILE_ONLY___ ═
2024-11-14 16:32:17,382 INFO     ___FILE_ONLY___ ═
2024-11-14 16:32:17,383 INFO     ___FILE_ONLY___ ═
2024-11-14 16:32:17,383 INFO     ___FILE_ONLY___ ═
2024-11-14 16:32:17,385 INFO     ___FILE_ONLY___ ═
2024-11-14 16:32:17,386 INFO     ___FILE_ONLY___ ═
2024-11-14 16:32:17,386 INFO     ___FILE_ONLY___ ═
2024-11-14 16:32:17,387 INFO     ___FILE_ONLY___ ═
2024-11-14 16:32:17,388 INFO     ___FILE_ONLY___ ═
2024-11-14 16:32:17,388 INFO     ___FILE_ONLY___ ═
2024-11-14 16:32:17,389 INFO     ___FILE_ONLY___ ═
2024-11-14 16:32:17,390 INFO     ___FILE_ONLY___ ═
2024-11-14 16:32:17,390 INFO     ___FILE_ONLY___ ═
2024-11-14 16:32:17,391 INFO     ___FILE_ONLY___ ═
2024-11-14 16:32:17,391 INFO     ___FILE_ONLY___ ═
2024-11-14 16:32:17,392 INFO     ___FILE_ONLY___ ═
2024-11-14 16:32:17,393 INFO     ___FILE_ONLY___ ═
2024-11-14 16:32:17,393 INFO     ___FILE_ONLY___ ═
2024-11-14 16:32:17,394 INFO     ___FILE_ONLY___ ═
2024-11-14 16:32:17,394 INFO     ___FILE_ONLY___ ═
2024-11-14 16:32:17,395 INFO     ___FILE_ONLY___ ═
2024-11-14 16:32:17,396 INFO     ___FILE_ONLY___ ═
2024-11-14 16:32:17,396 INFO     ___FILE_ONLY___ ═
2024-11-14 16:32:17,397 INFO     ___FILE_ONLY___ ═
2024-11-14 16:32:17,398 INFO     ___FILE_ONLY___ ═
2024-11-14 16:32:17,398 INFO     ___FILE_ONLY___ ═
2024-11-14 16:32:17,399 INFO     ___FILE_ONLY___ ═
2024-11-14 16:32:17,400 INFO     ___FILE_ONLY___ ═
2024-11-14 16:32:17,400 INFO     ___FILE_ONLY___ ═
2024-11-14 16:32:17,401 INFO     ___FILE_ONLY___ ═
2024-11-14 16:32:17,402 INFO     ___FILE_ONLY___ ═
2024-11-14 16:32:17,403 INFO     ___FILE_ONLY___ ═
2024-11-14 16:32:17,403 INFO     ___FILE_ONLY___ ╝

2024-11-14 16:32:17,504 INFO     ___FILE_ONLY___ ╔════════════════════════════════════════════════════════════╗

2024-11-14 16:32:17,505 INFO     ___FILE_ONLY___ ╠═ Installing: Google Cloud CLI Core Libraries (Platform... ═╣

2024-11-14 16:32:17,505 INFO     ___FILE_ONLY___ ╚
2024-11-14 16:32:17,528 INFO     ___FILE_ONLY___ ══════════════════════════════
2024-11-14 16:32:17,529 INFO     ___FILE_ONLY___ ══════════════════════════════
2024-11-14 16:32:17,529 INFO     ___FILE_ONLY___ ╝

2024-11-14 16:32:17,599 INFO     ___FILE_ONLY___ ╔════════════════════════════════════════════════════════════╗

2024-11-14 16:32:17,599 INFO     ___FILE_ONLY___ ╠═ Installing: Minikube                                     ═╣

2024-11-14 16:32:17,599 INFO     ___FILE_ONLY___ ╚
2024-11-14 16:32:17,605 INFO     ___FILE_ONLY___ ════════════════════════════════════════════════════════════
2024-11-14 16:32:17,605 INFO     ___FILE_ONLY___ ╝

2024-11-14 16:32:17,671 INFO     ___FILE_ONLY___ ╔════════════════════════════════════════════════════════════╗

2024-11-14 16:32:17,671 INFO     ___FILE_ONLY___ ╠═ Installing: Minikube (Platform Specific)                 ═╣

2024-11-14 16:32:17,671 INFO     ___FILE_ONLY___ ╚
2024-11-14 16:32:18,034 INFO     ___FILE_ONLY___ ════════════════════════════════════════════════════════════
2024-11-14 16:32:18,034 INFO     ___FILE_ONLY___ ╝

2024-11-14 16:32:18,142 INFO     ___FILE_ONLY___ ╔════════════════════════════════════════════════════════════╗

2024-11-14 16:32:18,142 INFO     ___FILE_ONLY___ ╠═ Installing: Skaffold                                     ═╣

2024-11-14 16:32:18,142 INFO     ___FILE_ONLY___ ╚
2024-11-14 16:32:18,145 INFO     ___FILE_ONLY___ ════════════════════════════════════════════════════════════
2024-11-14 16:32:18,145 INFO     ___FILE_ONLY___ ╝

2024-11-14 16:32:18,223 INFO     ___FILE_ONLY___ ╔════════════════════════════════════════════════════════════╗

2024-11-14 16:32:18,223 INFO     ___FILE_ONLY___ ╠═ Installing: Skaffold (Platform Specific)                 ═╣

2024-11-14 16:32:18,223 INFO     ___FILE_ONLY___ ╚
2024-11-14 16:32:18,511 INFO     ___FILE_ONLY___ ════════════════════════════════════════════════════════════
2024-11-14 16:32:18,511 INFO     ___FILE_ONLY___ ╝

2024-11-14 16:32:18,594 INFO     ___FILE_ONLY___ ╔════════════════════════════════════════════════════════════╗

2024-11-14 16:32:18,595 INFO     ___FILE_ONLY___ ╠═ Installing: gcloud Alpha Commands                        ═╣

2024-11-14 16:32:18,595 INFO     ___FILE_ONLY___ ╚
2024-11-14 16:32:18,614 INFO     ___FILE_ONLY___ ════════════════════════════════════════════════════════════
2024-11-14 16:32:18,614 INFO     ___FILE_ONLY___ ╝

2024-11-14 16:32:18,682 INFO     ___FILE_ONLY___ ╔════════════════════════════════════════════════════════════╗

2024-11-14 16:32:18,682 INFO     ___FILE_ONLY___ ╠═ Installing: gcloud Beta Commands                         ═╣

2024-11-14 16:32:18,682 INFO     ___FILE_ONLY___ ╚
2024-11-14 16:32:18,684 INFO     ___FILE_ONLY___ ════════════════════════════════════════════════════════════
2024-11-14 16:32:18,685 INFO     ___FILE_ONLY___ ╝

2024-11-14 16:32:18,773 INFO     ___FILE_ONLY___ ╔════════════════════════════════════════════════════════════╗

2024-11-14 16:32:18,773 INFO     ___FILE_ONLY___ ╠═ Installing: gcloud cli dependencies (Platform Specific)  ═╣

2024-11-14 16:32:18,774 INFO     ___FILE_ONLY___ ╚
2024-11-14 16:32:18,775 INFO     ___FILE_ONLY___ ════════════════════════════════════════════════════════════
2024-11-14 16:32:18,775 INFO     ___FILE_ONLY___ ╝

2024-11-14 16:32:18,856 INFO     ___FILE_ONLY___ ╔════════════════════════════════════════════════════════════╗

2024-11-14 16:32:18,856 INFO     ___FILE_ONLY___ ╠═ Installing: gke-gcloud-auth-plugin                       ═╣

2024-11-14 16:32:18,856 INFO     ___FILE_ONLY___ ╚
2024-11-14 16:32:18,859 INFO     ___FILE_ONLY___ ════════════════════════════════════════════════════════════
2024-11-14 16:32:18,859 INFO     ___FILE_ONLY___ ╝

2024-11-14 16:32:18,938 INFO     ___FILE_ONLY___ ╔════════════════════════════════════════════════════════════╗

2024-11-14 16:32:18,938 INFO     ___FILE_ONLY___ ╠═ Installing: gke-gcloud-auth-plugin (Platform Specific)   ═╣

2024-11-14 16:32:18,938 INFO     ___FILE_ONLY___ ╚
2024-11-14 16:32:18,990 INFO     ___FILE_ONLY___ ════════════════════════════════════════════════════════════
2024-11-14 16:32:18,990 INFO     ___FILE_ONLY___ ╝

2024-11-14 16:32:19,095 INFO     ___FILE_ONLY___ ╔════════════════════════════════════════════════════════════╗

2024-11-14 16:32:19,095 INFO     ___FILE_ONLY___ ╠═ Installing: kubectl                                      ═╣

2024-11-14 16:32:19,095 INFO     ___FILE_ONLY___ ╚
2024-11-14 16:32:19,099 INFO     ___FILE_ONLY___ ════════════════════════════════════════════════════════════
2024-11-14 16:32:19,099 INFO     ___FILE_ONLY___ ╝

2024-11-14 16:32:19,177 INFO     ___FILE_ONLY___ ╔════════════════════════════════════════════════════════════╗

2024-11-14 16:32:19,177 INFO     ___FILE_ONLY___ ╠═ Installing: kubectl (Platform Specific)                  ═╣

2024-11-14 16:32:19,177 INFO     ___FILE_ONLY___ ╚
2024-11-14 16:32:19,727 INFO     ___FILE_ONLY___ ══════════
2024-11-14 16:32:19,829 INFO     ___FILE_ONLY___ ══════════
2024-11-14 16:32:19,932 INFO     ___FILE_ONLY___ ══════════
2024-11-14 16:32:20,036 INFO     ___FILE_ONLY___ ══════════
2024-11-14 16:32:20,142 INFO     ___FILE_ONLY___ ══════════
2024-11-14 16:32:20,255 INFO     ___FILE_ONLY___ ══════════
2024-11-14 16:32:20,255 INFO     ___FILE_ONLY___ ╝

2024-11-14 16:32:20,280 DEBUG    root            Updating notification cache...
2024-11-14 16:32:20,280 INFO     ___FILE_ONLY___ 

2024-11-14 16:32:20,352 INFO     ___FILE_ONLY___ Performing post processing steps...
2024-11-14 16:32:20,353 DEBUG    root            Executing command: ['/Users/wbrunson/Library/Application Support/cloud-code/installer/google-cloud-sdk/bin/gcloud', 'components', 'post-process', '--no-compile-python']
2024-11-14 16:32:21,577 DEBUG    ___FILE_ONLY___ 
2024-11-14 16:32:21,577 DEBUG    ___FILE_ONLY___ 
2024-11-14 16:32:21,654 INFO     ___FILE_ONLY___ 
Update done!


2024-11-14 16:32:22,532 WARNING  root              There are other instances of Google Cloud tools on your system PATH.
  Please remove the following to avoid confusion or accidental invocation:

  /Applications/Rancher Desktop.app/Contents/Resources/resources/darwin/bin/kuberlr

  
2024-11-14 16:32:23,425 DEBUG    root            Chosen display Format:none
2024-11-14 16:32:23,425 INFO     root            Display format: "none"
2024-11-14 16:32:23,428 DEBUG    root            Executing command: ['curl', '--silent', '-O', 'https://dl.google.com/dl/cloudsdk/channels/rapid/python-3.11.6-macos11.tar.gz']
2024-11-14 16:32:29,016 DEBUG    root            Executing command: ['tar', '-xf', 'python-3.11.6-macos11.tar.gz']
2024-11-14 16:32:29,136 DEBUG    root            Executing command: ['sudo', 'installer', '-target', '/', '-pkg', './python-3.11.6-macos11.pkg']
