2024-11-14 18:43:26,735 DEBUG    root            Metrics collector initialized...
2024-11-14 18:43:26,736 DEBUG    root            Loaded Command Group: ['gcloud', 'components']
2024-11-14 18:43:26,737 DEBUG    root            Loaded Command Group: ['gcloud', 'components', 'update']
2024-11-14 18:43:26,738 DEBUG    root            Running [gcloud.components.update] with arguments: [--no-compile-python: "False", --quiet: "True", COMPONENT-IDS:6: "['alpha', 'beta', 'gke-gcloud-auth-plugin', 'kubectl', 'skaffold', 'minikube']"]
2024-11-14 18:43:26,738 INFO     ___FILE_ONLY___ Beginning update. This process may take several minutes.

2024-11-14 18:43:26,749 DEBUG    urllib3.connectionpool Starting new HTTPS connection (1): dl.google.com:443
2024-11-14 18:43:26,951 DEBUG    urllib3.connectionpool https://dl.google.com:443 "GET /dl/cloudsdk/channels/rapid/components-2.json HTTP/1.1" 200 226997
2024-11-14 18:43:27,070 INFO     ___FILE_ONLY___ 

2024-11-14 18:43:27,070 INFO     ___FILE_ONLY___ 
Your current Google Cloud CLI version is: 501.0.0

2024-11-14 18:43:27,070 INFO     ___FILE_ONLY___ Installing components from version: 501.0.0

2024-11-14 18:43:27,070 INFO     ___FILE_ONLY___ 

2024-11-14 18:43:27,071 DEBUG    root            Chosen display Format:table[box,title="These components will be removed."](details.display_name:label=Name:align=left,version.version_string:label=Version:align=right,data.size.size(zero="",min=1048576):label=Size:align=right)
2024-11-14 18:43:27,071 DEBUG    root            Chosen display Format:table[box,title="These components will be updated."](details.display_name:label=Name:align=left,version.version_string:label=Version:align=right,data.size.size(zero="",min=1048576):label=Size:align=right)
2024-11-14 18:43:27,071 DEBUG    root            Chosen display Format:table[box,title="These components will be installed."](details.display_name:label=Name:align=left,version.version_string:label=Version:align=right,data.size.size(zero="",min=1048576):label=Size:align=right)
2024-11-14 18:43:27,085 INFO     ___FILE_ONLY___ ┌─────────────────────────────────────────────────────────────────────────────┐
2024-11-14 18:43:27,085 INFO     ___FILE_ONLY___ 

2024-11-14 18:43:27,085 INFO     ___FILE_ONLY___ │                     These components will be installed.                     │
2024-11-14 18:43:27,085 INFO     ___FILE_ONLY___ 

2024-11-14 18:43:27,085 INFO     ___FILE_ONLY___ ├─────────────────────────────────────────────────────┬────────────┬──────────┤
2024-11-14 18:43:27,085 INFO     ___FILE_ONLY___ 

2024-11-14 18:43:27,085 INFO     ___FILE_ONLY___ │                         Name                        │  Version   │   Size   │
2024-11-14 18:43:27,085 INFO     ___FILE_ONLY___ 

2024-11-14 18:43:27,085 INFO     ___FILE_ONLY___ ├─────────────────────────────────────────────────────┼────────────┼──────────┤
2024-11-14 18:43:27,085 INFO     ___FILE_ONLY___ 

2024-11-14 18:43:27,085 INFO     ___FILE_ONLY___ │ 
2024-11-14 18:43:27,085 INFO     ___FILE_ONLY___ Google Cloud CLI Core Libraries (Platform Specific)
2024-11-14 18:43:27,085 INFO     ___FILE_ONLY___  
2024-11-14 18:43:27,085 INFO     ___FILE_ONLY___ │ 
2024-11-14 18:43:27,085 INFO     ___FILE_ONLY___ 2024.08.30
2024-11-14 18:43:27,085 INFO     ___FILE_ONLY___  
2024-11-14 18:43:27,086 INFO     ___FILE_ONLY___ │ 
2024-11-14 18:43:27,086 INFO     ___FILE_ONLY___  < 1 MiB
2024-11-14 18:43:27,086 INFO     ___FILE_ONLY___  
2024-11-14 18:43:27,086 INFO     ___FILE_ONLY___ │
2024-11-14 18:43:27,086 INFO     ___FILE_ONLY___ 

2024-11-14 18:43:27,086 INFO     ___FILE_ONLY___ │ 
2024-11-14 18:43:27,086 INFO     ___FILE_ONLY___ Minikube (Platform Specific)                       
2024-11-14 18:43:27,086 INFO     ___FILE_ONLY___  
2024-11-14 18:43:27,086 INFO     ___FILE_ONLY___ │ 
2024-11-14 18:43:27,086 INFO     ___FILE_ONLY___     1.34.0
2024-11-14 18:43:27,086 INFO     ___FILE_ONLY___  
2024-11-14 18:43:27,086 INFO     ___FILE_ONLY___ │ 
2024-11-14 18:43:27,086 INFO     ___FILE_ONLY___ 37.2 MiB
2024-11-14 18:43:27,086 INFO     ___FILE_ONLY___  
2024-11-14 18:43:27,086 INFO     ___FILE_ONLY___ │
2024-11-14 18:43:27,086 INFO     ___FILE_ONLY___ 

2024-11-14 18:43:27,086 INFO     ___FILE_ONLY___ │ 
2024-11-14 18:43:27,086 INFO     ___FILE_ONLY___ Skaffold (Platform Specific)                       
2024-11-14 18:43:27,086 INFO     ___FILE_ONLY___  
2024-11-14 18:43:27,086 INFO     ___FILE_ONLY___ │ 
2024-11-14 18:43:27,086 INFO     ___FILE_ONLY___     2.13.1
2024-11-14 18:43:27,086 INFO     ___FILE_ONLY___  
2024-11-14 18:43:27,086 INFO     ___FILE_ONLY___ │ 
2024-11-14 18:43:27,086 INFO     ___FILE_ONLY___ 22.9 MiB
2024-11-14 18:43:27,086 INFO     ___FILE_ONLY___  
2024-11-14 18:43:27,086 INFO     ___FILE_ONLY___ │
2024-11-14 18:43:27,086 INFO     ___FILE_ONLY___ 

2024-11-14 18:43:27,086 INFO     ___FILE_ONLY___ │ 
2024-11-14 18:43:27,086 INFO     ___FILE_ONLY___ gcloud Alpha Commands                              
2024-11-14 18:43:27,086 INFO     ___FILE_ONLY___  
2024-11-14 18:43:27,086 INFO     ___FILE_ONLY___ │ 
2024-11-14 18:43:27,086 INFO     ___FILE_ONLY___ 2024.11.08
2024-11-14 18:43:27,086 INFO     ___FILE_ONLY___  
2024-11-14 18:43:27,086 INFO     ___FILE_ONLY___ │ 
2024-11-14 18:43:27,086 INFO     ___FILE_ONLY___  < 1 MiB
2024-11-14 18:43:27,086 INFO     ___FILE_ONLY___  
2024-11-14 18:43:27,086 INFO     ___FILE_ONLY___ │
2024-11-14 18:43:27,086 INFO     ___FILE_ONLY___ 

2024-11-14 18:43:27,086 INFO     ___FILE_ONLY___ │ 
2024-11-14 18:43:27,087 INFO     ___FILE_ONLY___ gcloud Beta Commands                               
2024-11-14 18:43:27,087 INFO     ___FILE_ONLY___  
2024-11-14 18:43:27,087 INFO     ___FILE_ONLY___ │ 
2024-11-14 18:43:27,087 INFO     ___FILE_ONLY___ 2024.11.08
2024-11-14 18:43:27,087 INFO     ___FILE_ONLY___  
2024-11-14 18:43:27,087 INFO     ___FILE_ONLY___ │ 
2024-11-14 18:43:27,087 INFO     ___FILE_ONLY___  < 1 MiB
2024-11-14 18:43:27,087 INFO     ___FILE_ONLY___  
2024-11-14 18:43:27,087 INFO     ___FILE_ONLY___ │
2024-11-14 18:43:27,087 INFO     ___FILE_ONLY___ 

2024-11-14 18:43:27,087 INFO     ___FILE_ONLY___ │ 
2024-11-14 18:43:27,087 INFO     ___FILE_ONLY___ gcloud cli dependencies (Platform Specific)        
2024-11-14 18:43:27,087 INFO     ___FILE_ONLY___  
2024-11-14 18:43:27,087 INFO     ___FILE_ONLY___ │ 
2024-11-14 18:43:27,087 INFO     ___FILE_ONLY___ 2021.04.16
2024-11-14 18:43:27,087 INFO     ___FILE_ONLY___  
2024-11-14 18:43:27,087 INFO     ___FILE_ONLY___ │ 
2024-11-14 18:43:27,087 INFO     ___FILE_ONLY___  < 1 MiB
2024-11-14 18:43:27,087 INFO     ___FILE_ONLY___  
2024-11-14 18:43:27,087 INFO     ___FILE_ONLY___ │
2024-11-14 18:43:27,087 INFO     ___FILE_ONLY___ 

2024-11-14 18:43:27,087 INFO     ___FILE_ONLY___ │ 
2024-11-14 18:43:27,087 INFO     ___FILE_ONLY___ gke-gcloud-auth-plugin (Platform Specific)         
2024-11-14 18:43:27,087 INFO     ___FILE_ONLY___  
2024-11-14 18:43:27,087 INFO     ___FILE_ONLY___ │ 
2024-11-14 18:43:27,087 INFO     ___FILE_ONLY___      0.5.9
2024-11-14 18:43:27,087 INFO     ___FILE_ONLY___  
2024-11-14 18:43:27,087 INFO     ___FILE_ONLY___ │ 
2024-11-14 18:43:27,087 INFO     ___FILE_ONLY___  4.0 MiB
2024-11-14 18:43:27,087 INFO     ___FILE_ONLY___  
2024-11-14 18:43:27,087 INFO     ___FILE_ONLY___ │
2024-11-14 18:43:27,087 INFO     ___FILE_ONLY___ 

2024-11-14 18:43:27,087 INFO     ___FILE_ONLY___ │ 
2024-11-14 18:43:27,087 INFO     ___FILE_ONLY___ kubectl                                            
2024-11-14 18:43:27,087 INFO     ___FILE_ONLY___  
2024-11-14 18:43:27,087 INFO     ___FILE_ONLY___ │ 
2024-11-14 18:43:27,087 INFO     ___FILE_ONLY___     1.30.5
2024-11-14 18:43:27,087 INFO     ___FILE_ONLY___  
2024-11-14 18:43:27,087 INFO     ___FILE_ONLY___ │ 
2024-11-14 18:43:27,087 INFO     ___FILE_ONLY___  < 1 MiB
2024-11-14 18:43:27,087 INFO     ___FILE_ONLY___  
2024-11-14 18:43:27,088 INFO     ___FILE_ONLY___ │
2024-11-14 18:43:27,088 INFO     ___FILE_ONLY___ 

2024-11-14 18:43:27,088 INFO     ___FILE_ONLY___ │ 
2024-11-14 18:43:27,088 INFO     ___FILE_ONLY___ kubectl (Platform Specific)                        
2024-11-14 18:43:27,088 INFO     ___FILE_ONLY___  
2024-11-14 18:43:27,088 INFO     ___FILE_ONLY___ │ 
2024-11-14 18:43:27,088 INFO     ___FILE_ONLY___     1.30.6
2024-11-14 18:43:27,088 INFO     ___FILE_ONLY___  
2024-11-14 18:43:27,088 INFO     ___FILE_ONLY___ │ 
2024-11-14 18:43:27,088 INFO     ___FILE_ONLY___ 86.1 MiB
2024-11-14 18:43:27,088 INFO     ___FILE_ONLY___  
2024-11-14 18:43:27,088 INFO     ___FILE_ONLY___ │
2024-11-14 18:43:27,088 INFO     ___FILE_ONLY___ 

2024-11-14 18:43:27,088 INFO     ___FILE_ONLY___ └─────────────────────────────────────────────────────┴────────────┴──────────┘
2024-11-14 18:43:27,088 INFO     ___FILE_ONLY___ 

2024-11-14 18:43:27,088 INFO     ___FILE_ONLY___ 

2024-11-14 18:43:27,090 DEBUG    urllib3.connectionpool Starting new HTTPS connection (1): dl.google.com:443
2024-11-14 18:43:27,295 DEBUG    urllib3.connectionpool https://dl.google.com:443 "GET /dl/cloudsdk/channels/rapid/RELEASE_NOTES HTTP/1.1" 200 1311270
2024-11-14 18:43:27,584 INFO     ___FILE_ONLY___ For the latest full release notes, please visit:
  https://cloud.google.com/sdk/release_notes


2024-11-14 18:43:27,584 INFO     ___FILE_ONLY___ Performing in place update...


2024-11-14 18:43:27,746 INFO     ___FILE_ONLY___ ╔════════════════════════════════════════════════════════════╗

2024-11-14 18:43:27,746 INFO     ___FILE_ONLY___ ╠═ Downloading: Google Cloud CLI Core Libraries (Platfor... ═╣

2024-11-14 18:43:27,746 INFO     ___FILE_ONLY___ ╚
2024-11-14 18:43:27,748 DEBUG    urllib3.connectionpool Starting new HTTPS connection (1): dl.google.com:443
2024-11-14 18:43:28,068 DEBUG    urllib3.connectionpool https://dl.google.com:443 "GET /dl/cloudsdk/channels/rapid/components/google-cloud-sdk-core-nix-20240830134514.tar.gz HTTP/1.1" 200 2306
2024-11-14 18:43:28,070 INFO     ___FILE_ONLY___ ════════════════════════════════════════════════════════════
2024-11-14 18:43:28,070 INFO     ___FILE_ONLY___ ╝

2024-11-14 18:43:28,212 INFO     ___FILE_ONLY___ ╔════════════════════════════════════════════════════════════╗

2024-11-14 18:43:28,213 INFO     ___FILE_ONLY___ ╠═ Downloading: Minikube                                    ═╣

2024-11-14 18:43:28,213 INFO     ___FILE_ONLY___ ╚
2024-11-14 18:43:28,213 INFO     ___FILE_ONLY___ ════════════════════════════════════════════════════════════
2024-11-14 18:43:28,213 INFO     ___FILE_ONLY___ ╝

2024-11-14 18:43:28,375 INFO     ___FILE_ONLY___ ╔════════════════════════════════════════════════════════════╗

2024-11-14 18:43:28,376 INFO     ___FILE_ONLY___ ╠═ Downloading: Minikube (Platform Specific)                ═╣

2024-11-14 18:43:28,376 INFO     ___FILE_ONLY___ ╚
2024-11-14 18:43:28,381 DEBUG    urllib3.connectionpool Starting new HTTPS connection (1): dl.google.com:443
2024-11-14 18:43:28,804 DEBUG    urllib3.connectionpool https://dl.google.com:443 "GET /dl/cloudsdk/channels/rapid/components/google-cloud-sdk-minikube-darwin-arm-20240927140238.tar.gz HTTP/1.1" 200 38981244
2024-11-14 18:43:37,316 INFO     ___FILE_ONLY___ ═
2024-11-14 18:43:37,317 INFO     ___FILE_ONLY___ ═
2024-11-14 18:43:37,318 INFO     ___FILE_ONLY___ ═
2024-11-14 18:43:37,318 INFO     ___FILE_ONLY___ ═
2024-11-14 18:43:37,319 INFO     ___FILE_ONLY___ ═
2024-11-14 18:43:37,319 INFO     ___FILE_ONLY___ ═
2024-11-14 18:43:37,319 INFO     ___FILE_ONLY___ ═
2024-11-14 18:43:37,320 INFO     ___FILE_ONLY___ ═
2024-11-14 18:43:37,320 INFO     ___FILE_ONLY___ ═
2024-11-14 18:43:37,320 INFO     ___FILE_ONLY___ ═
2024-11-14 18:43:37,321 INFO     ___FILE_ONLY___ ═
2024-11-14 18:43:37,321 INFO     ___FILE_ONLY___ ═
2024-11-14 18:43:37,322 INFO     ___FILE_ONLY___ ═
2024-11-14 18:43:37,322 INFO     ___FILE_ONLY___ ═
2024-11-14 18:43:37,322 INFO     ___FILE_ONLY___ ═
2024-11-14 18:43:37,322 INFO     ___FILE_ONLY___ ═
2024-11-14 18:43:37,323 INFO     ___FILE_ONLY___ ═
2024-11-14 18:43:37,323 INFO     ___FILE_ONLY___ ═
2024-11-14 18:43:37,323 INFO     ___FILE_ONLY___ ═
2024-11-14 18:43:37,324 INFO     ___FILE_ONLY___ ═
2024-11-14 18:43:37,324 INFO     ___FILE_ONLY___ ═
2024-11-14 18:43:37,324 INFO     ___FILE_ONLY___ ═
2024-11-14 18:43:37,324 INFO     ___FILE_ONLY___ ═
2024-11-14 18:43:37,325 INFO     ___FILE_ONLY___ ═
2024-11-14 18:43:37,325 INFO     ___FILE_ONLY___ ═
2024-11-14 18:43:37,325 INFO     ___FILE_ONLY___ ═
2024-11-14 18:43:37,326 INFO     ___FILE_ONLY___ ═
2024-11-14 18:43:37,326 INFO     ___FILE_ONLY___ ═
2024-11-14 18:43:37,326 INFO     ___FILE_ONLY___ ═
2024-11-14 18:43:37,327 INFO     ___FILE_ONLY___ ═
2024-11-14 18:43:37,327 INFO     ___FILE_ONLY___ ═
2024-11-14 18:43:37,327 INFO     ___FILE_ONLY___ ═
2024-11-14 18:43:37,328 INFO     ___FILE_ONLY___ ═
2024-11-14 18:43:37,328 INFO     ___FILE_ONLY___ ═
2024-11-14 18:43:37,328 INFO     ___FILE_ONLY___ ═
2024-11-14 18:43:37,328 INFO     ___FILE_ONLY___ ═
2024-11-14 18:43:37,329 INFO     ___FILE_ONLY___ ═
2024-11-14 18:43:37,329 INFO     ___FILE_ONLY___ ═
2024-11-14 18:43:37,329 INFO     ___FILE_ONLY___ ═
2024-11-14 18:43:37,330 INFO     ___FILE_ONLY___ ═
2024-11-14 18:43:37,330 INFO     ___FILE_ONLY___ ═
2024-11-14 18:43:37,330 INFO     ___FILE_ONLY___ ═
2024-11-14 18:43:37,330 INFO     ___FILE_ONLY___ ═
2024-11-14 18:43:37,331 INFO     ___FILE_ONLY___ ═
2024-11-14 18:43:37,331 INFO     ___FILE_ONLY___ ═
2024-11-14 18:43:37,331 INFO     ___FILE_ONLY___ ═
2024-11-14 18:43:37,332 INFO     ___FILE_ONLY___ ═
2024-11-14 18:43:37,332 INFO     ___FILE_ONLY___ ═
2024-11-14 18:43:37,332 INFO     ___FILE_ONLY___ ═
2024-11-14 18:43:37,332 INFO     ___FILE_ONLY___ ═
2024-11-14 18:43:37,333 INFO     ___FILE_ONLY___ ═
2024-11-14 18:43:37,333 INFO     ___FILE_ONLY___ ═
2024-11-14 18:43:37,333 INFO     ___FILE_ONLY___ ═
2024-11-14 18:43:37,334 INFO     ___FILE_ONLY___ ═
2024-11-14 18:43:37,334 INFO     ___FILE_ONLY___ ═
2024-11-14 18:43:37,334 INFO     ___FILE_ONLY___ ═
2024-11-14 18:43:37,335 INFO     ___FILE_ONLY___ ═
2024-11-14 18:43:37,335 INFO     ___FILE_ONLY___ ═
2024-11-14 18:43:37,335 INFO     ___FILE_ONLY___ ═
2024-11-14 18:43:37,335 INFO     ___FILE_ONLY___ ═
2024-11-14 18:43:37,335 INFO     ___FILE_ONLY___ ╝

2024-11-14 18:43:37,457 INFO     ___FILE_ONLY___ ╔════════════════════════════════════════════════════════════╗

2024-11-14 18:43:37,457 INFO     ___FILE_ONLY___ ╠═ Downloading: Skaffold                                    ═╣

2024-11-14 18:43:37,457 INFO     ___FILE_ONLY___ ╚
2024-11-14 18:43:37,457 INFO     ___FILE_ONLY___ ════════════════════════════════════════════════════════════
2024-11-14 18:43:37,458 INFO     ___FILE_ONLY___ ╝

2024-11-14 18:43:37,580 INFO     ___FILE_ONLY___ ╔════════════════════════════════════════════════════════════╗

2024-11-14 18:43:37,580 INFO     ___FILE_ONLY___ ╠═ Downloading: Skaffold (Platform Specific)                ═╣

2024-11-14 18:43:37,580 INFO     ___FILE_ONLY___ ╚
2024-11-14 18:43:37,586 DEBUG    urllib3.connectionpool Starting new HTTPS connection (1): dl.google.com:443
2024-11-14 18:43:37,854 DEBUG    urllib3.connectionpool https://dl.google.com:443 "GET /dl/cloudsdk/channels/rapid/components/google-cloud-sdk-skaffold-darwin-arm-20240806142304.tar.gz HTTP/1.1" 200 24031362
2024-11-14 18:43:44,846 INFO     ___FILE_ONLY___ ═
2024-11-14 18:43:44,847 INFO     ___FILE_ONLY___ ═
2024-11-14 18:43:44,848 INFO     ___FILE_ONLY___ ═
2024-11-14 18:43:44,848 INFO     ___FILE_ONLY___ ═
2024-11-14 18:43:44,848 INFO     ___FILE_ONLY___ ═
2024-11-14 18:43:44,849 INFO     ___FILE_ONLY___ ═
2024-11-14 18:43:44,849 INFO     ___FILE_ONLY___ ═
2024-11-14 18:43:44,849 INFO     ___FILE_ONLY___ ═
2024-11-14 18:43:44,849 INFO     ___FILE_ONLY___ ═
2024-11-14 18:43:44,849 INFO     ___FILE_ONLY___ ═
2024-11-14 18:43:44,850 INFO     ___FILE_ONLY___ ═
2024-11-14 18:43:44,850 INFO     ___FILE_ONLY___ ═
2024-11-14 18:43:44,850 INFO     ___FILE_ONLY___ ═
2024-11-14 18:43:44,850 INFO     ___FILE_ONLY___ ═
2024-11-14 18:43:44,850 INFO     ___FILE_ONLY___ ═
2024-11-14 18:43:44,851 INFO     ___FILE_ONLY___ ═
2024-11-14 18:43:44,851 INFO     ___FILE_ONLY___ ═
2024-11-14 18:43:44,851 INFO     ___FILE_ONLY___ ═
2024-11-14 18:43:44,851 INFO     ___FILE_ONLY___ ═
2024-11-14 18:43:44,852 INFO     ___FILE_ONLY___ ═
2024-11-14 18:43:44,852 INFO     ___FILE_ONLY___ ═
2024-11-14 18:43:44,852 INFO     ___FILE_ONLY___ ═
2024-11-14 18:43:44,852 INFO     ___FILE_ONLY___ ═
2024-11-14 18:43:44,853 INFO     ___FILE_ONLY___ ═
2024-11-14 18:43:44,853 INFO     ___FILE_ONLY___ ═
2024-11-14 18:43:44,853 INFO     ___FILE_ONLY___ ═
2024-11-14 18:43:44,853 INFO     ___FILE_ONLY___ ═
2024-11-14 18:43:44,854 INFO     ___FILE_ONLY___ ═
2024-11-14 18:43:44,854 INFO     ___FILE_ONLY___ ═
2024-11-14 18:43:44,854 INFO     ___FILE_ONLY___ ═
2024-11-14 18:43:44,854 INFO     ___FILE_ONLY___ ═
2024-11-14 18:43:44,854 INFO     ___FILE_ONLY___ ═
2024-11-14 18:43:44,855 INFO     ___FILE_ONLY___ ═
2024-11-14 18:43:44,855 INFO     ___FILE_ONLY___ ═
2024-11-14 18:43:44,855 INFO     ___FILE_ONLY___ ═
2024-11-14 18:43:44,855 INFO     ___FILE_ONLY___ ═
2024-11-14 18:43:44,855 INFO     ___FILE_ONLY___ ═
2024-11-14 18:43:44,856 INFO     ___FILE_ONLY___ ═
2024-11-14 18:43:44,856 INFO     ___FILE_ONLY___ ═
2024-11-14 18:43:44,856 INFO     ___FILE_ONLY___ ═
2024-11-14 18:43:44,856 INFO     ___FILE_ONLY___ ═
2024-11-14 18:43:44,857 INFO     ___FILE_ONLY___ ═
2024-11-14 18:43:44,857 INFO     ___FILE_ONLY___ ═
2024-11-14 18:43:44,857 INFO     ___FILE_ONLY___ ═
2024-11-14 18:43:44,857 INFO     ___FILE_ONLY___ ═
2024-11-14 18:43:44,858 INFO     ___FILE_ONLY___ ═
2024-11-14 18:43:44,858 INFO     ___FILE_ONLY___ ═
2024-11-14 18:43:44,858 INFO     ___FILE_ONLY___ ═
2024-11-14 18:43:44,858 INFO     ___FILE_ONLY___ ═
2024-11-14 18:43:44,858 INFO     ___FILE_ONLY___ ═
2024-11-14 18:43:44,859 INFO     ___FILE_ONLY___ ═
2024-11-14 18:43:44,859 INFO     ___FILE_ONLY___ ═
2024-11-14 18:43:44,859 INFO     ___FILE_ONLY___ ═
2024-11-14 18:43:44,859 INFO     ___FILE_ONLY___ ═
2024-11-14 18:43:44,859 INFO     ___FILE_ONLY___ ═
2024-11-14 18:43:44,860 INFO     ___FILE_ONLY___ ═
2024-11-14 18:43:44,860 INFO     ___FILE_ONLY___ ═
2024-11-14 18:43:44,860 INFO     ___FILE_ONLY___ ═
2024-11-14 18:43:44,860 INFO     ___FILE_ONLY___ ═
2024-11-14 18:43:44,860 INFO     ___FILE_ONLY___ ═
2024-11-14 18:43:44,860 INFO     ___FILE_ONLY___ ╝

2024-11-14 18:43:44,978 INFO     ___FILE_ONLY___ ╔════════════════════════════════════════════════════════════╗

2024-11-14 18:43:44,978 INFO     ___FILE_ONLY___ ╠═ Downloading: gcloud Alpha Commands                       ═╣

2024-11-14 18:43:44,978 INFO     ___FILE_ONLY___ ╚
2024-11-14 18:43:44,982 DEBUG    urllib3.connectionpool Starting new HTTPS connection (1): dl.google.com:443
2024-11-14 18:43:45,177 DEBUG    urllib3.connectionpool https://dl.google.com:443 "GET /dl/cloudsdk/channels/rapid/components/google-cloud-sdk-alpha-20241108162203.tar.gz HTTP/1.1" 200 800
2024-11-14 18:43:45,180 INFO     ___FILE_ONLY___ ════════════════════════════════════════════════════════════
2024-11-14 18:43:45,180 INFO     ___FILE_ONLY___ ╝

2024-11-14 18:43:45,317 INFO     ___FILE_ONLY___ ╔════════════════════════════════════════════════════════════╗

2024-11-14 18:43:45,317 INFO     ___FILE_ONLY___ ╠═ Downloading: gcloud Beta Commands                        ═╣

2024-11-14 18:43:45,317 INFO     ___FILE_ONLY___ ╚
2024-11-14 18:43:45,322 DEBUG    urllib3.connectionpool Starting new HTTPS connection (1): dl.google.com:443
2024-11-14 18:43:45,537 DEBUG    urllib3.connectionpool https://dl.google.com:443 "GET /dl/cloudsdk/channels/rapid/components/google-cloud-sdk-beta-20241108162203.tar.gz HTTP/1.1" 200 797
2024-11-14 18:43:45,539 INFO     ___FILE_ONLY___ ════════════════════════════════════════════════════════════
2024-11-14 18:43:45,539 INFO     ___FILE_ONLY___ ╝

2024-11-14 18:43:45,706 INFO     ___FILE_ONLY___ ╔════════════════════════════════════════════════════════════╗

2024-11-14 18:43:45,707 INFO     ___FILE_ONLY___ ╠═ Downloading: gcloud cli dependencies (Platform Specific) ═╣

2024-11-14 18:43:45,707 INFO     ___FILE_ONLY___ ╚
2024-11-14 18:43:45,712 DEBUG    urllib3.connectionpool Starting new HTTPS connection (1): dl.google.com:443
2024-11-14 18:43:46,039 DEBUG    urllib3.connectionpool https://dl.google.com:443 "GET /dl/cloudsdk/channels/rapid/components/google-cloud-sdk-gcloud-deps-darwin-x86_64-20210416153011.tar.gz HTTP/1.1" 200 105
2024-11-14 18:43:46,041 INFO     ___FILE_ONLY___ ════════════════════════════════════════════════════════════
2024-11-14 18:43:46,041 INFO     ___FILE_ONLY___ ╝

2024-11-14 18:43:46,218 INFO     ___FILE_ONLY___ ╔════════════════════════════════════════════════════════════╗

2024-11-14 18:43:46,218 INFO     ___FILE_ONLY___ ╠═ Downloading: gke-gcloud-auth-plugin                      ═╣

2024-11-14 18:43:46,218 INFO     ___FILE_ONLY___ ╚
2024-11-14 18:43:46,218 INFO     ___FILE_ONLY___ ════════════════════════════════════════════════════════════
2024-11-14 18:43:46,218 INFO     ___FILE_ONLY___ ╝

2024-11-14 18:43:46,374 INFO     ___FILE_ONLY___ ╔════════════════════════════════════════════════════════════╗

2024-11-14 18:43:46,374 INFO     ___FILE_ONLY___ ╠═ Downloading: gke-gcloud-auth-plugin (Platform Specific)  ═╣

2024-11-14 18:43:46,374 INFO     ___FILE_ONLY___ ╚
2024-11-14 18:43:46,382 DEBUG    urllib3.connectionpool Starting new HTTPS connection (1): dl.google.com:443
2024-11-14 18:43:46,860 DEBUG    urllib3.connectionpool https://dl.google.com:443 "GET /dl/cloudsdk/channels/rapid/components/google-cloud-sdk-gke-gcloud-auth-plugin-darwin-arm-20240628141907.tar.gz HTTP/1.1" 200 4148014
2024-11-14 18:43:48,009 INFO     ___FILE_ONLY___ ═
2024-11-14 18:43:48,010 INFO     ___FILE_ONLY___ ═
2024-11-14 18:43:48,010 INFO     ___FILE_ONLY___ ═
2024-11-14 18:43:48,010 INFO     ___FILE_ONLY___ ═
2024-11-14 18:43:48,010 INFO     ___FILE_ONLY___ ═
2024-11-14 18:43:48,011 INFO     ___FILE_ONLY___ ═
2024-11-14 18:43:48,011 INFO     ___FILE_ONLY___ ═
2024-11-14 18:43:48,011 INFO     ___FILE_ONLY___ ═
2024-11-14 18:43:48,011 INFO     ___FILE_ONLY___ ═
2024-11-14 18:43:48,011 INFO     ___FILE_ONLY___ ═
2024-11-14 18:43:48,012 INFO     ___FILE_ONLY___ ═
2024-11-14 18:43:48,012 INFO     ___FILE_ONLY___ ═
2024-11-14 18:43:48,012 INFO     ___FILE_ONLY___ ═
2024-11-14 18:43:48,012 INFO     ___FILE_ONLY___ ═
2024-11-14 18:43:48,012 INFO     ___FILE_ONLY___ ═
2024-11-14 18:43:48,012 INFO     ___FILE_ONLY___ ═
2024-11-14 18:43:48,013 INFO     ___FILE_ONLY___ ═
2024-11-14 18:43:48,013 INFO     ___FILE_ONLY___ ═
2024-11-14 18:43:48,013 INFO     ___FILE_ONLY___ ═
2024-11-14 18:43:48,013 INFO     ___FILE_ONLY___ ═
2024-11-14 18:43:48,013 INFO     ___FILE_ONLY___ ═
2024-11-14 18:43:48,014 INFO     ___FILE_ONLY___ ═
2024-11-14 18:43:48,014 INFO     ___FILE_ONLY___ ═
2024-11-14 18:43:48,014 INFO     ___FILE_ONLY___ ═
2024-11-14 18:43:48,014 INFO     ___FILE_ONLY___ ═
2024-11-14 18:43:48,014 INFO     ___FILE_ONLY___ ═
2024-11-14 18:43:48,014 INFO     ___FILE_ONLY___ ═
2024-11-14 18:43:48,014 INFO     ___FILE_ONLY___ ═
2024-11-14 18:43:48,014 INFO     ___FILE_ONLY___ ═
2024-11-14 18:43:48,014 INFO     ___FILE_ONLY___ ═
2024-11-14 18:43:48,014 INFO     ___FILE_ONLY___ ═
2024-11-14 18:43:48,014 INFO     ___FILE_ONLY___ ═
2024-11-14 18:43:48,014 INFO     ___FILE_ONLY___ ═
2024-11-14 18:43:48,014 INFO     ___FILE_ONLY___ ═
2024-11-14 18:43:48,014 INFO     ___FILE_ONLY___ ═
2024-11-14 18:43:48,014 INFO     ___FILE_ONLY___ ═
2024-11-14 18:43:48,015 INFO     ___FILE_ONLY___ ═
2024-11-14 18:43:48,015 INFO     ___FILE_ONLY___ ═
2024-11-14 18:43:48,015 INFO     ___FILE_ONLY___ ═
2024-11-14 18:43:48,015 INFO     ___FILE_ONLY___ ═
2024-11-14 18:43:48,015 INFO     ___FILE_ONLY___ ═
2024-11-14 18:43:48,015 INFO     ___FILE_ONLY___ ═
2024-11-14 18:43:48,015 INFO     ___FILE_ONLY___ ═
2024-11-14 18:43:48,015 INFO     ___FILE_ONLY___ ═
2024-11-14 18:43:48,015 INFO     ___FILE_ONLY___ ═
2024-11-14 18:43:48,015 INFO     ___FILE_ONLY___ ═
2024-11-14 18:43:48,015 INFO     ___FILE_ONLY___ ═
2024-11-14 18:43:48,015 INFO     ___FILE_ONLY___ ═
2024-11-14 18:43:48,015 INFO     ___FILE_ONLY___ ═
2024-11-14 18:43:48,015 INFO     ___FILE_ONLY___ ═
2024-11-14 18:43:48,015 INFO     ___FILE_ONLY___ ═
2024-11-14 18:43:48,015 INFO     ___FILE_ONLY___ ═
2024-11-14 18:43:48,015 INFO     ___FILE_ONLY___ ═
2024-11-14 18:43:48,016 INFO     ___FILE_ONLY___ ═
2024-11-14 18:43:48,016 INFO     ___FILE_ONLY___ ═
2024-11-14 18:43:48,016 INFO     ___FILE_ONLY___ ═
2024-11-14 18:43:48,016 INFO     ___FILE_ONLY___ ═
2024-11-14 18:43:48,016 INFO     ___FILE_ONLY___ ═
2024-11-14 18:43:48,016 INFO     ___FILE_ONLY___ ═
2024-11-14 18:43:48,016 INFO     ___FILE_ONLY___ ═
2024-11-14 18:43:48,016 INFO     ___FILE_ONLY___ ╝

2024-11-14 18:43:48,141 INFO     ___FILE_ONLY___ ╔════════════════════════════════════════════════════════════╗

2024-11-14 18:43:48,142 INFO     ___FILE_ONLY___ ╠═ Downloading: kubectl                                     ═╣

2024-11-14 18:43:48,142 INFO     ___FILE_ONLY___ ╚
2024-11-14 18:43:48,152 DEBUG    urllib3.connectionpool Starting new HTTPS connection (1): dl.google.com:443
2024-11-14 18:43:48,360 DEBUG    urllib3.connectionpool https://dl.google.com:443 "GET /dl/cloudsdk/channels/rapid/components/google-cloud-sdk-kubectl-20241004144944.tar.gz HTTP/1.1" 200 36206
2024-11-14 18:43:48,410 INFO     ___FILE_ONLY___ ═══════════════════════════
2024-11-14 18:43:48,411 INFO     ___FILE_ONLY___ ═══════════════════════════
2024-11-14 18:43:48,411 INFO     ___FILE_ONLY___ ══════
2024-11-14 18:43:48,411 INFO     ___FILE_ONLY___ ╝

2024-11-14 18:43:48,552 INFO     ___FILE_ONLY___ ╔════════════════════════════════════════════════════════════╗

2024-11-14 18:43:48,552 INFO     ___FILE_ONLY___ ╠═ Downloading: kubectl (Platform Specific)                 ═╣

2024-11-14 18:43:48,553 INFO     ___FILE_ONLY___ ╚
2024-11-14 18:43:48,557 DEBUG    urllib3.connectionpool Starting new HTTPS connection (1): dl.google.com:443
2024-11-14 18:43:48,869 DEBUG    urllib3.connectionpool https://dl.google.com:443 "GET /dl/cloudsdk/channels/rapid/components/google-cloud-sdk-kubectl-darwin-arm-20241108162203.tar.gz HTTP/1.1" 200 90277960
2024-11-14 18:44:18,330 INFO     ___FILE_ONLY___ ═
2024-11-14 18:44:18,331 INFO     ___FILE_ONLY___ ═
2024-11-14 18:44:18,332 INFO     ___FILE_ONLY___ ═
2024-11-14 18:44:18,334 INFO     ___FILE_ONLY___ ═
2024-11-14 18:44:18,335 INFO     ___FILE_ONLY___ ═
2024-11-14 18:44:18,336 INFO     ___FILE_ONLY___ ═
2024-11-14 18:44:18,337 INFO     ___FILE_ONLY___ ═
2024-11-14 18:44:18,338 INFO     ___FILE_ONLY___ ═
2024-11-14 18:44:18,339 INFO     ___FILE_ONLY___ ═
2024-11-14 18:44:18,340 INFO     ___FILE_ONLY___ ═
2024-11-14 18:44:18,341 INFO     ___FILE_ONLY___ ═
2024-11-14 18:44:18,342 INFO     ___FILE_ONLY___ ═
2024-11-14 18:44:18,343 INFO     ___FILE_ONLY___ ═
2024-11-14 18:44:18,343 INFO     ___FILE_ONLY___ ═
2024-11-14 18:44:18,344 INFO     ___FILE_ONLY___ ═
2024-11-14 18:44:18,345 INFO     ___FILE_ONLY___ ═
2024-11-14 18:44:18,346 INFO     ___FILE_ONLY___ ═
2024-11-14 18:44:18,347 INFO     ___FILE_ONLY___ ═
2024-11-14 18:44:18,348 INFO     ___FILE_ONLY___ ═
2024-11-14 18:44:18,348 INFO     ___FILE_ONLY___ ═
2024-11-14 18:44:18,349 INFO     ___FILE_ONLY___ ═
2024-11-14 18:44:18,350 INFO     ___FILE_ONLY___ ═
2024-11-14 18:44:18,351 INFO     ___FILE_ONLY___ ═
2024-11-14 18:44:18,352 INFO     ___FILE_ONLY___ ═
2024-11-14 18:44:18,352 INFO     ___FILE_ONLY___ ═
2024-11-14 18:44:18,353 INFO     ___FILE_ONLY___ ═
2024-11-14 18:44:18,354 INFO     ___FILE_ONLY___ ═
2024-11-14 18:44:18,355 INFO     ___FILE_ONLY___ ═
2024-11-14 18:44:18,356 INFO     ___FILE_ONLY___ ═
2024-11-14 18:44:18,358 INFO     ___FILE_ONLY___ ═
2024-11-14 18:44:18,359 INFO     ___FILE_ONLY___ ═
2024-11-14 18:44:18,360 INFO     ___FILE_ONLY___ ═
2024-11-14 18:44:18,362 INFO     ___FILE_ONLY___ ═
2024-11-14 18:44:18,363 INFO     ___FILE_ONLY___ ═
2024-11-14 18:44:18,364 INFO     ___FILE_ONLY___ ═
2024-11-14 18:44:18,365 INFO     ___FILE_ONLY___ ═
2024-11-14 18:44:18,366 INFO     ___FILE_ONLY___ ═
2024-11-14 18:44:18,366 INFO     ___FILE_ONLY___ ═
2024-11-14 18:44:18,367 INFO     ___FILE_ONLY___ ═
2024-11-14 18:44:18,369 INFO     ___FILE_ONLY___ ═
2024-11-14 18:44:18,369 INFO     ___FILE_ONLY___ ═
2024-11-14 18:44:18,370 INFO     ___FILE_ONLY___ ═
2024-11-14 18:44:18,371 INFO     ___FILE_ONLY___ ═
2024-11-14 18:44:18,372 INFO     ___FILE_ONLY___ ═
2024-11-14 18:44:18,373 INFO     ___FILE_ONLY___ ═
2024-11-14 18:44:18,374 INFO     ___FILE_ONLY___ ═
2024-11-14 18:44:18,374 INFO     ___FILE_ONLY___ ═
2024-11-14 18:44:18,375 INFO     ___FILE_ONLY___ ═
2024-11-14 18:44:18,376 INFO     ___FILE_ONLY___ ═
2024-11-14 18:44:18,377 INFO     ___FILE_ONLY___ ═
2024-11-14 18:44:18,378 INFO     ___FILE_ONLY___ ═
2024-11-14 18:44:18,379 INFO     ___FILE_ONLY___ ═
2024-11-14 18:44:18,380 INFO     ___FILE_ONLY___ ═
2024-11-14 18:44:18,381 INFO     ___FILE_ONLY___ ═
2024-11-14 18:44:18,382 INFO     ___FILE_ONLY___ ═
2024-11-14 18:44:18,383 INFO     ___FILE_ONLY___ ═
2024-11-14 18:44:18,384 INFO     ___FILE_ONLY___ ═
2024-11-14 18:44:18,386 INFO     ___FILE_ONLY___ ═
2024-11-14 18:44:18,386 INFO     ___FILE_ONLY___ ═
2024-11-14 18:44:18,387 INFO     ___FILE_ONLY___ ═
2024-11-14 18:44:18,387 INFO     ___FILE_ONLY___ ╝

2024-11-14 18:44:18,508 INFO     ___FILE_ONLY___ ╔════════════════════════════════════════════════════════════╗

2024-11-14 18:44:18,508 INFO     ___FILE_ONLY___ ╠═ Installing: Google Cloud CLI Core Libraries (Platform... ═╣

2024-11-14 18:44:18,508 INFO     ___FILE_ONLY___ ╚
2024-11-14 18:44:18,512 INFO     ___FILE_ONLY___ ══════════════════════════════
2024-11-14 18:44:18,512 INFO     ___FILE_ONLY___ ══════════════════════════════
2024-11-14 18:44:18,512 INFO     ___FILE_ONLY___ ╝

2024-11-14 18:44:18,630 INFO     ___FILE_ONLY___ ╔════════════════════════════════════════════════════════════╗

2024-11-14 18:44:18,630 INFO     ___FILE_ONLY___ ╠═ Installing: Minikube                                     ═╣

2024-11-14 18:44:18,630 INFO     ___FILE_ONLY___ ╚
2024-11-14 18:44:18,638 INFO     ___FILE_ONLY___ ════════════════════════════════════════════════════════════
2024-11-14 18:44:18,638 INFO     ___FILE_ONLY___ ╝

2024-11-14 18:44:18,758 INFO     ___FILE_ONLY___ ╔════════════════════════════════════════════════════════════╗

2024-11-14 18:44:18,758 INFO     ___FILE_ONLY___ ╠═ Installing: Minikube (Platform Specific)                 ═╣

2024-11-14 18:44:18,758 INFO     ___FILE_ONLY___ ╚
2024-11-14 18:44:19,103 INFO     ___FILE_ONLY___ ════════════════════════════════════════════════════════════
2024-11-14 18:44:19,104 INFO     ___FILE_ONLY___ ╝

2024-11-14 18:44:19,216 INFO     ___FILE_ONLY___ ╔════════════════════════════════════════════════════════════╗

2024-11-14 18:44:19,217 INFO     ___FILE_ONLY___ ╠═ Installing: Skaffold                                     ═╣

2024-11-14 18:44:19,217 INFO     ___FILE_ONLY___ ╚
2024-11-14 18:44:19,219 INFO     ___FILE_ONLY___ ════════════════════════════════════════════════════════════
2024-11-14 18:44:19,219 INFO     ___FILE_ONLY___ ╝

2024-11-14 18:44:19,336 INFO     ___FILE_ONLY___ ╔════════════════════════════════════════════════════════════╗

2024-11-14 18:44:19,336 INFO     ___FILE_ONLY___ ╠═ Installing: Skaffold (Platform Specific)                 ═╣

2024-11-14 18:44:19,336 INFO     ___FILE_ONLY___ ╚
2024-11-14 18:44:19,639 INFO     ___FILE_ONLY___ ════════════════════════════════════════════════════════════
2024-11-14 18:44:19,640 INFO     ___FILE_ONLY___ ╝

2024-11-14 18:44:19,752 INFO     ___FILE_ONLY___ ╔════════════════════════════════════════════════════════════╗

2024-11-14 18:44:19,752 INFO     ___FILE_ONLY___ ╠═ Installing: gcloud Alpha Commands                        ═╣

2024-11-14 18:44:19,752 INFO     ___FILE_ONLY___ ╚
2024-11-14 18:44:19,754 INFO     ___FILE_ONLY___ ════════════════════════════════════════════════════════════
2024-11-14 18:44:19,754 INFO     ___FILE_ONLY___ ╝

2024-11-14 18:44:19,874 INFO     ___FILE_ONLY___ ╔════════════════════════════════════════════════════════════╗

2024-11-14 18:44:19,874 INFO     ___FILE_ONLY___ ╠═ Installing: gcloud Beta Commands                         ═╣

2024-11-14 18:44:19,874 INFO     ___FILE_ONLY___ ╚
2024-11-14 18:44:19,877 INFO     ___FILE_ONLY___ ════════════════════════════════════════════════════════════
2024-11-14 18:44:19,878 INFO     ___FILE_ONLY___ ╝

2024-11-14 18:44:20,033 INFO     ___FILE_ONLY___ ╔════════════════════════════════════════════════════════════╗

2024-11-14 18:44:20,034 INFO     ___FILE_ONLY___ ╠═ Installing: gcloud cli dependencies (Platform Specific)  ═╣

2024-11-14 18:44:20,035 INFO     ___FILE_ONLY___ ╚
2024-11-14 18:44:20,045 INFO     ___FILE_ONLY___ ════════════════════════════════════════════════════════════
2024-11-14 18:44:20,045 INFO     ___FILE_ONLY___ ╝

2024-11-14 18:44:20,186 INFO     ___FILE_ONLY___ ╔════════════════════════════════════════════════════════════╗

2024-11-14 18:44:20,186 INFO     ___FILE_ONLY___ ╠═ Installing: gke-gcloud-auth-plugin                       ═╣

2024-11-14 18:44:20,187 INFO     ___FILE_ONLY___ ╚
2024-11-14 18:44:20,198 INFO     ___FILE_ONLY___ ════════════════════════════════════════════════════════════
2024-11-14 18:44:20,198 INFO     ___FILE_ONLY___ ╝

2024-11-14 18:44:20,329 INFO     ___FILE_ONLY___ ╔════════════════════════════════════════════════════════════╗

2024-11-14 18:44:20,330 INFO     ___FILE_ONLY___ ╠═ Installing: gke-gcloud-auth-plugin (Platform Specific)   ═╣

2024-11-14 18:44:20,330 INFO     ___FILE_ONLY___ ╚
2024-11-14 18:44:20,402 INFO     ___FILE_ONLY___ ════════════════════════════════════════════════════════════
2024-11-14 18:44:20,402 INFO     ___FILE_ONLY___ ╝

2024-11-14 18:44:20,538 INFO     ___FILE_ONLY___ ╔════════════════════════════════════════════════════════════╗

2024-11-14 18:44:20,538 INFO     ___FILE_ONLY___ ╠═ Installing: kubectl                                      ═╣

2024-11-14 18:44:20,538 INFO     ___FILE_ONLY___ ╚
2024-11-14 18:44:20,541 INFO     ___FILE_ONLY___ ════════════════════════════════════════════════════════════
2024-11-14 18:44:20,541 INFO     ___FILE_ONLY___ ╝

2024-11-14 18:44:20,680 INFO     ___FILE_ONLY___ ╔════════════════════════════════════════════════════════════╗

2024-11-14 18:44:20,680 INFO     ___FILE_ONLY___ ╠═ Installing: kubectl (Platform Specific)                  ═╣

2024-11-14 18:44:20,680 INFO     ___FILE_ONLY___ ╚
2024-11-14 18:44:21,228 INFO     ___FILE_ONLY___ ══════════
2024-11-14 18:44:21,319 INFO     ___FILE_ONLY___ ══════════
2024-11-14 18:44:21,413 INFO     ___FILE_ONLY___ ══════════
2024-11-14 18:44:21,509 INFO     ___FILE_ONLY___ ══════════
2024-11-14 18:44:21,608 INFO     ___FILE_ONLY___ ══════════
2024-11-14 18:44:21,712 INFO     ___FILE_ONLY___ ══════════
2024-11-14 18:44:21,712 INFO     ___FILE_ONLY___ ╝

2024-11-14 18:44:21,768 DEBUG    root            Updating notification cache...
2024-11-14 18:44:21,768 INFO     ___FILE_ONLY___ 

2024-11-14 18:44:21,935 INFO     ___FILE_ONLY___ Performing post processing steps...
2024-11-14 18:44:21,935 DEBUG    root            Executing command: ['/Users/wbrunson/Library/Application Support/cloud-code/installer/google-cloud-sdk/bin/gcloud', 'components', 'post-process', '--no-compile-python']
2024-11-14 18:44:23,834 DEBUG    ___FILE_ONLY___ 
2024-11-14 18:44:23,834 DEBUG    ___FILE_ONLY___ 
2024-11-14 18:44:23,970 INFO     ___FILE_ONLY___ 
Update done!


2024-11-14 18:44:25,603 WARNING  root              There are other instances of Google Cloud tools on your system PATH.
  Please remove the following to avoid confusion or accidental invocation:

  /Applications/Rancher Desktop.app/Contents/Resources/resources/darwin/bin/kuberlr

  
2024-11-14 18:44:27,369 DEBUG    root            Chosen display Format:none
2024-11-14 18:44:27,370 INFO     root            Display format: "none"
2024-11-14 18:44:27,376 DEBUG    root            Executing command: ['curl', '--silent', '-O', 'https://dl.google.com/dl/cloudsdk/channels/rapid/python-3.11.6-macos11.tar.gz']
2024-11-14 18:44:39,092 DEBUG    root            Executing command: ['tar', '-xf', 'python-3.11.6-macos11.tar.gz']
2024-11-14 18:44:39,333 DEBUG    root            Executing command: ['sudo', 'installer', '-target', '/', '-pkg', './python-3.11.6-macos11.pkg']
