2024-11-18 14:47:21,242 DEBUG    root            Metrics collector initialized...
2024-11-18 14:47:21,245 DEBUG    root            Loaded Command Group: ['gcloud', 'components']
2024-11-18 14:47:21,250 DEBUG    root            Loaded Command Group: ['gcloud', 'components', 'update']
2024-11-18 14:47:21,251 DEBUG    root            Running [gcloud.components.update] with arguments: [--no-compile-python: "False", --quiet: "True", COMPONENT-IDS:6: "['alpha', 'beta', 'gke-gcloud-auth-plugin', 'kubectl', 'skaffold', 'minikube']"]
2024-11-18 14:47:21,251 INFO     ___FILE_ONLY___ Beginning update. This process may take several minutes.

2024-11-18 14:47:21,285 DEBUG    urllib3.connectionpool Starting new HTTPS connection (1): dl.google.com:443
2024-11-18 14:47:21,502 DEBUG    urllib3.connectionpool https://dl.google.com:443 "GET /dl/cloudsdk/channels/rapid/components-2.json HTTP/1.1" 200 226997
2024-11-18 14:47:21,612 INFO     ___FILE_ONLY___ 

2024-11-18 14:47:21,613 INFO     ___FILE_ONLY___ 
Your current Google Cloud CLI version is: 501.0.0

2024-11-18 14:47:21,613 INFO     ___FILE_ONLY___ Installing components from version: 501.0.0

2024-11-18 14:47:21,613 INFO     ___FILE_ONLY___ 

2024-11-18 14:47:21,613 DEBUG    root            Chosen display Format:table[box,title="These components will be removed."](details.display_name:label=Name:align=left,version.version_string:label=Version:align=right,data.size.size(zero="",min=1048576):label=Size:align=right)
2024-11-18 14:47:21,613 DEBUG    root            Chosen display Format:table[box,title="These components will be updated."](details.display_name:label=Name:align=left,version.version_string:label=Version:align=right,data.size.size(zero="",min=1048576):label=Size:align=right)
2024-11-18 14:47:21,614 DEBUG    root            Chosen display Format:table[box,title="These components will be installed."](details.display_name:label=Name:align=left,version.version_string:label=Version:align=right,data.size.size(zero="",min=1048576):label=Size:align=right)
2024-11-18 14:47:21,678 INFO     ___FILE_ONLY___ ┌─────────────────────────────────────────────────────────────────────────────┐
2024-11-18 14:47:21,678 INFO     ___FILE_ONLY___ 

2024-11-18 14:47:21,678 INFO     ___FILE_ONLY___ │                     These components will be installed.                     │
2024-11-18 14:47:21,678 INFO     ___FILE_ONLY___ 

2024-11-18 14:47:21,678 INFO     ___FILE_ONLY___ ├─────────────────────────────────────────────────────┬────────────┬──────────┤
2024-11-18 14:47:21,678 INFO     ___FILE_ONLY___ 

2024-11-18 14:47:21,678 INFO     ___FILE_ONLY___ │                         Name                        │  Version   │   Size   │
2024-11-18 14:47:21,678 INFO     ___FILE_ONLY___ 

2024-11-18 14:47:21,678 INFO     ___FILE_ONLY___ ├─────────────────────────────────────────────────────┼────────────┼──────────┤
2024-11-18 14:47:21,678 INFO     ___FILE_ONLY___ 

2024-11-18 14:47:21,678 INFO     ___FILE_ONLY___ │ 
2024-11-18 14:47:21,678 INFO     ___FILE_ONLY___ Google Cloud CLI Core Libraries (Platform Specific)
2024-11-18 14:47:21,678 INFO     ___FILE_ONLY___  
2024-11-18 14:47:21,678 INFO     ___FILE_ONLY___ │ 
2024-11-18 14:47:21,678 INFO     ___FILE_ONLY___ 2024.08.30
2024-11-18 14:47:21,678 INFO     ___FILE_ONLY___  
2024-11-18 14:47:21,678 INFO     ___FILE_ONLY___ │ 
2024-11-18 14:47:21,678 INFO     ___FILE_ONLY___  < 1 MiB
2024-11-18 14:47:21,678 INFO     ___FILE_ONLY___  
2024-11-18 14:47:21,678 INFO     ___FILE_ONLY___ │
2024-11-18 14:47:21,678 INFO     ___FILE_ONLY___ 

2024-11-18 14:47:21,678 INFO     ___FILE_ONLY___ │ 
2024-11-18 14:47:21,678 INFO     ___FILE_ONLY___ Minikube (Platform Specific)                       
2024-11-18 14:47:21,678 INFO     ___FILE_ONLY___  
2024-11-18 14:47:21,678 INFO     ___FILE_ONLY___ │ 
2024-11-18 14:47:21,678 INFO     ___FILE_ONLY___     1.34.0
2024-11-18 14:47:21,678 INFO     ___FILE_ONLY___  
2024-11-18 14:47:21,679 INFO     ___FILE_ONLY___ │ 
2024-11-18 14:47:21,679 INFO     ___FILE_ONLY___ 37.2 MiB
2024-11-18 14:47:21,679 INFO     ___FILE_ONLY___  
2024-11-18 14:47:21,679 INFO     ___FILE_ONLY___ │
2024-11-18 14:47:21,679 INFO     ___FILE_ONLY___ 

2024-11-18 14:47:21,679 INFO     ___FILE_ONLY___ │ 
2024-11-18 14:47:21,679 INFO     ___FILE_ONLY___ Skaffold (Platform Specific)                       
2024-11-18 14:47:21,679 INFO     ___FILE_ONLY___  
2024-11-18 14:47:21,679 INFO     ___FILE_ONLY___ │ 
2024-11-18 14:47:21,679 INFO     ___FILE_ONLY___     2.13.1
2024-11-18 14:47:21,679 INFO     ___FILE_ONLY___  
2024-11-18 14:47:21,679 INFO     ___FILE_ONLY___ │ 
2024-11-18 14:47:21,679 INFO     ___FILE_ONLY___ 22.9 MiB
2024-11-18 14:47:21,679 INFO     ___FILE_ONLY___  
2024-11-18 14:47:21,679 INFO     ___FILE_ONLY___ │
2024-11-18 14:47:21,679 INFO     ___FILE_ONLY___ 

2024-11-18 14:47:21,679 INFO     ___FILE_ONLY___ │ 
2024-11-18 14:47:21,679 INFO     ___FILE_ONLY___ gcloud Alpha Commands                              
2024-11-18 14:47:21,679 INFO     ___FILE_ONLY___  
2024-11-18 14:47:21,679 INFO     ___FILE_ONLY___ │ 
2024-11-18 14:47:21,679 INFO     ___FILE_ONLY___ 2024.11.08
2024-11-18 14:47:21,679 INFO     ___FILE_ONLY___  
2024-11-18 14:47:21,679 INFO     ___FILE_ONLY___ │ 
2024-11-18 14:47:21,679 INFO     ___FILE_ONLY___  < 1 MiB
2024-11-18 14:47:21,679 INFO     ___FILE_ONLY___  
2024-11-18 14:47:21,679 INFO     ___FILE_ONLY___ │
2024-11-18 14:47:21,679 INFO     ___FILE_ONLY___ 

2024-11-18 14:47:21,679 INFO     ___FILE_ONLY___ │ 
2024-11-18 14:47:21,679 INFO     ___FILE_ONLY___ gcloud Beta Commands                               
2024-11-18 14:47:21,679 INFO     ___FILE_ONLY___  
2024-11-18 14:47:21,679 INFO     ___FILE_ONLY___ │ 
2024-11-18 14:47:21,679 INFO     ___FILE_ONLY___ 2024.11.08
2024-11-18 14:47:21,679 INFO     ___FILE_ONLY___  
2024-11-18 14:47:21,679 INFO     ___FILE_ONLY___ │ 
2024-11-18 14:47:21,679 INFO     ___FILE_ONLY___  < 1 MiB
2024-11-18 14:47:21,679 INFO     ___FILE_ONLY___  
2024-11-18 14:47:21,679 INFO     ___FILE_ONLY___ │
2024-11-18 14:47:21,679 INFO     ___FILE_ONLY___ 

2024-11-18 14:47:21,679 INFO     ___FILE_ONLY___ │ 
2024-11-18 14:47:21,679 INFO     ___FILE_ONLY___ gcloud cli dependencies (Platform Specific)        
2024-11-18 14:47:21,679 INFO     ___FILE_ONLY___  
2024-11-18 14:47:21,679 INFO     ___FILE_ONLY___ │ 
2024-11-18 14:47:21,679 INFO     ___FILE_ONLY___ 2021.04.16
2024-11-18 14:47:21,679 INFO     ___FILE_ONLY___  
2024-11-18 14:47:21,680 INFO     ___FILE_ONLY___ │ 
2024-11-18 14:47:21,680 INFO     ___FILE_ONLY___  < 1 MiB
2024-11-18 14:47:21,680 INFO     ___FILE_ONLY___  
2024-11-18 14:47:21,680 INFO     ___FILE_ONLY___ │
2024-11-18 14:47:21,680 INFO     ___FILE_ONLY___ 

2024-11-18 14:47:21,680 INFO     ___FILE_ONLY___ │ 
2024-11-18 14:47:21,680 INFO     ___FILE_ONLY___ gke-gcloud-auth-plugin (Platform Specific)         
2024-11-18 14:47:21,680 INFO     ___FILE_ONLY___  
2024-11-18 14:47:21,680 INFO     ___FILE_ONLY___ │ 
2024-11-18 14:47:21,680 INFO     ___FILE_ONLY___      0.5.9
2024-11-18 14:47:21,680 INFO     ___FILE_ONLY___  
2024-11-18 14:47:21,680 INFO     ___FILE_ONLY___ │ 
2024-11-18 14:47:21,680 INFO     ___FILE_ONLY___  4.0 MiB
2024-11-18 14:47:21,680 INFO     ___FILE_ONLY___  
2024-11-18 14:47:21,680 INFO     ___FILE_ONLY___ │
2024-11-18 14:47:21,680 INFO     ___FILE_ONLY___ 

2024-11-18 14:47:21,680 INFO     ___FILE_ONLY___ │ 
2024-11-18 14:47:21,680 INFO     ___FILE_ONLY___ kubectl                                            
2024-11-18 14:47:21,680 INFO     ___FILE_ONLY___  
2024-11-18 14:47:21,680 INFO     ___FILE_ONLY___ │ 
2024-11-18 14:47:21,680 INFO     ___FILE_ONLY___     1.30.5
2024-11-18 14:47:21,680 INFO     ___FILE_ONLY___  
2024-11-18 14:47:21,680 INFO     ___FILE_ONLY___ │ 
2024-11-18 14:47:21,680 INFO     ___FILE_ONLY___  < 1 MiB
2024-11-18 14:47:21,680 INFO     ___FILE_ONLY___  
2024-11-18 14:47:21,680 INFO     ___FILE_ONLY___ │
2024-11-18 14:47:21,680 INFO     ___FILE_ONLY___ 

2024-11-18 14:47:21,680 INFO     ___FILE_ONLY___ │ 
2024-11-18 14:47:21,680 INFO     ___FILE_ONLY___ kubectl (Platform Specific)                        
2024-11-18 14:47:21,680 INFO     ___FILE_ONLY___  
2024-11-18 14:47:21,680 INFO     ___FILE_ONLY___ │ 
2024-11-18 14:47:21,680 INFO     ___FILE_ONLY___     1.30.6
2024-11-18 14:47:21,680 INFO     ___FILE_ONLY___  
2024-11-18 14:47:21,680 INFO     ___FILE_ONLY___ │ 
2024-11-18 14:47:21,680 INFO     ___FILE_ONLY___ 86.1 MiB
2024-11-18 14:47:21,680 INFO     ___FILE_ONLY___  
2024-11-18 14:47:21,680 INFO     ___FILE_ONLY___ │
2024-11-18 14:47:21,680 INFO     ___FILE_ONLY___ 

2024-11-18 14:47:21,680 INFO     ___FILE_ONLY___ └─────────────────────────────────────────────────────┴────────────┴──────────┘
2024-11-18 14:47:21,680 INFO     ___FILE_ONLY___ 

2024-11-18 14:47:21,680 INFO     ___FILE_ONLY___ 

2024-11-18 14:47:21,682 DEBUG    urllib3.connectionpool Starting new HTTPS connection (1): dl.google.com:443
2024-11-18 14:47:21,903 DEBUG    urllib3.connectionpool https://dl.google.com:443 "GET /dl/cloudsdk/channels/rapid/RELEASE_NOTES HTTP/1.1" 200 1311270
2024-11-18 14:47:22,259 INFO     ___FILE_ONLY___ For the latest full release notes, please visit:
  https://cloud.google.com/sdk/release_notes


2024-11-18 14:47:22,259 INFO     ___FILE_ONLY___ Performing in place update...


2024-11-18 14:47:22,264 INFO     ___FILE_ONLY___ ╔════════════════════════════════════════════════════════════╗

2024-11-18 14:47:22,264 INFO     ___FILE_ONLY___ ╠═ Downloading: Google Cloud CLI Core Libraries (Platfor... ═╣

2024-11-18 14:47:22,264 INFO     ___FILE_ONLY___ ╚
2024-11-18 14:47:22,267 DEBUG    urllib3.connectionpool Starting new HTTPS connection (1): dl.google.com:443
2024-11-18 14:47:22,458 DEBUG    urllib3.connectionpool https://dl.google.com:443 "GET /dl/cloudsdk/channels/rapid/components/google-cloud-sdk-core-nix-20240830134514.tar.gz HTTP/1.1" 200 2306
2024-11-18 14:47:22,459 INFO     ___FILE_ONLY___ ════════════════════════════════════════════════════════════
2024-11-18 14:47:22,459 INFO     ___FILE_ONLY___ ╝

2024-11-18 14:47:22,464 INFO     ___FILE_ONLY___ ╔════════════════════════════════════════════════════════════╗

2024-11-18 14:47:22,464 INFO     ___FILE_ONLY___ ╠═ Downloading: Minikube                                    ═╣

2024-11-18 14:47:22,464 INFO     ___FILE_ONLY___ ╚
2024-11-18 14:47:22,464 INFO     ___FILE_ONLY___ ════════════════════════════════════════════════════════════
2024-11-18 14:47:22,464 INFO     ___FILE_ONLY___ ╝

2024-11-18 14:47:22,467 INFO     ___FILE_ONLY___ ╔════════════════════════════════════════════════════════════╗

2024-11-18 14:47:22,468 INFO     ___FILE_ONLY___ ╠═ Downloading: Minikube (Platform Specific)                ═╣

2024-11-18 14:47:22,468 INFO     ___FILE_ONLY___ ╚
2024-11-18 14:47:22,471 DEBUG    urllib3.connectionpool Starting new HTTPS connection (1): dl.google.com:443
2024-11-18 14:47:22,684 DEBUG    urllib3.connectionpool https://dl.google.com:443 "GET /dl/cloudsdk/channels/rapid/components/google-cloud-sdk-minikube-darwin-arm-20240927140238.tar.gz HTTP/1.1" 200 38981244
2024-11-18 14:47:29,672 INFO     ___FILE_ONLY___ ═
2024-11-18 14:47:29,672 INFO     ___FILE_ONLY___ ═
2024-11-18 14:47:29,672 INFO     ___FILE_ONLY___ ═
2024-11-18 14:47:29,673 INFO     ___FILE_ONLY___ ═
2024-11-18 14:47:29,673 INFO     ___FILE_ONLY___ ═
2024-11-18 14:47:29,673 INFO     ___FILE_ONLY___ ═
2024-11-18 14:47:29,674 INFO     ___FILE_ONLY___ ═
2024-11-18 14:47:29,674 INFO     ___FILE_ONLY___ ═
2024-11-18 14:47:29,674 INFO     ___FILE_ONLY___ ═
2024-11-18 14:47:29,675 INFO     ___FILE_ONLY___ ═
2024-11-18 14:47:29,675 INFO     ___FILE_ONLY___ ═
2024-11-18 14:47:29,675 INFO     ___FILE_ONLY___ ═
2024-11-18 14:47:29,676 INFO     ___FILE_ONLY___ ═
2024-11-18 14:47:29,676 INFO     ___FILE_ONLY___ ═
2024-11-18 14:47:29,676 INFO     ___FILE_ONLY___ ═
2024-11-18 14:47:29,677 INFO     ___FILE_ONLY___ ═
2024-11-18 14:47:29,677 INFO     ___FILE_ONLY___ ═
2024-11-18 14:47:29,677 INFO     ___FILE_ONLY___ ═
2024-11-18 14:47:29,678 INFO     ___FILE_ONLY___ ═
2024-11-18 14:47:29,678 INFO     ___FILE_ONLY___ ═
2024-11-18 14:47:29,679 INFO     ___FILE_ONLY___ ═
2024-11-18 14:47:29,679 INFO     ___FILE_ONLY___ ═
2024-11-18 14:47:29,680 INFO     ___FILE_ONLY___ ═
2024-11-18 14:47:29,680 INFO     ___FILE_ONLY___ ═
2024-11-18 14:47:29,681 INFO     ___FILE_ONLY___ ═
2024-11-18 14:47:29,681 INFO     ___FILE_ONLY___ ═
2024-11-18 14:47:29,681 INFO     ___FILE_ONLY___ ═
2024-11-18 14:47:29,682 INFO     ___FILE_ONLY___ ═
2024-11-18 14:47:29,682 INFO     ___FILE_ONLY___ ═
2024-11-18 14:47:29,682 INFO     ___FILE_ONLY___ ═
2024-11-18 14:47:29,683 INFO     ___FILE_ONLY___ ═
2024-11-18 14:47:29,683 INFO     ___FILE_ONLY___ ═
2024-11-18 14:47:29,683 INFO     ___FILE_ONLY___ ═
2024-11-18 14:47:29,683 INFO     ___FILE_ONLY___ ═
2024-11-18 14:47:29,684 INFO     ___FILE_ONLY___ ═
2024-11-18 14:47:29,684 INFO     ___FILE_ONLY___ ═
2024-11-18 14:47:29,684 INFO     ___FILE_ONLY___ ═
2024-11-18 14:47:29,684 INFO     ___FILE_ONLY___ ═
2024-11-18 14:47:29,685 INFO     ___FILE_ONLY___ ═
2024-11-18 14:47:29,686 INFO     ___FILE_ONLY___ ═
2024-11-18 14:47:29,686 INFO     ___FILE_ONLY___ ═
2024-11-18 14:47:29,686 INFO     ___FILE_ONLY___ ═
2024-11-18 14:47:29,687 INFO     ___FILE_ONLY___ ═
2024-11-18 14:47:29,687 INFO     ___FILE_ONLY___ ═
2024-11-18 14:47:29,687 INFO     ___FILE_ONLY___ ═
2024-11-18 14:47:29,688 INFO     ___FILE_ONLY___ ═
2024-11-18 14:47:29,688 INFO     ___FILE_ONLY___ ═
2024-11-18 14:47:29,688 INFO     ___FILE_ONLY___ ═
2024-11-18 14:47:29,689 INFO     ___FILE_ONLY___ ═
2024-11-18 14:47:29,689 INFO     ___FILE_ONLY___ ═
2024-11-18 14:47:29,690 INFO     ___FILE_ONLY___ ═
2024-11-18 14:47:29,690 INFO     ___FILE_ONLY___ ═
2024-11-18 14:47:29,690 INFO     ___FILE_ONLY___ ═
2024-11-18 14:47:29,691 INFO     ___FILE_ONLY___ ═
2024-11-18 14:47:29,691 INFO     ___FILE_ONLY___ ═
2024-11-18 14:47:29,691 INFO     ___FILE_ONLY___ ═
2024-11-18 14:47:29,692 INFO     ___FILE_ONLY___ ═
2024-11-18 14:47:29,692 INFO     ___FILE_ONLY___ ═
2024-11-18 14:47:29,692 INFO     ___FILE_ONLY___ ═
2024-11-18 14:47:29,692 INFO     ___FILE_ONLY___ ═
2024-11-18 14:47:29,692 INFO     ___FILE_ONLY___ ╝

2024-11-18 14:47:29,698 INFO     ___FILE_ONLY___ ╔════════════════════════════════════════════════════════════╗

2024-11-18 14:47:29,699 INFO     ___FILE_ONLY___ ╠═ Downloading: Skaffold                                    ═╣

2024-11-18 14:47:29,699 INFO     ___FILE_ONLY___ ╚
2024-11-18 14:47:29,699 INFO     ___FILE_ONLY___ ════════════════════════════════════════════════════════════
2024-11-18 14:47:29,699 INFO     ___FILE_ONLY___ ╝

2024-11-18 14:47:29,704 INFO     ___FILE_ONLY___ ╔════════════════════════════════════════════════════════════╗

2024-11-18 14:47:29,704 INFO     ___FILE_ONLY___ ╠═ Downloading: Skaffold (Platform Specific)                ═╣

2024-11-18 14:47:29,704 INFO     ___FILE_ONLY___ ╚
2024-11-18 14:47:29,707 DEBUG    urllib3.connectionpool Starting new HTTPS connection (1): dl.google.com:443
2024-11-18 14:47:30,040 DEBUG    urllib3.connectionpool https://dl.google.com:443 "GET /dl/cloudsdk/channels/rapid/components/google-cloud-sdk-skaffold-darwin-arm-20240806142304.tar.gz HTTP/1.1" 200 24031362
2024-11-18 14:47:34,406 INFO     ___FILE_ONLY___ ═
2024-11-18 14:47:34,406 INFO     ___FILE_ONLY___ ═
2024-11-18 14:47:34,406 INFO     ___FILE_ONLY___ ═
2024-11-18 14:47:34,407 INFO     ___FILE_ONLY___ ═
2024-11-18 14:47:34,407 INFO     ___FILE_ONLY___ ═
2024-11-18 14:47:34,407 INFO     ___FILE_ONLY___ ═
2024-11-18 14:47:34,407 INFO     ___FILE_ONLY___ ═
2024-11-18 14:47:34,408 INFO     ___FILE_ONLY___ ═
2024-11-18 14:47:34,408 INFO     ___FILE_ONLY___ ═
2024-11-18 14:47:34,408 INFO     ___FILE_ONLY___ ═
2024-11-18 14:47:34,408 INFO     ___FILE_ONLY___ ═
2024-11-18 14:47:34,409 INFO     ___FILE_ONLY___ ═
2024-11-18 14:47:34,409 INFO     ___FILE_ONLY___ ═
2024-11-18 14:47:34,409 INFO     ___FILE_ONLY___ ═
2024-11-18 14:47:34,409 INFO     ___FILE_ONLY___ ═
2024-11-18 14:47:34,410 INFO     ___FILE_ONLY___ ═
2024-11-18 14:47:34,410 INFO     ___FILE_ONLY___ ═
2024-11-18 14:47:34,410 INFO     ___FILE_ONLY___ ═
2024-11-18 14:47:34,410 INFO     ___FILE_ONLY___ ═
2024-11-18 14:47:34,411 INFO     ___FILE_ONLY___ ═
2024-11-18 14:47:34,411 INFO     ___FILE_ONLY___ ═
2024-11-18 14:47:34,411 INFO     ___FILE_ONLY___ ═
2024-11-18 14:47:34,412 INFO     ___FILE_ONLY___ ═
2024-11-18 14:47:34,412 INFO     ___FILE_ONLY___ ═
2024-11-18 14:47:34,412 INFO     ___FILE_ONLY___ ═
2024-11-18 14:47:34,412 INFO     ___FILE_ONLY___ ═
2024-11-18 14:47:34,413 INFO     ___FILE_ONLY___ ═
2024-11-18 14:47:34,413 INFO     ___FILE_ONLY___ ═
2024-11-18 14:47:34,413 INFO     ___FILE_ONLY___ ═
2024-11-18 14:47:34,413 INFO     ___FILE_ONLY___ ═
2024-11-18 14:47:34,414 INFO     ___FILE_ONLY___ ═
2024-11-18 14:47:34,414 INFO     ___FILE_ONLY___ ═
2024-11-18 14:47:34,414 INFO     ___FILE_ONLY___ ═
2024-11-18 14:47:34,414 INFO     ___FILE_ONLY___ ═
2024-11-18 14:47:34,414 INFO     ___FILE_ONLY___ ═
2024-11-18 14:47:34,415 INFO     ___FILE_ONLY___ ═
2024-11-18 14:47:34,415 INFO     ___FILE_ONLY___ ═
2024-11-18 14:47:34,415 INFO     ___FILE_ONLY___ ═
2024-11-18 14:47:34,415 INFO     ___FILE_ONLY___ ═
2024-11-18 14:47:34,416 INFO     ___FILE_ONLY___ ═
2024-11-18 14:47:34,416 INFO     ___FILE_ONLY___ ═
2024-11-18 14:47:34,416 INFO     ___FILE_ONLY___ ═
2024-11-18 14:47:34,416 INFO     ___FILE_ONLY___ ═
2024-11-18 14:47:34,417 INFO     ___FILE_ONLY___ ═
2024-11-18 14:47:34,417 INFO     ___FILE_ONLY___ ═
2024-11-18 14:47:34,417 INFO     ___FILE_ONLY___ ═
2024-11-18 14:47:34,417 INFO     ___FILE_ONLY___ ═
2024-11-18 14:47:34,418 INFO     ___FILE_ONLY___ ═
2024-11-18 14:47:34,418 INFO     ___FILE_ONLY___ ═
2024-11-18 14:47:34,418 INFO     ___FILE_ONLY___ ═
2024-11-18 14:47:34,418 INFO     ___FILE_ONLY___ ═
2024-11-18 14:47:34,419 INFO     ___FILE_ONLY___ ═
2024-11-18 14:47:34,419 INFO     ___FILE_ONLY___ ═
2024-11-18 14:47:34,419 INFO     ___FILE_ONLY___ ═
2024-11-18 14:47:34,419 INFO     ___FILE_ONLY___ ═
2024-11-18 14:47:34,420 INFO     ___FILE_ONLY___ ═
2024-11-18 14:47:34,420 INFO     ___FILE_ONLY___ ═
2024-11-18 14:47:34,420 INFO     ___FILE_ONLY___ ═
2024-11-18 14:47:34,420 INFO     ___FILE_ONLY___ ═
2024-11-18 14:47:34,420 INFO     ___FILE_ONLY___ ═
2024-11-18 14:47:34,420 INFO     ___FILE_ONLY___ ╝

2024-11-18 14:47:34,427 INFO     ___FILE_ONLY___ ╔════════════════════════════════════════════════════════════╗

2024-11-18 14:47:34,427 INFO     ___FILE_ONLY___ ╠═ Downloading: gcloud Alpha Commands                       ═╣

2024-11-18 14:47:34,427 INFO     ___FILE_ONLY___ ╚
2024-11-18 14:47:34,430 DEBUG    urllib3.connectionpool Starting new HTTPS connection (1): dl.google.com:443
2024-11-18 14:47:34,631 DEBUG    urllib3.connectionpool https://dl.google.com:443 "GET /dl/cloudsdk/channels/rapid/components/google-cloud-sdk-alpha-20241108162203.tar.gz HTTP/1.1" 200 800
2024-11-18 14:47:34,632 INFO     ___FILE_ONLY___ ════════════════════════════════════════════════════════════
2024-11-18 14:47:34,632 INFO     ___FILE_ONLY___ ╝

2024-11-18 14:47:34,637 INFO     ___FILE_ONLY___ ╔════════════════════════════════════════════════════════════╗

2024-11-18 14:47:34,637 INFO     ___FILE_ONLY___ ╠═ Downloading: gcloud Beta Commands                        ═╣

2024-11-18 14:47:34,638 INFO     ___FILE_ONLY___ ╚
2024-11-18 14:47:34,640 DEBUG    urllib3.connectionpool Starting new HTTPS connection (1): dl.google.com:443
2024-11-18 14:47:34,832 DEBUG    urllib3.connectionpool https://dl.google.com:443 "GET /dl/cloudsdk/channels/rapid/components/google-cloud-sdk-beta-20241108162203.tar.gz HTTP/1.1" 200 797
2024-11-18 14:47:34,833 INFO     ___FILE_ONLY___ ════════════════════════════════════════════════════════════
2024-11-18 14:47:34,833 INFO     ___FILE_ONLY___ ╝

2024-11-18 14:47:34,840 INFO     ___FILE_ONLY___ ╔════════════════════════════════════════════════════════════╗

2024-11-18 14:47:34,840 INFO     ___FILE_ONLY___ ╠═ Downloading: gcloud cli dependencies (Platform Specific) ═╣

2024-11-18 14:47:34,840 INFO     ___FILE_ONLY___ ╚
2024-11-18 14:47:34,843 DEBUG    urllib3.connectionpool Starting new HTTPS connection (1): dl.google.com:443
2024-11-18 14:47:35,041 DEBUG    urllib3.connectionpool https://dl.google.com:443 "GET /dl/cloudsdk/channels/rapid/components/google-cloud-sdk-gcloud-deps-darwin-x86_64-20210416153011.tar.gz HTTP/1.1" 200 105
2024-11-18 14:47:35,043 INFO     ___FILE_ONLY___ ════════════════════════════════════════════════════════════
2024-11-18 14:47:35,043 INFO     ___FILE_ONLY___ ╝

2024-11-18 14:47:35,051 INFO     ___FILE_ONLY___ ╔════════════════════════════════════════════════════════════╗

2024-11-18 14:47:35,052 INFO     ___FILE_ONLY___ ╠═ Downloading: gke-gcloud-auth-plugin                      ═╣

2024-11-18 14:47:35,052 INFO     ___FILE_ONLY___ ╚
2024-11-18 14:47:35,052 INFO     ___FILE_ONLY___ ════════════════════════════════════════════════════════════
2024-11-18 14:47:35,052 INFO     ___FILE_ONLY___ ╝

2024-11-18 14:47:35,057 INFO     ___FILE_ONLY___ ╔════════════════════════════════════════════════════════════╗

2024-11-18 14:47:35,057 INFO     ___FILE_ONLY___ ╠═ Downloading: gke-gcloud-auth-plugin (Platform Specific)  ═╣

2024-11-18 14:47:35,058 INFO     ___FILE_ONLY___ ╚
2024-11-18 14:47:35,062 DEBUG    urllib3.connectionpool Starting new HTTPS connection (1): dl.google.com:443
2024-11-18 14:47:35,297 DEBUG    urllib3.connectionpool https://dl.google.com:443 "GET /dl/cloudsdk/channels/rapid/components/google-cloud-sdk-gke-gcloud-auth-plugin-darwin-arm-20240628141907.tar.gz HTTP/1.1" 200 4148014
2024-11-18 14:47:35,766 INFO     ___FILE_ONLY___ ═
2024-11-18 14:47:35,767 INFO     ___FILE_ONLY___ ═
2024-11-18 14:47:35,767 INFO     ___FILE_ONLY___ ═
2024-11-18 14:47:35,767 INFO     ___FILE_ONLY___ ═
2024-11-18 14:47:35,767 INFO     ___FILE_ONLY___ ═
2024-11-18 14:47:35,768 INFO     ___FILE_ONLY___ ═
2024-11-18 14:47:35,768 INFO     ___FILE_ONLY___ ═
2024-11-18 14:47:35,768 INFO     ___FILE_ONLY___ ═
2024-11-18 14:47:35,768 INFO     ___FILE_ONLY___ ═
2024-11-18 14:47:35,768 INFO     ___FILE_ONLY___ ═
2024-11-18 14:47:35,768 INFO     ___FILE_ONLY___ ═
2024-11-18 14:47:35,769 INFO     ___FILE_ONLY___ ═
2024-11-18 14:47:35,769 INFO     ___FILE_ONLY___ ═
2024-11-18 14:47:35,769 INFO     ___FILE_ONLY___ ═
2024-11-18 14:47:35,769 INFO     ___FILE_ONLY___ ═
2024-11-18 14:47:35,769 INFO     ___FILE_ONLY___ ═
2024-11-18 14:47:35,770 INFO     ___FILE_ONLY___ ═
2024-11-18 14:47:35,770 INFO     ___FILE_ONLY___ ═
2024-11-18 14:47:35,770 INFO     ___FILE_ONLY___ ═
2024-11-18 14:47:35,770 INFO     ___FILE_ONLY___ ═
2024-11-18 14:47:35,770 INFO     ___FILE_ONLY___ ═
2024-11-18 14:47:35,770 INFO     ___FILE_ONLY___ ═
2024-11-18 14:47:35,771 INFO     ___FILE_ONLY___ ═
2024-11-18 14:47:35,771 INFO     ___FILE_ONLY___ ═
2024-11-18 14:47:35,771 INFO     ___FILE_ONLY___ ═
2024-11-18 14:47:35,771 INFO     ___FILE_ONLY___ ═
2024-11-18 14:47:35,771 INFO     ___FILE_ONLY___ ═
2024-11-18 14:47:35,771 INFO     ___FILE_ONLY___ ═
2024-11-18 14:47:35,771 INFO     ___FILE_ONLY___ ═
2024-11-18 14:47:35,771 INFO     ___FILE_ONLY___ ═
2024-11-18 14:47:35,772 INFO     ___FILE_ONLY___ ═
2024-11-18 14:47:35,772 INFO     ___FILE_ONLY___ ═
2024-11-18 14:47:35,772 INFO     ___FILE_ONLY___ ═
2024-11-18 14:47:35,772 INFO     ___FILE_ONLY___ ═
2024-11-18 14:47:35,772 INFO     ___FILE_ONLY___ ═
2024-11-18 14:47:35,772 INFO     ___FILE_ONLY___ ═
2024-11-18 14:47:35,772 INFO     ___FILE_ONLY___ ═
2024-11-18 14:47:35,773 INFO     ___FILE_ONLY___ ═
2024-11-18 14:47:35,773 INFO     ___FILE_ONLY___ ═
2024-11-18 14:47:35,773 INFO     ___FILE_ONLY___ ═
2024-11-18 14:47:35,773 INFO     ___FILE_ONLY___ ═
2024-11-18 14:47:35,773 INFO     ___FILE_ONLY___ ═
2024-11-18 14:47:35,773 INFO     ___FILE_ONLY___ ═
2024-11-18 14:47:35,773 INFO     ___FILE_ONLY___ ═
2024-11-18 14:47:35,773 INFO     ___FILE_ONLY___ ═
2024-11-18 14:47:35,773 INFO     ___FILE_ONLY___ ═
2024-11-18 14:47:35,773 INFO     ___FILE_ONLY___ ═
2024-11-18 14:47:35,773 INFO     ___FILE_ONLY___ ═
2024-11-18 14:47:35,773 INFO     ___FILE_ONLY___ ═
2024-11-18 14:47:35,773 INFO     ___FILE_ONLY___ ═
2024-11-18 14:47:35,773 INFO     ___FILE_ONLY___ ═
2024-11-18 14:47:35,774 INFO     ___FILE_ONLY___ ═
2024-11-18 14:47:35,774 INFO     ___FILE_ONLY___ ═
2024-11-18 14:47:35,774 INFO     ___FILE_ONLY___ ═
2024-11-18 14:47:35,774 INFO     ___FILE_ONLY___ ═
2024-11-18 14:47:35,774 INFO     ___FILE_ONLY___ ═
2024-11-18 14:47:35,774 INFO     ___FILE_ONLY___ ═
2024-11-18 14:47:35,774 INFO     ___FILE_ONLY___ ═
2024-11-18 14:47:35,774 INFO     ___FILE_ONLY___ ═
2024-11-18 14:47:35,774 INFO     ___FILE_ONLY___ ═
2024-11-18 14:47:35,774 INFO     ___FILE_ONLY___ ╝

2024-11-18 14:47:35,780 INFO     ___FILE_ONLY___ ╔════════════════════════════════════════════════════════════╗

2024-11-18 14:47:35,780 INFO     ___FILE_ONLY___ ╠═ Downloading: kubectl                                     ═╣

2024-11-18 14:47:35,780 INFO     ___FILE_ONLY___ ╚
2024-11-18 14:47:35,787 DEBUG    urllib3.connectionpool Starting new HTTPS connection (1): dl.google.com:443
2024-11-18 14:47:35,993 DEBUG    urllib3.connectionpool https://dl.google.com:443 "GET /dl/cloudsdk/channels/rapid/components/google-cloud-sdk-kubectl-20241004144944.tar.gz HTTP/1.1" 200 36206
2024-11-18 14:47:36,047 INFO     ___FILE_ONLY___ ═══════════════════════════
2024-11-18 14:47:36,047 INFO     ___FILE_ONLY___ ═══════════════════════════
2024-11-18 14:47:36,047 INFO     ___FILE_ONLY___ ══════
2024-11-18 14:47:36,047 INFO     ___FILE_ONLY___ ╝

2024-11-18 14:47:36,062 INFO     ___FILE_ONLY___ ╔════════════════════════════════════════════════════════════╗

2024-11-18 14:47:36,062 INFO     ___FILE_ONLY___ ╠═ Downloading: kubectl (Platform Specific)                 ═╣

2024-11-18 14:47:36,062 INFO     ___FILE_ONLY___ ╚
2024-11-18 14:47:36,066 DEBUG    urllib3.connectionpool Starting new HTTPS connection (1): dl.google.com:443
2024-11-18 14:47:36,277 DEBUG    urllib3.connectionpool https://dl.google.com:443 "GET /dl/cloudsdk/channels/rapid/components/google-cloud-sdk-kubectl-darwin-arm-20241108162203.tar.gz HTTP/1.1" 200 90277960
2024-11-18 14:48:01,214 INFO     ___FILE_ONLY___ ═
2024-11-18 14:48:01,215 INFO     ___FILE_ONLY___ ═
2024-11-18 14:48:01,215 INFO     ___FILE_ONLY___ ═
2024-11-18 14:48:01,217 INFO     ___FILE_ONLY___ ═
2024-11-18 14:48:01,217 INFO     ___FILE_ONLY___ ═
2024-11-18 14:48:01,218 INFO     ___FILE_ONLY___ ═
2024-11-18 14:48:01,219 INFO     ___FILE_ONLY___ ═
2024-11-18 14:48:01,220 INFO     ___FILE_ONLY___ ═
2024-11-18 14:48:01,220 INFO     ___FILE_ONLY___ ═
2024-11-18 14:48:01,221 INFO     ___FILE_ONLY___ ═
2024-11-18 14:48:01,222 INFO     ___FILE_ONLY___ ═
2024-11-18 14:48:01,223 INFO     ___FILE_ONLY___ ═
2024-11-18 14:48:01,223 INFO     ___FILE_ONLY___ ═
2024-11-18 14:48:01,224 INFO     ___FILE_ONLY___ ═
2024-11-18 14:48:01,225 INFO     ___FILE_ONLY___ ═
2024-11-18 14:48:01,226 INFO     ___FILE_ONLY___ ═
2024-11-18 14:48:01,227 INFO     ___FILE_ONLY___ ═
2024-11-18 14:48:01,228 INFO     ___FILE_ONLY___ ═
2024-11-18 14:48:01,229 INFO     ___FILE_ONLY___ ═
2024-11-18 14:48:01,230 INFO     ___FILE_ONLY___ ═
2024-11-18 14:48:01,231 INFO     ___FILE_ONLY___ ═
2024-11-18 14:48:01,232 INFO     ___FILE_ONLY___ ═
2024-11-18 14:48:01,233 INFO     ___FILE_ONLY___ ═
2024-11-18 14:48:01,234 INFO     ___FILE_ONLY___ ═
2024-11-18 14:48:01,235 INFO     ___FILE_ONLY___ ═
2024-11-18 14:48:01,235 INFO     ___FILE_ONLY___ ═
2024-11-18 14:48:01,236 INFO     ___FILE_ONLY___ ═
2024-11-18 14:48:01,237 INFO     ___FILE_ONLY___ ═
2024-11-18 14:48:01,237 INFO     ___FILE_ONLY___ ═
2024-11-18 14:48:01,238 INFO     ___FILE_ONLY___ ═
2024-11-18 14:48:01,239 INFO     ___FILE_ONLY___ ═
2024-11-18 14:48:01,239 INFO     ___FILE_ONLY___ ═
2024-11-18 14:48:01,240 INFO     ___FILE_ONLY___ ═
2024-11-18 14:48:01,241 INFO     ___FILE_ONLY___ ═
2024-11-18 14:48:01,242 INFO     ___FILE_ONLY___ ═
2024-11-18 14:48:01,242 INFO     ___FILE_ONLY___ ═
2024-11-18 14:48:01,243 INFO     ___FILE_ONLY___ ═
2024-11-18 14:48:01,244 INFO     ___FILE_ONLY___ ═
2024-11-18 14:48:01,245 INFO     ___FILE_ONLY___ ═
2024-11-18 14:48:01,245 INFO     ___FILE_ONLY___ ═
2024-11-18 14:48:01,246 INFO     ___FILE_ONLY___ ═
2024-11-18 14:48:01,247 INFO     ___FILE_ONLY___ ═
2024-11-18 14:48:01,248 INFO     ___FILE_ONLY___ ═
2024-11-18 14:48:01,248 INFO     ___FILE_ONLY___ ═
2024-11-18 14:48:01,249 INFO     ___FILE_ONLY___ ═
2024-11-18 14:48:01,250 INFO     ___FILE_ONLY___ ═
2024-11-18 14:48:01,251 INFO     ___FILE_ONLY___ ═
2024-11-18 14:48:01,252 INFO     ___FILE_ONLY___ ═
2024-11-18 14:48:01,252 INFO     ___FILE_ONLY___ ═
2024-11-18 14:48:01,253 INFO     ___FILE_ONLY___ ═
2024-11-18 14:48:01,254 INFO     ___FILE_ONLY___ ═
2024-11-18 14:48:01,255 INFO     ___FILE_ONLY___ ═
2024-11-18 14:48:01,255 INFO     ___FILE_ONLY___ ═
2024-11-18 14:48:01,256 INFO     ___FILE_ONLY___ ═
2024-11-18 14:48:01,257 INFO     ___FILE_ONLY___ ═
2024-11-18 14:48:01,258 INFO     ___FILE_ONLY___ ═
2024-11-18 14:48:01,258 INFO     ___FILE_ONLY___ ═
2024-11-18 14:48:01,259 INFO     ___FILE_ONLY___ ═
2024-11-18 14:48:01,260 INFO     ___FILE_ONLY___ ═
2024-11-18 14:48:01,260 INFO     ___FILE_ONLY___ ═
2024-11-18 14:48:01,260 INFO     ___FILE_ONLY___ ╝

2024-11-18 14:48:01,270 INFO     ___FILE_ONLY___ ╔════════════════════════════════════════════════════════════╗

2024-11-18 14:48:01,270 INFO     ___FILE_ONLY___ ╠═ Installing: Google Cloud CLI Core Libraries (Platform... ═╣

2024-11-18 14:48:01,270 INFO     ___FILE_ONLY___ ╚
2024-11-18 14:48:01,273 INFO     ___FILE_ONLY___ ══════════════════════════════
2024-11-18 14:48:01,273 INFO     ___FILE_ONLY___ ══════════════════════════════
2024-11-18 14:48:01,273 INFO     ___FILE_ONLY___ ╝

2024-11-18 14:48:01,285 INFO     ___FILE_ONLY___ ╔════════════════════════════════════════════════════════════╗

2024-11-18 14:48:01,285 INFO     ___FILE_ONLY___ ╠═ Installing: Minikube                                     ═╣

2024-11-18 14:48:01,285 INFO     ___FILE_ONLY___ ╚
2024-11-18 14:48:01,287 INFO     ___FILE_ONLY___ ════════════════════════════════════════════════════════════
2024-11-18 14:48:01,287 INFO     ___FILE_ONLY___ ╝

2024-11-18 14:48:01,292 INFO     ___FILE_ONLY___ ╔════════════════════════════════════════════════════════════╗

2024-11-18 14:48:01,292 INFO     ___FILE_ONLY___ ╠═ Installing: Minikube (Platform Specific)                 ═╣

2024-11-18 14:48:01,292 INFO     ___FILE_ONLY___ ╚
2024-11-18 14:48:01,635 INFO     ___FILE_ONLY___ ════════════════════════════════════════════════════════════
2024-11-18 14:48:01,635 INFO     ___FILE_ONLY___ ╝

2024-11-18 14:48:01,644 INFO     ___FILE_ONLY___ ╔════════════════════════════════════════════════════════════╗

2024-11-18 14:48:01,644 INFO     ___FILE_ONLY___ ╠═ Installing: Skaffold                                     ═╣

2024-11-18 14:48:01,644 INFO     ___FILE_ONLY___ ╚
2024-11-18 14:48:01,646 INFO     ___FILE_ONLY___ ════════════════════════════════════════════════════════════
2024-11-18 14:48:01,647 INFO     ___FILE_ONLY___ ╝

2024-11-18 14:48:01,651 INFO     ___FILE_ONLY___ ╔════════════════════════════════════════════════════════════╗

2024-11-18 14:48:01,651 INFO     ___FILE_ONLY___ ╠═ Installing: Skaffold (Platform Specific)                 ═╣

2024-11-18 14:48:01,651 INFO     ___FILE_ONLY___ ╚
2024-11-18 14:48:01,953 INFO     ___FILE_ONLY___ ════════════════════════════════════════════════════════════
2024-11-18 14:48:01,953 INFO     ___FILE_ONLY___ ╝

2024-11-18 14:48:01,961 INFO     ___FILE_ONLY___ ╔════════════════════════════════════════════════════════════╗

2024-11-18 14:48:01,961 INFO     ___FILE_ONLY___ ╠═ Installing: gcloud Alpha Commands                        ═╣

2024-11-18 14:48:01,961 INFO     ___FILE_ONLY___ ╚
2024-11-18 14:48:01,963 INFO     ___FILE_ONLY___ ════════════════════════════════════════════════════════════
2024-11-18 14:48:01,964 INFO     ___FILE_ONLY___ ╝

2024-11-18 14:48:01,971 INFO     ___FILE_ONLY___ ╔════════════════════════════════════════════════════════════╗

2024-11-18 14:48:01,971 INFO     ___FILE_ONLY___ ╠═ Installing: gcloud Beta Commands                         ═╣

2024-11-18 14:48:01,971 INFO     ___FILE_ONLY___ ╚
2024-11-18 14:48:01,973 INFO     ___FILE_ONLY___ ════════════════════════════════════════════════════════════
2024-11-18 14:48:01,973 INFO     ___FILE_ONLY___ ╝

2024-11-18 14:48:01,980 INFO     ___FILE_ONLY___ ╔════════════════════════════════════════════════════════════╗

2024-11-18 14:48:01,980 INFO     ___FILE_ONLY___ ╠═ Installing: gcloud cli dependencies (Platform Specific)  ═╣

2024-11-18 14:48:01,980 INFO     ___FILE_ONLY___ ╚
2024-11-18 14:48:01,983 INFO     ___FILE_ONLY___ ════════════════════════════════════════════════════════════
2024-11-18 14:48:01,983 INFO     ___FILE_ONLY___ ╝

2024-11-18 14:48:01,990 INFO     ___FILE_ONLY___ ╔════════════════════════════════════════════════════════════╗

2024-11-18 14:48:01,990 INFO     ___FILE_ONLY___ ╠═ Installing: gke-gcloud-auth-plugin                       ═╣

2024-11-18 14:48:01,990 INFO     ___FILE_ONLY___ ╚
2024-11-18 14:48:01,992 INFO     ___FILE_ONLY___ ════════════════════════════════════════════════════════════
2024-11-18 14:48:01,992 INFO     ___FILE_ONLY___ ╝

2024-11-18 14:48:01,997 INFO     ___FILE_ONLY___ ╔════════════════════════════════════════════════════════════╗

2024-11-18 14:48:01,997 INFO     ___FILE_ONLY___ ╠═ Installing: gke-gcloud-auth-plugin (Platform Specific)   ═╣

2024-11-18 14:48:01,997 INFO     ___FILE_ONLY___ ╚
2024-11-18 14:48:02,047 INFO     ___FILE_ONLY___ ════════════════════════════════════════════════════════════
2024-11-18 14:48:02,047 INFO     ___FILE_ONLY___ ╝

2024-11-18 14:48:02,056 INFO     ___FILE_ONLY___ ╔════════════════════════════════════════════════════════════╗

2024-11-18 14:48:02,056 INFO     ___FILE_ONLY___ ╠═ Installing: kubectl                                      ═╣

2024-11-18 14:48:02,056 INFO     ___FILE_ONLY___ ╚
2024-11-18 14:48:02,059 INFO     ___FILE_ONLY___ ════════════════════════════════════════════════════════════
2024-11-18 14:48:02,059 INFO     ___FILE_ONLY___ ╝

2024-11-18 14:48:02,067 INFO     ___FILE_ONLY___ ╔════════════════════════════════════════════════════════════╗

2024-11-18 14:48:02,067 INFO     ___FILE_ONLY___ ╠═ Installing: kubectl (Platform Specific)                  ═╣

2024-11-18 14:48:02,067 INFO     ___FILE_ONLY___ ╚
2024-11-18 14:48:02,607 INFO     ___FILE_ONLY___ ══════════
2024-11-18 14:48:02,704 INFO     ___FILE_ONLY___ ══════════
2024-11-18 14:48:02,802 INFO     ___FILE_ONLY___ ══════════
2024-11-18 14:48:02,904 INFO     ___FILE_ONLY___ ══════════
2024-11-18 14:48:03,008 INFO     ___FILE_ONLY___ ══════════
2024-11-18 14:48:03,114 INFO     ___FILE_ONLY___ ══════════
2024-11-18 14:48:03,114 INFO     ___FILE_ONLY___ ╝

2024-11-18 14:48:03,140 DEBUG    root            Updating notification cache...
2024-11-18 14:48:03,141 INFO     ___FILE_ONLY___ 

2024-11-18 14:48:03,146 INFO     ___FILE_ONLY___ Performing post processing steps...
2024-11-18 14:48:03,146 DEBUG    root            Executing command: ['/Users/wbrunson/Library/Application Support/cloud-code/installer/google-cloud-sdk/bin/gcloud', 'components', 'post-process', '--no-compile-python']
2024-11-18 14:48:03,793 DEBUG    ___FILE_ONLY___ 
2024-11-18 14:48:03,793 DEBUG    ___FILE_ONLY___ 
2024-11-18 14:48:03,793 DEBUG    root            [Errno 32] Broken pipe
Traceback (most recent call last):
  File "/Users/wbrunson/Library/Application Support/cloud-code/installer/google-cloud-sdk/lib/googlecloudsdk/calliope/cli.py", line 998, in Execute
    resources = calliope_command.Run(cli=self, args=args)
  File "/Users/wbrunson/Library/Application Support/cloud-code/installer/google-cloud-sdk/lib/googlecloudsdk/calliope/backend.py", line 842, in Run
    resources = command_instance.Run(args)
  File "/Users/wbrunson/Library/Application Support/cloud-code/installer/google-cloud-sdk/lib/surface/components/update.py", line 119, in Run
    update_manager.Update(args.component_ids, version=args.version)
  File "/Users/wbrunson/Library/Application Support/cloud-code/installer/google-cloud-sdk/lib/googlecloudsdk/core/updater/update_manager.py", line 1102, in Update
    self._PostProcess(snapshot=diff.latest)
  File "/Users/wbrunson/Library/Application Support/cloud-code/installer/google-cloud-sdk/lib/googlecloudsdk/core/updater/update_manager.py", line 1623, in _PostProcess
    raise PostProcessingError()
  File "/Users/wbrunson/Library/Application Support/cloud-code/installer/google-cloud-sdk/lib/googlecloudsdk/core/console/progress_tracker.py", line 205, in __exit__
    self._Print('done.\n')
  File "/Users/wbrunson/Library/Application Support/cloud-code/installer/google-cloud-sdk/lib/googlecloudsdk/core/console/progress_tracker.py", line 324, in _Print
    self._stream.write(message or display_message + '\n')
BrokenPipeError: [Errno 32] Broken pipe
