2024-11-20 08:19:40,480 DEBUG    root            Metrics collector initialized...
2024-11-20 08:19:40,482 DEBUG    root            Loaded Command Group: ['gcloud', 'components']
2024-11-20 08:19:40,489 DEBUG    root            Loaded Command Group: ['gcloud', 'components', 'update']
2024-11-20 08:19:40,490 DEBUG    root            Running [gcloud.components.update] with arguments: [--no-compile-python: "False", --quiet: "True", COMPONENT-IDS:6: "['alpha', 'beta', 'gke-gcloud-auth-plugin', 'kubectl', 'skaffold', 'minikube']"]
2024-11-20 08:19:40,490 INFO     ___FILE_ONLY___ Beginning update. This process may take several minutes.

2024-11-20 08:19:40,514 DEBUG    urllib3.connectionpool Starting new HTTPS connection (1): dl.google.com:443
2024-11-20 08:19:40,789 DEBUG    urllib3.connectionpool https://dl.google.com:443 "GET /dl/cloudsdk/channels/rapid/components-2.json HTTP/1.1" 200 227816
2024-11-20 08:19:40,940 INFO     ___FILE_ONLY___ 

2024-11-20 08:19:40,941 INFO     ___FILE_ONLY___ 
Your current Google Cloud CLI version is: 502.0.0

2024-11-20 08:19:40,941 INFO     ___FILE_ONLY___ Installing components from version: 502.0.0

2024-11-20 08:19:40,941 INFO     ___FILE_ONLY___ 

2024-11-20 08:19:40,941 DEBUG    root            Chosen display Format:table[box,title="These components will be removed."](details.display_name:label=Name:align=left,version.version_string:label=Version:align=right,data.size.size(zero="",min=1048576):label=Size:align=right)
2024-11-20 08:19:40,942 DEBUG    root            Chosen display Format:table[box,title="These components will be updated."](details.display_name:label=Name:align=left,version.version_string:label=Version:align=right,data.size.size(zero="",min=1048576):label=Size:align=right)
2024-11-20 08:19:40,942 DEBUG    root            Chosen display Format:table[box,title="These components will be installed."](details.display_name:label=Name:align=left,version.version_string:label=Version:align=right,data.size.size(zero="",min=1048576):label=Size:align=right)
2024-11-20 08:19:41,000 INFO     ___FILE_ONLY___ ┌─────────────────────────────────────────────────────────────────────────────┐
2024-11-20 08:19:41,000 INFO     ___FILE_ONLY___ 

2024-11-20 08:19:41,000 INFO     ___FILE_ONLY___ │                     These components will be installed.                     │
2024-11-20 08:19:41,000 INFO     ___FILE_ONLY___ 

2024-11-20 08:19:41,000 INFO     ___FILE_ONLY___ ├─────────────────────────────────────────────────────┬────────────┬──────────┤
2024-11-20 08:19:41,000 INFO     ___FILE_ONLY___ 

2024-11-20 08:19:41,000 INFO     ___FILE_ONLY___ │                         Name                        │  Version   │   Size   │
2024-11-20 08:19:41,001 INFO     ___FILE_ONLY___ 

2024-11-20 08:19:41,001 INFO     ___FILE_ONLY___ ├─────────────────────────────────────────────────────┼────────────┼──────────┤
2024-11-20 08:19:41,001 INFO     ___FILE_ONLY___ 

2024-11-20 08:19:41,001 INFO     ___FILE_ONLY___ │ 
2024-11-20 08:19:41,001 INFO     ___FILE_ONLY___ Google Cloud CLI Core Libraries (Platform Specific)
2024-11-20 08:19:41,001 INFO     ___FILE_ONLY___  
2024-11-20 08:19:41,001 INFO     ___FILE_ONLY___ │ 
2024-11-20 08:19:41,001 INFO     ___FILE_ONLY___ 2024.08.30
2024-11-20 08:19:41,001 INFO     ___FILE_ONLY___  
2024-11-20 08:19:41,001 INFO     ___FILE_ONLY___ │ 
2024-11-20 08:19:41,001 INFO     ___FILE_ONLY___  < 1 MiB
2024-11-20 08:19:41,001 INFO     ___FILE_ONLY___  
2024-11-20 08:19:41,001 INFO     ___FILE_ONLY___ │
2024-11-20 08:19:41,001 INFO     ___FILE_ONLY___ 

2024-11-20 08:19:41,001 INFO     ___FILE_ONLY___ │ 
2024-11-20 08:19:41,001 INFO     ___FILE_ONLY___ Minikube (Platform Specific)                       
2024-11-20 08:19:41,001 INFO     ___FILE_ONLY___  
2024-11-20 08:19:41,001 INFO     ___FILE_ONLY___ │ 
2024-11-20 08:19:41,001 INFO     ___FILE_ONLY___     1.34.0
2024-11-20 08:19:41,001 INFO     ___FILE_ONLY___  
2024-11-20 08:19:41,001 INFO     ___FILE_ONLY___ │ 
2024-11-20 08:19:41,001 INFO     ___FILE_ONLY___ 37.2 MiB
2024-11-20 08:19:41,001 INFO     ___FILE_ONLY___  
2024-11-20 08:19:41,001 INFO     ___FILE_ONLY___ │
2024-11-20 08:19:41,001 INFO     ___FILE_ONLY___ 

2024-11-20 08:19:41,001 INFO     ___FILE_ONLY___ │ 
2024-11-20 08:19:41,001 INFO     ___FILE_ONLY___ Skaffold (Platform Specific)                       
2024-11-20 08:19:41,001 INFO     ___FILE_ONLY___  
2024-11-20 08:19:41,001 INFO     ___FILE_ONLY___ │ 
2024-11-20 08:19:41,001 INFO     ___FILE_ONLY___     2.13.1
2024-11-20 08:19:41,001 INFO     ___FILE_ONLY___  
2024-11-20 08:19:41,001 INFO     ___FILE_ONLY___ │ 
2024-11-20 08:19:41,001 INFO     ___FILE_ONLY___ 22.9 MiB
2024-11-20 08:19:41,001 INFO     ___FILE_ONLY___  
2024-11-20 08:19:41,001 INFO     ___FILE_ONLY___ │
2024-11-20 08:19:41,001 INFO     ___FILE_ONLY___ 

2024-11-20 08:19:41,001 INFO     ___FILE_ONLY___ │ 
2024-11-20 08:19:41,002 INFO     ___FILE_ONLY___ gcloud Alpha Commands                              
2024-11-20 08:19:41,002 INFO     ___FILE_ONLY___  
2024-11-20 08:19:41,002 INFO     ___FILE_ONLY___ │ 
2024-11-20 08:19:41,002 INFO     ___FILE_ONLY___ 2024.11.15
2024-11-20 08:19:41,002 INFO     ___FILE_ONLY___  
2024-11-20 08:19:41,002 INFO     ___FILE_ONLY___ │ 
2024-11-20 08:19:41,002 INFO     ___FILE_ONLY___  < 1 MiB
2024-11-20 08:19:41,002 INFO     ___FILE_ONLY___  
2024-11-20 08:19:41,002 INFO     ___FILE_ONLY___ │
2024-11-20 08:19:41,002 INFO     ___FILE_ONLY___ 

2024-11-20 08:19:41,002 INFO     ___FILE_ONLY___ │ 
2024-11-20 08:19:41,002 INFO     ___FILE_ONLY___ gcloud Beta Commands                               
2024-11-20 08:19:41,002 INFO     ___FILE_ONLY___  
2024-11-20 08:19:41,002 INFO     ___FILE_ONLY___ │ 
2024-11-20 08:19:41,002 INFO     ___FILE_ONLY___ 2024.11.15
2024-11-20 08:19:41,002 INFO     ___FILE_ONLY___  
2024-11-20 08:19:41,002 INFO     ___FILE_ONLY___ │ 
2024-11-20 08:19:41,002 INFO     ___FILE_ONLY___  < 1 MiB
2024-11-20 08:19:41,002 INFO     ___FILE_ONLY___  
2024-11-20 08:19:41,002 INFO     ___FILE_ONLY___ │
2024-11-20 08:19:41,002 INFO     ___FILE_ONLY___ 

2024-11-20 08:19:41,002 INFO     ___FILE_ONLY___ │ 
2024-11-20 08:19:41,002 INFO     ___FILE_ONLY___ gcloud cli dependencies (Platform Specific)        
2024-11-20 08:19:41,002 INFO     ___FILE_ONLY___  
2024-11-20 08:19:41,002 INFO     ___FILE_ONLY___ │ 
2024-11-20 08:19:41,002 INFO     ___FILE_ONLY___ 2021.04.16
2024-11-20 08:19:41,002 INFO     ___FILE_ONLY___  
2024-11-20 08:19:41,002 INFO     ___FILE_ONLY___ │ 
2024-11-20 08:19:41,002 INFO     ___FILE_ONLY___  < 1 MiB
2024-11-20 08:19:41,002 INFO     ___FILE_ONLY___  
2024-11-20 08:19:41,002 INFO     ___FILE_ONLY___ │
2024-11-20 08:19:41,002 INFO     ___FILE_ONLY___ 

2024-11-20 08:19:41,002 INFO     ___FILE_ONLY___ │ 
2024-11-20 08:19:41,002 INFO     ___FILE_ONLY___ gke-gcloud-auth-plugin (Platform Specific)         
2024-11-20 08:19:41,002 INFO     ___FILE_ONLY___  
2024-11-20 08:19:41,002 INFO     ___FILE_ONLY___ │ 
2024-11-20 08:19:41,002 INFO     ___FILE_ONLY___      0.5.9
2024-11-20 08:19:41,002 INFO     ___FILE_ONLY___  
2024-11-20 08:19:41,002 INFO     ___FILE_ONLY___ │ 
2024-11-20 08:19:41,002 INFO     ___FILE_ONLY___  4.0 MiB
2024-11-20 08:19:41,002 INFO     ___FILE_ONLY___  
2024-11-20 08:19:41,003 INFO     ___FILE_ONLY___ │
2024-11-20 08:19:41,003 INFO     ___FILE_ONLY___ 

2024-11-20 08:19:41,003 INFO     ___FILE_ONLY___ │ 
2024-11-20 08:19:41,003 INFO     ___FILE_ONLY___ kubectl                                            
2024-11-20 08:19:41,003 INFO     ___FILE_ONLY___  
2024-11-20 08:19:41,003 INFO     ___FILE_ONLY___ │ 
2024-11-20 08:19:41,003 INFO     ___FILE_ONLY___     1.30.5
2024-11-20 08:19:41,003 INFO     ___FILE_ONLY___  
2024-11-20 08:19:41,003 INFO     ___FILE_ONLY___ │ 
2024-11-20 08:19:41,003 INFO     ___FILE_ONLY___  < 1 MiB
2024-11-20 08:19:41,003 INFO     ___FILE_ONLY___  
2024-11-20 08:19:41,003 INFO     ___FILE_ONLY___ │
2024-11-20 08:19:41,003 INFO     ___FILE_ONLY___ 

2024-11-20 08:19:41,003 INFO     ___FILE_ONLY___ │ 
2024-11-20 08:19:41,003 INFO     ___FILE_ONLY___ kubectl (Platform Specific)                        
2024-11-20 08:19:41,003 INFO     ___FILE_ONLY___  
2024-11-20 08:19:41,003 INFO     ___FILE_ONLY___ │ 
2024-11-20 08:19:41,003 INFO     ___FILE_ONLY___     1.30.6
2024-11-20 08:19:41,003 INFO     ___FILE_ONLY___  
2024-11-20 08:19:41,003 INFO     ___FILE_ONLY___ │ 
2024-11-20 08:19:41,003 INFO     ___FILE_ONLY___ 86.1 MiB
2024-11-20 08:19:41,003 INFO     ___FILE_ONLY___  
2024-11-20 08:19:41,003 INFO     ___FILE_ONLY___ │
2024-11-20 08:19:41,003 INFO     ___FILE_ONLY___ 

2024-11-20 08:19:41,003 INFO     ___FILE_ONLY___ └─────────────────────────────────────────────────────┴────────────┴──────────┘
2024-11-20 08:19:41,003 INFO     ___FILE_ONLY___ 

2024-11-20 08:19:41,003 INFO     ___FILE_ONLY___ 

2024-11-20 08:19:41,005 DEBUG    urllib3.connectionpool Starting new HTTPS connection (1): dl.google.com:443
2024-11-20 08:19:41,273 DEBUG    urllib3.connectionpool https://dl.google.com:443 "GET /dl/cloudsdk/channels/rapid/RELEASE_NOTES HTTP/1.1" 200 1314602
2024-11-20 08:19:41,735 INFO     ___FILE_ONLY___ For the latest full release notes, please visit:
  https://cloud.google.com/sdk/release_notes


2024-11-20 08:19:41,736 INFO     ___FILE_ONLY___ Performing in place update...


2024-11-20 08:19:41,740 INFO     ___FILE_ONLY___ ╔════════════════════════════════════════════════════════════╗

2024-11-20 08:19:41,740 INFO     ___FILE_ONLY___ ╠═ Downloading: Google Cloud CLI Core Libraries (Platfor... ═╣

2024-11-20 08:19:41,740 INFO     ___FILE_ONLY___ ╚
2024-11-20 08:19:41,743 DEBUG    urllib3.connectionpool Starting new HTTPS connection (1): dl.google.com:443
2024-11-20 08:19:42,047 DEBUG    urllib3.connectionpool https://dl.google.com:443 "GET /dl/cloudsdk/channels/rapid/components/google-cloud-sdk-core-nix-20240830134514.tar.gz HTTP/1.1" 200 2306
2024-11-20 08:19:42,048 INFO     ___FILE_ONLY___ ════════════════════════════════════════════════════════════
2024-11-20 08:19:42,048 INFO     ___FILE_ONLY___ ╝

2024-11-20 08:19:42,052 INFO     ___FILE_ONLY___ ╔════════════════════════════════════════════════════════════╗

2024-11-20 08:19:42,052 INFO     ___FILE_ONLY___ ╠═ Downloading: Minikube                                    ═╣

2024-11-20 08:19:42,052 INFO     ___FILE_ONLY___ ╚
2024-11-20 08:19:42,052 INFO     ___FILE_ONLY___ ════════════════════════════════════════════════════════════
2024-11-20 08:19:42,052 INFO     ___FILE_ONLY___ ╝

2024-11-20 08:19:42,055 INFO     ___FILE_ONLY___ ╔════════════════════════════════════════════════════════════╗

2024-11-20 08:19:42,056 INFO     ___FILE_ONLY___ ╠═ Downloading: Minikube (Platform Specific)                ═╣

2024-11-20 08:19:42,056 INFO     ___FILE_ONLY___ ╚
2024-11-20 08:19:42,059 DEBUG    urllib3.connectionpool Starting new HTTPS connection (1): dl.google.com:443
2024-11-20 08:19:42,514 DEBUG    urllib3.connectionpool https://dl.google.com:443 "GET /dl/cloudsdk/channels/rapid/components/google-cloud-sdk-minikube-darwin-arm-20240927140238.tar.gz HTTP/1.1" 200 38981244
2024-11-20 08:19:53,129 INFO     ___FILE_ONLY___ ═
2024-11-20 08:19:53,129 INFO     ___FILE_ONLY___ ═
2024-11-20 08:19:53,130 INFO     ___FILE_ONLY___ ═
2024-11-20 08:19:53,130 INFO     ___FILE_ONLY___ ═
2024-11-20 08:19:53,130 INFO     ___FILE_ONLY___ ═
2024-11-20 08:19:53,130 INFO     ___FILE_ONLY___ ═
2024-11-20 08:19:53,131 INFO     ___FILE_ONLY___ ═
2024-11-20 08:19:53,131 INFO     ___FILE_ONLY___ ═
2024-11-20 08:19:53,131 INFO     ___FILE_ONLY___ ═
2024-11-20 08:19:53,132 INFO     ___FILE_ONLY___ ═
2024-11-20 08:19:53,132 INFO     ___FILE_ONLY___ ═
2024-11-20 08:19:53,132 INFO     ___FILE_ONLY___ ═
2024-11-20 08:19:53,133 INFO     ___FILE_ONLY___ ═
2024-11-20 08:19:53,134 INFO     ___FILE_ONLY___ ═
2024-11-20 08:19:53,134 INFO     ___FILE_ONLY___ ═
2024-11-20 08:19:53,134 INFO     ___FILE_ONLY___ ═
2024-11-20 08:19:53,135 INFO     ___FILE_ONLY___ ═
2024-11-20 08:19:53,135 INFO     ___FILE_ONLY___ ═
2024-11-20 08:19:53,135 INFO     ___FILE_ONLY___ ═
2024-11-20 08:19:53,136 INFO     ___FILE_ONLY___ ═
2024-11-20 08:19:53,136 INFO     ___FILE_ONLY___ ═
2024-11-20 08:19:53,137 INFO     ___FILE_ONLY___ ═
2024-11-20 08:19:53,137 INFO     ___FILE_ONLY___ ═
2024-11-20 08:19:53,137 INFO     ___FILE_ONLY___ ═
2024-11-20 08:19:53,138 INFO     ___FILE_ONLY___ ═
2024-11-20 08:19:53,139 INFO     ___FILE_ONLY___ ═
2024-11-20 08:19:53,139 INFO     ___FILE_ONLY___ ═
2024-11-20 08:19:53,139 INFO     ___FILE_ONLY___ ═
2024-11-20 08:19:53,139 INFO     ___FILE_ONLY___ ═
2024-11-20 08:19:53,140 INFO     ___FILE_ONLY___ ═
2024-11-20 08:19:53,140 INFO     ___FILE_ONLY___ ═
2024-11-20 08:19:53,140 INFO     ___FILE_ONLY___ ═
2024-11-20 08:19:53,141 INFO     ___FILE_ONLY___ ═
2024-11-20 08:19:53,141 INFO     ___FILE_ONLY___ ═
2024-11-20 08:19:53,141 INFO     ___FILE_ONLY___ ═
2024-11-20 08:19:53,142 INFO     ___FILE_ONLY___ ═
2024-11-20 08:19:53,142 INFO     ___FILE_ONLY___ ═
2024-11-20 08:19:53,142 INFO     ___FILE_ONLY___ ═
2024-11-20 08:19:53,144 INFO     ___FILE_ONLY___ ═
2024-11-20 08:19:53,144 INFO     ___FILE_ONLY___ ═
2024-11-20 08:19:53,144 INFO     ___FILE_ONLY___ ═
2024-11-20 08:19:53,145 INFO     ___FILE_ONLY___ ═
2024-11-20 08:19:53,145 INFO     ___FILE_ONLY___ ═
2024-11-20 08:19:53,145 INFO     ___FILE_ONLY___ ═
2024-11-20 08:19:53,145 INFO     ___FILE_ONLY___ ═
2024-11-20 08:19:53,146 INFO     ___FILE_ONLY___ ═
2024-11-20 08:19:53,146 INFO     ___FILE_ONLY___ ═
2024-11-20 08:19:53,146 INFO     ___FILE_ONLY___ ═
2024-11-20 08:19:53,147 INFO     ___FILE_ONLY___ ═
2024-11-20 08:19:53,147 INFO     ___FILE_ONLY___ ═
2024-11-20 08:19:53,147 INFO     ___FILE_ONLY___ ═
2024-11-20 08:19:53,148 INFO     ___FILE_ONLY___ ═
2024-11-20 08:19:53,148 INFO     ___FILE_ONLY___ ═
2024-11-20 08:19:53,148 INFO     ___FILE_ONLY___ ═
2024-11-20 08:19:53,148 INFO     ___FILE_ONLY___ ═
2024-11-20 08:19:53,149 INFO     ___FILE_ONLY___ ═
2024-11-20 08:19:53,149 INFO     ___FILE_ONLY___ ═
2024-11-20 08:19:53,149 INFO     ___FILE_ONLY___ ═
2024-11-20 08:19:53,149 INFO     ___FILE_ONLY___ ═
2024-11-20 08:19:53,150 INFO     ___FILE_ONLY___ ═
2024-11-20 08:19:53,150 INFO     ___FILE_ONLY___ ╝

2024-11-20 08:19:53,156 INFO     ___FILE_ONLY___ ╔════════════════════════════════════════════════════════════╗

2024-11-20 08:19:53,156 INFO     ___FILE_ONLY___ ╠═ Downloading: Skaffold                                    ═╣

2024-11-20 08:19:53,156 INFO     ___FILE_ONLY___ ╚
2024-11-20 08:19:53,156 INFO     ___FILE_ONLY___ ════════════════════════════════════════════════════════════
2024-11-20 08:19:53,156 INFO     ___FILE_ONLY___ ╝

2024-11-20 08:19:53,160 INFO     ___FILE_ONLY___ ╔════════════════════════════════════════════════════════════╗

2024-11-20 08:19:53,160 INFO     ___FILE_ONLY___ ╠═ Downloading: Skaffold (Platform Specific)                ═╣

2024-11-20 08:19:53,160 INFO     ___FILE_ONLY___ ╚
2024-11-20 08:19:53,162 DEBUG    urllib3.connectionpool Starting new HTTPS connection (1): dl.google.com:443
2024-11-20 08:19:53,475 DEBUG    urllib3.connectionpool https://dl.google.com:443 "GET /dl/cloudsdk/channels/rapid/components/google-cloud-sdk-skaffold-darwin-arm-20240806142304.tar.gz HTTP/1.1" 200 24031362
2024-11-20 08:19:58,679 INFO     ___FILE_ONLY___ ═
2024-11-20 08:19:58,680 INFO     ___FILE_ONLY___ ═
2024-11-20 08:19:58,680 INFO     ___FILE_ONLY___ ═
2024-11-20 08:19:58,681 INFO     ___FILE_ONLY___ ═
2024-11-20 08:19:58,681 INFO     ___FILE_ONLY___ ═
2024-11-20 08:19:58,681 INFO     ___FILE_ONLY___ ═
2024-11-20 08:19:58,681 INFO     ___FILE_ONLY___ ═
2024-11-20 08:19:58,681 INFO     ___FILE_ONLY___ ═
2024-11-20 08:19:58,682 INFO     ___FILE_ONLY___ ═
2024-11-20 08:19:58,682 INFO     ___FILE_ONLY___ ═
2024-11-20 08:19:58,682 INFO     ___FILE_ONLY___ ═
2024-11-20 08:19:58,682 INFO     ___FILE_ONLY___ ═
2024-11-20 08:19:58,683 INFO     ___FILE_ONLY___ ═
2024-11-20 08:19:58,683 INFO     ___FILE_ONLY___ ═
2024-11-20 08:19:58,683 INFO     ___FILE_ONLY___ ═
2024-11-20 08:19:58,683 INFO     ___FILE_ONLY___ ═
2024-11-20 08:19:58,683 INFO     ___FILE_ONLY___ ═
2024-11-20 08:19:58,684 INFO     ___FILE_ONLY___ ═
2024-11-20 08:19:58,684 INFO     ___FILE_ONLY___ ═
2024-11-20 08:19:58,684 INFO     ___FILE_ONLY___ ═
2024-11-20 08:19:58,684 INFO     ___FILE_ONLY___ ═
2024-11-20 08:19:58,685 INFO     ___FILE_ONLY___ ═
2024-11-20 08:19:58,685 INFO     ___FILE_ONLY___ ═
2024-11-20 08:19:58,685 INFO     ___FILE_ONLY___ ═
2024-11-20 08:19:58,686 INFO     ___FILE_ONLY___ ═
2024-11-20 08:19:58,686 INFO     ___FILE_ONLY___ ═
2024-11-20 08:19:58,686 INFO     ___FILE_ONLY___ ═
2024-11-20 08:19:58,686 INFO     ___FILE_ONLY___ ═
2024-11-20 08:19:58,686 INFO     ___FILE_ONLY___ ═
2024-11-20 08:19:58,687 INFO     ___FILE_ONLY___ ═
2024-11-20 08:19:58,687 INFO     ___FILE_ONLY___ ═
2024-11-20 08:19:58,687 INFO     ___FILE_ONLY___ ═
2024-11-20 08:19:58,687 INFO     ___FILE_ONLY___ ═
2024-11-20 08:19:58,688 INFO     ___FILE_ONLY___ ═
2024-11-20 08:19:58,688 INFO     ___FILE_ONLY___ ═
2024-11-20 08:19:58,688 INFO     ___FILE_ONLY___ ═
2024-11-20 08:19:58,688 INFO     ___FILE_ONLY___ ═
2024-11-20 08:19:58,688 INFO     ___FILE_ONLY___ ═
2024-11-20 08:19:58,689 INFO     ___FILE_ONLY___ ═
2024-11-20 08:19:58,689 INFO     ___FILE_ONLY___ ═
2024-11-20 08:19:58,689 INFO     ___FILE_ONLY___ ═
2024-11-20 08:19:58,690 INFO     ___FILE_ONLY___ ═
2024-11-20 08:19:58,690 INFO     ___FILE_ONLY___ ═
2024-11-20 08:19:58,690 INFO     ___FILE_ONLY___ ═
2024-11-20 08:19:58,690 INFO     ___FILE_ONLY___ ═
2024-11-20 08:19:58,691 INFO     ___FILE_ONLY___ ═
2024-11-20 08:19:58,691 INFO     ___FILE_ONLY___ ═
2024-11-20 08:19:58,691 INFO     ___FILE_ONLY___ ═
2024-11-20 08:19:58,691 INFO     ___FILE_ONLY___ ═
2024-11-20 08:19:58,692 INFO     ___FILE_ONLY___ ═
2024-11-20 08:19:58,692 INFO     ___FILE_ONLY___ ═
2024-11-20 08:19:58,692 INFO     ___FILE_ONLY___ ═
2024-11-20 08:19:58,692 INFO     ___FILE_ONLY___ ═
2024-11-20 08:19:58,692 INFO     ___FILE_ONLY___ ═
2024-11-20 08:19:58,693 INFO     ___FILE_ONLY___ ═
2024-11-20 08:19:58,693 INFO     ___FILE_ONLY___ ═
2024-11-20 08:19:58,693 INFO     ___FILE_ONLY___ ═
2024-11-20 08:19:58,693 INFO     ___FILE_ONLY___ ═
2024-11-20 08:19:58,693 INFO     ___FILE_ONLY___ ═
2024-11-20 08:19:58,693 INFO     ___FILE_ONLY___ ═
2024-11-20 08:19:58,693 INFO     ___FILE_ONLY___ ╝

2024-11-20 08:19:58,700 INFO     ___FILE_ONLY___ ╔════════════════════════════════════════════════════════════╗

2024-11-20 08:19:58,700 INFO     ___FILE_ONLY___ ╠═ Downloading: gcloud Alpha Commands                       ═╣

2024-11-20 08:19:58,700 INFO     ___FILE_ONLY___ ╚
2024-11-20 08:19:58,702 DEBUG    urllib3.connectionpool Starting new HTTPS connection (1): dl.google.com:443
2024-11-20 08:19:58,958 DEBUG    urllib3.connectionpool https://dl.google.com:443 "GET /dl/cloudsdk/channels/rapid/components/google-cloud-sdk-alpha-20241115154308.tar.gz HTTP/1.1" 200 800
2024-11-20 08:19:58,959 INFO     ___FILE_ONLY___ ════════════════════════════════════════════════════════════
2024-11-20 08:19:58,959 INFO     ___FILE_ONLY___ ╝

2024-11-20 08:19:58,964 INFO     ___FILE_ONLY___ ╔════════════════════════════════════════════════════════════╗

2024-11-20 08:19:58,964 INFO     ___FILE_ONLY___ ╠═ Downloading: gcloud Beta Commands                        ═╣

2024-11-20 08:19:58,964 INFO     ___FILE_ONLY___ ╚
2024-11-20 08:19:58,966 DEBUG    urllib3.connectionpool Starting new HTTPS connection (1): dl.google.com:443
2024-11-20 08:19:59,218 DEBUG    urllib3.connectionpool https://dl.google.com:443 "GET /dl/cloudsdk/channels/rapid/components/google-cloud-sdk-beta-20241115154308.tar.gz HTTP/1.1" 200 797
2024-11-20 08:19:59,220 INFO     ___FILE_ONLY___ ════════════════════════════════════════════════════════════
2024-11-20 08:19:59,220 INFO     ___FILE_ONLY___ ╝

2024-11-20 08:19:59,234 INFO     ___FILE_ONLY___ ╔════════════════════════════════════════════════════════════╗

2024-11-20 08:19:59,234 INFO     ___FILE_ONLY___ ╠═ Downloading: gcloud cli dependencies (Platform Specific) ═╣

2024-11-20 08:19:59,234 INFO     ___FILE_ONLY___ ╚
2024-11-20 08:19:59,239 DEBUG    urllib3.connectionpool Starting new HTTPS connection (1): dl.google.com:443
2024-11-20 08:19:59,500 DEBUG    urllib3.connectionpool https://dl.google.com:443 "GET /dl/cloudsdk/channels/rapid/components/google-cloud-sdk-gcloud-deps-darwin-x86_64-20210416153011.tar.gz HTTP/1.1" 200 105
2024-11-20 08:19:59,501 INFO     ___FILE_ONLY___ ════════════════════════════════════════════════════════════
2024-11-20 08:19:59,501 INFO     ___FILE_ONLY___ ╝

2024-11-20 08:19:59,511 INFO     ___FILE_ONLY___ ╔════════════════════════════════════════════════════════════╗

2024-11-20 08:19:59,511 INFO     ___FILE_ONLY___ ╠═ Downloading: gke-gcloud-auth-plugin                      ═╣

2024-11-20 08:19:59,511 INFO     ___FILE_ONLY___ ╚
2024-11-20 08:19:59,511 INFO     ___FILE_ONLY___ ════════════════════════════════════════════════════════════
2024-11-20 08:19:59,511 INFO     ___FILE_ONLY___ ╝

2024-11-20 08:19:59,516 INFO     ___FILE_ONLY___ ╔════════════════════════════════════════════════════════════╗

2024-11-20 08:19:59,516 INFO     ___FILE_ONLY___ ╠═ Downloading: gke-gcloud-auth-plugin (Platform Specific)  ═╣

2024-11-20 08:19:59,517 INFO     ___FILE_ONLY___ ╚
2024-11-20 08:19:59,519 DEBUG    urllib3.connectionpool Starting new HTTPS connection (1): dl.google.com:443
2024-11-20 08:19:59,767 DEBUG    urllib3.connectionpool https://dl.google.com:443 "GET /dl/cloudsdk/channels/rapid/components/google-cloud-sdk-gke-gcloud-auth-plugin-darwin-arm-20240628141907.tar.gz HTTP/1.1" 200 4148014
2024-11-20 08:20:00,622 INFO     ___FILE_ONLY___ ═
2024-11-20 08:20:00,622 INFO     ___FILE_ONLY___ ═
2024-11-20 08:20:00,622 INFO     ___FILE_ONLY___ ═
2024-11-20 08:20:00,622 INFO     ___FILE_ONLY___ ═
2024-11-20 08:20:00,622 INFO     ___FILE_ONLY___ ═
2024-11-20 08:20:00,622 INFO     ___FILE_ONLY___ ═
2024-11-20 08:20:00,622 INFO     ___FILE_ONLY___ ═
2024-11-20 08:20:00,622 INFO     ___FILE_ONLY___ ═
2024-11-20 08:20:00,622 INFO     ___FILE_ONLY___ ═
2024-11-20 08:20:00,622 INFO     ___FILE_ONLY___ ═
2024-11-20 08:20:00,622 INFO     ___FILE_ONLY___ ═
2024-11-20 08:20:00,622 INFO     ___FILE_ONLY___ ═
2024-11-20 08:20:00,622 INFO     ___FILE_ONLY___ ═
2024-11-20 08:20:00,622 INFO     ___FILE_ONLY___ ═
2024-11-20 08:20:00,622 INFO     ___FILE_ONLY___ ═
2024-11-20 08:20:00,622 INFO     ___FILE_ONLY___ ═
2024-11-20 08:20:00,623 INFO     ___FILE_ONLY___ ═
2024-11-20 08:20:00,623 INFO     ___FILE_ONLY___ ═
2024-11-20 08:20:00,623 INFO     ___FILE_ONLY___ ═
2024-11-20 08:20:00,623 INFO     ___FILE_ONLY___ ═
2024-11-20 08:20:00,623 INFO     ___FILE_ONLY___ ═
2024-11-20 08:20:00,623 INFO     ___FILE_ONLY___ ═
2024-11-20 08:20:00,623 INFO     ___FILE_ONLY___ ═
2024-11-20 08:20:00,623 INFO     ___FILE_ONLY___ ═
2024-11-20 08:20:00,623 INFO     ___FILE_ONLY___ ═
2024-11-20 08:20:00,623 INFO     ___FILE_ONLY___ ═
2024-11-20 08:20:00,623 INFO     ___FILE_ONLY___ ═
2024-11-20 08:20:00,623 INFO     ___FILE_ONLY___ ═
2024-11-20 08:20:00,623 INFO     ___FILE_ONLY___ ═
2024-11-20 08:20:00,623 INFO     ___FILE_ONLY___ ═
2024-11-20 08:20:00,623 INFO     ___FILE_ONLY___ ═
2024-11-20 08:20:00,623 INFO     ___FILE_ONLY___ ═
2024-11-20 08:20:00,623 INFO     ___FILE_ONLY___ ═
2024-11-20 08:20:00,623 INFO     ___FILE_ONLY___ ═
2024-11-20 08:20:00,624 INFO     ___FILE_ONLY___ ═
2024-11-20 08:20:00,624 INFO     ___FILE_ONLY___ ═
2024-11-20 08:20:00,624 INFO     ___FILE_ONLY___ ═
2024-11-20 08:20:00,624 INFO     ___FILE_ONLY___ ═
2024-11-20 08:20:00,624 INFO     ___FILE_ONLY___ ═
2024-11-20 08:20:00,624 INFO     ___FILE_ONLY___ ═
2024-11-20 08:20:00,624 INFO     ___FILE_ONLY___ ═
2024-11-20 08:20:00,624 INFO     ___FILE_ONLY___ ═
2024-11-20 08:20:00,624 INFO     ___FILE_ONLY___ ═
2024-11-20 08:20:00,624 INFO     ___FILE_ONLY___ ═
2024-11-20 08:20:00,624 INFO     ___FILE_ONLY___ ═
2024-11-20 08:20:00,624 INFO     ___FILE_ONLY___ ═
2024-11-20 08:20:00,624 INFO     ___FILE_ONLY___ ═
2024-11-20 08:20:00,624 INFO     ___FILE_ONLY___ ═
2024-11-20 08:20:00,624 INFO     ___FILE_ONLY___ ═
2024-11-20 08:20:00,624 INFO     ___FILE_ONLY___ ═
2024-11-20 08:20:00,624 INFO     ___FILE_ONLY___ ═
2024-11-20 08:20:00,625 INFO     ___FILE_ONLY___ ═
2024-11-20 08:20:00,625 INFO     ___FILE_ONLY___ ═
2024-11-20 08:20:00,625 INFO     ___FILE_ONLY___ ═
2024-11-20 08:20:00,625 INFO     ___FILE_ONLY___ ═
2024-11-20 08:20:00,625 INFO     ___FILE_ONLY___ ═
2024-11-20 08:20:00,625 INFO     ___FILE_ONLY___ ═
2024-11-20 08:20:00,625 INFO     ___FILE_ONLY___ ═
2024-11-20 08:20:00,625 INFO     ___FILE_ONLY___ ═
2024-11-20 08:20:00,625 INFO     ___FILE_ONLY___ ═
2024-11-20 08:20:00,625 INFO     ___FILE_ONLY___ ╝

2024-11-20 08:20:00,630 INFO     ___FILE_ONLY___ ╔════════════════════════════════════════════════════════════╗

2024-11-20 08:20:00,630 INFO     ___FILE_ONLY___ ╠═ Downloading: kubectl                                     ═╣

2024-11-20 08:20:00,630 INFO     ___FILE_ONLY___ ╚
2024-11-20 08:20:00,637 DEBUG    urllib3.connectionpool Starting new HTTPS connection (1): dl.google.com:443
2024-11-20 08:20:00,900 DEBUG    urllib3.connectionpool https://dl.google.com:443 "GET /dl/cloudsdk/channels/rapid/components/google-cloud-sdk-kubectl-20241004144944.tar.gz HTTP/1.1" 200 36206
2024-11-20 08:20:00,965 INFO     ___FILE_ONLY___ ═══════════════════════════
2024-11-20 08:20:00,965 INFO     ___FILE_ONLY___ ═══════════════════════════
2024-11-20 08:20:00,965 INFO     ___FILE_ONLY___ ══════
2024-11-20 08:20:00,965 INFO     ___FILE_ONLY___ ╝

2024-11-20 08:20:00,970 INFO     ___FILE_ONLY___ ╔════════════════════════════════════════════════════════════╗

2024-11-20 08:20:00,971 INFO     ___FILE_ONLY___ ╠═ Downloading: kubectl (Platform Specific)                 ═╣

2024-11-20 08:20:00,971 INFO     ___FILE_ONLY___ ╚
2024-11-20 08:20:00,973 DEBUG    urllib3.connectionpool Starting new HTTPS connection (1): dl.google.com:443
2024-11-20 08:20:01,281 DEBUG    urllib3.connectionpool https://dl.google.com:443 "GET /dl/cloudsdk/channels/rapid/components/google-cloud-sdk-kubectl-darwin-arm-20241108162203.tar.gz HTTP/1.1" 200 90277960
2024-11-20 08:20:19,532 INFO     ___FILE_ONLY___ ═
2024-11-20 08:20:19,532 INFO     ___FILE_ONLY___ ═
2024-11-20 08:20:19,533 INFO     ___FILE_ONLY___ ═
2024-11-20 08:20:19,534 INFO     ___FILE_ONLY___ ═
2024-11-20 08:20:19,534 INFO     ___FILE_ONLY___ ═
2024-11-20 08:20:19,536 INFO     ___FILE_ONLY___ ═
2024-11-20 08:20:19,537 INFO     ___FILE_ONLY___ ═
2024-11-20 08:20:19,537 INFO     ___FILE_ONLY___ ═
2024-11-20 08:20:19,538 INFO     ___FILE_ONLY___ ═
2024-11-20 08:20:19,539 INFO     ___FILE_ONLY___ ═
2024-11-20 08:20:19,540 INFO     ___FILE_ONLY___ ═
2024-11-20 08:20:19,541 INFO     ___FILE_ONLY___ ═
2024-11-20 08:20:19,542 INFO     ___FILE_ONLY___ ═
2024-11-20 08:20:19,542 INFO     ___FILE_ONLY___ ═
2024-11-20 08:20:19,543 INFO     ___FILE_ONLY___ ═
2024-11-20 08:20:19,544 INFO     ___FILE_ONLY___ ═
2024-11-20 08:20:19,545 INFO     ___FILE_ONLY___ ═
2024-11-20 08:20:19,546 INFO     ___FILE_ONLY___ ═
2024-11-20 08:20:19,546 INFO     ___FILE_ONLY___ ═
2024-11-20 08:20:19,547 INFO     ___FILE_ONLY___ ═
2024-11-20 08:20:19,547 INFO     ___FILE_ONLY___ ═
2024-11-20 08:20:19,548 INFO     ___FILE_ONLY___ ═
2024-11-20 08:20:19,549 INFO     ___FILE_ONLY___ ═
2024-11-20 08:20:19,550 INFO     ___FILE_ONLY___ ═
2024-11-20 08:20:19,551 INFO     ___FILE_ONLY___ ═
2024-11-20 08:20:19,551 INFO     ___FILE_ONLY___ ═
2024-11-20 08:20:19,552 INFO     ___FILE_ONLY___ ═
2024-11-20 08:20:19,553 INFO     ___FILE_ONLY___ ═
2024-11-20 08:20:19,553 INFO     ___FILE_ONLY___ ═
2024-11-20 08:20:19,554 INFO     ___FILE_ONLY___ ═
2024-11-20 08:20:19,555 INFO     ___FILE_ONLY___ ═
2024-11-20 08:20:19,555 INFO     ___FILE_ONLY___ ═
2024-11-20 08:20:19,556 INFO     ___FILE_ONLY___ ═
2024-11-20 08:20:19,557 INFO     ___FILE_ONLY___ ═
2024-11-20 08:20:19,557 INFO     ___FILE_ONLY___ ═
2024-11-20 08:20:19,558 INFO     ___FILE_ONLY___ ═
2024-11-20 08:20:19,558 INFO     ___FILE_ONLY___ ═
2024-11-20 08:20:19,559 INFO     ___FILE_ONLY___ ═
2024-11-20 08:20:19,560 INFO     ___FILE_ONLY___ ═
2024-11-20 08:20:19,561 INFO     ___FILE_ONLY___ ═
2024-11-20 08:20:19,562 INFO     ___FILE_ONLY___ ═
2024-11-20 08:20:19,562 INFO     ___FILE_ONLY___ ═
2024-11-20 08:20:19,563 INFO     ___FILE_ONLY___ ═
2024-11-20 08:20:19,563 INFO     ___FILE_ONLY___ ═
2024-11-20 08:20:19,564 INFO     ___FILE_ONLY___ ═
2024-11-20 08:20:19,565 INFO     ___FILE_ONLY___ ═
2024-11-20 08:20:19,566 INFO     ___FILE_ONLY___ ═
2024-11-20 08:20:19,566 INFO     ___FILE_ONLY___ ═
2024-11-20 08:20:19,567 INFO     ___FILE_ONLY___ ═
2024-11-20 08:20:19,568 INFO     ___FILE_ONLY___ ═
2024-11-20 08:20:19,569 INFO     ___FILE_ONLY___ ═
2024-11-20 08:20:19,569 INFO     ___FILE_ONLY___ ═
2024-11-20 08:20:19,570 INFO     ___FILE_ONLY___ ═
2024-11-20 08:20:19,570 INFO     ___FILE_ONLY___ ═
2024-11-20 08:20:19,571 INFO     ___FILE_ONLY___ ═
2024-11-20 08:20:19,572 INFO     ___FILE_ONLY___ ═
2024-11-20 08:20:19,573 INFO     ___FILE_ONLY___ ═
2024-11-20 08:20:19,573 INFO     ___FILE_ONLY___ ═
2024-11-20 08:20:19,574 INFO     ___FILE_ONLY___ ═
2024-11-20 08:20:19,574 INFO     ___FILE_ONLY___ ═
2024-11-20 08:20:19,574 INFO     ___FILE_ONLY___ ╝

2024-11-20 08:20:19,601 INFO     ___FILE_ONLY___ ╔════════════════════════════════════════════════════════════╗

2024-11-20 08:20:19,601 INFO     ___FILE_ONLY___ ╠═ Installing: Google Cloud CLI Core Libraries (Platform... ═╣

2024-11-20 08:20:19,601 INFO     ___FILE_ONLY___ ╚
2024-11-20 08:20:19,605 INFO     ___FILE_ONLY___ ══════════════════════════════
2024-11-20 08:20:19,606 INFO     ___FILE_ONLY___ ══════════════════════════════
2024-11-20 08:20:19,606 INFO     ___FILE_ONLY___ ╝

2024-11-20 08:20:19,626 INFO     ___FILE_ONLY___ ╔════════════════════════════════════════════════════════════╗

2024-11-20 08:20:19,626 INFO     ___FILE_ONLY___ ╠═ Installing: Minikube                                     ═╣

2024-11-20 08:20:19,626 INFO     ___FILE_ONLY___ ╚
2024-11-20 08:20:19,657 INFO     ___FILE_ONLY___ ════════════════════════════════════════════════════════════
2024-11-20 08:20:19,657 INFO     ___FILE_ONLY___ ╝

2024-11-20 08:20:19,662 INFO     ___FILE_ONLY___ ╔════════════════════════════════════════════════════════════╗

2024-11-20 08:20:19,662 INFO     ___FILE_ONLY___ ╠═ Installing: Minikube (Platform Specific)                 ═╣

2024-11-20 08:20:19,662 INFO     ___FILE_ONLY___ ╚
2024-11-20 08:20:20,005 INFO     ___FILE_ONLY___ ════════════════════════════════════════════════════════════
2024-11-20 08:20:20,005 INFO     ___FILE_ONLY___ ╝

2024-11-20 08:20:20,014 INFO     ___FILE_ONLY___ ╔════════════════════════════════════════════════════════════╗

2024-11-20 08:20:20,014 INFO     ___FILE_ONLY___ ╠═ Installing: Skaffold                                     ═╣

2024-11-20 08:20:20,014 INFO     ___FILE_ONLY___ ╚
2024-11-20 08:20:20,016 INFO     ___FILE_ONLY___ ════════════════════════════════════════════════════════════
2024-11-20 08:20:20,016 INFO     ___FILE_ONLY___ ╝

2024-11-20 08:20:20,020 INFO     ___FILE_ONLY___ ╔════════════════════════════════════════════════════════════╗

2024-11-20 08:20:20,021 INFO     ___FILE_ONLY___ ╠═ Installing: Skaffold (Platform Specific)                 ═╣

2024-11-20 08:20:20,021 INFO     ___FILE_ONLY___ ╚
2024-11-20 08:20:20,307 INFO     ___FILE_ONLY___ ════════════════════════════════════════════════════════════
2024-11-20 08:20:20,307 INFO     ___FILE_ONLY___ ╝

2024-11-20 08:20:20,315 INFO     ___FILE_ONLY___ ╔════════════════════════════════════════════════════════════╗

2024-11-20 08:20:20,315 INFO     ___FILE_ONLY___ ╠═ Installing: gcloud Alpha Commands                        ═╣

2024-11-20 08:20:20,315 INFO     ___FILE_ONLY___ ╚
2024-11-20 08:20:20,318 INFO     ___FILE_ONLY___ ════════════════════════════════════════════════════════════
2024-11-20 08:20:20,318 INFO     ___FILE_ONLY___ ╝

2024-11-20 08:20:20,325 INFO     ___FILE_ONLY___ ╔════════════════════════════════════════════════════════════╗

2024-11-20 08:20:20,325 INFO     ___FILE_ONLY___ ╠═ Installing: gcloud Beta Commands                         ═╣

2024-11-20 08:20:20,325 INFO     ___FILE_ONLY___ ╚
2024-11-20 08:20:20,328 INFO     ___FILE_ONLY___ ════════════════════════════════════════════════════════════
2024-11-20 08:20:20,328 INFO     ___FILE_ONLY___ ╝

2024-11-20 08:20:20,335 INFO     ___FILE_ONLY___ ╔════════════════════════════════════════════════════════════╗

2024-11-20 08:20:20,336 INFO     ___FILE_ONLY___ ╠═ Installing: gcloud cli dependencies (Platform Specific)  ═╣

2024-11-20 08:20:20,336 INFO     ___FILE_ONLY___ ╚
2024-11-20 08:20:20,337 INFO     ___FILE_ONLY___ ════════════════════════════════════════════════════════════
2024-11-20 08:20:20,337 INFO     ___FILE_ONLY___ ╝

2024-11-20 08:20:20,344 INFO     ___FILE_ONLY___ ╔════════════════════════════════════════════════════════════╗

2024-11-20 08:20:20,344 INFO     ___FILE_ONLY___ ╠═ Installing: gke-gcloud-auth-plugin                       ═╣

2024-11-20 08:20:20,344 INFO     ___FILE_ONLY___ ╚
2024-11-20 08:20:20,346 INFO     ___FILE_ONLY___ ════════════════════════════════════════════════════════════
2024-11-20 08:20:20,346 INFO     ___FILE_ONLY___ ╝

2024-11-20 08:20:20,350 INFO     ___FILE_ONLY___ ╔════════════════════════════════════════════════════════════╗

2024-11-20 08:20:20,351 INFO     ___FILE_ONLY___ ╠═ Installing: gke-gcloud-auth-plugin (Platform Specific)   ═╣

2024-11-20 08:20:20,351 INFO     ___FILE_ONLY___ ╚
2024-11-20 08:20:20,402 INFO     ___FILE_ONLY___ ════════════════════════════════════════════════════════════
2024-11-20 08:20:20,402 INFO     ___FILE_ONLY___ ╝

2024-11-20 08:20:20,410 INFO     ___FILE_ONLY___ ╔════════════════════════════════════════════════════════════╗

2024-11-20 08:20:20,410 INFO     ___FILE_ONLY___ ╠═ Installing: kubectl                                      ═╣

2024-11-20 08:20:20,410 INFO     ___FILE_ONLY___ ╚
2024-11-20 08:20:20,414 INFO     ___FILE_ONLY___ ════════════════════════════════════════════════════════════
2024-11-20 08:20:20,414 INFO     ___FILE_ONLY___ ╝

2024-11-20 08:20:20,422 INFO     ___FILE_ONLY___ ╔════════════════════════════════════════════════════════════╗

2024-11-20 08:20:20,423 INFO     ___FILE_ONLY___ ╠═ Installing: kubectl (Platform Specific)                  ═╣

2024-11-20 08:20:20,423 INFO     ___FILE_ONLY___ ╚
2024-11-20 08:20:20,966 INFO     ___FILE_ONLY___ ══════════
2024-11-20 08:20:21,063 INFO     ___FILE_ONLY___ ══════════
2024-11-20 08:20:21,162 INFO     ___FILE_ONLY___ ══════════
2024-11-20 08:20:21,259 INFO     ___FILE_ONLY___ ══════════
2024-11-20 08:20:21,360 INFO     ___FILE_ONLY___ ══════════
2024-11-20 08:20:21,473 INFO     ___FILE_ONLY___ ══════════
2024-11-20 08:20:21,473 INFO     ___FILE_ONLY___ ╝

2024-11-20 08:20:21,502 DEBUG    root            Updating notification cache...
2024-11-20 08:20:21,503 INFO     ___FILE_ONLY___ 

2024-11-20 08:20:21,508 INFO     ___FILE_ONLY___ Performing post processing steps...
2024-11-20 08:20:21,509 DEBUG    root            Executing command: ['/Users/wbrunson/Library/Application Support/cloud-code/installer/google-cloud-sdk/bin/gcloud', 'components', 'post-process', '--no-compile-python']
2024-11-20 08:20:22,071 DEBUG    ___FILE_ONLY___ 
2024-11-20 08:20:22,071 DEBUG    ___FILE_ONLY___ 
2024-11-20 08:20:22,280 INFO     ___FILE_ONLY___ 
Update done!


2024-11-20 08:20:22,282 DEBUG    root            Chosen display Format:none
2024-11-20 08:20:22,282 INFO     root            Display format: "none"
2024-11-20 08:20:22,286 DEBUG    root            Executing command: ['curl', '--silent', '-O', 'https://dl.google.com/dl/cloudsdk/channels/rapid/python-3.11.6-macos11.tar.gz']
2024-11-20 08:20:33,599 DEBUG    root            Executing command: ['tar', '-xf', 'python-3.11.6-macos11.tar.gz']
2024-11-20 08:20:33,658 DEBUG    root            Executing command: ['sudo', 'installer', '-target', '/', '-pkg', './python-3.11.6-macos11.pkg']
