2024-11-20 08:21:46,355 DEBUG    root            Metrics collector initialized...
2024-11-20 08:21:46,356 DEBUG    root            Loaded Command Group: ['gcloud', 'components']
2024-11-20 08:21:46,357 DEBUG    root            Loaded Command Group: ['gcloud', 'components', 'update']
2024-11-20 08:21:46,358 DEBUG    root            Running [gcloud.components.update] with arguments: [--no-compile-python: "False", --quiet: "True", COMPONENT-IDS:6: "['alpha', 'beta', 'gke-gcloud-auth-plugin', 'kubectl', 'skaffold', 'minikube']"]
2024-11-20 08:21:46,358 INFO     ___FILE_ONLY___ Beginning update. This process may take several minutes.

2024-11-20 08:21:46,367 DEBUG    urllib3.connectionpool Starting new HTTPS connection (1): dl.google.com:443
2024-11-20 08:21:46,577 DEBUG    urllib3.connectionpool https://dl.google.com:443 "GET /dl/cloudsdk/channels/rapid/components-2.json HTTP/1.1" 200 227816
2024-11-20 08:21:46,709 INFO     ___FILE_ONLY___ 

2024-11-20 08:21:46,710 INFO     ___FILE_ONLY___ 
Your current Google Cloud CLI version is: 502.0.0

2024-11-20 08:21:46,710 INFO     ___FILE_ONLY___ Installing components from version: 502.0.0

2024-11-20 08:21:46,710 INFO     ___FILE_ONLY___ 

2024-11-20 08:21:46,710 DEBUG    root            Chosen display Format:table[box,title="These components will be removed."](details.display_name:label=Name:align=left,version.version_string:label=Version:align=right,data.size.size(zero="",min=1048576):label=Size:align=right)
2024-11-20 08:21:46,711 DEBUG    root            Chosen display Format:table[box,title="These components will be updated."](details.display_name:label=Name:align=left,version.version_string:label=Version:align=right,data.size.size(zero="",min=1048576):label=Size:align=right)
2024-11-20 08:21:46,711 DEBUG    root            Chosen display Format:table[box,title="These components will be installed."](details.display_name:label=Name:align=left,version.version_string:label=Version:align=right,data.size.size(zero="",min=1048576):label=Size:align=right)
2024-11-20 08:21:46,727 INFO     ___FILE_ONLY___ ┌─────────────────────────────────────────────────────────────────────────────┐
2024-11-20 08:21:46,727 INFO     ___FILE_ONLY___ 

2024-11-20 08:21:46,727 INFO     ___FILE_ONLY___ │                     These components will be installed.                     │
2024-11-20 08:21:46,727 INFO     ___FILE_ONLY___ 

2024-11-20 08:21:46,727 INFO     ___FILE_ONLY___ ├─────────────────────────────────────────────────────┬────────────┬──────────┤
2024-11-20 08:21:46,727 INFO     ___FILE_ONLY___ 

2024-11-20 08:21:46,727 INFO     ___FILE_ONLY___ │                         Name                        │  Version   │   Size   │
2024-11-20 08:21:46,727 INFO     ___FILE_ONLY___ 

2024-11-20 08:21:46,728 INFO     ___FILE_ONLY___ ├─────────────────────────────────────────────────────┼────────────┼──────────┤
2024-11-20 08:21:46,728 INFO     ___FILE_ONLY___ 

2024-11-20 08:21:46,728 INFO     ___FILE_ONLY___ │ 
2024-11-20 08:21:46,728 INFO     ___FILE_ONLY___ Google Cloud CLI Core Libraries (Platform Specific)
2024-11-20 08:21:46,728 INFO     ___FILE_ONLY___  
2024-11-20 08:21:46,728 INFO     ___FILE_ONLY___ │ 
2024-11-20 08:21:46,728 INFO     ___FILE_ONLY___ 2024.08.30
2024-11-20 08:21:46,728 INFO     ___FILE_ONLY___  
2024-11-20 08:21:46,728 INFO     ___FILE_ONLY___ │ 
2024-11-20 08:21:46,728 INFO     ___FILE_ONLY___  < 1 MiB
2024-11-20 08:21:46,728 INFO     ___FILE_ONLY___  
2024-11-20 08:21:46,728 INFO     ___FILE_ONLY___ │
2024-11-20 08:21:46,728 INFO     ___FILE_ONLY___ 

2024-11-20 08:21:46,728 INFO     ___FILE_ONLY___ │ 
2024-11-20 08:21:46,728 INFO     ___FILE_ONLY___ Minikube (Platform Specific)                       
2024-11-20 08:21:46,728 INFO     ___FILE_ONLY___  
2024-11-20 08:21:46,728 INFO     ___FILE_ONLY___ │ 
2024-11-20 08:21:46,728 INFO     ___FILE_ONLY___     1.34.0
2024-11-20 08:21:46,728 INFO     ___FILE_ONLY___  
2024-11-20 08:21:46,728 INFO     ___FILE_ONLY___ │ 
2024-11-20 08:21:46,728 INFO     ___FILE_ONLY___ 37.2 MiB
2024-11-20 08:21:46,728 INFO     ___FILE_ONLY___  
2024-11-20 08:21:46,728 INFO     ___FILE_ONLY___ │
2024-11-20 08:21:46,728 INFO     ___FILE_ONLY___ 

2024-11-20 08:21:46,728 INFO     ___FILE_ONLY___ │ 
2024-11-20 08:21:46,728 INFO     ___FILE_ONLY___ Skaffold (Platform Specific)                       
2024-11-20 08:21:46,728 INFO     ___FILE_ONLY___  
2024-11-20 08:21:46,728 INFO     ___FILE_ONLY___ │ 
2024-11-20 08:21:46,728 INFO     ___FILE_ONLY___     2.13.1
2024-11-20 08:21:46,728 INFO     ___FILE_ONLY___  
2024-11-20 08:21:46,728 INFO     ___FILE_ONLY___ │ 
2024-11-20 08:21:46,728 INFO     ___FILE_ONLY___ 22.9 MiB
2024-11-20 08:21:46,728 INFO     ___FILE_ONLY___  
2024-11-20 08:21:46,728 INFO     ___FILE_ONLY___ │
2024-11-20 08:21:46,728 INFO     ___FILE_ONLY___ 

2024-11-20 08:21:46,728 INFO     ___FILE_ONLY___ │ 
2024-11-20 08:21:46,728 INFO     ___FILE_ONLY___ gcloud Alpha Commands                              
2024-11-20 08:21:46,728 INFO     ___FILE_ONLY___  
2024-11-20 08:21:46,728 INFO     ___FILE_ONLY___ │ 
2024-11-20 08:21:46,728 INFO     ___FILE_ONLY___ 2024.11.15
2024-11-20 08:21:46,729 INFO     ___FILE_ONLY___  
2024-11-20 08:21:46,729 INFO     ___FILE_ONLY___ │ 
2024-11-20 08:21:46,729 INFO     ___FILE_ONLY___  < 1 MiB
2024-11-20 08:21:46,729 INFO     ___FILE_ONLY___  
2024-11-20 08:21:46,729 INFO     ___FILE_ONLY___ │
2024-11-20 08:21:46,729 INFO     ___FILE_ONLY___ 

2024-11-20 08:21:46,729 INFO     ___FILE_ONLY___ │ 
2024-11-20 08:21:46,729 INFO     ___FILE_ONLY___ gcloud Beta Commands                               
2024-11-20 08:21:46,729 INFO     ___FILE_ONLY___  
2024-11-20 08:21:46,729 INFO     ___FILE_ONLY___ │ 
2024-11-20 08:21:46,729 INFO     ___FILE_ONLY___ 2024.11.15
2024-11-20 08:21:46,729 INFO     ___FILE_ONLY___  
2024-11-20 08:21:46,729 INFO     ___FILE_ONLY___ │ 
2024-11-20 08:21:46,729 INFO     ___FILE_ONLY___  < 1 MiB
2024-11-20 08:21:46,729 INFO     ___FILE_ONLY___  
2024-11-20 08:21:46,729 INFO     ___FILE_ONLY___ │
2024-11-20 08:21:46,729 INFO     ___FILE_ONLY___ 

2024-11-20 08:21:46,729 INFO     ___FILE_ONLY___ │ 
2024-11-20 08:21:46,729 INFO     ___FILE_ONLY___ gcloud cli dependencies (Platform Specific)        
2024-11-20 08:21:46,729 INFO     ___FILE_ONLY___  
2024-11-20 08:21:46,729 INFO     ___FILE_ONLY___ │ 
2024-11-20 08:21:46,729 INFO     ___FILE_ONLY___ 2021.04.16
2024-11-20 08:21:46,729 INFO     ___FILE_ONLY___  
2024-11-20 08:21:46,729 INFO     ___FILE_ONLY___ │ 
2024-11-20 08:21:46,729 INFO     ___FILE_ONLY___  < 1 MiB
2024-11-20 08:21:46,729 INFO     ___FILE_ONLY___  
2024-11-20 08:21:46,729 INFO     ___FILE_ONLY___ │
2024-11-20 08:21:46,729 INFO     ___FILE_ONLY___ 

2024-11-20 08:21:46,729 INFO     ___FILE_ONLY___ │ 
2024-11-20 08:21:46,729 INFO     ___FILE_ONLY___ gke-gcloud-auth-plugin (Platform Specific)         
2024-11-20 08:21:46,729 INFO     ___FILE_ONLY___  
2024-11-20 08:21:46,729 INFO     ___FILE_ONLY___ │ 
2024-11-20 08:21:46,729 INFO     ___FILE_ONLY___      0.5.9
2024-11-20 08:21:46,729 INFO     ___FILE_ONLY___  
2024-11-20 08:21:46,729 INFO     ___FILE_ONLY___ │ 
2024-11-20 08:21:46,729 INFO     ___FILE_ONLY___  4.0 MiB
2024-11-20 08:21:46,729 INFO     ___FILE_ONLY___  
2024-11-20 08:21:46,729 INFO     ___FILE_ONLY___ │
2024-11-20 08:21:46,729 INFO     ___FILE_ONLY___ 

2024-11-20 08:21:46,729 INFO     ___FILE_ONLY___ │ 
2024-11-20 08:21:46,729 INFO     ___FILE_ONLY___ kubectl                                            
2024-11-20 08:21:46,729 INFO     ___FILE_ONLY___  
2024-11-20 08:21:46,729 INFO     ___FILE_ONLY___ │ 
2024-11-20 08:21:46,729 INFO     ___FILE_ONLY___     1.30.5
2024-11-20 08:21:46,729 INFO     ___FILE_ONLY___  
2024-11-20 08:21:46,730 INFO     ___FILE_ONLY___ │ 
2024-11-20 08:21:46,730 INFO     ___FILE_ONLY___  < 1 MiB
2024-11-20 08:21:46,730 INFO     ___FILE_ONLY___  
2024-11-20 08:21:46,730 INFO     ___FILE_ONLY___ │
2024-11-20 08:21:46,730 INFO     ___FILE_ONLY___ 

2024-11-20 08:21:46,730 INFO     ___FILE_ONLY___ │ 
2024-11-20 08:21:46,730 INFO     ___FILE_ONLY___ kubectl (Platform Specific)                        
2024-11-20 08:21:46,730 INFO     ___FILE_ONLY___  
2024-11-20 08:21:46,730 INFO     ___FILE_ONLY___ │ 
2024-11-20 08:21:46,730 INFO     ___FILE_ONLY___     1.30.6
2024-11-20 08:21:46,730 INFO     ___FILE_ONLY___  
2024-11-20 08:21:46,730 INFO     ___FILE_ONLY___ │ 
2024-11-20 08:21:46,730 INFO     ___FILE_ONLY___ 86.1 MiB
2024-11-20 08:21:46,730 INFO     ___FILE_ONLY___  
2024-11-20 08:21:46,730 INFO     ___FILE_ONLY___ │
2024-11-20 08:21:46,730 INFO     ___FILE_ONLY___ 

2024-11-20 08:21:46,730 INFO     ___FILE_ONLY___ └─────────────────────────────────────────────────────┴────────────┴──────────┘
2024-11-20 08:21:46,730 INFO     ___FILE_ONLY___ 

2024-11-20 08:21:46,730 INFO     ___FILE_ONLY___ 

2024-11-20 08:21:46,732 DEBUG    urllib3.connectionpool Starting new HTTPS connection (1): dl.google.com:443
2024-11-20 08:21:46,938 DEBUG    urllib3.connectionpool https://dl.google.com:443 "GET /dl/cloudsdk/channels/rapid/RELEASE_NOTES HTTP/1.1" 200 1314602
2024-11-20 08:21:47,243 INFO     ___FILE_ONLY___ For the latest full release notes, please visit:
  https://cloud.google.com/sdk/release_notes


2024-11-20 08:21:47,243 INFO     ___FILE_ONLY___ Performing in place update...


2024-11-20 08:21:47,247 INFO     ___FILE_ONLY___ ╔════════════════════════════════════════════════════════════╗

2024-11-20 08:21:47,248 INFO     ___FILE_ONLY___ ╠═ Downloading: Google Cloud CLI Core Libraries (Platfor... ═╣

2024-11-20 08:21:47,248 INFO     ___FILE_ONLY___ ╚
2024-11-20 08:21:47,250 DEBUG    urllib3.connectionpool Starting new HTTPS connection (1): dl.google.com:443
2024-11-20 08:21:47,451 DEBUG    urllib3.connectionpool https://dl.google.com:443 "GET /dl/cloudsdk/channels/rapid/components/google-cloud-sdk-core-nix-20240830134514.tar.gz HTTP/1.1" 200 2306
2024-11-20 08:21:47,453 INFO     ___FILE_ONLY___ ════════════════════════════════════════════════════════════
2024-11-20 08:21:47,453 INFO     ___FILE_ONLY___ ╝

2024-11-20 08:21:47,465 INFO     ___FILE_ONLY___ ╔════════════════════════════════════════════════════════════╗

2024-11-20 08:21:47,465 INFO     ___FILE_ONLY___ ╠═ Downloading: Minikube                                    ═╣

2024-11-20 08:21:47,465 INFO     ___FILE_ONLY___ ╚
2024-11-20 08:21:47,466 INFO     ___FILE_ONLY___ ════════════════════════════════════════════════════════════
2024-11-20 08:21:47,466 INFO     ___FILE_ONLY___ ╝

2024-11-20 08:21:47,472 INFO     ___FILE_ONLY___ ╔════════════════════════════════════════════════════════════╗

2024-11-20 08:21:47,473 INFO     ___FILE_ONLY___ ╠═ Downloading: Minikube (Platform Specific)                ═╣

2024-11-20 08:21:47,473 INFO     ___FILE_ONLY___ ╚
2024-11-20 08:21:47,476 DEBUG    urllib3.connectionpool Starting new HTTPS connection (1): dl.google.com:443
2024-11-20 08:21:47,755 DEBUG    urllib3.connectionpool https://dl.google.com:443 "GET /dl/cloudsdk/channels/rapid/components/google-cloud-sdk-minikube-darwin-arm-20240927140238.tar.gz HTTP/1.1" 200 38981244
2024-11-20 08:21:56,178 INFO     ___FILE_ONLY___ ═
2024-11-20 08:21:56,179 INFO     ___FILE_ONLY___ ═
2024-11-20 08:21:56,179 INFO     ___FILE_ONLY___ ═
2024-11-20 08:21:56,179 INFO     ___FILE_ONLY___ ═
2024-11-20 08:21:56,180 INFO     ___FILE_ONLY___ ═
2024-11-20 08:21:56,180 INFO     ___FILE_ONLY___ ═
2024-11-20 08:21:56,180 INFO     ___FILE_ONLY___ ═
2024-11-20 08:21:56,181 INFO     ___FILE_ONLY___ ═
2024-11-20 08:21:56,181 INFO     ___FILE_ONLY___ ═
2024-11-20 08:21:56,181 INFO     ___FILE_ONLY___ ═
2024-11-20 08:21:56,181 INFO     ___FILE_ONLY___ ═
2024-11-20 08:21:56,182 INFO     ___FILE_ONLY___ ═
2024-11-20 08:21:56,182 INFO     ___FILE_ONLY___ ═
2024-11-20 08:21:56,183 INFO     ___FILE_ONLY___ ═
2024-11-20 08:21:56,183 INFO     ___FILE_ONLY___ ═
2024-11-20 08:21:56,183 INFO     ___FILE_ONLY___ ═
2024-11-20 08:21:56,184 INFO     ___FILE_ONLY___ ═
2024-11-20 08:21:56,184 INFO     ___FILE_ONLY___ ═
2024-11-20 08:21:56,184 INFO     ___FILE_ONLY___ ═
2024-11-20 08:21:56,184 INFO     ___FILE_ONLY___ ═
2024-11-20 08:21:56,185 INFO     ___FILE_ONLY___ ═
2024-11-20 08:21:56,185 INFO     ___FILE_ONLY___ ═
2024-11-20 08:21:56,185 INFO     ___FILE_ONLY___ ═
2024-11-20 08:21:56,186 INFO     ___FILE_ONLY___ ═
2024-11-20 08:21:56,186 INFO     ___FILE_ONLY___ ═
2024-11-20 08:21:56,186 INFO     ___FILE_ONLY___ ═
2024-11-20 08:21:56,187 INFO     ___FILE_ONLY___ ═
2024-11-20 08:21:56,187 INFO     ___FILE_ONLY___ ═
2024-11-20 08:21:56,187 INFO     ___FILE_ONLY___ ═
2024-11-20 08:21:56,188 INFO     ___FILE_ONLY___ ═
2024-11-20 08:21:56,188 INFO     ___FILE_ONLY___ ═
2024-11-20 08:21:56,188 INFO     ___FILE_ONLY___ ═
2024-11-20 08:21:56,188 INFO     ___FILE_ONLY___ ═
2024-11-20 08:21:56,189 INFO     ___FILE_ONLY___ ═
2024-11-20 08:21:56,189 INFO     ___FILE_ONLY___ ═
2024-11-20 08:21:56,189 INFO     ___FILE_ONLY___ ═
2024-11-20 08:21:56,190 INFO     ___FILE_ONLY___ ═
2024-11-20 08:21:56,190 INFO     ___FILE_ONLY___ ═
2024-11-20 08:21:56,190 INFO     ___FILE_ONLY___ ═
2024-11-20 08:21:56,191 INFO     ___FILE_ONLY___ ═
2024-11-20 08:21:56,191 INFO     ___FILE_ONLY___ ═
2024-11-20 08:21:56,191 INFO     ___FILE_ONLY___ ═
2024-11-20 08:21:56,192 INFO     ___FILE_ONLY___ ═
2024-11-20 08:21:56,192 INFO     ___FILE_ONLY___ ═
2024-11-20 08:21:56,192 INFO     ___FILE_ONLY___ ═
2024-11-20 08:21:56,192 INFO     ___FILE_ONLY___ ═
2024-11-20 08:21:56,193 INFO     ___FILE_ONLY___ ═
2024-11-20 08:21:56,193 INFO     ___FILE_ONLY___ ═
2024-11-20 08:21:56,193 INFO     ___FILE_ONLY___ ═
2024-11-20 08:21:56,194 INFO     ___FILE_ONLY___ ═
2024-11-20 08:21:56,194 INFO     ___FILE_ONLY___ ═
2024-11-20 08:21:56,194 INFO     ___FILE_ONLY___ ═
2024-11-20 08:21:56,195 INFO     ___FILE_ONLY___ ═
2024-11-20 08:21:56,195 INFO     ___FILE_ONLY___ ═
2024-11-20 08:21:56,195 INFO     ___FILE_ONLY___ ═
2024-11-20 08:21:56,195 INFO     ___FILE_ONLY___ ═
2024-11-20 08:21:56,196 INFO     ___FILE_ONLY___ ═
2024-11-20 08:21:56,196 INFO     ___FILE_ONLY___ ═
2024-11-20 08:21:56,196 INFO     ___FILE_ONLY___ ═
2024-11-20 08:21:56,197 INFO     ___FILE_ONLY___ ═
2024-11-20 08:21:56,197 INFO     ___FILE_ONLY___ ╝

2024-11-20 08:21:56,202 INFO     ___FILE_ONLY___ ╔════════════════════════════════════════════════════════════╗

2024-11-20 08:21:56,202 INFO     ___FILE_ONLY___ ╠═ Downloading: Skaffold                                    ═╣

2024-11-20 08:21:56,202 INFO     ___FILE_ONLY___ ╚
2024-11-20 08:21:56,202 INFO     ___FILE_ONLY___ ════════════════════════════════════════════════════════════
2024-11-20 08:21:56,202 INFO     ___FILE_ONLY___ ╝

2024-11-20 08:21:56,205 INFO     ___FILE_ONLY___ ╔════════════════════════════════════════════════════════════╗

2024-11-20 08:21:56,206 INFO     ___FILE_ONLY___ ╠═ Downloading: Skaffold (Platform Specific)                ═╣

2024-11-20 08:21:56,206 INFO     ___FILE_ONLY___ ╚
2024-11-20 08:21:56,208 DEBUG    urllib3.connectionpool Starting new HTTPS connection (1): dl.google.com:443
2024-11-20 08:21:56,514 DEBUG    urllib3.connectionpool https://dl.google.com:443 "GET /dl/cloudsdk/channels/rapid/components/google-cloud-sdk-skaffold-darwin-arm-20240806142304.tar.gz HTTP/1.1" 200 24031362
2024-11-20 08:22:02,285 INFO     ___FILE_ONLY___ ═
2024-11-20 08:22:02,286 INFO     ___FILE_ONLY___ ═
2024-11-20 08:22:02,286 INFO     ___FILE_ONLY___ ═
2024-11-20 08:22:02,286 INFO     ___FILE_ONLY___ ═
2024-11-20 08:22:02,287 INFO     ___FILE_ONLY___ ═
2024-11-20 08:22:02,287 INFO     ___FILE_ONLY___ ═
2024-11-20 08:22:02,287 INFO     ___FILE_ONLY___ ═
2024-11-20 08:22:02,287 INFO     ___FILE_ONLY___ ═
2024-11-20 08:22:02,288 INFO     ___FILE_ONLY___ ═
2024-11-20 08:22:02,288 INFO     ___FILE_ONLY___ ═
2024-11-20 08:22:02,288 INFO     ___FILE_ONLY___ ═
2024-11-20 08:22:02,289 INFO     ___FILE_ONLY___ ═
2024-11-20 08:22:02,289 INFO     ___FILE_ONLY___ ═
2024-11-20 08:22:02,289 INFO     ___FILE_ONLY___ ═
2024-11-20 08:22:02,289 INFO     ___FILE_ONLY___ ═
2024-11-20 08:22:02,290 INFO     ___FILE_ONLY___ ═
2024-11-20 08:22:02,290 INFO     ___FILE_ONLY___ ═
2024-11-20 08:22:02,290 INFO     ___FILE_ONLY___ ═
2024-11-20 08:22:02,290 INFO     ___FILE_ONLY___ ═
2024-11-20 08:22:02,291 INFO     ___FILE_ONLY___ ═
2024-11-20 08:22:02,291 INFO     ___FILE_ONLY___ ═
2024-11-20 08:22:02,291 INFO     ___FILE_ONLY___ ═
2024-11-20 08:22:02,292 INFO     ___FILE_ONLY___ ═
2024-11-20 08:22:02,292 INFO     ___FILE_ONLY___ ═
2024-11-20 08:22:02,292 INFO     ___FILE_ONLY___ ═
2024-11-20 08:22:02,292 INFO     ___FILE_ONLY___ ═
2024-11-20 08:22:02,292 INFO     ___FILE_ONLY___ ═
2024-11-20 08:22:02,293 INFO     ___FILE_ONLY___ ═
2024-11-20 08:22:02,293 INFO     ___FILE_ONLY___ ═
2024-11-20 08:22:02,293 INFO     ___FILE_ONLY___ ═
2024-11-20 08:22:02,293 INFO     ___FILE_ONLY___ ═
2024-11-20 08:22:02,293 INFO     ___FILE_ONLY___ ═
2024-11-20 08:22:02,294 INFO     ___FILE_ONLY___ ═
2024-11-20 08:22:02,294 INFO     ___FILE_ONLY___ ═
2024-11-20 08:22:02,294 INFO     ___FILE_ONLY___ ═
2024-11-20 08:22:02,294 INFO     ___FILE_ONLY___ ═
2024-11-20 08:22:02,295 INFO     ___FILE_ONLY___ ═
2024-11-20 08:22:02,295 INFO     ___FILE_ONLY___ ═
2024-11-20 08:22:02,295 INFO     ___FILE_ONLY___ ═
2024-11-20 08:22:02,295 INFO     ___FILE_ONLY___ ═
2024-11-20 08:22:02,296 INFO     ___FILE_ONLY___ ═
2024-11-20 08:22:02,296 INFO     ___FILE_ONLY___ ═
2024-11-20 08:22:02,296 INFO     ___FILE_ONLY___ ═
2024-11-20 08:22:02,296 INFO     ___FILE_ONLY___ ═
2024-11-20 08:22:02,297 INFO     ___FILE_ONLY___ ═
2024-11-20 08:22:02,297 INFO     ___FILE_ONLY___ ═
2024-11-20 08:22:02,297 INFO     ___FILE_ONLY___ ═
2024-11-20 08:22:02,297 INFO     ___FILE_ONLY___ ═
2024-11-20 08:22:02,297 INFO     ___FILE_ONLY___ ═
2024-11-20 08:22:02,298 INFO     ___FILE_ONLY___ ═
2024-11-20 08:22:02,298 INFO     ___FILE_ONLY___ ═
2024-11-20 08:22:02,298 INFO     ___FILE_ONLY___ ═
2024-11-20 08:22:02,298 INFO     ___FILE_ONLY___ ═
2024-11-20 08:22:02,299 INFO     ___FILE_ONLY___ ═
2024-11-20 08:22:02,299 INFO     ___FILE_ONLY___ ═
2024-11-20 08:22:02,299 INFO     ___FILE_ONLY___ ═
2024-11-20 08:22:02,299 INFO     ___FILE_ONLY___ ═
2024-11-20 08:22:02,299 INFO     ___FILE_ONLY___ ═
2024-11-20 08:22:02,300 INFO     ___FILE_ONLY___ ═
2024-11-20 08:22:02,300 INFO     ___FILE_ONLY___ ═
2024-11-20 08:22:02,300 INFO     ___FILE_ONLY___ ╝

2024-11-20 08:22:02,306 INFO     ___FILE_ONLY___ ╔════════════════════════════════════════════════════════════╗

2024-11-20 08:22:02,306 INFO     ___FILE_ONLY___ ╠═ Downloading: gcloud Alpha Commands                       ═╣

2024-11-20 08:22:02,306 INFO     ___FILE_ONLY___ ╚
2024-11-20 08:22:02,309 DEBUG    urllib3.connectionpool Starting new HTTPS connection (1): dl.google.com:443
2024-11-20 08:22:02,505 DEBUG    urllib3.connectionpool https://dl.google.com:443 "GET /dl/cloudsdk/channels/rapid/components/google-cloud-sdk-alpha-20241115154308.tar.gz HTTP/1.1" 200 800
2024-11-20 08:22:02,507 INFO     ___FILE_ONLY___ ════════════════════════════════════════════════════════════
2024-11-20 08:22:02,508 INFO     ___FILE_ONLY___ ╝

2024-11-20 08:22:02,520 INFO     ___FILE_ONLY___ ╔════════════════════════════════════════════════════════════╗

2024-11-20 08:22:02,521 INFO     ___FILE_ONLY___ ╠═ Downloading: gcloud Beta Commands                        ═╣

2024-11-20 08:22:02,521 INFO     ___FILE_ONLY___ ╚
2024-11-20 08:22:02,524 DEBUG    urllib3.connectionpool Starting new HTTPS connection (1): dl.google.com:443
2024-11-20 08:22:02,761 DEBUG    urllib3.connectionpool https://dl.google.com:443 "GET /dl/cloudsdk/channels/rapid/components/google-cloud-sdk-beta-20241115154308.tar.gz HTTP/1.1" 200 797
2024-11-20 08:22:02,763 INFO     ___FILE_ONLY___ ════════════════════════════════════════════════════════════
2024-11-20 08:22:02,764 INFO     ___FILE_ONLY___ ╝

2024-11-20 08:22:02,775 INFO     ___FILE_ONLY___ ╔════════════════════════════════════════════════════════════╗

2024-11-20 08:22:02,775 INFO     ___FILE_ONLY___ ╠═ Downloading: gcloud cli dependencies (Platform Specific) ═╣

2024-11-20 08:22:02,775 INFO     ___FILE_ONLY___ ╚
2024-11-20 08:22:02,778 DEBUG    urllib3.connectionpool Starting new HTTPS connection (1): dl.google.com:443
2024-11-20 08:22:03,009 DEBUG    urllib3.connectionpool https://dl.google.com:443 "GET /dl/cloudsdk/channels/rapid/components/google-cloud-sdk-gcloud-deps-darwin-x86_64-20210416153011.tar.gz HTTP/1.1" 200 105
2024-11-20 08:22:03,011 INFO     ___FILE_ONLY___ ════════════════════════════════════════════════════════════
2024-11-20 08:22:03,012 INFO     ___FILE_ONLY___ ╝

2024-11-20 08:22:03,026 INFO     ___FILE_ONLY___ ╔════════════════════════════════════════════════════════════╗

2024-11-20 08:22:03,026 INFO     ___FILE_ONLY___ ╠═ Downloading: gke-gcloud-auth-plugin                      ═╣

2024-11-20 08:22:03,026 INFO     ___FILE_ONLY___ ╚
2024-11-20 08:22:03,027 INFO     ___FILE_ONLY___ ════════════════════════════════════════════════════════════
2024-11-20 08:22:03,027 INFO     ___FILE_ONLY___ ╝

2024-11-20 08:22:03,038 INFO     ___FILE_ONLY___ ╔════════════════════════════════════════════════════════════╗

2024-11-20 08:22:03,039 INFO     ___FILE_ONLY___ ╠═ Downloading: gke-gcloud-auth-plugin (Platform Specific)  ═╣

2024-11-20 08:22:03,039 INFO     ___FILE_ONLY___ ╚
2024-11-20 08:22:03,041 DEBUG    urllib3.connectionpool Starting new HTTPS connection (1): dl.google.com:443
2024-11-20 08:22:03,409 DEBUG    urllib3.connectionpool https://dl.google.com:443 "GET /dl/cloudsdk/channels/rapid/components/google-cloud-sdk-gke-gcloud-auth-plugin-darwin-arm-20240628141907.tar.gz HTTP/1.1" 200 4148014
2024-11-20 08:22:04,185 INFO     ___FILE_ONLY___ ═
2024-11-20 08:22:04,185 INFO     ___FILE_ONLY___ ═
2024-11-20 08:22:04,185 INFO     ___FILE_ONLY___ ═
2024-11-20 08:22:04,186 INFO     ___FILE_ONLY___ ═
2024-11-20 08:22:04,186 INFO     ___FILE_ONLY___ ═
2024-11-20 08:22:04,186 INFO     ___FILE_ONLY___ ═
2024-11-20 08:22:04,186 INFO     ___FILE_ONLY___ ═
2024-11-20 08:22:04,187 INFO     ___FILE_ONLY___ ═
2024-11-20 08:22:04,187 INFO     ___FILE_ONLY___ ═
2024-11-20 08:22:04,187 INFO     ___FILE_ONLY___ ═
2024-11-20 08:22:04,187 INFO     ___FILE_ONLY___ ═
2024-11-20 08:22:04,187 INFO     ___FILE_ONLY___ ═
2024-11-20 08:22:04,188 INFO     ___FILE_ONLY___ ═
2024-11-20 08:22:04,188 INFO     ___FILE_ONLY___ ═
2024-11-20 08:22:04,188 INFO     ___FILE_ONLY___ ═
2024-11-20 08:22:04,188 INFO     ___FILE_ONLY___ ═
2024-11-20 08:22:04,189 INFO     ___FILE_ONLY___ ═
2024-11-20 08:22:04,189 INFO     ___FILE_ONLY___ ═
2024-11-20 08:22:04,189 INFO     ___FILE_ONLY___ ═
2024-11-20 08:22:04,190 INFO     ___FILE_ONLY___ ═
2024-11-20 08:22:04,190 INFO     ___FILE_ONLY___ ═
2024-11-20 08:22:04,190 INFO     ___FILE_ONLY___ ═
2024-11-20 08:22:04,190 INFO     ___FILE_ONLY___ ═
2024-11-20 08:22:04,190 INFO     ___FILE_ONLY___ ═
2024-11-20 08:22:04,190 INFO     ___FILE_ONLY___ ═
2024-11-20 08:22:04,191 INFO     ___FILE_ONLY___ ═
2024-11-20 08:22:04,191 INFO     ___FILE_ONLY___ ═
2024-11-20 08:22:04,191 INFO     ___FILE_ONLY___ ═
2024-11-20 08:22:04,191 INFO     ___FILE_ONLY___ ═
2024-11-20 08:22:04,191 INFO     ___FILE_ONLY___ ═
2024-11-20 08:22:04,192 INFO     ___FILE_ONLY___ ═
2024-11-20 08:22:04,192 INFO     ___FILE_ONLY___ ═
2024-11-20 08:22:04,192 INFO     ___FILE_ONLY___ ═
2024-11-20 08:22:04,192 INFO     ___FILE_ONLY___ ═
2024-11-20 08:22:04,192 INFO     ___FILE_ONLY___ ═
2024-11-20 08:22:04,192 INFO     ___FILE_ONLY___ ═
2024-11-20 08:22:04,192 INFO     ___FILE_ONLY___ ═
2024-11-20 08:22:04,192 INFO     ___FILE_ONLY___ ═
2024-11-20 08:22:04,193 INFO     ___FILE_ONLY___ ═
2024-11-20 08:22:04,193 INFO     ___FILE_ONLY___ ═
2024-11-20 08:22:04,193 INFO     ___FILE_ONLY___ ═
2024-11-20 08:22:04,193 INFO     ___FILE_ONLY___ ═
2024-11-20 08:22:04,193 INFO     ___FILE_ONLY___ ═
2024-11-20 08:22:04,193 INFO     ___FILE_ONLY___ ═
2024-11-20 08:22:04,193 INFO     ___FILE_ONLY___ ═
2024-11-20 08:22:04,193 INFO     ___FILE_ONLY___ ═
2024-11-20 08:22:04,193 INFO     ___FILE_ONLY___ ═
2024-11-20 08:22:04,193 INFO     ___FILE_ONLY___ ═
2024-11-20 08:22:04,193 INFO     ___FILE_ONLY___ ═
2024-11-20 08:22:04,193 INFO     ___FILE_ONLY___ ═
2024-11-20 08:22:04,193 INFO     ___FILE_ONLY___ ═
2024-11-20 08:22:04,193 INFO     ___FILE_ONLY___ ═
2024-11-20 08:22:04,193 INFO     ___FILE_ONLY___ ═
2024-11-20 08:22:04,193 INFO     ___FILE_ONLY___ ═
2024-11-20 08:22:04,193 INFO     ___FILE_ONLY___ ═
2024-11-20 08:22:04,194 INFO     ___FILE_ONLY___ ═
2024-11-20 08:22:04,194 INFO     ___FILE_ONLY___ ═
2024-11-20 08:22:04,194 INFO     ___FILE_ONLY___ ═
2024-11-20 08:22:04,194 INFO     ___FILE_ONLY___ ═
2024-11-20 08:22:04,194 INFO     ___FILE_ONLY___ ═
2024-11-20 08:22:04,194 INFO     ___FILE_ONLY___ ╝

2024-11-20 08:22:04,199 INFO     ___FILE_ONLY___ ╔════════════════════════════════════════════════════════════╗

2024-11-20 08:22:04,200 INFO     ___FILE_ONLY___ ╠═ Downloading: kubectl                                     ═╣

2024-11-20 08:22:04,200 INFO     ___FILE_ONLY___ ╚
2024-11-20 08:22:04,206 DEBUG    urllib3.connectionpool Starting new HTTPS connection (1): dl.google.com:443
2024-11-20 08:22:04,431 DEBUG    urllib3.connectionpool https://dl.google.com:443 "GET /dl/cloudsdk/channels/rapid/components/google-cloud-sdk-kubectl-20241004144944.tar.gz HTTP/1.1" 200 36206
2024-11-20 08:22:04,481 INFO     ___FILE_ONLY___ ═══════════════════════════
2024-11-20 08:22:04,482 INFO     ___FILE_ONLY___ ═══════════════════════════
2024-11-20 08:22:04,483 INFO     ___FILE_ONLY___ ══════
2024-11-20 08:22:04,483 INFO     ___FILE_ONLY___ ╝

2024-11-20 08:22:04,496 INFO     ___FILE_ONLY___ ╔════════════════════════════════════════════════════════════╗

2024-11-20 08:22:04,496 INFO     ___FILE_ONLY___ ╠═ Downloading: kubectl (Platform Specific)                 ═╣

2024-11-20 08:22:04,496 INFO     ___FILE_ONLY___ ╚
2024-11-20 08:22:04,500 DEBUG    urllib3.connectionpool Starting new HTTPS connection (1): dl.google.com:443
2024-11-20 08:22:04,891 DEBUG    urllib3.connectionpool https://dl.google.com:443 "GET /dl/cloudsdk/channels/rapid/components/google-cloud-sdk-kubectl-darwin-arm-20241108162203.tar.gz HTTP/1.1" 200 90277960
2024-11-20 08:22:30,580 INFO     ___FILE_ONLY___ ═
2024-11-20 08:22:30,581 INFO     ___FILE_ONLY___ ═
2024-11-20 08:22:30,582 INFO     ___FILE_ONLY___ ═
2024-11-20 08:22:30,583 INFO     ___FILE_ONLY___ ═
2024-11-20 08:22:30,584 INFO     ___FILE_ONLY___ ═
2024-11-20 08:22:30,585 INFO     ___FILE_ONLY___ ═
2024-11-20 08:22:30,586 INFO     ___FILE_ONLY___ ═
2024-11-20 08:22:30,587 INFO     ___FILE_ONLY___ ═
2024-11-20 08:22:30,588 INFO     ___FILE_ONLY___ ═
2024-11-20 08:22:30,589 INFO     ___FILE_ONLY___ ═
2024-11-20 08:22:30,590 INFO     ___FILE_ONLY___ ═
2024-11-20 08:22:30,591 INFO     ___FILE_ONLY___ ═
2024-11-20 08:22:30,592 INFO     ___FILE_ONLY___ ═
2024-11-20 08:22:30,593 INFO     ___FILE_ONLY___ ═
2024-11-20 08:22:30,594 INFO     ___FILE_ONLY___ ═
2024-11-20 08:22:30,594 INFO     ___FILE_ONLY___ ═
2024-11-20 08:22:30,595 INFO     ___FILE_ONLY___ ═
2024-11-20 08:22:30,596 INFO     ___FILE_ONLY___ ═
2024-11-20 08:22:30,597 INFO     ___FILE_ONLY___ ═
2024-11-20 08:22:30,598 INFO     ___FILE_ONLY___ ═
2024-11-20 08:22:30,599 INFO     ___FILE_ONLY___ ═
2024-11-20 08:22:30,599 INFO     ___FILE_ONLY___ ═
2024-11-20 08:22:30,600 INFO     ___FILE_ONLY___ ═
2024-11-20 08:22:30,601 INFO     ___FILE_ONLY___ ═
2024-11-20 08:22:30,602 INFO     ___FILE_ONLY___ ═
2024-11-20 08:22:30,603 INFO     ___FILE_ONLY___ ═
2024-11-20 08:22:30,603 INFO     ___FILE_ONLY___ ═
2024-11-20 08:22:30,604 INFO     ___FILE_ONLY___ ═
2024-11-20 08:22:30,605 INFO     ___FILE_ONLY___ ═
2024-11-20 08:22:30,606 INFO     ___FILE_ONLY___ ═
2024-11-20 08:22:30,606 INFO     ___FILE_ONLY___ ═
2024-11-20 08:22:30,607 INFO     ___FILE_ONLY___ ═
2024-11-20 08:22:30,608 INFO     ___FILE_ONLY___ ═
2024-11-20 08:22:30,609 INFO     ___FILE_ONLY___ ═
2024-11-20 08:22:30,610 INFO     ___FILE_ONLY___ ═
2024-11-20 08:22:30,610 INFO     ___FILE_ONLY___ ═
2024-11-20 08:22:30,611 INFO     ___FILE_ONLY___ ═
2024-11-20 08:22:30,612 INFO     ___FILE_ONLY___ ═
2024-11-20 08:22:30,612 INFO     ___FILE_ONLY___ ═
2024-11-20 08:22:30,613 INFO     ___FILE_ONLY___ ═
2024-11-20 08:22:30,614 INFO     ___FILE_ONLY___ ═
2024-11-20 08:22:30,615 INFO     ___FILE_ONLY___ ═
2024-11-20 08:22:30,615 INFO     ___FILE_ONLY___ ═
2024-11-20 08:22:30,616 INFO     ___FILE_ONLY___ ═
2024-11-20 08:22:30,617 INFO     ___FILE_ONLY___ ═
2024-11-20 08:22:30,617 INFO     ___FILE_ONLY___ ═
2024-11-20 08:22:30,618 INFO     ___FILE_ONLY___ ═
2024-11-20 08:22:30,619 INFO     ___FILE_ONLY___ ═
2024-11-20 08:22:30,619 INFO     ___FILE_ONLY___ ═
2024-11-20 08:22:30,620 INFO     ___FILE_ONLY___ ═
2024-11-20 08:22:30,621 INFO     ___FILE_ONLY___ ═
2024-11-20 08:22:30,622 INFO     ___FILE_ONLY___ ═
2024-11-20 08:22:30,622 INFO     ___FILE_ONLY___ ═
2024-11-20 08:22:30,623 INFO     ___FILE_ONLY___ ═
2024-11-20 08:22:30,624 INFO     ___FILE_ONLY___ ═
2024-11-20 08:22:30,624 INFO     ___FILE_ONLY___ ═
2024-11-20 08:22:30,625 INFO     ___FILE_ONLY___ ═
2024-11-20 08:22:30,626 INFO     ___FILE_ONLY___ ═
2024-11-20 08:22:30,626 INFO     ___FILE_ONLY___ ═
2024-11-20 08:22:30,627 INFO     ___FILE_ONLY___ ═
2024-11-20 08:22:30,627 INFO     ___FILE_ONLY___ ╝

2024-11-20 08:22:30,636 INFO     ___FILE_ONLY___ ╔════════════════════════════════════════════════════════════╗

2024-11-20 08:22:30,636 INFO     ___FILE_ONLY___ ╠═ Installing: Google Cloud CLI Core Libraries (Platform... ═╣

2024-11-20 08:22:30,636 INFO     ___FILE_ONLY___ ╚
2024-11-20 08:22:30,639 INFO     ___FILE_ONLY___ ══════════════════════════════
2024-11-20 08:22:30,639 INFO     ___FILE_ONLY___ ══════════════════════════════
2024-11-20 08:22:30,639 INFO     ___FILE_ONLY___ ╝

2024-11-20 08:22:30,647 INFO     ___FILE_ONLY___ ╔════════════════════════════════════════════════════════════╗

2024-11-20 08:22:30,647 INFO     ___FILE_ONLY___ ╠═ Installing: Minikube                                     ═╣

2024-11-20 08:22:30,647 INFO     ___FILE_ONLY___ ╚
2024-11-20 08:22:30,653 INFO     ___FILE_ONLY___ ════════════════════════════════════════════════════════════
2024-11-20 08:22:30,653 INFO     ___FILE_ONLY___ ╝

2024-11-20 08:22:30,658 INFO     ___FILE_ONLY___ ╔════════════════════════════════════════════════════════════╗

2024-11-20 08:22:30,658 INFO     ___FILE_ONLY___ ╠═ Installing: Minikube (Platform Specific)                 ═╣

2024-11-20 08:22:30,658 INFO     ___FILE_ONLY___ ╚
2024-11-20 08:22:30,991 INFO     ___FILE_ONLY___ ════════════════════════════════════════════════════════════
2024-11-20 08:22:30,991 INFO     ___FILE_ONLY___ ╝

2024-11-20 08:22:31,000 INFO     ___FILE_ONLY___ ╔════════════════════════════════════════════════════════════╗

2024-11-20 08:22:31,000 INFO     ___FILE_ONLY___ ╠═ Installing: Skaffold                                     ═╣

2024-11-20 08:22:31,000 INFO     ___FILE_ONLY___ ╚
2024-11-20 08:22:31,002 INFO     ___FILE_ONLY___ ════════════════════════════════════════════════════════════
2024-11-20 08:22:31,002 INFO     ___FILE_ONLY___ ╝

2024-11-20 08:22:31,006 INFO     ___FILE_ONLY___ ╔════════════════════════════════════════════════════════════╗

2024-11-20 08:22:31,006 INFO     ___FILE_ONLY___ ╠═ Installing: Skaffold (Platform Specific)                 ═╣

2024-11-20 08:22:31,006 INFO     ___FILE_ONLY___ ╚
2024-11-20 08:22:31,287 INFO     ___FILE_ONLY___ ════════════════════════════════════════════════════════════
2024-11-20 08:22:31,287 INFO     ___FILE_ONLY___ ╝

2024-11-20 08:22:31,295 INFO     ___FILE_ONLY___ ╔════════════════════════════════════════════════════════════╗

2024-11-20 08:22:31,295 INFO     ___FILE_ONLY___ ╠═ Installing: gcloud Alpha Commands                        ═╣

2024-11-20 08:22:31,295 INFO     ___FILE_ONLY___ ╚
2024-11-20 08:22:31,297 INFO     ___FILE_ONLY___ ════════════════════════════════════════════════════════════
2024-11-20 08:22:31,297 INFO     ___FILE_ONLY___ ╝

2024-11-20 08:22:31,303 INFO     ___FILE_ONLY___ ╔════════════════════════════════════════════════════════════╗

2024-11-20 08:22:31,303 INFO     ___FILE_ONLY___ ╠═ Installing: gcloud Beta Commands                         ═╣

2024-11-20 08:22:31,303 INFO     ___FILE_ONLY___ ╚
2024-11-20 08:22:31,306 INFO     ___FILE_ONLY___ ════════════════════════════════════════════════════════════
2024-11-20 08:22:31,306 INFO     ___FILE_ONLY___ ╝

2024-11-20 08:22:31,313 INFO     ___FILE_ONLY___ ╔════════════════════════════════════════════════════════════╗

2024-11-20 08:22:31,313 INFO     ___FILE_ONLY___ ╠═ Installing: gcloud cli dependencies (Platform Specific)  ═╣

2024-11-20 08:22:31,313 INFO     ___FILE_ONLY___ ╚
2024-11-20 08:22:31,314 INFO     ___FILE_ONLY___ ════════════════════════════════════════════════════════════
2024-11-20 08:22:31,314 INFO     ___FILE_ONLY___ ╝

2024-11-20 08:22:31,321 INFO     ___FILE_ONLY___ ╔════════════════════════════════════════════════════════════╗

2024-11-20 08:22:31,321 INFO     ___FILE_ONLY___ ╠═ Installing: gke-gcloud-auth-plugin                       ═╣

2024-11-20 08:22:31,321 INFO     ___FILE_ONLY___ ╚
2024-11-20 08:22:31,323 INFO     ___FILE_ONLY___ ════════════════════════════════════════════════════════════
2024-11-20 08:22:31,323 INFO     ___FILE_ONLY___ ╝

2024-11-20 08:22:31,327 INFO     ___FILE_ONLY___ ╔════════════════════════════════════════════════════════════╗

2024-11-20 08:22:31,327 INFO     ___FILE_ONLY___ ╠═ Installing: gke-gcloud-auth-plugin (Platform Specific)   ═╣

2024-11-20 08:22:31,327 INFO     ___FILE_ONLY___ ╚
2024-11-20 08:22:31,376 INFO     ___FILE_ONLY___ ════════════════════════════════════════════════════════════
2024-11-20 08:22:31,376 INFO     ___FILE_ONLY___ ╝

2024-11-20 08:22:31,383 INFO     ___FILE_ONLY___ ╔════════════════════════════════════════════════════════════╗

2024-11-20 08:22:31,383 INFO     ___FILE_ONLY___ ╠═ Installing: kubectl                                      ═╣

2024-11-20 08:22:31,383 INFO     ___FILE_ONLY___ ╚
2024-11-20 08:22:31,387 INFO     ___FILE_ONLY___ ════════════════════════════════════════════════════════════
2024-11-20 08:22:31,387 INFO     ___FILE_ONLY___ ╝

2024-11-20 08:22:31,393 INFO     ___FILE_ONLY___ ╔════════════════════════════════════════════════════════════╗

2024-11-20 08:22:31,393 INFO     ___FILE_ONLY___ ╠═ Installing: kubectl (Platform Specific)                  ═╣

2024-11-20 08:22:31,393 INFO     ___FILE_ONLY___ ╚
2024-11-20 08:22:31,928 INFO     ___FILE_ONLY___ ══════════
2024-11-20 08:22:32,022 INFO     ___FILE_ONLY___ ══════════
2024-11-20 08:22:32,117 INFO     ___FILE_ONLY___ ══════════
2024-11-20 08:22:32,215 INFO     ___FILE_ONLY___ ══════════
2024-11-20 08:22:32,315 INFO     ___FILE_ONLY___ ══════════
2024-11-20 08:22:32,424 INFO     ___FILE_ONLY___ ══════════
2024-11-20 08:22:32,424 INFO     ___FILE_ONLY___ ╝

2024-11-20 08:22:32,447 DEBUG    root            Updating notification cache...
2024-11-20 08:22:32,447 INFO     ___FILE_ONLY___ 

2024-11-20 08:22:32,453 INFO     ___FILE_ONLY___ Performing post processing steps...
2024-11-20 08:22:32,453 DEBUG    root            Executing command: ['/Users/wbrunson/Library/Application Support/cloud-code/installer/google-cloud-sdk/bin/gcloud', 'components', 'post-process', '--no-compile-python']
2024-11-20 08:22:32,938 DEBUG    ___FILE_ONLY___ 
2024-11-20 08:22:32,938 DEBUG    ___FILE_ONLY___ 
2024-11-20 08:22:32,963 INFO     ___FILE_ONLY___ 
Update done!


2024-11-20 08:22:32,966 DEBUG    root            Chosen display Format:none
2024-11-20 08:22:32,966 INFO     root            Display format: "none"
2024-11-20 08:22:32,968 DEBUG    root            Executing command: ['curl', '--silent', '-O', 'https://dl.google.com/dl/cloudsdk/channels/rapid/python-3.11.6-macos11.tar.gz']
2024-11-20 08:22:43,386 DEBUG    root            Executing command: ['tar', '-xf', 'python-3.11.6-macos11.tar.gz']
2024-11-20 08:22:43,468 DEBUG    root            Executing command: ['sudo', 'installer', '-target', '/', '-pkg', './python-3.11.6-macos11.pkg']
