2024-11-20 08:47:37,324 DEBUG    root            Metrics collector initialized...
2024-11-20 08:47:37,324 DEBUG    root            Loaded Command Group: ['gcloud', 'components']
2024-11-20 08:47:37,326 DEBUG    root            Loaded Command Group: ['gcloud', 'components', 'update']
2024-11-20 08:47:37,327 DEBUG    root            Running [gcloud.components.update] with arguments: [--no-compile-python: "False", --quiet: "True", COMPONENT-IDS:6: "['alpha', 'beta', 'gke-gcloud-auth-plugin', 'kubectl', 'skaffold', 'minikube']"]
2024-11-20 08:47:37,327 INFO     ___FILE_ONLY___ Beginning update. This process may take several minutes.

2024-11-20 08:47:37,339 DEBUG    urllib3.connectionpool Starting new HTTPS connection (1): dl.google.com:443
2024-11-20 08:47:37,754 DEBUG    urllib3.connectionpool https://dl.google.com:443 "GET /dl/cloudsdk/channels/rapid/components-2.json HTTP/1.1" 200 227816
2024-11-20 08:47:37,929 INFO     ___FILE_ONLY___ 

2024-11-20 08:47:37,930 INFO     ___FILE_ONLY___ 
Your current Google Cloud CLI version is: 502.0.0

2024-11-20 08:47:37,930 INFO     ___FILE_ONLY___ Installing components from version: 502.0.0

2024-11-20 08:47:37,930 INFO     ___FILE_ONLY___ 

2024-11-20 08:47:37,930 DEBUG    root            Chosen display Format:table[box,title="These components will be removed."](details.display_name:label=Name:align=left,version.version_string:label=Version:align=right,data.size.size(zero="",min=1048576):label=Size:align=right)
2024-11-20 08:47:37,930 DEBUG    root            Chosen display Format:table[box,title="These components will be updated."](details.display_name:label=Name:align=left,version.version_string:label=Version:align=right,data.size.size(zero="",min=1048576):label=Size:align=right)
2024-11-20 08:47:37,931 DEBUG    root            Chosen display Format:table[box,title="These components will be installed."](details.display_name:label=Name:align=left,version.version_string:label=Version:align=right,data.size.size(zero="",min=1048576):label=Size:align=right)
2024-11-20 08:47:37,949 INFO     ___FILE_ONLY___ ┌─────────────────────────────────────────────────────────────────────────────┐
2024-11-20 08:47:37,949 INFO     ___FILE_ONLY___ 

2024-11-20 08:47:37,949 INFO     ___FILE_ONLY___ │                     These components will be installed.                     │
2024-11-20 08:47:37,949 INFO     ___FILE_ONLY___ 

2024-11-20 08:47:37,949 INFO     ___FILE_ONLY___ ├─────────────────────────────────────────────────────┬────────────┬──────────┤
2024-11-20 08:47:37,949 INFO     ___FILE_ONLY___ 

2024-11-20 08:47:37,949 INFO     ___FILE_ONLY___ │                         Name                        │  Version   │   Size   │
2024-11-20 08:47:37,949 INFO     ___FILE_ONLY___ 

2024-11-20 08:47:37,949 INFO     ___FILE_ONLY___ ├─────────────────────────────────────────────────────┼────────────┼──────────┤
2024-11-20 08:47:37,949 INFO     ___FILE_ONLY___ 

2024-11-20 08:47:37,949 INFO     ___FILE_ONLY___ │ 
2024-11-20 08:47:37,950 INFO     ___FILE_ONLY___ Google Cloud CLI Core Libraries (Platform Specific)
2024-11-20 08:47:37,950 INFO     ___FILE_ONLY___  
2024-11-20 08:47:37,950 INFO     ___FILE_ONLY___ │ 
2024-11-20 08:47:37,950 INFO     ___FILE_ONLY___ 2024.08.30
2024-11-20 08:47:37,950 INFO     ___FILE_ONLY___  
2024-11-20 08:47:37,950 INFO     ___FILE_ONLY___ │ 
2024-11-20 08:47:37,950 INFO     ___FILE_ONLY___  < 1 MiB
2024-11-20 08:47:37,950 INFO     ___FILE_ONLY___  
2024-11-20 08:47:37,950 INFO     ___FILE_ONLY___ │
2024-11-20 08:47:37,950 INFO     ___FILE_ONLY___ 

2024-11-20 08:47:37,950 INFO     ___FILE_ONLY___ │ 
2024-11-20 08:47:37,950 INFO     ___FILE_ONLY___ Minikube (Platform Specific)                       
2024-11-20 08:47:37,950 INFO     ___FILE_ONLY___  
2024-11-20 08:47:37,950 INFO     ___FILE_ONLY___ │ 
2024-11-20 08:47:37,950 INFO     ___FILE_ONLY___     1.34.0
2024-11-20 08:47:37,950 INFO     ___FILE_ONLY___  
2024-11-20 08:47:37,950 INFO     ___FILE_ONLY___ │ 
2024-11-20 08:47:37,950 INFO     ___FILE_ONLY___ 37.2 MiB
2024-11-20 08:47:37,950 INFO     ___FILE_ONLY___  
2024-11-20 08:47:37,950 INFO     ___FILE_ONLY___ │
2024-11-20 08:47:37,950 INFO     ___FILE_ONLY___ 

2024-11-20 08:47:37,950 INFO     ___FILE_ONLY___ │ 
2024-11-20 08:47:37,950 INFO     ___FILE_ONLY___ Skaffold (Platform Specific)                       
2024-11-20 08:47:37,950 INFO     ___FILE_ONLY___  
2024-11-20 08:47:37,950 INFO     ___FILE_ONLY___ │ 
2024-11-20 08:47:37,950 INFO     ___FILE_ONLY___     2.13.1
2024-11-20 08:47:37,950 INFO     ___FILE_ONLY___  
2024-11-20 08:47:37,950 INFO     ___FILE_ONLY___ │ 
2024-11-20 08:47:37,950 INFO     ___FILE_ONLY___ 22.9 MiB
2024-11-20 08:47:37,950 INFO     ___FILE_ONLY___  
2024-11-20 08:47:37,950 INFO     ___FILE_ONLY___ │
2024-11-20 08:47:37,950 INFO     ___FILE_ONLY___ 

2024-11-20 08:47:37,950 INFO     ___FILE_ONLY___ │ 
2024-11-20 08:47:37,950 INFO     ___FILE_ONLY___ gcloud Alpha Commands                              
2024-11-20 08:47:37,950 INFO     ___FILE_ONLY___  
2024-11-20 08:47:37,950 INFO     ___FILE_ONLY___ │ 
2024-11-20 08:47:37,950 INFO     ___FILE_ONLY___ 2024.11.15
2024-11-20 08:47:37,950 INFO     ___FILE_ONLY___  
2024-11-20 08:47:37,950 INFO     ___FILE_ONLY___ │ 
2024-11-20 08:47:37,950 INFO     ___FILE_ONLY___  < 1 MiB
2024-11-20 08:47:37,950 INFO     ___FILE_ONLY___  
2024-11-20 08:47:37,950 INFO     ___FILE_ONLY___ │
2024-11-20 08:47:37,950 INFO     ___FILE_ONLY___ 

2024-11-20 08:47:37,950 INFO     ___FILE_ONLY___ │ 
2024-11-20 08:47:37,950 INFO     ___FILE_ONLY___ gcloud Beta Commands                               
2024-11-20 08:47:37,950 INFO     ___FILE_ONLY___  
2024-11-20 08:47:37,951 INFO     ___FILE_ONLY___ │ 
2024-11-20 08:47:37,951 INFO     ___FILE_ONLY___ 2024.11.15
2024-11-20 08:47:37,951 INFO     ___FILE_ONLY___  
2024-11-20 08:47:37,951 INFO     ___FILE_ONLY___ │ 
2024-11-20 08:47:37,951 INFO     ___FILE_ONLY___  < 1 MiB
2024-11-20 08:47:37,951 INFO     ___FILE_ONLY___  
2024-11-20 08:47:37,951 INFO     ___FILE_ONLY___ │
2024-11-20 08:47:37,951 INFO     ___FILE_ONLY___ 

2024-11-20 08:47:37,951 INFO     ___FILE_ONLY___ │ 
2024-11-20 08:47:37,951 INFO     ___FILE_ONLY___ gcloud cli dependencies (Platform Specific)        
2024-11-20 08:47:37,951 INFO     ___FILE_ONLY___  
2024-11-20 08:47:37,951 INFO     ___FILE_ONLY___ │ 
2024-11-20 08:47:37,951 INFO     ___FILE_ONLY___ 2021.04.16
2024-11-20 08:47:37,951 INFO     ___FILE_ONLY___  
2024-11-20 08:47:37,951 INFO     ___FILE_ONLY___ │ 
2024-11-20 08:47:37,951 INFO     ___FILE_ONLY___  < 1 MiB
2024-11-20 08:47:37,951 INFO     ___FILE_ONLY___  
2024-11-20 08:47:37,951 INFO     ___FILE_ONLY___ │
2024-11-20 08:47:37,951 INFO     ___FILE_ONLY___ 

2024-11-20 08:47:37,951 INFO     ___FILE_ONLY___ │ 
2024-11-20 08:47:37,951 INFO     ___FILE_ONLY___ gke-gcloud-auth-plugin (Platform Specific)         
2024-11-20 08:47:37,951 INFO     ___FILE_ONLY___  
2024-11-20 08:47:37,951 INFO     ___FILE_ONLY___ │ 
2024-11-20 08:47:37,951 INFO     ___FILE_ONLY___      0.5.9
2024-11-20 08:47:37,951 INFO     ___FILE_ONLY___  
2024-11-20 08:47:37,951 INFO     ___FILE_ONLY___ │ 
2024-11-20 08:47:37,951 INFO     ___FILE_ONLY___  4.0 MiB
2024-11-20 08:47:37,951 INFO     ___FILE_ONLY___  
2024-11-20 08:47:37,951 INFO     ___FILE_ONLY___ │
2024-11-20 08:47:37,951 INFO     ___FILE_ONLY___ 

2024-11-20 08:47:37,951 INFO     ___FILE_ONLY___ │ 
2024-11-20 08:47:37,951 INFO     ___FILE_ONLY___ kubectl                                            
2024-11-20 08:47:37,951 INFO     ___FILE_ONLY___  
2024-11-20 08:47:37,951 INFO     ___FILE_ONLY___ │ 
2024-11-20 08:47:37,951 INFO     ___FILE_ONLY___     1.30.5
2024-11-20 08:47:37,951 INFO     ___FILE_ONLY___  
2024-11-20 08:47:37,951 INFO     ___FILE_ONLY___ │ 
2024-11-20 08:47:37,951 INFO     ___FILE_ONLY___  < 1 MiB
2024-11-20 08:47:37,951 INFO     ___FILE_ONLY___  
2024-11-20 08:47:37,951 INFO     ___FILE_ONLY___ │
2024-11-20 08:47:37,951 INFO     ___FILE_ONLY___ 

2024-11-20 08:47:37,951 INFO     ___FILE_ONLY___ │ 
2024-11-20 08:47:37,951 INFO     ___FILE_ONLY___ kubectl (Platform Specific)                        
2024-11-20 08:47:37,951 INFO     ___FILE_ONLY___  
2024-11-20 08:47:37,951 INFO     ___FILE_ONLY___ │ 
2024-11-20 08:47:37,951 INFO     ___FILE_ONLY___     1.30.6
2024-11-20 08:47:37,951 INFO     ___FILE_ONLY___  
2024-11-20 08:47:37,951 INFO     ___FILE_ONLY___ │ 
2024-11-20 08:47:37,952 INFO     ___FILE_ONLY___ 86.1 MiB
2024-11-20 08:47:37,952 INFO     ___FILE_ONLY___  
2024-11-20 08:47:37,952 INFO     ___FILE_ONLY___ │
2024-11-20 08:47:37,952 INFO     ___FILE_ONLY___ 

2024-11-20 08:47:37,952 INFO     ___FILE_ONLY___ └─────────────────────────────────────────────────────┴────────────┴──────────┘
2024-11-20 08:47:37,952 INFO     ___FILE_ONLY___ 

2024-11-20 08:47:37,952 INFO     ___FILE_ONLY___ 

2024-11-20 08:47:37,953 DEBUG    urllib3.connectionpool Starting new HTTPS connection (1): dl.google.com:443
2024-11-20 08:47:38,505 DEBUG    urllib3.connectionpool https://dl.google.com:443 "GET /dl/cloudsdk/channels/rapid/RELEASE_NOTES HTTP/1.1" 200 1314602
2024-11-20 08:47:39,111 INFO     ___FILE_ONLY___ For the latest full release notes, please visit:
  https://cloud.google.com/sdk/release_notes


2024-11-20 08:47:39,111 INFO     ___FILE_ONLY___ Performing in place update...


2024-11-20 08:47:39,130 INFO     ___FILE_ONLY___ ╔════════════════════════════════════════════════════════════╗

2024-11-20 08:47:39,131 INFO     ___FILE_ONLY___ ╠═ Downloading: Google Cloud CLI Core Libraries (Platfor... ═╣

2024-11-20 08:47:39,131 INFO     ___FILE_ONLY___ ╚
2024-11-20 08:47:39,134 DEBUG    urllib3.connectionpool Starting new HTTPS connection (1): dl.google.com:443
2024-11-20 08:47:39,638 DEBUG    urllib3.connectionpool https://dl.google.com:443 "GET /dl/cloudsdk/channels/rapid/components/google-cloud-sdk-core-nix-20240830134514.tar.gz HTTP/1.1" 200 2306
2024-11-20 08:47:39,640 INFO     ___FILE_ONLY___ ════════════════════════════════════════════════════════════
2024-11-20 08:47:39,640 INFO     ___FILE_ONLY___ ╝

2024-11-20 08:47:39,650 INFO     ___FILE_ONLY___ ╔════════════════════════════════════════════════════════════╗

2024-11-20 08:47:39,650 INFO     ___FILE_ONLY___ ╠═ Downloading: Minikube                                    ═╣

2024-11-20 08:47:39,651 INFO     ___FILE_ONLY___ ╚
2024-11-20 08:47:39,651 INFO     ___FILE_ONLY___ ════════════════════════════════════════════════════════════
2024-11-20 08:47:39,651 INFO     ___FILE_ONLY___ ╝

2024-11-20 08:47:39,661 INFO     ___FILE_ONLY___ ╔════════════════════════════════════════════════════════════╗

2024-11-20 08:47:39,661 INFO     ___FILE_ONLY___ ╠═ Downloading: Minikube (Platform Specific)                ═╣

2024-11-20 08:47:39,661 INFO     ___FILE_ONLY___ ╚
2024-11-20 08:47:39,665 DEBUG    urllib3.connectionpool Starting new HTTPS connection (1): dl.google.com:443
2024-11-20 08:47:40,067 DEBUG    urllib3.connectionpool https://dl.google.com:443 "GET /dl/cloudsdk/channels/rapid/components/google-cloud-sdk-minikube-darwin-arm-20240927140238.tar.gz HTTP/1.1" 200 38981244
2024-11-20 08:47:49,644 INFO     ___FILE_ONLY___ ═
2024-11-20 08:47:49,645 INFO     ___FILE_ONLY___ ═
2024-11-20 08:47:49,645 INFO     ___FILE_ONLY___ ═
2024-11-20 08:47:49,645 INFO     ___FILE_ONLY___ ═
2024-11-20 08:47:49,646 INFO     ___FILE_ONLY___ ═
2024-11-20 08:47:49,646 INFO     ___FILE_ONLY___ ═
2024-11-20 08:47:49,646 INFO     ___FILE_ONLY___ ═
2024-11-20 08:47:49,647 INFO     ___FILE_ONLY___ ═
2024-11-20 08:47:49,647 INFO     ___FILE_ONLY___ ═
2024-11-20 08:47:49,647 INFO     ___FILE_ONLY___ ═
2024-11-20 08:47:49,647 INFO     ___FILE_ONLY___ ═
2024-11-20 08:47:49,648 INFO     ___FILE_ONLY___ ═
2024-11-20 08:47:49,648 INFO     ___FILE_ONLY___ ═
2024-11-20 08:47:49,649 INFO     ___FILE_ONLY___ ═
2024-11-20 08:47:49,649 INFO     ___FILE_ONLY___ ═
2024-11-20 08:47:49,649 INFO     ___FILE_ONLY___ ═
2024-11-20 08:47:49,650 INFO     ___FILE_ONLY___ ═
2024-11-20 08:47:49,650 INFO     ___FILE_ONLY___ ═
2024-11-20 08:47:49,650 INFO     ___FILE_ONLY___ ═
2024-11-20 08:47:49,651 INFO     ___FILE_ONLY___ ═
2024-11-20 08:47:49,654 INFO     ___FILE_ONLY___ ═
2024-11-20 08:47:49,654 INFO     ___FILE_ONLY___ ═
2024-11-20 08:47:49,655 INFO     ___FILE_ONLY___ ═
2024-11-20 08:47:49,655 INFO     ___FILE_ONLY___ ═
2024-11-20 08:47:49,655 INFO     ___FILE_ONLY___ ═
2024-11-20 08:47:49,656 INFO     ___FILE_ONLY___ ═
2024-11-20 08:47:49,656 INFO     ___FILE_ONLY___ ═
2024-11-20 08:47:49,657 INFO     ___FILE_ONLY___ ═
2024-11-20 08:47:49,657 INFO     ___FILE_ONLY___ ═
2024-11-20 08:47:49,657 INFO     ___FILE_ONLY___ ═
2024-11-20 08:47:49,657 INFO     ___FILE_ONLY___ ═
2024-11-20 08:47:49,658 INFO     ___FILE_ONLY___ ═
2024-11-20 08:47:49,661 INFO     ___FILE_ONLY___ ═
2024-11-20 08:47:49,662 INFO     ___FILE_ONLY___ ═
2024-11-20 08:47:49,662 INFO     ___FILE_ONLY___ ═
2024-11-20 08:47:49,662 INFO     ___FILE_ONLY___ ═
2024-11-20 08:47:49,662 INFO     ___FILE_ONLY___ ═
2024-11-20 08:47:49,663 INFO     ___FILE_ONLY___ ═
2024-11-20 08:47:49,663 INFO     ___FILE_ONLY___ ═
2024-11-20 08:47:49,663 INFO     ___FILE_ONLY___ ═
2024-11-20 08:47:49,664 INFO     ___FILE_ONLY___ ═
2024-11-20 08:47:49,664 INFO     ___FILE_ONLY___ ═
2024-11-20 08:47:49,664 INFO     ___FILE_ONLY___ ═
2024-11-20 08:47:49,665 INFO     ___FILE_ONLY___ ═
2024-11-20 08:47:49,665 INFO     ___FILE_ONLY___ ═
2024-11-20 08:47:49,668 INFO     ___FILE_ONLY___ ═
2024-11-20 08:47:49,669 INFO     ___FILE_ONLY___ ═
2024-11-20 08:47:49,670 INFO     ___FILE_ONLY___ ═
2024-11-20 08:47:49,670 INFO     ___FILE_ONLY___ ═
2024-11-20 08:47:49,672 INFO     ___FILE_ONLY___ ═
2024-11-20 08:47:49,672 INFO     ___FILE_ONLY___ ═
2024-11-20 08:47:49,673 INFO     ___FILE_ONLY___ ═
2024-11-20 08:47:49,673 INFO     ___FILE_ONLY___ ═
2024-11-20 08:47:49,674 INFO     ___FILE_ONLY___ ═
2024-11-20 08:47:49,677 INFO     ___FILE_ONLY___ ═
2024-11-20 08:47:49,683 INFO     ___FILE_ONLY___ ═
2024-11-20 08:47:49,686 INFO     ___FILE_ONLY___ ═
2024-11-20 08:47:49,686 INFO     ___FILE_ONLY___ ═
2024-11-20 08:47:49,687 INFO     ___FILE_ONLY___ ═
2024-11-20 08:47:49,688 INFO     ___FILE_ONLY___ ═
2024-11-20 08:47:49,688 INFO     ___FILE_ONLY___ ╝

2024-11-20 08:47:49,695 INFO     ___FILE_ONLY___ ╔════════════════════════════════════════════════════════════╗

2024-11-20 08:47:49,698 INFO     ___FILE_ONLY___ ╠═ Downloading: Skaffold                                    ═╣

2024-11-20 08:47:49,698 INFO     ___FILE_ONLY___ ╚
2024-11-20 08:47:49,698 INFO     ___FILE_ONLY___ ════════════════════════════════════════════════════════════
2024-11-20 08:47:49,698 INFO     ___FILE_ONLY___ ╝

2024-11-20 08:47:49,702 INFO     ___FILE_ONLY___ ╔════════════════════════════════════════════════════════════╗

2024-11-20 08:47:49,702 INFO     ___FILE_ONLY___ ╠═ Downloading: Skaffold (Platform Specific)                ═╣

2024-11-20 08:47:49,702 INFO     ___FILE_ONLY___ ╚
2024-11-20 08:47:49,705 DEBUG    urllib3.connectionpool Starting new HTTPS connection (1): dl.google.com:443
2024-11-20 08:47:50,082 DEBUG    urllib3.connectionpool https://dl.google.com:443 "GET /dl/cloudsdk/channels/rapid/components/google-cloud-sdk-skaffold-darwin-arm-20240806142304.tar.gz HTTP/1.1" 200 24031362
2024-11-20 08:47:56,024 INFO     ___FILE_ONLY___ ═
2024-11-20 08:47:56,025 INFO     ___FILE_ONLY___ ═
2024-11-20 08:47:56,025 INFO     ___FILE_ONLY___ ═
2024-11-20 08:47:56,026 INFO     ___FILE_ONLY___ ═
2024-11-20 08:47:56,027 INFO     ___FILE_ONLY___ ═
2024-11-20 08:47:56,027 INFO     ___FILE_ONLY___ ═
2024-11-20 08:47:56,028 INFO     ___FILE_ONLY___ ═
2024-11-20 08:47:56,028 INFO     ___FILE_ONLY___ ═
2024-11-20 08:47:56,028 INFO     ___FILE_ONLY___ ═
2024-11-20 08:47:56,029 INFO     ___FILE_ONLY___ ═
2024-11-20 08:47:56,029 INFO     ___FILE_ONLY___ ═
2024-11-20 08:47:56,029 INFO     ___FILE_ONLY___ ═
2024-11-20 08:47:56,029 INFO     ___FILE_ONLY___ ═
2024-11-20 08:47:56,030 INFO     ___FILE_ONLY___ ═
2024-11-20 08:47:56,030 INFO     ___FILE_ONLY___ ═
2024-11-20 08:47:56,030 INFO     ___FILE_ONLY___ ═
2024-11-20 08:47:56,030 INFO     ___FILE_ONLY___ ═
2024-11-20 08:47:56,030 INFO     ___FILE_ONLY___ ═
2024-11-20 08:47:56,031 INFO     ___FILE_ONLY___ ═
2024-11-20 08:47:56,031 INFO     ___FILE_ONLY___ ═
2024-11-20 08:47:56,031 INFO     ___FILE_ONLY___ ═
2024-11-20 08:47:56,032 INFO     ___FILE_ONLY___ ═
2024-11-20 08:47:56,032 INFO     ___FILE_ONLY___ ═
2024-11-20 08:47:56,032 INFO     ___FILE_ONLY___ ═
2024-11-20 08:47:56,032 INFO     ___FILE_ONLY___ ═
2024-11-20 08:47:56,033 INFO     ___FILE_ONLY___ ═
2024-11-20 08:47:56,033 INFO     ___FILE_ONLY___ ═
2024-11-20 08:47:56,033 INFO     ___FILE_ONLY___ ═
2024-11-20 08:47:56,033 INFO     ___FILE_ONLY___ ═
2024-11-20 08:47:56,034 INFO     ___FILE_ONLY___ ═
2024-11-20 08:47:56,034 INFO     ___FILE_ONLY___ ═
2024-11-20 08:47:56,034 INFO     ___FILE_ONLY___ ═
2024-11-20 08:47:56,034 INFO     ___FILE_ONLY___ ═
2024-11-20 08:47:56,035 INFO     ___FILE_ONLY___ ═
2024-11-20 08:47:56,035 INFO     ___FILE_ONLY___ ═
2024-11-20 08:47:56,035 INFO     ___FILE_ONLY___ ═
2024-11-20 08:47:56,035 INFO     ___FILE_ONLY___ ═
2024-11-20 08:47:56,035 INFO     ___FILE_ONLY___ ═
2024-11-20 08:47:56,036 INFO     ___FILE_ONLY___ ═
2024-11-20 08:47:56,036 INFO     ___FILE_ONLY___ ═
2024-11-20 08:47:56,036 INFO     ___FILE_ONLY___ ═
2024-11-20 08:47:56,037 INFO     ___FILE_ONLY___ ═
2024-11-20 08:47:56,037 INFO     ___FILE_ONLY___ ═
2024-11-20 08:47:56,037 INFO     ___FILE_ONLY___ ═
2024-11-20 08:47:56,038 INFO     ___FILE_ONLY___ ═
2024-11-20 08:47:56,038 INFO     ___FILE_ONLY___ ═
2024-11-20 08:47:56,038 INFO     ___FILE_ONLY___ ═
2024-11-20 08:47:56,039 INFO     ___FILE_ONLY___ ═
2024-11-20 08:47:56,039 INFO     ___FILE_ONLY___ ═
2024-11-20 08:47:56,039 INFO     ___FILE_ONLY___ ═
2024-11-20 08:47:56,040 INFO     ___FILE_ONLY___ ═
2024-11-20 08:47:56,040 INFO     ___FILE_ONLY___ ═
2024-11-20 08:47:56,040 INFO     ___FILE_ONLY___ ═
2024-11-20 08:47:56,041 INFO     ___FILE_ONLY___ ═
2024-11-20 08:47:56,041 INFO     ___FILE_ONLY___ ═
2024-11-20 08:47:56,041 INFO     ___FILE_ONLY___ ═
2024-11-20 08:47:56,042 INFO     ___FILE_ONLY___ ═
2024-11-20 08:47:56,042 INFO     ___FILE_ONLY___ ═
2024-11-20 08:47:56,042 INFO     ___FILE_ONLY___ ═
2024-11-20 08:47:56,042 INFO     ___FILE_ONLY___ ═
2024-11-20 08:47:56,042 INFO     ___FILE_ONLY___ ╝

2024-11-20 08:47:56,049 INFO     ___FILE_ONLY___ ╔════════════════════════════════════════════════════════════╗

2024-11-20 08:47:56,049 INFO     ___FILE_ONLY___ ╠═ Downloading: gcloud Alpha Commands                       ═╣

2024-11-20 08:47:56,049 INFO     ___FILE_ONLY___ ╚
2024-11-20 08:47:56,052 DEBUG    urllib3.connectionpool Starting new HTTPS connection (1): dl.google.com:443
2024-11-20 08:47:56,332 DEBUG    urllib3.connectionpool https://dl.google.com:443 "GET /dl/cloudsdk/channels/rapid/components/google-cloud-sdk-alpha-20241115154308.tar.gz HTTP/1.1" 200 800
2024-11-20 08:47:56,333 INFO     ___FILE_ONLY___ ════════════════════════════════════════════════════════════
2024-11-20 08:47:56,334 INFO     ___FILE_ONLY___ ╝

2024-11-20 08:47:56,348 INFO     ___FILE_ONLY___ ╔════════════════════════════════════════════════════════════╗

2024-11-20 08:47:56,349 INFO     ___FILE_ONLY___ ╠═ Downloading: gcloud Beta Commands                        ═╣

2024-11-20 08:47:56,349 INFO     ___FILE_ONLY___ ╚
2024-11-20 08:47:56,353 DEBUG    urllib3.connectionpool Starting new HTTPS connection (1): dl.google.com:443
2024-11-20 08:47:56,601 DEBUG    urllib3.connectionpool https://dl.google.com:443 "GET /dl/cloudsdk/channels/rapid/components/google-cloud-sdk-beta-20241115154308.tar.gz HTTP/1.1" 200 797
2024-11-20 08:47:56,603 INFO     ___FILE_ONLY___ ════════════════════════════════════════════════════════════
2024-11-20 08:47:56,603 INFO     ___FILE_ONLY___ ╝

2024-11-20 08:47:56,615 INFO     ___FILE_ONLY___ ╔════════════════════════════════════════════════════════════╗

2024-11-20 08:47:56,616 INFO     ___FILE_ONLY___ ╠═ Downloading: gcloud cli dependencies (Platform Specific) ═╣

2024-11-20 08:47:56,616 INFO     ___FILE_ONLY___ ╚
2024-11-20 08:47:56,620 DEBUG    urllib3.connectionpool Starting new HTTPS connection (1): dl.google.com:443
2024-11-20 08:47:56,906 DEBUG    urllib3.connectionpool https://dl.google.com:443 "GET /dl/cloudsdk/channels/rapid/components/google-cloud-sdk-gcloud-deps-darwin-x86_64-20210416153011.tar.gz HTTP/1.1" 200 105
2024-11-20 08:47:56,908 INFO     ___FILE_ONLY___ ════════════════════════════════════════════════════════════
2024-11-20 08:47:56,909 INFO     ___FILE_ONLY___ ╝

2024-11-20 08:47:56,922 INFO     ___FILE_ONLY___ ╔════════════════════════════════════════════════════════════╗

2024-11-20 08:47:56,922 INFO     ___FILE_ONLY___ ╠═ Downloading: gke-gcloud-auth-plugin                      ═╣

2024-11-20 08:47:56,923 INFO     ___FILE_ONLY___ ╚
2024-11-20 08:47:56,923 INFO     ___FILE_ONLY___ ════════════════════════════════════════════════════════════
2024-11-20 08:47:56,923 INFO     ___FILE_ONLY___ ╝

2024-11-20 08:47:56,928 INFO     ___FILE_ONLY___ ╔════════════════════════════════════════════════════════════╗

2024-11-20 08:47:56,928 INFO     ___FILE_ONLY___ ╠═ Downloading: gke-gcloud-auth-plugin (Platform Specific)  ═╣

2024-11-20 08:47:56,928 INFO     ___FILE_ONLY___ ╚
2024-11-20 08:47:56,931 DEBUG    urllib3.connectionpool Starting new HTTPS connection (1): dl.google.com:443
2024-11-20 08:47:57,182 DEBUG    urllib3.connectionpool https://dl.google.com:443 "GET /dl/cloudsdk/channels/rapid/components/google-cloud-sdk-gke-gcloud-auth-plugin-darwin-arm-20240628141907.tar.gz HTTP/1.1" 200 4148014
2024-11-20 08:47:57,971 INFO     ___FILE_ONLY___ ═
2024-11-20 08:47:57,972 INFO     ___FILE_ONLY___ ═
2024-11-20 08:47:57,972 INFO     ___FILE_ONLY___ ═
2024-11-20 08:47:57,972 INFO     ___FILE_ONLY___ ═
2024-11-20 08:47:57,973 INFO     ___FILE_ONLY___ ═
2024-11-20 08:47:57,973 INFO     ___FILE_ONLY___ ═
2024-11-20 08:47:57,973 INFO     ___FILE_ONLY___ ═
2024-11-20 08:47:57,973 INFO     ___FILE_ONLY___ ═
2024-11-20 08:47:57,973 INFO     ___FILE_ONLY___ ═
2024-11-20 08:47:57,973 INFO     ___FILE_ONLY___ ═
2024-11-20 08:47:57,974 INFO     ___FILE_ONLY___ ═
2024-11-20 08:47:57,974 INFO     ___FILE_ONLY___ ═
2024-11-20 08:47:57,974 INFO     ___FILE_ONLY___ ═
2024-11-20 08:47:57,974 INFO     ___FILE_ONLY___ ═
2024-11-20 08:47:57,974 INFO     ___FILE_ONLY___ ═
2024-11-20 08:47:57,974 INFO     ___FILE_ONLY___ ═
2024-11-20 08:47:57,975 INFO     ___FILE_ONLY___ ═
2024-11-20 08:47:57,975 INFO     ___FILE_ONLY___ ═
2024-11-20 08:47:57,975 INFO     ___FILE_ONLY___ ═
2024-11-20 08:47:57,975 INFO     ___FILE_ONLY___ ═
2024-11-20 08:47:57,975 INFO     ___FILE_ONLY___ ═
2024-11-20 08:47:57,975 INFO     ___FILE_ONLY___ ═
2024-11-20 08:47:57,975 INFO     ___FILE_ONLY___ ═
2024-11-20 08:47:57,976 INFO     ___FILE_ONLY___ ═
2024-11-20 08:47:57,976 INFO     ___FILE_ONLY___ ═
2024-11-20 08:47:57,976 INFO     ___FILE_ONLY___ ═
2024-11-20 08:47:57,976 INFO     ___FILE_ONLY___ ═
2024-11-20 08:47:57,976 INFO     ___FILE_ONLY___ ═
2024-11-20 08:47:57,976 INFO     ___FILE_ONLY___ ═
2024-11-20 08:47:57,976 INFO     ___FILE_ONLY___ ═
2024-11-20 08:47:57,977 INFO     ___FILE_ONLY___ ═
2024-11-20 08:47:57,977 INFO     ___FILE_ONLY___ ═
2024-11-20 08:47:57,977 INFO     ___FILE_ONLY___ ═
2024-11-20 08:47:57,977 INFO     ___FILE_ONLY___ ═
2024-11-20 08:47:57,977 INFO     ___FILE_ONLY___ ═
2024-11-20 08:47:57,977 INFO     ___FILE_ONLY___ ═
2024-11-20 08:47:57,977 INFO     ___FILE_ONLY___ ═
2024-11-20 08:47:57,978 INFO     ___FILE_ONLY___ ═
2024-11-20 08:47:57,978 INFO     ___FILE_ONLY___ ═
2024-11-20 08:47:57,978 INFO     ___FILE_ONLY___ ═
2024-11-20 08:47:57,978 INFO     ___FILE_ONLY___ ═
2024-11-20 08:47:57,978 INFO     ___FILE_ONLY___ ═
2024-11-20 08:47:57,978 INFO     ___FILE_ONLY___ ═
2024-11-20 08:47:57,978 INFO     ___FILE_ONLY___ ═
2024-11-20 08:47:57,978 INFO     ___FILE_ONLY___ ═
2024-11-20 08:47:57,979 INFO     ___FILE_ONLY___ ═
2024-11-20 08:47:57,979 INFO     ___FILE_ONLY___ ═
2024-11-20 08:47:57,979 INFO     ___FILE_ONLY___ ═
2024-11-20 08:47:57,979 INFO     ___FILE_ONLY___ ═
2024-11-20 08:47:57,979 INFO     ___FILE_ONLY___ ═
2024-11-20 08:47:57,979 INFO     ___FILE_ONLY___ ═
2024-11-20 08:47:57,979 INFO     ___FILE_ONLY___ ═
2024-11-20 08:47:57,979 INFO     ___FILE_ONLY___ ═
2024-11-20 08:47:57,980 INFO     ___FILE_ONLY___ ═
2024-11-20 08:47:57,980 INFO     ___FILE_ONLY___ ═
2024-11-20 08:47:57,980 INFO     ___FILE_ONLY___ ═
2024-11-20 08:47:57,980 INFO     ___FILE_ONLY___ ═
2024-11-20 08:47:57,981 INFO     ___FILE_ONLY___ ═
2024-11-20 08:47:57,981 INFO     ___FILE_ONLY___ ═
2024-11-20 08:47:57,981 INFO     ___FILE_ONLY___ ═
2024-11-20 08:47:57,981 INFO     ___FILE_ONLY___ ╝

2024-11-20 08:47:57,989 INFO     ___FILE_ONLY___ ╔════════════════════════════════════════════════════════════╗

2024-11-20 08:47:57,989 INFO     ___FILE_ONLY___ ╠═ Downloading: kubectl                                     ═╣

2024-11-20 08:47:57,989 INFO     ___FILE_ONLY___ ╚
2024-11-20 08:47:57,997 DEBUG    urllib3.connectionpool Starting new HTTPS connection (1): dl.google.com:443
2024-11-20 08:47:58,446 DEBUG    urllib3.connectionpool https://dl.google.com:443 "GET /dl/cloudsdk/channels/rapid/components/google-cloud-sdk-kubectl-20241004144944.tar.gz HTTP/1.1" 200 36206
2024-11-20 08:47:58,501 INFO     ___FILE_ONLY___ ═══════════════════════════
2024-11-20 08:47:58,502 INFO     ___FILE_ONLY___ ═══════════════════════════
2024-11-20 08:47:58,502 INFO     ___FILE_ONLY___ ══════
2024-11-20 08:47:58,502 INFO     ___FILE_ONLY___ ╝

2024-11-20 08:47:58,514 INFO     ___FILE_ONLY___ ╔════════════════════════════════════════════════════════════╗

2024-11-20 08:47:58,514 INFO     ___FILE_ONLY___ ╠═ Downloading: kubectl (Platform Specific)                 ═╣

2024-11-20 08:47:58,514 INFO     ___FILE_ONLY___ ╚
2024-11-20 08:47:58,517 DEBUG    urllib3.connectionpool Starting new HTTPS connection (1): dl.google.com:443
2024-11-20 08:47:58,853 DEBUG    urllib3.connectionpool https://dl.google.com:443 "GET /dl/cloudsdk/channels/rapid/components/google-cloud-sdk-kubectl-darwin-arm-20241108162203.tar.gz HTTP/1.1" 200 90277960
2024-11-20 08:48:24,278 INFO     ___FILE_ONLY___ ═
2024-11-20 08:48:24,280 INFO     ___FILE_ONLY___ ═
2024-11-20 08:48:24,281 INFO     ___FILE_ONLY___ ═
2024-11-20 08:48:24,282 INFO     ___FILE_ONLY___ ═
2024-11-20 08:48:24,283 INFO     ___FILE_ONLY___ ═
2024-11-20 08:48:24,284 INFO     ___FILE_ONLY___ ═
2024-11-20 08:48:24,285 INFO     ___FILE_ONLY___ ═
2024-11-20 08:48:24,286 INFO     ___FILE_ONLY___ ═
2024-11-20 08:48:24,287 INFO     ___FILE_ONLY___ ═
2024-11-20 08:48:24,288 INFO     ___FILE_ONLY___ ═
2024-11-20 08:48:24,289 INFO     ___FILE_ONLY___ ═
2024-11-20 08:48:24,290 INFO     ___FILE_ONLY___ ═
2024-11-20 08:48:24,291 INFO     ___FILE_ONLY___ ═
2024-11-20 08:48:24,292 INFO     ___FILE_ONLY___ ═
2024-11-20 08:48:24,292 INFO     ___FILE_ONLY___ ═
2024-11-20 08:48:24,293 INFO     ___FILE_ONLY___ ═
2024-11-20 08:48:24,295 INFO     ___FILE_ONLY___ ═
2024-11-20 08:48:24,295 INFO     ___FILE_ONLY___ ═
2024-11-20 08:48:24,296 INFO     ___FILE_ONLY___ ═
2024-11-20 08:48:24,297 INFO     ___FILE_ONLY___ ═
2024-11-20 08:48:24,298 INFO     ___FILE_ONLY___ ═
2024-11-20 08:48:24,298 INFO     ___FILE_ONLY___ ═
2024-11-20 08:48:24,300 INFO     ___FILE_ONLY___ ═
2024-11-20 08:48:24,300 INFO     ___FILE_ONLY___ ═
2024-11-20 08:48:24,301 INFO     ___FILE_ONLY___ ═
2024-11-20 08:48:24,302 INFO     ___FILE_ONLY___ ═
2024-11-20 08:48:24,303 INFO     ___FILE_ONLY___ ═
2024-11-20 08:48:24,304 INFO     ___FILE_ONLY___ ═
2024-11-20 08:48:24,305 INFO     ___FILE_ONLY___ ═
2024-11-20 08:48:24,306 INFO     ___FILE_ONLY___ ═
2024-11-20 08:48:24,307 INFO     ___FILE_ONLY___ ═
2024-11-20 08:48:24,308 INFO     ___FILE_ONLY___ ═
2024-11-20 08:48:24,309 INFO     ___FILE_ONLY___ ═
2024-11-20 08:48:24,311 INFO     ___FILE_ONLY___ ═
2024-11-20 08:48:24,312 INFO     ___FILE_ONLY___ ═
2024-11-20 08:48:24,313 INFO     ___FILE_ONLY___ ═
2024-11-20 08:48:24,314 INFO     ___FILE_ONLY___ ═
2024-11-20 08:48:24,315 INFO     ___FILE_ONLY___ ═
2024-11-20 08:48:24,316 INFO     ___FILE_ONLY___ ═
2024-11-20 08:48:24,317 INFO     ___FILE_ONLY___ ═
2024-11-20 08:48:24,318 INFO     ___FILE_ONLY___ ═
2024-11-20 08:48:24,319 INFO     ___FILE_ONLY___ ═
2024-11-20 08:48:24,320 INFO     ___FILE_ONLY___ ═
2024-11-20 08:48:24,320 INFO     ___FILE_ONLY___ ═
2024-11-20 08:48:24,321 INFO     ___FILE_ONLY___ ═
2024-11-20 08:48:24,322 INFO     ___FILE_ONLY___ ═
2024-11-20 08:48:24,323 INFO     ___FILE_ONLY___ ═
2024-11-20 08:48:24,323 INFO     ___FILE_ONLY___ ═
2024-11-20 08:48:24,324 INFO     ___FILE_ONLY___ ═
2024-11-20 08:48:24,325 INFO     ___FILE_ONLY___ ═
2024-11-20 08:48:24,326 INFO     ___FILE_ONLY___ ═
2024-11-20 08:48:24,327 INFO     ___FILE_ONLY___ ═
2024-11-20 08:48:24,328 INFO     ___FILE_ONLY___ ═
2024-11-20 08:48:24,329 INFO     ___FILE_ONLY___ ═
2024-11-20 08:48:24,330 INFO     ___FILE_ONLY___ ═
2024-11-20 08:48:24,331 INFO     ___FILE_ONLY___ ═
2024-11-20 08:48:24,332 INFO     ___FILE_ONLY___ ═
2024-11-20 08:48:24,333 INFO     ___FILE_ONLY___ ═
2024-11-20 08:48:24,334 INFO     ___FILE_ONLY___ ═
2024-11-20 08:48:24,335 INFO     ___FILE_ONLY___ ═
2024-11-20 08:48:24,335 INFO     ___FILE_ONLY___ ╝

2024-11-20 08:48:24,343 INFO     ___FILE_ONLY___ ╔════════════════════════════════════════════════════════════╗

2024-11-20 08:48:24,344 INFO     ___FILE_ONLY___ ╠═ Installing: Google Cloud CLI Core Libraries (Platform... ═╣

2024-11-20 08:48:24,344 INFO     ___FILE_ONLY___ ╚
2024-11-20 08:48:24,348 INFO     ___FILE_ONLY___ ══════════════════════════════
2024-11-20 08:48:24,348 INFO     ___FILE_ONLY___ ══════════════════════════════
2024-11-20 08:48:24,348 INFO     ___FILE_ONLY___ ╝

2024-11-20 08:48:24,360 INFO     ___FILE_ONLY___ ╔════════════════════════════════════════════════════════════╗

2024-11-20 08:48:24,361 INFO     ___FILE_ONLY___ ╠═ Installing: Minikube                                     ═╣

2024-11-20 08:48:24,361 INFO     ___FILE_ONLY___ ╚
2024-11-20 08:48:24,363 INFO     ___FILE_ONLY___ ════════════════════════════════════════════════════════════
2024-11-20 08:48:24,363 INFO     ___FILE_ONLY___ ╝

2024-11-20 08:48:24,367 INFO     ___FILE_ONLY___ ╔════════════════════════════════════════════════════════════╗

2024-11-20 08:48:24,367 INFO     ___FILE_ONLY___ ╠═ Installing: Minikube (Platform Specific)                 ═╣

2024-11-20 08:48:24,367 INFO     ___FILE_ONLY___ ╚
2024-11-20 08:48:24,703 INFO     ___FILE_ONLY___ ════════════════════════════════════════════════════════════
2024-11-20 08:48:24,703 INFO     ___FILE_ONLY___ ╝

2024-11-20 08:48:24,711 INFO     ___FILE_ONLY___ ╔════════════════════════════════════════════════════════════╗

2024-11-20 08:48:24,711 INFO     ___FILE_ONLY___ ╠═ Installing: Skaffold                                     ═╣

2024-11-20 08:48:24,711 INFO     ___FILE_ONLY___ ╚
2024-11-20 08:48:24,713 INFO     ___FILE_ONLY___ ════════════════════════════════════════════════════════════
2024-11-20 08:48:24,713 INFO     ___FILE_ONLY___ ╝

2024-11-20 08:48:24,718 INFO     ___FILE_ONLY___ ╔════════════════════════════════════════════════════════════╗

2024-11-20 08:48:24,718 INFO     ___FILE_ONLY___ ╠═ Installing: Skaffold (Platform Specific)                 ═╣

2024-11-20 08:48:24,718 INFO     ___FILE_ONLY___ ╚
2024-11-20 08:48:24,997 INFO     ___FILE_ONLY___ ════════════════════════════════════════════════════════════
2024-11-20 08:48:24,997 INFO     ___FILE_ONLY___ ╝

2024-11-20 08:48:25,004 INFO     ___FILE_ONLY___ ╔════════════════════════════════════════════════════════════╗

2024-11-20 08:48:25,004 INFO     ___FILE_ONLY___ ╠═ Installing: gcloud Alpha Commands                        ═╣

2024-11-20 08:48:25,005 INFO     ___FILE_ONLY___ ╚
2024-11-20 08:48:25,008 INFO     ___FILE_ONLY___ ════════════════════════════════════════════════════════════
2024-11-20 08:48:25,008 INFO     ___FILE_ONLY___ ╝

2024-11-20 08:48:25,020 INFO     ___FILE_ONLY___ ╔════════════════════════════════════════════════════════════╗

2024-11-20 08:48:25,020 INFO     ___FILE_ONLY___ ╠═ Installing: gcloud Beta Commands                         ═╣

2024-11-20 08:48:25,020 INFO     ___FILE_ONLY___ ╚
2024-11-20 08:48:25,024 INFO     ___FILE_ONLY___ ════════════════════════════════════════════════════════════
2024-11-20 08:48:25,024 INFO     ___FILE_ONLY___ ╝

2024-11-20 08:48:25,032 INFO     ___FILE_ONLY___ ╔════════════════════════════════════════════════════════════╗

2024-11-20 08:48:25,032 INFO     ___FILE_ONLY___ ╠═ Installing: gcloud cli dependencies (Platform Specific)  ═╣

2024-11-20 08:48:25,032 INFO     ___FILE_ONLY___ ╚
2024-11-20 08:48:25,034 INFO     ___FILE_ONLY___ ════════════════════════════════════════════════════════════
2024-11-20 08:48:25,034 INFO     ___FILE_ONLY___ ╝

2024-11-20 08:48:25,043 INFO     ___FILE_ONLY___ ╔════════════════════════════════════════════════════════════╗

2024-11-20 08:48:25,043 INFO     ___FILE_ONLY___ ╠═ Installing: gke-gcloud-auth-plugin                       ═╣

2024-11-20 08:48:25,043 INFO     ___FILE_ONLY___ ╚
2024-11-20 08:48:25,046 INFO     ___FILE_ONLY___ ════════════════════════════════════════════════════════════
2024-11-20 08:48:25,046 INFO     ___FILE_ONLY___ ╝

2024-11-20 08:48:25,053 INFO     ___FILE_ONLY___ ╔════════════════════════════════════════════════════════════╗

2024-11-20 08:48:25,053 INFO     ___FILE_ONLY___ ╠═ Installing: gke-gcloud-auth-plugin (Platform Specific)   ═╣

2024-11-20 08:48:25,053 INFO     ___FILE_ONLY___ ╚
2024-11-20 08:48:25,112 INFO     ___FILE_ONLY___ ════════════════════════════════════════════════════════════
2024-11-20 08:48:25,112 INFO     ___FILE_ONLY___ ╝

2024-11-20 08:48:25,120 INFO     ___FILE_ONLY___ ╔════════════════════════════════════════════════════════════╗

2024-11-20 08:48:25,120 INFO     ___FILE_ONLY___ ╠═ Installing: kubectl                                      ═╣

2024-11-20 08:48:25,120 INFO     ___FILE_ONLY___ ╚
2024-11-20 08:48:25,124 INFO     ___FILE_ONLY___ ════════════════════════════════════════════════════════════
2024-11-20 08:48:25,124 INFO     ___FILE_ONLY___ ╝

2024-11-20 08:48:25,131 INFO     ___FILE_ONLY___ ╔════════════════════════════════════════════════════════════╗

2024-11-20 08:48:25,131 INFO     ___FILE_ONLY___ ╠═ Installing: kubectl (Platform Specific)                  ═╣

2024-11-20 08:48:25,131 INFO     ___FILE_ONLY___ ╚
2024-11-20 08:48:25,667 INFO     ___FILE_ONLY___ ══════════
2024-11-20 08:48:25,761 INFO     ___FILE_ONLY___ ══════════
2024-11-20 08:48:25,858 INFO     ___FILE_ONLY___ ══════════
2024-11-20 08:48:25,955 INFO     ___FILE_ONLY___ ══════════
2024-11-20 08:48:26,054 INFO     ___FILE_ONLY___ ══════════
2024-11-20 08:48:26,160 INFO     ___FILE_ONLY___ ══════════
2024-11-20 08:48:26,160 INFO     ___FILE_ONLY___ ╝

2024-11-20 08:48:26,186 DEBUG    root            Updating notification cache...
2024-11-20 08:48:26,187 INFO     ___FILE_ONLY___ 

2024-11-20 08:48:26,192 INFO     ___FILE_ONLY___ Performing post processing steps...
2024-11-20 08:48:26,192 DEBUG    root            Executing command: ['/Users/wbrunson/Library/Application Support/cloud-code/installer/google-cloud-sdk/bin/gcloud', 'components', 'post-process', '--no-compile-python']
2024-11-20 08:48:26,676 DEBUG    ___FILE_ONLY___ 
2024-11-20 08:48:26,676 DEBUG    ___FILE_ONLY___ 
2024-11-20 08:48:26,706 INFO     ___FILE_ONLY___ 
Update done!


2024-11-20 08:48:26,708 DEBUG    root            Chosen display Format:none
2024-11-20 08:48:26,708 INFO     root            Display format: "none"
2024-11-20 08:48:26,710 DEBUG    root            Executing command: ['curl', '--silent', '-O', 'https://dl.google.com/dl/cloudsdk/channels/rapid/python-3.11.6-macos11.tar.gz']
2024-11-20 08:48:35,559 DEBUG    root            Executing command: ['tar', '-xf', 'python-3.11.6-macos11.tar.gz']
2024-11-20 08:48:35,651 DEBUG    root            Executing command: ['sudo', 'installer', '-target', '/', '-pkg', './python-3.11.6-macos11.pkg']
