2024-11-25 09:45:04,653 DEBUG    root            Metrics collector initialized...
2024-11-25 09:45:04,653 DEBUG    root            Loaded Command Group: ['gcloud', 'components']
2024-11-25 09:45:04,655 DEBUG    root            Loaded Command Group: ['gcloud', 'components', 'update']
2024-11-25 09:45:04,656 DEBUG    root            Running [gcloud.components.update] with arguments: [--no-compile-python: "False", --quiet: "True", COMPONENT-IDS:6: "['alpha', 'beta', 'gke-gcloud-auth-plugin', 'kubectl', 'skaffold', 'minikube']"]
2024-11-25 09:45:04,656 INFO     ___FILE_ONLY___ Beginning update. This process may take several minutes.

2024-11-25 09:45:04,666 DEBUG    urllib3.connectionpool Starting new HTTPS connection (1): dl.google.com:443
2024-11-25 09:45:04,902 DEBUG    urllib3.connectionpool https://dl.google.com:443 "GET /dl/cloudsdk/channels/rapid/components-2.json HTTP/1.1" 200 227816
2024-11-25 09:45:05,057 INFO     ___FILE_ONLY___ 

2024-11-25 09:45:05,058 INFO     ___FILE_ONLY___ 
Your current Google Cloud CLI version is: 502.0.0

2024-11-25 09:45:05,058 INFO     ___FILE_ONLY___ Installing components from version: 502.0.0

2024-11-25 09:45:05,058 INFO     ___FILE_ONLY___ 

2024-11-25 09:45:05,058 DEBUG    root            Chosen display Format:table[box,title="These components will be removed."](details.display_name:label=Name:align=left,version.version_string:label=Version:align=right,data.size.size(zero="",min=1048576):label=Size:align=right)
2024-11-25 09:45:05,059 DEBUG    root            Chosen display Format:table[box,title="These components will be updated."](details.display_name:label=Name:align=left,version.version_string:label=Version:align=right,data.size.size(zero="",min=1048576):label=Size:align=right)
2024-11-25 09:45:05,059 DEBUG    root            Chosen display Format:table[box,title="These components will be installed."](details.display_name:label=Name:align=left,version.version_string:label=Version:align=right,data.size.size(zero="",min=1048576):label=Size:align=right)
2024-11-25 09:45:05,077 INFO     ___FILE_ONLY___ ┌─────────────────────────────────────────────────────────────────────────────┐
2024-11-25 09:45:05,077 INFO     ___FILE_ONLY___ 

2024-11-25 09:45:05,077 INFO     ___FILE_ONLY___ │                     These components will be installed.                     │
2024-11-25 09:45:05,077 INFO     ___FILE_ONLY___ 

2024-11-25 09:45:05,077 INFO     ___FILE_ONLY___ ├─────────────────────────────────────────────────────┬────────────┬──────────┤
2024-11-25 09:45:05,077 INFO     ___FILE_ONLY___ 

2024-11-25 09:45:05,077 INFO     ___FILE_ONLY___ │                         Name                        │  Version   │   Size   │
2024-11-25 09:45:05,077 INFO     ___FILE_ONLY___ 

2024-11-25 09:45:05,077 INFO     ___FILE_ONLY___ ├─────────────────────────────────────────────────────┼────────────┼──────────┤
2024-11-25 09:45:05,077 INFO     ___FILE_ONLY___ 

2024-11-25 09:45:05,077 INFO     ___FILE_ONLY___ │ 
2024-11-25 09:45:05,077 INFO     ___FILE_ONLY___ Google Cloud CLI Core Libraries (Platform Specific)
2024-11-25 09:45:05,077 INFO     ___FILE_ONLY___  
2024-11-25 09:45:05,077 INFO     ___FILE_ONLY___ │ 
2024-11-25 09:45:05,077 INFO     ___FILE_ONLY___ 2024.08.30
2024-11-25 09:45:05,077 INFO     ___FILE_ONLY___  
2024-11-25 09:45:05,077 INFO     ___FILE_ONLY___ │ 
2024-11-25 09:45:05,078 INFO     ___FILE_ONLY___  < 1 MiB
2024-11-25 09:45:05,078 INFO     ___FILE_ONLY___  
2024-11-25 09:45:05,078 INFO     ___FILE_ONLY___ │
2024-11-25 09:45:05,078 INFO     ___FILE_ONLY___ 

2024-11-25 09:45:05,078 INFO     ___FILE_ONLY___ │ 
2024-11-25 09:45:05,078 INFO     ___FILE_ONLY___ Minikube (Platform Specific)                       
2024-11-25 09:45:05,078 INFO     ___FILE_ONLY___  
2024-11-25 09:45:05,078 INFO     ___FILE_ONLY___ │ 
2024-11-25 09:45:05,078 INFO     ___FILE_ONLY___     1.34.0
2024-11-25 09:45:05,078 INFO     ___FILE_ONLY___  
2024-11-25 09:45:05,078 INFO     ___FILE_ONLY___ │ 
2024-11-25 09:45:05,078 INFO     ___FILE_ONLY___ 37.2 MiB
2024-11-25 09:45:05,078 INFO     ___FILE_ONLY___  
2024-11-25 09:45:05,078 INFO     ___FILE_ONLY___ │
2024-11-25 09:45:05,078 INFO     ___FILE_ONLY___ 

2024-11-25 09:45:05,078 INFO     ___FILE_ONLY___ │ 
2024-11-25 09:45:05,078 INFO     ___FILE_ONLY___ Skaffold (Platform Specific)                       
2024-11-25 09:45:05,078 INFO     ___FILE_ONLY___  
2024-11-25 09:45:05,078 INFO     ___FILE_ONLY___ │ 
2024-11-25 09:45:05,078 INFO     ___FILE_ONLY___     2.13.1
2024-11-25 09:45:05,078 INFO     ___FILE_ONLY___  
2024-11-25 09:45:05,078 INFO     ___FILE_ONLY___ │ 
2024-11-25 09:45:05,078 INFO     ___FILE_ONLY___ 22.9 MiB
2024-11-25 09:45:05,078 INFO     ___FILE_ONLY___  
2024-11-25 09:45:05,078 INFO     ___FILE_ONLY___ │
2024-11-25 09:45:05,078 INFO     ___FILE_ONLY___ 

2024-11-25 09:45:05,078 INFO     ___FILE_ONLY___ │ 
2024-11-25 09:45:05,078 INFO     ___FILE_ONLY___ gcloud Alpha Commands                              
2024-11-25 09:45:05,078 INFO     ___FILE_ONLY___  
2024-11-25 09:45:05,078 INFO     ___FILE_ONLY___ │ 
2024-11-25 09:45:05,078 INFO     ___FILE_ONLY___ 2024.11.15
2024-11-25 09:45:05,078 INFO     ___FILE_ONLY___  
2024-11-25 09:45:05,078 INFO     ___FILE_ONLY___ │ 
2024-11-25 09:45:05,078 INFO     ___FILE_ONLY___  < 1 MiB
2024-11-25 09:45:05,078 INFO     ___FILE_ONLY___  
2024-11-25 09:45:05,078 INFO     ___FILE_ONLY___ │
2024-11-25 09:45:05,078 INFO     ___FILE_ONLY___ 

2024-11-25 09:45:05,078 INFO     ___FILE_ONLY___ │ 
2024-11-25 09:45:05,078 INFO     ___FILE_ONLY___ gcloud Beta Commands                               
2024-11-25 09:45:05,078 INFO     ___FILE_ONLY___  
2024-11-25 09:45:05,078 INFO     ___FILE_ONLY___ │ 
2024-11-25 09:45:05,078 INFO     ___FILE_ONLY___ 2024.11.15
2024-11-25 09:45:05,078 INFO     ___FILE_ONLY___  
2024-11-25 09:45:05,078 INFO     ___FILE_ONLY___ │ 
2024-11-25 09:45:05,078 INFO     ___FILE_ONLY___  < 1 MiB
2024-11-25 09:45:05,078 INFO     ___FILE_ONLY___  
2024-11-25 09:45:05,078 INFO     ___FILE_ONLY___ │
2024-11-25 09:45:05,078 INFO     ___FILE_ONLY___ 

2024-11-25 09:45:05,079 INFO     ___FILE_ONLY___ │ 
2024-11-25 09:45:05,079 INFO     ___FILE_ONLY___ gcloud cli dependencies (Platform Specific)        
2024-11-25 09:45:05,079 INFO     ___FILE_ONLY___  
2024-11-25 09:45:05,079 INFO     ___FILE_ONLY___ │ 
2024-11-25 09:45:05,079 INFO     ___FILE_ONLY___ 2021.04.16
2024-11-25 09:45:05,079 INFO     ___FILE_ONLY___  
2024-11-25 09:45:05,079 INFO     ___FILE_ONLY___ │ 
2024-11-25 09:45:05,079 INFO     ___FILE_ONLY___  < 1 MiB
2024-11-25 09:45:05,079 INFO     ___FILE_ONLY___  
2024-11-25 09:45:05,079 INFO     ___FILE_ONLY___ │
2024-11-25 09:45:05,079 INFO     ___FILE_ONLY___ 

2024-11-25 09:45:05,079 INFO     ___FILE_ONLY___ │ 
2024-11-25 09:45:05,079 INFO     ___FILE_ONLY___ gke-gcloud-auth-plugin (Platform Specific)         
2024-11-25 09:45:05,079 INFO     ___FILE_ONLY___  
2024-11-25 09:45:05,079 INFO     ___FILE_ONLY___ │ 
2024-11-25 09:45:05,079 INFO     ___FILE_ONLY___      0.5.9
2024-11-25 09:45:05,079 INFO     ___FILE_ONLY___  
2024-11-25 09:45:05,079 INFO     ___FILE_ONLY___ │ 
2024-11-25 09:45:05,079 INFO     ___FILE_ONLY___  4.0 MiB
2024-11-25 09:45:05,079 INFO     ___FILE_ONLY___  
2024-11-25 09:45:05,079 INFO     ___FILE_ONLY___ │
2024-11-25 09:45:05,079 INFO     ___FILE_ONLY___ 

2024-11-25 09:45:05,079 INFO     ___FILE_ONLY___ │ 
2024-11-25 09:45:05,079 INFO     ___FILE_ONLY___ kubectl                                            
2024-11-25 09:45:05,079 INFO     ___FILE_ONLY___  
2024-11-25 09:45:05,079 INFO     ___FILE_ONLY___ │ 
2024-11-25 09:45:05,079 INFO     ___FILE_ONLY___     1.30.5
2024-11-25 09:45:05,079 INFO     ___FILE_ONLY___  
2024-11-25 09:45:05,079 INFO     ___FILE_ONLY___ │ 
2024-11-25 09:45:05,079 INFO     ___FILE_ONLY___  < 1 MiB
2024-11-25 09:45:05,079 INFO     ___FILE_ONLY___  
2024-11-25 09:45:05,079 INFO     ___FILE_ONLY___ │
2024-11-25 09:45:05,079 INFO     ___FILE_ONLY___ 

2024-11-25 09:45:05,079 INFO     ___FILE_ONLY___ │ 
2024-11-25 09:45:05,079 INFO     ___FILE_ONLY___ kubectl (Platform Specific)                        
2024-11-25 09:45:05,079 INFO     ___FILE_ONLY___  
2024-11-25 09:45:05,079 INFO     ___FILE_ONLY___ │ 
2024-11-25 09:45:05,079 INFO     ___FILE_ONLY___     1.30.6
2024-11-25 09:45:05,079 INFO     ___FILE_ONLY___  
2024-11-25 09:45:05,079 INFO     ___FILE_ONLY___ │ 
2024-11-25 09:45:05,079 INFO     ___FILE_ONLY___ 86.1 MiB
2024-11-25 09:45:05,079 INFO     ___FILE_ONLY___  
2024-11-25 09:45:05,079 INFO     ___FILE_ONLY___ │
2024-11-25 09:45:05,079 INFO     ___FILE_ONLY___ 

2024-11-25 09:45:05,079 INFO     ___FILE_ONLY___ └─────────────────────────────────────────────────────┴────────────┴──────────┘
2024-11-25 09:45:05,079 INFO     ___FILE_ONLY___ 

2024-11-25 09:45:05,079 INFO     ___FILE_ONLY___ 

2024-11-25 09:45:05,081 DEBUG    urllib3.connectionpool Starting new HTTPS connection (1): dl.google.com:443
2024-11-25 09:45:05,295 DEBUG    urllib3.connectionpool https://dl.google.com:443 "GET /dl/cloudsdk/channels/rapid/RELEASE_NOTES HTTP/1.1" 200 1314602
2024-11-25 09:45:05,584 INFO     ___FILE_ONLY___ For the latest full release notes, please visit:
  https://cloud.google.com/sdk/release_notes


2024-11-25 09:45:05,584 INFO     ___FILE_ONLY___ Performing in place update...


2024-11-25 09:45:05,588 INFO     ___FILE_ONLY___ ╔════════════════════════════════════════════════════════════╗

2024-11-25 09:45:05,588 INFO     ___FILE_ONLY___ ╠═ Downloading: Google Cloud CLI Core Libraries (Platfor... ═╣

2024-11-25 09:45:05,588 INFO     ___FILE_ONLY___ ╚
2024-11-25 09:45:05,590 DEBUG    urllib3.connectionpool Starting new HTTPS connection (1): dl.google.com:443
2024-11-25 09:45:05,789 DEBUG    urllib3.connectionpool https://dl.google.com:443 "GET /dl/cloudsdk/channels/rapid/components/google-cloud-sdk-core-nix-20240830134514.tar.gz HTTP/1.1" 200 2306
2024-11-25 09:45:05,791 INFO     ___FILE_ONLY___ ════════════════════════════════════════════════════════════
2024-11-25 09:45:05,792 INFO     ___FILE_ONLY___ ╝

2024-11-25 09:45:05,804 INFO     ___FILE_ONLY___ ╔════════════════════════════════════════════════════════════╗

2024-11-25 09:45:05,804 INFO     ___FILE_ONLY___ ╠═ Downloading: Minikube                                    ═╣

2024-11-25 09:45:05,804 INFO     ___FILE_ONLY___ ╚
2024-11-25 09:45:05,804 INFO     ___FILE_ONLY___ ════════════════════════════════════════════════════════════
2024-11-25 09:45:05,805 INFO     ___FILE_ONLY___ ╝

2024-11-25 09:45:05,812 INFO     ___FILE_ONLY___ ╔════════════════════════════════════════════════════════════╗

2024-11-25 09:45:05,812 INFO     ___FILE_ONLY___ ╠═ Downloading: Minikube (Platform Specific)                ═╣

2024-11-25 09:45:05,813 INFO     ___FILE_ONLY___ ╚
2024-11-25 09:45:05,816 DEBUG    urllib3.connectionpool Starting new HTTPS connection (1): dl.google.com:443
2024-11-25 09:45:06,049 DEBUG    urllib3.connectionpool https://dl.google.com:443 "GET /dl/cloudsdk/channels/rapid/components/google-cloud-sdk-minikube-darwin-arm-20240927140238.tar.gz HTTP/1.1" 200 38981244
2024-11-25 09:45:15,848 INFO     ___FILE_ONLY___ ═
2024-11-25 09:45:15,848 INFO     ___FILE_ONLY___ ═
2024-11-25 09:45:15,849 INFO     ___FILE_ONLY___ ═
2024-11-25 09:45:15,849 INFO     ___FILE_ONLY___ ═
2024-11-25 09:45:15,849 INFO     ___FILE_ONLY___ ═
2024-11-25 09:45:15,850 INFO     ___FILE_ONLY___ ═
2024-11-25 09:45:15,850 INFO     ___FILE_ONLY___ ═
2024-11-25 09:45:15,850 INFO     ___FILE_ONLY___ ═
2024-11-25 09:45:15,850 INFO     ___FILE_ONLY___ ═
2024-11-25 09:45:15,851 INFO     ___FILE_ONLY___ ═
2024-11-25 09:45:15,851 INFO     ___FILE_ONLY___ ═
2024-11-25 09:45:15,851 INFO     ___FILE_ONLY___ ═
2024-11-25 09:45:15,852 INFO     ___FILE_ONLY___ ═
2024-11-25 09:45:15,852 INFO     ___FILE_ONLY___ ═
2024-11-25 09:45:15,852 INFO     ___FILE_ONLY___ ═
2024-11-25 09:45:15,853 INFO     ___FILE_ONLY___ ═
2024-11-25 09:45:15,853 INFO     ___FILE_ONLY___ ═
2024-11-25 09:45:15,853 INFO     ___FILE_ONLY___ ═
2024-11-25 09:45:15,853 INFO     ___FILE_ONLY___ ═
2024-11-25 09:45:15,854 INFO     ___FILE_ONLY___ ═
2024-11-25 09:45:15,854 INFO     ___FILE_ONLY___ ═
2024-11-25 09:45:15,854 INFO     ___FILE_ONLY___ ═
2024-11-25 09:45:15,855 INFO     ___FILE_ONLY___ ═
2024-11-25 09:45:15,855 INFO     ___FILE_ONLY___ ═
2024-11-25 09:45:15,855 INFO     ___FILE_ONLY___ ═
2024-11-25 09:45:15,856 INFO     ___FILE_ONLY___ ═
2024-11-25 09:45:15,856 INFO     ___FILE_ONLY___ ═
2024-11-25 09:45:15,857 INFO     ___FILE_ONLY___ ═
2024-11-25 09:45:15,857 INFO     ___FILE_ONLY___ ═
2024-11-25 09:45:15,858 INFO     ___FILE_ONLY___ ═
2024-11-25 09:45:15,858 INFO     ___FILE_ONLY___ ═
2024-11-25 09:45:15,859 INFO     ___FILE_ONLY___ ═
2024-11-25 09:45:15,859 INFO     ___FILE_ONLY___ ═
2024-11-25 09:45:15,859 INFO     ___FILE_ONLY___ ═
2024-11-25 09:45:15,860 INFO     ___FILE_ONLY___ ═
2024-11-25 09:45:15,860 INFO     ___FILE_ONLY___ ═
2024-11-25 09:45:15,860 INFO     ___FILE_ONLY___ ═
2024-11-25 09:45:15,861 INFO     ___FILE_ONLY___ ═
2024-11-25 09:45:15,861 INFO     ___FILE_ONLY___ ═
2024-11-25 09:45:15,861 INFO     ___FILE_ONLY___ ═
2024-11-25 09:45:15,862 INFO     ___FILE_ONLY___ ═
2024-11-25 09:45:15,862 INFO     ___FILE_ONLY___ ═
2024-11-25 09:45:15,862 INFO     ___FILE_ONLY___ ═
2024-11-25 09:45:15,862 INFO     ___FILE_ONLY___ ═
2024-11-25 09:45:15,863 INFO     ___FILE_ONLY___ ═
2024-11-25 09:45:15,863 INFO     ___FILE_ONLY___ ═
2024-11-25 09:45:15,863 INFO     ___FILE_ONLY___ ═
2024-11-25 09:45:15,864 INFO     ___FILE_ONLY___ ═
2024-11-25 09:45:15,864 INFO     ___FILE_ONLY___ ═
2024-11-25 09:45:15,864 INFO     ___FILE_ONLY___ ═
2024-11-25 09:45:15,864 INFO     ___FILE_ONLY___ ═
2024-11-25 09:45:15,865 INFO     ___FILE_ONLY___ ═
2024-11-25 09:45:15,865 INFO     ___FILE_ONLY___ ═
2024-11-25 09:45:15,865 INFO     ___FILE_ONLY___ ═
2024-11-25 09:45:15,866 INFO     ___FILE_ONLY___ ═
2024-11-25 09:45:15,866 INFO     ___FILE_ONLY___ ═
2024-11-25 09:45:15,866 INFO     ___FILE_ONLY___ ═
2024-11-25 09:45:15,866 INFO     ___FILE_ONLY___ ═
2024-11-25 09:45:15,867 INFO     ___FILE_ONLY___ ═
2024-11-25 09:45:15,867 INFO     ___FILE_ONLY___ ═
2024-11-25 09:45:15,867 INFO     ___FILE_ONLY___ ╝

2024-11-25 09:45:15,873 INFO     ___FILE_ONLY___ ╔════════════════════════════════════════════════════════════╗

2024-11-25 09:45:15,874 INFO     ___FILE_ONLY___ ╠═ Downloading: Skaffold                                    ═╣

2024-11-25 09:45:15,874 INFO     ___FILE_ONLY___ ╚
2024-11-25 09:45:15,874 INFO     ___FILE_ONLY___ ════════════════════════════════════════════════════════════
2024-11-25 09:45:15,874 INFO     ___FILE_ONLY___ ╝

2024-11-25 09:45:15,879 INFO     ___FILE_ONLY___ ╔════════════════════════════════════════════════════════════╗

2024-11-25 09:45:15,879 INFO     ___FILE_ONLY___ ╠═ Downloading: Skaffold (Platform Specific)                ═╣

2024-11-25 09:45:15,879 INFO     ___FILE_ONLY___ ╚
2024-11-25 09:45:15,882 DEBUG    urllib3.connectionpool Starting new HTTPS connection (1): dl.google.com:443
2024-11-25 09:45:16,103 DEBUG    urllib3.connectionpool https://dl.google.com:443 "GET /dl/cloudsdk/channels/rapid/components/google-cloud-sdk-skaffold-darwin-arm-20240806142304.tar.gz HTTP/1.1" 200 24031362
2024-11-25 09:45:23,614 INFO     ___FILE_ONLY___ ═
2024-11-25 09:45:23,615 INFO     ___FILE_ONLY___ ═
2024-11-25 09:45:23,616 INFO     ___FILE_ONLY___ ═
2024-11-25 09:45:23,616 INFO     ___FILE_ONLY___ ═
2024-11-25 09:45:23,617 INFO     ___FILE_ONLY___ ═
2024-11-25 09:45:23,617 INFO     ___FILE_ONLY___ ═
2024-11-25 09:45:23,618 INFO     ___FILE_ONLY___ ═
2024-11-25 09:45:23,619 INFO     ___FILE_ONLY___ ═
2024-11-25 09:45:23,619 INFO     ___FILE_ONLY___ ═
2024-11-25 09:45:23,620 INFO     ___FILE_ONLY___ ═
2024-11-25 09:45:23,620 INFO     ___FILE_ONLY___ ═
2024-11-25 09:45:23,621 INFO     ___FILE_ONLY___ ═
2024-11-25 09:45:23,621 INFO     ___FILE_ONLY___ ═
2024-11-25 09:45:23,621 INFO     ___FILE_ONLY___ ═
2024-11-25 09:45:23,621 INFO     ___FILE_ONLY___ ═
2024-11-25 09:45:23,622 INFO     ___FILE_ONLY___ ═
2024-11-25 09:45:23,622 INFO     ___FILE_ONLY___ ═
2024-11-25 09:45:23,622 INFO     ___FILE_ONLY___ ═
2024-11-25 09:45:23,622 INFO     ___FILE_ONLY___ ═
2024-11-25 09:45:23,622 INFO     ___FILE_ONLY___ ═
2024-11-25 09:45:23,623 INFO     ___FILE_ONLY___ ═
2024-11-25 09:45:23,623 INFO     ___FILE_ONLY___ ═
2024-11-25 09:45:23,623 INFO     ___FILE_ONLY___ ═
2024-11-25 09:45:23,623 INFO     ___FILE_ONLY___ ═
2024-11-25 09:45:23,624 INFO     ___FILE_ONLY___ ═
2024-11-25 09:45:23,624 INFO     ___FILE_ONLY___ ═
2024-11-25 09:45:23,624 INFO     ___FILE_ONLY___ ═
2024-11-25 09:45:23,624 INFO     ___FILE_ONLY___ ═
2024-11-25 09:45:23,624 INFO     ___FILE_ONLY___ ═
2024-11-25 09:45:23,625 INFO     ___FILE_ONLY___ ═
2024-11-25 09:45:23,625 INFO     ___FILE_ONLY___ ═
2024-11-25 09:45:23,625 INFO     ___FILE_ONLY___ ═
2024-11-25 09:45:23,625 INFO     ___FILE_ONLY___ ═
2024-11-25 09:45:23,626 INFO     ___FILE_ONLY___ ═
2024-11-25 09:45:23,626 INFO     ___FILE_ONLY___ ═
2024-11-25 09:45:23,626 INFO     ___FILE_ONLY___ ═
2024-11-25 09:45:23,626 INFO     ___FILE_ONLY___ ═
2024-11-25 09:45:23,626 INFO     ___FILE_ONLY___ ═
2024-11-25 09:45:23,627 INFO     ___FILE_ONLY___ ═
2024-11-25 09:45:23,627 INFO     ___FILE_ONLY___ ═
2024-11-25 09:45:23,627 INFO     ___FILE_ONLY___ ═
2024-11-25 09:45:23,627 INFO     ___FILE_ONLY___ ═
2024-11-25 09:45:23,628 INFO     ___FILE_ONLY___ ═
2024-11-25 09:45:23,628 INFO     ___FILE_ONLY___ ═
2024-11-25 09:45:23,628 INFO     ___FILE_ONLY___ ═
2024-11-25 09:45:23,628 INFO     ___FILE_ONLY___ ═
2024-11-25 09:45:23,628 INFO     ___FILE_ONLY___ ═
2024-11-25 09:45:23,629 INFO     ___FILE_ONLY___ ═
2024-11-25 09:45:23,629 INFO     ___FILE_ONLY___ ═
2024-11-25 09:45:23,629 INFO     ___FILE_ONLY___ ═
2024-11-25 09:45:23,629 INFO     ___FILE_ONLY___ ═
2024-11-25 09:45:23,629 INFO     ___FILE_ONLY___ ═
2024-11-25 09:45:23,630 INFO     ___FILE_ONLY___ ═
2024-11-25 09:45:23,630 INFO     ___FILE_ONLY___ ═
2024-11-25 09:45:23,630 INFO     ___FILE_ONLY___ ═
2024-11-25 09:45:23,630 INFO     ___FILE_ONLY___ ═
2024-11-25 09:45:23,631 INFO     ___FILE_ONLY___ ═
2024-11-25 09:45:23,631 INFO     ___FILE_ONLY___ ═
2024-11-25 09:45:23,631 INFO     ___FILE_ONLY___ ═
2024-11-25 09:45:23,631 INFO     ___FILE_ONLY___ ═
2024-11-25 09:45:23,631 INFO     ___FILE_ONLY___ ╝

2024-11-25 09:45:23,637 INFO     ___FILE_ONLY___ ╔════════════════════════════════════════════════════════════╗

2024-11-25 09:45:23,637 INFO     ___FILE_ONLY___ ╠═ Downloading: gcloud Alpha Commands                       ═╣

2024-11-25 09:45:23,637 INFO     ___FILE_ONLY___ ╚
2024-11-25 09:45:23,640 DEBUG    urllib3.connectionpool Starting new HTTPS connection (1): dl.google.com:443
2024-11-25 09:45:23,837 DEBUG    urllib3.connectionpool https://dl.google.com:443 "GET /dl/cloudsdk/channels/rapid/components/google-cloud-sdk-alpha-20241115154308.tar.gz HTTP/1.1" 200 800
2024-11-25 09:45:23,839 INFO     ___FILE_ONLY___ ════════════════════════════════════════════════════════════
2024-11-25 09:45:23,839 INFO     ___FILE_ONLY___ ╝

2024-11-25 09:45:23,853 INFO     ___FILE_ONLY___ ╔════════════════════════════════════════════════════════════╗

2024-11-25 09:45:23,853 INFO     ___FILE_ONLY___ ╠═ Downloading: gcloud Beta Commands                        ═╣

2024-11-25 09:45:23,853 INFO     ___FILE_ONLY___ ╚
2024-11-25 09:45:23,858 DEBUG    urllib3.connectionpool Starting new HTTPS connection (1): dl.google.com:443
2024-11-25 09:45:24,067 DEBUG    urllib3.connectionpool https://dl.google.com:443 "GET /dl/cloudsdk/channels/rapid/components/google-cloud-sdk-beta-20241115154308.tar.gz HTTP/1.1" 200 797
2024-11-25 09:45:24,068 INFO     ___FILE_ONLY___ ════════════════════════════════════════════════════════════
2024-11-25 09:45:24,068 INFO     ___FILE_ONLY___ ╝

2024-11-25 09:45:24,080 INFO     ___FILE_ONLY___ ╔════════════════════════════════════════════════════════════╗

2024-11-25 09:45:24,081 INFO     ___FILE_ONLY___ ╠═ Downloading: gcloud cli dependencies (Platform Specific) ═╣

2024-11-25 09:45:24,081 INFO     ___FILE_ONLY___ ╚
2024-11-25 09:45:24,086 DEBUG    urllib3.connectionpool Starting new HTTPS connection (1): dl.google.com:443
2024-11-25 09:45:24,352 DEBUG    urllib3.connectionpool https://dl.google.com:443 "GET /dl/cloudsdk/channels/rapid/components/google-cloud-sdk-gcloud-deps-darwin-x86_64-20210416153011.tar.gz HTTP/1.1" 200 105
2024-11-25 09:45:24,353 INFO     ___FILE_ONLY___ ════════════════════════════════════════════════════════════
2024-11-25 09:45:24,353 INFO     ___FILE_ONLY___ ╝

2024-11-25 09:45:24,362 INFO     ___FILE_ONLY___ ╔════════════════════════════════════════════════════════════╗

2024-11-25 09:45:24,362 INFO     ___FILE_ONLY___ ╠═ Downloading: gke-gcloud-auth-plugin                      ═╣

2024-11-25 09:45:24,362 INFO     ___FILE_ONLY___ ╚
2024-11-25 09:45:24,362 INFO     ___FILE_ONLY___ ════════════════════════════════════════════════════════════
2024-11-25 09:45:24,363 INFO     ___FILE_ONLY___ ╝

2024-11-25 09:45:24,370 INFO     ___FILE_ONLY___ ╔════════════════════════════════════════════════════════════╗

2024-11-25 09:45:24,370 INFO     ___FILE_ONLY___ ╠═ Downloading: gke-gcloud-auth-plugin (Platform Specific)  ═╣

2024-11-25 09:45:24,370 INFO     ___FILE_ONLY___ ╚
2024-11-25 09:45:24,373 DEBUG    urllib3.connectionpool Starting new HTTPS connection (1): dl.google.com:443
2024-11-25 09:45:24,817 DEBUG    urllib3.connectionpool https://dl.google.com:443 "GET /dl/cloudsdk/channels/rapid/components/google-cloud-sdk-gke-gcloud-auth-plugin-darwin-arm-20240628141907.tar.gz HTTP/1.1" 200 4148014
2024-11-25 09:45:27,060 INFO     ___FILE_ONLY___ ═
2024-11-25 09:45:27,060 INFO     ___FILE_ONLY___ ═
2024-11-25 09:45:27,060 INFO     ___FILE_ONLY___ ═
2024-11-25 09:45:27,060 INFO     ___FILE_ONLY___ ═
2024-11-25 09:45:27,061 INFO     ___FILE_ONLY___ ═
2024-11-25 09:45:27,061 INFO     ___FILE_ONLY___ ═
2024-11-25 09:45:27,061 INFO     ___FILE_ONLY___ ═
2024-11-25 09:45:27,061 INFO     ___FILE_ONLY___ ═
2024-11-25 09:45:27,061 INFO     ___FILE_ONLY___ ═
2024-11-25 09:45:27,061 INFO     ___FILE_ONLY___ ═
2024-11-25 09:45:27,062 INFO     ___FILE_ONLY___ ═
2024-11-25 09:45:27,062 INFO     ___FILE_ONLY___ ═
2024-11-25 09:45:27,062 INFO     ___FILE_ONLY___ ═
2024-11-25 09:45:27,062 INFO     ___FILE_ONLY___ ═
2024-11-25 09:45:27,062 INFO     ___FILE_ONLY___ ═
2024-11-25 09:45:27,062 INFO     ___FILE_ONLY___ ═
2024-11-25 09:45:27,063 INFO     ___FILE_ONLY___ ═
2024-11-25 09:45:27,063 INFO     ___FILE_ONLY___ ═
2024-11-25 09:45:27,063 INFO     ___FILE_ONLY___ ═
2024-11-25 09:45:27,063 INFO     ___FILE_ONLY___ ═
2024-11-25 09:45:27,063 INFO     ___FILE_ONLY___ ═
2024-11-25 09:45:27,064 INFO     ___FILE_ONLY___ ═
2024-11-25 09:45:27,064 INFO     ___FILE_ONLY___ ═
2024-11-25 09:45:27,064 INFO     ___FILE_ONLY___ ═
2024-11-25 09:45:27,064 INFO     ___FILE_ONLY___ ═
2024-11-25 09:45:27,064 INFO     ___FILE_ONLY___ ═
2024-11-25 09:45:27,064 INFO     ___FILE_ONLY___ ═
2024-11-25 09:45:27,064 INFO     ___FILE_ONLY___ ═
2024-11-25 09:45:27,065 INFO     ___FILE_ONLY___ ═
2024-11-25 09:45:27,065 INFO     ___FILE_ONLY___ ═
2024-11-25 09:45:27,065 INFO     ___FILE_ONLY___ ═
2024-11-25 09:45:27,065 INFO     ___FILE_ONLY___ ═
2024-11-25 09:45:27,065 INFO     ___FILE_ONLY___ ═
2024-11-25 09:45:27,065 INFO     ___FILE_ONLY___ ═
2024-11-25 09:45:27,065 INFO     ___FILE_ONLY___ ═
2024-11-25 09:45:27,066 INFO     ___FILE_ONLY___ ═
2024-11-25 09:45:27,066 INFO     ___FILE_ONLY___ ═
2024-11-25 09:45:27,066 INFO     ___FILE_ONLY___ ═
2024-11-25 09:45:27,066 INFO     ___FILE_ONLY___ ═
2024-11-25 09:45:27,066 INFO     ___FILE_ONLY___ ═
2024-11-25 09:45:27,066 INFO     ___FILE_ONLY___ ═
2024-11-25 09:45:27,066 INFO     ___FILE_ONLY___ ═
2024-11-25 09:45:27,066 INFO     ___FILE_ONLY___ ═
2024-11-25 09:45:27,067 INFO     ___FILE_ONLY___ ═
2024-11-25 09:45:27,067 INFO     ___FILE_ONLY___ ═
2024-11-25 09:45:27,067 INFO     ___FILE_ONLY___ ═
2024-11-25 09:45:27,067 INFO     ___FILE_ONLY___ ═
2024-11-25 09:45:27,067 INFO     ___FILE_ONLY___ ═
2024-11-25 09:45:27,067 INFO     ___FILE_ONLY___ ═
2024-11-25 09:45:27,067 INFO     ___FILE_ONLY___ ═
2024-11-25 09:45:27,067 INFO     ___FILE_ONLY___ ═
2024-11-25 09:45:27,067 INFO     ___FILE_ONLY___ ═
2024-11-25 09:45:27,067 INFO     ___FILE_ONLY___ ═
2024-11-25 09:45:27,067 INFO     ___FILE_ONLY___ ═
2024-11-25 09:45:27,067 INFO     ___FILE_ONLY___ ═
2024-11-25 09:45:27,067 INFO     ___FILE_ONLY___ ═
2024-11-25 09:45:27,067 INFO     ___FILE_ONLY___ ═
2024-11-25 09:45:27,067 INFO     ___FILE_ONLY___ ═
2024-11-25 09:45:27,068 INFO     ___FILE_ONLY___ ═
2024-11-25 09:45:27,068 INFO     ___FILE_ONLY___ ═
2024-11-25 09:45:27,068 INFO     ___FILE_ONLY___ ╝

2024-11-25 09:45:27,073 INFO     ___FILE_ONLY___ ╔════════════════════════════════════════════════════════════╗

2024-11-25 09:45:27,074 INFO     ___FILE_ONLY___ ╠═ Downloading: kubectl                                     ═╣

2024-11-25 09:45:27,074 INFO     ___FILE_ONLY___ ╚
2024-11-25 09:45:27,080 DEBUG    urllib3.connectionpool Starting new HTTPS connection (1): dl.google.com:443
2024-11-25 09:45:27,284 DEBUG    urllib3.connectionpool https://dl.google.com:443 "GET /dl/cloudsdk/channels/rapid/components/google-cloud-sdk-kubectl-20241004144944.tar.gz HTTP/1.1" 200 36206
2024-11-25 09:45:27,333 INFO     ___FILE_ONLY___ ═══════════════════════════
2024-11-25 09:45:27,334 INFO     ___FILE_ONLY___ ═══════════════════════════
2024-11-25 09:45:27,334 INFO     ___FILE_ONLY___ ══════
2024-11-25 09:45:27,334 INFO     ___FILE_ONLY___ ╝

2024-11-25 09:45:27,347 INFO     ___FILE_ONLY___ ╔════════════════════════════════════════════════════════════╗

2024-11-25 09:45:27,347 INFO     ___FILE_ONLY___ ╠═ Downloading: kubectl (Platform Specific)                 ═╣

2024-11-25 09:45:27,347 INFO     ___FILE_ONLY___ ╚
2024-11-25 09:45:27,350 DEBUG    urllib3.connectionpool Starting new HTTPS connection (1): dl.google.com:443
2024-11-25 09:45:27,561 DEBUG    urllib3.connectionpool https://dl.google.com:443 "GET /dl/cloudsdk/channels/rapid/components/google-cloud-sdk-kubectl-darwin-arm-20241108162203.tar.gz HTTP/1.1" 200 90277960
2024-11-25 09:45:57,688 INFO     ___FILE_ONLY___ ═
2024-11-25 09:45:57,689 INFO     ___FILE_ONLY___ ═
2024-11-25 09:45:57,690 INFO     ___FILE_ONLY___ ═
2024-11-25 09:45:57,691 INFO     ___FILE_ONLY___ ═
2024-11-25 09:45:57,692 INFO     ___FILE_ONLY___ ═
2024-11-25 09:45:57,693 INFO     ___FILE_ONLY___ ═
2024-11-25 09:45:57,694 INFO     ___FILE_ONLY___ ═
2024-11-25 09:45:57,695 INFO     ___FILE_ONLY___ ═
2024-11-25 09:45:57,696 INFO     ___FILE_ONLY___ ═
2024-11-25 09:45:57,697 INFO     ___FILE_ONLY___ ═
2024-11-25 09:45:57,697 INFO     ___FILE_ONLY___ ═
2024-11-25 09:45:57,699 INFO     ___FILE_ONLY___ ═
2024-11-25 09:45:57,699 INFO     ___FILE_ONLY___ ═
2024-11-25 09:45:57,700 INFO     ___FILE_ONLY___ ═
2024-11-25 09:45:57,701 INFO     ___FILE_ONLY___ ═
2024-11-25 09:45:57,702 INFO     ___FILE_ONLY___ ═
2024-11-25 09:45:57,703 INFO     ___FILE_ONLY___ ═
2024-11-25 09:45:57,704 INFO     ___FILE_ONLY___ ═
2024-11-25 09:45:57,705 INFO     ___FILE_ONLY___ ═
2024-11-25 09:45:57,705 INFO     ___FILE_ONLY___ ═
2024-11-25 09:45:57,706 INFO     ___FILE_ONLY___ ═
2024-11-25 09:45:57,707 INFO     ___FILE_ONLY___ ═
2024-11-25 09:45:57,708 INFO     ___FILE_ONLY___ ═
2024-11-25 09:45:57,709 INFO     ___FILE_ONLY___ ═
2024-11-25 09:45:57,709 INFO     ___FILE_ONLY___ ═
2024-11-25 09:45:57,710 INFO     ___FILE_ONLY___ ═
2024-11-25 09:45:57,711 INFO     ___FILE_ONLY___ ═
2024-11-25 09:45:57,712 INFO     ___FILE_ONLY___ ═
2024-11-25 09:45:57,713 INFO     ___FILE_ONLY___ ═
2024-11-25 09:45:57,713 INFO     ___FILE_ONLY___ ═
2024-11-25 09:45:57,714 INFO     ___FILE_ONLY___ ═
2024-11-25 09:45:57,715 INFO     ___FILE_ONLY___ ═
2024-11-25 09:45:57,715 INFO     ___FILE_ONLY___ ═
2024-11-25 09:45:57,716 INFO     ___FILE_ONLY___ ═
2024-11-25 09:45:57,717 INFO     ___FILE_ONLY___ ═
2024-11-25 09:45:57,718 INFO     ___FILE_ONLY___ ═
2024-11-25 09:45:57,718 INFO     ___FILE_ONLY___ ═
2024-11-25 09:45:57,719 INFO     ___FILE_ONLY___ ═
2024-11-25 09:45:57,720 INFO     ___FILE_ONLY___ ═
2024-11-25 09:45:57,721 INFO     ___FILE_ONLY___ ═
2024-11-25 09:45:57,721 INFO     ___FILE_ONLY___ ═
2024-11-25 09:45:57,722 INFO     ___FILE_ONLY___ ═
2024-11-25 09:45:57,723 INFO     ___FILE_ONLY___ ═
2024-11-25 09:45:57,723 INFO     ___FILE_ONLY___ ═
2024-11-25 09:45:57,724 INFO     ___FILE_ONLY___ ═
2024-11-25 09:45:57,725 INFO     ___FILE_ONLY___ ═
2024-11-25 09:45:57,726 INFO     ___FILE_ONLY___ ═
2024-11-25 09:45:57,726 INFO     ___FILE_ONLY___ ═
2024-11-25 09:45:57,727 INFO     ___FILE_ONLY___ ═
2024-11-25 09:45:57,728 INFO     ___FILE_ONLY___ ═
2024-11-25 09:45:57,728 INFO     ___FILE_ONLY___ ═
2024-11-25 09:45:57,729 INFO     ___FILE_ONLY___ ═
2024-11-25 09:45:57,730 INFO     ___FILE_ONLY___ ═
2024-11-25 09:45:57,731 INFO     ___FILE_ONLY___ ═
2024-11-25 09:45:57,731 INFO     ___FILE_ONLY___ ═
2024-11-25 09:45:57,732 INFO     ___FILE_ONLY___ ═
2024-11-25 09:45:57,733 INFO     ___FILE_ONLY___ ═
2024-11-25 09:45:57,733 INFO     ___FILE_ONLY___ ═
2024-11-25 09:45:57,734 INFO     ___FILE_ONLY___ ═
2024-11-25 09:45:57,735 INFO     ___FILE_ONLY___ ═
2024-11-25 09:45:57,735 INFO     ___FILE_ONLY___ ╝

2024-11-25 09:45:57,747 INFO     ___FILE_ONLY___ ╔════════════════════════════════════════════════════════════╗

2024-11-25 09:45:57,747 INFO     ___FILE_ONLY___ ╠═ Installing: Google Cloud CLI Core Libraries (Platform... ═╣

2024-11-25 09:45:57,747 INFO     ___FILE_ONLY___ ╚
2024-11-25 09:45:57,756 INFO     ___FILE_ONLY___ ══════════════════════════════
2024-11-25 09:45:57,757 INFO     ___FILE_ONLY___ ══════════════════════════════
2024-11-25 09:45:57,757 INFO     ___FILE_ONLY___ ╝

2024-11-25 09:45:57,768 INFO     ___FILE_ONLY___ ╔════════════════════════════════════════════════════════════╗

2024-11-25 09:45:57,768 INFO     ___FILE_ONLY___ ╠═ Installing: Minikube                                     ═╣

2024-11-25 09:45:57,768 INFO     ___FILE_ONLY___ ╚
2024-11-25 09:45:57,776 INFO     ___FILE_ONLY___ ════════════════════════════════════════════════════════════
2024-11-25 09:45:57,776 INFO     ___FILE_ONLY___ ╝

2024-11-25 09:45:57,785 INFO     ___FILE_ONLY___ ╔════════════════════════════════════════════════════════════╗

2024-11-25 09:45:57,785 INFO     ___FILE_ONLY___ ╠═ Installing: Minikube (Platform Specific)                 ═╣

2024-11-25 09:45:57,785 INFO     ___FILE_ONLY___ ╚
2024-11-25 09:45:58,143 INFO     ___FILE_ONLY___ ════════════════════════════════════════════════════════════
2024-11-25 09:45:58,143 INFO     ___FILE_ONLY___ ╝

2024-11-25 09:45:58,151 INFO     ___FILE_ONLY___ ╔════════════════════════════════════════════════════════════╗

2024-11-25 09:45:58,152 INFO     ___FILE_ONLY___ ╠═ Installing: Skaffold                                     ═╣

2024-11-25 09:45:58,152 INFO     ___FILE_ONLY___ ╚
2024-11-25 09:45:58,154 INFO     ___FILE_ONLY___ ════════════════════════════════════════════════════════════
2024-11-25 09:45:58,154 INFO     ___FILE_ONLY___ ╝

2024-11-25 09:45:58,159 INFO     ___FILE_ONLY___ ╔════════════════════════════════════════════════════════════╗

2024-11-25 09:45:58,159 INFO     ___FILE_ONLY___ ╠═ Installing: Skaffold (Platform Specific)                 ═╣

2024-11-25 09:45:58,159 INFO     ___FILE_ONLY___ ╚
2024-11-25 09:45:58,448 INFO     ___FILE_ONLY___ ════════════════════════════════════════════════════════════
2024-11-25 09:45:58,449 INFO     ___FILE_ONLY___ ╝

2024-11-25 09:45:58,457 INFO     ___FILE_ONLY___ ╔════════════════════════════════════════════════════════════╗

2024-11-25 09:45:58,457 INFO     ___FILE_ONLY___ ╠═ Installing: gcloud Alpha Commands                        ═╣

2024-11-25 09:45:58,457 INFO     ___FILE_ONLY___ ╚
2024-11-25 09:45:58,460 INFO     ___FILE_ONLY___ ════════════════════════════════════════════════════════════
2024-11-25 09:45:58,460 INFO     ___FILE_ONLY___ ╝

2024-11-25 09:45:58,467 INFO     ___FILE_ONLY___ ╔════════════════════════════════════════════════════════════╗

2024-11-25 09:45:58,467 INFO     ___FILE_ONLY___ ╠═ Installing: gcloud Beta Commands                         ═╣

2024-11-25 09:45:58,467 INFO     ___FILE_ONLY___ ╚
2024-11-25 09:45:58,469 INFO     ___FILE_ONLY___ ════════════════════════════════════════════════════════════
2024-11-25 09:45:58,470 INFO     ___FILE_ONLY___ ╝

2024-11-25 09:45:58,476 INFO     ___FILE_ONLY___ ╔════════════════════════════════════════════════════════════╗

2024-11-25 09:45:58,476 INFO     ___FILE_ONLY___ ╠═ Installing: gcloud cli dependencies (Platform Specific)  ═╣

2024-11-25 09:45:58,476 INFO     ___FILE_ONLY___ ╚
2024-11-25 09:45:58,477 INFO     ___FILE_ONLY___ ════════════════════════════════════════════════════════════
2024-11-25 09:45:58,477 INFO     ___FILE_ONLY___ ╝

2024-11-25 09:45:58,483 INFO     ___FILE_ONLY___ ╔════════════════════════════════════════════════════════════╗

2024-11-25 09:45:58,484 INFO     ___FILE_ONLY___ ╠═ Installing: gke-gcloud-auth-plugin                       ═╣

2024-11-25 09:45:58,484 INFO     ___FILE_ONLY___ ╚
2024-11-25 09:45:58,486 INFO     ___FILE_ONLY___ ════════════════════════════════════════════════════════════
2024-11-25 09:45:58,486 INFO     ___FILE_ONLY___ ╝

2024-11-25 09:45:58,489 INFO     ___FILE_ONLY___ ╔════════════════════════════════════════════════════════════╗

2024-11-25 09:45:58,489 INFO     ___FILE_ONLY___ ╠═ Installing: gke-gcloud-auth-plugin (Platform Specific)   ═╣

2024-11-25 09:45:58,490 INFO     ___FILE_ONLY___ ╚
2024-11-25 09:45:58,538 INFO     ___FILE_ONLY___ ════════════════════════════════════════════════════════════
2024-11-25 09:45:58,538 INFO     ___FILE_ONLY___ ╝

2024-11-25 09:45:58,545 INFO     ___FILE_ONLY___ ╔════════════════════════════════════════════════════════════╗

2024-11-25 09:45:58,545 INFO     ___FILE_ONLY___ ╠═ Installing: kubectl                                      ═╣

2024-11-25 09:45:58,545 INFO     ___FILE_ONLY___ ╚
2024-11-25 09:45:58,548 INFO     ___FILE_ONLY___ ════════════════════════════════════════════════════════════
2024-11-25 09:45:58,548 INFO     ___FILE_ONLY___ ╝

2024-11-25 09:45:58,555 INFO     ___FILE_ONLY___ ╔════════════════════════════════════════════════════════════╗

2024-11-25 09:45:58,555 INFO     ___FILE_ONLY___ ╠═ Installing: kubectl (Platform Specific)                  ═╣

2024-11-25 09:45:58,555 INFO     ___FILE_ONLY___ ╚
2024-11-25 09:45:59,099 INFO     ___FILE_ONLY___ ══════════
2024-11-25 09:45:59,192 INFO     ___FILE_ONLY___ ══════════
2024-11-25 09:45:59,286 INFO     ___FILE_ONLY___ ══════════
2024-11-25 09:45:59,381 INFO     ___FILE_ONLY___ ══════════
2024-11-25 09:45:59,479 INFO     ___FILE_ONLY___ ══════════
2024-11-25 09:45:59,581 INFO     ___FILE_ONLY___ ══════════
2024-11-25 09:45:59,581 INFO     ___FILE_ONLY___ ╝

2024-11-25 09:45:59,607 DEBUG    root            Updating notification cache...
2024-11-25 09:45:59,607 INFO     ___FILE_ONLY___ 

2024-11-25 09:45:59,612 INFO     ___FILE_ONLY___ Performing post processing steps...
2024-11-25 09:45:59,613 DEBUG    root            Executing command: ['/Users/wbrunson/Library/Application Support/cloud-code/installer/google-cloud-sdk/bin/gcloud', 'components', 'post-process', '--no-compile-python']
2024-11-25 09:46:00,168 DEBUG    ___FILE_ONLY___ 
2024-11-25 09:46:00,168 DEBUG    ___FILE_ONLY___ 
2024-11-25 09:46:00,376 INFO     ___FILE_ONLY___ 
Update done!


2024-11-25 09:46:00,379 DEBUG    root            Chosen display Format:none
2024-11-25 09:46:00,379 INFO     root            Display format: "none"
2024-11-25 09:46:00,381 DEBUG    root            Executing command: ['curl', '--silent', '-O', 'https://dl.google.com/dl/cloudsdk/channels/rapid/python-3.11.6-macos11.tar.gz']
2024-11-25 09:46:14,651 DEBUG    root            Executing command: ['tar', '-xf', 'python-3.11.6-macos11.tar.gz']
2024-11-25 09:46:14,725 DEBUG    root            Executing command: ['sudo', 'installer', '-target', '/', '-pkg', './python-3.11.6-macos11.pkg']
