2024-11-12 10:53:09,933 DEBUG    root            Metrics collector initialized...
2024-11-12 10:53:09,934 DEBUG    root            Loaded Command Group: ['gcloud', 'components']
2024-11-12 10:53:09,936 DEBUG    root            Loaded Command Group: ['gcloud', 'components', 'update']
2024-11-12 10:53:09,936 DEBUG    root            Running [gcloud.components.update] with arguments: [--no-compile-python: "False", --quiet: "True", COMPONENT-IDS:6: "['alpha', 'beta', 'gke-gcloud-auth-plugin', 'kubectl', 'skaffold', 'minikube']"]
2024-11-12 10:53:09,937 INFO     ___FILE_ONLY___ Beginning update. This process may take several minutes.

2024-11-12 10:53:09,948 DEBUG    urllib3.connectionpool Starting new HTTPS connection (1): dl.google.com:443
2024-11-12 10:53:10,441 DEBUG    urllib3.connectionpool https://dl.google.com:443 "GET /dl/cloudsdk/channels/rapid/components-2.json HTTP/1.1" 200 226997
2024-11-12 10:53:10,778 INFO     ___FILE_ONLY___ 

2024-11-12 10:53:10,779 INFO     ___FILE_ONLY___ 
Your current Google Cloud CLI version is: 501.0.0

2024-11-12 10:53:10,779 INFO     ___FILE_ONLY___ Installing components from version: 501.0.0

2024-11-12 10:53:10,779 INFO     ___FILE_ONLY___ 

2024-11-12 10:53:10,779 DEBUG    root            Chosen display Format:table[box,title="These components will be removed."](details.display_name:label=Name:align=left,version.version_string:label=Version:align=right,data.size.size(zero="",min=1048576):label=Size:align=right)
2024-11-12 10:53:10,780 DEBUG    root            Chosen display Format:table[box,title="These components will be updated."](details.display_name:label=Name:align=left,version.version_string:label=Version:align=right,data.size.size(zero="",min=1048576):label=Size:align=right)
2024-11-12 10:53:10,780 DEBUG    root            Chosen display Format:table[box,title="These components will be installed."](details.display_name:label=Name:align=left,version.version_string:label=Version:align=right,data.size.size(zero="",min=1048576):label=Size:align=right)
2024-11-12 10:53:10,793 INFO     ___FILE_ONLY___ ┌─────────────────────────────────────────────────────────────────────────────┐
2024-11-12 10:53:10,793 INFO     ___FILE_ONLY___ 

2024-11-12 10:53:10,793 INFO     ___FILE_ONLY___ │                     These components will be installed.                     │
2024-11-12 10:53:10,793 INFO     ___FILE_ONLY___ 

2024-11-12 10:53:10,793 INFO     ___FILE_ONLY___ ├─────────────────────────────────────────────────────┬────────────┬──────────┤
2024-11-12 10:53:10,793 INFO     ___FILE_ONLY___ 

2024-11-12 10:53:10,793 INFO     ___FILE_ONLY___ │                         Name                        │  Version   │   Size   │
2024-11-12 10:53:10,793 INFO     ___FILE_ONLY___ 

2024-11-12 10:53:10,793 INFO     ___FILE_ONLY___ ├─────────────────────────────────────────────────────┼────────────┼──────────┤
2024-11-12 10:53:10,793 INFO     ___FILE_ONLY___ 

2024-11-12 10:53:10,793 INFO     ___FILE_ONLY___ │ 
2024-11-12 10:53:10,793 INFO     ___FILE_ONLY___ Google Cloud CLI Core Libraries (Platform Specific)
2024-11-12 10:53:10,793 INFO     ___FILE_ONLY___  
2024-11-12 10:53:10,793 INFO     ___FILE_ONLY___ │ 
2024-11-12 10:53:10,793 INFO     ___FILE_ONLY___ 2024.08.30
2024-11-12 10:53:10,794 INFO     ___FILE_ONLY___  
2024-11-12 10:53:10,794 INFO     ___FILE_ONLY___ │ 
2024-11-12 10:53:10,794 INFO     ___FILE_ONLY___  < 1 MiB
2024-11-12 10:53:10,794 INFO     ___FILE_ONLY___  
2024-11-12 10:53:10,794 INFO     ___FILE_ONLY___ │
2024-11-12 10:53:10,794 INFO     ___FILE_ONLY___ 

2024-11-12 10:53:10,794 INFO     ___FILE_ONLY___ │ 
2024-11-12 10:53:10,794 INFO     ___FILE_ONLY___ Minikube (Platform Specific)                       
2024-11-12 10:53:10,794 INFO     ___FILE_ONLY___  
2024-11-12 10:53:10,794 INFO     ___FILE_ONLY___ │ 
2024-11-12 10:53:10,794 INFO     ___FILE_ONLY___     1.34.0
2024-11-12 10:53:10,794 INFO     ___FILE_ONLY___  
2024-11-12 10:53:10,794 INFO     ___FILE_ONLY___ │ 
2024-11-12 10:53:10,794 INFO     ___FILE_ONLY___ 37.2 MiB
2024-11-12 10:53:10,794 INFO     ___FILE_ONLY___  
2024-11-12 10:53:10,794 INFO     ___FILE_ONLY___ │
2024-11-12 10:53:10,794 INFO     ___FILE_ONLY___ 

2024-11-12 10:53:10,794 INFO     ___FILE_ONLY___ │ 
2024-11-12 10:53:10,794 INFO     ___FILE_ONLY___ Skaffold (Platform Specific)                       
2024-11-12 10:53:10,794 INFO     ___FILE_ONLY___  
2024-11-12 10:53:10,794 INFO     ___FILE_ONLY___ │ 
2024-11-12 10:53:10,794 INFO     ___FILE_ONLY___     2.13.1
2024-11-12 10:53:10,794 INFO     ___FILE_ONLY___  
2024-11-12 10:53:10,794 INFO     ___FILE_ONLY___ │ 
2024-11-12 10:53:10,794 INFO     ___FILE_ONLY___ 22.9 MiB
2024-11-12 10:53:10,794 INFO     ___FILE_ONLY___  
2024-11-12 10:53:10,794 INFO     ___FILE_ONLY___ │
2024-11-12 10:53:10,794 INFO     ___FILE_ONLY___ 

2024-11-12 10:53:10,794 INFO     ___FILE_ONLY___ │ 
2024-11-12 10:53:10,794 INFO     ___FILE_ONLY___ gcloud Alpha Commands                              
2024-11-12 10:53:10,794 INFO     ___FILE_ONLY___  
2024-11-12 10:53:10,794 INFO     ___FILE_ONLY___ │ 
2024-11-12 10:53:10,794 INFO     ___FILE_ONLY___ 2024.11.08
2024-11-12 10:53:10,794 INFO     ___FILE_ONLY___  
2024-11-12 10:53:10,794 INFO     ___FILE_ONLY___ │ 
2024-11-12 10:53:10,794 INFO     ___FILE_ONLY___  < 1 MiB
2024-11-12 10:53:10,794 INFO     ___FILE_ONLY___  
2024-11-12 10:53:10,794 INFO     ___FILE_ONLY___ │
2024-11-12 10:53:10,794 INFO     ___FILE_ONLY___ 

2024-11-12 10:53:10,795 INFO     ___FILE_ONLY___ │ 
2024-11-12 10:53:10,795 INFO     ___FILE_ONLY___ gcloud Beta Commands                               
2024-11-12 10:53:10,795 INFO     ___FILE_ONLY___  
2024-11-12 10:53:10,795 INFO     ___FILE_ONLY___ │ 
2024-11-12 10:53:10,795 INFO     ___FILE_ONLY___ 2024.11.08
2024-11-12 10:53:10,795 INFO     ___FILE_ONLY___  
2024-11-12 10:53:10,795 INFO     ___FILE_ONLY___ │ 
2024-11-12 10:53:10,795 INFO     ___FILE_ONLY___  < 1 MiB
2024-11-12 10:53:10,795 INFO     ___FILE_ONLY___  
2024-11-12 10:53:10,795 INFO     ___FILE_ONLY___ │
2024-11-12 10:53:10,795 INFO     ___FILE_ONLY___ 

2024-11-12 10:53:10,795 INFO     ___FILE_ONLY___ │ 
2024-11-12 10:53:10,795 INFO     ___FILE_ONLY___ gcloud cli dependencies (Platform Specific)        
2024-11-12 10:53:10,795 INFO     ___FILE_ONLY___  
2024-11-12 10:53:10,795 INFO     ___FILE_ONLY___ │ 
2024-11-12 10:53:10,795 INFO     ___FILE_ONLY___ 2021.04.16
2024-11-12 10:53:10,795 INFO     ___FILE_ONLY___  
2024-11-12 10:53:10,795 INFO     ___FILE_ONLY___ │ 
2024-11-12 10:53:10,795 INFO     ___FILE_ONLY___  < 1 MiB
2024-11-12 10:53:10,795 INFO     ___FILE_ONLY___  
2024-11-12 10:53:10,795 INFO     ___FILE_ONLY___ │
2024-11-12 10:53:10,795 INFO     ___FILE_ONLY___ 

2024-11-12 10:53:10,795 INFO     ___FILE_ONLY___ │ 
2024-11-12 10:53:10,795 INFO     ___FILE_ONLY___ gke-gcloud-auth-plugin (Platform Specific)         
2024-11-12 10:53:10,795 INFO     ___FILE_ONLY___  
2024-11-12 10:53:10,795 INFO     ___FILE_ONLY___ │ 
2024-11-12 10:53:10,795 INFO     ___FILE_ONLY___      0.5.9
2024-11-12 10:53:10,795 INFO     ___FILE_ONLY___  
2024-11-12 10:53:10,795 INFO     ___FILE_ONLY___ │ 
2024-11-12 10:53:10,795 INFO     ___FILE_ONLY___  4.0 MiB
2024-11-12 10:53:10,795 INFO     ___FILE_ONLY___  
2024-11-12 10:53:10,795 INFO     ___FILE_ONLY___ │
2024-11-12 10:53:10,795 INFO     ___FILE_ONLY___ 

2024-11-12 10:53:10,795 INFO     ___FILE_ONLY___ │ 
2024-11-12 10:53:10,795 INFO     ___FILE_ONLY___ kubectl                                            
2024-11-12 10:53:10,795 INFO     ___FILE_ONLY___  
2024-11-12 10:53:10,795 INFO     ___FILE_ONLY___ │ 
2024-11-12 10:53:10,795 INFO     ___FILE_ONLY___     1.30.5
2024-11-12 10:53:10,795 INFO     ___FILE_ONLY___  
2024-11-12 10:53:10,795 INFO     ___FILE_ONLY___ │ 
2024-11-12 10:53:10,795 INFO     ___FILE_ONLY___  < 1 MiB
2024-11-12 10:53:10,795 INFO     ___FILE_ONLY___  
2024-11-12 10:53:10,795 INFO     ___FILE_ONLY___ │
2024-11-12 10:53:10,795 INFO     ___FILE_ONLY___ 

2024-11-12 10:53:10,795 INFO     ___FILE_ONLY___ │ 
2024-11-12 10:53:10,795 INFO     ___FILE_ONLY___ kubectl (Platform Specific)                        
2024-11-12 10:53:10,796 INFO     ___FILE_ONLY___  
2024-11-12 10:53:10,796 INFO     ___FILE_ONLY___ │ 
2024-11-12 10:53:10,796 INFO     ___FILE_ONLY___     1.30.6
2024-11-12 10:53:10,796 INFO     ___FILE_ONLY___  
2024-11-12 10:53:10,796 INFO     ___FILE_ONLY___ │ 
2024-11-12 10:53:10,796 INFO     ___FILE_ONLY___ 86.1 MiB
2024-11-12 10:53:10,796 INFO     ___FILE_ONLY___  
2024-11-12 10:53:10,796 INFO     ___FILE_ONLY___ │
2024-11-12 10:53:10,796 INFO     ___FILE_ONLY___ 

2024-11-12 10:53:10,796 INFO     ___FILE_ONLY___ └─────────────────────────────────────────────────────┴────────────┴──────────┘
2024-11-12 10:53:10,796 INFO     ___FILE_ONLY___ 

2024-11-12 10:53:10,796 INFO     ___FILE_ONLY___ 

2024-11-12 10:53:10,798 DEBUG    urllib3.connectionpool Starting new HTTPS connection (1): dl.google.com:443
2024-11-12 10:53:11,298 DEBUG    urllib3.connectionpool https://dl.google.com:443 "GET /dl/cloudsdk/channels/rapid/RELEASE_NOTES HTTP/1.1" 200 1311270
2024-11-12 10:53:12,127 INFO     ___FILE_ONLY___ For the latest full release notes, please visit:
  https://cloud.google.com/sdk/release_notes


2024-11-12 10:53:12,128 INFO     ___FILE_ONLY___ Performing in place update...


2024-11-12 10:53:12,193 INFO     ___FILE_ONLY___ ╔════════════════════════════════════════════════════════════╗

2024-11-12 10:53:12,194 INFO     ___FILE_ONLY___ ╠═ Downloading: Google Cloud CLI Core Libraries (Platfor... ═╣

2024-11-12 10:53:12,194 INFO     ___FILE_ONLY___ ╚
2024-11-12 10:53:12,197 DEBUG    urllib3.connectionpool Starting new HTTPS connection (1): dl.google.com:443
2024-11-12 10:53:12,694 DEBUG    urllib3.connectionpool https://dl.google.com:443 "GET /dl/cloudsdk/channels/rapid/components/google-cloud-sdk-core-nix-20240830134514.tar.gz HTTP/1.1" 200 2306
2024-11-12 10:53:12,697 INFO     ___FILE_ONLY___ ════════════════════════════════════════════════════════════
2024-11-12 10:53:12,697 INFO     ___FILE_ONLY___ ╝

2024-11-12 10:53:12,778 INFO     ___FILE_ONLY___ ╔════════════════════════════════════════════════════════════╗

2024-11-12 10:53:12,779 INFO     ___FILE_ONLY___ ╠═ Downloading: Minikube                                    ═╣

2024-11-12 10:53:12,779 INFO     ___FILE_ONLY___ ╚
2024-11-12 10:53:12,779 INFO     ___FILE_ONLY___ ════════════════════════════════════════════════════════════
2024-11-12 10:53:12,779 INFO     ___FILE_ONLY___ ╝

2024-11-12 10:53:12,852 INFO     ___FILE_ONLY___ ╔════════════════════════════════════════════════════════════╗

2024-11-12 10:53:12,853 INFO     ___FILE_ONLY___ ╠═ Downloading: Minikube (Platform Specific)                ═╣

2024-11-12 10:53:12,853 INFO     ___FILE_ONLY___ ╚
2024-11-12 10:53:12,859 DEBUG    urllib3.connectionpool Starting new HTTPS connection (1): dl.google.com:443
2024-11-12 10:53:13,365 DEBUG    urllib3.connectionpool https://dl.google.com:443 "GET /dl/cloudsdk/channels/rapid/components/google-cloud-sdk-minikube-darwin-arm-20240927140238.tar.gz HTTP/1.1" 200 38981244
2024-11-12 10:53:19,350 INFO     ___FILE_ONLY___ ═
2024-11-12 10:53:19,351 INFO     ___FILE_ONLY___ ═
2024-11-12 10:53:19,351 INFO     ___FILE_ONLY___ ═
2024-11-12 10:53:19,351 INFO     ___FILE_ONLY___ ═
2024-11-12 10:53:19,352 INFO     ___FILE_ONLY___ ═
2024-11-12 10:53:19,352 INFO     ___FILE_ONLY___ ═
2024-11-12 10:53:19,352 INFO     ___FILE_ONLY___ ═
2024-11-12 10:53:19,353 INFO     ___FILE_ONLY___ ═
2024-11-12 10:53:19,353 INFO     ___FILE_ONLY___ ═
2024-11-12 10:53:19,353 INFO     ___FILE_ONLY___ ═
2024-11-12 10:53:19,353 INFO     ___FILE_ONLY___ ═
2024-11-12 10:53:19,354 INFO     ___FILE_ONLY___ ═
2024-11-12 10:53:19,354 INFO     ___FILE_ONLY___ ═
2024-11-12 10:53:19,355 INFO     ___FILE_ONLY___ ═
2024-11-12 10:53:19,355 INFO     ___FILE_ONLY___ ═
2024-11-12 10:53:19,355 INFO     ___FILE_ONLY___ ═
2024-11-12 10:53:19,356 INFO     ___FILE_ONLY___ ═
2024-11-12 10:53:19,356 INFO     ___FILE_ONLY___ ═
2024-11-12 10:53:19,357 INFO     ___FILE_ONLY___ ═
2024-11-12 10:53:19,357 INFO     ___FILE_ONLY___ ═
2024-11-12 10:53:19,357 INFO     ___FILE_ONLY___ ═
2024-11-12 10:53:19,358 INFO     ___FILE_ONLY___ ═
2024-11-12 10:53:19,358 INFO     ___FILE_ONLY___ ═
2024-11-12 10:53:19,358 INFO     ___FILE_ONLY___ ═
2024-11-12 10:53:19,358 INFO     ___FILE_ONLY___ ═
2024-11-12 10:53:19,359 INFO     ___FILE_ONLY___ ═
2024-11-12 10:53:19,359 INFO     ___FILE_ONLY___ ═
2024-11-12 10:53:19,359 INFO     ___FILE_ONLY___ ═
2024-11-12 10:53:19,360 INFO     ___FILE_ONLY___ ═
2024-11-12 10:53:19,360 INFO     ___FILE_ONLY___ ═
2024-11-12 10:53:19,360 INFO     ___FILE_ONLY___ ═
2024-11-12 10:53:19,361 INFO     ___FILE_ONLY___ ═
2024-11-12 10:53:19,361 INFO     ___FILE_ONLY___ ═
2024-11-12 10:53:19,361 INFO     ___FILE_ONLY___ ═
2024-11-12 10:53:19,362 INFO     ___FILE_ONLY___ ═
2024-11-12 10:53:19,362 INFO     ___FILE_ONLY___ ═
2024-11-12 10:53:19,362 INFO     ___FILE_ONLY___ ═
2024-11-12 10:53:19,362 INFO     ___FILE_ONLY___ ═
2024-11-12 10:53:19,363 INFO     ___FILE_ONLY___ ═
2024-11-12 10:53:19,363 INFO     ___FILE_ONLY___ ═
2024-11-12 10:53:19,363 INFO     ___FILE_ONLY___ ═
2024-11-12 10:53:19,364 INFO     ___FILE_ONLY___ ═
2024-11-12 10:53:19,364 INFO     ___FILE_ONLY___ ═
2024-11-12 10:53:19,364 INFO     ___FILE_ONLY___ ═
2024-11-12 10:53:19,365 INFO     ___FILE_ONLY___ ═
2024-11-12 10:53:19,365 INFO     ___FILE_ONLY___ ═
2024-11-12 10:53:19,365 INFO     ___FILE_ONLY___ ═
2024-11-12 10:53:19,365 INFO     ___FILE_ONLY___ ═
2024-11-12 10:53:19,366 INFO     ___FILE_ONLY___ ═
2024-11-12 10:53:19,366 INFO     ___FILE_ONLY___ ═
2024-11-12 10:53:19,366 INFO     ___FILE_ONLY___ ═
2024-11-12 10:53:19,367 INFO     ___FILE_ONLY___ ═
2024-11-12 10:53:19,367 INFO     ___FILE_ONLY___ ═
2024-11-12 10:53:19,367 INFO     ___FILE_ONLY___ ═
2024-11-12 10:53:19,367 INFO     ___FILE_ONLY___ ═
2024-11-12 10:53:19,368 INFO     ___FILE_ONLY___ ═
2024-11-12 10:53:19,368 INFO     ___FILE_ONLY___ ═
2024-11-12 10:53:19,368 INFO     ___FILE_ONLY___ ═
2024-11-12 10:53:19,368 INFO     ___FILE_ONLY___ ═
2024-11-12 10:53:19,369 INFO     ___FILE_ONLY___ ═
2024-11-12 10:53:19,369 INFO     ___FILE_ONLY___ ╝

2024-11-12 10:53:19,435 INFO     ___FILE_ONLY___ ╔════════════════════════════════════════════════════════════╗

2024-11-12 10:53:19,436 INFO     ___FILE_ONLY___ ╠═ Downloading: Skaffold                                    ═╣

2024-11-12 10:53:19,436 INFO     ___FILE_ONLY___ ╚
2024-11-12 10:53:19,436 INFO     ___FILE_ONLY___ ════════════════════════════════════════════════════════════
2024-11-12 10:53:19,436 INFO     ___FILE_ONLY___ ╝

2024-11-12 10:53:19,505 INFO     ___FILE_ONLY___ ╔════════════════════════════════════════════════════════════╗

2024-11-12 10:53:19,505 INFO     ___FILE_ONLY___ ╠═ Downloading: Skaffold (Platform Specific)                ═╣

2024-11-12 10:53:19,505 INFO     ___FILE_ONLY___ ╚
2024-11-12 10:53:19,508 DEBUG    urllib3.connectionpool Starting new HTTPS connection (1): dl.google.com:443
2024-11-12 10:53:20,052 DEBUG    urllib3.connectionpool https://dl.google.com:443 "GET /dl/cloudsdk/channels/rapid/components/google-cloud-sdk-skaffold-darwin-arm-20240806142304.tar.gz HTTP/1.1" 200 24031362
2024-11-12 10:53:24,656 INFO     ___FILE_ONLY___ ═
2024-11-12 10:53:24,656 INFO     ___FILE_ONLY___ ═
2024-11-12 10:53:24,657 INFO     ___FILE_ONLY___ ═
2024-11-12 10:53:24,657 INFO     ___FILE_ONLY___ ═
2024-11-12 10:53:24,657 INFO     ___FILE_ONLY___ ═
2024-11-12 10:53:24,657 INFO     ___FILE_ONLY___ ═
2024-11-12 10:53:24,658 INFO     ___FILE_ONLY___ ═
2024-11-12 10:53:24,658 INFO     ___FILE_ONLY___ ═
2024-11-12 10:53:24,658 INFO     ___FILE_ONLY___ ═
2024-11-12 10:53:24,658 INFO     ___FILE_ONLY___ ═
2024-11-12 10:53:24,658 INFO     ___FILE_ONLY___ ═
2024-11-12 10:53:24,659 INFO     ___FILE_ONLY___ ═
2024-11-12 10:53:24,659 INFO     ___FILE_ONLY___ ═
2024-11-12 10:53:24,659 INFO     ___FILE_ONLY___ ═
2024-11-12 10:53:24,659 INFO     ___FILE_ONLY___ ═
2024-11-12 10:53:24,659 INFO     ___FILE_ONLY___ ═
2024-11-12 10:53:24,660 INFO     ___FILE_ONLY___ ═
2024-11-12 10:53:24,660 INFO     ___FILE_ONLY___ ═
2024-11-12 10:53:24,660 INFO     ___FILE_ONLY___ ═
2024-11-12 10:53:24,660 INFO     ___FILE_ONLY___ ═
2024-11-12 10:53:24,661 INFO     ___FILE_ONLY___ ═
2024-11-12 10:53:24,661 INFO     ___FILE_ONLY___ ═
2024-11-12 10:53:24,661 INFO     ___FILE_ONLY___ ═
2024-11-12 10:53:24,661 INFO     ___FILE_ONLY___ ═
2024-11-12 10:53:24,661 INFO     ___FILE_ONLY___ ═
2024-11-12 10:53:24,662 INFO     ___FILE_ONLY___ ═
2024-11-12 10:53:24,662 INFO     ___FILE_ONLY___ ═
2024-11-12 10:53:24,662 INFO     ___FILE_ONLY___ ═
2024-11-12 10:53:24,662 INFO     ___FILE_ONLY___ ═
2024-11-12 10:53:24,662 INFO     ___FILE_ONLY___ ═
2024-11-12 10:53:24,663 INFO     ___FILE_ONLY___ ═
2024-11-12 10:53:24,663 INFO     ___FILE_ONLY___ ═
2024-11-12 10:53:24,663 INFO     ___FILE_ONLY___ ═
2024-11-12 10:53:24,663 INFO     ___FILE_ONLY___ ═
2024-11-12 10:53:24,664 INFO     ___FILE_ONLY___ ═
2024-11-12 10:53:24,664 INFO     ___FILE_ONLY___ ═
2024-11-12 10:53:24,664 INFO     ___FILE_ONLY___ ═
2024-11-12 10:53:24,664 INFO     ___FILE_ONLY___ ═
2024-11-12 10:53:24,664 INFO     ___FILE_ONLY___ ═
2024-11-12 10:53:24,665 INFO     ___FILE_ONLY___ ═
2024-11-12 10:53:24,665 INFO     ___FILE_ONLY___ ═
2024-11-12 10:53:24,665 INFO     ___FILE_ONLY___ ═
2024-11-12 10:53:24,665 INFO     ___FILE_ONLY___ ═
2024-11-12 10:53:24,666 INFO     ___FILE_ONLY___ ═
2024-11-12 10:53:24,666 INFO     ___FILE_ONLY___ ═
2024-11-12 10:53:24,666 INFO     ___FILE_ONLY___ ═
2024-11-12 10:53:24,666 INFO     ___FILE_ONLY___ ═
2024-11-12 10:53:24,667 INFO     ___FILE_ONLY___ ═
2024-11-12 10:53:24,667 INFO     ___FILE_ONLY___ ═
2024-11-12 10:53:24,667 INFO     ___FILE_ONLY___ ═
2024-11-12 10:53:24,667 INFO     ___FILE_ONLY___ ═
2024-11-12 10:53:24,668 INFO     ___FILE_ONLY___ ═
2024-11-12 10:53:24,668 INFO     ___FILE_ONLY___ ═
2024-11-12 10:53:24,668 INFO     ___FILE_ONLY___ ═
2024-11-12 10:53:24,668 INFO     ___FILE_ONLY___ ═
2024-11-12 10:53:24,668 INFO     ___FILE_ONLY___ ═
2024-11-12 10:53:24,669 INFO     ___FILE_ONLY___ ═
2024-11-12 10:53:24,669 INFO     ___FILE_ONLY___ ═
2024-11-12 10:53:24,669 INFO     ___FILE_ONLY___ ═
2024-11-12 10:53:24,669 INFO     ___FILE_ONLY___ ═
2024-11-12 10:53:24,669 INFO     ___FILE_ONLY___ ╝

2024-11-12 10:53:24,736 INFO     ___FILE_ONLY___ ╔════════════════════════════════════════════════════════════╗

2024-11-12 10:53:24,736 INFO     ___FILE_ONLY___ ╠═ Downloading: gcloud Alpha Commands                       ═╣

2024-11-12 10:53:24,736 INFO     ___FILE_ONLY___ ╚
2024-11-12 10:53:24,739 DEBUG    urllib3.connectionpool Starting new HTTPS connection (1): dl.google.com:443
2024-11-12 10:53:25,239 DEBUG    urllib3.connectionpool https://dl.google.com:443 "GET /dl/cloudsdk/channels/rapid/components/google-cloud-sdk-alpha-20241108162203.tar.gz HTTP/1.1" 200 800
2024-11-12 10:53:25,240 INFO     ___FILE_ONLY___ ════════════════════════════════════════════════════════════
2024-11-12 10:53:25,241 INFO     ___FILE_ONLY___ ╝

2024-11-12 10:53:25,341 INFO     ___FILE_ONLY___ ╔════════════════════════════════════════════════════════════╗

2024-11-12 10:53:25,341 INFO     ___FILE_ONLY___ ╠═ Downloading: gcloud Beta Commands                        ═╣

2024-11-12 10:53:25,342 INFO     ___FILE_ONLY___ ╚
2024-11-12 10:53:25,345 DEBUG    urllib3.connectionpool Starting new HTTPS connection (1): dl.google.com:443
2024-11-12 10:53:25,846 DEBUG    urllib3.connectionpool https://dl.google.com:443 "GET /dl/cloudsdk/channels/rapid/components/google-cloud-sdk-beta-20241108162203.tar.gz HTTP/1.1" 200 797
2024-11-12 10:53:25,848 INFO     ___FILE_ONLY___ ════════════════════════════════════════════════════════════
2024-11-12 10:53:25,848 INFO     ___FILE_ONLY___ ╝

2024-11-12 10:53:25,941 INFO     ___FILE_ONLY___ ╔════════════════════════════════════════════════════════════╗

2024-11-12 10:53:25,941 INFO     ___FILE_ONLY___ ╠═ Downloading: gcloud cli dependencies (Platform Specific) ═╣

2024-11-12 10:53:25,941 INFO     ___FILE_ONLY___ ╚
2024-11-12 10:53:25,945 DEBUG    urllib3.connectionpool Starting new HTTPS connection (1): dl.google.com:443
2024-11-12 10:53:26,497 DEBUG    urllib3.connectionpool https://dl.google.com:443 "GET /dl/cloudsdk/channels/rapid/components/google-cloud-sdk-gcloud-deps-darwin-x86_64-20210416153011.tar.gz HTTP/1.1" 200 105
2024-11-12 10:53:26,499 INFO     ___FILE_ONLY___ ════════════════════════════════════════════════════════════
2024-11-12 10:53:26,499 INFO     ___FILE_ONLY___ ╝

2024-11-12 10:53:26,597 INFO     ___FILE_ONLY___ ╔════════════════════════════════════════════════════════════╗

2024-11-12 10:53:26,597 INFO     ___FILE_ONLY___ ╠═ Downloading: gke-gcloud-auth-plugin                      ═╣

2024-11-12 10:53:26,598 INFO     ___FILE_ONLY___ ╚
2024-11-12 10:53:26,598 INFO     ___FILE_ONLY___ ════════════════════════════════════════════════════════════
2024-11-12 10:53:26,598 INFO     ___FILE_ONLY___ ╝

2024-11-12 10:53:26,679 INFO     ___FILE_ONLY___ ╔════════════════════════════════════════════════════════════╗

2024-11-12 10:53:26,679 INFO     ___FILE_ONLY___ ╠═ Downloading: gke-gcloud-auth-plugin (Platform Specific)  ═╣

2024-11-12 10:53:26,679 INFO     ___FILE_ONLY___ ╚
2024-11-12 10:53:26,685 DEBUG    urllib3.connectionpool Starting new HTTPS connection (1): dl.google.com:443
2024-11-12 10:53:27,349 DEBUG    urllib3.connectionpool https://dl.google.com:443 "GET /dl/cloudsdk/channels/rapid/components/google-cloud-sdk-gke-gcloud-auth-plugin-darwin-arm-20240628141907.tar.gz HTTP/1.1" 200 4148014
2024-11-12 10:53:28,733 INFO     ___FILE_ONLY___ ═
2024-11-12 10:53:28,733 INFO     ___FILE_ONLY___ ═
2024-11-12 10:53:28,733 INFO     ___FILE_ONLY___ ═
2024-11-12 10:53:28,733 INFO     ___FILE_ONLY___ ═
2024-11-12 10:53:28,734 INFO     ___FILE_ONLY___ ═
2024-11-12 10:53:28,734 INFO     ___FILE_ONLY___ ═
2024-11-12 10:53:28,734 INFO     ___FILE_ONLY___ ═
2024-11-12 10:53:28,735 INFO     ___FILE_ONLY___ ═
2024-11-12 10:53:28,735 INFO     ___FILE_ONLY___ ═
2024-11-12 10:53:28,735 INFO     ___FILE_ONLY___ ═
2024-11-12 10:53:28,735 INFO     ___FILE_ONLY___ ═
2024-11-12 10:53:28,735 INFO     ___FILE_ONLY___ ═
2024-11-12 10:53:28,736 INFO     ___FILE_ONLY___ ═
2024-11-12 10:53:28,736 INFO     ___FILE_ONLY___ ═
2024-11-12 10:53:28,736 INFO     ___FILE_ONLY___ ═
2024-11-12 10:53:28,737 INFO     ___FILE_ONLY___ ═
2024-11-12 10:53:28,737 INFO     ___FILE_ONLY___ ═
2024-11-12 10:53:28,737 INFO     ___FILE_ONLY___ ═
2024-11-12 10:53:28,737 INFO     ___FILE_ONLY___ ═
2024-11-12 10:53:28,738 INFO     ___FILE_ONLY___ ═
2024-11-12 10:53:28,738 INFO     ___FILE_ONLY___ ═
2024-11-12 10:53:28,738 INFO     ___FILE_ONLY___ ═
2024-11-12 10:53:28,738 INFO     ___FILE_ONLY___ ═
2024-11-12 10:53:28,738 INFO     ___FILE_ONLY___ ═
2024-11-12 10:53:28,738 INFO     ___FILE_ONLY___ ═
2024-11-12 10:53:28,739 INFO     ___FILE_ONLY___ ═
2024-11-12 10:53:28,739 INFO     ___FILE_ONLY___ ═
2024-11-12 10:53:28,739 INFO     ___FILE_ONLY___ ═
2024-11-12 10:53:28,739 INFO     ___FILE_ONLY___ ═
2024-11-12 10:53:28,739 INFO     ___FILE_ONLY___ ═
2024-11-12 10:53:28,739 INFO     ___FILE_ONLY___ ═
2024-11-12 10:53:28,739 INFO     ___FILE_ONLY___ ═
2024-11-12 10:53:28,739 INFO     ___FILE_ONLY___ ═
2024-11-12 10:53:28,740 INFO     ___FILE_ONLY___ ═
2024-11-12 10:53:28,740 INFO     ___FILE_ONLY___ ═
2024-11-12 10:53:28,740 INFO     ___FILE_ONLY___ ═
2024-11-12 10:53:28,740 INFO     ___FILE_ONLY___ ═
2024-11-12 10:53:28,740 INFO     ___FILE_ONLY___ ═
2024-11-12 10:53:28,740 INFO     ___FILE_ONLY___ ═
2024-11-12 10:53:28,741 INFO     ___FILE_ONLY___ ═
2024-11-12 10:53:28,741 INFO     ___FILE_ONLY___ ═
2024-11-12 10:53:28,741 INFO     ___FILE_ONLY___ ═
2024-11-12 10:53:28,741 INFO     ___FILE_ONLY___ ═
2024-11-12 10:53:28,741 INFO     ___FILE_ONLY___ ═
2024-11-12 10:53:28,741 INFO     ___FILE_ONLY___ ═
2024-11-12 10:53:28,741 INFO     ___FILE_ONLY___ ═
2024-11-12 10:53:28,741 INFO     ___FILE_ONLY___ ═
2024-11-12 10:53:28,741 INFO     ___FILE_ONLY___ ═
2024-11-12 10:53:28,741 INFO     ___FILE_ONLY___ ═
2024-11-12 10:53:28,741 INFO     ___FILE_ONLY___ ═
2024-11-12 10:53:28,741 INFO     ___FILE_ONLY___ ═
2024-11-12 10:53:28,741 INFO     ___FILE_ONLY___ ═
2024-11-12 10:53:28,742 INFO     ___FILE_ONLY___ ═
2024-11-12 10:53:28,742 INFO     ___FILE_ONLY___ ═
2024-11-12 10:53:28,742 INFO     ___FILE_ONLY___ ═
2024-11-12 10:53:28,742 INFO     ___FILE_ONLY___ ═
2024-11-12 10:53:28,742 INFO     ___FILE_ONLY___ ═
2024-11-12 10:53:28,742 INFO     ___FILE_ONLY___ ═
2024-11-12 10:53:28,742 INFO     ___FILE_ONLY___ ═
2024-11-12 10:53:28,742 INFO     ___FILE_ONLY___ ═
2024-11-12 10:53:28,742 INFO     ___FILE_ONLY___ ╝

2024-11-12 10:53:28,820 INFO     ___FILE_ONLY___ ╔════════════════════════════════════════════════════════════╗

2024-11-12 10:53:28,820 INFO     ___FILE_ONLY___ ╠═ Downloading: kubectl                                     ═╣

2024-11-12 10:53:28,820 INFO     ___FILE_ONLY___ ╚
2024-11-12 10:53:28,827 DEBUG    urllib3.connectionpool Starting new HTTPS connection (1): dl.google.com:443
2024-11-12 10:53:29,368 DEBUG    urllib3.connectionpool https://dl.google.com:443 "GET /dl/cloudsdk/channels/rapid/components/google-cloud-sdk-kubectl-20241004144944.tar.gz HTTP/1.1" 200 36206
2024-11-12 10:53:29,467 INFO     ___FILE_ONLY___ ═══════════════════════════
2024-11-12 10:53:29,468 INFO     ___FILE_ONLY___ ═══════════════════════════
2024-11-12 10:53:29,468 INFO     ___FILE_ONLY___ ══════
2024-11-12 10:53:29,468 INFO     ___FILE_ONLY___ ╝

2024-11-12 10:53:29,553 INFO     ___FILE_ONLY___ ╔════════════════════════════════════════════════════════════╗

2024-11-12 10:53:29,553 INFO     ___FILE_ONLY___ ╠═ Downloading: kubectl (Platform Specific)                 ═╣

2024-11-12 10:53:29,553 INFO     ___FILE_ONLY___ ╚
2024-11-12 10:53:29,558 DEBUG    urllib3.connectionpool Starting new HTTPS connection (1): dl.google.com:443
2024-11-12 10:53:30,065 DEBUG    urllib3.connectionpool https://dl.google.com:443 "GET /dl/cloudsdk/channels/rapid/components/google-cloud-sdk-kubectl-darwin-arm-20241108162203.tar.gz HTTP/1.1" 200 90277960
2024-11-12 10:53:40,419 INFO     ___FILE_ONLY___ ═
2024-11-12 10:53:40,420 INFO     ___FILE_ONLY___ ═
2024-11-12 10:53:40,420 INFO     ___FILE_ONLY___ ═
2024-11-12 10:53:40,421 INFO     ___FILE_ONLY___ ═
2024-11-12 10:53:40,422 INFO     ___FILE_ONLY___ ═
2024-11-12 10:53:40,422 INFO     ___FILE_ONLY___ ═
2024-11-12 10:53:40,423 INFO     ___FILE_ONLY___ ═
2024-11-12 10:53:40,424 INFO     ___FILE_ONLY___ ═
2024-11-12 10:53:40,424 INFO     ___FILE_ONLY___ ═
2024-11-12 10:53:40,425 INFO     ___FILE_ONLY___ ═
2024-11-12 10:53:40,425 INFO     ___FILE_ONLY___ ═
2024-11-12 10:53:40,426 INFO     ___FILE_ONLY___ ═
2024-11-12 10:53:40,427 INFO     ___FILE_ONLY___ ═
2024-11-12 10:53:40,427 INFO     ___FILE_ONLY___ ═
2024-11-12 10:53:40,428 INFO     ___FILE_ONLY___ ═
2024-11-12 10:53:40,429 INFO     ___FILE_ONLY___ ═
2024-11-12 10:53:40,429 INFO     ___FILE_ONLY___ ═
2024-11-12 10:53:40,430 INFO     ___FILE_ONLY___ ═
2024-11-12 10:53:40,431 INFO     ___FILE_ONLY___ ═
2024-11-12 10:53:40,431 INFO     ___FILE_ONLY___ ═
2024-11-12 10:53:40,432 INFO     ___FILE_ONLY___ ═
2024-11-12 10:53:40,432 INFO     ___FILE_ONLY___ ═
2024-11-12 10:53:40,433 INFO     ___FILE_ONLY___ ═
2024-11-12 10:53:40,434 INFO     ___FILE_ONLY___ ═
2024-11-12 10:53:40,434 INFO     ___FILE_ONLY___ ═
2024-11-12 10:53:40,435 INFO     ___FILE_ONLY___ ═
2024-11-12 10:53:40,436 INFO     ___FILE_ONLY___ ═
2024-11-12 10:53:40,437 INFO     ___FILE_ONLY___ ═
2024-11-12 10:53:40,437 INFO     ___FILE_ONLY___ ═
2024-11-12 10:53:40,438 INFO     ___FILE_ONLY___ ═
2024-11-12 10:53:40,439 INFO     ___FILE_ONLY___ ═
2024-11-12 10:53:40,439 INFO     ___FILE_ONLY___ ═
2024-11-12 10:53:40,440 INFO     ___FILE_ONLY___ ═
2024-11-12 10:53:40,441 INFO     ___FILE_ONLY___ ═
2024-11-12 10:53:40,441 INFO     ___FILE_ONLY___ ═
2024-11-12 10:53:40,442 INFO     ___FILE_ONLY___ ═
2024-11-12 10:53:40,443 INFO     ___FILE_ONLY___ ═
2024-11-12 10:53:40,443 INFO     ___FILE_ONLY___ ═
2024-11-12 10:53:40,444 INFO     ___FILE_ONLY___ ═
2024-11-12 10:53:40,445 INFO     ___FILE_ONLY___ ═
2024-11-12 10:53:40,445 INFO     ___FILE_ONLY___ ═
2024-11-12 10:53:40,446 INFO     ___FILE_ONLY___ ═
2024-11-12 10:53:40,446 INFO     ___FILE_ONLY___ ═
2024-11-12 10:53:40,447 INFO     ___FILE_ONLY___ ═
2024-11-12 10:53:40,448 INFO     ___FILE_ONLY___ ═
2024-11-12 10:53:40,448 INFO     ___FILE_ONLY___ ═
2024-11-12 10:53:40,449 INFO     ___FILE_ONLY___ ═
2024-11-12 10:53:40,449 INFO     ___FILE_ONLY___ ═
2024-11-12 10:53:40,450 INFO     ___FILE_ONLY___ ═
2024-11-12 10:53:40,451 INFO     ___FILE_ONLY___ ═
2024-11-12 10:53:40,451 INFO     ___FILE_ONLY___ ═
2024-11-12 10:53:40,452 INFO     ___FILE_ONLY___ ═
2024-11-12 10:53:40,453 INFO     ___FILE_ONLY___ ═
2024-11-12 10:53:40,453 INFO     ___FILE_ONLY___ ═
2024-11-12 10:53:40,454 INFO     ___FILE_ONLY___ ═
2024-11-12 10:53:40,454 INFO     ___FILE_ONLY___ ═
2024-11-12 10:53:40,455 INFO     ___FILE_ONLY___ ═
2024-11-12 10:53:40,456 INFO     ___FILE_ONLY___ ═
2024-11-12 10:53:40,456 INFO     ___FILE_ONLY___ ═
2024-11-12 10:53:40,457 INFO     ___FILE_ONLY___ ═
2024-11-12 10:53:40,457 INFO     ___FILE_ONLY___ ╝

2024-11-12 10:53:40,529 INFO     ___FILE_ONLY___ ╔════════════════════════════════════════════════════════════╗

2024-11-12 10:53:40,529 INFO     ___FILE_ONLY___ ╠═ Installing: Google Cloud CLI Core Libraries (Platform... ═╣

2024-11-12 10:53:40,529 INFO     ___FILE_ONLY___ ╚
2024-11-12 10:53:40,532 INFO     ___FILE_ONLY___ ══════════════════════════════
2024-11-12 10:53:40,532 INFO     ___FILE_ONLY___ ══════════════════════════════
2024-11-12 10:53:40,532 INFO     ___FILE_ONLY___ ╝

2024-11-12 10:53:40,605 INFO     ___FILE_ONLY___ ╔════════════════════════════════════════════════════════════╗

2024-11-12 10:53:40,605 INFO     ___FILE_ONLY___ ╠═ Installing: Minikube                                     ═╣

2024-11-12 10:53:40,605 INFO     ___FILE_ONLY___ ╚
2024-11-12 10:53:40,611 INFO     ___FILE_ONLY___ ════════════════════════════════════════════════════════════
2024-11-12 10:53:40,611 INFO     ___FILE_ONLY___ ╝

2024-11-12 10:53:40,678 INFO     ___FILE_ONLY___ ╔════════════════════════════════════════════════════════════╗

2024-11-12 10:53:40,678 INFO     ___FILE_ONLY___ ╠═ Installing: Minikube (Platform Specific)                 ═╣

2024-11-12 10:53:40,678 INFO     ___FILE_ONLY___ ╚
2024-11-12 10:53:41,016 INFO     ___FILE_ONLY___ ════════════════════════════════════════════════════════════
2024-11-12 10:53:41,016 INFO     ___FILE_ONLY___ ╝

2024-11-12 10:53:41,091 INFO     ___FILE_ONLY___ ╔════════════════════════════════════════════════════════════╗

2024-11-12 10:53:41,091 INFO     ___FILE_ONLY___ ╠═ Installing: Skaffold                                     ═╣

2024-11-12 10:53:41,091 INFO     ___FILE_ONLY___ ╚
2024-11-12 10:53:41,093 INFO     ___FILE_ONLY___ ════════════════════════════════════════════════════════════
2024-11-12 10:53:41,093 INFO     ___FILE_ONLY___ ╝

2024-11-12 10:53:41,159 INFO     ___FILE_ONLY___ ╔════════════════════════════════════════════════════════════╗

2024-11-12 10:53:41,159 INFO     ___FILE_ONLY___ ╠═ Installing: Skaffold (Platform Specific)                 ═╣

2024-11-12 10:53:41,159 INFO     ___FILE_ONLY___ ╚
2024-11-12 10:53:41,442 INFO     ___FILE_ONLY___ ════════════════════════════════════════════════════════════
2024-11-12 10:53:41,442 INFO     ___FILE_ONLY___ ╝

2024-11-12 10:53:41,512 INFO     ___FILE_ONLY___ ╔════════════════════════════════════════════════════════════╗

2024-11-12 10:53:41,512 INFO     ___FILE_ONLY___ ╠═ Installing: gcloud Alpha Commands                        ═╣

2024-11-12 10:53:41,512 INFO     ___FILE_ONLY___ ╚
2024-11-12 10:53:41,515 INFO     ___FILE_ONLY___ ════════════════════════════════════════════════════════════
2024-11-12 10:53:41,515 INFO     ___FILE_ONLY___ ╝

2024-11-12 10:53:41,585 INFO     ___FILE_ONLY___ ╔════════════════════════════════════════════════════════════╗

2024-11-12 10:53:41,585 INFO     ___FILE_ONLY___ ╠═ Installing: gcloud Beta Commands                         ═╣

2024-11-12 10:53:41,585 INFO     ___FILE_ONLY___ ╚
2024-11-12 10:53:41,587 INFO     ___FILE_ONLY___ ════════════════════════════════════════════════════════════
2024-11-12 10:53:41,587 INFO     ___FILE_ONLY___ ╝

2024-11-12 10:53:41,658 INFO     ___FILE_ONLY___ ╔════════════════════════════════════════════════════════════╗

2024-11-12 10:53:41,658 INFO     ___FILE_ONLY___ ╠═ Installing: gcloud cli dependencies (Platform Specific)  ═╣

2024-11-12 10:53:41,658 INFO     ___FILE_ONLY___ ╚
2024-11-12 10:53:41,660 INFO     ___FILE_ONLY___ ════════════════════════════════════════════════════════════
2024-11-12 10:53:41,660 INFO     ___FILE_ONLY___ ╝

2024-11-12 10:53:41,732 INFO     ___FILE_ONLY___ ╔════════════════════════════════════════════════════════════╗

2024-11-12 10:53:41,732 INFO     ___FILE_ONLY___ ╠═ Installing: gke-gcloud-auth-plugin                       ═╣

2024-11-12 10:53:41,732 INFO     ___FILE_ONLY___ ╚
2024-11-12 10:53:41,734 INFO     ___FILE_ONLY___ ════════════════════════════════════════════════════════════
2024-11-12 10:53:41,734 INFO     ___FILE_ONLY___ ╝

2024-11-12 10:53:41,804 INFO     ___FILE_ONLY___ ╔════════════════════════════════════════════════════════════╗

2024-11-12 10:53:41,804 INFO     ___FILE_ONLY___ ╠═ Installing: gke-gcloud-auth-plugin (Platform Specific)   ═╣

2024-11-12 10:53:41,804 INFO     ___FILE_ONLY___ ╚
2024-11-12 10:53:41,857 INFO     ___FILE_ONLY___ ════════════════════════════════════════════════════════════
2024-11-12 10:53:41,857 INFO     ___FILE_ONLY___ ╝

2024-11-12 10:53:41,929 INFO     ___FILE_ONLY___ ╔════════════════════════════════════════════════════════════╗

2024-11-12 10:53:41,929 INFO     ___FILE_ONLY___ ╠═ Installing: kubectl                                      ═╣

2024-11-12 10:53:41,929 INFO     ___FILE_ONLY___ ╚
2024-11-12 10:53:41,932 INFO     ___FILE_ONLY___ ════════════════════════════════════════════════════════════
2024-11-12 10:53:41,933 INFO     ___FILE_ONLY___ ╝

2024-11-12 10:53:42,004 INFO     ___FILE_ONLY___ ╔════════════════════════════════════════════════════════════╗

2024-11-12 10:53:42,005 INFO     ___FILE_ONLY___ ╠═ Installing: kubectl (Platform Specific)                  ═╣

2024-11-12 10:53:42,005 INFO     ___FILE_ONLY___ ╚
2024-11-12 10:53:42,546 INFO     ___FILE_ONLY___ ══════════
2024-11-12 10:53:42,650 INFO     ___FILE_ONLY___ ══════════
2024-11-12 10:53:42,754 INFO     ___FILE_ONLY___ ══════════
2024-11-12 10:53:42,855 INFO     ___FILE_ONLY___ ══════════
2024-11-12 10:53:42,957 INFO     ___FILE_ONLY___ ══════════
2024-11-12 10:53:43,064 INFO     ___FILE_ONLY___ ══════════
2024-11-12 10:53:43,065 INFO     ___FILE_ONLY___ ╝

2024-11-12 10:53:43,087 DEBUG    root            Updating notification cache...
2024-11-12 10:53:43,087 INFO     ___FILE_ONLY___ 

2024-11-12 10:53:43,157 INFO     ___FILE_ONLY___ Performing post processing steps...
2024-11-12 10:53:43,158 DEBUG    root            Executing command: ['/Users/wbrunson/Library/Application Support/cloud-code/installer/google-cloud-sdk/bin/gcloud', 'components', 'post-process', '--no-compile-python']
2024-11-12 10:53:44,208 DEBUG    ___FILE_ONLY___ 
2024-11-12 10:53:44,208 DEBUG    ___FILE_ONLY___ 
2024-11-12 10:53:44,433 INFO     ___FILE_ONLY___ 
Update done!


2024-11-12 10:53:45,359 WARNING  root              There are other instances of Google Cloud tools on your system PATH.
  Please remove the following to avoid confusion or accidental invocation:

  /Applications/Rancher Desktop.app/Contents/Resources/resources/darwin/bin/kuberlr

  
2024-11-12 10:53:46,373 DEBUG    root            Chosen display Format:none
2024-11-12 10:53:46,374 INFO     root            Display format: "none"
2024-11-12 10:53:46,379 DEBUG    root            Executing command: ['curl', '--silent', '-O', 'https://dl.google.com/dl/cloudsdk/channels/rapid/python-3.11.6-macos11.tar.gz']
2024-11-12 10:53:53,781 DEBUG    root            Executing command: ['tar', '-xf', 'python-3.11.6-macos11.tar.gz']
2024-11-12 10:53:53,921 DEBUG    root            Executing command: ['sudo', 'installer', '-target', '/', '-pkg', './python-3.11.6-macos11.pkg']
