2024-11-12 13:47:37,044 DEBUG    root            Metrics collector initialized...
2024-11-12 13:47:37,045 DEBUG    root            Loaded Command Group: ['gcloud', 'components']
2024-11-12 13:47:37,047 DEBUG    root            Loaded Command Group: ['gcloud', 'components', 'update']
2024-11-12 13:47:37,047 DEBUG    root            Running [gcloud.components.update] with arguments: [--no-compile-python: "False", --quiet: "True", COMPONENT-IDS:6: "['alpha', 'beta', 'gke-gcloud-auth-plugin', 'kubectl', 'skaffold', 'minikube']"]
2024-11-12 13:47:37,048 INFO     ___FILE_ONLY___ Beginning update. This process may take several minutes.

2024-11-12 13:47:37,062 DEBUG    urllib3.connectionpool Starting new HTTPS connection (1): dl.google.com:443
2024-11-12 13:47:37,645 DEBUG    urllib3.connectionpool https://dl.google.com:443 "GET /dl/cloudsdk/channels/rapid/components-2.json HTTP/1.1" 200 226997
2024-11-12 13:47:37,952 INFO     ___FILE_ONLY___ 

2024-11-12 13:47:37,953 INFO     ___FILE_ONLY___ 
Your current Google Cloud CLI version is: 501.0.0

2024-11-12 13:47:37,953 INFO     ___FILE_ONLY___ Installing components from version: 501.0.0

2024-11-12 13:47:37,953 INFO     ___FILE_ONLY___ 

2024-11-12 13:47:37,953 DEBUG    root            Chosen display Format:table[box,title="These components will be removed."](details.display_name:label=Name:align=left,version.version_string:label=Version:align=right,data.size.size(zero="",min=1048576):label=Size:align=right)
2024-11-12 13:47:37,954 DEBUG    root            Chosen display Format:table[box,title="These components will be updated."](details.display_name:label=Name:align=left,version.version_string:label=Version:align=right,data.size.size(zero="",min=1048576):label=Size:align=right)
2024-11-12 13:47:37,954 DEBUG    root            Chosen display Format:table[box,title="These components will be installed."](details.display_name:label=Name:align=left,version.version_string:label=Version:align=right,data.size.size(zero="",min=1048576):label=Size:align=right)
2024-11-12 13:47:37,970 INFO     ___FILE_ONLY___ ┌─────────────────────────────────────────────────────────────────────────────┐
2024-11-12 13:47:37,970 INFO     ___FILE_ONLY___ 

2024-11-12 13:47:37,970 INFO     ___FILE_ONLY___ │                     These components will be installed.                     │
2024-11-12 13:47:37,970 INFO     ___FILE_ONLY___ 

2024-11-12 13:47:37,970 INFO     ___FILE_ONLY___ ├─────────────────────────────────────────────────────┬────────────┬──────────┤
2024-11-12 13:47:37,970 INFO     ___FILE_ONLY___ 

2024-11-12 13:47:37,970 INFO     ___FILE_ONLY___ │                         Name                        │  Version   │   Size   │
2024-11-12 13:47:37,970 INFO     ___FILE_ONLY___ 

2024-11-12 13:47:37,970 INFO     ___FILE_ONLY___ ├─────────────────────────────────────────────────────┼────────────┼──────────┤
2024-11-12 13:47:37,970 INFO     ___FILE_ONLY___ 

2024-11-12 13:47:37,971 INFO     ___FILE_ONLY___ │ 
2024-11-12 13:47:37,971 INFO     ___FILE_ONLY___ Google Cloud CLI Core Libraries (Platform Specific)
2024-11-12 13:47:37,971 INFO     ___FILE_ONLY___  
2024-11-12 13:47:37,971 INFO     ___FILE_ONLY___ │ 
2024-11-12 13:47:37,971 INFO     ___FILE_ONLY___ 2024.08.30
2024-11-12 13:47:37,971 INFO     ___FILE_ONLY___  
2024-11-12 13:47:37,971 INFO     ___FILE_ONLY___ │ 
2024-11-12 13:47:37,971 INFO     ___FILE_ONLY___  < 1 MiB
2024-11-12 13:47:37,971 INFO     ___FILE_ONLY___  
2024-11-12 13:47:37,971 INFO     ___FILE_ONLY___ │
2024-11-12 13:47:37,971 INFO     ___FILE_ONLY___ 

2024-11-12 13:47:37,971 INFO     ___FILE_ONLY___ │ 
2024-11-12 13:47:37,971 INFO     ___FILE_ONLY___ Minikube (Platform Specific)                       
2024-11-12 13:47:37,971 INFO     ___FILE_ONLY___  
2024-11-12 13:47:37,971 INFO     ___FILE_ONLY___ │ 
2024-11-12 13:47:37,971 INFO     ___FILE_ONLY___     1.34.0
2024-11-12 13:47:37,971 INFO     ___FILE_ONLY___  
2024-11-12 13:47:37,971 INFO     ___FILE_ONLY___ │ 
2024-11-12 13:47:37,971 INFO     ___FILE_ONLY___ 37.2 MiB
2024-11-12 13:47:37,971 INFO     ___FILE_ONLY___  
2024-11-12 13:47:37,971 INFO     ___FILE_ONLY___ │
2024-11-12 13:47:37,971 INFO     ___FILE_ONLY___ 

2024-11-12 13:47:37,971 INFO     ___FILE_ONLY___ │ 
2024-11-12 13:47:37,971 INFO     ___FILE_ONLY___ Skaffold (Platform Specific)                       
2024-11-12 13:47:37,971 INFO     ___FILE_ONLY___  
2024-11-12 13:47:37,971 INFO     ___FILE_ONLY___ │ 
2024-11-12 13:47:37,971 INFO     ___FILE_ONLY___     2.13.1
2024-11-12 13:47:37,971 INFO     ___FILE_ONLY___  
2024-11-12 13:47:37,971 INFO     ___FILE_ONLY___ │ 
2024-11-12 13:47:37,971 INFO     ___FILE_ONLY___ 22.9 MiB
2024-11-12 13:47:37,971 INFO     ___FILE_ONLY___  
2024-11-12 13:47:37,971 INFO     ___FILE_ONLY___ │
2024-11-12 13:47:37,971 INFO     ___FILE_ONLY___ 

2024-11-12 13:47:37,971 INFO     ___FILE_ONLY___ │ 
2024-11-12 13:47:37,971 INFO     ___FILE_ONLY___ gcloud Alpha Commands                              
2024-11-12 13:47:37,971 INFO     ___FILE_ONLY___  
2024-11-12 13:47:37,972 INFO     ___FILE_ONLY___ │ 
2024-11-12 13:47:37,972 INFO     ___FILE_ONLY___ 2024.11.08
2024-11-12 13:47:37,972 INFO     ___FILE_ONLY___  
2024-11-12 13:47:37,972 INFO     ___FILE_ONLY___ │ 
2024-11-12 13:47:37,972 INFO     ___FILE_ONLY___  < 1 MiB
2024-11-12 13:47:37,972 INFO     ___FILE_ONLY___  
2024-11-12 13:47:37,972 INFO     ___FILE_ONLY___ │
2024-11-12 13:47:37,972 INFO     ___FILE_ONLY___ 

2024-11-12 13:47:37,972 INFO     ___FILE_ONLY___ │ 
2024-11-12 13:47:37,972 INFO     ___FILE_ONLY___ gcloud Beta Commands                               
2024-11-12 13:47:37,972 INFO     ___FILE_ONLY___  
2024-11-12 13:47:37,972 INFO     ___FILE_ONLY___ │ 
2024-11-12 13:47:37,972 INFO     ___FILE_ONLY___ 2024.11.08
2024-11-12 13:47:37,972 INFO     ___FILE_ONLY___  
2024-11-12 13:47:37,972 INFO     ___FILE_ONLY___ │ 
2024-11-12 13:47:37,972 INFO     ___FILE_ONLY___  < 1 MiB
2024-11-12 13:47:37,972 INFO     ___FILE_ONLY___  
2024-11-12 13:47:37,972 INFO     ___FILE_ONLY___ │
2024-11-12 13:47:37,972 INFO     ___FILE_ONLY___ 

2024-11-12 13:47:37,972 INFO     ___FILE_ONLY___ │ 
2024-11-12 13:47:37,972 INFO     ___FILE_ONLY___ gcloud cli dependencies (Platform Specific)        
2024-11-12 13:47:37,972 INFO     ___FILE_ONLY___  
2024-11-12 13:47:37,972 INFO     ___FILE_ONLY___ │ 
2024-11-12 13:47:37,972 INFO     ___FILE_ONLY___ 2021.04.16
2024-11-12 13:47:37,972 INFO     ___FILE_ONLY___  
2024-11-12 13:47:37,972 INFO     ___FILE_ONLY___ │ 
2024-11-12 13:47:37,972 INFO     ___FILE_ONLY___  < 1 MiB
2024-11-12 13:47:37,972 INFO     ___FILE_ONLY___  
2024-11-12 13:47:37,972 INFO     ___FILE_ONLY___ │
2024-11-12 13:47:37,972 INFO     ___FILE_ONLY___ 

2024-11-12 13:47:37,972 INFO     ___FILE_ONLY___ │ 
2024-11-12 13:47:37,972 INFO     ___FILE_ONLY___ gke-gcloud-auth-plugin (Platform Specific)         
2024-11-12 13:47:37,972 INFO     ___FILE_ONLY___  
2024-11-12 13:47:37,973 INFO     ___FILE_ONLY___ │ 
2024-11-12 13:47:37,973 INFO     ___FILE_ONLY___      0.5.9
2024-11-12 13:47:37,973 INFO     ___FILE_ONLY___  
2024-11-12 13:47:37,973 INFO     ___FILE_ONLY___ │ 
2024-11-12 13:47:37,973 INFO     ___FILE_ONLY___  4.0 MiB
2024-11-12 13:47:37,973 INFO     ___FILE_ONLY___  
2024-11-12 13:47:37,973 INFO     ___FILE_ONLY___ │
2024-11-12 13:47:37,973 INFO     ___FILE_ONLY___ 

2024-11-12 13:47:37,973 INFO     ___FILE_ONLY___ │ 
2024-11-12 13:47:37,973 INFO     ___FILE_ONLY___ kubectl                                            
2024-11-12 13:47:37,973 INFO     ___FILE_ONLY___  
2024-11-12 13:47:37,973 INFO     ___FILE_ONLY___ │ 
2024-11-12 13:47:37,973 INFO     ___FILE_ONLY___     1.30.5
2024-11-12 13:47:37,973 INFO     ___FILE_ONLY___  
2024-11-12 13:47:37,973 INFO     ___FILE_ONLY___ │ 
2024-11-12 13:47:37,973 INFO     ___FILE_ONLY___  < 1 MiB
2024-11-12 13:47:37,973 INFO     ___FILE_ONLY___  
2024-11-12 13:47:37,973 INFO     ___FILE_ONLY___ │
2024-11-12 13:47:37,973 INFO     ___FILE_ONLY___ 

2024-11-12 13:47:37,973 INFO     ___FILE_ONLY___ │ 
2024-11-12 13:47:37,973 INFO     ___FILE_ONLY___ kubectl (Platform Specific)                        
2024-11-12 13:47:37,973 INFO     ___FILE_ONLY___  
2024-11-12 13:47:37,973 INFO     ___FILE_ONLY___ │ 
2024-11-12 13:47:37,973 INFO     ___FILE_ONLY___     1.30.6
2024-11-12 13:47:37,973 INFO     ___FILE_ONLY___  
2024-11-12 13:47:37,973 INFO     ___FILE_ONLY___ │ 
2024-11-12 13:47:37,973 INFO     ___FILE_ONLY___ 86.1 MiB
2024-11-12 13:47:37,973 INFO     ___FILE_ONLY___  
2024-11-12 13:47:37,973 INFO     ___FILE_ONLY___ │
2024-11-12 13:47:37,973 INFO     ___FILE_ONLY___ 

2024-11-12 13:47:37,973 INFO     ___FILE_ONLY___ └─────────────────────────────────────────────────────┴────────────┴──────────┘
2024-11-12 13:47:37,974 INFO     ___FILE_ONLY___ 

2024-11-12 13:47:37,974 INFO     ___FILE_ONLY___ 

2024-11-12 13:47:37,977 DEBUG    urllib3.connectionpool Starting new HTTPS connection (1): dl.google.com:443
2024-11-12 13:47:38,849 DEBUG    urllib3.connectionpool https://dl.google.com:443 "GET /dl/cloudsdk/channels/rapid/RELEASE_NOTES HTTP/1.1" 200 1311270
2024-11-12 13:47:39,659 INFO     ___FILE_ONLY___ For the latest full release notes, please visit:
  https://cloud.google.com/sdk/release_notes


2024-11-12 13:47:39,659 INFO     ___FILE_ONLY___ Performing in place update...


2024-11-12 13:47:39,725 INFO     ___FILE_ONLY___ ╔════════════════════════════════════════════════════════════╗

2024-11-12 13:47:39,725 INFO     ___FILE_ONLY___ ╠═ Downloading: Google Cloud CLI Core Libraries (Platfor... ═╣

2024-11-12 13:47:39,725 INFO     ___FILE_ONLY___ ╚
2024-11-12 13:47:39,728 DEBUG    urllib3.connectionpool Starting new HTTPS connection (1): dl.google.com:443
2024-11-12 13:47:40,312 DEBUG    urllib3.connectionpool https://dl.google.com:443 "GET /dl/cloudsdk/channels/rapid/components/google-cloud-sdk-core-nix-20240830134514.tar.gz HTTP/1.1" 200 2306
2024-11-12 13:47:40,312 INFO     ___FILE_ONLY___ ════════════════════════════════════════════════════════════
2024-11-12 13:47:40,312 INFO     ___FILE_ONLY___ ╝

2024-11-12 13:47:40,378 INFO     ___FILE_ONLY___ ╔════════════════════════════════════════════════════════════╗

2024-11-12 13:47:40,378 INFO     ___FILE_ONLY___ ╠═ Downloading: Minikube                                    ═╣

2024-11-12 13:47:40,378 INFO     ___FILE_ONLY___ ╚
2024-11-12 13:47:40,379 INFO     ___FILE_ONLY___ ════════════════════════════════════════════════════════════
2024-11-12 13:47:40,379 INFO     ___FILE_ONLY___ ╝

2024-11-12 13:47:40,442 INFO     ___FILE_ONLY___ ╔════════════════════════════════════════════════════════════╗

2024-11-12 13:47:40,442 INFO     ___FILE_ONLY___ ╠═ Downloading: Minikube (Platform Specific)                ═╣

2024-11-12 13:47:40,442 INFO     ___FILE_ONLY___ ╚
2024-11-12 13:47:40,446 DEBUG    urllib3.connectionpool Starting new HTTPS connection (1): dl.google.com:443
2024-11-12 13:47:41,054 DEBUG    urllib3.connectionpool https://dl.google.com:443 "GET /dl/cloudsdk/channels/rapid/components/google-cloud-sdk-minikube-darwin-arm-20240927140238.tar.gz HTTP/1.1" 200 38981244
2024-11-12 13:47:47,315 INFO     ___FILE_ONLY___ ═
2024-11-12 13:47:47,315 INFO     ___FILE_ONLY___ ═
2024-11-12 13:47:47,315 INFO     ___FILE_ONLY___ ═
2024-11-12 13:47:47,316 INFO     ___FILE_ONLY___ ═
2024-11-12 13:47:47,316 INFO     ___FILE_ONLY___ ═
2024-11-12 13:47:47,316 INFO     ___FILE_ONLY___ ═
2024-11-12 13:47:47,317 INFO     ___FILE_ONLY___ ═
2024-11-12 13:47:47,317 INFO     ___FILE_ONLY___ ═
2024-11-12 13:47:47,317 INFO     ___FILE_ONLY___ ═
2024-11-12 13:47:47,317 INFO     ___FILE_ONLY___ ═
2024-11-12 13:47:47,318 INFO     ___FILE_ONLY___ ═
2024-11-12 13:47:47,318 INFO     ___FILE_ONLY___ ═
2024-11-12 13:47:47,318 INFO     ___FILE_ONLY___ ═
2024-11-12 13:47:47,319 INFO     ___FILE_ONLY___ ═
2024-11-12 13:47:47,319 INFO     ___FILE_ONLY___ ═
2024-11-12 13:47:47,319 INFO     ___FILE_ONLY___ ═
2024-11-12 13:47:47,320 INFO     ___FILE_ONLY___ ═
2024-11-12 13:47:47,320 INFO     ___FILE_ONLY___ ═
2024-11-12 13:47:47,320 INFO     ___FILE_ONLY___ ═
2024-11-12 13:47:47,320 INFO     ___FILE_ONLY___ ═
2024-11-12 13:47:47,321 INFO     ___FILE_ONLY___ ═
2024-11-12 13:47:47,321 INFO     ___FILE_ONLY___ ═
2024-11-12 13:47:47,321 INFO     ___FILE_ONLY___ ═
2024-11-12 13:47:47,321 INFO     ___FILE_ONLY___ ═
2024-11-12 13:47:47,322 INFO     ___FILE_ONLY___ ═
2024-11-12 13:47:47,322 INFO     ___FILE_ONLY___ ═
2024-11-12 13:47:47,322 INFO     ___FILE_ONLY___ ═
2024-11-12 13:47:47,323 INFO     ___FILE_ONLY___ ═
2024-11-12 13:47:47,323 INFO     ___FILE_ONLY___ ═
2024-11-12 13:47:47,323 INFO     ___FILE_ONLY___ ═
2024-11-12 13:47:47,324 INFO     ___FILE_ONLY___ ═
2024-11-12 13:47:47,324 INFO     ___FILE_ONLY___ ═
2024-11-12 13:47:47,324 INFO     ___FILE_ONLY___ ═
2024-11-12 13:47:47,324 INFO     ___FILE_ONLY___ ═
2024-11-12 13:47:47,325 INFO     ___FILE_ONLY___ ═
2024-11-12 13:47:47,325 INFO     ___FILE_ONLY___ ═
2024-11-12 13:47:47,325 INFO     ___FILE_ONLY___ ═
2024-11-12 13:47:47,325 INFO     ___FILE_ONLY___ ═
2024-11-12 13:47:47,326 INFO     ___FILE_ONLY___ ═
2024-11-12 13:47:47,326 INFO     ___FILE_ONLY___ ═
2024-11-12 13:47:47,326 INFO     ___FILE_ONLY___ ═
2024-11-12 13:47:47,327 INFO     ___FILE_ONLY___ ═
2024-11-12 13:47:47,327 INFO     ___FILE_ONLY___ ═
2024-11-12 13:47:47,327 INFO     ___FILE_ONLY___ ═
2024-11-12 13:47:47,327 INFO     ___FILE_ONLY___ ═
2024-11-12 13:47:47,328 INFO     ___FILE_ONLY___ ═
2024-11-12 13:47:47,328 INFO     ___FILE_ONLY___ ═
2024-11-12 13:47:47,328 INFO     ___FILE_ONLY___ ═
2024-11-12 13:47:47,328 INFO     ___FILE_ONLY___ ═
2024-11-12 13:47:47,329 INFO     ___FILE_ONLY___ ═
2024-11-12 13:47:47,329 INFO     ___FILE_ONLY___ ═
2024-11-12 13:47:47,330 INFO     ___FILE_ONLY___ ═
2024-11-12 13:47:47,330 INFO     ___FILE_ONLY___ ═
2024-11-12 13:47:47,330 INFO     ___FILE_ONLY___ ═
2024-11-12 13:47:47,330 INFO     ___FILE_ONLY___ ═
2024-11-12 13:47:47,331 INFO     ___FILE_ONLY___ ═
2024-11-12 13:47:47,331 INFO     ___FILE_ONLY___ ═
2024-11-12 13:47:47,331 INFO     ___FILE_ONLY___ ═
2024-11-12 13:47:47,332 INFO     ___FILE_ONLY___ ═
2024-11-12 13:47:47,332 INFO     ___FILE_ONLY___ ═
2024-11-12 13:47:47,332 INFO     ___FILE_ONLY___ ╝

2024-11-12 13:47:47,400 INFO     ___FILE_ONLY___ ╔════════════════════════════════════════════════════════════╗

2024-11-12 13:47:47,400 INFO     ___FILE_ONLY___ ╠═ Downloading: Skaffold                                    ═╣

2024-11-12 13:47:47,400 INFO     ___FILE_ONLY___ ╚
2024-11-12 13:47:47,401 INFO     ___FILE_ONLY___ ════════════════════════════════════════════════════════════
2024-11-12 13:47:47,401 INFO     ___FILE_ONLY___ ╝

2024-11-12 13:47:47,477 INFO     ___FILE_ONLY___ ╔════════════════════════════════════════════════════════════╗

2024-11-12 13:47:47,478 INFO     ___FILE_ONLY___ ╠═ Downloading: Skaffold (Platform Specific)                ═╣

2024-11-12 13:47:47,478 INFO     ___FILE_ONLY___ ╚
2024-11-12 13:47:47,482 DEBUG    urllib3.connectionpool Starting new HTTPS connection (1): dl.google.com:443
2024-11-12 13:47:48,216 DEBUG    urllib3.connectionpool https://dl.google.com:443 "GET /dl/cloudsdk/channels/rapid/components/google-cloud-sdk-skaffold-darwin-arm-20240806142304.tar.gz HTTP/1.1" 200 24031362
2024-11-12 13:47:52,865 INFO     ___FILE_ONLY___ ═
2024-11-12 13:47:52,866 INFO     ___FILE_ONLY___ ═
2024-11-12 13:47:52,866 INFO     ___FILE_ONLY___ ═
2024-11-12 13:47:52,866 INFO     ___FILE_ONLY___ ═
2024-11-12 13:47:52,866 INFO     ___FILE_ONLY___ ═
2024-11-12 13:47:52,866 INFO     ___FILE_ONLY___ ═
2024-11-12 13:47:52,867 INFO     ___FILE_ONLY___ ═
2024-11-12 13:47:52,867 INFO     ___FILE_ONLY___ ═
2024-11-12 13:47:52,867 INFO     ___FILE_ONLY___ ═
2024-11-12 13:47:52,867 INFO     ___FILE_ONLY___ ═
2024-11-12 13:47:52,867 INFO     ___FILE_ONLY___ ═
2024-11-12 13:47:52,868 INFO     ___FILE_ONLY___ ═
2024-11-12 13:47:52,868 INFO     ___FILE_ONLY___ ═
2024-11-12 13:47:52,868 INFO     ___FILE_ONLY___ ═
2024-11-12 13:47:52,868 INFO     ___FILE_ONLY___ ═
2024-11-12 13:47:52,869 INFO     ___FILE_ONLY___ ═
2024-11-12 13:47:52,869 INFO     ___FILE_ONLY___ ═
2024-11-12 13:47:52,869 INFO     ___FILE_ONLY___ ═
2024-11-12 13:47:52,869 INFO     ___FILE_ONLY___ ═
2024-11-12 13:47:52,870 INFO     ___FILE_ONLY___ ═
2024-11-12 13:47:52,870 INFO     ___FILE_ONLY___ ═
2024-11-12 13:47:52,870 INFO     ___FILE_ONLY___ ═
2024-11-12 13:47:52,871 INFO     ___FILE_ONLY___ ═
2024-11-12 13:47:52,871 INFO     ___FILE_ONLY___ ═
2024-11-12 13:47:52,871 INFO     ___FILE_ONLY___ ═
2024-11-12 13:47:52,872 INFO     ___FILE_ONLY___ ═
2024-11-12 13:47:52,872 INFO     ___FILE_ONLY___ ═
2024-11-12 13:47:52,872 INFO     ___FILE_ONLY___ ═
2024-11-12 13:47:52,873 INFO     ___FILE_ONLY___ ═
2024-11-12 13:47:52,873 INFO     ___FILE_ONLY___ ═
2024-11-12 13:47:52,873 INFO     ___FILE_ONLY___ ═
2024-11-12 13:47:52,874 INFO     ___FILE_ONLY___ ═
2024-11-12 13:47:52,874 INFO     ___FILE_ONLY___ ═
2024-11-12 13:47:52,874 INFO     ___FILE_ONLY___ ═
2024-11-12 13:47:52,874 INFO     ___FILE_ONLY___ ═
2024-11-12 13:47:52,874 INFO     ___FILE_ONLY___ ═
2024-11-12 13:47:52,875 INFO     ___FILE_ONLY___ ═
2024-11-12 13:47:52,875 INFO     ___FILE_ONLY___ ═
2024-11-12 13:47:52,875 INFO     ___FILE_ONLY___ ═
2024-11-12 13:47:52,875 INFO     ___FILE_ONLY___ ═
2024-11-12 13:47:52,875 INFO     ___FILE_ONLY___ ═
2024-11-12 13:47:52,876 INFO     ___FILE_ONLY___ ═
2024-11-12 13:47:52,876 INFO     ___FILE_ONLY___ ═
2024-11-12 13:47:52,876 INFO     ___FILE_ONLY___ ═
2024-11-12 13:47:52,877 INFO     ___FILE_ONLY___ ═
2024-11-12 13:47:52,877 INFO     ___FILE_ONLY___ ═
2024-11-12 13:47:52,877 INFO     ___FILE_ONLY___ ═
2024-11-12 13:47:52,877 INFO     ___FILE_ONLY___ ═
2024-11-12 13:47:52,878 INFO     ___FILE_ONLY___ ═
2024-11-12 13:47:52,878 INFO     ___FILE_ONLY___ ═
2024-11-12 13:47:52,878 INFO     ___FILE_ONLY___ ═
2024-11-12 13:47:52,878 INFO     ___FILE_ONLY___ ═
2024-11-12 13:47:52,879 INFO     ___FILE_ONLY___ ═
2024-11-12 13:47:52,879 INFO     ___FILE_ONLY___ ═
2024-11-12 13:47:52,879 INFO     ___FILE_ONLY___ ═
2024-11-12 13:47:52,879 INFO     ___FILE_ONLY___ ═
2024-11-12 13:47:52,880 INFO     ___FILE_ONLY___ ═
2024-11-12 13:47:52,880 INFO     ___FILE_ONLY___ ═
2024-11-12 13:47:52,880 INFO     ___FILE_ONLY___ ═
2024-11-12 13:47:52,881 INFO     ___FILE_ONLY___ ═
2024-11-12 13:47:52,881 INFO     ___FILE_ONLY___ ╝

2024-11-12 13:47:52,946 INFO     ___FILE_ONLY___ ╔════════════════════════════════════════════════════════════╗

2024-11-12 13:47:52,947 INFO     ___FILE_ONLY___ ╠═ Downloading: gcloud Alpha Commands                       ═╣

2024-11-12 13:47:52,947 INFO     ___FILE_ONLY___ ╚
2024-11-12 13:47:52,950 DEBUG    urllib3.connectionpool Starting new HTTPS connection (1): dl.google.com:443
2024-11-12 13:47:53,544 DEBUG    urllib3.connectionpool https://dl.google.com:443 "GET /dl/cloudsdk/channels/rapid/components/google-cloud-sdk-alpha-20241108162203.tar.gz HTTP/1.1" 200 800
2024-11-12 13:47:53,547 INFO     ___FILE_ONLY___ ════════════════════════════════════════════════════════════
2024-11-12 13:47:53,547 INFO     ___FILE_ONLY___ ╝

2024-11-12 13:47:53,617 INFO     ___FILE_ONLY___ ╔════════════════════════════════════════════════════════════╗

2024-11-12 13:47:53,618 INFO     ___FILE_ONLY___ ╠═ Downloading: gcloud Beta Commands                        ═╣

2024-11-12 13:47:53,618 INFO     ___FILE_ONLY___ ╚
2024-11-12 13:47:53,621 DEBUG    urllib3.connectionpool Starting new HTTPS connection (1): dl.google.com:443
2024-11-12 13:47:54,229 DEBUG    urllib3.connectionpool https://dl.google.com:443 "GET /dl/cloudsdk/channels/rapid/components/google-cloud-sdk-beta-20241108162203.tar.gz HTTP/1.1" 200 797
2024-11-12 13:47:54,230 INFO     ___FILE_ONLY___ ════════════════════════════════════════════════════════════
2024-11-12 13:47:54,231 INFO     ___FILE_ONLY___ ╝

2024-11-12 13:47:54,326 INFO     ___FILE_ONLY___ ╔════════════════════════════════════════════════════════════╗

2024-11-12 13:47:54,327 INFO     ___FILE_ONLY___ ╠═ Downloading: gcloud cli dependencies (Platform Specific) ═╣

2024-11-12 13:47:54,327 INFO     ___FILE_ONLY___ ╚
2024-11-12 13:47:54,335 DEBUG    urllib3.connectionpool Starting new HTTPS connection (1): dl.google.com:443
2024-11-12 13:47:54,958 DEBUG    urllib3.connectionpool https://dl.google.com:443 "GET /dl/cloudsdk/channels/rapid/components/google-cloud-sdk-gcloud-deps-darwin-x86_64-20210416153011.tar.gz HTTP/1.1" 200 105
2024-11-12 13:47:54,960 INFO     ___FILE_ONLY___ ════════════════════════════════════════════════════════════
2024-11-12 13:47:54,960 INFO     ___FILE_ONLY___ ╝

2024-11-12 13:47:55,036 INFO     ___FILE_ONLY___ ╔════════════════════════════════════════════════════════════╗

2024-11-12 13:47:55,036 INFO     ___FILE_ONLY___ ╠═ Downloading: gke-gcloud-auth-plugin                      ═╣

2024-11-12 13:47:55,036 INFO     ___FILE_ONLY___ ╚
2024-11-12 13:47:55,037 INFO     ___FILE_ONLY___ ════════════════════════════════════════════════════════════
2024-11-12 13:47:55,037 INFO     ___FILE_ONLY___ ╝

2024-11-12 13:47:55,112 INFO     ___FILE_ONLY___ ╔════════════════════════════════════════════════════════════╗

2024-11-12 13:47:55,113 INFO     ___FILE_ONLY___ ╠═ Downloading: gke-gcloud-auth-plugin (Platform Specific)  ═╣

2024-11-12 13:47:55,113 INFO     ___FILE_ONLY___ ╚
2024-11-12 13:47:55,119 DEBUG    urllib3.connectionpool Starting new HTTPS connection (1): dl.google.com:443
2024-11-12 13:47:55,728 DEBUG    urllib3.connectionpool https://dl.google.com:443 "GET /dl/cloudsdk/channels/rapid/components/google-cloud-sdk-gke-gcloud-auth-plugin-darwin-arm-20240628141907.tar.gz HTTP/1.1" 200 4148014
2024-11-12 13:47:57,060 INFO     ___FILE_ONLY___ ═
2024-11-12 13:47:57,060 INFO     ___FILE_ONLY___ ═
2024-11-12 13:47:57,061 INFO     ___FILE_ONLY___ ═
2024-11-12 13:47:57,061 INFO     ___FILE_ONLY___ ═
2024-11-12 13:47:57,061 INFO     ___FILE_ONLY___ ═
2024-11-12 13:47:57,061 INFO     ___FILE_ONLY___ ═
2024-11-12 13:47:57,061 INFO     ___FILE_ONLY___ ═
2024-11-12 13:47:57,062 INFO     ___FILE_ONLY___ ═
2024-11-12 13:47:57,062 INFO     ___FILE_ONLY___ ═
2024-11-12 13:47:57,062 INFO     ___FILE_ONLY___ ═
2024-11-12 13:47:57,062 INFO     ___FILE_ONLY___ ═
2024-11-12 13:47:57,062 INFO     ___FILE_ONLY___ ═
2024-11-12 13:47:57,063 INFO     ___FILE_ONLY___ ═
2024-11-12 13:47:57,063 INFO     ___FILE_ONLY___ ═
2024-11-12 13:47:57,063 INFO     ___FILE_ONLY___ ═
2024-11-12 13:47:57,063 INFO     ___FILE_ONLY___ ═
2024-11-12 13:47:57,063 INFO     ___FILE_ONLY___ ═
2024-11-12 13:47:57,064 INFO     ___FILE_ONLY___ ═
2024-11-12 13:47:57,064 INFO     ___FILE_ONLY___ ═
2024-11-12 13:47:57,064 INFO     ___FILE_ONLY___ ═
2024-11-12 13:47:57,064 INFO     ___FILE_ONLY___ ═
2024-11-12 13:47:57,064 INFO     ___FILE_ONLY___ ═
2024-11-12 13:47:57,064 INFO     ___FILE_ONLY___ ═
2024-11-12 13:47:57,064 INFO     ___FILE_ONLY___ ═
2024-11-12 13:47:57,065 INFO     ___FILE_ONLY___ ═
2024-11-12 13:47:57,065 INFO     ___FILE_ONLY___ ═
2024-11-12 13:47:57,065 INFO     ___FILE_ONLY___ ═
2024-11-12 13:47:57,065 INFO     ___FILE_ONLY___ ═
2024-11-12 13:47:57,066 INFO     ___FILE_ONLY___ ═
2024-11-12 13:47:57,066 INFO     ___FILE_ONLY___ ═
2024-11-12 13:47:57,066 INFO     ___FILE_ONLY___ ═
2024-11-12 13:47:57,066 INFO     ___FILE_ONLY___ ═
2024-11-12 13:47:57,067 INFO     ___FILE_ONLY___ ═
2024-11-12 13:47:57,067 INFO     ___FILE_ONLY___ ═
2024-11-12 13:47:57,067 INFO     ___FILE_ONLY___ ═
2024-11-12 13:47:57,067 INFO     ___FILE_ONLY___ ═
2024-11-12 13:47:57,067 INFO     ___FILE_ONLY___ ═
2024-11-12 13:47:57,067 INFO     ___FILE_ONLY___ ═
2024-11-12 13:47:57,068 INFO     ___FILE_ONLY___ ═
2024-11-12 13:47:57,068 INFO     ___FILE_ONLY___ ═
2024-11-12 13:47:57,068 INFO     ___FILE_ONLY___ ═
2024-11-12 13:47:57,068 INFO     ___FILE_ONLY___ ═
2024-11-12 13:47:57,068 INFO     ___FILE_ONLY___ ═
2024-11-12 13:47:57,068 INFO     ___FILE_ONLY___ ═
2024-11-12 13:47:57,069 INFO     ___FILE_ONLY___ ═
2024-11-12 13:47:57,069 INFO     ___FILE_ONLY___ ═
2024-11-12 13:47:57,069 INFO     ___FILE_ONLY___ ═
2024-11-12 13:47:57,069 INFO     ___FILE_ONLY___ ═
2024-11-12 13:47:57,069 INFO     ___FILE_ONLY___ ═
2024-11-12 13:47:57,070 INFO     ___FILE_ONLY___ ═
2024-11-12 13:47:57,070 INFO     ___FILE_ONLY___ ═
2024-11-12 13:47:57,070 INFO     ___FILE_ONLY___ ═
2024-11-12 13:47:57,070 INFO     ___FILE_ONLY___ ═
2024-11-12 13:47:57,070 INFO     ___FILE_ONLY___ ═
2024-11-12 13:47:57,070 INFO     ___FILE_ONLY___ ═
2024-11-12 13:47:57,070 INFO     ___FILE_ONLY___ ═
2024-11-12 13:47:57,070 INFO     ___FILE_ONLY___ ═
2024-11-12 13:47:57,070 INFO     ___FILE_ONLY___ ═
2024-11-12 13:47:57,070 INFO     ___FILE_ONLY___ ═
2024-11-12 13:47:57,070 INFO     ___FILE_ONLY___ ═
2024-11-12 13:47:57,070 INFO     ___FILE_ONLY___ ╝

2024-11-12 13:47:57,146 INFO     ___FILE_ONLY___ ╔════════════════════════════════════════════════════════════╗

2024-11-12 13:47:57,147 INFO     ___FILE_ONLY___ ╠═ Downloading: kubectl                                     ═╣

2024-11-12 13:47:57,147 INFO     ___FILE_ONLY___ ╚
2024-11-12 13:47:57,157 DEBUG    urllib3.connectionpool Starting new HTTPS connection (1): dl.google.com:443
2024-11-12 13:47:57,754 DEBUG    urllib3.connectionpool https://dl.google.com:443 "GET /dl/cloudsdk/channels/rapid/components/google-cloud-sdk-kubectl-20241004144944.tar.gz HTTP/1.1" 200 36206
2024-11-12 13:47:57,858 INFO     ___FILE_ONLY___ ═══════════════════════════
2024-11-12 13:47:57,859 INFO     ___FILE_ONLY___ ═══════════════════════════
2024-11-12 13:47:57,859 INFO     ___FILE_ONLY___ ══════
2024-11-12 13:47:57,859 INFO     ___FILE_ONLY___ ╝

2024-11-12 13:47:57,941 INFO     ___FILE_ONLY___ ╔════════════════════════════════════════════════════════════╗

2024-11-12 13:47:57,941 INFO     ___FILE_ONLY___ ╠═ Downloading: kubectl (Platform Specific)                 ═╣

2024-11-12 13:47:57,941 INFO     ___FILE_ONLY___ ╚
2024-11-12 13:47:57,948 DEBUG    urllib3.connectionpool Starting new HTTPS connection (1): dl.google.com:443
2024-11-12 13:47:58,766 DEBUG    urllib3.connectionpool https://dl.google.com:443 "GET /dl/cloudsdk/channels/rapid/components/google-cloud-sdk-kubectl-darwin-arm-20241108162203.tar.gz HTTP/1.1" 200 90277960
2024-11-12 13:48:08,811 INFO     ___FILE_ONLY___ ═
2024-11-12 13:48:08,812 INFO     ___FILE_ONLY___ ═
2024-11-12 13:48:08,813 INFO     ___FILE_ONLY___ ═
2024-11-12 13:48:08,814 INFO     ___FILE_ONLY___ ═
2024-11-12 13:48:08,814 INFO     ___FILE_ONLY___ ═
2024-11-12 13:48:08,815 INFO     ___FILE_ONLY___ ═
2024-11-12 13:48:08,816 INFO     ___FILE_ONLY___ ═
2024-11-12 13:48:08,816 INFO     ___FILE_ONLY___ ═
2024-11-12 13:48:08,817 INFO     ___FILE_ONLY___ ═
2024-11-12 13:48:08,818 INFO     ___FILE_ONLY___ ═
2024-11-12 13:48:08,818 INFO     ___FILE_ONLY___ ═
2024-11-12 13:48:08,819 INFO     ___FILE_ONLY___ ═
2024-11-12 13:48:08,820 INFO     ___FILE_ONLY___ ═
2024-11-12 13:48:08,820 INFO     ___FILE_ONLY___ ═
2024-11-12 13:48:08,821 INFO     ___FILE_ONLY___ ═
2024-11-12 13:48:08,821 INFO     ___FILE_ONLY___ ═
2024-11-12 13:48:08,822 INFO     ___FILE_ONLY___ ═
2024-11-12 13:48:08,823 INFO     ___FILE_ONLY___ ═
2024-11-12 13:48:08,824 INFO     ___FILE_ONLY___ ═
2024-11-12 13:48:08,824 INFO     ___FILE_ONLY___ ═
2024-11-12 13:48:08,825 INFO     ___FILE_ONLY___ ═
2024-11-12 13:48:08,825 INFO     ___FILE_ONLY___ ═
2024-11-12 13:48:08,826 INFO     ___FILE_ONLY___ ═
2024-11-12 13:48:08,827 INFO     ___FILE_ONLY___ ═
2024-11-12 13:48:08,828 INFO     ___FILE_ONLY___ ═
2024-11-12 13:48:08,828 INFO     ___FILE_ONLY___ ═
2024-11-12 13:48:08,829 INFO     ___FILE_ONLY___ ═
2024-11-12 13:48:08,830 INFO     ___FILE_ONLY___ ═
2024-11-12 13:48:08,830 INFO     ___FILE_ONLY___ ═
2024-11-12 13:48:08,831 INFO     ___FILE_ONLY___ ═
2024-11-12 13:48:08,831 INFO     ___FILE_ONLY___ ═
2024-11-12 13:48:08,832 INFO     ___FILE_ONLY___ ═
2024-11-12 13:48:08,832 INFO     ___FILE_ONLY___ ═
2024-11-12 13:48:08,833 INFO     ___FILE_ONLY___ ═
2024-11-12 13:48:08,834 INFO     ___FILE_ONLY___ ═
2024-11-12 13:48:08,834 INFO     ___FILE_ONLY___ ═
2024-11-12 13:48:08,835 INFO     ___FILE_ONLY___ ═
2024-11-12 13:48:08,836 INFO     ___FILE_ONLY___ ═
2024-11-12 13:48:08,836 INFO     ___FILE_ONLY___ ═
2024-11-12 13:48:08,837 INFO     ___FILE_ONLY___ ═
2024-11-12 13:48:08,837 INFO     ___FILE_ONLY___ ═
2024-11-12 13:48:08,838 INFO     ___FILE_ONLY___ ═
2024-11-12 13:48:08,839 INFO     ___FILE_ONLY___ ═
2024-11-12 13:48:08,839 INFO     ___FILE_ONLY___ ═
2024-11-12 13:48:08,840 INFO     ___FILE_ONLY___ ═
2024-11-12 13:48:08,841 INFO     ___FILE_ONLY___ ═
2024-11-12 13:48:08,841 INFO     ___FILE_ONLY___ ═
2024-11-12 13:48:08,842 INFO     ___FILE_ONLY___ ═
2024-11-12 13:48:08,843 INFO     ___FILE_ONLY___ ═
2024-11-12 13:48:08,843 INFO     ___FILE_ONLY___ ═
2024-11-12 13:48:08,844 INFO     ___FILE_ONLY___ ═
2024-11-12 13:48:08,844 INFO     ___FILE_ONLY___ ═
2024-11-12 13:48:08,845 INFO     ___FILE_ONLY___ ═
2024-11-12 13:48:08,846 INFO     ___FILE_ONLY___ ═
2024-11-12 13:48:08,846 INFO     ___FILE_ONLY___ ═
2024-11-12 13:48:08,847 INFO     ___FILE_ONLY___ ═
2024-11-12 13:48:08,848 INFO     ___FILE_ONLY___ ═
2024-11-12 13:48:08,848 INFO     ___FILE_ONLY___ ═
2024-11-12 13:48:08,849 INFO     ___FILE_ONLY___ ═
2024-11-12 13:48:08,850 INFO     ___FILE_ONLY___ ═
2024-11-12 13:48:08,850 INFO     ___FILE_ONLY___ ╝

2024-11-12 13:48:08,922 INFO     ___FILE_ONLY___ ╔════════════════════════════════════════════════════════════╗

2024-11-12 13:48:08,922 INFO     ___FILE_ONLY___ ╠═ Installing: Google Cloud CLI Core Libraries (Platform... ═╣

2024-11-12 13:48:08,922 INFO     ___FILE_ONLY___ ╚
2024-11-12 13:48:08,935 INFO     ___FILE_ONLY___ ══════════════════════════════
2024-11-12 13:48:08,935 INFO     ___FILE_ONLY___ ══════════════════════════════
2024-11-12 13:48:08,935 INFO     ___FILE_ONLY___ ╝

2024-11-12 13:48:09,013 INFO     ___FILE_ONLY___ ╔════════════════════════════════════════════════════════════╗

2024-11-12 13:48:09,013 INFO     ___FILE_ONLY___ ╠═ Installing: Minikube                                     ═╣

2024-11-12 13:48:09,013 INFO     ___FILE_ONLY___ ╚
2024-11-12 13:48:09,021 INFO     ___FILE_ONLY___ ════════════════════════════════════════════════════════════
2024-11-12 13:48:09,021 INFO     ___FILE_ONLY___ ╝

2024-11-12 13:48:09,090 INFO     ___FILE_ONLY___ ╔════════════════════════════════════════════════════════════╗

2024-11-12 13:48:09,091 INFO     ___FILE_ONLY___ ╠═ Installing: Minikube (Platform Specific)                 ═╣

2024-11-12 13:48:09,091 INFO     ___FILE_ONLY___ ╚
2024-11-12 13:48:09,422 INFO     ___FILE_ONLY___ ════════════════════════════════════════════════════════════
2024-11-12 13:48:09,422 INFO     ___FILE_ONLY___ ╝

2024-11-12 13:48:09,495 INFO     ___FILE_ONLY___ ╔════════════════════════════════════════════════════════════╗

2024-11-12 13:48:09,495 INFO     ___FILE_ONLY___ ╠═ Installing: Skaffold                                     ═╣

2024-11-12 13:48:09,495 INFO     ___FILE_ONLY___ ╚
2024-11-12 13:48:09,498 INFO     ___FILE_ONLY___ ════════════════════════════════════════════════════════════
2024-11-12 13:48:09,498 INFO     ___FILE_ONLY___ ╝

2024-11-12 13:48:09,564 INFO     ___FILE_ONLY___ ╔════════════════════════════════════════════════════════════╗

2024-11-12 13:48:09,564 INFO     ___FILE_ONLY___ ╠═ Installing: Skaffold (Platform Specific)                 ═╣

2024-11-12 13:48:09,564 INFO     ___FILE_ONLY___ ╚
2024-11-12 13:48:09,845 INFO     ___FILE_ONLY___ ════════════════════════════════════════════════════════════
2024-11-12 13:48:09,845 INFO     ___FILE_ONLY___ ╝

2024-11-12 13:48:09,913 INFO     ___FILE_ONLY___ ╔════════════════════════════════════════════════════════════╗

2024-11-12 13:48:09,914 INFO     ___FILE_ONLY___ ╠═ Installing: gcloud Alpha Commands                        ═╣

2024-11-12 13:48:09,914 INFO     ___FILE_ONLY___ ╚
2024-11-12 13:48:09,916 INFO     ___FILE_ONLY___ ════════════════════════════════════════════════════════════
2024-11-12 13:48:09,916 INFO     ___FILE_ONLY___ ╝

2024-11-12 13:48:09,985 INFO     ___FILE_ONLY___ ╔════════════════════════════════════════════════════════════╗

2024-11-12 13:48:09,985 INFO     ___FILE_ONLY___ ╠═ Installing: gcloud Beta Commands                         ═╣

2024-11-12 13:48:09,985 INFO     ___FILE_ONLY___ ╚
2024-11-12 13:48:09,988 INFO     ___FILE_ONLY___ ════════════════════════════════════════════════════════════
2024-11-12 13:48:09,988 INFO     ___FILE_ONLY___ ╝

2024-11-12 13:48:10,054 INFO     ___FILE_ONLY___ ╔════════════════════════════════════════════════════════════╗

2024-11-12 13:48:10,055 INFO     ___FILE_ONLY___ ╠═ Installing: gcloud cli dependencies (Platform Specific)  ═╣

2024-11-12 13:48:10,055 INFO     ___FILE_ONLY___ ╚
2024-11-12 13:48:10,057 INFO     ___FILE_ONLY___ ════════════════════════════════════════════════════════════
2024-11-12 13:48:10,057 INFO     ___FILE_ONLY___ ╝

2024-11-12 13:48:10,125 INFO     ___FILE_ONLY___ ╔════════════════════════════════════════════════════════════╗

2024-11-12 13:48:10,126 INFO     ___FILE_ONLY___ ╠═ Installing: gke-gcloud-auth-plugin                       ═╣

2024-11-12 13:48:10,126 INFO     ___FILE_ONLY___ ╚
2024-11-12 13:48:10,128 INFO     ___FILE_ONLY___ ════════════════════════════════════════════════════════════
2024-11-12 13:48:10,128 INFO     ___FILE_ONLY___ ╝

2024-11-12 13:48:10,191 INFO     ___FILE_ONLY___ ╔════════════════════════════════════════════════════════════╗

2024-11-12 13:48:10,191 INFO     ___FILE_ONLY___ ╠═ Installing: gke-gcloud-auth-plugin (Platform Specific)   ═╣

2024-11-12 13:48:10,191 INFO     ___FILE_ONLY___ ╚
2024-11-12 13:48:10,241 INFO     ___FILE_ONLY___ ════════════════════════════════════════════════════════════
2024-11-12 13:48:10,241 INFO     ___FILE_ONLY___ ╝

2024-11-12 13:48:10,308 INFO     ___FILE_ONLY___ ╔════════════════════════════════════════════════════════════╗

2024-11-12 13:48:10,309 INFO     ___FILE_ONLY___ ╠═ Installing: kubectl                                      ═╣

2024-11-12 13:48:10,309 INFO     ___FILE_ONLY___ ╚
2024-11-12 13:48:10,312 INFO     ___FILE_ONLY___ ════════════════════════════════════════════════════════════
2024-11-12 13:48:10,312 INFO     ___FILE_ONLY___ ╝

2024-11-12 13:48:10,379 INFO     ___FILE_ONLY___ ╔════════════════════════════════════════════════════════════╗

2024-11-12 13:48:10,380 INFO     ___FILE_ONLY___ ╠═ Installing: kubectl (Platform Specific)                  ═╣

2024-11-12 13:48:10,380 INFO     ___FILE_ONLY___ ╚
2024-11-12 13:48:10,921 INFO     ___FILE_ONLY___ ══════════
2024-11-12 13:48:11,017 INFO     ___FILE_ONLY___ ══════════
2024-11-12 13:48:11,114 INFO     ___FILE_ONLY___ ══════════
2024-11-12 13:48:11,214 INFO     ___FILE_ONLY___ ══════════
2024-11-12 13:48:11,314 INFO     ___FILE_ONLY___ ══════════
2024-11-12 13:48:11,420 INFO     ___FILE_ONLY___ ══════════
2024-11-12 13:48:11,420 INFO     ___FILE_ONLY___ ╝

2024-11-12 13:48:11,444 DEBUG    root            Updating notification cache...
2024-11-12 13:48:11,445 INFO     ___FILE_ONLY___ 

2024-11-12 13:48:11,511 INFO     ___FILE_ONLY___ Performing post processing steps...
2024-11-12 13:48:11,511 DEBUG    root            Executing command: ['/Users/wbrunson/Library/Application Support/cloud-code/installer/google-cloud-sdk/bin/gcloud', 'components', 'post-process', '--no-compile-python']
2024-11-12 13:48:12,564 DEBUG    ___FILE_ONLY___ 
2024-11-12 13:48:12,564 DEBUG    ___FILE_ONLY___ 
2024-11-12 13:48:12,787 INFO     ___FILE_ONLY___ 
Update done!


2024-11-12 13:48:13,642 WARNING  root              There are other instances of Google Cloud tools on your system PATH.
  Please remove the following to avoid confusion or accidental invocation:

  /Applications/Rancher Desktop.app/Contents/Resources/resources/darwin/bin/kuberlr

  
2024-11-12 13:48:14,598 DEBUG    root            Chosen display Format:none
2024-11-12 13:48:14,599 INFO     root            Display format: "none"
2024-11-12 13:48:14,604 DEBUG    root            Executing command: ['curl', '--silent', '-O', 'https://dl.google.com/dl/cloudsdk/channels/rapid/python-3.11.6-macos11.tar.gz']
2024-11-12 13:48:21,999 DEBUG    root            Executing command: ['tar', '-xf', 'python-3.11.6-macos11.tar.gz']
2024-11-12 13:48:22,159 DEBUG    root            Executing command: ['sudo', 'installer', '-target', '/', '-pkg', './python-3.11.6-macos11.pkg']
