2024-11-12 13:44:55,522 DEBUG    root            Metrics collector initialized...
2024-11-12 13:44:55,524 DEBUG    root            Loaded Command Group: ['gcloud', 'components']
2024-11-12 13:44:55,532 DEBUG    root            Loaded Command Group: ['gcloud', 'components', 'update']
2024-11-12 13:44:55,533 DEBUG    root            Running [gcloud.components.update] with arguments: [--no-compile-python: "False", --quiet: "True", COMPONENT-IDS:6: "['alpha', 'beta', 'gke-gcloud-auth-plugin', 'kubectl', 'skaffold', 'minikube']"]
2024-11-12 13:44:55,533 INFO     ___FILE_ONLY___ Beginning update. This process may take several minutes.

2024-11-12 13:44:55,604 DEBUG    urllib3.connectionpool Starting new HTTPS connection (1): dl.google.com:443
2024-11-12 13:44:56,187 DEBUG    urllib3.connectionpool https://dl.google.com:443 "GET /dl/cloudsdk/channels/rapid/components-2.json HTTP/1.1" 200 226997
2024-11-12 13:44:56,528 INFO     ___FILE_ONLY___ 

2024-11-12 13:44:56,529 INFO     ___FILE_ONLY___ 
Your current Google Cloud CLI version is: 501.0.0

2024-11-12 13:44:56,529 INFO     ___FILE_ONLY___ Installing components from version: 501.0.0

2024-11-12 13:44:56,529 INFO     ___FILE_ONLY___ 

2024-11-12 13:44:56,529 DEBUG    root            Chosen display Format:table[box,title="These components will be removed."](details.display_name:label=Name:align=left,version.version_string:label=Version:align=right,data.size.size(zero="",min=1048576):label=Size:align=right)
2024-11-12 13:44:56,530 DEBUG    root            Chosen display Format:table[box,title="These components will be updated."](details.display_name:label=Name:align=left,version.version_string:label=Version:align=right,data.size.size(zero="",min=1048576):label=Size:align=right)
2024-11-12 13:44:56,530 DEBUG    root            Chosen display Format:table[box,title="These components will be installed."](details.display_name:label=Name:align=left,version.version_string:label=Version:align=right,data.size.size(zero="",min=1048576):label=Size:align=right)
2024-11-12 13:44:56,596 INFO     ___FILE_ONLY___ ┌─────────────────────────────────────────────────────────────────────────────┐
2024-11-12 13:44:56,596 INFO     ___FILE_ONLY___ 

2024-11-12 13:44:56,597 INFO     ___FILE_ONLY___ │                     These components will be installed.                     │
2024-11-12 13:44:56,597 INFO     ___FILE_ONLY___ 

2024-11-12 13:44:56,597 INFO     ___FILE_ONLY___ ├─────────────────────────────────────────────────────┬────────────┬──────────┤
2024-11-12 13:44:56,597 INFO     ___FILE_ONLY___ 

2024-11-12 13:44:56,597 INFO     ___FILE_ONLY___ │                         Name                        │  Version   │   Size   │
2024-11-12 13:44:56,597 INFO     ___FILE_ONLY___ 

2024-11-12 13:44:56,597 INFO     ___FILE_ONLY___ ├─────────────────────────────────────────────────────┼────────────┼──────────┤
2024-11-12 13:44:56,597 INFO     ___FILE_ONLY___ 

2024-11-12 13:44:56,597 INFO     ___FILE_ONLY___ │ 
2024-11-12 13:44:56,597 INFO     ___FILE_ONLY___ Google Cloud CLI Core Libraries (Platform Specific)
2024-11-12 13:44:56,597 INFO     ___FILE_ONLY___  
2024-11-12 13:44:56,597 INFO     ___FILE_ONLY___ │ 
2024-11-12 13:44:56,597 INFO     ___FILE_ONLY___ 2024.08.30
2024-11-12 13:44:56,597 INFO     ___FILE_ONLY___  
2024-11-12 13:44:56,597 INFO     ___FILE_ONLY___ │ 
2024-11-12 13:44:56,597 INFO     ___FILE_ONLY___  < 1 MiB
2024-11-12 13:44:56,597 INFO     ___FILE_ONLY___  
2024-11-12 13:44:56,597 INFO     ___FILE_ONLY___ │
2024-11-12 13:44:56,597 INFO     ___FILE_ONLY___ 

2024-11-12 13:44:56,597 INFO     ___FILE_ONLY___ │ 
2024-11-12 13:44:56,597 INFO     ___FILE_ONLY___ Minikube (Platform Specific)                       
2024-11-12 13:44:56,597 INFO     ___FILE_ONLY___  
2024-11-12 13:44:56,597 INFO     ___FILE_ONLY___ │ 
2024-11-12 13:44:56,597 INFO     ___FILE_ONLY___     1.34.0
2024-11-12 13:44:56,597 INFO     ___FILE_ONLY___  
2024-11-12 13:44:56,597 INFO     ___FILE_ONLY___ │ 
2024-11-12 13:44:56,597 INFO     ___FILE_ONLY___ 37.2 MiB
2024-11-12 13:44:56,597 INFO     ___FILE_ONLY___  
2024-11-12 13:44:56,597 INFO     ___FILE_ONLY___ │
2024-11-12 13:44:56,597 INFO     ___FILE_ONLY___ 

2024-11-12 13:44:56,597 INFO     ___FILE_ONLY___ │ 
2024-11-12 13:44:56,597 INFO     ___FILE_ONLY___ Skaffold (Platform Specific)                       
2024-11-12 13:44:56,597 INFO     ___FILE_ONLY___  
2024-11-12 13:44:56,597 INFO     ___FILE_ONLY___ │ 
2024-11-12 13:44:56,597 INFO     ___FILE_ONLY___     2.13.1
2024-11-12 13:44:56,597 INFO     ___FILE_ONLY___  
2024-11-12 13:44:56,597 INFO     ___FILE_ONLY___ │ 
2024-11-12 13:44:56,597 INFO     ___FILE_ONLY___ 22.9 MiB
2024-11-12 13:44:56,597 INFO     ___FILE_ONLY___  
2024-11-12 13:44:56,597 INFO     ___FILE_ONLY___ │
2024-11-12 13:44:56,598 INFO     ___FILE_ONLY___ 

2024-11-12 13:44:56,598 INFO     ___FILE_ONLY___ │ 
2024-11-12 13:44:56,598 INFO     ___FILE_ONLY___ gcloud Alpha Commands                              
2024-11-12 13:44:56,598 INFO     ___FILE_ONLY___  
2024-11-12 13:44:56,598 INFO     ___FILE_ONLY___ │ 
2024-11-12 13:44:56,598 INFO     ___FILE_ONLY___ 2024.11.08
2024-11-12 13:44:56,598 INFO     ___FILE_ONLY___  
2024-11-12 13:44:56,598 INFO     ___FILE_ONLY___ │ 
2024-11-12 13:44:56,598 INFO     ___FILE_ONLY___  < 1 MiB
2024-11-12 13:44:56,598 INFO     ___FILE_ONLY___  
2024-11-12 13:44:56,598 INFO     ___FILE_ONLY___ │
2024-11-12 13:44:56,598 INFO     ___FILE_ONLY___ 

2024-11-12 13:44:56,598 INFO     ___FILE_ONLY___ │ 
2024-11-12 13:44:56,598 INFO     ___FILE_ONLY___ gcloud Beta Commands                               
2024-11-12 13:44:56,598 INFO     ___FILE_ONLY___  
2024-11-12 13:44:56,598 INFO     ___FILE_ONLY___ │ 
2024-11-12 13:44:56,598 INFO     ___FILE_ONLY___ 2024.11.08
2024-11-12 13:44:56,598 INFO     ___FILE_ONLY___  
2024-11-12 13:44:56,598 INFO     ___FILE_ONLY___ │ 
2024-11-12 13:44:56,598 INFO     ___FILE_ONLY___  < 1 MiB
2024-11-12 13:44:56,598 INFO     ___FILE_ONLY___  
2024-11-12 13:44:56,598 INFO     ___FILE_ONLY___ │
2024-11-12 13:44:56,598 INFO     ___FILE_ONLY___ 

2024-11-12 13:44:56,598 INFO     ___FILE_ONLY___ │ 
2024-11-12 13:44:56,598 INFO     ___FILE_ONLY___ gcloud cli dependencies (Platform Specific)        
2024-11-12 13:44:56,598 INFO     ___FILE_ONLY___  
2024-11-12 13:44:56,598 INFO     ___FILE_ONLY___ │ 
2024-11-12 13:44:56,598 INFO     ___FILE_ONLY___ 2021.04.16
2024-11-12 13:44:56,598 INFO     ___FILE_ONLY___  
2024-11-12 13:44:56,598 INFO     ___FILE_ONLY___ │ 
2024-11-12 13:44:56,598 INFO     ___FILE_ONLY___  < 1 MiB
2024-11-12 13:44:56,598 INFO     ___FILE_ONLY___  
2024-11-12 13:44:56,598 INFO     ___FILE_ONLY___ │
2024-11-12 13:44:56,598 INFO     ___FILE_ONLY___ 

2024-11-12 13:44:56,598 INFO     ___FILE_ONLY___ │ 
2024-11-12 13:44:56,598 INFO     ___FILE_ONLY___ gke-gcloud-auth-plugin (Platform Specific)         
2024-11-12 13:44:56,598 INFO     ___FILE_ONLY___  
2024-11-12 13:44:56,598 INFO     ___FILE_ONLY___ │ 
2024-11-12 13:44:56,598 INFO     ___FILE_ONLY___      0.5.9
2024-11-12 13:44:56,598 INFO     ___FILE_ONLY___  
2024-11-12 13:44:56,598 INFO     ___FILE_ONLY___ │ 
2024-11-12 13:44:56,598 INFO     ___FILE_ONLY___  4.0 MiB
2024-11-12 13:44:56,599 INFO     ___FILE_ONLY___  
2024-11-12 13:44:56,599 INFO     ___FILE_ONLY___ │
2024-11-12 13:44:56,599 INFO     ___FILE_ONLY___ 

2024-11-12 13:44:56,599 INFO     ___FILE_ONLY___ │ 
2024-11-12 13:44:56,599 INFO     ___FILE_ONLY___ kubectl                                            
2024-11-12 13:44:56,599 INFO     ___FILE_ONLY___  
2024-11-12 13:44:56,599 INFO     ___FILE_ONLY___ │ 
2024-11-12 13:44:56,599 INFO     ___FILE_ONLY___     1.30.5
2024-11-12 13:44:56,599 INFO     ___FILE_ONLY___  
2024-11-12 13:44:56,599 INFO     ___FILE_ONLY___ │ 
2024-11-12 13:44:56,599 INFO     ___FILE_ONLY___  < 1 MiB
2024-11-12 13:44:56,599 INFO     ___FILE_ONLY___  
2024-11-12 13:44:56,599 INFO     ___FILE_ONLY___ │
2024-11-12 13:44:56,599 INFO     ___FILE_ONLY___ 

2024-11-12 13:44:56,599 INFO     ___FILE_ONLY___ │ 
2024-11-12 13:44:56,599 INFO     ___FILE_ONLY___ kubectl (Platform Specific)                        
2024-11-12 13:44:56,599 INFO     ___FILE_ONLY___  
2024-11-12 13:44:56,599 INFO     ___FILE_ONLY___ │ 
2024-11-12 13:44:56,599 INFO     ___FILE_ONLY___     1.30.6
2024-11-12 13:44:56,599 INFO     ___FILE_ONLY___  
2024-11-12 13:44:56,599 INFO     ___FILE_ONLY___ │ 
2024-11-12 13:44:56,599 INFO     ___FILE_ONLY___ 86.1 MiB
2024-11-12 13:44:56,599 INFO     ___FILE_ONLY___  
2024-11-12 13:44:56,599 INFO     ___FILE_ONLY___ │
2024-11-12 13:44:56,599 INFO     ___FILE_ONLY___ 

2024-11-12 13:44:56,599 INFO     ___FILE_ONLY___ └─────────────────────────────────────────────────────┴────────────┴──────────┘
2024-11-12 13:44:56,599 INFO     ___FILE_ONLY___ 

2024-11-12 13:44:56,599 INFO     ___FILE_ONLY___ 

2024-11-12 13:44:56,602 DEBUG    urllib3.connectionpool Starting new HTTPS connection (1): dl.google.com:443
2024-11-12 13:44:57,187 DEBUG    urllib3.connectionpool https://dl.google.com:443 "GET /dl/cloudsdk/channels/rapid/RELEASE_NOTES HTTP/1.1" 200 1311270
2024-11-12 13:44:57,968 INFO     ___FILE_ONLY___ For the latest full release notes, please visit:
  https://cloud.google.com/sdk/release_notes


2024-11-12 13:44:57,968 INFO     ___FILE_ONLY___ Performing in place update...


2024-11-12 13:44:58,033 INFO     ___FILE_ONLY___ ╔════════════════════════════════════════════════════════════╗

2024-11-12 13:44:58,033 INFO     ___FILE_ONLY___ ╠═ Downloading: Google Cloud CLI Core Libraries (Platfor... ═╣

2024-11-12 13:44:58,033 INFO     ___FILE_ONLY___ ╚
2024-11-12 13:44:58,037 DEBUG    urllib3.connectionpool Starting new HTTPS connection (1): dl.google.com:443
2024-11-12 13:44:58,620 DEBUG    urllib3.connectionpool https://dl.google.com:443 "GET /dl/cloudsdk/channels/rapid/components/google-cloud-sdk-core-nix-20240830134514.tar.gz HTTP/1.1" 200 2306
2024-11-12 13:44:58,645 INFO     ___FILE_ONLY___ ════════════════════════════════════════════════════════════
2024-11-12 13:44:58,645 INFO     ___FILE_ONLY___ ╝

2024-11-12 13:44:58,736 INFO     ___FILE_ONLY___ ╔════════════════════════════════════════════════════════════╗

2024-11-12 13:44:58,737 INFO     ___FILE_ONLY___ ╠═ Downloading: Minikube                                    ═╣

2024-11-12 13:44:58,737 INFO     ___FILE_ONLY___ ╚
2024-11-12 13:44:58,737 INFO     ___FILE_ONLY___ ════════════════════════════════════════════════════════════
2024-11-12 13:44:58,737 INFO     ___FILE_ONLY___ ╝

2024-11-12 13:44:58,829 INFO     ___FILE_ONLY___ ╔════════════════════════════════════════════════════════════╗

2024-11-12 13:44:58,829 INFO     ___FILE_ONLY___ ╠═ Downloading: Minikube (Platform Specific)                ═╣

2024-11-12 13:44:58,829 INFO     ___FILE_ONLY___ ╚
2024-11-12 13:44:58,838 DEBUG    urllib3.connectionpool Starting new HTTPS connection (1): dl.google.com:443
2024-11-12 13:44:59,445 DEBUG    urllib3.connectionpool https://dl.google.com:443 "GET /dl/cloudsdk/channels/rapid/components/google-cloud-sdk-minikube-darwin-arm-20240927140238.tar.gz HTTP/1.1" 200 38981244
2024-11-12 13:45:05,416 INFO     ___FILE_ONLY___ ═
2024-11-12 13:45:05,416 INFO     ___FILE_ONLY___ ═
2024-11-12 13:45:05,417 INFO     ___FILE_ONLY___ ═
2024-11-12 13:45:05,417 INFO     ___FILE_ONLY___ ═
2024-11-12 13:45:05,417 INFO     ___FILE_ONLY___ ═
2024-11-12 13:45:05,418 INFO     ___FILE_ONLY___ ═
2024-11-12 13:45:05,418 INFO     ___FILE_ONLY___ ═
2024-11-12 13:45:05,418 INFO     ___FILE_ONLY___ ═
2024-11-12 13:45:05,418 INFO     ___FILE_ONLY___ ═
2024-11-12 13:45:05,419 INFO     ___FILE_ONLY___ ═
2024-11-12 13:45:05,419 INFO     ___FILE_ONLY___ ═
2024-11-12 13:45:05,419 INFO     ___FILE_ONLY___ ═
2024-11-12 13:45:05,421 INFO     ___FILE_ONLY___ ═
2024-11-12 13:45:05,422 INFO     ___FILE_ONLY___ ═
2024-11-12 13:45:05,422 INFO     ___FILE_ONLY___ ═
2024-11-12 13:45:05,423 INFO     ___FILE_ONLY___ ═
2024-11-12 13:45:05,423 INFO     ___FILE_ONLY___ ═
2024-11-12 13:45:05,423 INFO     ___FILE_ONLY___ ═
2024-11-12 13:45:05,424 INFO     ___FILE_ONLY___ ═
2024-11-12 13:45:05,424 INFO     ___FILE_ONLY___ ═
2024-11-12 13:45:05,424 INFO     ___FILE_ONLY___ ═
2024-11-12 13:45:05,425 INFO     ___FILE_ONLY___ ═
2024-11-12 13:45:05,425 INFO     ___FILE_ONLY___ ═
2024-11-12 13:45:05,425 INFO     ___FILE_ONLY___ ═
2024-11-12 13:45:05,426 INFO     ___FILE_ONLY___ ═
2024-11-12 13:45:05,426 INFO     ___FILE_ONLY___ ═
2024-11-12 13:45:05,427 INFO     ___FILE_ONLY___ ═
2024-11-12 13:45:05,427 INFO     ___FILE_ONLY___ ═
2024-11-12 13:45:05,427 INFO     ___FILE_ONLY___ ═
2024-11-12 13:45:05,427 INFO     ___FILE_ONLY___ ═
2024-11-12 13:45:05,428 INFO     ___FILE_ONLY___ ═
2024-11-12 13:45:05,428 INFO     ___FILE_ONLY___ ═
2024-11-12 13:45:05,428 INFO     ___FILE_ONLY___ ═
2024-11-12 13:45:05,429 INFO     ___FILE_ONLY___ ═
2024-11-12 13:45:05,429 INFO     ___FILE_ONLY___ ═
2024-11-12 13:45:05,429 INFO     ___FILE_ONLY___ ═
2024-11-12 13:45:05,429 INFO     ___FILE_ONLY___ ═
2024-11-12 13:45:05,430 INFO     ___FILE_ONLY___ ═
2024-11-12 13:45:05,430 INFO     ___FILE_ONLY___ ═
2024-11-12 13:45:05,430 INFO     ___FILE_ONLY___ ═
2024-11-12 13:45:05,431 INFO     ___FILE_ONLY___ ═
2024-11-12 13:45:05,431 INFO     ___FILE_ONLY___ ═
2024-11-12 13:45:05,431 INFO     ___FILE_ONLY___ ═
2024-11-12 13:45:05,431 INFO     ___FILE_ONLY___ ═
2024-11-12 13:45:05,432 INFO     ___FILE_ONLY___ ═
2024-11-12 13:45:05,432 INFO     ___FILE_ONLY___ ═
2024-11-12 13:45:05,432 INFO     ___FILE_ONLY___ ═
2024-11-12 13:45:05,432 INFO     ___FILE_ONLY___ ═
2024-11-12 13:45:05,433 INFO     ___FILE_ONLY___ ═
2024-11-12 13:45:05,433 INFO     ___FILE_ONLY___ ═
2024-11-12 13:45:05,433 INFO     ___FILE_ONLY___ ═
2024-11-12 13:45:05,434 INFO     ___FILE_ONLY___ ═
2024-11-12 13:45:05,434 INFO     ___FILE_ONLY___ ═
2024-11-12 13:45:05,434 INFO     ___FILE_ONLY___ ═
2024-11-12 13:45:05,434 INFO     ___FILE_ONLY___ ═
2024-11-12 13:45:05,435 INFO     ___FILE_ONLY___ ═
2024-11-12 13:45:05,435 INFO     ___FILE_ONLY___ ═
2024-11-12 13:45:05,435 INFO     ___FILE_ONLY___ ═
2024-11-12 13:45:05,435 INFO     ___FILE_ONLY___ ═
2024-11-12 13:45:05,436 INFO     ___FILE_ONLY___ ═
2024-11-12 13:45:05,436 INFO     ___FILE_ONLY___ ╝

2024-11-12 13:45:05,503 INFO     ___FILE_ONLY___ ╔════════════════════════════════════════════════════════════╗

2024-11-12 13:45:05,504 INFO     ___FILE_ONLY___ ╠═ Downloading: Skaffold                                    ═╣

2024-11-12 13:45:05,504 INFO     ___FILE_ONLY___ ╚
2024-11-12 13:45:05,504 INFO     ___FILE_ONLY___ ════════════════════════════════════════════════════════════
2024-11-12 13:45:05,504 INFO     ___FILE_ONLY___ ╝

2024-11-12 13:45:05,580 INFO     ___FILE_ONLY___ ╔════════════════════════════════════════════════════════════╗

2024-11-12 13:45:05,580 INFO     ___FILE_ONLY___ ╠═ Downloading: Skaffold (Platform Specific)                ═╣

2024-11-12 13:45:05,580 INFO     ___FILE_ONLY___ ╚
2024-11-12 13:45:05,583 DEBUG    urllib3.connectionpool Starting new HTTPS connection (1): dl.google.com:443
2024-11-12 13:45:06,258 DEBUG    urllib3.connectionpool https://dl.google.com:443 "GET /dl/cloudsdk/channels/rapid/components/google-cloud-sdk-skaffold-darwin-arm-20240806142304.tar.gz HTTP/1.1" 200 24031362
2024-11-12 13:45:10,743 INFO     ___FILE_ONLY___ ═
2024-11-12 13:45:10,744 INFO     ___FILE_ONLY___ ═
2024-11-12 13:45:10,745 INFO     ___FILE_ONLY___ ═
2024-11-12 13:45:10,745 INFO     ___FILE_ONLY___ ═
2024-11-12 13:45:10,746 INFO     ___FILE_ONLY___ ═
2024-11-12 13:45:10,747 INFO     ___FILE_ONLY___ ═
2024-11-12 13:45:10,747 INFO     ___FILE_ONLY___ ═
2024-11-12 13:45:10,747 INFO     ___FILE_ONLY___ ═
2024-11-12 13:45:10,748 INFO     ___FILE_ONLY___ ═
2024-11-12 13:45:10,748 INFO     ___FILE_ONLY___ ═
2024-11-12 13:45:10,748 INFO     ___FILE_ONLY___ ═
2024-11-12 13:45:10,748 INFO     ___FILE_ONLY___ ═
2024-11-12 13:45:10,748 INFO     ___FILE_ONLY___ ═
2024-11-12 13:45:10,749 INFO     ___FILE_ONLY___ ═
2024-11-12 13:45:10,749 INFO     ___FILE_ONLY___ ═
2024-11-12 13:45:10,749 INFO     ___FILE_ONLY___ ═
2024-11-12 13:45:10,749 INFO     ___FILE_ONLY___ ═
2024-11-12 13:45:10,750 INFO     ___FILE_ONLY___ ═
2024-11-12 13:45:10,750 INFO     ___FILE_ONLY___ ═
2024-11-12 13:45:10,750 INFO     ___FILE_ONLY___ ═
2024-11-12 13:45:10,752 INFO     ___FILE_ONLY___ ═
2024-11-12 13:45:10,752 INFO     ___FILE_ONLY___ ═
2024-11-12 13:45:10,752 INFO     ___FILE_ONLY___ ═
2024-11-12 13:45:10,753 INFO     ___FILE_ONLY___ ═
2024-11-12 13:45:10,753 INFO     ___FILE_ONLY___ ═
2024-11-12 13:45:10,753 INFO     ___FILE_ONLY___ ═
2024-11-12 13:45:10,753 INFO     ___FILE_ONLY___ ═
2024-11-12 13:45:10,754 INFO     ___FILE_ONLY___ ═
2024-11-12 13:45:10,754 INFO     ___FILE_ONLY___ ═
2024-11-12 13:45:10,754 INFO     ___FILE_ONLY___ ═
2024-11-12 13:45:10,754 INFO     ___FILE_ONLY___ ═
2024-11-12 13:45:10,754 INFO     ___FILE_ONLY___ ═
2024-11-12 13:45:10,755 INFO     ___FILE_ONLY___ ═
2024-11-12 13:45:10,755 INFO     ___FILE_ONLY___ ═
2024-11-12 13:45:10,755 INFO     ___FILE_ONLY___ ═
2024-11-12 13:45:10,755 INFO     ___FILE_ONLY___ ═
2024-11-12 13:45:10,756 INFO     ___FILE_ONLY___ ═
2024-11-12 13:45:10,756 INFO     ___FILE_ONLY___ ═
2024-11-12 13:45:10,756 INFO     ___FILE_ONLY___ ═
2024-11-12 13:45:10,756 INFO     ___FILE_ONLY___ ═
2024-11-12 13:45:10,756 INFO     ___FILE_ONLY___ ═
2024-11-12 13:45:10,757 INFO     ___FILE_ONLY___ ═
2024-11-12 13:45:10,757 INFO     ___FILE_ONLY___ ═
2024-11-12 13:45:10,757 INFO     ___FILE_ONLY___ ═
2024-11-12 13:45:10,757 INFO     ___FILE_ONLY___ ═
2024-11-12 13:45:10,758 INFO     ___FILE_ONLY___ ═
2024-11-12 13:45:10,758 INFO     ___FILE_ONLY___ ═
2024-11-12 13:45:10,758 INFO     ___FILE_ONLY___ ═
2024-11-12 13:45:10,758 INFO     ___FILE_ONLY___ ═
2024-11-12 13:45:10,759 INFO     ___FILE_ONLY___ ═
2024-11-12 13:45:10,759 INFO     ___FILE_ONLY___ ═
2024-11-12 13:45:10,759 INFO     ___FILE_ONLY___ ═
2024-11-12 13:45:10,759 INFO     ___FILE_ONLY___ ═
2024-11-12 13:45:10,760 INFO     ___FILE_ONLY___ ═
2024-11-12 13:45:10,760 INFO     ___FILE_ONLY___ ═
2024-11-12 13:45:10,760 INFO     ___FILE_ONLY___ ═
2024-11-12 13:45:10,760 INFO     ___FILE_ONLY___ ═
2024-11-12 13:45:10,760 INFO     ___FILE_ONLY___ ═
2024-11-12 13:45:10,760 INFO     ___FILE_ONLY___ ═
2024-11-12 13:45:10,761 INFO     ___FILE_ONLY___ ═
2024-11-12 13:45:10,761 INFO     ___FILE_ONLY___ ╝

2024-11-12 13:45:10,827 INFO     ___FILE_ONLY___ ╔════════════════════════════════════════════════════════════╗

2024-11-12 13:45:10,828 INFO     ___FILE_ONLY___ ╠═ Downloading: gcloud Alpha Commands                       ═╣

2024-11-12 13:45:10,828 INFO     ___FILE_ONLY___ ╚
2024-11-12 13:45:10,832 DEBUG    urllib3.connectionpool Starting new HTTPS connection (1): dl.google.com:443
2024-11-12 13:45:11,435 DEBUG    urllib3.connectionpool https://dl.google.com:443 "GET /dl/cloudsdk/channels/rapid/components/google-cloud-sdk-alpha-20241108162203.tar.gz HTTP/1.1" 200 800
2024-11-12 13:45:11,438 INFO     ___FILE_ONLY___ ════════════════════════════════════════════════════════════
2024-11-12 13:45:11,438 INFO     ___FILE_ONLY___ ╝

2024-11-12 13:45:11,529 INFO     ___FILE_ONLY___ ╔════════════════════════════════════════════════════════════╗

2024-11-12 13:45:11,530 INFO     ___FILE_ONLY___ ╠═ Downloading: gcloud Beta Commands                        ═╣

2024-11-12 13:45:11,530 INFO     ___FILE_ONLY___ ╚
2024-11-12 13:45:11,537 DEBUG    urllib3.connectionpool Starting new HTTPS connection (1): dl.google.com:443
2024-11-12 13:45:12,159 DEBUG    urllib3.connectionpool https://dl.google.com:443 "GET /dl/cloudsdk/channels/rapid/components/google-cloud-sdk-beta-20241108162203.tar.gz HTTP/1.1" 200 797
2024-11-12 13:45:12,160 INFO     ___FILE_ONLY___ ════════════════════════════════════════════════════════════
2024-11-12 13:45:12,160 INFO     ___FILE_ONLY___ ╝

2024-11-12 13:45:12,257 INFO     ___FILE_ONLY___ ╔════════════════════════════════════════════════════════════╗

2024-11-12 13:45:12,257 INFO     ___FILE_ONLY___ ╠═ Downloading: gcloud cli dependencies (Platform Specific) ═╣

2024-11-12 13:45:12,257 INFO     ___FILE_ONLY___ ╚
2024-11-12 13:45:12,264 DEBUG    urllib3.connectionpool Starting new HTTPS connection (1): dl.google.com:443
2024-11-12 13:45:12,890 DEBUG    urllib3.connectionpool https://dl.google.com:443 "GET /dl/cloudsdk/channels/rapid/components/google-cloud-sdk-gcloud-deps-darwin-x86_64-20210416153011.tar.gz HTTP/1.1" 200 105
2024-11-12 13:45:12,892 INFO     ___FILE_ONLY___ ════════════════════════════════════════════════════════════
2024-11-12 13:45:12,892 INFO     ___FILE_ONLY___ ╝

2024-11-12 13:45:12,971 INFO     ___FILE_ONLY___ ╔════════════════════════════════════════════════════════════╗

2024-11-12 13:45:12,971 INFO     ___FILE_ONLY___ ╠═ Downloading: gke-gcloud-auth-plugin                      ═╣

2024-11-12 13:45:12,972 INFO     ___FILE_ONLY___ ╚
2024-11-12 13:45:12,972 INFO     ___FILE_ONLY___ ════════════════════════════════════════════════════════════
2024-11-12 13:45:12,972 INFO     ___FILE_ONLY___ ╝

2024-11-12 13:45:13,046 INFO     ___FILE_ONLY___ ╔════════════════════════════════════════════════════════════╗

2024-11-12 13:45:13,047 INFO     ___FILE_ONLY___ ╠═ Downloading: gke-gcloud-auth-plugin (Platform Specific)  ═╣

2024-11-12 13:45:13,047 INFO     ___FILE_ONLY___ ╚
2024-11-12 13:45:13,054 DEBUG    urllib3.connectionpool Starting new HTTPS connection (1): dl.google.com:443
2024-11-12 13:45:13,696 DEBUG    urllib3.connectionpool https://dl.google.com:443 "GET /dl/cloudsdk/channels/rapid/components/google-cloud-sdk-gke-gcloud-auth-plugin-darwin-arm-20240628141907.tar.gz HTTP/1.1" 200 4148014
2024-11-12 13:45:15,035 INFO     ___FILE_ONLY___ ═
2024-11-12 13:45:15,036 INFO     ___FILE_ONLY___ ═
2024-11-12 13:45:15,036 INFO     ___FILE_ONLY___ ═
2024-11-12 13:45:15,037 INFO     ___FILE_ONLY___ ═
2024-11-12 13:45:15,037 INFO     ___FILE_ONLY___ ═
2024-11-12 13:45:15,038 INFO     ___FILE_ONLY___ ═
2024-11-12 13:45:15,039 INFO     ___FILE_ONLY___ ═
2024-11-12 13:45:15,039 INFO     ___FILE_ONLY___ ═
2024-11-12 13:45:15,040 INFO     ___FILE_ONLY___ ═
2024-11-12 13:45:15,040 INFO     ___FILE_ONLY___ ═
2024-11-12 13:45:15,040 INFO     ___FILE_ONLY___ ═
2024-11-12 13:45:15,040 INFO     ___FILE_ONLY___ ═
2024-11-12 13:45:15,040 INFO     ___FILE_ONLY___ ═
2024-11-12 13:45:15,041 INFO     ___FILE_ONLY___ ═
2024-11-12 13:45:15,041 INFO     ___FILE_ONLY___ ═
2024-11-12 13:45:15,041 INFO     ___FILE_ONLY___ ═
2024-11-12 13:45:15,041 INFO     ___FILE_ONLY___ ═
2024-11-12 13:45:15,042 INFO     ___FILE_ONLY___ ═
2024-11-12 13:45:15,042 INFO     ___FILE_ONLY___ ═
2024-11-12 13:45:15,042 INFO     ___FILE_ONLY___ ═
2024-11-12 13:45:15,042 INFO     ___FILE_ONLY___ ═
2024-11-12 13:45:15,042 INFO     ___FILE_ONLY___ ═
2024-11-12 13:45:15,042 INFO     ___FILE_ONLY___ ═
2024-11-12 13:45:15,042 INFO     ___FILE_ONLY___ ═
2024-11-12 13:45:15,043 INFO     ___FILE_ONLY___ ═
2024-11-12 13:45:15,043 INFO     ___FILE_ONLY___ ═
2024-11-12 13:45:15,043 INFO     ___FILE_ONLY___ ═
2024-11-12 13:45:15,043 INFO     ___FILE_ONLY___ ═
2024-11-12 13:45:15,043 INFO     ___FILE_ONLY___ ═
2024-11-12 13:45:15,043 INFO     ___FILE_ONLY___ ═
2024-11-12 13:45:15,043 INFO     ___FILE_ONLY___ ═
2024-11-12 13:45:15,044 INFO     ___FILE_ONLY___ ═
2024-11-12 13:45:15,044 INFO     ___FILE_ONLY___ ═
2024-11-12 13:45:15,044 INFO     ___FILE_ONLY___ ═
2024-11-12 13:45:15,044 INFO     ___FILE_ONLY___ ═
2024-11-12 13:45:15,044 INFO     ___FILE_ONLY___ ═
2024-11-12 13:45:15,044 INFO     ___FILE_ONLY___ ═
2024-11-12 13:45:15,045 INFO     ___FILE_ONLY___ ═
2024-11-12 13:45:15,045 INFO     ___FILE_ONLY___ ═
2024-11-12 13:45:15,045 INFO     ___FILE_ONLY___ ═
2024-11-12 13:45:15,045 INFO     ___FILE_ONLY___ ═
2024-11-12 13:45:15,045 INFO     ___FILE_ONLY___ ═
2024-11-12 13:45:15,045 INFO     ___FILE_ONLY___ ═
2024-11-12 13:45:15,045 INFO     ___FILE_ONLY___ ═
2024-11-12 13:45:15,045 INFO     ___FILE_ONLY___ ═
2024-11-12 13:45:15,046 INFO     ___FILE_ONLY___ ═
2024-11-12 13:45:15,046 INFO     ___FILE_ONLY___ ═
2024-11-12 13:45:15,046 INFO     ___FILE_ONLY___ ═
2024-11-12 13:45:15,046 INFO     ___FILE_ONLY___ ═
2024-11-12 13:45:15,047 INFO     ___FILE_ONLY___ ═
2024-11-12 13:45:15,047 INFO     ___FILE_ONLY___ ═
2024-11-12 13:45:15,047 INFO     ___FILE_ONLY___ ═
2024-11-12 13:45:15,047 INFO     ___FILE_ONLY___ ═
2024-11-12 13:45:15,047 INFO     ___FILE_ONLY___ ═
2024-11-12 13:45:15,047 INFO     ___FILE_ONLY___ ═
2024-11-12 13:45:15,047 INFO     ___FILE_ONLY___ ═
2024-11-12 13:45:15,047 INFO     ___FILE_ONLY___ ═
2024-11-12 13:45:15,047 INFO     ___FILE_ONLY___ ═
2024-11-12 13:45:15,048 INFO     ___FILE_ONLY___ ═
2024-11-12 13:45:15,048 INFO     ___FILE_ONLY___ ═
2024-11-12 13:45:15,048 INFO     ___FILE_ONLY___ ╝

2024-11-12 13:45:15,122 INFO     ___FILE_ONLY___ ╔════════════════════════════════════════════════════════════╗

2024-11-12 13:45:15,122 INFO     ___FILE_ONLY___ ╠═ Downloading: kubectl                                     ═╣

2024-11-12 13:45:15,122 INFO     ___FILE_ONLY___ ╚
2024-11-12 13:45:15,134 DEBUG    urllib3.connectionpool Starting new HTTPS connection (1): dl.google.com:443
2024-11-12 13:45:16,207 DEBUG    urllib3.connectionpool https://dl.google.com:443 "GET /dl/cloudsdk/channels/rapid/components/google-cloud-sdk-kubectl-20241004144944.tar.gz HTTP/1.1" 200 36206
2024-11-12 13:45:16,303 INFO     ___FILE_ONLY___ ═══════════════════════════
2024-11-12 13:45:16,304 INFO     ___FILE_ONLY___ ═══════════════════════════
2024-11-12 13:45:16,304 INFO     ___FILE_ONLY___ ══════
2024-11-12 13:45:16,304 INFO     ___FILE_ONLY___ ╝

2024-11-12 13:45:16,397 INFO     ___FILE_ONLY___ ╔════════════════════════════════════════════════════════════╗

2024-11-12 13:45:16,398 INFO     ___FILE_ONLY___ ╠═ Downloading: kubectl (Platform Specific)                 ═╣

2024-11-12 13:45:16,398 INFO     ___FILE_ONLY___ ╚
2024-11-12 13:45:16,404 DEBUG    urllib3.connectionpool Starting new HTTPS connection (1): dl.google.com:443
2024-11-12 13:45:17,215 DEBUG    urllib3.connectionpool https://dl.google.com:443 "GET /dl/cloudsdk/channels/rapid/components/google-cloud-sdk-kubectl-darwin-arm-20241108162203.tar.gz HTTP/1.1" 200 90277960
2024-11-12 13:45:30,388 INFO     ___FILE_ONLY___ ═
2024-11-12 13:45:30,389 INFO     ___FILE_ONLY___ ═
2024-11-12 13:45:30,390 INFO     ___FILE_ONLY___ ═
2024-11-12 13:45:30,390 INFO     ___FILE_ONLY___ ═
2024-11-12 13:45:30,391 INFO     ___FILE_ONLY___ ═
2024-11-12 13:45:30,392 INFO     ___FILE_ONLY___ ═
2024-11-12 13:45:30,392 INFO     ___FILE_ONLY___ ═
2024-11-12 13:45:30,393 INFO     ___FILE_ONLY___ ═
2024-11-12 13:45:30,394 INFO     ___FILE_ONLY___ ═
2024-11-12 13:45:30,395 INFO     ___FILE_ONLY___ ═
2024-11-12 13:45:30,395 INFO     ___FILE_ONLY___ ═
2024-11-12 13:45:30,396 INFO     ___FILE_ONLY___ ═
2024-11-12 13:45:30,397 INFO     ___FILE_ONLY___ ═
2024-11-12 13:45:30,397 INFO     ___FILE_ONLY___ ═
2024-11-12 13:45:30,398 INFO     ___FILE_ONLY___ ═
2024-11-12 13:45:30,398 INFO     ___FILE_ONLY___ ═
2024-11-12 13:45:30,399 INFO     ___FILE_ONLY___ ═
2024-11-12 13:45:30,400 INFO     ___FILE_ONLY___ ═
2024-11-12 13:45:30,400 INFO     ___FILE_ONLY___ ═
2024-11-12 13:45:30,401 INFO     ___FILE_ONLY___ ═
2024-11-12 13:45:30,401 INFO     ___FILE_ONLY___ ═
2024-11-12 13:45:30,402 INFO     ___FILE_ONLY___ ═
2024-11-12 13:45:30,403 INFO     ___FILE_ONLY___ ═
2024-11-12 13:45:30,403 INFO     ___FILE_ONLY___ ═
2024-11-12 13:45:30,404 INFO     ___FILE_ONLY___ ═
2024-11-12 13:45:30,404 INFO     ___FILE_ONLY___ ═
2024-11-12 13:45:30,405 INFO     ___FILE_ONLY___ ═
2024-11-12 13:45:30,406 INFO     ___FILE_ONLY___ ═
2024-11-12 13:45:30,406 INFO     ___FILE_ONLY___ ═
2024-11-12 13:45:30,407 INFO     ___FILE_ONLY___ ═
2024-11-12 13:45:30,407 INFO     ___FILE_ONLY___ ═
2024-11-12 13:45:30,408 INFO     ___FILE_ONLY___ ═
2024-11-12 13:45:30,409 INFO     ___FILE_ONLY___ ═
2024-11-12 13:45:30,409 INFO     ___FILE_ONLY___ ═
2024-11-12 13:45:30,410 INFO     ___FILE_ONLY___ ═
2024-11-12 13:45:30,410 INFO     ___FILE_ONLY___ ═
2024-11-12 13:45:30,411 INFO     ___FILE_ONLY___ ═
2024-11-12 13:45:30,411 INFO     ___FILE_ONLY___ ═
2024-11-12 13:45:30,412 INFO     ___FILE_ONLY___ ═
2024-11-12 13:45:30,413 INFO     ___FILE_ONLY___ ═
2024-11-12 13:45:30,413 INFO     ___FILE_ONLY___ ═
2024-11-12 13:45:30,414 INFO     ___FILE_ONLY___ ═
2024-11-12 13:45:30,414 INFO     ___FILE_ONLY___ ═
2024-11-12 13:45:30,415 INFO     ___FILE_ONLY___ ═
2024-11-12 13:45:30,416 INFO     ___FILE_ONLY___ ═
2024-11-12 13:45:30,416 INFO     ___FILE_ONLY___ ═
2024-11-12 13:45:30,417 INFO     ___FILE_ONLY___ ═
2024-11-12 13:45:30,418 INFO     ___FILE_ONLY___ ═
2024-11-12 13:45:30,418 INFO     ___FILE_ONLY___ ═
2024-11-12 13:45:30,419 INFO     ___FILE_ONLY___ ═
2024-11-12 13:45:30,420 INFO     ___FILE_ONLY___ ═
2024-11-12 13:45:30,420 INFO     ___FILE_ONLY___ ═
2024-11-12 13:45:30,421 INFO     ___FILE_ONLY___ ═
2024-11-12 13:45:30,421 INFO     ___FILE_ONLY___ ═
2024-11-12 13:45:30,422 INFO     ___FILE_ONLY___ ═
2024-11-12 13:45:30,423 INFO     ___FILE_ONLY___ ═
2024-11-12 13:45:30,423 INFO     ___FILE_ONLY___ ═
2024-11-12 13:45:30,424 INFO     ___FILE_ONLY___ ═
2024-11-12 13:45:30,424 INFO     ___FILE_ONLY___ ═
2024-11-12 13:45:30,425 INFO     ___FILE_ONLY___ ═
2024-11-12 13:45:30,425 INFO     ___FILE_ONLY___ ╝

2024-11-12 13:45:30,495 INFO     ___FILE_ONLY___ ╔════════════════════════════════════════════════════════════╗

2024-11-12 13:45:30,495 INFO     ___FILE_ONLY___ ╠═ Installing: Google Cloud CLI Core Libraries (Platform... ═╣

2024-11-12 13:45:30,496 INFO     ___FILE_ONLY___ ╚
2024-11-12 13:45:30,498 INFO     ___FILE_ONLY___ ══════════════════════════════
2024-11-12 13:45:30,499 INFO     ___FILE_ONLY___ ══════════════════════════════
2024-11-12 13:45:30,499 INFO     ___FILE_ONLY___ ╝

2024-11-12 13:45:30,573 INFO     ___FILE_ONLY___ ╔════════════════════════════════════════════════════════════╗

2024-11-12 13:45:30,573 INFO     ___FILE_ONLY___ ╠═ Installing: Minikube                                     ═╣

2024-11-12 13:45:30,573 INFO     ___FILE_ONLY___ ╚
2024-11-12 13:45:30,576 INFO     ___FILE_ONLY___ ════════════════════════════════════════════════════════════
2024-11-12 13:45:30,576 INFO     ___FILE_ONLY___ ╝

2024-11-12 13:45:30,640 INFO     ___FILE_ONLY___ ╔════════════════════════════════════════════════════════════╗

2024-11-12 13:45:30,640 INFO     ___FILE_ONLY___ ╠═ Installing: Minikube (Platform Specific)                 ═╣

2024-11-12 13:45:30,640 INFO     ___FILE_ONLY___ ╚
2024-11-12 13:45:30,998 INFO     ___FILE_ONLY___ ════════════════════════════════════════════════════════════
2024-11-12 13:45:30,998 INFO     ___FILE_ONLY___ ╝

2024-11-12 13:45:31,065 INFO     ___FILE_ONLY___ ╔════════════════════════════════════════════════════════════╗

2024-11-12 13:45:31,065 INFO     ___FILE_ONLY___ ╠═ Installing: Skaffold                                     ═╣

2024-11-12 13:45:31,065 INFO     ___FILE_ONLY___ ╚
2024-11-12 13:45:31,068 INFO     ___FILE_ONLY___ ════════════════════════════════════════════════════════════
2024-11-12 13:45:31,068 INFO     ___FILE_ONLY___ ╝

2024-11-12 13:45:31,136 INFO     ___FILE_ONLY___ ╔════════════════════════════════════════════════════════════╗

2024-11-12 13:45:31,137 INFO     ___FILE_ONLY___ ╠═ Installing: Skaffold (Platform Specific)                 ═╣

2024-11-12 13:45:31,137 INFO     ___FILE_ONLY___ ╚
2024-11-12 13:45:31,435 INFO     ___FILE_ONLY___ ════════════════════════════════════════════════════════════
2024-11-12 13:45:31,435 INFO     ___FILE_ONLY___ ╝

2024-11-12 13:45:31,503 INFO     ___FILE_ONLY___ ╔════════════════════════════════════════════════════════════╗

2024-11-12 13:45:31,503 INFO     ___FILE_ONLY___ ╠═ Installing: gcloud Alpha Commands                        ═╣

2024-11-12 13:45:31,503 INFO     ___FILE_ONLY___ ╚
2024-11-12 13:45:31,506 INFO     ___FILE_ONLY___ ════════════════════════════════════════════════════════════
2024-11-12 13:45:31,506 INFO     ___FILE_ONLY___ ╝

2024-11-12 13:45:31,573 INFO     ___FILE_ONLY___ ╔════════════════════════════════════════════════════════════╗

2024-11-12 13:45:31,573 INFO     ___FILE_ONLY___ ╠═ Installing: gcloud Beta Commands                         ═╣

2024-11-12 13:45:31,573 INFO     ___FILE_ONLY___ ╚
2024-11-12 13:45:31,575 INFO     ___FILE_ONLY___ ════════════════════════════════════════════════════════════
2024-11-12 13:45:31,575 INFO     ___FILE_ONLY___ ╝

2024-11-12 13:45:31,642 INFO     ___FILE_ONLY___ ╔════════════════════════════════════════════════════════════╗

2024-11-12 13:45:31,643 INFO     ___FILE_ONLY___ ╠═ Installing: gcloud cli dependencies (Platform Specific)  ═╣

2024-11-12 13:45:31,643 INFO     ___FILE_ONLY___ ╚
2024-11-12 13:45:31,644 INFO     ___FILE_ONLY___ ════════════════════════════════════════════════════════════
2024-11-12 13:45:31,644 INFO     ___FILE_ONLY___ ╝

2024-11-12 13:45:31,711 INFO     ___FILE_ONLY___ ╔════════════════════════════════════════════════════════════╗

2024-11-12 13:45:31,711 INFO     ___FILE_ONLY___ ╠═ Installing: gke-gcloud-auth-plugin                       ═╣

2024-11-12 13:45:31,711 INFO     ___FILE_ONLY___ ╚
2024-11-12 13:45:31,714 INFO     ___FILE_ONLY___ ════════════════════════════════════════════════════════════
2024-11-12 13:45:31,714 INFO     ___FILE_ONLY___ ╝

2024-11-12 13:45:31,778 INFO     ___FILE_ONLY___ ╔════════════════════════════════════════════════════════════╗

2024-11-12 13:45:31,778 INFO     ___FILE_ONLY___ ╠═ Installing: gke-gcloud-auth-plugin (Platform Specific)   ═╣

2024-11-12 13:45:31,778 INFO     ___FILE_ONLY___ ╚
2024-11-12 13:45:31,829 INFO     ___FILE_ONLY___ ════════════════════════════════════════════════════════════
2024-11-12 13:45:31,829 INFO     ___FILE_ONLY___ ╝

2024-11-12 13:45:31,896 INFO     ___FILE_ONLY___ ╔════════════════════════════════════════════════════════════╗

2024-11-12 13:45:31,897 INFO     ___FILE_ONLY___ ╠═ Installing: kubectl                                      ═╣

2024-11-12 13:45:31,897 INFO     ___FILE_ONLY___ ╚
2024-11-12 13:45:31,901 INFO     ___FILE_ONLY___ ════════════════════════════════════════════════════════════
2024-11-12 13:45:31,901 INFO     ___FILE_ONLY___ ╝

2024-11-12 13:45:31,970 INFO     ___FILE_ONLY___ ╔════════════════════════════════════════════════════════════╗

2024-11-12 13:45:31,970 INFO     ___FILE_ONLY___ ╠═ Installing: kubectl (Platform Specific)                  ═╣

2024-11-12 13:45:31,970 INFO     ___FILE_ONLY___ ╚
2024-11-12 13:45:32,561 INFO     ___FILE_ONLY___ ══════════
2024-11-12 13:45:32,688 INFO     ___FILE_ONLY___ ══════════
2024-11-12 13:45:32,809 INFO     ___FILE_ONLY___ ══════════
2024-11-12 13:45:32,912 INFO     ___FILE_ONLY___ ══════════
2024-11-12 13:45:33,016 INFO     ___FILE_ONLY___ ══════════
2024-11-12 13:45:33,128 INFO     ___FILE_ONLY___ ══════════
2024-11-12 13:45:33,128 INFO     ___FILE_ONLY___ ╝

2024-11-12 13:45:33,151 DEBUG    root            Updating notification cache...
2024-11-12 13:45:33,152 INFO     ___FILE_ONLY___ 

2024-11-12 13:45:33,222 INFO     ___FILE_ONLY___ Performing post processing steps...
2024-11-12 13:45:33,222 DEBUG    root            Executing command: ['/Users/wbrunson/Library/Application Support/cloud-code/installer/google-cloud-sdk/bin/gcloud', 'components', 'post-process', '--no-compile-python']
2024-11-12 13:45:34,276 DEBUG    ___FILE_ONLY___ 
2024-11-12 13:45:34,276 DEBUG    ___FILE_ONLY___ 
2024-11-12 13:45:34,500 INFO     ___FILE_ONLY___ 
Update done!


2024-11-12 13:45:35,379 WARNING  root              There are other instances of Google Cloud tools on your system PATH.
  Please remove the following to avoid confusion or accidental invocation:

  /Applications/Rancher Desktop.app/Contents/Resources/resources/darwin/bin/kuberlr

  
2024-11-12 13:45:36,294 DEBUG    root            Chosen display Format:none
2024-11-12 13:45:36,294 INFO     root            Display format: "none"
2024-11-12 13:45:36,302 DEBUG    root            Executing command: ['curl', '--silent', '-O', 'https://dl.google.com/dl/cloudsdk/channels/rapid/python-3.11.6-macos11.tar.gz']
2024-11-12 13:45:44,833 DEBUG    root            Executing command: ['tar', '-xf', 'python-3.11.6-macos11.tar.gz']
2024-11-12 13:45:44,960 DEBUG    root            Executing command: ['sudo', 'installer', '-target', '/', '-pkg', './python-3.11.6-macos11.pkg']
