2024-11-12 13:48:53,918 DEBUG    root            Metrics collector initialized...
2024-11-12 13:48:53,919 DEBUG    root            Loaded Command Group: ['gcloud', 'components']
2024-11-12 13:48:53,920 DEBUG    root            Loaded Command Group: ['gcloud', 'components', 'update']
2024-11-12 13:48:53,921 DEBUG    root            Running [gcloud.components.update] with arguments: [--no-compile-python: "False", --quiet: "True", COMPONENT-IDS:6: "['alpha', 'beta', 'gke-gcloud-auth-plugin', 'kubectl', 'skaffold', 'minikube']"]
2024-11-12 13:48:53,921 INFO     ___FILE_ONLY___ Beginning update. This process may take several minutes.

2024-11-12 13:48:53,934 DEBUG    urllib3.connectionpool Starting new HTTPS connection (1): dl.google.com:443
2024-11-12 13:48:54,521 DEBUG    urllib3.connectionpool https://dl.google.com:443 "GET /dl/cloudsdk/channels/rapid/components-2.json HTTP/1.1" 200 226997
2024-11-12 13:48:54,859 INFO     ___FILE_ONLY___ 

2024-11-12 13:48:54,860 INFO     ___FILE_ONLY___ 
Your current Google Cloud CLI version is: 501.0.0

2024-11-12 13:48:54,860 INFO     ___FILE_ONLY___ Installing components from version: 501.0.0

2024-11-12 13:48:54,860 INFO     ___FILE_ONLY___ 

2024-11-12 13:48:54,860 DEBUG    root            Chosen display Format:table[box,title="These components will be removed."](details.display_name:label=Name:align=left,version.version_string:label=Version:align=right,data.size.size(zero="",min=1048576):label=Size:align=right)
2024-11-12 13:48:54,860 DEBUG    root            Chosen display Format:table[box,title="These components will be updated."](details.display_name:label=Name:align=left,version.version_string:label=Version:align=right,data.size.size(zero="",min=1048576):label=Size:align=right)
2024-11-12 13:48:54,860 DEBUG    root            Chosen display Format:table[box,title="These components will be installed."](details.display_name:label=Name:align=left,version.version_string:label=Version:align=right,data.size.size(zero="",min=1048576):label=Size:align=right)
2024-11-12 13:48:54,877 INFO     ___FILE_ONLY___ ┌─────────────────────────────────────────────────────────────────────────────┐
2024-11-12 13:48:54,877 INFO     ___FILE_ONLY___ 

2024-11-12 13:48:54,877 INFO     ___FILE_ONLY___ │                     These components will be installed.                     │
2024-11-12 13:48:54,877 INFO     ___FILE_ONLY___ 

2024-11-12 13:48:54,877 INFO     ___FILE_ONLY___ ├─────────────────────────────────────────────────────┬────────────┬──────────┤
2024-11-12 13:48:54,877 INFO     ___FILE_ONLY___ 

2024-11-12 13:48:54,877 INFO     ___FILE_ONLY___ │                         Name                        │  Version   │   Size   │
2024-11-12 13:48:54,877 INFO     ___FILE_ONLY___ 

2024-11-12 13:48:54,877 INFO     ___FILE_ONLY___ ├─────────────────────────────────────────────────────┼────────────┼──────────┤
2024-11-12 13:48:54,877 INFO     ___FILE_ONLY___ 

2024-11-12 13:48:54,877 INFO     ___FILE_ONLY___ │ 
2024-11-12 13:48:54,877 INFO     ___FILE_ONLY___ Google Cloud CLI Core Libraries (Platform Specific)
2024-11-12 13:48:54,877 INFO     ___FILE_ONLY___  
2024-11-12 13:48:54,877 INFO     ___FILE_ONLY___ │ 
2024-11-12 13:48:54,877 INFO     ___FILE_ONLY___ 2024.08.30
2024-11-12 13:48:54,877 INFO     ___FILE_ONLY___  
2024-11-12 13:48:54,877 INFO     ___FILE_ONLY___ │ 
2024-11-12 13:48:54,877 INFO     ___FILE_ONLY___  < 1 MiB
2024-11-12 13:48:54,877 INFO     ___FILE_ONLY___  
2024-11-12 13:48:54,877 INFO     ___FILE_ONLY___ │
2024-11-12 13:48:54,877 INFO     ___FILE_ONLY___ 

2024-11-12 13:48:54,877 INFO     ___FILE_ONLY___ │ 
2024-11-12 13:48:54,877 INFO     ___FILE_ONLY___ Minikube (Platform Specific)                       
2024-11-12 13:48:54,877 INFO     ___FILE_ONLY___  
2024-11-12 13:48:54,877 INFO     ___FILE_ONLY___ │ 
2024-11-12 13:48:54,877 INFO     ___FILE_ONLY___     1.34.0
2024-11-12 13:48:54,877 INFO     ___FILE_ONLY___  
2024-11-12 13:48:54,878 INFO     ___FILE_ONLY___ │ 
2024-11-12 13:48:54,878 INFO     ___FILE_ONLY___ 37.2 MiB
2024-11-12 13:48:54,878 INFO     ___FILE_ONLY___  
2024-11-12 13:48:54,878 INFO     ___FILE_ONLY___ │
2024-11-12 13:48:54,878 INFO     ___FILE_ONLY___ 

2024-11-12 13:48:54,878 INFO     ___FILE_ONLY___ │ 
2024-11-12 13:48:54,878 INFO     ___FILE_ONLY___ Skaffold (Platform Specific)                       
2024-11-12 13:48:54,878 INFO     ___FILE_ONLY___  
2024-11-12 13:48:54,878 INFO     ___FILE_ONLY___ │ 
2024-11-12 13:48:54,878 INFO     ___FILE_ONLY___     2.13.1
2024-11-12 13:48:54,878 INFO     ___FILE_ONLY___  
2024-11-12 13:48:54,878 INFO     ___FILE_ONLY___ │ 
2024-11-12 13:48:54,878 INFO     ___FILE_ONLY___ 22.9 MiB
2024-11-12 13:48:54,878 INFO     ___FILE_ONLY___  
2024-11-12 13:48:54,878 INFO     ___FILE_ONLY___ │
2024-11-12 13:48:54,878 INFO     ___FILE_ONLY___ 

2024-11-12 13:48:54,878 INFO     ___FILE_ONLY___ │ 
2024-11-12 13:48:54,878 INFO     ___FILE_ONLY___ gcloud Alpha Commands                              
2024-11-12 13:48:54,878 INFO     ___FILE_ONLY___  
2024-11-12 13:48:54,878 INFO     ___FILE_ONLY___ │ 
2024-11-12 13:48:54,878 INFO     ___FILE_ONLY___ 2024.11.08
2024-11-12 13:48:54,878 INFO     ___FILE_ONLY___  
2024-11-12 13:48:54,878 INFO     ___FILE_ONLY___ │ 
2024-11-12 13:48:54,878 INFO     ___FILE_ONLY___  < 1 MiB
2024-11-12 13:48:54,878 INFO     ___FILE_ONLY___  
2024-11-12 13:48:54,878 INFO     ___FILE_ONLY___ │
2024-11-12 13:48:54,878 INFO     ___FILE_ONLY___ 

2024-11-12 13:48:54,878 INFO     ___FILE_ONLY___ │ 
2024-11-12 13:48:54,878 INFO     ___FILE_ONLY___ gcloud Beta Commands                               
2024-11-12 13:48:54,878 INFO     ___FILE_ONLY___  
2024-11-12 13:48:54,878 INFO     ___FILE_ONLY___ │ 
2024-11-12 13:48:54,878 INFO     ___FILE_ONLY___ 2024.11.08
2024-11-12 13:48:54,878 INFO     ___FILE_ONLY___  
2024-11-12 13:48:54,878 INFO     ___FILE_ONLY___ │ 
2024-11-12 13:48:54,878 INFO     ___FILE_ONLY___  < 1 MiB
2024-11-12 13:48:54,878 INFO     ___FILE_ONLY___  
2024-11-12 13:48:54,878 INFO     ___FILE_ONLY___ │
2024-11-12 13:48:54,878 INFO     ___FILE_ONLY___ 

2024-11-12 13:48:54,878 INFO     ___FILE_ONLY___ │ 
2024-11-12 13:48:54,878 INFO     ___FILE_ONLY___ gcloud cli dependencies (Platform Specific)        
2024-11-12 13:48:54,878 INFO     ___FILE_ONLY___  
2024-11-12 13:48:54,879 INFO     ___FILE_ONLY___ │ 
2024-11-12 13:48:54,879 INFO     ___FILE_ONLY___ 2021.04.16
2024-11-12 13:48:54,879 INFO     ___FILE_ONLY___  
2024-11-12 13:48:54,879 INFO     ___FILE_ONLY___ │ 
2024-11-12 13:48:54,879 INFO     ___FILE_ONLY___  < 1 MiB
2024-11-12 13:48:54,879 INFO     ___FILE_ONLY___  
2024-11-12 13:48:54,879 INFO     ___FILE_ONLY___ │
2024-11-12 13:48:54,879 INFO     ___FILE_ONLY___ 

2024-11-12 13:48:54,879 INFO     ___FILE_ONLY___ │ 
2024-11-12 13:48:54,879 INFO     ___FILE_ONLY___ gke-gcloud-auth-plugin (Platform Specific)         
2024-11-12 13:48:54,879 INFO     ___FILE_ONLY___  
2024-11-12 13:48:54,879 INFO     ___FILE_ONLY___ │ 
2024-11-12 13:48:54,879 INFO     ___FILE_ONLY___      0.5.9
2024-11-12 13:48:54,879 INFO     ___FILE_ONLY___  
2024-11-12 13:48:54,879 INFO     ___FILE_ONLY___ │ 
2024-11-12 13:48:54,879 INFO     ___FILE_ONLY___  4.0 MiB
2024-11-12 13:48:54,879 INFO     ___FILE_ONLY___  
2024-11-12 13:48:54,879 INFO     ___FILE_ONLY___ │
2024-11-12 13:48:54,879 INFO     ___FILE_ONLY___ 

2024-11-12 13:48:54,879 INFO     ___FILE_ONLY___ │ 
2024-11-12 13:48:54,879 INFO     ___FILE_ONLY___ kubectl                                            
2024-11-12 13:48:54,879 INFO     ___FILE_ONLY___  
2024-11-12 13:48:54,879 INFO     ___FILE_ONLY___ │ 
2024-11-12 13:48:54,879 INFO     ___FILE_ONLY___     1.30.5
2024-11-12 13:48:54,879 INFO     ___FILE_ONLY___  
2024-11-12 13:48:54,879 INFO     ___FILE_ONLY___ │ 
2024-11-12 13:48:54,879 INFO     ___FILE_ONLY___  < 1 MiB
2024-11-12 13:48:54,879 INFO     ___FILE_ONLY___  
2024-11-12 13:48:54,879 INFO     ___FILE_ONLY___ │
2024-11-12 13:48:54,879 INFO     ___FILE_ONLY___ 

2024-11-12 13:48:54,879 INFO     ___FILE_ONLY___ │ 
2024-11-12 13:48:54,879 INFO     ___FILE_ONLY___ kubectl (Platform Specific)                        
2024-11-12 13:48:54,879 INFO     ___FILE_ONLY___  
2024-11-12 13:48:54,879 INFO     ___FILE_ONLY___ │ 
2024-11-12 13:48:54,879 INFO     ___FILE_ONLY___     1.30.6
2024-11-12 13:48:54,879 INFO     ___FILE_ONLY___  
2024-11-12 13:48:54,879 INFO     ___FILE_ONLY___ │ 
2024-11-12 13:48:54,879 INFO     ___FILE_ONLY___ 86.1 MiB
2024-11-12 13:48:54,879 INFO     ___FILE_ONLY___  
2024-11-12 13:48:54,879 INFO     ___FILE_ONLY___ │
2024-11-12 13:48:54,879 INFO     ___FILE_ONLY___ 

2024-11-12 13:48:54,879 INFO     ___FILE_ONLY___ └─────────────────────────────────────────────────────┴────────────┴──────────┘
2024-11-12 13:48:54,879 INFO     ___FILE_ONLY___ 

2024-11-12 13:48:54,880 INFO     ___FILE_ONLY___ 

2024-11-12 13:48:54,883 DEBUG    urllib3.connectionpool Starting new HTTPS connection (1): dl.google.com:443
2024-11-12 13:48:55,475 DEBUG    urllib3.connectionpool https://dl.google.com:443 "GET /dl/cloudsdk/channels/rapid/RELEASE_NOTES HTTP/1.1" 200 1311270
2024-11-12 13:48:56,280 INFO     ___FILE_ONLY___ For the latest full release notes, please visit:
  https://cloud.google.com/sdk/release_notes


2024-11-12 13:48:56,280 INFO     ___FILE_ONLY___ Performing in place update...


2024-11-12 13:48:56,352 INFO     ___FILE_ONLY___ ╔════════════════════════════════════════════════════════════╗

2024-11-12 13:48:56,352 INFO     ___FILE_ONLY___ ╠═ Downloading: Google Cloud CLI Core Libraries (Platfor... ═╣

2024-11-12 13:48:56,352 INFO     ___FILE_ONLY___ ╚
2024-11-12 13:48:56,355 DEBUG    urllib3.connectionpool Starting new HTTPS connection (1): dl.google.com:443
2024-11-12 13:48:56,945 DEBUG    urllib3.connectionpool https://dl.google.com:443 "GET /dl/cloudsdk/channels/rapid/components/google-cloud-sdk-core-nix-20240830134514.tar.gz HTTP/1.1" 200 2306
2024-11-12 13:48:56,947 INFO     ___FILE_ONLY___ ════════════════════════════════════════════════════════════
2024-11-12 13:48:56,947 INFO     ___FILE_ONLY___ ╝

2024-11-12 13:48:57,021 INFO     ___FILE_ONLY___ ╔════════════════════════════════════════════════════════════╗

2024-11-12 13:48:57,022 INFO     ___FILE_ONLY___ ╠═ Downloading: Minikube                                    ═╣

2024-11-12 13:48:57,022 INFO     ___FILE_ONLY___ ╚
2024-11-12 13:48:57,022 INFO     ___FILE_ONLY___ ════════════════════════════════════════════════════════════
2024-11-12 13:48:57,023 INFO     ___FILE_ONLY___ ╝

2024-11-12 13:48:57,105 INFO     ___FILE_ONLY___ ╔════════════════════════════════════════════════════════════╗

2024-11-12 13:48:57,106 INFO     ___FILE_ONLY___ ╠═ Downloading: Minikube (Platform Specific)                ═╣

2024-11-12 13:48:57,106 INFO     ___FILE_ONLY___ ╚
2024-11-12 13:48:57,112 DEBUG    urllib3.connectionpool Starting new HTTPS connection (1): dl.google.com:443
2024-11-12 13:48:57,841 DEBUG    urllib3.connectionpool https://dl.google.com:443 "GET /dl/cloudsdk/channels/rapid/components/google-cloud-sdk-minikube-darwin-arm-20240927140238.tar.gz HTTP/1.1" 200 38981244
2024-11-12 13:49:03,965 INFO     ___FILE_ONLY___ ═
2024-11-12 13:49:03,965 INFO     ___FILE_ONLY___ ═
2024-11-12 13:49:03,965 INFO     ___FILE_ONLY___ ═
2024-11-12 13:49:03,966 INFO     ___FILE_ONLY___ ═
2024-11-12 13:49:03,966 INFO     ___FILE_ONLY___ ═
2024-11-12 13:49:03,966 INFO     ___FILE_ONLY___ ═
2024-11-12 13:49:03,967 INFO     ___FILE_ONLY___ ═
2024-11-12 13:49:03,967 INFO     ___FILE_ONLY___ ═
2024-11-12 13:49:03,967 INFO     ___FILE_ONLY___ ═
2024-11-12 13:49:03,967 INFO     ___FILE_ONLY___ ═
2024-11-12 13:49:03,968 INFO     ___FILE_ONLY___ ═
2024-11-12 13:49:03,968 INFO     ___FILE_ONLY___ ═
2024-11-12 13:49:03,968 INFO     ___FILE_ONLY___ ═
2024-11-12 13:49:03,969 INFO     ___FILE_ONLY___ ═
2024-11-12 13:49:03,969 INFO     ___FILE_ONLY___ ═
2024-11-12 13:49:03,969 INFO     ___FILE_ONLY___ ═
2024-11-12 13:49:03,970 INFO     ___FILE_ONLY___ ═
2024-11-12 13:49:03,970 INFO     ___FILE_ONLY___ ═
2024-11-12 13:49:03,970 INFO     ___FILE_ONLY___ ═
2024-11-12 13:49:03,970 INFO     ___FILE_ONLY___ ═
2024-11-12 13:49:03,971 INFO     ___FILE_ONLY___ ═
2024-11-12 13:49:03,971 INFO     ___FILE_ONLY___ ═
2024-11-12 13:49:03,971 INFO     ___FILE_ONLY___ ═
2024-11-12 13:49:03,972 INFO     ___FILE_ONLY___ ═
2024-11-12 13:49:03,972 INFO     ___FILE_ONLY___ ═
2024-11-12 13:49:03,972 INFO     ___FILE_ONLY___ ═
2024-11-12 13:49:03,973 INFO     ___FILE_ONLY___ ═
2024-11-12 13:49:03,973 INFO     ___FILE_ONLY___ ═
2024-11-12 13:49:03,973 INFO     ___FILE_ONLY___ ═
2024-11-12 13:49:03,973 INFO     ___FILE_ONLY___ ═
2024-11-12 13:49:03,974 INFO     ___FILE_ONLY___ ═
2024-11-12 13:49:03,974 INFO     ___FILE_ONLY___ ═
2024-11-12 13:49:03,974 INFO     ___FILE_ONLY___ ═
2024-11-12 13:49:03,975 INFO     ___FILE_ONLY___ ═
2024-11-12 13:49:03,975 INFO     ___FILE_ONLY___ ═
2024-11-12 13:49:03,975 INFO     ___FILE_ONLY___ ═
2024-11-12 13:49:03,975 INFO     ___FILE_ONLY___ ═
2024-11-12 13:49:03,976 INFO     ___FILE_ONLY___ ═
2024-11-12 13:49:03,976 INFO     ___FILE_ONLY___ ═
2024-11-12 13:49:03,976 INFO     ___FILE_ONLY___ ═
2024-11-12 13:49:03,977 INFO     ___FILE_ONLY___ ═
2024-11-12 13:49:03,977 INFO     ___FILE_ONLY___ ═
2024-11-12 13:49:03,977 INFO     ___FILE_ONLY___ ═
2024-11-12 13:49:03,977 INFO     ___FILE_ONLY___ ═
2024-11-12 13:49:03,978 INFO     ___FILE_ONLY___ ═
2024-11-12 13:49:03,978 INFO     ___FILE_ONLY___ ═
2024-11-12 13:49:03,978 INFO     ___FILE_ONLY___ ═
2024-11-12 13:49:03,979 INFO     ___FILE_ONLY___ ═
2024-11-12 13:49:03,979 INFO     ___FILE_ONLY___ ═
2024-11-12 13:49:03,979 INFO     ___FILE_ONLY___ ═
2024-11-12 13:49:03,979 INFO     ___FILE_ONLY___ ═
2024-11-12 13:49:03,980 INFO     ___FILE_ONLY___ ═
2024-11-12 13:49:03,980 INFO     ___FILE_ONLY___ ═
2024-11-12 13:49:03,980 INFO     ___FILE_ONLY___ ═
2024-11-12 13:49:03,981 INFO     ___FILE_ONLY___ ═
2024-11-12 13:49:03,981 INFO     ___FILE_ONLY___ ═
2024-11-12 13:49:03,981 INFO     ___FILE_ONLY___ ═
2024-11-12 13:49:03,981 INFO     ___FILE_ONLY___ ═
2024-11-12 13:49:03,982 INFO     ___FILE_ONLY___ ═
2024-11-12 13:49:03,982 INFO     ___FILE_ONLY___ ═
2024-11-12 13:49:03,982 INFO     ___FILE_ONLY___ ╝

2024-11-12 13:49:04,047 INFO     ___FILE_ONLY___ ╔════════════════════════════════════════════════════════════╗

2024-11-12 13:49:04,047 INFO     ___FILE_ONLY___ ╠═ Downloading: Skaffold                                    ═╣

2024-11-12 13:49:04,047 INFO     ___FILE_ONLY___ ╚
2024-11-12 13:49:04,047 INFO     ___FILE_ONLY___ ════════════════════════════════════════════════════════════
2024-11-12 13:49:04,047 INFO     ___FILE_ONLY___ ╝

2024-11-12 13:49:04,119 INFO     ___FILE_ONLY___ ╔════════════════════════════════════════════════════════════╗

2024-11-12 13:49:04,119 INFO     ___FILE_ONLY___ ╠═ Downloading: Skaffold (Platform Specific)                ═╣

2024-11-12 13:49:04,119 INFO     ___FILE_ONLY___ ╚
2024-11-12 13:49:04,123 DEBUG    urllib3.connectionpool Starting new HTTPS connection (1): dl.google.com:443
2024-11-12 13:49:05,007 DEBUG    urllib3.connectionpool https://dl.google.com:443 "GET /dl/cloudsdk/channels/rapid/components/google-cloud-sdk-skaffold-darwin-arm-20240806142304.tar.gz HTTP/1.1" 200 24031362
2024-11-12 13:49:09,447 INFO     ___FILE_ONLY___ ═
2024-11-12 13:49:09,448 INFO     ___FILE_ONLY___ ═
2024-11-12 13:49:09,449 INFO     ___FILE_ONLY___ ═
2024-11-12 13:49:09,450 INFO     ___FILE_ONLY___ ═
2024-11-12 13:49:09,451 INFO     ___FILE_ONLY___ ═
2024-11-12 13:49:09,451 INFO     ___FILE_ONLY___ ═
2024-11-12 13:49:09,451 INFO     ___FILE_ONLY___ ═
2024-11-12 13:49:09,451 INFO     ___FILE_ONLY___ ═
2024-11-12 13:49:09,451 INFO     ___FILE_ONLY___ ═
2024-11-12 13:49:09,452 INFO     ___FILE_ONLY___ ═
2024-11-12 13:49:09,452 INFO     ___FILE_ONLY___ ═
2024-11-12 13:49:09,452 INFO     ___FILE_ONLY___ ═
2024-11-12 13:49:09,452 INFO     ___FILE_ONLY___ ═
2024-11-12 13:49:09,453 INFO     ___FILE_ONLY___ ═
2024-11-12 13:49:09,453 INFO     ___FILE_ONLY___ ═
2024-11-12 13:49:09,453 INFO     ___FILE_ONLY___ ═
2024-11-12 13:49:09,453 INFO     ___FILE_ONLY___ ═
2024-11-12 13:49:09,453 INFO     ___FILE_ONLY___ ═
2024-11-12 13:49:09,454 INFO     ___FILE_ONLY___ ═
2024-11-12 13:49:09,454 INFO     ___FILE_ONLY___ ═
2024-11-12 13:49:09,454 INFO     ___FILE_ONLY___ ═
2024-11-12 13:49:09,455 INFO     ___FILE_ONLY___ ═
2024-11-12 13:49:09,455 INFO     ___FILE_ONLY___ ═
2024-11-12 13:49:09,455 INFO     ___FILE_ONLY___ ═
2024-11-12 13:49:09,455 INFO     ___FILE_ONLY___ ═
2024-11-12 13:49:09,455 INFO     ___FILE_ONLY___ ═
2024-11-12 13:49:09,456 INFO     ___FILE_ONLY___ ═
2024-11-12 13:49:09,456 INFO     ___FILE_ONLY___ ═
2024-11-12 13:49:09,456 INFO     ___FILE_ONLY___ ═
2024-11-12 13:49:09,456 INFO     ___FILE_ONLY___ ═
2024-11-12 13:49:09,457 INFO     ___FILE_ONLY___ ═
2024-11-12 13:49:09,457 INFO     ___FILE_ONLY___ ═
2024-11-12 13:49:09,457 INFO     ___FILE_ONLY___ ═
2024-11-12 13:49:09,457 INFO     ___FILE_ONLY___ ═
2024-11-12 13:49:09,457 INFO     ___FILE_ONLY___ ═
2024-11-12 13:49:09,458 INFO     ___FILE_ONLY___ ═
2024-11-12 13:49:09,458 INFO     ___FILE_ONLY___ ═
2024-11-12 13:49:09,458 INFO     ___FILE_ONLY___ ═
2024-11-12 13:49:09,458 INFO     ___FILE_ONLY___ ═
2024-11-12 13:49:09,459 INFO     ___FILE_ONLY___ ═
2024-11-12 13:49:09,459 INFO     ___FILE_ONLY___ ═
2024-11-12 13:49:09,459 INFO     ___FILE_ONLY___ ═
2024-11-12 13:49:09,459 INFO     ___FILE_ONLY___ ═
2024-11-12 13:49:09,460 INFO     ___FILE_ONLY___ ═
2024-11-12 13:49:09,460 INFO     ___FILE_ONLY___ ═
2024-11-12 13:49:09,460 INFO     ___FILE_ONLY___ ═
2024-11-12 13:49:09,460 INFO     ___FILE_ONLY___ ═
2024-11-12 13:49:09,461 INFO     ___FILE_ONLY___ ═
2024-11-12 13:49:09,461 INFO     ___FILE_ONLY___ ═
2024-11-12 13:49:09,461 INFO     ___FILE_ONLY___ ═
2024-11-12 13:49:09,461 INFO     ___FILE_ONLY___ ═
2024-11-12 13:49:09,462 INFO     ___FILE_ONLY___ ═
2024-11-12 13:49:09,462 INFO     ___FILE_ONLY___ ═
2024-11-12 13:49:09,462 INFO     ___FILE_ONLY___ ═
2024-11-12 13:49:09,462 INFO     ___FILE_ONLY___ ═
2024-11-12 13:49:09,463 INFO     ___FILE_ONLY___ ═
2024-11-12 13:49:09,463 INFO     ___FILE_ONLY___ ═
2024-11-12 13:49:09,463 INFO     ___FILE_ONLY___ ═
2024-11-12 13:49:09,463 INFO     ___FILE_ONLY___ ═
2024-11-12 13:49:09,463 INFO     ___FILE_ONLY___ ═
2024-11-12 13:49:09,463 INFO     ___FILE_ONLY___ ╝

2024-11-12 13:49:09,530 INFO     ___FILE_ONLY___ ╔════════════════════════════════════════════════════════════╗

2024-11-12 13:49:09,530 INFO     ___FILE_ONLY___ ╠═ Downloading: gcloud Alpha Commands                       ═╣

2024-11-12 13:49:09,530 INFO     ___FILE_ONLY___ ╚
2024-11-12 13:49:09,534 DEBUG    urllib3.connectionpool Starting new HTTPS connection (1): dl.google.com:443
2024-11-12 13:49:10,142 DEBUG    urllib3.connectionpool https://dl.google.com:443 "GET /dl/cloudsdk/channels/rapid/components/google-cloud-sdk-alpha-20241108162203.tar.gz HTTP/1.1" 200 800
2024-11-12 13:49:10,143 INFO     ___FILE_ONLY___ ════════════════════════════════════════════════════════════
2024-11-12 13:49:10,143 INFO     ___FILE_ONLY___ ╝

2024-11-12 13:49:10,229 INFO     ___FILE_ONLY___ ╔════════════════════════════════════════════════════════════╗

2024-11-12 13:49:10,230 INFO     ___FILE_ONLY___ ╠═ Downloading: gcloud Beta Commands                        ═╣

2024-11-12 13:49:10,230 INFO     ___FILE_ONLY___ ╚
2024-11-12 13:49:10,237 DEBUG    urllib3.connectionpool Starting new HTTPS connection (1): dl.google.com:443
2024-11-12 13:49:10,825 DEBUG    urllib3.connectionpool https://dl.google.com:443 "GET /dl/cloudsdk/channels/rapid/components/google-cloud-sdk-beta-20241108162203.tar.gz HTTP/1.1" 200 797
2024-11-12 13:49:10,826 INFO     ___FILE_ONLY___ ════════════════════════════════════════════════════════════
2024-11-12 13:49:10,827 INFO     ___FILE_ONLY___ ╝

2024-11-12 13:49:10,910 INFO     ___FILE_ONLY___ ╔════════════════════════════════════════════════════════════╗

2024-11-12 13:49:10,910 INFO     ___FILE_ONLY___ ╠═ Downloading: gcloud cli dependencies (Platform Specific) ═╣

2024-11-12 13:49:10,910 INFO     ___FILE_ONLY___ ╚
2024-11-12 13:49:10,915 DEBUG    urllib3.connectionpool Starting new HTTPS connection (1): dl.google.com:443
2024-11-12 13:49:11,527 DEBUG    urllib3.connectionpool https://dl.google.com:443 "GET /dl/cloudsdk/channels/rapid/components/google-cloud-sdk-gcloud-deps-darwin-x86_64-20210416153011.tar.gz HTTP/1.1" 200 105
2024-11-12 13:49:11,529 INFO     ___FILE_ONLY___ ════════════════════════════════════════════════════════════
2024-11-12 13:49:11,529 INFO     ___FILE_ONLY___ ╝

2024-11-12 13:49:11,614 INFO     ___FILE_ONLY___ ╔════════════════════════════════════════════════════════════╗

2024-11-12 13:49:11,614 INFO     ___FILE_ONLY___ ╠═ Downloading: gke-gcloud-auth-plugin                      ═╣

2024-11-12 13:49:11,615 INFO     ___FILE_ONLY___ ╚
2024-11-12 13:49:11,615 INFO     ___FILE_ONLY___ ════════════════════════════════════════════════════════════
2024-11-12 13:49:11,615 INFO     ___FILE_ONLY___ ╝

2024-11-12 13:49:11,691 INFO     ___FILE_ONLY___ ╔════════════════════════════════════════════════════════════╗

2024-11-12 13:49:11,692 INFO     ___FILE_ONLY___ ╠═ Downloading: gke-gcloud-auth-plugin (Platform Specific)  ═╣

2024-11-12 13:49:11,692 INFO     ___FILE_ONLY___ ╚
2024-11-12 13:49:11,697 DEBUG    urllib3.connectionpool Starting new HTTPS connection (1): dl.google.com:443
2024-11-12 13:49:12,309 DEBUG    urllib3.connectionpool https://dl.google.com:443 "GET /dl/cloudsdk/channels/rapid/components/google-cloud-sdk-gke-gcloud-auth-plugin-darwin-arm-20240628141907.tar.gz HTTP/1.1" 200 4148014
2024-11-12 13:49:13,638 INFO     ___FILE_ONLY___ ═
2024-11-12 13:49:13,639 INFO     ___FILE_ONLY___ ═
2024-11-12 13:49:13,639 INFO     ___FILE_ONLY___ ═
2024-11-12 13:49:13,639 INFO     ___FILE_ONLY___ ═
2024-11-12 13:49:13,640 INFO     ___FILE_ONLY___ ═
2024-11-12 13:49:13,640 INFO     ___FILE_ONLY___ ═
2024-11-12 13:49:13,640 INFO     ___FILE_ONLY___ ═
2024-11-12 13:49:13,641 INFO     ___FILE_ONLY___ ═
2024-11-12 13:49:13,641 INFO     ___FILE_ONLY___ ═
2024-11-12 13:49:13,641 INFO     ___FILE_ONLY___ ═
2024-11-12 13:49:13,641 INFO     ___FILE_ONLY___ ═
2024-11-12 13:49:13,641 INFO     ___FILE_ONLY___ ═
2024-11-12 13:49:13,641 INFO     ___FILE_ONLY___ ═
2024-11-12 13:49:13,642 INFO     ___FILE_ONLY___ ═
2024-11-12 13:49:13,642 INFO     ___FILE_ONLY___ ═
2024-11-12 13:49:13,642 INFO     ___FILE_ONLY___ ═
2024-11-12 13:49:13,642 INFO     ___FILE_ONLY___ ═
2024-11-12 13:49:13,642 INFO     ___FILE_ONLY___ ═
2024-11-12 13:49:13,642 INFO     ___FILE_ONLY___ ═
2024-11-12 13:49:13,642 INFO     ___FILE_ONLY___ ═
2024-11-12 13:49:13,643 INFO     ___FILE_ONLY___ ═
2024-11-12 13:49:13,643 INFO     ___FILE_ONLY___ ═
2024-11-12 13:49:13,643 INFO     ___FILE_ONLY___ ═
2024-11-12 13:49:13,643 INFO     ___FILE_ONLY___ ═
2024-11-12 13:49:13,643 INFO     ___FILE_ONLY___ ═
2024-11-12 13:49:13,643 INFO     ___FILE_ONLY___ ═
2024-11-12 13:49:13,643 INFO     ___FILE_ONLY___ ═
2024-11-12 13:49:13,644 INFO     ___FILE_ONLY___ ═
2024-11-12 13:49:13,644 INFO     ___FILE_ONLY___ ═
2024-11-12 13:49:13,644 INFO     ___FILE_ONLY___ ═
2024-11-12 13:49:13,644 INFO     ___FILE_ONLY___ ═
2024-11-12 13:49:13,645 INFO     ___FILE_ONLY___ ═
2024-11-12 13:49:13,645 INFO     ___FILE_ONLY___ ═
2024-11-12 13:49:13,645 INFO     ___FILE_ONLY___ ═
2024-11-12 13:49:13,645 INFO     ___FILE_ONLY___ ═
2024-11-12 13:49:13,645 INFO     ___FILE_ONLY___ ═
2024-11-12 13:49:13,645 INFO     ___FILE_ONLY___ ═
2024-11-12 13:49:13,646 INFO     ___FILE_ONLY___ ═
2024-11-12 13:49:13,646 INFO     ___FILE_ONLY___ ═
2024-11-12 13:49:13,646 INFO     ___FILE_ONLY___ ═
2024-11-12 13:49:13,646 INFO     ___FILE_ONLY___ ═
2024-11-12 13:49:13,646 INFO     ___FILE_ONLY___ ═
2024-11-12 13:49:13,646 INFO     ___FILE_ONLY___ ═
2024-11-12 13:49:13,646 INFO     ___FILE_ONLY___ ═
2024-11-12 13:49:13,646 INFO     ___FILE_ONLY___ ═
2024-11-12 13:49:13,647 INFO     ___FILE_ONLY___ ═
2024-11-12 13:49:13,647 INFO     ___FILE_ONLY___ ═
2024-11-12 13:49:13,647 INFO     ___FILE_ONLY___ ═
2024-11-12 13:49:13,647 INFO     ___FILE_ONLY___ ═
2024-11-12 13:49:13,647 INFO     ___FILE_ONLY___ ═
2024-11-12 13:49:13,647 INFO     ___FILE_ONLY___ ═
2024-11-12 13:49:13,648 INFO     ___FILE_ONLY___ ═
2024-11-12 13:49:13,648 INFO     ___FILE_ONLY___ ═
2024-11-12 13:49:13,648 INFO     ___FILE_ONLY___ ═
2024-11-12 13:49:13,648 INFO     ___FILE_ONLY___ ═
2024-11-12 13:49:13,649 INFO     ___FILE_ONLY___ ═
2024-11-12 13:49:13,649 INFO     ___FILE_ONLY___ ═
2024-11-12 13:49:13,649 INFO     ___FILE_ONLY___ ═
2024-11-12 13:49:13,649 INFO     ___FILE_ONLY___ ═
2024-11-12 13:49:13,649 INFO     ___FILE_ONLY___ ═
2024-11-12 13:49:13,649 INFO     ___FILE_ONLY___ ╝

2024-11-12 13:49:13,722 INFO     ___FILE_ONLY___ ╔════════════════════════════════════════════════════════════╗

2024-11-12 13:49:13,723 INFO     ___FILE_ONLY___ ╠═ Downloading: kubectl                                     ═╣

2024-11-12 13:49:13,723 INFO     ___FILE_ONLY___ ╚
2024-11-12 13:49:13,732 DEBUG    urllib3.connectionpool Starting new HTTPS connection (1): dl.google.com:443
2024-11-12 13:49:14,317 DEBUG    urllib3.connectionpool https://dl.google.com:443 "GET /dl/cloudsdk/channels/rapid/components/google-cloud-sdk-kubectl-20241004144944.tar.gz HTTP/1.1" 200 36206
2024-11-12 13:49:14,413 INFO     ___FILE_ONLY___ ═══════════════════════════
2024-11-12 13:49:14,414 INFO     ___FILE_ONLY___ ═══════════════════════════
2024-11-12 13:49:14,414 INFO     ___FILE_ONLY___ ══════
2024-11-12 13:49:14,414 INFO     ___FILE_ONLY___ ╝

2024-11-12 13:49:14,493 INFO     ___FILE_ONLY___ ╔════════════════════════════════════════════════════════════╗

2024-11-12 13:49:14,494 INFO     ___FILE_ONLY___ ╠═ Downloading: kubectl (Platform Specific)                 ═╣

2024-11-12 13:49:14,494 INFO     ___FILE_ONLY___ ╚
2024-11-12 13:49:14,499 DEBUG    urllib3.connectionpool Starting new HTTPS connection (1): dl.google.com:443
2024-11-12 13:49:15,096 DEBUG    urllib3.connectionpool https://dl.google.com:443 "GET /dl/cloudsdk/channels/rapid/components/google-cloud-sdk-kubectl-darwin-arm-20241108162203.tar.gz HTTP/1.1" 200 90277960
2024-11-12 13:49:25,088 INFO     ___FILE_ONLY___ ═
2024-11-12 13:49:25,089 INFO     ___FILE_ONLY___ ═
2024-11-12 13:49:25,089 INFO     ___FILE_ONLY___ ═
2024-11-12 13:49:25,090 INFO     ___FILE_ONLY___ ═
2024-11-12 13:49:25,090 INFO     ___FILE_ONLY___ ═
2024-11-12 13:49:25,091 INFO     ___FILE_ONLY___ ═
2024-11-12 13:49:25,092 INFO     ___FILE_ONLY___ ═
2024-11-12 13:49:25,092 INFO     ___FILE_ONLY___ ═
2024-11-12 13:49:25,093 INFO     ___FILE_ONLY___ ═
2024-11-12 13:49:25,094 INFO     ___FILE_ONLY___ ═
2024-11-12 13:49:25,094 INFO     ___FILE_ONLY___ ═
2024-11-12 13:49:25,095 INFO     ___FILE_ONLY___ ═
2024-11-12 13:49:25,096 INFO     ___FILE_ONLY___ ═
2024-11-12 13:49:25,096 INFO     ___FILE_ONLY___ ═
2024-11-12 13:49:25,097 INFO     ___FILE_ONLY___ ═
2024-11-12 13:49:25,098 INFO     ___FILE_ONLY___ ═
2024-11-12 13:49:25,098 INFO     ___FILE_ONLY___ ═
2024-11-12 13:49:25,099 INFO     ___FILE_ONLY___ ═
2024-11-12 13:49:25,100 INFO     ___FILE_ONLY___ ═
2024-11-12 13:49:25,100 INFO     ___FILE_ONLY___ ═
2024-11-12 13:49:25,101 INFO     ___FILE_ONLY___ ═
2024-11-12 13:49:25,101 INFO     ___FILE_ONLY___ ═
2024-11-12 13:49:25,102 INFO     ___FILE_ONLY___ ═
2024-11-12 13:49:25,103 INFO     ___FILE_ONLY___ ═
2024-11-12 13:49:25,103 INFO     ___FILE_ONLY___ ═
2024-11-12 13:49:25,104 INFO     ___FILE_ONLY___ ═
2024-11-12 13:49:25,105 INFO     ___FILE_ONLY___ ═
2024-11-12 13:49:25,105 INFO     ___FILE_ONLY___ ═
2024-11-12 13:49:25,106 INFO     ___FILE_ONLY___ ═
2024-11-12 13:49:25,107 INFO     ___FILE_ONLY___ ═
2024-11-12 13:49:25,107 INFO     ___FILE_ONLY___ ═
2024-11-12 13:49:25,108 INFO     ___FILE_ONLY___ ═
2024-11-12 13:49:25,109 INFO     ___FILE_ONLY___ ═
2024-11-12 13:49:25,109 INFO     ___FILE_ONLY___ ═
2024-11-12 13:49:25,110 INFO     ___FILE_ONLY___ ═
2024-11-12 13:49:25,111 INFO     ___FILE_ONLY___ ═
2024-11-12 13:49:25,111 INFO     ___FILE_ONLY___ ═
2024-11-12 13:49:25,112 INFO     ___FILE_ONLY___ ═
2024-11-12 13:49:25,112 INFO     ___FILE_ONLY___ ═
2024-11-12 13:49:25,113 INFO     ___FILE_ONLY___ ═
2024-11-12 13:49:25,114 INFO     ___FILE_ONLY___ ═
2024-11-12 13:49:25,114 INFO     ___FILE_ONLY___ ═
2024-11-12 13:49:25,115 INFO     ___FILE_ONLY___ ═
2024-11-12 13:49:25,116 INFO     ___FILE_ONLY___ ═
2024-11-12 13:49:25,117 INFO     ___FILE_ONLY___ ═
2024-11-12 13:49:25,117 INFO     ___FILE_ONLY___ ═
2024-11-12 13:49:25,118 INFO     ___FILE_ONLY___ ═
2024-11-12 13:49:25,118 INFO     ___FILE_ONLY___ ═
2024-11-12 13:49:25,119 INFO     ___FILE_ONLY___ ═
2024-11-12 13:49:25,120 INFO     ___FILE_ONLY___ ═
2024-11-12 13:49:25,120 INFO     ___FILE_ONLY___ ═
2024-11-12 13:49:25,121 INFO     ___FILE_ONLY___ ═
2024-11-12 13:49:25,121 INFO     ___FILE_ONLY___ ═
2024-11-12 13:49:25,122 INFO     ___FILE_ONLY___ ═
2024-11-12 13:49:25,123 INFO     ___FILE_ONLY___ ═
2024-11-12 13:49:25,123 INFO     ___FILE_ONLY___ ═
2024-11-12 13:49:25,124 INFO     ___FILE_ONLY___ ═
2024-11-12 13:49:25,125 INFO     ___FILE_ONLY___ ═
2024-11-12 13:49:25,125 INFO     ___FILE_ONLY___ ═
2024-11-12 13:49:25,126 INFO     ___FILE_ONLY___ ═
2024-11-12 13:49:25,126 INFO     ___FILE_ONLY___ ╝

2024-11-12 13:49:25,195 INFO     ___FILE_ONLY___ ╔════════════════════════════════════════════════════════════╗

2024-11-12 13:49:25,196 INFO     ___FILE_ONLY___ ╠═ Installing: Google Cloud CLI Core Libraries (Platform... ═╣

2024-11-12 13:49:25,196 INFO     ___FILE_ONLY___ ╚
2024-11-12 13:49:25,203 INFO     ___FILE_ONLY___ ══════════════════════════════
2024-11-12 13:49:25,204 INFO     ___FILE_ONLY___ ══════════════════════════════
2024-11-12 13:49:25,204 INFO     ___FILE_ONLY___ ╝

2024-11-12 13:49:25,279 INFO     ___FILE_ONLY___ ╔════════════════════════════════════════════════════════════╗

2024-11-12 13:49:25,279 INFO     ___FILE_ONLY___ ╠═ Installing: Minikube                                     ═╣

2024-11-12 13:49:25,279 INFO     ___FILE_ONLY___ ╚
2024-11-12 13:49:25,286 INFO     ___FILE_ONLY___ ════════════════════════════════════════════════════════════
2024-11-12 13:49:25,286 INFO     ___FILE_ONLY___ ╝

2024-11-12 13:49:25,352 INFO     ___FILE_ONLY___ ╔════════════════════════════════════════════════════════════╗

2024-11-12 13:49:25,353 INFO     ___FILE_ONLY___ ╠═ Installing: Minikube (Platform Specific)                 ═╣

2024-11-12 13:49:25,353 INFO     ___FILE_ONLY___ ╚
2024-11-12 13:49:25,703 INFO     ___FILE_ONLY___ ════════════════════════════════════════════════════════════
2024-11-12 13:49:25,703 INFO     ___FILE_ONLY___ ╝

2024-11-12 13:49:25,775 INFO     ___FILE_ONLY___ ╔════════════════════════════════════════════════════════════╗

2024-11-12 13:49:25,775 INFO     ___FILE_ONLY___ ╠═ Installing: Skaffold                                     ═╣

2024-11-12 13:49:25,775 INFO     ___FILE_ONLY___ ╚
2024-11-12 13:49:25,778 INFO     ___FILE_ONLY___ ════════════════════════════════════════════════════════════
2024-11-12 13:49:25,778 INFO     ___FILE_ONLY___ ╝

2024-11-12 13:49:25,846 INFO     ___FILE_ONLY___ ╔════════════════════════════════════════════════════════════╗

2024-11-12 13:49:25,847 INFO     ___FILE_ONLY___ ╠═ Installing: Skaffold (Platform Specific)                 ═╣

2024-11-12 13:49:25,847 INFO     ___FILE_ONLY___ ╚
2024-11-12 13:49:26,137 INFO     ___FILE_ONLY___ ════════════════════════════════════════════════════════════
2024-11-12 13:49:26,138 INFO     ___FILE_ONLY___ ╝

2024-11-12 13:49:26,206 INFO     ___FILE_ONLY___ ╔════════════════════════════════════════════════════════════╗

2024-11-12 13:49:26,206 INFO     ___FILE_ONLY___ ╠═ Installing: gcloud Alpha Commands                        ═╣

2024-11-12 13:49:26,206 INFO     ___FILE_ONLY___ ╚
2024-11-12 13:49:26,209 INFO     ___FILE_ONLY___ ════════════════════════════════════════════════════════════
2024-11-12 13:49:26,209 INFO     ___FILE_ONLY___ ╝

2024-11-12 13:49:26,275 INFO     ___FILE_ONLY___ ╔════════════════════════════════════════════════════════════╗

2024-11-12 13:49:26,276 INFO     ___FILE_ONLY___ ╠═ Installing: gcloud Beta Commands                         ═╣

2024-11-12 13:49:26,276 INFO     ___FILE_ONLY___ ╚
2024-11-12 13:49:26,278 INFO     ___FILE_ONLY___ ════════════════════════════════════════════════════════════
2024-11-12 13:49:26,278 INFO     ___FILE_ONLY___ ╝

2024-11-12 13:49:26,342 INFO     ___FILE_ONLY___ ╔════════════════════════════════════════════════════════════╗

2024-11-12 13:49:26,343 INFO     ___FILE_ONLY___ ╠═ Installing: gcloud cli dependencies (Platform Specific)  ═╣

2024-11-12 13:49:26,343 INFO     ___FILE_ONLY___ ╚
2024-11-12 13:49:26,344 INFO     ___FILE_ONLY___ ════════════════════════════════════════════════════════════
2024-11-12 13:49:26,344 INFO     ___FILE_ONLY___ ╝

2024-11-12 13:49:26,413 INFO     ___FILE_ONLY___ ╔════════════════════════════════════════════════════════════╗

2024-11-12 13:49:26,413 INFO     ___FILE_ONLY___ ╠═ Installing: gke-gcloud-auth-plugin                       ═╣

2024-11-12 13:49:26,413 INFO     ___FILE_ONLY___ ╚
2024-11-12 13:49:26,417 INFO     ___FILE_ONLY___ ════════════════════════════════════════════════════════════
2024-11-12 13:49:26,417 INFO     ___FILE_ONLY___ ╝

2024-11-12 13:49:26,486 INFO     ___FILE_ONLY___ ╔════════════════════════════════════════════════════════════╗

2024-11-12 13:49:26,487 INFO     ___FILE_ONLY___ ╠═ Installing: gke-gcloud-auth-plugin (Platform Specific)   ═╣

2024-11-12 13:49:26,487 INFO     ___FILE_ONLY___ ╚
2024-11-12 13:49:26,537 INFO     ___FILE_ONLY___ ════════════════════════════════════════════════════════════
2024-11-12 13:49:26,537 INFO     ___FILE_ONLY___ ╝

2024-11-12 13:49:26,606 INFO     ___FILE_ONLY___ ╔════════════════════════════════════════════════════════════╗

2024-11-12 13:49:26,606 INFO     ___FILE_ONLY___ ╠═ Installing: kubectl                                      ═╣

2024-11-12 13:49:26,606 INFO     ___FILE_ONLY___ ╚
2024-11-12 13:49:26,609 INFO     ___FILE_ONLY___ ════════════════════════════════════════════════════════════
2024-11-12 13:49:26,609 INFO     ___FILE_ONLY___ ╝

2024-11-12 13:49:26,676 INFO     ___FILE_ONLY___ ╔════════════════════════════════════════════════════════════╗

2024-11-12 13:49:26,676 INFO     ___FILE_ONLY___ ╠═ Installing: kubectl (Platform Specific)                  ═╣

2024-11-12 13:49:26,676 INFO     ___FILE_ONLY___ ╚
2024-11-12 13:49:27,214 INFO     ___FILE_ONLY___ ══════════
2024-11-12 13:49:27,309 INFO     ___FILE_ONLY___ ══════════
2024-11-12 13:49:27,406 INFO     ___FILE_ONLY___ ══════════
2024-11-12 13:49:27,508 INFO     ___FILE_ONLY___ ══════════
2024-11-12 13:49:27,608 INFO     ___FILE_ONLY___ ══════════
2024-11-12 13:49:27,718 INFO     ___FILE_ONLY___ ══════════
2024-11-12 13:49:27,719 INFO     ___FILE_ONLY___ ╝

2024-11-12 13:49:27,743 DEBUG    root            Updating notification cache...
2024-11-12 13:49:27,743 INFO     ___FILE_ONLY___ 

2024-11-12 13:49:27,809 INFO     ___FILE_ONLY___ Performing post processing steps...
2024-11-12 13:49:27,809 DEBUG    root            Executing command: ['/Users/wbrunson/Library/Application Support/cloud-code/installer/google-cloud-sdk/bin/gcloud', 'components', 'post-process', '--no-compile-python']
2024-11-12 13:49:28,846 DEBUG    ___FILE_ONLY___ 
2024-11-12 13:49:28,846 DEBUG    ___FILE_ONLY___ 
2024-11-12 13:49:29,081 INFO     ___FILE_ONLY___ 
Update done!


2024-11-12 13:49:29,987 WARNING  root              There are other instances of Google Cloud tools on your system PATH.
  Please remove the following to avoid confusion or accidental invocation:

  /Applications/Rancher Desktop.app/Contents/Resources/resources/darwin/bin/kuberlr

  
2024-11-12 13:49:30,909 DEBUG    root            Chosen display Format:none
2024-11-12 13:49:30,910 INFO     root            Display format: "none"
2024-11-12 13:49:30,916 DEBUG    root            Executing command: ['curl', '--silent', '-O', 'https://dl.google.com/dl/cloudsdk/channels/rapid/python-3.11.6-macos11.tar.gz']
2024-11-12 13:49:38,017 DEBUG    root            Executing command: ['tar', '-xf', 'python-3.11.6-macos11.tar.gz']
2024-11-12 13:49:38,145 DEBUG    root            Executing command: ['sudo', 'installer', '-target', '/', '-pkg', './python-3.11.6-macos11.pkg']
