2024-12-03 09:39:51,947 DEBUG    root            Metrics collector initialized...
2024-12-03 09:39:51,951 DEBUG    root            Loaded Command Group: ['gcloud', 'components']
2024-12-03 09:39:51,960 DEBUG    root            Loaded Command Group: ['gcloud', 'components', 'update']
2024-12-03 09:39:51,962 DEBUG    root            Running [gcloud.components.update] with arguments: [--no-compile-python: "False", --quiet: "True", COMPONENT-IDS:6: "['alpha', 'beta', 'gke-gcloud-auth-plugin', 'kubectl', 'skaffold', 'minikube']"]
2024-12-03 09:39:51,963 INFO     ___FILE_ONLY___ Beginning update. This process may take several minutes.

2024-12-03 09:39:52,011 DEBUG    urllib3.connectionpool Starting new HTTPS connection (1): dl.google.com:443
2024-12-03 09:39:52,552 DEBUG    urllib3.connectionpool https://dl.google.com:443 "GET /dl/cloudsdk/channels/rapid/components-2.json HTTP/1.1" 200 227816
2024-12-03 09:39:52,793 INFO     ___FILE_ONLY___ 

2024-12-03 09:39:52,793 INFO     ___FILE_ONLY___ 
Your current Google Cloud CLI version is: 502.0.0

2024-12-03 09:39:52,793 INFO     ___FILE_ONLY___ Installing components from version: 502.0.0

2024-12-03 09:39:52,794 INFO     ___FILE_ONLY___ 

2024-12-03 09:39:52,794 DEBUG    root            Chosen display Format:table[box,title="These components will be removed."](details.display_name:label=Name:align=left,version.version_string:label=Version:align=right,data.size.size(zero="",min=1048576):label=Size:align=right)
2024-12-03 09:39:52,794 DEBUG    root            Chosen display Format:table[box,title="These components will be updated."](details.display_name:label=Name:align=left,version.version_string:label=Version:align=right,data.size.size(zero="",min=1048576):label=Size:align=right)
2024-12-03 09:39:52,794 DEBUG    root            Chosen display Format:table[box,title="These components will be installed."](details.display_name:label=Name:align=left,version.version_string:label=Version:align=right,data.size.size(zero="",min=1048576):label=Size:align=right)
2024-12-03 09:39:52,866 INFO     ___FILE_ONLY___ ┌─────────────────────────────────────────────────────────────────────────────┐
2024-12-03 09:39:52,866 INFO     ___FILE_ONLY___ 

2024-12-03 09:39:52,866 INFO     ___FILE_ONLY___ │                     These components will be installed.                     │
2024-12-03 09:39:52,866 INFO     ___FILE_ONLY___ 

2024-12-03 09:39:52,866 INFO     ___FILE_ONLY___ ├─────────────────────────────────────────────────────┬────────────┬──────────┤
2024-12-03 09:39:52,866 INFO     ___FILE_ONLY___ 

2024-12-03 09:39:52,866 INFO     ___FILE_ONLY___ │                         Name                        │  Version   │   Size   │
2024-12-03 09:39:52,866 INFO     ___FILE_ONLY___ 

2024-12-03 09:39:52,866 INFO     ___FILE_ONLY___ ├─────────────────────────────────────────────────────┼────────────┼──────────┤
2024-12-03 09:39:52,866 INFO     ___FILE_ONLY___ 

2024-12-03 09:39:52,866 INFO     ___FILE_ONLY___ │ 
2024-12-03 09:39:52,866 INFO     ___FILE_ONLY___ Google Cloud CLI Core Libraries (Platform Specific)
2024-12-03 09:39:52,867 INFO     ___FILE_ONLY___  
2024-12-03 09:39:52,867 INFO     ___FILE_ONLY___ │ 
2024-12-03 09:39:52,867 INFO     ___FILE_ONLY___ 2024.08.30
2024-12-03 09:39:52,867 INFO     ___FILE_ONLY___  
2024-12-03 09:39:52,867 INFO     ___FILE_ONLY___ │ 
2024-12-03 09:39:52,867 INFO     ___FILE_ONLY___  < 1 MiB
2024-12-03 09:39:52,867 INFO     ___FILE_ONLY___  
2024-12-03 09:39:52,867 INFO     ___FILE_ONLY___ │
2024-12-03 09:39:52,867 INFO     ___FILE_ONLY___ 

2024-12-03 09:39:52,867 INFO     ___FILE_ONLY___ │ 
2024-12-03 09:39:52,867 INFO     ___FILE_ONLY___ Minikube (Platform Specific)                       
2024-12-03 09:39:52,867 INFO     ___FILE_ONLY___  
2024-12-03 09:39:52,867 INFO     ___FILE_ONLY___ │ 
2024-12-03 09:39:52,867 INFO     ___FILE_ONLY___     1.34.0
2024-12-03 09:39:52,867 INFO     ___FILE_ONLY___  
2024-12-03 09:39:52,867 INFO     ___FILE_ONLY___ │ 
2024-12-03 09:39:52,867 INFO     ___FILE_ONLY___ 37.2 MiB
2024-12-03 09:39:52,867 INFO     ___FILE_ONLY___  
2024-12-03 09:39:52,867 INFO     ___FILE_ONLY___ │
2024-12-03 09:39:52,867 INFO     ___FILE_ONLY___ 

2024-12-03 09:39:52,868 INFO     ___FILE_ONLY___ │ 
2024-12-03 09:39:52,868 INFO     ___FILE_ONLY___ Skaffold (Platform Specific)                       
2024-12-03 09:39:52,868 INFO     ___FILE_ONLY___  
2024-12-03 09:39:52,868 INFO     ___FILE_ONLY___ │ 
2024-12-03 09:39:52,868 INFO     ___FILE_ONLY___     2.13.1
2024-12-03 09:39:52,868 INFO     ___FILE_ONLY___  
2024-12-03 09:39:52,868 INFO     ___FILE_ONLY___ │ 
2024-12-03 09:39:52,868 INFO     ___FILE_ONLY___ 22.9 MiB
2024-12-03 09:39:52,868 INFO     ___FILE_ONLY___  
2024-12-03 09:39:52,868 INFO     ___FILE_ONLY___ │
2024-12-03 09:39:52,868 INFO     ___FILE_ONLY___ 

2024-12-03 09:39:52,868 INFO     ___FILE_ONLY___ │ 
2024-12-03 09:39:52,868 INFO     ___FILE_ONLY___ gcloud Alpha Commands                              
2024-12-03 09:39:52,868 INFO     ___FILE_ONLY___  
2024-12-03 09:39:52,868 INFO     ___FILE_ONLY___ │ 
2024-12-03 09:39:52,868 INFO     ___FILE_ONLY___ 2024.11.15
2024-12-03 09:39:52,868 INFO     ___FILE_ONLY___  
2024-12-03 09:39:52,868 INFO     ___FILE_ONLY___ │ 
2024-12-03 09:39:52,868 INFO     ___FILE_ONLY___  < 1 MiB
2024-12-03 09:39:52,868 INFO     ___FILE_ONLY___  
2024-12-03 09:39:52,868 INFO     ___FILE_ONLY___ │
2024-12-03 09:39:52,868 INFO     ___FILE_ONLY___ 

2024-12-03 09:39:52,869 INFO     ___FILE_ONLY___ │ 
2024-12-03 09:39:52,869 INFO     ___FILE_ONLY___ gcloud Beta Commands                               
2024-12-03 09:39:52,869 INFO     ___FILE_ONLY___  
2024-12-03 09:39:52,869 INFO     ___FILE_ONLY___ │ 
2024-12-03 09:39:52,869 INFO     ___FILE_ONLY___ 2024.11.15
2024-12-03 09:39:52,869 INFO     ___FILE_ONLY___  
2024-12-03 09:39:52,869 INFO     ___FILE_ONLY___ │ 
2024-12-03 09:39:52,869 INFO     ___FILE_ONLY___  < 1 MiB
2024-12-03 09:39:52,869 INFO     ___FILE_ONLY___  
2024-12-03 09:39:52,869 INFO     ___FILE_ONLY___ │
2024-12-03 09:39:52,869 INFO     ___FILE_ONLY___ 

2024-12-03 09:39:52,869 INFO     ___FILE_ONLY___ │ 
2024-12-03 09:39:52,869 INFO     ___FILE_ONLY___ gcloud cli dependencies (Platform Specific)        
2024-12-03 09:39:52,869 INFO     ___FILE_ONLY___  
2024-12-03 09:39:52,869 INFO     ___FILE_ONLY___ │ 
2024-12-03 09:39:52,869 INFO     ___FILE_ONLY___ 2021.04.16
2024-12-03 09:39:52,869 INFO     ___FILE_ONLY___  
2024-12-03 09:39:52,869 INFO     ___FILE_ONLY___ │ 
2024-12-03 09:39:52,869 INFO     ___FILE_ONLY___  < 1 MiB
2024-12-03 09:39:52,869 INFO     ___FILE_ONLY___  
2024-12-03 09:39:52,869 INFO     ___FILE_ONLY___ │
2024-12-03 09:39:52,869 INFO     ___FILE_ONLY___ 

2024-12-03 09:39:52,869 INFO     ___FILE_ONLY___ │ 
2024-12-03 09:39:52,869 INFO     ___FILE_ONLY___ gke-gcloud-auth-plugin (Platform Specific)         
2024-12-03 09:39:52,869 INFO     ___FILE_ONLY___  
2024-12-03 09:39:52,869 INFO     ___FILE_ONLY___ │ 
2024-12-03 09:39:52,869 INFO     ___FILE_ONLY___      0.5.9
2024-12-03 09:39:52,869 INFO     ___FILE_ONLY___  
2024-12-03 09:39:52,869 INFO     ___FILE_ONLY___ │ 
2024-12-03 09:39:52,870 INFO     ___FILE_ONLY___  4.0 MiB
2024-12-03 09:39:52,870 INFO     ___FILE_ONLY___  
2024-12-03 09:39:52,870 INFO     ___FILE_ONLY___ │
2024-12-03 09:39:52,870 INFO     ___FILE_ONLY___ 

2024-12-03 09:39:52,870 INFO     ___FILE_ONLY___ │ 
2024-12-03 09:39:52,870 INFO     ___FILE_ONLY___ kubectl                                            
2024-12-03 09:39:52,870 INFO     ___FILE_ONLY___  
2024-12-03 09:39:52,870 INFO     ___FILE_ONLY___ │ 
2024-12-03 09:39:52,870 INFO     ___FILE_ONLY___     1.30.5
2024-12-03 09:39:52,870 INFO     ___FILE_ONLY___  
2024-12-03 09:39:52,870 INFO     ___FILE_ONLY___ │ 
2024-12-03 09:39:52,870 INFO     ___FILE_ONLY___  < 1 MiB
2024-12-03 09:39:52,870 INFO     ___FILE_ONLY___  
2024-12-03 09:39:52,870 INFO     ___FILE_ONLY___ │
2024-12-03 09:39:52,870 INFO     ___FILE_ONLY___ 

2024-12-03 09:39:52,870 INFO     ___FILE_ONLY___ │ 
2024-12-03 09:39:52,870 INFO     ___FILE_ONLY___ kubectl (Platform Specific)                        
2024-12-03 09:39:52,870 INFO     ___FILE_ONLY___  
2024-12-03 09:39:52,870 INFO     ___FILE_ONLY___ │ 
2024-12-03 09:39:52,870 INFO     ___FILE_ONLY___     1.30.6
2024-12-03 09:39:52,870 INFO     ___FILE_ONLY___  
2024-12-03 09:39:52,870 INFO     ___FILE_ONLY___ │ 
2024-12-03 09:39:52,870 INFO     ___FILE_ONLY___ 86.1 MiB
2024-12-03 09:39:52,870 INFO     ___FILE_ONLY___  
2024-12-03 09:39:52,870 INFO     ___FILE_ONLY___ │
2024-12-03 09:39:52,870 INFO     ___FILE_ONLY___ 

2024-12-03 09:39:52,870 INFO     ___FILE_ONLY___ └─────────────────────────────────────────────────────┴────────────┴──────────┘
2024-12-03 09:39:52,870 INFO     ___FILE_ONLY___ 

2024-12-03 09:39:52,870 INFO     ___FILE_ONLY___ 

2024-12-03 09:39:52,873 DEBUG    urllib3.connectionpool Starting new HTTPS connection (1): dl.google.com:443
2024-12-03 09:39:53,418 DEBUG    urllib3.connectionpool https://dl.google.com:443 "GET /dl/cloudsdk/channels/rapid/RELEASE_NOTES HTTP/1.1" 200 1314602
2024-12-03 09:39:54,016 INFO     ___FILE_ONLY___ For the latest full release notes, please visit:
  https://cloud.google.com/sdk/release_notes


2024-12-03 09:39:54,016 INFO     ___FILE_ONLY___ Performing in place update...


2024-12-03 09:39:54,022 INFO     ___FILE_ONLY___ ╔════════════════════════════════════════════════════════════╗

2024-12-03 09:39:54,022 INFO     ___FILE_ONLY___ ╠═ Downloading: Google Cloud CLI Core Libraries (Platfor... ═╣

2024-12-03 09:39:54,022 INFO     ___FILE_ONLY___ ╚
2024-12-03 09:39:54,026 DEBUG    urllib3.connectionpool Starting new HTTPS connection (1): dl.google.com:443
2024-12-03 09:39:54,568 DEBUG    urllib3.connectionpool https://dl.google.com:443 "GET /dl/cloudsdk/channels/rapid/components/google-cloud-sdk-core-nix-20240830134514.tar.gz HTTP/1.1" 200 2306
2024-12-03 09:39:54,570 INFO     ___FILE_ONLY___ ════════════════════════════════════════════════════════════
2024-12-03 09:39:54,570 INFO     ___FILE_ONLY___ ╝

2024-12-03 09:39:54,579 INFO     ___FILE_ONLY___ ╔════════════════════════════════════════════════════════════╗

2024-12-03 09:39:54,579 INFO     ___FILE_ONLY___ ╠═ Downloading: Minikube                                    ═╣

2024-12-03 09:39:54,579 INFO     ___FILE_ONLY___ ╚
2024-12-03 09:39:54,580 INFO     ___FILE_ONLY___ ════════════════════════════════════════════════════════════
2024-12-03 09:39:54,580 INFO     ___FILE_ONLY___ ╝

2024-12-03 09:39:54,586 INFO     ___FILE_ONLY___ ╔════════════════════════════════════════════════════════════╗

2024-12-03 09:39:54,586 INFO     ___FILE_ONLY___ ╠═ Downloading: Minikube (Platform Specific)                ═╣

2024-12-03 09:39:54,586 INFO     ___FILE_ONLY___ ╚
2024-12-03 09:39:54,591 DEBUG    urllib3.connectionpool Starting new HTTPS connection (1): dl.google.com:443
2024-12-03 09:39:55,136 DEBUG    urllib3.connectionpool https://dl.google.com:443 "GET /dl/cloudsdk/channels/rapid/components/google-cloud-sdk-minikube-darwin-arm-20240927140238.tar.gz HTTP/1.1" 200 38981244
2024-12-03 09:40:00,323 INFO     ___FILE_ONLY___ ═
2024-12-03 09:40:00,324 INFO     ___FILE_ONLY___ ═
2024-12-03 09:40:00,324 INFO     ___FILE_ONLY___ ═
2024-12-03 09:40:00,325 INFO     ___FILE_ONLY___ ═
2024-12-03 09:40:00,325 INFO     ___FILE_ONLY___ ═
2024-12-03 09:40:00,325 INFO     ___FILE_ONLY___ ═
2024-12-03 09:40:00,325 INFO     ___FILE_ONLY___ ═
2024-12-03 09:40:00,326 INFO     ___FILE_ONLY___ ═
2024-12-03 09:40:00,326 INFO     ___FILE_ONLY___ ═
2024-12-03 09:40:00,326 INFO     ___FILE_ONLY___ ═
2024-12-03 09:40:00,327 INFO     ___FILE_ONLY___ ═
2024-12-03 09:40:00,327 INFO     ___FILE_ONLY___ ═
2024-12-03 09:40:00,327 INFO     ___FILE_ONLY___ ═
2024-12-03 09:40:00,328 INFO     ___FILE_ONLY___ ═
2024-12-03 09:40:00,328 INFO     ___FILE_ONLY___ ═
2024-12-03 09:40:00,328 INFO     ___FILE_ONLY___ ═
2024-12-03 09:40:00,328 INFO     ___FILE_ONLY___ ═
2024-12-03 09:40:00,329 INFO     ___FILE_ONLY___ ═
2024-12-03 09:40:00,329 INFO     ___FILE_ONLY___ ═
2024-12-03 09:40:00,329 INFO     ___FILE_ONLY___ ═
2024-12-03 09:40:00,330 INFO     ___FILE_ONLY___ ═
2024-12-03 09:40:00,330 INFO     ___FILE_ONLY___ ═
2024-12-03 09:40:00,330 INFO     ___FILE_ONLY___ ═
2024-12-03 09:40:00,330 INFO     ___FILE_ONLY___ ═
2024-12-03 09:40:00,331 INFO     ___FILE_ONLY___ ═
2024-12-03 09:40:00,331 INFO     ___FILE_ONLY___ ═
2024-12-03 09:40:00,331 INFO     ___FILE_ONLY___ ═
2024-12-03 09:40:00,332 INFO     ___FILE_ONLY___ ═
2024-12-03 09:40:00,332 INFO     ___FILE_ONLY___ ═
2024-12-03 09:40:00,332 INFO     ___FILE_ONLY___ ═
2024-12-03 09:40:00,333 INFO     ___FILE_ONLY___ ═
2024-12-03 09:40:00,333 INFO     ___FILE_ONLY___ ═
2024-12-03 09:40:00,333 INFO     ___FILE_ONLY___ ═
2024-12-03 09:40:00,333 INFO     ___FILE_ONLY___ ═
2024-12-03 09:40:00,334 INFO     ___FILE_ONLY___ ═
2024-12-03 09:40:00,334 INFO     ___FILE_ONLY___ ═
2024-12-03 09:40:00,334 INFO     ___FILE_ONLY___ ═
2024-12-03 09:40:00,335 INFO     ___FILE_ONLY___ ═
2024-12-03 09:40:00,335 INFO     ___FILE_ONLY___ ═
2024-12-03 09:40:00,336 INFO     ___FILE_ONLY___ ═
2024-12-03 09:40:00,336 INFO     ___FILE_ONLY___ ═
2024-12-03 09:40:00,336 INFO     ___FILE_ONLY___ ═
2024-12-03 09:40:00,336 INFO     ___FILE_ONLY___ ═
2024-12-03 09:40:00,337 INFO     ___FILE_ONLY___ ═
2024-12-03 09:40:00,337 INFO     ___FILE_ONLY___ ═
2024-12-03 09:40:00,337 INFO     ___FILE_ONLY___ ═
2024-12-03 09:40:00,337 INFO     ___FILE_ONLY___ ═
2024-12-03 09:40:00,338 INFO     ___FILE_ONLY___ ═
2024-12-03 09:40:00,338 INFO     ___FILE_ONLY___ ═
2024-12-03 09:40:00,338 INFO     ___FILE_ONLY___ ═
2024-12-03 09:40:00,339 INFO     ___FILE_ONLY___ ═
2024-12-03 09:40:00,339 INFO     ___FILE_ONLY___ ═
2024-12-03 09:40:00,339 INFO     ___FILE_ONLY___ ═
2024-12-03 09:40:00,340 INFO     ___FILE_ONLY___ ═
2024-12-03 09:40:00,340 INFO     ___FILE_ONLY___ ═
2024-12-03 09:40:00,340 INFO     ___FILE_ONLY___ ═
2024-12-03 09:40:00,340 INFO     ___FILE_ONLY___ ═
2024-12-03 09:40:00,341 INFO     ___FILE_ONLY___ ═
2024-12-03 09:40:00,341 INFO     ___FILE_ONLY___ ═
2024-12-03 09:40:00,341 INFO     ___FILE_ONLY___ ═
2024-12-03 09:40:00,341 INFO     ___FILE_ONLY___ ╝

2024-12-03 09:40:00,346 INFO     ___FILE_ONLY___ ╔════════════════════════════════════════════════════════════╗

2024-12-03 09:40:00,347 INFO     ___FILE_ONLY___ ╠═ Downloading: Skaffold                                    ═╣

2024-12-03 09:40:00,347 INFO     ___FILE_ONLY___ ╚
2024-12-03 09:40:00,347 INFO     ___FILE_ONLY___ ════════════════════════════════════════════════════════════
2024-12-03 09:40:00,347 INFO     ___FILE_ONLY___ ╝

2024-12-03 09:40:00,351 INFO     ___FILE_ONLY___ ╔════════════════════════════════════════════════════════════╗

2024-12-03 09:40:00,351 INFO     ___FILE_ONLY___ ╠═ Downloading: Skaffold (Platform Specific)                ═╣

2024-12-03 09:40:00,351 INFO     ___FILE_ONLY___ ╚
2024-12-03 09:40:00,354 DEBUG    urllib3.connectionpool Starting new HTTPS connection (1): dl.google.com:443
2024-12-03 09:40:00,917 DEBUG    urllib3.connectionpool https://dl.google.com:443 "GET /dl/cloudsdk/channels/rapid/components/google-cloud-sdk-skaffold-darwin-arm-20240806142304.tar.gz HTTP/1.1" 200 24031362
2024-12-03 09:40:04,331 INFO     ___FILE_ONLY___ ═
2024-12-03 09:40:04,332 INFO     ___FILE_ONLY___ ═
2024-12-03 09:40:04,333 INFO     ___FILE_ONLY___ ═
2024-12-03 09:40:04,334 INFO     ___FILE_ONLY___ ═
2024-12-03 09:40:04,334 INFO     ___FILE_ONLY___ ═
2024-12-03 09:40:04,334 INFO     ___FILE_ONLY___ ═
2024-12-03 09:40:04,335 INFO     ___FILE_ONLY___ ═
2024-12-03 09:40:04,335 INFO     ___FILE_ONLY___ ═
2024-12-03 09:40:04,335 INFO     ___FILE_ONLY___ ═
2024-12-03 09:40:04,335 INFO     ___FILE_ONLY___ ═
2024-12-03 09:40:04,336 INFO     ___FILE_ONLY___ ═
2024-12-03 09:40:04,336 INFO     ___FILE_ONLY___ ═
2024-12-03 09:40:04,336 INFO     ___FILE_ONLY___ ═
2024-12-03 09:40:04,336 INFO     ___FILE_ONLY___ ═
2024-12-03 09:40:04,336 INFO     ___FILE_ONLY___ ═
2024-12-03 09:40:04,337 INFO     ___FILE_ONLY___ ═
2024-12-03 09:40:04,337 INFO     ___FILE_ONLY___ ═
2024-12-03 09:40:04,337 INFO     ___FILE_ONLY___ ═
2024-12-03 09:40:04,337 INFO     ___FILE_ONLY___ ═
2024-12-03 09:40:04,338 INFO     ___FILE_ONLY___ ═
2024-12-03 09:40:04,338 INFO     ___FILE_ONLY___ ═
2024-12-03 09:40:04,338 INFO     ___FILE_ONLY___ ═
2024-12-03 09:40:04,338 INFO     ___FILE_ONLY___ ═
2024-12-03 09:40:04,339 INFO     ___FILE_ONLY___ ═
2024-12-03 09:40:04,339 INFO     ___FILE_ONLY___ ═
2024-12-03 09:40:04,339 INFO     ___FILE_ONLY___ ═
2024-12-03 09:40:04,339 INFO     ___FILE_ONLY___ ═
2024-12-03 09:40:04,340 INFO     ___FILE_ONLY___ ═
2024-12-03 09:40:04,340 INFO     ___FILE_ONLY___ ═
2024-12-03 09:40:04,340 INFO     ___FILE_ONLY___ ═
2024-12-03 09:40:04,340 INFO     ___FILE_ONLY___ ═
2024-12-03 09:40:04,340 INFO     ___FILE_ONLY___ ═
2024-12-03 09:40:04,341 INFO     ___FILE_ONLY___ ═
2024-12-03 09:40:04,341 INFO     ___FILE_ONLY___ ═
2024-12-03 09:40:04,341 INFO     ___FILE_ONLY___ ═
2024-12-03 09:40:04,341 INFO     ___FILE_ONLY___ ═
2024-12-03 09:40:04,341 INFO     ___FILE_ONLY___ ═
2024-12-03 09:40:04,342 INFO     ___FILE_ONLY___ ═
2024-12-03 09:40:04,342 INFO     ___FILE_ONLY___ ═
2024-12-03 09:40:04,342 INFO     ___FILE_ONLY___ ═
2024-12-03 09:40:04,342 INFO     ___FILE_ONLY___ ═
2024-12-03 09:40:04,343 INFO     ___FILE_ONLY___ ═
2024-12-03 09:40:04,343 INFO     ___FILE_ONLY___ ═
2024-12-03 09:40:04,343 INFO     ___FILE_ONLY___ ═
2024-12-03 09:40:04,343 INFO     ___FILE_ONLY___ ═
2024-12-03 09:40:04,343 INFO     ___FILE_ONLY___ ═
2024-12-03 09:40:04,344 INFO     ___FILE_ONLY___ ═
2024-12-03 09:40:04,344 INFO     ___FILE_ONLY___ ═
2024-12-03 09:40:04,344 INFO     ___FILE_ONLY___ ═
2024-12-03 09:40:04,344 INFO     ___FILE_ONLY___ ═
2024-12-03 09:40:04,344 INFO     ___FILE_ONLY___ ═
2024-12-03 09:40:04,345 INFO     ___FILE_ONLY___ ═
2024-12-03 09:40:04,345 INFO     ___FILE_ONLY___ ═
2024-12-03 09:40:04,345 INFO     ___FILE_ONLY___ ═
2024-12-03 09:40:04,345 INFO     ___FILE_ONLY___ ═
2024-12-03 09:40:04,346 INFO     ___FILE_ONLY___ ═
2024-12-03 09:40:04,346 INFO     ___FILE_ONLY___ ═
2024-12-03 09:40:04,346 INFO     ___FILE_ONLY___ ═
2024-12-03 09:40:04,346 INFO     ___FILE_ONLY___ ═
2024-12-03 09:40:04,346 INFO     ___FILE_ONLY___ ═
2024-12-03 09:40:04,346 INFO     ___FILE_ONLY___ ╝

2024-12-03 09:40:04,352 INFO     ___FILE_ONLY___ ╔════════════════════════════════════════════════════════════╗

2024-12-03 09:40:04,353 INFO     ___FILE_ONLY___ ╠═ Downloading: gcloud Alpha Commands                       ═╣

2024-12-03 09:40:04,353 INFO     ___FILE_ONLY___ ╚
2024-12-03 09:40:04,356 DEBUG    urllib3.connectionpool Starting new HTTPS connection (1): dl.google.com:443
2024-12-03 09:40:04,891 DEBUG    urllib3.connectionpool https://dl.google.com:443 "GET /dl/cloudsdk/channels/rapid/components/google-cloud-sdk-alpha-20241115154308.tar.gz HTTP/1.1" 200 800
2024-12-03 09:40:04,892 INFO     ___FILE_ONLY___ ════════════════════════════════════════════════════════════
2024-12-03 09:40:04,893 INFO     ___FILE_ONLY___ ╝

2024-12-03 09:40:04,906 INFO     ___FILE_ONLY___ ╔════════════════════════════════════════════════════════════╗

2024-12-03 09:40:04,906 INFO     ___FILE_ONLY___ ╠═ Downloading: gcloud Beta Commands                        ═╣

2024-12-03 09:40:04,906 INFO     ___FILE_ONLY___ ╚
2024-12-03 09:40:04,911 DEBUG    urllib3.connectionpool Starting new HTTPS connection (1): dl.google.com:443
2024-12-03 09:40:05,449 DEBUG    urllib3.connectionpool https://dl.google.com:443 "GET /dl/cloudsdk/channels/rapid/components/google-cloud-sdk-beta-20241115154308.tar.gz HTTP/1.1" 200 797
2024-12-03 09:40:05,451 INFO     ___FILE_ONLY___ ════════════════════════════════════════════════════════════
2024-12-03 09:40:05,451 INFO     ___FILE_ONLY___ ╝

2024-12-03 09:40:05,464 INFO     ___FILE_ONLY___ ╔════════════════════════════════════════════════════════════╗

2024-12-03 09:40:05,464 INFO     ___FILE_ONLY___ ╠═ Downloading: gcloud cli dependencies (Platform Specific) ═╣

2024-12-03 09:40:05,464 INFO     ___FILE_ONLY___ ╚
2024-12-03 09:40:05,470 DEBUG    urllib3.connectionpool Starting new HTTPS connection (1): dl.google.com:443
2024-12-03 09:40:06,009 DEBUG    urllib3.connectionpool https://dl.google.com:443 "GET /dl/cloudsdk/channels/rapid/components/google-cloud-sdk-gcloud-deps-darwin-x86_64-20210416153011.tar.gz HTTP/1.1" 200 105
2024-12-03 09:40:06,011 INFO     ___FILE_ONLY___ ════════════════════════════════════════════════════════════
2024-12-03 09:40:06,011 INFO     ___FILE_ONLY___ ╝

2024-12-03 09:40:06,024 INFO     ___FILE_ONLY___ ╔════════════════════════════════════════════════════════════╗

2024-12-03 09:40:06,024 INFO     ___FILE_ONLY___ ╠═ Downloading: gke-gcloud-auth-plugin                      ═╣

2024-12-03 09:40:06,024 INFO     ___FILE_ONLY___ ╚
2024-12-03 09:40:06,024 INFO     ___FILE_ONLY___ ════════════════════════════════════════════════════════════
2024-12-03 09:40:06,024 INFO     ___FILE_ONLY___ ╝

2024-12-03 09:40:06,035 INFO     ___FILE_ONLY___ ╔════════════════════════════════════════════════════════════╗

2024-12-03 09:40:06,036 INFO     ___FILE_ONLY___ ╠═ Downloading: gke-gcloud-auth-plugin (Platform Specific)  ═╣

2024-12-03 09:40:06,036 INFO     ___FILE_ONLY___ ╚
2024-12-03 09:40:06,040 DEBUG    urllib3.connectionpool Starting new HTTPS connection (1): dl.google.com:443
2024-12-03 09:40:06,706 DEBUG    urllib3.connectionpool https://dl.google.com:443 "GET /dl/cloudsdk/channels/rapid/components/google-cloud-sdk-gke-gcloud-auth-plugin-darwin-arm-20240628141907.tar.gz HTTP/1.1" 200 4148014
2024-12-03 09:40:07,682 INFO     ___FILE_ONLY___ ═
2024-12-03 09:40:07,682 INFO     ___FILE_ONLY___ ═
2024-12-03 09:40:07,683 INFO     ___FILE_ONLY___ ═
2024-12-03 09:40:07,683 INFO     ___FILE_ONLY___ ═
2024-12-03 09:40:07,683 INFO     ___FILE_ONLY___ ═
2024-12-03 09:40:07,683 INFO     ___FILE_ONLY___ ═
2024-12-03 09:40:07,683 INFO     ___FILE_ONLY___ ═
2024-12-03 09:40:07,683 INFO     ___FILE_ONLY___ ═
2024-12-03 09:40:07,684 INFO     ___FILE_ONLY___ ═
2024-12-03 09:40:07,684 INFO     ___FILE_ONLY___ ═
2024-12-03 09:40:07,684 INFO     ___FILE_ONLY___ ═
2024-12-03 09:40:07,684 INFO     ___FILE_ONLY___ ═
2024-12-03 09:40:07,684 INFO     ___FILE_ONLY___ ═
2024-12-03 09:40:07,684 INFO     ___FILE_ONLY___ ═
2024-12-03 09:40:07,684 INFO     ___FILE_ONLY___ ═
2024-12-03 09:40:07,685 INFO     ___FILE_ONLY___ ═
2024-12-03 09:40:07,685 INFO     ___FILE_ONLY___ ═
2024-12-03 09:40:07,685 INFO     ___FILE_ONLY___ ═
2024-12-03 09:40:07,685 INFO     ___FILE_ONLY___ ═
2024-12-03 09:40:07,685 INFO     ___FILE_ONLY___ ═
2024-12-03 09:40:07,685 INFO     ___FILE_ONLY___ ═
2024-12-03 09:40:07,686 INFO     ___FILE_ONLY___ ═
2024-12-03 09:40:07,686 INFO     ___FILE_ONLY___ ═
2024-12-03 09:40:07,686 INFO     ___FILE_ONLY___ ═
2024-12-03 09:40:07,686 INFO     ___FILE_ONLY___ ═
2024-12-03 09:40:07,686 INFO     ___FILE_ONLY___ ═
2024-12-03 09:40:07,686 INFO     ___FILE_ONLY___ ═
2024-12-03 09:40:07,686 INFO     ___FILE_ONLY___ ═
2024-12-03 09:40:07,687 INFO     ___FILE_ONLY___ ═
2024-12-03 09:40:07,687 INFO     ___FILE_ONLY___ ═
2024-12-03 09:40:07,687 INFO     ___FILE_ONLY___ ═
2024-12-03 09:40:07,687 INFO     ___FILE_ONLY___ ═
2024-12-03 09:40:07,687 INFO     ___FILE_ONLY___ ═
2024-12-03 09:40:07,687 INFO     ___FILE_ONLY___ ═
2024-12-03 09:40:07,687 INFO     ___FILE_ONLY___ ═
2024-12-03 09:40:07,688 INFO     ___FILE_ONLY___ ═
2024-12-03 09:40:07,688 INFO     ___FILE_ONLY___ ═
2024-12-03 09:40:07,688 INFO     ___FILE_ONLY___ ═
2024-12-03 09:40:07,688 INFO     ___FILE_ONLY___ ═
2024-12-03 09:40:07,688 INFO     ___FILE_ONLY___ ═
2024-12-03 09:40:07,688 INFO     ___FILE_ONLY___ ═
2024-12-03 09:40:07,688 INFO     ___FILE_ONLY___ ═
2024-12-03 09:40:07,689 INFO     ___FILE_ONLY___ ═
2024-12-03 09:40:07,689 INFO     ___FILE_ONLY___ ═
2024-12-03 09:40:07,689 INFO     ___FILE_ONLY___ ═
2024-12-03 09:40:07,689 INFO     ___FILE_ONLY___ ═
2024-12-03 09:40:07,689 INFO     ___FILE_ONLY___ ═
2024-12-03 09:40:07,689 INFO     ___FILE_ONLY___ ═
2024-12-03 09:40:07,689 INFO     ___FILE_ONLY___ ═
2024-12-03 09:40:07,689 INFO     ___FILE_ONLY___ ═
2024-12-03 09:40:07,690 INFO     ___FILE_ONLY___ ═
2024-12-03 09:40:07,690 INFO     ___FILE_ONLY___ ═
2024-12-03 09:40:07,690 INFO     ___FILE_ONLY___ ═
2024-12-03 09:40:07,690 INFO     ___FILE_ONLY___ ═
2024-12-03 09:40:07,690 INFO     ___FILE_ONLY___ ═
2024-12-03 09:40:07,690 INFO     ___FILE_ONLY___ ═
2024-12-03 09:40:07,690 INFO     ___FILE_ONLY___ ═
2024-12-03 09:40:07,690 INFO     ___FILE_ONLY___ ═
2024-12-03 09:40:07,690 INFO     ___FILE_ONLY___ ═
2024-12-03 09:40:07,691 INFO     ___FILE_ONLY___ ═
2024-12-03 09:40:07,691 INFO     ___FILE_ONLY___ ╝

2024-12-03 09:40:07,697 INFO     ___FILE_ONLY___ ╔════════════════════════════════════════════════════════════╗

2024-12-03 09:40:07,697 INFO     ___FILE_ONLY___ ╠═ Downloading: kubectl                                     ═╣

2024-12-03 09:40:07,697 INFO     ___FILE_ONLY___ ╚
2024-12-03 09:40:07,705 DEBUG    urllib3.connectionpool Starting new HTTPS connection (1): dl.google.com:443
2024-12-03 09:40:08,239 DEBUG    urllib3.connectionpool https://dl.google.com:443 "GET /dl/cloudsdk/channels/rapid/components/google-cloud-sdk-kubectl-20241004144944.tar.gz HTTP/1.1" 200 36206
2024-12-03 09:40:08,310 INFO     ___FILE_ONLY___ ═══════════════════════════
2024-12-03 09:40:08,310 INFO     ___FILE_ONLY___ ═══════════════════════════
2024-12-03 09:40:08,310 INFO     ___FILE_ONLY___ ══════
2024-12-03 09:40:08,311 INFO     ___FILE_ONLY___ ╝

2024-12-03 09:40:08,324 INFO     ___FILE_ONLY___ ╔════════════════════════════════════════════════════════════╗

2024-12-03 09:40:08,324 INFO     ___FILE_ONLY___ ╠═ Downloading: kubectl (Platform Specific)                 ═╣

2024-12-03 09:40:08,324 INFO     ___FILE_ONLY___ ╚
2024-12-03 09:40:08,329 DEBUG    urllib3.connectionpool Starting new HTTPS connection (1): dl.google.com:443
2024-12-03 09:40:08,867 DEBUG    urllib3.connectionpool https://dl.google.com:443 "GET /dl/cloudsdk/channels/rapid/components/google-cloud-sdk-kubectl-darwin-arm-20241108162203.tar.gz HTTP/1.1" 200 90277960
2024-12-03 09:40:16,714 INFO     ___FILE_ONLY___ ═
2024-12-03 09:40:16,715 INFO     ___FILE_ONLY___ ═
2024-12-03 09:40:16,715 INFO     ___FILE_ONLY___ ═
2024-12-03 09:40:16,716 INFO     ___FILE_ONLY___ ═
2024-12-03 09:40:16,716 INFO     ___FILE_ONLY___ ═
2024-12-03 09:40:16,717 INFO     ___FILE_ONLY___ ═
2024-12-03 09:40:16,718 INFO     ___FILE_ONLY___ ═
2024-12-03 09:40:16,718 INFO     ___FILE_ONLY___ ═
2024-12-03 09:40:16,719 INFO     ___FILE_ONLY___ ═
2024-12-03 09:40:16,720 INFO     ___FILE_ONLY___ ═
2024-12-03 09:40:16,720 INFO     ___FILE_ONLY___ ═
2024-12-03 09:40:16,721 INFO     ___FILE_ONLY___ ═
2024-12-03 09:40:16,722 INFO     ___FILE_ONLY___ ═
2024-12-03 09:40:16,722 INFO     ___FILE_ONLY___ ═
2024-12-03 09:40:16,723 INFO     ___FILE_ONLY___ ═
2024-12-03 09:40:16,723 INFO     ___FILE_ONLY___ ═
2024-12-03 09:40:16,724 INFO     ___FILE_ONLY___ ═
2024-12-03 09:40:16,725 INFO     ___FILE_ONLY___ ═
2024-12-03 09:40:16,725 INFO     ___FILE_ONLY___ ═
2024-12-03 09:40:16,726 INFO     ___FILE_ONLY___ ═
2024-12-03 09:40:16,726 INFO     ___FILE_ONLY___ ═
2024-12-03 09:40:16,727 INFO     ___FILE_ONLY___ ═
2024-12-03 09:40:16,728 INFO     ___FILE_ONLY___ ═
2024-12-03 09:40:16,728 INFO     ___FILE_ONLY___ ═
2024-12-03 09:40:16,729 INFO     ___FILE_ONLY___ ═
2024-12-03 09:40:16,730 INFO     ___FILE_ONLY___ ═
2024-12-03 09:40:16,730 INFO     ___FILE_ONLY___ ═
2024-12-03 09:40:16,731 INFO     ___FILE_ONLY___ ═
2024-12-03 09:40:16,732 INFO     ___FILE_ONLY___ ═
2024-12-03 09:40:16,732 INFO     ___FILE_ONLY___ ═
2024-12-03 09:40:16,733 INFO     ___FILE_ONLY___ ═
2024-12-03 09:40:16,733 INFO     ___FILE_ONLY___ ═
2024-12-03 09:40:16,734 INFO     ___FILE_ONLY___ ═
2024-12-03 09:40:16,735 INFO     ___FILE_ONLY___ ═
2024-12-03 09:40:16,736 INFO     ___FILE_ONLY___ ═
2024-12-03 09:40:16,736 INFO     ___FILE_ONLY___ ═
2024-12-03 09:40:16,737 INFO     ___FILE_ONLY___ ═
2024-12-03 09:40:16,737 INFO     ___FILE_ONLY___ ═
2024-12-03 09:40:16,738 INFO     ___FILE_ONLY___ ═
2024-12-03 09:40:16,739 INFO     ___FILE_ONLY___ ═
2024-12-03 09:40:16,739 INFO     ___FILE_ONLY___ ═
2024-12-03 09:40:16,740 INFO     ___FILE_ONLY___ ═
2024-12-03 09:40:16,740 INFO     ___FILE_ONLY___ ═
2024-12-03 09:40:16,741 INFO     ___FILE_ONLY___ ═
2024-12-03 09:40:16,742 INFO     ___FILE_ONLY___ ═
2024-12-03 09:40:16,742 INFO     ___FILE_ONLY___ ═
2024-12-03 09:40:16,743 INFO     ___FILE_ONLY___ ═
2024-12-03 09:40:16,743 INFO     ___FILE_ONLY___ ═
2024-12-03 09:40:16,744 INFO     ___FILE_ONLY___ ═
2024-12-03 09:40:16,745 INFO     ___FILE_ONLY___ ═
2024-12-03 09:40:16,745 INFO     ___FILE_ONLY___ ═
2024-12-03 09:40:16,746 INFO     ___FILE_ONLY___ ═
2024-12-03 09:40:16,747 INFO     ___FILE_ONLY___ ═
2024-12-03 09:40:16,747 INFO     ___FILE_ONLY___ ═
2024-12-03 09:40:16,748 INFO     ___FILE_ONLY___ ═
2024-12-03 09:40:16,748 INFO     ___FILE_ONLY___ ═
2024-12-03 09:40:16,749 INFO     ___FILE_ONLY___ ═
2024-12-03 09:40:16,750 INFO     ___FILE_ONLY___ ═
2024-12-03 09:40:16,750 INFO     ___FILE_ONLY___ ═
2024-12-03 09:40:16,751 INFO     ___FILE_ONLY___ ═
2024-12-03 09:40:16,751 INFO     ___FILE_ONLY___ ╝

2024-12-03 09:40:16,760 INFO     ___FILE_ONLY___ ╔════════════════════════════════════════════════════════════╗

2024-12-03 09:40:16,760 INFO     ___FILE_ONLY___ ╠═ Installing: Google Cloud CLI Core Libraries (Platform... ═╣

2024-12-03 09:40:16,760 INFO     ___FILE_ONLY___ ╚
2024-12-03 09:40:16,764 INFO     ___FILE_ONLY___ ══════════════════════════════
2024-12-03 09:40:16,765 INFO     ___FILE_ONLY___ ══════════════════════════════
2024-12-03 09:40:16,765 INFO     ___FILE_ONLY___ ╝

2024-12-03 09:40:16,778 INFO     ___FILE_ONLY___ ╔════════════════════════════════════════════════════════════╗

2024-12-03 09:40:16,778 INFO     ___FILE_ONLY___ ╠═ Installing: Minikube                                     ═╣

2024-12-03 09:40:16,778 INFO     ___FILE_ONLY___ ╚
2024-12-03 09:40:16,781 INFO     ___FILE_ONLY___ ════════════════════════════════════════════════════════════
2024-12-03 09:40:16,781 INFO     ___FILE_ONLY___ ╝

2024-12-03 09:40:16,787 INFO     ___FILE_ONLY___ ╔════════════════════════════════════════════════════════════╗

2024-12-03 09:40:16,787 INFO     ___FILE_ONLY___ ╠═ Installing: Minikube (Platform Specific)                 ═╣

2024-12-03 09:40:16,787 INFO     ___FILE_ONLY___ ╚
2024-12-03 09:40:17,141 INFO     ___FILE_ONLY___ ════════════════════════════════════════════════════════════
2024-12-03 09:40:17,141 INFO     ___FILE_ONLY___ ╝

2024-12-03 09:40:17,150 INFO     ___FILE_ONLY___ ╔════════════════════════════════════════════════════════════╗

2024-12-03 09:40:17,150 INFO     ___FILE_ONLY___ ╠═ Installing: Skaffold                                     ═╣

2024-12-03 09:40:17,150 INFO     ___FILE_ONLY___ ╚
2024-12-03 09:40:17,152 INFO     ___FILE_ONLY___ ════════════════════════════════════════════════════════════
2024-12-03 09:40:17,152 INFO     ___FILE_ONLY___ ╝

2024-12-03 09:40:17,158 INFO     ___FILE_ONLY___ ╔════════════════════════════════════════════════════════════╗

2024-12-03 09:40:17,158 INFO     ___FILE_ONLY___ ╠═ Installing: Skaffold (Platform Specific)                 ═╣

2024-12-03 09:40:17,158 INFO     ___FILE_ONLY___ ╚
2024-12-03 09:40:17,456 INFO     ___FILE_ONLY___ ════════════════════════════════════════════════════════════
2024-12-03 09:40:17,457 INFO     ___FILE_ONLY___ ╝

2024-12-03 09:40:17,465 INFO     ___FILE_ONLY___ ╔════════════════════════════════════════════════════════════╗

2024-12-03 09:40:17,465 INFO     ___FILE_ONLY___ ╠═ Installing: gcloud Alpha Commands                        ═╣

2024-12-03 09:40:17,465 INFO     ___FILE_ONLY___ ╚
2024-12-03 09:40:17,467 INFO     ___FILE_ONLY___ ════════════════════════════════════════════════════════════
2024-12-03 09:40:17,467 INFO     ___FILE_ONLY___ ╝

2024-12-03 09:40:17,475 INFO     ___FILE_ONLY___ ╔════════════════════════════════════════════════════════════╗

2024-12-03 09:40:17,475 INFO     ___FILE_ONLY___ ╠═ Installing: gcloud Beta Commands                         ═╣

2024-12-03 09:40:17,475 INFO     ___FILE_ONLY___ ╚
2024-12-03 09:40:17,477 INFO     ___FILE_ONLY___ ════════════════════════════════════════════════════════════
2024-12-03 09:40:17,477 INFO     ___FILE_ONLY___ ╝

2024-12-03 09:40:17,485 INFO     ___FILE_ONLY___ ╔════════════════════════════════════════════════════════════╗

2024-12-03 09:40:17,485 INFO     ___FILE_ONLY___ ╠═ Installing: gcloud cli dependencies (Platform Specific)  ═╣

2024-12-03 09:40:17,485 INFO     ___FILE_ONLY___ ╚
2024-12-03 09:40:17,487 INFO     ___FILE_ONLY___ ════════════════════════════════════════════════════════════
2024-12-03 09:40:17,487 INFO     ___FILE_ONLY___ ╝

2024-12-03 09:40:17,494 INFO     ___FILE_ONLY___ ╔════════════════════════════════════════════════════════════╗

2024-12-03 09:40:17,494 INFO     ___FILE_ONLY___ ╠═ Installing: gke-gcloud-auth-plugin                       ═╣

2024-12-03 09:40:17,494 INFO     ___FILE_ONLY___ ╚
2024-12-03 09:40:17,496 INFO     ___FILE_ONLY___ ════════════════════════════════════════════════════════════
2024-12-03 09:40:17,496 INFO     ___FILE_ONLY___ ╝

2024-12-03 09:40:17,500 INFO     ___FILE_ONLY___ ╔════════════════════════════════════════════════════════════╗

2024-12-03 09:40:17,501 INFO     ___FILE_ONLY___ ╠═ Installing: gke-gcloud-auth-plugin (Platform Specific)   ═╣

2024-12-03 09:40:17,501 INFO     ___FILE_ONLY___ ╚
2024-12-03 09:40:17,551 INFO     ___FILE_ONLY___ ════════════════════════════════════════════════════════════
2024-12-03 09:40:17,551 INFO     ___FILE_ONLY___ ╝

2024-12-03 09:40:17,559 INFO     ___FILE_ONLY___ ╔════════════════════════════════════════════════════════════╗

2024-12-03 09:40:17,560 INFO     ___FILE_ONLY___ ╠═ Installing: kubectl                                      ═╣

2024-12-03 09:40:17,560 INFO     ___FILE_ONLY___ ╚
2024-12-03 09:40:17,563 INFO     ___FILE_ONLY___ ════════════════════════════════════════════════════════════
2024-12-03 09:40:17,563 INFO     ___FILE_ONLY___ ╝

2024-12-03 09:40:17,570 INFO     ___FILE_ONLY___ ╔════════════════════════════════════════════════════════════╗

2024-12-03 09:40:17,571 INFO     ___FILE_ONLY___ ╠═ Installing: kubectl (Platform Specific)                  ═╣

2024-12-03 09:40:17,571 INFO     ___FILE_ONLY___ ╚
2024-12-03 09:40:18,122 INFO     ___FILE_ONLY___ ══════════
2024-12-03 09:40:18,224 INFO     ___FILE_ONLY___ ══════════
2024-12-03 09:40:18,327 INFO     ___FILE_ONLY___ ══════════
2024-12-03 09:40:18,437 INFO     ___FILE_ONLY___ ══════════
2024-12-03 09:40:18,541 INFO     ___FILE_ONLY___ ══════════
2024-12-03 09:40:18,651 INFO     ___FILE_ONLY___ ══════════
2024-12-03 09:40:18,651 INFO     ___FILE_ONLY___ ╝

2024-12-03 09:40:18,676 DEBUG    root            Updating notification cache...
2024-12-03 09:40:18,677 INFO     ___FILE_ONLY___ 

2024-12-03 09:40:18,683 INFO     ___FILE_ONLY___ Performing post processing steps...
2024-12-03 09:40:18,684 DEBUG    root            Executing command: ['/Users/wbrunson/Library/Application Support/cloud-code/installer/google-cloud-sdk/bin/gcloud', 'components', 'post-process', '--no-compile-python']
2024-12-03 09:40:19,235 DEBUG    ___FILE_ONLY___ 
2024-12-03 09:40:19,236 DEBUG    ___FILE_ONLY___ 
2024-12-03 09:40:19,454 INFO     ___FILE_ONLY___ 
Update done!


2024-12-03 09:40:19,456 DEBUG    root            Chosen display Format:none
2024-12-03 09:40:19,457 INFO     root            Display format: "none"
2024-12-03 09:40:19,461 DEBUG    root            Executing command: ['curl', '--silent', '-O', 'https://dl.google.com/dl/cloudsdk/channels/rapid/python-3.11.6-macos11.tar.gz']
2024-12-03 09:40:26,171 DEBUG    root            Executing command: ['tar', '-xf', 'python-3.11.6-macos11.tar.gz']
2024-12-03 09:40:26,230 DEBUG    root            Executing command: ['sudo', 'installer', '-target', '/', '-pkg', './python-3.11.6-macos11.pkg']
