2024-12-03 10:34:25,205 DEBUG    root            Metrics collector initialized...
2024-12-03 10:34:25,207 DEBUG    root            Loaded Command Group: ['gcloud', 'components']
2024-12-03 10:34:25,214 DEBUG    root            Loaded Command Group: ['gcloud', 'components', 'update']
2024-12-03 10:34:25,215 DEBUG    root            Running [gcloud.components.update] with arguments: [--no-compile-python: "False", --quiet: "True", COMPONENT-IDS:6: "['alpha', 'beta', 'gke-gcloud-auth-plugin', 'kubectl', 'skaffold', 'minikube']"]
2024-12-03 10:34:25,215 INFO     ___FILE_ONLY___ Beginning update. This process may take several minutes.

2024-12-03 10:34:25,229 DEBUG    urllib3.connectionpool Starting new HTTPS connection (1): dl.google.com:443
2024-12-03 10:34:25,992 DEBUG    urllib3.connectionpool https://dl.google.com:443 "GET /dl/cloudsdk/channels/rapid/components-2.json HTTP/1.1" 200 227816
2024-12-03 10:34:26,232 INFO     ___FILE_ONLY___ 

2024-12-03 10:34:26,233 INFO     ___FILE_ONLY___ 
Your current Google Cloud CLI version is: 502.0.0

2024-12-03 10:34:26,233 INFO     ___FILE_ONLY___ Installing components from version: 502.0.0

2024-12-03 10:34:26,233 INFO     ___FILE_ONLY___ 

2024-12-03 10:34:26,233 DEBUG    root            Chosen display Format:table[box,title="These components will be removed."](details.display_name:label=Name:align=left,version.version_string:label=Version:align=right,data.size.size(zero="",min=1048576):label=Size:align=right)
2024-12-03 10:34:26,233 DEBUG    root            Chosen display Format:table[box,title="These components will be updated."](details.display_name:label=Name:align=left,version.version_string:label=Version:align=right,data.size.size(zero="",min=1048576):label=Size:align=right)
2024-12-03 10:34:26,234 DEBUG    root            Chosen display Format:table[box,title="These components will be installed."](details.display_name:label=Name:align=left,version.version_string:label=Version:align=right,data.size.size(zero="",min=1048576):label=Size:align=right)
2024-12-03 10:34:26,308 INFO     ___FILE_ONLY___ ┌─────────────────────────────────────────────────────────────────────────────┐
2024-12-03 10:34:26,308 INFO     ___FILE_ONLY___ 

2024-12-03 10:34:26,308 INFO     ___FILE_ONLY___ │                     These components will be installed.                     │
2024-12-03 10:34:26,309 INFO     ___FILE_ONLY___ 

2024-12-03 10:34:26,309 INFO     ___FILE_ONLY___ ├─────────────────────────────────────────────────────┬────────────┬──────────┤
2024-12-03 10:34:26,309 INFO     ___FILE_ONLY___ 

2024-12-03 10:34:26,309 INFO     ___FILE_ONLY___ │                         Name                        │  Version   │   Size   │
2024-12-03 10:34:26,309 INFO     ___FILE_ONLY___ 

2024-12-03 10:34:26,309 INFO     ___FILE_ONLY___ ├─────────────────────────────────────────────────────┼────────────┼──────────┤
2024-12-03 10:34:26,309 INFO     ___FILE_ONLY___ 

2024-12-03 10:34:26,309 INFO     ___FILE_ONLY___ │ 
2024-12-03 10:34:26,309 INFO     ___FILE_ONLY___ Google Cloud CLI Core Libraries (Platform Specific)
2024-12-03 10:34:26,309 INFO     ___FILE_ONLY___  
2024-12-03 10:34:26,309 INFO     ___FILE_ONLY___ │ 
2024-12-03 10:34:26,309 INFO     ___FILE_ONLY___ 2024.08.30
2024-12-03 10:34:26,309 INFO     ___FILE_ONLY___  
2024-12-03 10:34:26,309 INFO     ___FILE_ONLY___ │ 
2024-12-03 10:34:26,309 INFO     ___FILE_ONLY___  < 1 MiB
2024-12-03 10:34:26,310 INFO     ___FILE_ONLY___  
2024-12-03 10:34:26,310 INFO     ___FILE_ONLY___ │
2024-12-03 10:34:26,310 INFO     ___FILE_ONLY___ 

2024-12-03 10:34:26,310 INFO     ___FILE_ONLY___ │ 
2024-12-03 10:34:26,310 INFO     ___FILE_ONLY___ Minikube (Platform Specific)                       
2024-12-03 10:34:26,310 INFO     ___FILE_ONLY___  
2024-12-03 10:34:26,310 INFO     ___FILE_ONLY___ │ 
2024-12-03 10:34:26,310 INFO     ___FILE_ONLY___     1.34.0
2024-12-03 10:34:26,310 INFO     ___FILE_ONLY___  
2024-12-03 10:34:26,310 INFO     ___FILE_ONLY___ │ 
2024-12-03 10:34:26,310 INFO     ___FILE_ONLY___ 37.2 MiB
2024-12-03 10:34:26,310 INFO     ___FILE_ONLY___  
2024-12-03 10:34:26,310 INFO     ___FILE_ONLY___ │
2024-12-03 10:34:26,311 INFO     ___FILE_ONLY___ 

2024-12-03 10:34:26,311 INFO     ___FILE_ONLY___ │ 
2024-12-03 10:34:26,311 INFO     ___FILE_ONLY___ Skaffold (Platform Specific)                       
2024-12-03 10:34:26,311 INFO     ___FILE_ONLY___  
2024-12-03 10:34:26,311 INFO     ___FILE_ONLY___ │ 
2024-12-03 10:34:26,311 INFO     ___FILE_ONLY___     2.13.1
2024-12-03 10:34:26,311 INFO     ___FILE_ONLY___  
2024-12-03 10:34:26,311 INFO     ___FILE_ONLY___ │ 
2024-12-03 10:34:26,311 INFO     ___FILE_ONLY___ 22.9 MiB
2024-12-03 10:34:26,311 INFO     ___FILE_ONLY___  
2024-12-03 10:34:26,311 INFO     ___FILE_ONLY___ │
2024-12-03 10:34:26,311 INFO     ___FILE_ONLY___ 

2024-12-03 10:34:26,311 INFO     ___FILE_ONLY___ │ 
2024-12-03 10:34:26,311 INFO     ___FILE_ONLY___ gcloud Alpha Commands                              
2024-12-03 10:34:26,312 INFO     ___FILE_ONLY___  
2024-12-03 10:34:26,312 INFO     ___FILE_ONLY___ │ 
2024-12-03 10:34:26,312 INFO     ___FILE_ONLY___ 2024.11.15
2024-12-03 10:34:26,312 INFO     ___FILE_ONLY___  
2024-12-03 10:34:26,312 INFO     ___FILE_ONLY___ │ 
2024-12-03 10:34:26,312 INFO     ___FILE_ONLY___  < 1 MiB
2024-12-03 10:34:26,312 INFO     ___FILE_ONLY___  
2024-12-03 10:34:26,312 INFO     ___FILE_ONLY___ │
2024-12-03 10:34:26,312 INFO     ___FILE_ONLY___ 

2024-12-03 10:34:26,312 INFO     ___FILE_ONLY___ │ 
2024-12-03 10:34:26,312 INFO     ___FILE_ONLY___ gcloud Beta Commands                               
2024-12-03 10:34:26,312 INFO     ___FILE_ONLY___  
2024-12-03 10:34:26,312 INFO     ___FILE_ONLY___ │ 
2024-12-03 10:34:26,312 INFO     ___FILE_ONLY___ 2024.11.15
2024-12-03 10:34:26,312 INFO     ___FILE_ONLY___  
2024-12-03 10:34:26,312 INFO     ___FILE_ONLY___ │ 
2024-12-03 10:34:26,312 INFO     ___FILE_ONLY___  < 1 MiB
2024-12-03 10:34:26,312 INFO     ___FILE_ONLY___  
2024-12-03 10:34:26,312 INFO     ___FILE_ONLY___ │
2024-12-03 10:34:26,312 INFO     ___FILE_ONLY___ 

2024-12-03 10:34:26,312 INFO     ___FILE_ONLY___ │ 
2024-12-03 10:34:26,312 INFO     ___FILE_ONLY___ gcloud cli dependencies (Platform Specific)        
2024-12-03 10:34:26,312 INFO     ___FILE_ONLY___  
2024-12-03 10:34:26,313 INFO     ___FILE_ONLY___ │ 
2024-12-03 10:34:26,313 INFO     ___FILE_ONLY___ 2021.04.16
2024-12-03 10:34:26,313 INFO     ___FILE_ONLY___  
2024-12-03 10:34:26,313 INFO     ___FILE_ONLY___ │ 
2024-12-03 10:34:26,313 INFO     ___FILE_ONLY___  < 1 MiB
2024-12-03 10:34:26,313 INFO     ___FILE_ONLY___  
2024-12-03 10:34:26,313 INFO     ___FILE_ONLY___ │
2024-12-03 10:34:26,313 INFO     ___FILE_ONLY___ 

2024-12-03 10:34:26,313 INFO     ___FILE_ONLY___ │ 
2024-12-03 10:34:26,313 INFO     ___FILE_ONLY___ gke-gcloud-auth-plugin (Platform Specific)         
2024-12-03 10:34:26,313 INFO     ___FILE_ONLY___  
2024-12-03 10:34:26,313 INFO     ___FILE_ONLY___ │ 
2024-12-03 10:34:26,313 INFO     ___FILE_ONLY___      0.5.9
2024-12-03 10:34:26,313 INFO     ___FILE_ONLY___  
2024-12-03 10:34:26,313 INFO     ___FILE_ONLY___ │ 
2024-12-03 10:34:26,313 INFO     ___FILE_ONLY___  4.0 MiB
2024-12-03 10:34:26,313 INFO     ___FILE_ONLY___  
2024-12-03 10:34:26,313 INFO     ___FILE_ONLY___ │
2024-12-03 10:34:26,313 INFO     ___FILE_ONLY___ 

2024-12-03 10:34:26,313 INFO     ___FILE_ONLY___ │ 
2024-12-03 10:34:26,313 INFO     ___FILE_ONLY___ kubectl                                            
2024-12-03 10:34:26,313 INFO     ___FILE_ONLY___  
2024-12-03 10:34:26,313 INFO     ___FILE_ONLY___ │ 
2024-12-03 10:34:26,313 INFO     ___FILE_ONLY___     1.30.5
2024-12-03 10:34:26,313 INFO     ___FILE_ONLY___  
2024-12-03 10:34:26,313 INFO     ___FILE_ONLY___ │ 
2024-12-03 10:34:26,313 INFO     ___FILE_ONLY___  < 1 MiB
2024-12-03 10:34:26,313 INFO     ___FILE_ONLY___  
2024-12-03 10:34:26,313 INFO     ___FILE_ONLY___ │
2024-12-03 10:34:26,313 INFO     ___FILE_ONLY___ 

2024-12-03 10:34:26,313 INFO     ___FILE_ONLY___ │ 
2024-12-03 10:34:26,313 INFO     ___FILE_ONLY___ kubectl (Platform Specific)                        
2024-12-03 10:34:26,313 INFO     ___FILE_ONLY___  
2024-12-03 10:34:26,313 INFO     ___FILE_ONLY___ │ 
2024-12-03 10:34:26,313 INFO     ___FILE_ONLY___     1.30.6
2024-12-03 10:34:26,313 INFO     ___FILE_ONLY___  
2024-12-03 10:34:26,313 INFO     ___FILE_ONLY___ │ 
2024-12-03 10:34:26,313 INFO     ___FILE_ONLY___ 86.1 MiB
2024-12-03 10:34:26,313 INFO     ___FILE_ONLY___  
2024-12-03 10:34:26,313 INFO     ___FILE_ONLY___ │
2024-12-03 10:34:26,314 INFO     ___FILE_ONLY___ 

2024-12-03 10:34:26,314 INFO     ___FILE_ONLY___ └─────────────────────────────────────────────────────┴────────────┴──────────┘
2024-12-03 10:34:26,314 INFO     ___FILE_ONLY___ 

2024-12-03 10:34:26,314 INFO     ___FILE_ONLY___ 

2024-12-03 10:34:26,315 DEBUG    urllib3.connectionpool Starting new HTTPS connection (1): dl.google.com:443
2024-12-03 10:34:26,851 DEBUG    urllib3.connectionpool https://dl.google.com:443 "GET /dl/cloudsdk/channels/rapid/RELEASE_NOTES HTTP/1.1" 200 1314602
2024-12-03 10:34:27,450 INFO     ___FILE_ONLY___ For the latest full release notes, please visit:
  https://cloud.google.com/sdk/release_notes


2024-12-03 10:34:27,450 INFO     ___FILE_ONLY___ Performing in place update...


2024-12-03 10:34:27,454 INFO     ___FILE_ONLY___ ╔════════════════════════════════════════════════════════════╗

2024-12-03 10:34:27,454 INFO     ___FILE_ONLY___ ╠═ Downloading: Google Cloud CLI Core Libraries (Platfor... ═╣

2024-12-03 10:34:27,455 INFO     ___FILE_ONLY___ ╚
2024-12-03 10:34:27,457 DEBUG    urllib3.connectionpool Starting new HTTPS connection (1): dl.google.com:443
2024-12-03 10:34:27,988 DEBUG    urllib3.connectionpool https://dl.google.com:443 "GET /dl/cloudsdk/channels/rapid/components/google-cloud-sdk-core-nix-20240830134514.tar.gz HTTP/1.1" 200 2306
2024-12-03 10:34:27,990 INFO     ___FILE_ONLY___ ════════════════════════════════════════════════════════════
2024-12-03 10:34:27,990 INFO     ___FILE_ONLY___ ╝

2024-12-03 10:34:28,001 INFO     ___FILE_ONLY___ ╔════════════════════════════════════════════════════════════╗

2024-12-03 10:34:28,001 INFO     ___FILE_ONLY___ ╠═ Downloading: Minikube                                    ═╣

2024-12-03 10:34:28,001 INFO     ___FILE_ONLY___ ╚
2024-12-03 10:34:28,001 INFO     ___FILE_ONLY___ ════════════════════════════════════════════════════════════
2024-12-03 10:34:28,001 INFO     ___FILE_ONLY___ ╝

2024-12-03 10:34:28,011 INFO     ___FILE_ONLY___ ╔════════════════════════════════════════════════════════════╗

2024-12-03 10:34:28,011 INFO     ___FILE_ONLY___ ╠═ Downloading: Minikube (Platform Specific)                ═╣

2024-12-03 10:34:28,011 INFO     ___FILE_ONLY___ ╚
2024-12-03 10:34:28,014 DEBUG    urllib3.connectionpool Starting new HTTPS connection (1): dl.google.com:443
2024-12-03 10:34:28,578 DEBUG    urllib3.connectionpool https://dl.google.com:443 "GET /dl/cloudsdk/channels/rapid/components/google-cloud-sdk-minikube-darwin-arm-20240927140238.tar.gz HTTP/1.1" 200 38981244
2024-12-03 10:34:33,466 INFO     ___FILE_ONLY___ ═
2024-12-03 10:34:33,466 INFO     ___FILE_ONLY___ ═
2024-12-03 10:34:33,466 INFO     ___FILE_ONLY___ ═
2024-12-03 10:34:33,466 INFO     ___FILE_ONLY___ ═
2024-12-03 10:34:33,467 INFO     ___FILE_ONLY___ ═
2024-12-03 10:34:33,467 INFO     ___FILE_ONLY___ ═
2024-12-03 10:34:33,467 INFO     ___FILE_ONLY___ ═
2024-12-03 10:34:33,468 INFO     ___FILE_ONLY___ ═
2024-12-03 10:34:33,468 INFO     ___FILE_ONLY___ ═
2024-12-03 10:34:33,468 INFO     ___FILE_ONLY___ ═
2024-12-03 10:34:33,468 INFO     ___FILE_ONLY___ ═
2024-12-03 10:34:33,469 INFO     ___FILE_ONLY___ ═
2024-12-03 10:34:33,469 INFO     ___FILE_ONLY___ ═
2024-12-03 10:34:33,469 INFO     ___FILE_ONLY___ ═
2024-12-03 10:34:33,470 INFO     ___FILE_ONLY___ ═
2024-12-03 10:34:33,470 INFO     ___FILE_ONLY___ ═
2024-12-03 10:34:33,470 INFO     ___FILE_ONLY___ ═
2024-12-03 10:34:33,471 INFO     ___FILE_ONLY___ ═
2024-12-03 10:34:33,471 INFO     ___FILE_ONLY___ ═
2024-12-03 10:34:33,471 INFO     ___FILE_ONLY___ ═
2024-12-03 10:34:33,471 INFO     ___FILE_ONLY___ ═
2024-12-03 10:34:33,472 INFO     ___FILE_ONLY___ ═
2024-12-03 10:34:33,472 INFO     ___FILE_ONLY___ ═
2024-12-03 10:34:33,472 INFO     ___FILE_ONLY___ ═
2024-12-03 10:34:33,473 INFO     ___FILE_ONLY___ ═
2024-12-03 10:34:33,473 INFO     ___FILE_ONLY___ ═
2024-12-03 10:34:33,474 INFO     ___FILE_ONLY___ ═
2024-12-03 10:34:33,474 INFO     ___FILE_ONLY___ ═
2024-12-03 10:34:33,474 INFO     ___FILE_ONLY___ ═
2024-12-03 10:34:33,474 INFO     ___FILE_ONLY___ ═
2024-12-03 10:34:33,475 INFO     ___FILE_ONLY___ ═
2024-12-03 10:34:33,475 INFO     ___FILE_ONLY___ ═
2024-12-03 10:34:33,475 INFO     ___FILE_ONLY___ ═
2024-12-03 10:34:33,475 INFO     ___FILE_ONLY___ ═
2024-12-03 10:34:33,476 INFO     ___FILE_ONLY___ ═
2024-12-03 10:34:33,476 INFO     ___FILE_ONLY___ ═
2024-12-03 10:34:33,476 INFO     ___FILE_ONLY___ ═
2024-12-03 10:34:33,477 INFO     ___FILE_ONLY___ ═
2024-12-03 10:34:33,477 INFO     ___FILE_ONLY___ ═
2024-12-03 10:34:33,477 INFO     ___FILE_ONLY___ ═
2024-12-03 10:34:33,478 INFO     ___FILE_ONLY___ ═
2024-12-03 10:34:33,478 INFO     ___FILE_ONLY___ ═
2024-12-03 10:34:33,478 INFO     ___FILE_ONLY___ ═
2024-12-03 10:34:33,478 INFO     ___FILE_ONLY___ ═
2024-12-03 10:34:33,479 INFO     ___FILE_ONLY___ ═
2024-12-03 10:34:33,479 INFO     ___FILE_ONLY___ ═
2024-12-03 10:34:33,479 INFO     ___FILE_ONLY___ ═
2024-12-03 10:34:33,480 INFO     ___FILE_ONLY___ ═
2024-12-03 10:34:33,480 INFO     ___FILE_ONLY___ ═
2024-12-03 10:34:33,480 INFO     ___FILE_ONLY___ ═
2024-12-03 10:34:33,480 INFO     ___FILE_ONLY___ ═
2024-12-03 10:34:33,481 INFO     ___FILE_ONLY___ ═
2024-12-03 10:34:33,481 INFO     ___FILE_ONLY___ ═
2024-12-03 10:34:33,481 INFO     ___FILE_ONLY___ ═
2024-12-03 10:34:33,482 INFO     ___FILE_ONLY___ ═
2024-12-03 10:34:33,482 INFO     ___FILE_ONLY___ ═
2024-12-03 10:34:33,482 INFO     ___FILE_ONLY___ ═
2024-12-03 10:34:33,483 INFO     ___FILE_ONLY___ ═
2024-12-03 10:34:33,483 INFO     ___FILE_ONLY___ ═
2024-12-03 10:34:33,483 INFO     ___FILE_ONLY___ ═
2024-12-03 10:34:33,483 INFO     ___FILE_ONLY___ ╝

2024-12-03 10:34:33,488 INFO     ___FILE_ONLY___ ╔════════════════════════════════════════════════════════════╗

2024-12-03 10:34:33,489 INFO     ___FILE_ONLY___ ╠═ Downloading: Skaffold                                    ═╣

2024-12-03 10:34:33,489 INFO     ___FILE_ONLY___ ╚
2024-12-03 10:34:33,489 INFO     ___FILE_ONLY___ ════════════════════════════════════════════════════════════
2024-12-03 10:34:33,489 INFO     ___FILE_ONLY___ ╝

2024-12-03 10:34:33,493 INFO     ___FILE_ONLY___ ╔════════════════════════════════════════════════════════════╗

2024-12-03 10:34:33,493 INFO     ___FILE_ONLY___ ╠═ Downloading: Skaffold (Platform Specific)                ═╣

2024-12-03 10:34:33,493 INFO     ___FILE_ONLY___ ╚
2024-12-03 10:34:33,495 DEBUG    urllib3.connectionpool Starting new HTTPS connection (1): dl.google.com:443
2024-12-03 10:34:34,031 DEBUG    urllib3.connectionpool https://dl.google.com:443 "GET /dl/cloudsdk/channels/rapid/components/google-cloud-sdk-skaffold-darwin-arm-20240806142304.tar.gz HTTP/1.1" 200 24031362
2024-12-03 10:34:37,920 INFO     ___FILE_ONLY___ ═
2024-12-03 10:34:37,921 INFO     ___FILE_ONLY___ ═
2024-12-03 10:34:37,922 INFO     ___FILE_ONLY___ ═
2024-12-03 10:34:37,922 INFO     ___FILE_ONLY___ ═
2024-12-03 10:34:37,922 INFO     ___FILE_ONLY___ ═
2024-12-03 10:34:37,923 INFO     ___FILE_ONLY___ ═
2024-12-03 10:34:37,923 INFO     ___FILE_ONLY___ ═
2024-12-03 10:34:37,923 INFO     ___FILE_ONLY___ ═
2024-12-03 10:34:37,923 INFO     ___FILE_ONLY___ ═
2024-12-03 10:34:37,924 INFO     ___FILE_ONLY___ ═
2024-12-03 10:34:37,924 INFO     ___FILE_ONLY___ ═
2024-12-03 10:34:37,924 INFO     ___FILE_ONLY___ ═
2024-12-03 10:34:37,924 INFO     ___FILE_ONLY___ ═
2024-12-03 10:34:37,924 INFO     ___FILE_ONLY___ ═
2024-12-03 10:34:37,925 INFO     ___FILE_ONLY___ ═
2024-12-03 10:34:37,925 INFO     ___FILE_ONLY___ ═
2024-12-03 10:34:37,925 INFO     ___FILE_ONLY___ ═
2024-12-03 10:34:37,925 INFO     ___FILE_ONLY___ ═
2024-12-03 10:34:37,925 INFO     ___FILE_ONLY___ ═
2024-12-03 10:34:37,926 INFO     ___FILE_ONLY___ ═
2024-12-03 10:34:37,926 INFO     ___FILE_ONLY___ ═
2024-12-03 10:34:37,926 INFO     ___FILE_ONLY___ ═
2024-12-03 10:34:37,926 INFO     ___FILE_ONLY___ ═
2024-12-03 10:34:37,927 INFO     ___FILE_ONLY___ ═
2024-12-03 10:34:37,927 INFO     ___FILE_ONLY___ ═
2024-12-03 10:34:37,927 INFO     ___FILE_ONLY___ ═
2024-12-03 10:34:37,927 INFO     ___FILE_ONLY___ ═
2024-12-03 10:34:37,928 INFO     ___FILE_ONLY___ ═
2024-12-03 10:34:37,928 INFO     ___FILE_ONLY___ ═
2024-12-03 10:34:37,928 INFO     ___FILE_ONLY___ ═
2024-12-03 10:34:37,928 INFO     ___FILE_ONLY___ ═
2024-12-03 10:34:37,928 INFO     ___FILE_ONLY___ ═
2024-12-03 10:34:37,929 INFO     ___FILE_ONLY___ ═
2024-12-03 10:34:37,929 INFO     ___FILE_ONLY___ ═
2024-12-03 10:34:37,929 INFO     ___FILE_ONLY___ ═
2024-12-03 10:34:37,929 INFO     ___FILE_ONLY___ ═
2024-12-03 10:34:37,929 INFO     ___FILE_ONLY___ ═
2024-12-03 10:34:37,930 INFO     ___FILE_ONLY___ ═
2024-12-03 10:34:37,930 INFO     ___FILE_ONLY___ ═
2024-12-03 10:34:37,930 INFO     ___FILE_ONLY___ ═
2024-12-03 10:34:37,930 INFO     ___FILE_ONLY___ ═
2024-12-03 10:34:37,931 INFO     ___FILE_ONLY___ ═
2024-12-03 10:34:37,931 INFO     ___FILE_ONLY___ ═
2024-12-03 10:34:37,931 INFO     ___FILE_ONLY___ ═
2024-12-03 10:34:37,931 INFO     ___FILE_ONLY___ ═
2024-12-03 10:34:37,932 INFO     ___FILE_ONLY___ ═
2024-12-03 10:34:37,932 INFO     ___FILE_ONLY___ ═
2024-12-03 10:34:37,932 INFO     ___FILE_ONLY___ ═
2024-12-03 10:34:37,932 INFO     ___FILE_ONLY___ ═
2024-12-03 10:34:37,932 INFO     ___FILE_ONLY___ ═
2024-12-03 10:34:37,933 INFO     ___FILE_ONLY___ ═
2024-12-03 10:34:37,933 INFO     ___FILE_ONLY___ ═
2024-12-03 10:34:37,933 INFO     ___FILE_ONLY___ ═
2024-12-03 10:34:37,933 INFO     ___FILE_ONLY___ ═
2024-12-03 10:34:37,934 INFO     ___FILE_ONLY___ ═
2024-12-03 10:34:37,934 INFO     ___FILE_ONLY___ ═
2024-12-03 10:34:37,934 INFO     ___FILE_ONLY___ ═
2024-12-03 10:34:37,934 INFO     ___FILE_ONLY___ ═
2024-12-03 10:34:37,934 INFO     ___FILE_ONLY___ ═
2024-12-03 10:34:37,935 INFO     ___FILE_ONLY___ ═
2024-12-03 10:34:37,935 INFO     ___FILE_ONLY___ ╝

2024-12-03 10:34:37,941 INFO     ___FILE_ONLY___ ╔════════════════════════════════════════════════════════════╗

2024-12-03 10:34:37,941 INFO     ___FILE_ONLY___ ╠═ Downloading: gcloud Alpha Commands                       ═╣

2024-12-03 10:34:37,941 INFO     ___FILE_ONLY___ ╚
2024-12-03 10:34:37,943 DEBUG    urllib3.connectionpool Starting new HTTPS connection (1): dl.google.com:443
2024-12-03 10:34:38,475 DEBUG    urllib3.connectionpool https://dl.google.com:443 "GET /dl/cloudsdk/channels/rapid/components/google-cloud-sdk-alpha-20241115154308.tar.gz HTTP/1.1" 200 800
2024-12-03 10:34:38,477 INFO     ___FILE_ONLY___ ════════════════════════════════════════════════════════════
2024-12-03 10:34:38,477 INFO     ___FILE_ONLY___ ╝

2024-12-03 10:34:38,491 INFO     ___FILE_ONLY___ ╔════════════════════════════════════════════════════════════╗

2024-12-03 10:34:38,491 INFO     ___FILE_ONLY___ ╠═ Downloading: gcloud Beta Commands                        ═╣

2024-12-03 10:34:38,491 INFO     ___FILE_ONLY___ ╚
2024-12-03 10:34:38,497 DEBUG    urllib3.connectionpool Starting new HTTPS connection (1): dl.google.com:443
2024-12-03 10:34:39,044 DEBUG    urllib3.connectionpool https://dl.google.com:443 "GET /dl/cloudsdk/channels/rapid/components/google-cloud-sdk-beta-20241115154308.tar.gz HTTP/1.1" 200 797
2024-12-03 10:34:39,046 INFO     ___FILE_ONLY___ ════════════════════════════════════════════════════════════
2024-12-03 10:34:39,047 INFO     ___FILE_ONLY___ ╝

2024-12-03 10:34:39,060 INFO     ___FILE_ONLY___ ╔════════════════════════════════════════════════════════════╗

2024-12-03 10:34:39,060 INFO     ___FILE_ONLY___ ╠═ Downloading: gcloud cli dependencies (Platform Specific) ═╣

2024-12-03 10:34:39,061 INFO     ___FILE_ONLY___ ╚
2024-12-03 10:34:39,063 DEBUG    urllib3.connectionpool Starting new HTTPS connection (1): dl.google.com:443
2024-12-03 10:34:39,753 DEBUG    urllib3.connectionpool https://dl.google.com:443 "GET /dl/cloudsdk/channels/rapid/components/google-cloud-sdk-gcloud-deps-darwin-x86_64-20210416153011.tar.gz HTTP/1.1" 200 105
2024-12-03 10:34:39,756 INFO     ___FILE_ONLY___ ════════════════════════════════════════════════════════════
2024-12-03 10:34:39,756 INFO     ___FILE_ONLY___ ╝

2024-12-03 10:34:39,770 INFO     ___FILE_ONLY___ ╔════════════════════════════════════════════════════════════╗

2024-12-03 10:34:39,770 INFO     ___FILE_ONLY___ ╠═ Downloading: gke-gcloud-auth-plugin                      ═╣

2024-12-03 10:34:39,771 INFO     ___FILE_ONLY___ ╚
2024-12-03 10:34:39,771 INFO     ___FILE_ONLY___ ════════════════════════════════════════════════════════════
2024-12-03 10:34:39,771 INFO     ___FILE_ONLY___ ╝

2024-12-03 10:34:39,782 INFO     ___FILE_ONLY___ ╔════════════════════════════════════════════════════════════╗

2024-12-03 10:34:39,783 INFO     ___FILE_ONLY___ ╠═ Downloading: gke-gcloud-auth-plugin (Platform Specific)  ═╣

2024-12-03 10:34:39,783 INFO     ___FILE_ONLY___ ╚
2024-12-03 10:34:39,786 DEBUG    urllib3.connectionpool Starting new HTTPS connection (1): dl.google.com:443
2024-12-03 10:34:40,323 DEBUG    urllib3.connectionpool https://dl.google.com:443 "GET /dl/cloudsdk/channels/rapid/components/google-cloud-sdk-gke-gcloud-auth-plugin-darwin-arm-20240628141907.tar.gz HTTP/1.1" 200 4148014
2024-12-03 10:34:41,294 INFO     ___FILE_ONLY___ ═
2024-12-03 10:34:41,295 INFO     ___FILE_ONLY___ ═
2024-12-03 10:34:41,295 INFO     ___FILE_ONLY___ ═
2024-12-03 10:34:41,295 INFO     ___FILE_ONLY___ ═
2024-12-03 10:34:41,295 INFO     ___FILE_ONLY___ ═
2024-12-03 10:34:41,296 INFO     ___FILE_ONLY___ ═
2024-12-03 10:34:41,296 INFO     ___FILE_ONLY___ ═
2024-12-03 10:34:41,296 INFO     ___FILE_ONLY___ ═
2024-12-03 10:34:41,296 INFO     ___FILE_ONLY___ ═
2024-12-03 10:34:41,297 INFO     ___FILE_ONLY___ ═
2024-12-03 10:34:41,297 INFO     ___FILE_ONLY___ ═
2024-12-03 10:34:41,297 INFO     ___FILE_ONLY___ ═
2024-12-03 10:34:41,297 INFO     ___FILE_ONLY___ ═
2024-12-03 10:34:41,298 INFO     ___FILE_ONLY___ ═
2024-12-03 10:34:41,298 INFO     ___FILE_ONLY___ ═
2024-12-03 10:34:41,298 INFO     ___FILE_ONLY___ ═
2024-12-03 10:34:41,298 INFO     ___FILE_ONLY___ ═
2024-12-03 10:34:41,299 INFO     ___FILE_ONLY___ ═
2024-12-03 10:34:41,299 INFO     ___FILE_ONLY___ ═
2024-12-03 10:34:41,299 INFO     ___FILE_ONLY___ ═
2024-12-03 10:34:41,299 INFO     ___FILE_ONLY___ ═
2024-12-03 10:34:41,299 INFO     ___FILE_ONLY___ ═
2024-12-03 10:34:41,300 INFO     ___FILE_ONLY___ ═
2024-12-03 10:34:41,300 INFO     ___FILE_ONLY___ ═
2024-12-03 10:34:41,300 INFO     ___FILE_ONLY___ ═
2024-12-03 10:34:41,300 INFO     ___FILE_ONLY___ ═
2024-12-03 10:34:41,300 INFO     ___FILE_ONLY___ ═
2024-12-03 10:34:41,301 INFO     ___FILE_ONLY___ ═
2024-12-03 10:34:41,301 INFO     ___FILE_ONLY___ ═
2024-12-03 10:34:41,301 INFO     ___FILE_ONLY___ ═
2024-12-03 10:34:41,301 INFO     ___FILE_ONLY___ ═
2024-12-03 10:34:41,302 INFO     ___FILE_ONLY___ ═
2024-12-03 10:34:41,302 INFO     ___FILE_ONLY___ ═
2024-12-03 10:34:41,302 INFO     ___FILE_ONLY___ ═
2024-12-03 10:34:41,302 INFO     ___FILE_ONLY___ ═
2024-12-03 10:34:41,302 INFO     ___FILE_ONLY___ ═
2024-12-03 10:34:41,302 INFO     ___FILE_ONLY___ ═
2024-12-03 10:34:41,302 INFO     ___FILE_ONLY___ ═
2024-12-03 10:34:41,303 INFO     ___FILE_ONLY___ ═
2024-12-03 10:34:41,303 INFO     ___FILE_ONLY___ ═
2024-12-03 10:34:41,303 INFO     ___FILE_ONLY___ ═
2024-12-03 10:34:41,303 INFO     ___FILE_ONLY___ ═
2024-12-03 10:34:41,303 INFO     ___FILE_ONLY___ ═
2024-12-03 10:34:41,303 INFO     ___FILE_ONLY___ ═
2024-12-03 10:34:41,303 INFO     ___FILE_ONLY___ ═
2024-12-03 10:34:41,303 INFO     ___FILE_ONLY___ ═
2024-12-03 10:34:41,303 INFO     ___FILE_ONLY___ ═
2024-12-03 10:34:41,303 INFO     ___FILE_ONLY___ ═
2024-12-03 10:34:41,303 INFO     ___FILE_ONLY___ ═
2024-12-03 10:34:41,303 INFO     ___FILE_ONLY___ ═
2024-12-03 10:34:41,303 INFO     ___FILE_ONLY___ ═
2024-12-03 10:34:41,303 INFO     ___FILE_ONLY___ ═
2024-12-03 10:34:41,303 INFO     ___FILE_ONLY___ ═
2024-12-03 10:34:41,303 INFO     ___FILE_ONLY___ ═
2024-12-03 10:34:41,304 INFO     ___FILE_ONLY___ ═
2024-12-03 10:34:41,304 INFO     ___FILE_ONLY___ ═
2024-12-03 10:34:41,304 INFO     ___FILE_ONLY___ ═
2024-12-03 10:34:41,304 INFO     ___FILE_ONLY___ ═
2024-12-03 10:34:41,304 INFO     ___FILE_ONLY___ ═
2024-12-03 10:34:41,304 INFO     ___FILE_ONLY___ ═
2024-12-03 10:34:41,304 INFO     ___FILE_ONLY___ ╝

2024-12-03 10:34:41,309 INFO     ___FILE_ONLY___ ╔════════════════════════════════════════════════════════════╗

2024-12-03 10:34:41,310 INFO     ___FILE_ONLY___ ╠═ Downloading: kubectl                                     ═╣

2024-12-03 10:34:41,310 INFO     ___FILE_ONLY___ ╚
2024-12-03 10:34:41,316 DEBUG    urllib3.connectionpool Starting new HTTPS connection (1): dl.google.com:443
2024-12-03 10:34:41,845 DEBUG    urllib3.connectionpool https://dl.google.com:443 "GET /dl/cloudsdk/channels/rapid/components/google-cloud-sdk-kubectl-20241004144944.tar.gz HTTP/1.1" 200 36206
2024-12-03 10:34:41,919 INFO     ___FILE_ONLY___ ═══════════════════════════
2024-12-03 10:34:41,920 INFO     ___FILE_ONLY___ ═══════════════════════════
2024-12-03 10:34:41,920 INFO     ___FILE_ONLY___ ══════
2024-12-03 10:34:41,920 INFO     ___FILE_ONLY___ ╝

2024-12-03 10:34:41,930 INFO     ___FILE_ONLY___ ╔════════════════════════════════════════════════════════════╗

2024-12-03 10:34:41,930 INFO     ___FILE_ONLY___ ╠═ Downloading: kubectl (Platform Specific)                 ═╣

2024-12-03 10:34:41,930 INFO     ___FILE_ONLY___ ╚
2024-12-03 10:34:41,932 DEBUG    urllib3.connectionpool Starting new HTTPS connection (1): dl.google.com:443
2024-12-03 10:34:42,464 DEBUG    urllib3.connectionpool https://dl.google.com:443 "GET /dl/cloudsdk/channels/rapid/components/google-cloud-sdk-kubectl-darwin-arm-20241108162203.tar.gz HTTP/1.1" 200 90277960
2024-12-03 10:34:50,452 INFO     ___FILE_ONLY___ ═
2024-12-03 10:34:50,453 INFO     ___FILE_ONLY___ ═
2024-12-03 10:34:50,454 INFO     ___FILE_ONLY___ ═
2024-12-03 10:34:50,454 INFO     ___FILE_ONLY___ ═
2024-12-03 10:34:50,455 INFO     ___FILE_ONLY___ ═
2024-12-03 10:34:50,455 INFO     ___FILE_ONLY___ ═
2024-12-03 10:34:50,456 INFO     ___FILE_ONLY___ ═
2024-12-03 10:34:50,457 INFO     ___FILE_ONLY___ ═
2024-12-03 10:34:50,457 INFO     ___FILE_ONLY___ ═
2024-12-03 10:34:50,458 INFO     ___FILE_ONLY___ ═
2024-12-03 10:34:50,458 INFO     ___FILE_ONLY___ ═
2024-12-03 10:34:50,459 INFO     ___FILE_ONLY___ ═
2024-12-03 10:34:50,460 INFO     ___FILE_ONLY___ ═
2024-12-03 10:34:50,460 INFO     ___FILE_ONLY___ ═
2024-12-03 10:34:50,461 INFO     ___FILE_ONLY___ ═
2024-12-03 10:34:50,462 INFO     ___FILE_ONLY___ ═
2024-12-03 10:34:50,462 INFO     ___FILE_ONLY___ ═
2024-12-03 10:34:50,463 INFO     ___FILE_ONLY___ ═
2024-12-03 10:34:50,463 INFO     ___FILE_ONLY___ ═
2024-12-03 10:34:50,464 INFO     ___FILE_ONLY___ ═
2024-12-03 10:34:50,465 INFO     ___FILE_ONLY___ ═
2024-12-03 10:34:50,465 INFO     ___FILE_ONLY___ ═
2024-12-03 10:34:50,466 INFO     ___FILE_ONLY___ ═
2024-12-03 10:34:50,467 INFO     ___FILE_ONLY___ ═
2024-12-03 10:34:50,467 INFO     ___FILE_ONLY___ ═
2024-12-03 10:34:50,468 INFO     ___FILE_ONLY___ ═
2024-12-03 10:34:50,468 INFO     ___FILE_ONLY___ ═
2024-12-03 10:34:50,469 INFO     ___FILE_ONLY___ ═
2024-12-03 10:34:50,470 INFO     ___FILE_ONLY___ ═
2024-12-03 10:34:50,470 INFO     ___FILE_ONLY___ ═
2024-12-03 10:34:50,471 INFO     ___FILE_ONLY___ ═
2024-12-03 10:34:50,472 INFO     ___FILE_ONLY___ ═
2024-12-03 10:34:50,472 INFO     ___FILE_ONLY___ ═
2024-12-03 10:34:50,473 INFO     ___FILE_ONLY___ ═
2024-12-03 10:34:50,473 INFO     ___FILE_ONLY___ ═
2024-12-03 10:34:50,474 INFO     ___FILE_ONLY___ ═
2024-12-03 10:34:50,475 INFO     ___FILE_ONLY___ ═
2024-12-03 10:34:50,475 INFO     ___FILE_ONLY___ ═
2024-12-03 10:34:50,476 INFO     ___FILE_ONLY___ ═
2024-12-03 10:34:50,476 INFO     ___FILE_ONLY___ ═
2024-12-03 10:34:50,477 INFO     ___FILE_ONLY___ ═
2024-12-03 10:34:50,478 INFO     ___FILE_ONLY___ ═
2024-12-03 10:34:50,478 INFO     ___FILE_ONLY___ ═
2024-12-03 10:34:50,479 INFO     ___FILE_ONLY___ ═
2024-12-03 10:34:50,479 INFO     ___FILE_ONLY___ ═
2024-12-03 10:34:50,480 INFO     ___FILE_ONLY___ ═
2024-12-03 10:34:50,480 INFO     ___FILE_ONLY___ ═
2024-12-03 10:34:50,481 INFO     ___FILE_ONLY___ ═
2024-12-03 10:34:50,482 INFO     ___FILE_ONLY___ ═
2024-12-03 10:34:50,482 INFO     ___FILE_ONLY___ ═
2024-12-03 10:34:50,483 INFO     ___FILE_ONLY___ ═
2024-12-03 10:34:50,483 INFO     ___FILE_ONLY___ ═
2024-12-03 10:34:50,484 INFO     ___FILE_ONLY___ ═
2024-12-03 10:34:50,485 INFO     ___FILE_ONLY___ ═
2024-12-03 10:34:50,485 INFO     ___FILE_ONLY___ ═
2024-12-03 10:34:50,486 INFO     ___FILE_ONLY___ ═
2024-12-03 10:34:50,486 INFO     ___FILE_ONLY___ ═
2024-12-03 10:34:50,487 INFO     ___FILE_ONLY___ ═
2024-12-03 10:34:50,488 INFO     ___FILE_ONLY___ ═
2024-12-03 10:34:50,488 INFO     ___FILE_ONLY___ ═
2024-12-03 10:34:50,488 INFO     ___FILE_ONLY___ ╝

2024-12-03 10:34:50,496 INFO     ___FILE_ONLY___ ╔════════════════════════════════════════════════════════════╗

2024-12-03 10:34:50,496 INFO     ___FILE_ONLY___ ╠═ Installing: Google Cloud CLI Core Libraries (Platform... ═╣

2024-12-03 10:34:50,496 INFO     ___FILE_ONLY___ ╚
2024-12-03 10:34:50,502 INFO     ___FILE_ONLY___ ══════════════════════════════
2024-12-03 10:34:50,502 INFO     ___FILE_ONLY___ ══════════════════════════════
2024-12-03 10:34:50,502 INFO     ___FILE_ONLY___ ╝

2024-12-03 10:34:50,510 INFO     ___FILE_ONLY___ ╔════════════════════════════════════════════════════════════╗

2024-12-03 10:34:50,510 INFO     ___FILE_ONLY___ ╠═ Installing: Minikube                                     ═╣

2024-12-03 10:34:50,511 INFO     ___FILE_ONLY___ ╚
2024-12-03 10:34:50,516 INFO     ___FILE_ONLY___ ════════════════════════════════════════════════════════════
2024-12-03 10:34:50,516 INFO     ___FILE_ONLY___ ╝

2024-12-03 10:34:50,521 INFO     ___FILE_ONLY___ ╔════════════════════════════════════════════════════════════╗

2024-12-03 10:34:50,522 INFO     ___FILE_ONLY___ ╠═ Installing: Minikube (Platform Specific)                 ═╣

2024-12-03 10:34:50,522 INFO     ___FILE_ONLY___ ╚
2024-12-03 10:34:50,860 INFO     ___FILE_ONLY___ ════════════════════════════════════════════════════════════
2024-12-03 10:34:50,860 INFO     ___FILE_ONLY___ ╝

2024-12-03 10:34:50,868 INFO     ___FILE_ONLY___ ╔════════════════════════════════════════════════════════════╗

2024-12-03 10:34:50,868 INFO     ___FILE_ONLY___ ╠═ Installing: Skaffold                                     ═╣

2024-12-03 10:34:50,869 INFO     ___FILE_ONLY___ ╚
2024-12-03 10:34:50,871 INFO     ___FILE_ONLY___ ════════════════════════════════════════════════════════════
2024-12-03 10:34:50,871 INFO     ___FILE_ONLY___ ╝

2024-12-03 10:34:50,874 INFO     ___FILE_ONLY___ ╔════════════════════════════════════════════════════════════╗

2024-12-03 10:34:50,874 INFO     ___FILE_ONLY___ ╠═ Installing: Skaffold (Platform Specific)                 ═╣

2024-12-03 10:34:50,874 INFO     ___FILE_ONLY___ ╚
2024-12-03 10:34:51,153 INFO     ___FILE_ONLY___ ════════════════════════════════════════════════════════════
2024-12-03 10:34:51,153 INFO     ___FILE_ONLY___ ╝

2024-12-03 10:34:51,160 INFO     ___FILE_ONLY___ ╔════════════════════════════════════════════════════════════╗

2024-12-03 10:34:51,160 INFO     ___FILE_ONLY___ ╠═ Installing: gcloud Alpha Commands                        ═╣

2024-12-03 10:34:51,161 INFO     ___FILE_ONLY___ ╚
2024-12-03 10:34:51,163 INFO     ___FILE_ONLY___ ════════════════════════════════════════════════════════════
2024-12-03 10:34:51,163 INFO     ___FILE_ONLY___ ╝

2024-12-03 10:34:51,169 INFO     ___FILE_ONLY___ ╔════════════════════════════════════════════════════════════╗

2024-12-03 10:34:51,170 INFO     ___FILE_ONLY___ ╠═ Installing: gcloud Beta Commands                         ═╣

2024-12-03 10:34:51,170 INFO     ___FILE_ONLY___ ╚
2024-12-03 10:34:51,173 INFO     ___FILE_ONLY___ ════════════════════════════════════════════════════════════
2024-12-03 10:34:51,173 INFO     ___FILE_ONLY___ ╝

2024-12-03 10:34:51,179 INFO     ___FILE_ONLY___ ╔════════════════════════════════════════════════════════════╗

2024-12-03 10:34:51,179 INFO     ___FILE_ONLY___ ╠═ Installing: gcloud cli dependencies (Platform Specific)  ═╣

2024-12-03 10:34:51,179 INFO     ___FILE_ONLY___ ╚
2024-12-03 10:34:51,181 INFO     ___FILE_ONLY___ ════════════════════════════════════════════════════════════
2024-12-03 10:34:51,181 INFO     ___FILE_ONLY___ ╝

2024-12-03 10:34:51,187 INFO     ___FILE_ONLY___ ╔════════════════════════════════════════════════════════════╗

2024-12-03 10:34:51,187 INFO     ___FILE_ONLY___ ╠═ Installing: gke-gcloud-auth-plugin                       ═╣

2024-12-03 10:34:51,187 INFO     ___FILE_ONLY___ ╚
2024-12-03 10:34:51,190 INFO     ___FILE_ONLY___ ════════════════════════════════════════════════════════════
2024-12-03 10:34:51,190 INFO     ___FILE_ONLY___ ╝

2024-12-03 10:34:51,193 INFO     ___FILE_ONLY___ ╔════════════════════════════════════════════════════════════╗

2024-12-03 10:34:51,193 INFO     ___FILE_ONLY___ ╠═ Installing: gke-gcloud-auth-plugin (Platform Specific)   ═╣

2024-12-03 10:34:51,193 INFO     ___FILE_ONLY___ ╚
2024-12-03 10:34:51,243 INFO     ___FILE_ONLY___ ════════════════════════════════════════════════════════════
2024-12-03 10:34:51,243 INFO     ___FILE_ONLY___ ╝

2024-12-03 10:34:51,250 INFO     ___FILE_ONLY___ ╔════════════════════════════════════════════════════════════╗

2024-12-03 10:34:51,250 INFO     ___FILE_ONLY___ ╠═ Installing: kubectl                                      ═╣

2024-12-03 10:34:51,250 INFO     ___FILE_ONLY___ ╚
2024-12-03 10:34:51,255 INFO     ___FILE_ONLY___ ════════════════════════════════════════════════════════════
2024-12-03 10:34:51,255 INFO     ___FILE_ONLY___ ╝

2024-12-03 10:34:51,261 INFO     ___FILE_ONLY___ ╔════════════════════════════════════════════════════════════╗

2024-12-03 10:34:51,261 INFO     ___FILE_ONLY___ ╠═ Installing: kubectl (Platform Specific)                  ═╣

2024-12-03 10:34:51,261 INFO     ___FILE_ONLY___ ╚
2024-12-03 10:34:51,807 INFO     ___FILE_ONLY___ ══════════
2024-12-03 10:34:51,902 INFO     ___FILE_ONLY___ ══════════
2024-12-03 10:34:51,997 INFO     ___FILE_ONLY___ ══════════
2024-12-03 10:34:52,094 INFO     ___FILE_ONLY___ ══════════
2024-12-03 10:34:52,191 INFO     ___FILE_ONLY___ ══════════
2024-12-03 10:34:52,293 INFO     ___FILE_ONLY___ ══════════
2024-12-03 10:34:52,293 INFO     ___FILE_ONLY___ ╝

2024-12-03 10:34:52,327 DEBUG    root            Updating notification cache...
2024-12-03 10:34:52,327 INFO     ___FILE_ONLY___ 

2024-12-03 10:34:52,332 INFO     ___FILE_ONLY___ Performing post processing steps...
2024-12-03 10:34:52,332 DEBUG    root            Executing command: ['/Users/wbrunson/Library/Application Support/cloud-code/installer/google-cloud-sdk/bin/gcloud', 'components', 'post-process', '--no-compile-python']
2024-12-03 10:34:52,829 DEBUG    ___FILE_ONLY___ 
2024-12-03 10:34:52,830 DEBUG    ___FILE_ONLY___ 
2024-12-03 10:34:52,847 INFO     ___FILE_ONLY___ 
Update done!


2024-12-03 10:34:52,850 DEBUG    root            Chosen display Format:none
2024-12-03 10:34:52,850 INFO     root            Display format: "none"
2024-12-03 10:34:52,854 DEBUG    root            Executing command: ['curl', '--silent', '-O', 'https://dl.google.com/dl/cloudsdk/channels/rapid/python-3.11.6-macos11.tar.gz']
2024-12-03 10:34:58,793 DEBUG    root            Executing command: ['tar', '-xf', 'python-3.11.6-macos11.tar.gz']
2024-12-03 10:34:58,905 DEBUG    root            Executing command: ['sudo', 'installer', '-target', '/', '-pkg', './python-3.11.6-macos11.pkg']
