2024-12-09 09:37:29,061 DEBUG    root            Metrics collector initialized...
2024-12-09 09:37:29,061 DEBUG    root            Loaded Command Group: ['gcloud', 'components']
2024-12-09 09:37:29,063 DEBUG    root            Loaded Command Group: ['gcloud', 'components', 'update']
2024-12-09 09:37:29,063 DEBUG    root            Running [gcloud.components.update] with arguments: [--no-compile-python: "False", --quiet: "True", COMPONENT-IDS:6: "['alpha', 'beta', 'gke-gcloud-auth-plugin', 'kubectl', 'skaffold', 'minikube']"]
2024-12-09 09:37:29,064 INFO     ___FILE_ONLY___ Beginning update. This process may take several minutes.

2024-12-09 09:37:29,073 DEBUG    urllib3.connectionpool Starting new HTTPS connection (1): dl.google.com:443
2024-12-09 09:37:29,271 DEBUG    urllib3.connectionpool https://dl.google.com:443 "GET /dl/cloudsdk/channels/rapid/components-2.json HTTP/1.1" 200 227816
2024-12-09 09:37:29,409 INFO     ___FILE_ONLY___ 

2024-12-09 09:37:29,410 INFO     ___FILE_ONLY___ 
Your current Google Cloud CLI version is: 502.0.0

2024-12-09 09:37:29,410 INFO     ___FILE_ONLY___ Installing components from version: 502.0.0

2024-12-09 09:37:29,410 INFO     ___FILE_ONLY___ 

2024-12-09 09:37:29,410 DEBUG    root            Chosen display Format:table[box,title="These components will be removed."](details.display_name:label=Name:align=left,version.version_string:label=Version:align=right,data.size.size(zero="",min=1048576):label=Size:align=right)
2024-12-09 09:37:29,411 DEBUG    root            Chosen display Format:table[box,title="These components will be updated."](details.display_name:label=Name:align=left,version.version_string:label=Version:align=right,data.size.size(zero="",min=1048576):label=Size:align=right)
2024-12-09 09:37:29,411 DEBUG    root            Chosen display Format:table[box,title="These components will be installed."](details.display_name:label=Name:align=left,version.version_string:label=Version:align=right,data.size.size(zero="",min=1048576):label=Size:align=right)
2024-12-09 09:37:29,428 INFO     ___FILE_ONLY___ ┌─────────────────────────────────────────────────────────────────────────────┐
2024-12-09 09:37:29,428 INFO     ___FILE_ONLY___ 

2024-12-09 09:37:29,428 INFO     ___FILE_ONLY___ │                     These components will be installed.                     │
2024-12-09 09:37:29,429 INFO     ___FILE_ONLY___ 

2024-12-09 09:37:29,429 INFO     ___FILE_ONLY___ ├─────────────────────────────────────────────────────┬────────────┬──────────┤
2024-12-09 09:37:29,429 INFO     ___FILE_ONLY___ 

2024-12-09 09:37:29,429 INFO     ___FILE_ONLY___ │                         Name                        │  Version   │   Size   │
2024-12-09 09:37:29,429 INFO     ___FILE_ONLY___ 

2024-12-09 09:37:29,429 INFO     ___FILE_ONLY___ ├─────────────────────────────────────────────────────┼────────────┼──────────┤
2024-12-09 09:37:29,429 INFO     ___FILE_ONLY___ 

2024-12-09 09:37:29,429 INFO     ___FILE_ONLY___ │ 
2024-12-09 09:37:29,429 INFO     ___FILE_ONLY___ Google Cloud CLI Core Libraries (Platform Specific)
2024-12-09 09:37:29,429 INFO     ___FILE_ONLY___  
2024-12-09 09:37:29,429 INFO     ___FILE_ONLY___ │ 
2024-12-09 09:37:29,429 INFO     ___FILE_ONLY___ 2024.08.30
2024-12-09 09:37:29,429 INFO     ___FILE_ONLY___  
2024-12-09 09:37:29,429 INFO     ___FILE_ONLY___ │ 
2024-12-09 09:37:29,429 INFO     ___FILE_ONLY___  < 1 MiB
2024-12-09 09:37:29,429 INFO     ___FILE_ONLY___  
2024-12-09 09:37:29,429 INFO     ___FILE_ONLY___ │
2024-12-09 09:37:29,429 INFO     ___FILE_ONLY___ 

2024-12-09 09:37:29,429 INFO     ___FILE_ONLY___ │ 
2024-12-09 09:37:29,429 INFO     ___FILE_ONLY___ Minikube (Platform Specific)                       
2024-12-09 09:37:29,429 INFO     ___FILE_ONLY___  
2024-12-09 09:37:29,429 INFO     ___FILE_ONLY___ │ 
2024-12-09 09:37:29,429 INFO     ___FILE_ONLY___     1.34.0
2024-12-09 09:37:29,429 INFO     ___FILE_ONLY___  
2024-12-09 09:37:29,429 INFO     ___FILE_ONLY___ │ 
2024-12-09 09:37:29,429 INFO     ___FILE_ONLY___ 37.2 MiB
2024-12-09 09:37:29,429 INFO     ___FILE_ONLY___  
2024-12-09 09:37:29,429 INFO     ___FILE_ONLY___ │
2024-12-09 09:37:29,429 INFO     ___FILE_ONLY___ 

2024-12-09 09:37:29,429 INFO     ___FILE_ONLY___ │ 
2024-12-09 09:37:29,429 INFO     ___FILE_ONLY___ Skaffold (Platform Specific)                       
2024-12-09 09:37:29,429 INFO     ___FILE_ONLY___  
2024-12-09 09:37:29,430 INFO     ___FILE_ONLY___ │ 
2024-12-09 09:37:29,430 INFO     ___FILE_ONLY___     2.13.1
2024-12-09 09:37:29,430 INFO     ___FILE_ONLY___  
2024-12-09 09:37:29,430 INFO     ___FILE_ONLY___ │ 
2024-12-09 09:37:29,430 INFO     ___FILE_ONLY___ 22.9 MiB
2024-12-09 09:37:29,430 INFO     ___FILE_ONLY___  
2024-12-09 09:37:29,430 INFO     ___FILE_ONLY___ │
2024-12-09 09:37:29,430 INFO     ___FILE_ONLY___ 

2024-12-09 09:37:29,430 INFO     ___FILE_ONLY___ │ 
2024-12-09 09:37:29,430 INFO     ___FILE_ONLY___ gcloud Alpha Commands                              
2024-12-09 09:37:29,430 INFO     ___FILE_ONLY___  
2024-12-09 09:37:29,430 INFO     ___FILE_ONLY___ │ 
2024-12-09 09:37:29,430 INFO     ___FILE_ONLY___ 2024.11.15
2024-12-09 09:37:29,430 INFO     ___FILE_ONLY___  
2024-12-09 09:37:29,430 INFO     ___FILE_ONLY___ │ 
2024-12-09 09:37:29,430 INFO     ___FILE_ONLY___  < 1 MiB
2024-12-09 09:37:29,430 INFO     ___FILE_ONLY___  
2024-12-09 09:37:29,430 INFO     ___FILE_ONLY___ │
2024-12-09 09:37:29,430 INFO     ___FILE_ONLY___ 

2024-12-09 09:37:29,430 INFO     ___FILE_ONLY___ │ 
2024-12-09 09:37:29,430 INFO     ___FILE_ONLY___ gcloud Beta Commands                               
2024-12-09 09:37:29,430 INFO     ___FILE_ONLY___  
2024-12-09 09:37:29,430 INFO     ___FILE_ONLY___ │ 
2024-12-09 09:37:29,430 INFO     ___FILE_ONLY___ 2024.11.15
2024-12-09 09:37:29,430 INFO     ___FILE_ONLY___  
2024-12-09 09:37:29,430 INFO     ___FILE_ONLY___ │ 
2024-12-09 09:37:29,430 INFO     ___FILE_ONLY___  < 1 MiB
2024-12-09 09:37:29,430 INFO     ___FILE_ONLY___  
2024-12-09 09:37:29,430 INFO     ___FILE_ONLY___ │
2024-12-09 09:37:29,430 INFO     ___FILE_ONLY___ 

2024-12-09 09:37:29,430 INFO     ___FILE_ONLY___ │ 
2024-12-09 09:37:29,430 INFO     ___FILE_ONLY___ gcloud cli dependencies (Platform Specific)        
2024-12-09 09:37:29,430 INFO     ___FILE_ONLY___  
2024-12-09 09:37:29,430 INFO     ___FILE_ONLY___ │ 
2024-12-09 09:37:29,430 INFO     ___FILE_ONLY___ 2021.04.16
2024-12-09 09:37:29,430 INFO     ___FILE_ONLY___  
2024-12-09 09:37:29,430 INFO     ___FILE_ONLY___ │ 
2024-12-09 09:37:29,431 INFO     ___FILE_ONLY___  < 1 MiB
2024-12-09 09:37:29,431 INFO     ___FILE_ONLY___  
2024-12-09 09:37:29,431 INFO     ___FILE_ONLY___ │
2024-12-09 09:37:29,431 INFO     ___FILE_ONLY___ 

2024-12-09 09:37:29,431 INFO     ___FILE_ONLY___ │ 
2024-12-09 09:37:29,431 INFO     ___FILE_ONLY___ gke-gcloud-auth-plugin (Platform Specific)         
2024-12-09 09:37:29,431 INFO     ___FILE_ONLY___  
2024-12-09 09:37:29,431 INFO     ___FILE_ONLY___ │ 
2024-12-09 09:37:29,431 INFO     ___FILE_ONLY___      0.5.9
2024-12-09 09:37:29,431 INFO     ___FILE_ONLY___  
2024-12-09 09:37:29,431 INFO     ___FILE_ONLY___ │ 
2024-12-09 09:37:29,431 INFO     ___FILE_ONLY___  4.0 MiB
2024-12-09 09:37:29,431 INFO     ___FILE_ONLY___  
2024-12-09 09:37:29,431 INFO     ___FILE_ONLY___ │
2024-12-09 09:37:29,431 INFO     ___FILE_ONLY___ 

2024-12-09 09:37:29,431 INFO     ___FILE_ONLY___ │ 
2024-12-09 09:37:29,431 INFO     ___FILE_ONLY___ kubectl                                            
2024-12-09 09:37:29,431 INFO     ___FILE_ONLY___  
2024-12-09 09:37:29,431 INFO     ___FILE_ONLY___ │ 
2024-12-09 09:37:29,431 INFO     ___FILE_ONLY___     1.30.5
2024-12-09 09:37:29,431 INFO     ___FILE_ONLY___  
2024-12-09 09:37:29,431 INFO     ___FILE_ONLY___ │ 
2024-12-09 09:37:29,431 INFO     ___FILE_ONLY___  < 1 MiB
2024-12-09 09:37:29,431 INFO     ___FILE_ONLY___  
2024-12-09 09:37:29,431 INFO     ___FILE_ONLY___ │
2024-12-09 09:37:29,431 INFO     ___FILE_ONLY___ 

2024-12-09 09:37:29,431 INFO     ___FILE_ONLY___ │ 
2024-12-09 09:37:29,431 INFO     ___FILE_ONLY___ kubectl (Platform Specific)                        
2024-12-09 09:37:29,431 INFO     ___FILE_ONLY___  
2024-12-09 09:37:29,431 INFO     ___FILE_ONLY___ │ 
2024-12-09 09:37:29,431 INFO     ___FILE_ONLY___     1.30.6
2024-12-09 09:37:29,431 INFO     ___FILE_ONLY___  
2024-12-09 09:37:29,431 INFO     ___FILE_ONLY___ │ 
2024-12-09 09:37:29,431 INFO     ___FILE_ONLY___ 86.1 MiB
2024-12-09 09:37:29,431 INFO     ___FILE_ONLY___  
2024-12-09 09:37:29,432 INFO     ___FILE_ONLY___ │
2024-12-09 09:37:29,432 INFO     ___FILE_ONLY___ 

2024-12-09 09:37:29,432 INFO     ___FILE_ONLY___ └─────────────────────────────────────────────────────┴────────────┴──────────┘
2024-12-09 09:37:29,432 INFO     ___FILE_ONLY___ 

2024-12-09 09:37:29,432 INFO     ___FILE_ONLY___ 

2024-12-09 09:37:29,434 DEBUG    urllib3.connectionpool Starting new HTTPS connection (1): dl.google.com:443
2024-12-09 09:37:29,616 DEBUG    urllib3.connectionpool https://dl.google.com:443 "GET /dl/cloudsdk/channels/rapid/RELEASE_NOTES HTTP/1.1" 200 1314602
2024-12-09 09:37:29,835 INFO     ___FILE_ONLY___ For the latest full release notes, please visit:
  https://cloud.google.com/sdk/release_notes


2024-12-09 09:37:29,836 INFO     ___FILE_ONLY___ Performing in place update...


2024-12-09 09:37:29,858 INFO     ___FILE_ONLY___ ╔════════════════════════════════════════════════════════════╗

2024-12-09 09:37:29,858 INFO     ___FILE_ONLY___ ╠═ Downloading: Google Cloud CLI Core Libraries (Platfor... ═╣

2024-12-09 09:37:29,858 INFO     ___FILE_ONLY___ ╚
2024-12-09 09:37:29,860 DEBUG    urllib3.connectionpool Starting new HTTPS connection (1): dl.google.com:443
2024-12-09 09:37:30,009 DEBUG    urllib3.connectionpool https://dl.google.com:443 "GET /dl/cloudsdk/channels/rapid/components/google-cloud-sdk-core-nix-20240830134514.tar.gz HTTP/1.1" 200 2306
2024-12-09 09:37:30,011 INFO     ___FILE_ONLY___ ════════════════════════════════════════════════════════════
2024-12-09 09:37:30,011 INFO     ___FILE_ONLY___ ╝

2024-12-09 09:37:30,045 INFO     ___FILE_ONLY___ ╔════════════════════════════════════════════════════════════╗

2024-12-09 09:37:30,045 INFO     ___FILE_ONLY___ ╠═ Downloading: Minikube                                    ═╣

2024-12-09 09:37:30,045 INFO     ___FILE_ONLY___ ╚
2024-12-09 09:37:30,045 INFO     ___FILE_ONLY___ ════════════════════════════════════════════════════════════
2024-12-09 09:37:30,045 INFO     ___FILE_ONLY___ ╝

2024-12-09 09:37:30,065 INFO     ___FILE_ONLY___ ╔════════════════════════════════════════════════════════════╗

2024-12-09 09:37:30,066 INFO     ___FILE_ONLY___ ╠═ Downloading: Minikube (Platform Specific)                ═╣

2024-12-09 09:37:30,066 INFO     ___FILE_ONLY___ ╚
2024-12-09 09:37:30,069 DEBUG    urllib3.connectionpool Starting new HTTPS connection (1): dl.google.com:443
2024-12-09 09:37:30,253 DEBUG    urllib3.connectionpool https://dl.google.com:443 "GET /dl/cloudsdk/channels/rapid/components/google-cloud-sdk-minikube-darwin-arm-20240927140238.tar.gz HTTP/1.1" 200 38981244
2024-12-09 09:37:35,388 INFO     ___FILE_ONLY___ ═
2024-12-09 09:37:35,389 INFO     ___FILE_ONLY___ ═
2024-12-09 09:37:35,389 INFO     ___FILE_ONLY___ ═
2024-12-09 09:37:35,389 INFO     ___FILE_ONLY___ ═
2024-12-09 09:37:35,390 INFO     ___FILE_ONLY___ ═
2024-12-09 09:37:35,390 INFO     ___FILE_ONLY___ ═
2024-12-09 09:37:35,390 INFO     ___FILE_ONLY___ ═
2024-12-09 09:37:35,390 INFO     ___FILE_ONLY___ ═
2024-12-09 09:37:35,391 INFO     ___FILE_ONLY___ ═
2024-12-09 09:37:35,391 INFO     ___FILE_ONLY___ ═
2024-12-09 09:37:35,391 INFO     ___FILE_ONLY___ ═
2024-12-09 09:37:35,392 INFO     ___FILE_ONLY___ ═
2024-12-09 09:37:35,392 INFO     ___FILE_ONLY___ ═
2024-12-09 09:37:35,392 INFO     ___FILE_ONLY___ ═
2024-12-09 09:37:35,393 INFO     ___FILE_ONLY___ ═
2024-12-09 09:37:35,393 INFO     ___FILE_ONLY___ ═
2024-12-09 09:37:35,393 INFO     ___FILE_ONLY___ ═
2024-12-09 09:37:35,393 INFO     ___FILE_ONLY___ ═
2024-12-09 09:37:35,394 INFO     ___FILE_ONLY___ ═
2024-12-09 09:37:35,394 INFO     ___FILE_ONLY___ ═
2024-12-09 09:37:35,394 INFO     ___FILE_ONLY___ ═
2024-12-09 09:37:35,395 INFO     ___FILE_ONLY___ ═
2024-12-09 09:37:35,395 INFO     ___FILE_ONLY___ ═
2024-12-09 09:37:35,395 INFO     ___FILE_ONLY___ ═
2024-12-09 09:37:35,395 INFO     ___FILE_ONLY___ ═
2024-12-09 09:37:35,396 INFO     ___FILE_ONLY___ ═
2024-12-09 09:37:35,396 INFO     ___FILE_ONLY___ ═
2024-12-09 09:37:35,396 INFO     ___FILE_ONLY___ ═
2024-12-09 09:37:35,397 INFO     ___FILE_ONLY___ ═
2024-12-09 09:37:35,397 INFO     ___FILE_ONLY___ ═
2024-12-09 09:37:35,397 INFO     ___FILE_ONLY___ ═
2024-12-09 09:37:35,397 INFO     ___FILE_ONLY___ ═
2024-12-09 09:37:35,398 INFO     ___FILE_ONLY___ ═
2024-12-09 09:37:35,398 INFO     ___FILE_ONLY___ ═
2024-12-09 09:37:35,398 INFO     ___FILE_ONLY___ ═
2024-12-09 09:37:35,399 INFO     ___FILE_ONLY___ ═
2024-12-09 09:37:35,399 INFO     ___FILE_ONLY___ ═
2024-12-09 09:37:35,399 INFO     ___FILE_ONLY___ ═
2024-12-09 09:37:35,399 INFO     ___FILE_ONLY___ ═
2024-12-09 09:37:35,400 INFO     ___FILE_ONLY___ ═
2024-12-09 09:37:35,400 INFO     ___FILE_ONLY___ ═
2024-12-09 09:37:35,400 INFO     ___FILE_ONLY___ ═
2024-12-09 09:37:35,401 INFO     ___FILE_ONLY___ ═
2024-12-09 09:37:35,401 INFO     ___FILE_ONLY___ ═
2024-12-09 09:37:35,401 INFO     ___FILE_ONLY___ ═
2024-12-09 09:37:35,401 INFO     ___FILE_ONLY___ ═
2024-12-09 09:37:35,402 INFO     ___FILE_ONLY___ ═
2024-12-09 09:37:35,402 INFO     ___FILE_ONLY___ ═
2024-12-09 09:37:35,402 INFO     ___FILE_ONLY___ ═
2024-12-09 09:37:35,403 INFO     ___FILE_ONLY___ ═
2024-12-09 09:37:35,403 INFO     ___FILE_ONLY___ ═
2024-12-09 09:37:35,403 INFO     ___FILE_ONLY___ ═
2024-12-09 09:37:35,404 INFO     ___FILE_ONLY___ ═
2024-12-09 09:37:35,404 INFO     ___FILE_ONLY___ ═
2024-12-09 09:37:35,404 INFO     ___FILE_ONLY___ ═
2024-12-09 09:37:35,404 INFO     ___FILE_ONLY___ ═
2024-12-09 09:37:35,405 INFO     ___FILE_ONLY___ ═
2024-12-09 09:37:35,405 INFO     ___FILE_ONLY___ ═
2024-12-09 09:37:35,405 INFO     ___FILE_ONLY___ ═
2024-12-09 09:37:35,405 INFO     ___FILE_ONLY___ ═
2024-12-09 09:37:35,405 INFO     ___FILE_ONLY___ ╝

2024-12-09 09:37:35,428 INFO     ___FILE_ONLY___ ╔════════════════════════════════════════════════════════════╗

2024-12-09 09:37:35,428 INFO     ___FILE_ONLY___ ╠═ Downloading: Skaffold                                    ═╣

2024-12-09 09:37:35,428 INFO     ___FILE_ONLY___ ╚
2024-12-09 09:37:35,429 INFO     ___FILE_ONLY___ ════════════════════════════════════════════════════════════
2024-12-09 09:37:35,429 INFO     ___FILE_ONLY___ ╝

2024-12-09 09:37:35,450 INFO     ___FILE_ONLY___ ╔════════════════════════════════════════════════════════════╗

2024-12-09 09:37:35,450 INFO     ___FILE_ONLY___ ╠═ Downloading: Skaffold (Platform Specific)                ═╣

2024-12-09 09:37:35,450 INFO     ___FILE_ONLY___ ╚
2024-12-09 09:37:35,452 DEBUG    urllib3.connectionpool Starting new HTTPS connection (1): dl.google.com:443
2024-12-09 09:37:35,669 DEBUG    urllib3.connectionpool https://dl.google.com:443 "GET /dl/cloudsdk/channels/rapid/components/google-cloud-sdk-skaffold-darwin-arm-20240806142304.tar.gz HTTP/1.1" 200 24031362
2024-12-09 09:37:38,805 INFO     ___FILE_ONLY___ ═
2024-12-09 09:37:38,806 INFO     ___FILE_ONLY___ ═
2024-12-09 09:37:38,807 INFO     ___FILE_ONLY___ ═
2024-12-09 09:37:38,807 INFO     ___FILE_ONLY___ ═
2024-12-09 09:37:38,807 INFO     ___FILE_ONLY___ ═
2024-12-09 09:37:38,807 INFO     ___FILE_ONLY___ ═
2024-12-09 09:37:38,808 INFO     ___FILE_ONLY___ ═
2024-12-09 09:37:38,808 INFO     ___FILE_ONLY___ ═
2024-12-09 09:37:38,808 INFO     ___FILE_ONLY___ ═
2024-12-09 09:37:38,808 INFO     ___FILE_ONLY___ ═
2024-12-09 09:37:38,808 INFO     ___FILE_ONLY___ ═
2024-12-09 09:37:38,809 INFO     ___FILE_ONLY___ ═
2024-12-09 09:37:38,809 INFO     ___FILE_ONLY___ ═
2024-12-09 09:37:38,809 INFO     ___FILE_ONLY___ ═
2024-12-09 09:37:38,809 INFO     ___FILE_ONLY___ ═
2024-12-09 09:37:38,809 INFO     ___FILE_ONLY___ ═
2024-12-09 09:37:38,810 INFO     ___FILE_ONLY___ ═
2024-12-09 09:37:38,810 INFO     ___FILE_ONLY___ ═
2024-12-09 09:37:38,810 INFO     ___FILE_ONLY___ ═
2024-12-09 09:37:38,810 INFO     ___FILE_ONLY___ ═
2024-12-09 09:37:38,811 INFO     ___FILE_ONLY___ ═
2024-12-09 09:37:38,811 INFO     ___FILE_ONLY___ ═
2024-12-09 09:37:38,811 INFO     ___FILE_ONLY___ ═
2024-12-09 09:37:38,811 INFO     ___FILE_ONLY___ ═
2024-12-09 09:37:38,812 INFO     ___FILE_ONLY___ ═
2024-12-09 09:37:38,812 INFO     ___FILE_ONLY___ ═
2024-12-09 09:37:38,812 INFO     ___FILE_ONLY___ ═
2024-12-09 09:37:38,812 INFO     ___FILE_ONLY___ ═
2024-12-09 09:37:38,813 INFO     ___FILE_ONLY___ ═
2024-12-09 09:37:38,813 INFO     ___FILE_ONLY___ ═
2024-12-09 09:37:38,813 INFO     ___FILE_ONLY___ ═
2024-12-09 09:37:38,813 INFO     ___FILE_ONLY___ ═
2024-12-09 09:37:38,813 INFO     ___FILE_ONLY___ ═
2024-12-09 09:37:38,814 INFO     ___FILE_ONLY___ ═
2024-12-09 09:37:38,814 INFO     ___FILE_ONLY___ ═
2024-12-09 09:37:38,814 INFO     ___FILE_ONLY___ ═
2024-12-09 09:37:38,814 INFO     ___FILE_ONLY___ ═
2024-12-09 09:37:38,814 INFO     ___FILE_ONLY___ ═
2024-12-09 09:37:38,815 INFO     ___FILE_ONLY___ ═
2024-12-09 09:37:38,815 INFO     ___FILE_ONLY___ ═
2024-12-09 09:37:38,815 INFO     ___FILE_ONLY___ ═
2024-12-09 09:37:38,815 INFO     ___FILE_ONLY___ ═
2024-12-09 09:37:38,816 INFO     ___FILE_ONLY___ ═
2024-12-09 09:37:38,816 INFO     ___FILE_ONLY___ ═
2024-12-09 09:37:38,816 INFO     ___FILE_ONLY___ ═
2024-12-09 09:37:38,816 INFO     ___FILE_ONLY___ ═
2024-12-09 09:37:38,817 INFO     ___FILE_ONLY___ ═
2024-12-09 09:37:38,817 INFO     ___FILE_ONLY___ ═
2024-12-09 09:37:38,817 INFO     ___FILE_ONLY___ ═
2024-12-09 09:37:38,817 INFO     ___FILE_ONLY___ ═
2024-12-09 09:37:38,817 INFO     ___FILE_ONLY___ ═
2024-12-09 09:37:38,818 INFO     ___FILE_ONLY___ ═
2024-12-09 09:37:38,818 INFO     ___FILE_ONLY___ ═
2024-12-09 09:37:38,818 INFO     ___FILE_ONLY___ ═
2024-12-09 09:37:38,818 INFO     ___FILE_ONLY___ ═
2024-12-09 09:37:38,818 INFO     ___FILE_ONLY___ ═
2024-12-09 09:37:38,819 INFO     ___FILE_ONLY___ ═
2024-12-09 09:37:38,819 INFO     ___FILE_ONLY___ ═
2024-12-09 09:37:38,819 INFO     ___FILE_ONLY___ ═
2024-12-09 09:37:38,819 INFO     ___FILE_ONLY___ ═
2024-12-09 09:37:38,819 INFO     ___FILE_ONLY___ ╝

2024-12-09 09:37:38,842 INFO     ___FILE_ONLY___ ╔════════════════════════════════════════════════════════════╗

2024-12-09 09:37:38,842 INFO     ___FILE_ONLY___ ╠═ Downloading: gcloud Alpha Commands                       ═╣

2024-12-09 09:37:38,842 INFO     ___FILE_ONLY___ ╚
2024-12-09 09:37:38,845 DEBUG    urllib3.connectionpool Starting new HTTPS connection (1): dl.google.com:443
2024-12-09 09:37:39,046 DEBUG    urllib3.connectionpool https://dl.google.com:443 "GET /dl/cloudsdk/channels/rapid/components/google-cloud-sdk-alpha-20241115154308.tar.gz HTTP/1.1" 200 800
2024-12-09 09:37:39,048 INFO     ___FILE_ONLY___ ════════════════════════════════════════════════════════════
2024-12-09 09:37:39,048 INFO     ___FILE_ONLY___ ╝

2024-12-09 09:37:39,080 INFO     ___FILE_ONLY___ ╔════════════════════════════════════════════════════════════╗

2024-12-09 09:37:39,080 INFO     ___FILE_ONLY___ ╠═ Downloading: gcloud Beta Commands                        ═╣

2024-12-09 09:37:39,081 INFO     ___FILE_ONLY___ ╚
2024-12-09 09:37:39,083 DEBUG    urllib3.connectionpool Starting new HTTPS connection (1): dl.google.com:443
2024-12-09 09:37:39,276 DEBUG    urllib3.connectionpool https://dl.google.com:443 "GET /dl/cloudsdk/channels/rapid/components/google-cloud-sdk-beta-20241115154308.tar.gz HTTP/1.1" 200 797
2024-12-09 09:37:39,279 INFO     ___FILE_ONLY___ ════════════════════════════════════════════════════════════
2024-12-09 09:37:39,279 INFO     ___FILE_ONLY___ ╝

2024-12-09 09:37:39,313 INFO     ___FILE_ONLY___ ╔════════════════════════════════════════════════════════════╗

2024-12-09 09:37:39,313 INFO     ___FILE_ONLY___ ╠═ Downloading: gcloud cli dependencies (Platform Specific) ═╣

2024-12-09 09:37:39,313 INFO     ___FILE_ONLY___ ╚
2024-12-09 09:37:39,316 DEBUG    urllib3.connectionpool Starting new HTTPS connection (1): dl.google.com:443
2024-12-09 09:37:39,670 DEBUG    urllib3.connectionpool https://dl.google.com:443 "GET /dl/cloudsdk/channels/rapid/components/google-cloud-sdk-gcloud-deps-darwin-x86_64-20210416153011.tar.gz HTTP/1.1" 200 105
2024-12-09 09:37:39,672 INFO     ___FILE_ONLY___ ════════════════════════════════════════════════════════════
2024-12-09 09:37:39,673 INFO     ___FILE_ONLY___ ╝

2024-12-09 09:37:39,710 INFO     ___FILE_ONLY___ ╔════════════════════════════════════════════════════════════╗

2024-12-09 09:37:39,710 INFO     ___FILE_ONLY___ ╠═ Downloading: gke-gcloud-auth-plugin                      ═╣

2024-12-09 09:37:39,710 INFO     ___FILE_ONLY___ ╚
2024-12-09 09:37:39,710 INFO     ___FILE_ONLY___ ════════════════════════════════════════════════════════════
2024-12-09 09:37:39,710 INFO     ___FILE_ONLY___ ╝

2024-12-09 09:37:39,733 INFO     ___FILE_ONLY___ ╔════════════════════════════════════════════════════════════╗

2024-12-09 09:37:39,733 INFO     ___FILE_ONLY___ ╠═ Downloading: gke-gcloud-auth-plugin (Platform Specific)  ═╣

2024-12-09 09:37:39,733 INFO     ___FILE_ONLY___ ╚
2024-12-09 09:37:39,735 DEBUG    urllib3.connectionpool Starting new HTTPS connection (1): dl.google.com:443
2024-12-09 09:37:40,052 DEBUG    urllib3.connectionpool https://dl.google.com:443 "GET /dl/cloudsdk/channels/rapid/components/google-cloud-sdk-gke-gcloud-auth-plugin-darwin-arm-20240628141907.tar.gz HTTP/1.1" 200 4148014
2024-12-09 09:37:40,791 INFO     ___FILE_ONLY___ ═
2024-12-09 09:37:40,792 INFO     ___FILE_ONLY___ ═
2024-12-09 09:37:40,792 INFO     ___FILE_ONLY___ ═
2024-12-09 09:37:40,792 INFO     ___FILE_ONLY___ ═
2024-12-09 09:37:40,792 INFO     ___FILE_ONLY___ ═
2024-12-09 09:37:40,793 INFO     ___FILE_ONLY___ ═
2024-12-09 09:37:40,793 INFO     ___FILE_ONLY___ ═
2024-12-09 09:37:40,793 INFO     ___FILE_ONLY___ ═
2024-12-09 09:37:40,794 INFO     ___FILE_ONLY___ ═
2024-12-09 09:37:40,794 INFO     ___FILE_ONLY___ ═
2024-12-09 09:37:40,794 INFO     ___FILE_ONLY___ ═
2024-12-09 09:37:40,794 INFO     ___FILE_ONLY___ ═
2024-12-09 09:37:40,794 INFO     ___FILE_ONLY___ ═
2024-12-09 09:37:40,795 INFO     ___FILE_ONLY___ ═
2024-12-09 09:37:40,795 INFO     ___FILE_ONLY___ ═
2024-12-09 09:37:40,795 INFO     ___FILE_ONLY___ ═
2024-12-09 09:37:40,795 INFO     ___FILE_ONLY___ ═
2024-12-09 09:37:40,795 INFO     ___FILE_ONLY___ ═
2024-12-09 09:37:40,795 INFO     ___FILE_ONLY___ ═
2024-12-09 09:37:40,795 INFO     ___FILE_ONLY___ ═
2024-12-09 09:37:40,795 INFO     ___FILE_ONLY___ ═
2024-12-09 09:37:40,795 INFO     ___FILE_ONLY___ ═
2024-12-09 09:37:40,795 INFO     ___FILE_ONLY___ ═
2024-12-09 09:37:40,795 INFO     ___FILE_ONLY___ ═
2024-12-09 09:37:40,795 INFO     ___FILE_ONLY___ ═
2024-12-09 09:37:40,796 INFO     ___FILE_ONLY___ ═
2024-12-09 09:37:40,796 INFO     ___FILE_ONLY___ ═
2024-12-09 09:37:40,796 INFO     ___FILE_ONLY___ ═
2024-12-09 09:37:40,796 INFO     ___FILE_ONLY___ ═
2024-12-09 09:37:40,796 INFO     ___FILE_ONLY___ ═
2024-12-09 09:37:40,796 INFO     ___FILE_ONLY___ ═
2024-12-09 09:37:40,796 INFO     ___FILE_ONLY___ ═
2024-12-09 09:37:40,796 INFO     ___FILE_ONLY___ ═
2024-12-09 09:37:40,796 INFO     ___FILE_ONLY___ ═
2024-12-09 09:37:40,796 INFO     ___FILE_ONLY___ ═
2024-12-09 09:37:40,796 INFO     ___FILE_ONLY___ ═
2024-12-09 09:37:40,796 INFO     ___FILE_ONLY___ ═
2024-12-09 09:37:40,796 INFO     ___FILE_ONLY___ ═
2024-12-09 09:37:40,796 INFO     ___FILE_ONLY___ ═
2024-12-09 09:37:40,796 INFO     ___FILE_ONLY___ ═
2024-12-09 09:37:40,796 INFO     ___FILE_ONLY___ ═
2024-12-09 09:37:40,796 INFO     ___FILE_ONLY___ ═
2024-12-09 09:37:40,797 INFO     ___FILE_ONLY___ ═
2024-12-09 09:37:40,797 INFO     ___FILE_ONLY___ ═
2024-12-09 09:37:40,797 INFO     ___FILE_ONLY___ ═
2024-12-09 09:37:40,797 INFO     ___FILE_ONLY___ ═
2024-12-09 09:37:40,797 INFO     ___FILE_ONLY___ ═
2024-12-09 09:37:40,797 INFO     ___FILE_ONLY___ ═
2024-12-09 09:37:40,797 INFO     ___FILE_ONLY___ ═
2024-12-09 09:37:40,797 INFO     ___FILE_ONLY___ ═
2024-12-09 09:37:40,797 INFO     ___FILE_ONLY___ ═
2024-12-09 09:37:40,797 INFO     ___FILE_ONLY___ ═
2024-12-09 09:37:40,797 INFO     ___FILE_ONLY___ ═
2024-12-09 09:37:40,797 INFO     ___FILE_ONLY___ ═
2024-12-09 09:37:40,797 INFO     ___FILE_ONLY___ ═
2024-12-09 09:37:40,797 INFO     ___FILE_ONLY___ ═
2024-12-09 09:37:40,797 INFO     ___FILE_ONLY___ ═
2024-12-09 09:37:40,797 INFO     ___FILE_ONLY___ ═
2024-12-09 09:37:40,798 INFO     ___FILE_ONLY___ ═
2024-12-09 09:37:40,798 INFO     ___FILE_ONLY___ ═
2024-12-09 09:37:40,798 INFO     ___FILE_ONLY___ ╝

2024-12-09 09:37:40,822 INFO     ___FILE_ONLY___ ╔════════════════════════════════════════════════════════════╗

2024-12-09 09:37:40,822 INFO     ___FILE_ONLY___ ╠═ Downloading: kubectl                                     ═╣

2024-12-09 09:37:40,822 INFO     ___FILE_ONLY___ ╚
2024-12-09 09:37:40,828 DEBUG    urllib3.connectionpool Starting new HTTPS connection (1): dl.google.com:443
2024-12-09 09:37:41,051 DEBUG    urllib3.connectionpool https://dl.google.com:443 "GET /dl/cloudsdk/channels/rapid/components/google-cloud-sdk-kubectl-20241004144944.tar.gz HTTP/1.1" 200 36206
2024-12-09 09:37:41,107 INFO     ___FILE_ONLY___ ═══════════════════════════
2024-12-09 09:37:41,107 INFO     ___FILE_ONLY___ ═══════════════════════════
2024-12-09 09:37:41,107 INFO     ___FILE_ONLY___ ══════
2024-12-09 09:37:41,107 INFO     ___FILE_ONLY___ ╝

2024-12-09 09:37:41,158 INFO     ___FILE_ONLY___ ╔════════════════════════════════════════════════════════════╗

2024-12-09 09:37:41,159 INFO     ___FILE_ONLY___ ╠═ Downloading: kubectl (Platform Specific)                 ═╣

2024-12-09 09:37:41,159 INFO     ___FILE_ONLY___ ╚
2024-12-09 09:37:41,165 DEBUG    urllib3.connectionpool Starting new HTTPS connection (1): dl.google.com:443
2024-12-09 09:37:41,423 DEBUG    urllib3.connectionpool https://dl.google.com:443 "GET /dl/cloudsdk/channels/rapid/components/google-cloud-sdk-kubectl-darwin-arm-20241108162203.tar.gz HTTP/1.1" 200 90277960
2024-12-09 09:38:01,497 INFO     ___FILE_ONLY___ ═
2024-12-09 09:38:01,497 INFO     ___FILE_ONLY___ ═
2024-12-09 09:38:01,498 INFO     ___FILE_ONLY___ ═
2024-12-09 09:38:01,499 INFO     ___FILE_ONLY___ ═
2024-12-09 09:38:01,499 INFO     ___FILE_ONLY___ ═
2024-12-09 09:38:01,500 INFO     ___FILE_ONLY___ ═
2024-12-09 09:38:01,501 INFO     ___FILE_ONLY___ ═
2024-12-09 09:38:01,501 INFO     ___FILE_ONLY___ ═
2024-12-09 09:38:01,502 INFO     ___FILE_ONLY___ ═
2024-12-09 09:38:01,502 INFO     ___FILE_ONLY___ ═
2024-12-09 09:38:01,503 INFO     ___FILE_ONLY___ ═
2024-12-09 09:38:01,504 INFO     ___FILE_ONLY___ ═
2024-12-09 09:38:01,504 INFO     ___FILE_ONLY___ ═
2024-12-09 09:38:01,505 INFO     ___FILE_ONLY___ ═
2024-12-09 09:38:01,505 INFO     ___FILE_ONLY___ ═
2024-12-09 09:38:01,506 INFO     ___FILE_ONLY___ ═
2024-12-09 09:38:01,506 INFO     ___FILE_ONLY___ ═
2024-12-09 09:38:01,507 INFO     ___FILE_ONLY___ ═
2024-12-09 09:38:01,508 INFO     ___FILE_ONLY___ ═
2024-12-09 09:38:01,508 INFO     ___FILE_ONLY___ ═
2024-12-09 09:38:01,509 INFO     ___FILE_ONLY___ ═
2024-12-09 09:38:01,509 INFO     ___FILE_ONLY___ ═
2024-12-09 09:38:01,510 INFO     ___FILE_ONLY___ ═
2024-12-09 09:38:01,511 INFO     ___FILE_ONLY___ ═
2024-12-09 09:38:01,511 INFO     ___FILE_ONLY___ ═
2024-12-09 09:38:01,512 INFO     ___FILE_ONLY___ ═
2024-12-09 09:38:01,512 INFO     ___FILE_ONLY___ ═
2024-12-09 09:38:01,513 INFO     ___FILE_ONLY___ ═
2024-12-09 09:38:01,514 INFO     ___FILE_ONLY___ ═
2024-12-09 09:38:01,514 INFO     ___FILE_ONLY___ ═
2024-12-09 09:38:01,515 INFO     ___FILE_ONLY___ ═
2024-12-09 09:38:01,515 INFO     ___FILE_ONLY___ ═
2024-12-09 09:38:01,516 INFO     ___FILE_ONLY___ ═
2024-12-09 09:38:01,516 INFO     ___FILE_ONLY___ ═
2024-12-09 09:38:01,517 INFO     ___FILE_ONLY___ ═
2024-12-09 09:38:01,517 INFO     ___FILE_ONLY___ ═
2024-12-09 09:38:01,518 INFO     ___FILE_ONLY___ ═
2024-12-09 09:38:01,519 INFO     ___FILE_ONLY___ ═
2024-12-09 09:38:01,519 INFO     ___FILE_ONLY___ ═
2024-12-09 09:38:01,520 INFO     ___FILE_ONLY___ ═
2024-12-09 09:38:01,520 INFO     ___FILE_ONLY___ ═
2024-12-09 09:38:01,521 INFO     ___FILE_ONLY___ ═
2024-12-09 09:38:01,521 INFO     ___FILE_ONLY___ ═
2024-12-09 09:38:01,522 INFO     ___FILE_ONLY___ ═
2024-12-09 09:38:01,523 INFO     ___FILE_ONLY___ ═
2024-12-09 09:38:01,523 INFO     ___FILE_ONLY___ ═
2024-12-09 09:38:01,524 INFO     ___FILE_ONLY___ ═
2024-12-09 09:38:01,524 INFO     ___FILE_ONLY___ ═
2024-12-09 09:38:01,525 INFO     ___FILE_ONLY___ ═
2024-12-09 09:38:01,525 INFO     ___FILE_ONLY___ ═
2024-12-09 09:38:01,526 INFO     ___FILE_ONLY___ ═
2024-12-09 09:38:01,527 INFO     ___FILE_ONLY___ ═
2024-12-09 09:38:01,527 INFO     ___FILE_ONLY___ ═
2024-12-09 09:38:01,528 INFO     ___FILE_ONLY___ ═
2024-12-09 09:38:01,528 INFO     ___FILE_ONLY___ ═
2024-12-09 09:38:01,529 INFO     ___FILE_ONLY___ ═
2024-12-09 09:38:01,530 INFO     ___FILE_ONLY___ ═
2024-12-09 09:38:01,530 INFO     ___FILE_ONLY___ ═
2024-12-09 09:38:01,531 INFO     ___FILE_ONLY___ ═
2024-12-09 09:38:01,531 INFO     ___FILE_ONLY___ ═
2024-12-09 09:38:01,531 INFO     ___FILE_ONLY___ ╝

2024-12-09 09:38:01,557 INFO     ___FILE_ONLY___ ╔════════════════════════════════════════════════════════════╗

2024-12-09 09:38:01,557 INFO     ___FILE_ONLY___ ╠═ Installing: Google Cloud CLI Core Libraries (Platform... ═╣

2024-12-09 09:38:01,557 INFO     ___FILE_ONLY___ ╚
2024-12-09 09:38:01,559 INFO     ___FILE_ONLY___ ══════════════════════════════
2024-12-09 09:38:01,560 INFO     ___FILE_ONLY___ ══════════════════════════════
2024-12-09 09:38:01,560 INFO     ___FILE_ONLY___ ╝

2024-12-09 09:38:01,585 INFO     ___FILE_ONLY___ ╔════════════════════════════════════════════════════════════╗

2024-12-09 09:38:01,585 INFO     ___FILE_ONLY___ ╠═ Installing: Minikube                                     ═╣

2024-12-09 09:38:01,585 INFO     ___FILE_ONLY___ ╚
2024-12-09 09:38:01,591 INFO     ___FILE_ONLY___ ════════════════════════════════════════════════════════════
2024-12-09 09:38:01,591 INFO     ___FILE_ONLY___ ╝

2024-12-09 09:38:01,609 INFO     ___FILE_ONLY___ ╔════════════════════════════════════════════════════════════╗

2024-12-09 09:38:01,609 INFO     ___FILE_ONLY___ ╠═ Installing: Minikube (Platform Specific)                 ═╣

2024-12-09 09:38:01,609 INFO     ___FILE_ONLY___ ╚
2024-12-09 09:38:01,942 INFO     ___FILE_ONLY___ ════════════════════════════════════════════════════════════
2024-12-09 09:38:01,942 INFO     ___FILE_ONLY___ ╝

2024-12-09 09:38:01,967 INFO     ___FILE_ONLY___ ╔════════════════════════════════════════════════════════════╗

2024-12-09 09:38:01,967 INFO     ___FILE_ONLY___ ╠═ Installing: Skaffold                                     ═╣

2024-12-09 09:38:01,967 INFO     ___FILE_ONLY___ ╚
2024-12-09 09:38:01,970 INFO     ___FILE_ONLY___ ════════════════════════════════════════════════════════════
2024-12-09 09:38:01,970 INFO     ___FILE_ONLY___ ╝

2024-12-09 09:38:01,990 INFO     ___FILE_ONLY___ ╔════════════════════════════════════════════════════════════╗

2024-12-09 09:38:01,990 INFO     ___FILE_ONLY___ ╠═ Installing: Skaffold (Platform Specific)                 ═╣

2024-12-09 09:38:01,990 INFO     ___FILE_ONLY___ ╚
2024-12-09 09:38:02,269 INFO     ___FILE_ONLY___ ════════════════════════════════════════════════════════════
2024-12-09 09:38:02,269 INFO     ___FILE_ONLY___ ╝

2024-12-09 09:38:02,295 INFO     ___FILE_ONLY___ ╔════════════════════════════════════════════════════════════╗

2024-12-09 09:38:02,295 INFO     ___FILE_ONLY___ ╠═ Installing: gcloud Alpha Commands                        ═╣

2024-12-09 09:38:02,295 INFO     ___FILE_ONLY___ ╚
2024-12-09 09:38:02,297 INFO     ___FILE_ONLY___ ════════════════════════════════════════════════════════════
2024-12-09 09:38:02,297 INFO     ___FILE_ONLY___ ╝

2024-12-09 09:38:02,318 INFO     ___FILE_ONLY___ ╔════════════════════════════════════════════════════════════╗

2024-12-09 09:38:02,318 INFO     ___FILE_ONLY___ ╠═ Installing: gcloud Beta Commands                         ═╣

2024-12-09 09:38:02,318 INFO     ___FILE_ONLY___ ╚
2024-12-09 09:38:02,320 INFO     ___FILE_ONLY___ ════════════════════════════════════════════════════════════
2024-12-09 09:38:02,320 INFO     ___FILE_ONLY___ ╝

2024-12-09 09:38:02,341 INFO     ___FILE_ONLY___ ╔════════════════════════════════════════════════════════════╗

2024-12-09 09:38:02,341 INFO     ___FILE_ONLY___ ╠═ Installing: gcloud cli dependencies (Platform Specific)  ═╣

2024-12-09 09:38:02,341 INFO     ___FILE_ONLY___ ╚
2024-12-09 09:38:02,343 INFO     ___FILE_ONLY___ ════════════════════════════════════════════════════════════
2024-12-09 09:38:02,343 INFO     ___FILE_ONLY___ ╝

2024-12-09 09:38:02,363 INFO     ___FILE_ONLY___ ╔════════════════════════════════════════════════════════════╗

2024-12-09 09:38:02,364 INFO     ___FILE_ONLY___ ╠═ Installing: gke-gcloud-auth-plugin                       ═╣

2024-12-09 09:38:02,364 INFO     ___FILE_ONLY___ ╚
2024-12-09 09:38:02,366 INFO     ___FILE_ONLY___ ════════════════════════════════════════════════════════════
2024-12-09 09:38:02,366 INFO     ___FILE_ONLY___ ╝

2024-12-09 09:38:02,383 INFO     ___FILE_ONLY___ ╔════════════════════════════════════════════════════════════╗

2024-12-09 09:38:02,383 INFO     ___FILE_ONLY___ ╠═ Installing: gke-gcloud-auth-plugin (Platform Specific)   ═╣

2024-12-09 09:38:02,384 INFO     ___FILE_ONLY___ ╚
2024-12-09 09:38:02,440 INFO     ___FILE_ONLY___ ════════════════════════════════════════════════════════════
2024-12-09 09:38:02,440 INFO     ___FILE_ONLY___ ╝

2024-12-09 09:38:02,465 INFO     ___FILE_ONLY___ ╔════════════════════════════════════════════════════════════╗

2024-12-09 09:38:02,465 INFO     ___FILE_ONLY___ ╠═ Installing: kubectl                                      ═╣

2024-12-09 09:38:02,465 INFO     ___FILE_ONLY___ ╚
2024-12-09 09:38:02,468 INFO     ___FILE_ONLY___ ════════════════════════════════════════════════════════════
2024-12-09 09:38:02,468 INFO     ___FILE_ONLY___ ╝

2024-12-09 09:38:02,492 INFO     ___FILE_ONLY___ ╔════════════════════════════════════════════════════════════╗

2024-12-09 09:38:02,492 INFO     ___FILE_ONLY___ ╠═ Installing: kubectl (Platform Specific)                  ═╣

2024-12-09 09:38:02,492 INFO     ___FILE_ONLY___ ╚
2024-12-09 09:38:03,029 INFO     ___FILE_ONLY___ ══════════
2024-12-09 09:38:03,123 INFO     ___FILE_ONLY___ ══════════
2024-12-09 09:38:03,219 INFO     ___FILE_ONLY___ ══════════
2024-12-09 09:38:03,316 INFO     ___FILE_ONLY___ ══════════
2024-12-09 09:38:03,415 INFO     ___FILE_ONLY___ ══════════
2024-12-09 09:38:03,522 INFO     ___FILE_ONLY___ ══════════
2024-12-09 09:38:03,522 INFO     ___FILE_ONLY___ ╝

2024-12-09 09:38:03,544 DEBUG    root            Updating notification cache...
2024-12-09 09:38:03,545 INFO     ___FILE_ONLY___ 

2024-12-09 09:38:03,568 INFO     ___FILE_ONLY___ Performing post processing steps...
2024-12-09 09:38:03,568 DEBUG    root            Executing command: ['/Users/wbrunson/Library/Application Support/cloud-code/installer/google-cloud-sdk/bin/gcloud', 'components', 'post-process', '--no-compile-python']
2024-12-09 09:38:04,157 DEBUG    ___FILE_ONLY___ 
2024-12-09 09:38:04,157 DEBUG    ___FILE_ONLY___ 
2024-12-09 09:38:04,339 INFO     ___FILE_ONLY___ 
Update done!


2024-12-09 09:38:04,497 WARNING  root              There are other instances of Google Cloud tools on your system PATH.
  Please remove the following to avoid confusion or accidental invocation:

  /Applications/Rancher Desktop.app/Contents/Resources/resources/darwin/bin/kuberlr

  
2024-12-09 09:38:04,606 DEBUG    root            Chosen display Format:none
2024-12-09 09:38:04,607 INFO     root            Display format: "none"
2024-12-09 09:38:04,610 DEBUG    root            Executing command: ['curl', '--silent', '-O', 'https://dl.google.com/dl/cloudsdk/channels/rapid/python-3.11.6-macos11.tar.gz']
2024-12-09 09:38:12,495 DEBUG    root            Executing command: ['tar', '-xf', 'python-3.11.6-macos11.tar.gz']
2024-12-09 09:38:12,560 DEBUG    root            Executing command: ['sudo', 'installer', '-target', '/', '-pkg', './python-3.11.6-macos11.pkg']
