2024-12-09 09:38:46,322 DEBUG    root            Metrics collector initialized...
2024-12-09 09:38:46,322 DEBUG    root            Loaded Command Group: ['gcloud', 'components']
2024-12-09 09:38:46,324 DEBUG    root            Loaded Command Group: ['gcloud', 'components', 'update']
2024-12-09 09:38:46,325 DEBUG    root            Running [gcloud.components.update] with arguments: [--no-compile-python: "False", --quiet: "True", COMPONENT-IDS:6: "['alpha', 'beta', 'gke-gcloud-auth-plugin', 'kubectl', 'skaffold', 'minikube']"]
2024-12-09 09:38:46,325 INFO     ___FILE_ONLY___ Beginning update. This process may take several minutes.

2024-12-09 09:38:46,334 DEBUG    urllib3.connectionpool Starting new HTTPS connection (1): dl.google.com:443
2024-12-09 09:38:46,486 DEBUG    urllib3.connectionpool https://dl.google.com:443 "GET /dl/cloudsdk/channels/rapid/components-2.json HTTP/1.1" 200 227816
2024-12-09 09:38:46,587 INFO     ___FILE_ONLY___ 

2024-12-09 09:38:46,588 INFO     ___FILE_ONLY___ 
Your current Google Cloud CLI version is: 502.0.0

2024-12-09 09:38:46,588 INFO     ___FILE_ONLY___ Installing components from version: 502.0.0

2024-12-09 09:38:46,588 INFO     ___FILE_ONLY___ 

2024-12-09 09:38:46,589 DEBUG    root            Chosen display Format:table[box,title="These components will be removed."](details.display_name:label=Name:align=left,version.version_string:label=Version:align=right,data.size.size(zero="",min=1048576):label=Size:align=right)
2024-12-09 09:38:46,589 DEBUG    root            Chosen display Format:table[box,title="These components will be updated."](details.display_name:label=Name:align=left,version.version_string:label=Version:align=right,data.size.size(zero="",min=1048576):label=Size:align=right)
2024-12-09 09:38:46,589 DEBUG    root            Chosen display Format:table[box,title="These components will be installed."](details.display_name:label=Name:align=left,version.version_string:label=Version:align=right,data.size.size(zero="",min=1048576):label=Size:align=right)
2024-12-09 09:38:46,611 INFO     ___FILE_ONLY___ ┌─────────────────────────────────────────────────────────────────────────────┐
2024-12-09 09:38:46,611 INFO     ___FILE_ONLY___ 

2024-12-09 09:38:46,611 INFO     ___FILE_ONLY___ │                     These components will be installed.                     │
2024-12-09 09:38:46,611 INFO     ___FILE_ONLY___ 

2024-12-09 09:38:46,611 INFO     ___FILE_ONLY___ ├─────────────────────────────────────────────────────┬────────────┬──────────┤
2024-12-09 09:38:46,611 INFO     ___FILE_ONLY___ 

2024-12-09 09:38:46,611 INFO     ___FILE_ONLY___ │                         Name                        │  Version   │   Size   │
2024-12-09 09:38:46,611 INFO     ___FILE_ONLY___ 

2024-12-09 09:38:46,611 INFO     ___FILE_ONLY___ ├─────────────────────────────────────────────────────┼────────────┼──────────┤
2024-12-09 09:38:46,611 INFO     ___FILE_ONLY___ 

2024-12-09 09:38:46,611 INFO     ___FILE_ONLY___ │ 
2024-12-09 09:38:46,611 INFO     ___FILE_ONLY___ Google Cloud CLI Core Libraries (Platform Specific)
2024-12-09 09:38:46,611 INFO     ___FILE_ONLY___  
2024-12-09 09:38:46,611 INFO     ___FILE_ONLY___ │ 
2024-12-09 09:38:46,611 INFO     ___FILE_ONLY___ 2024.08.30
2024-12-09 09:38:46,611 INFO     ___FILE_ONLY___  
2024-12-09 09:38:46,611 INFO     ___FILE_ONLY___ │ 
2024-12-09 09:38:46,611 INFO     ___FILE_ONLY___  < 1 MiB
2024-12-09 09:38:46,612 INFO     ___FILE_ONLY___  
2024-12-09 09:38:46,612 INFO     ___FILE_ONLY___ │
2024-12-09 09:38:46,612 INFO     ___FILE_ONLY___ 

2024-12-09 09:38:46,612 INFO     ___FILE_ONLY___ │ 
2024-12-09 09:38:46,612 INFO     ___FILE_ONLY___ Minikube (Platform Specific)                       
2024-12-09 09:38:46,612 INFO     ___FILE_ONLY___  
2024-12-09 09:38:46,612 INFO     ___FILE_ONLY___ │ 
2024-12-09 09:38:46,612 INFO     ___FILE_ONLY___     1.34.0
2024-12-09 09:38:46,612 INFO     ___FILE_ONLY___  
2024-12-09 09:38:46,612 INFO     ___FILE_ONLY___ │ 
2024-12-09 09:38:46,612 INFO     ___FILE_ONLY___ 37.2 MiB
2024-12-09 09:38:46,612 INFO     ___FILE_ONLY___  
2024-12-09 09:38:46,612 INFO     ___FILE_ONLY___ │
2024-12-09 09:38:46,612 INFO     ___FILE_ONLY___ 

2024-12-09 09:38:46,612 INFO     ___FILE_ONLY___ │ 
2024-12-09 09:38:46,612 INFO     ___FILE_ONLY___ Skaffold (Platform Specific)                       
2024-12-09 09:38:46,612 INFO     ___FILE_ONLY___  
2024-12-09 09:38:46,612 INFO     ___FILE_ONLY___ │ 
2024-12-09 09:38:46,612 INFO     ___FILE_ONLY___     2.13.1
2024-12-09 09:38:46,612 INFO     ___FILE_ONLY___  
2024-12-09 09:38:46,612 INFO     ___FILE_ONLY___ │ 
2024-12-09 09:38:46,612 INFO     ___FILE_ONLY___ 22.9 MiB
2024-12-09 09:38:46,612 INFO     ___FILE_ONLY___  
2024-12-09 09:38:46,612 INFO     ___FILE_ONLY___ │
2024-12-09 09:38:46,612 INFO     ___FILE_ONLY___ 

2024-12-09 09:38:46,612 INFO     ___FILE_ONLY___ │ 
2024-12-09 09:38:46,612 INFO     ___FILE_ONLY___ gcloud Alpha Commands                              
2024-12-09 09:38:46,612 INFO     ___FILE_ONLY___  
2024-12-09 09:38:46,612 INFO     ___FILE_ONLY___ │ 
2024-12-09 09:38:46,612 INFO     ___FILE_ONLY___ 2024.11.15
2024-12-09 09:38:46,612 INFO     ___FILE_ONLY___  
2024-12-09 09:38:46,612 INFO     ___FILE_ONLY___ │ 
2024-12-09 09:38:46,612 INFO     ___FILE_ONLY___  < 1 MiB
2024-12-09 09:38:46,613 INFO     ___FILE_ONLY___  
2024-12-09 09:38:46,613 INFO     ___FILE_ONLY___ │
2024-12-09 09:38:46,613 INFO     ___FILE_ONLY___ 

2024-12-09 09:38:46,613 INFO     ___FILE_ONLY___ │ 
2024-12-09 09:38:46,613 INFO     ___FILE_ONLY___ gcloud Beta Commands                               
2024-12-09 09:38:46,613 INFO     ___FILE_ONLY___  
2024-12-09 09:38:46,613 INFO     ___FILE_ONLY___ │ 
2024-12-09 09:38:46,613 INFO     ___FILE_ONLY___ 2024.11.15
2024-12-09 09:38:46,613 INFO     ___FILE_ONLY___  
2024-12-09 09:38:46,613 INFO     ___FILE_ONLY___ │ 
2024-12-09 09:38:46,613 INFO     ___FILE_ONLY___  < 1 MiB
2024-12-09 09:38:46,613 INFO     ___FILE_ONLY___  
2024-12-09 09:38:46,613 INFO     ___FILE_ONLY___ │
2024-12-09 09:38:46,613 INFO     ___FILE_ONLY___ 

2024-12-09 09:38:46,613 INFO     ___FILE_ONLY___ │ 
2024-12-09 09:38:46,613 INFO     ___FILE_ONLY___ gcloud cli dependencies (Platform Specific)        
2024-12-09 09:38:46,613 INFO     ___FILE_ONLY___  
2024-12-09 09:38:46,613 INFO     ___FILE_ONLY___ │ 
2024-12-09 09:38:46,613 INFO     ___FILE_ONLY___ 2021.04.16
2024-12-09 09:38:46,613 INFO     ___FILE_ONLY___  
2024-12-09 09:38:46,613 INFO     ___FILE_ONLY___ │ 
2024-12-09 09:38:46,613 INFO     ___FILE_ONLY___  < 1 MiB
2024-12-09 09:38:46,613 INFO     ___FILE_ONLY___  
2024-12-09 09:38:46,613 INFO     ___FILE_ONLY___ │
2024-12-09 09:38:46,613 INFO     ___FILE_ONLY___ 

2024-12-09 09:38:46,613 INFO     ___FILE_ONLY___ │ 
2024-12-09 09:38:46,613 INFO     ___FILE_ONLY___ gke-gcloud-auth-plugin (Platform Specific)         
2024-12-09 09:38:46,613 INFO     ___FILE_ONLY___  
2024-12-09 09:38:46,613 INFO     ___FILE_ONLY___ │ 
2024-12-09 09:38:46,613 INFO     ___FILE_ONLY___      0.5.9
2024-12-09 09:38:46,613 INFO     ___FILE_ONLY___  
2024-12-09 09:38:46,613 INFO     ___FILE_ONLY___ │ 
2024-12-09 09:38:46,613 INFO     ___FILE_ONLY___  4.0 MiB
2024-12-09 09:38:46,613 INFO     ___FILE_ONLY___  
2024-12-09 09:38:46,613 INFO     ___FILE_ONLY___ │
2024-12-09 09:38:46,614 INFO     ___FILE_ONLY___ 

2024-12-09 09:38:46,614 INFO     ___FILE_ONLY___ │ 
2024-12-09 09:38:46,614 INFO     ___FILE_ONLY___ kubectl                                            
2024-12-09 09:38:46,614 INFO     ___FILE_ONLY___  
2024-12-09 09:38:46,614 INFO     ___FILE_ONLY___ │ 
2024-12-09 09:38:46,614 INFO     ___FILE_ONLY___     1.30.5
2024-12-09 09:38:46,614 INFO     ___FILE_ONLY___  
2024-12-09 09:38:46,614 INFO     ___FILE_ONLY___ │ 
2024-12-09 09:38:46,614 INFO     ___FILE_ONLY___  < 1 MiB
2024-12-09 09:38:46,614 INFO     ___FILE_ONLY___  
2024-12-09 09:38:46,614 INFO     ___FILE_ONLY___ │
2024-12-09 09:38:46,614 INFO     ___FILE_ONLY___ 

2024-12-09 09:38:46,614 INFO     ___FILE_ONLY___ │ 
2024-12-09 09:38:46,614 INFO     ___FILE_ONLY___ kubectl (Platform Specific)                        
2024-12-09 09:38:46,614 INFO     ___FILE_ONLY___  
2024-12-09 09:38:46,614 INFO     ___FILE_ONLY___ │ 
2024-12-09 09:38:46,614 INFO     ___FILE_ONLY___     1.30.6
2024-12-09 09:38:46,614 INFO     ___FILE_ONLY___  
2024-12-09 09:38:46,614 INFO     ___FILE_ONLY___ │ 
2024-12-09 09:38:46,614 INFO     ___FILE_ONLY___ 86.1 MiB
2024-12-09 09:38:46,614 INFO     ___FILE_ONLY___  
2024-12-09 09:38:46,614 INFO     ___FILE_ONLY___ │
2024-12-09 09:38:46,614 INFO     ___FILE_ONLY___ 

2024-12-09 09:38:46,614 INFO     ___FILE_ONLY___ └─────────────────────────────────────────────────────┴────────────┴──────────┘
2024-12-09 09:38:46,614 INFO     ___FILE_ONLY___ 

2024-12-09 09:38:46,614 INFO     ___FILE_ONLY___ 

2024-12-09 09:38:46,617 DEBUG    urllib3.connectionpool Starting new HTTPS connection (1): dl.google.com:443
2024-12-09 09:38:46,791 DEBUG    urllib3.connectionpool https://dl.google.com:443 "GET /dl/cloudsdk/channels/rapid/RELEASE_NOTES HTTP/1.1" 200 1314602
2024-12-09 09:38:46,990 INFO     ___FILE_ONLY___ For the latest full release notes, please visit:
  https://cloud.google.com/sdk/release_notes


2024-12-09 09:38:46,991 INFO     ___FILE_ONLY___ Performing in place update...


2024-12-09 09:38:47,009 INFO     ___FILE_ONLY___ ╔════════════════════════════════════════════════════════════╗

2024-12-09 09:38:47,009 INFO     ___FILE_ONLY___ ╠═ Downloading: Google Cloud CLI Core Libraries (Platfor... ═╣

2024-12-09 09:38:47,009 INFO     ___FILE_ONLY___ ╚
2024-12-09 09:38:47,012 DEBUG    urllib3.connectionpool Starting new HTTPS connection (1): dl.google.com:443
2024-12-09 09:38:47,143 DEBUG    urllib3.connectionpool https://dl.google.com:443 "GET /dl/cloudsdk/channels/rapid/components/google-cloud-sdk-core-nix-20240830134514.tar.gz HTTP/1.1" 200 2306
2024-12-09 09:38:47,145 INFO     ___FILE_ONLY___ ════════════════════════════════════════════════════════════
2024-12-09 09:38:47,145 INFO     ___FILE_ONLY___ ╝

2024-12-09 09:38:47,174 INFO     ___FILE_ONLY___ ╔════════════════════════════════════════════════════════════╗

2024-12-09 09:38:47,174 INFO     ___FILE_ONLY___ ╠═ Downloading: Minikube                                    ═╣

2024-12-09 09:38:47,174 INFO     ___FILE_ONLY___ ╚
2024-12-09 09:38:47,174 INFO     ___FILE_ONLY___ ════════════════════════════════════════════════════════════
2024-12-09 09:38:47,174 INFO     ___FILE_ONLY___ ╝

2024-12-09 09:38:47,199 INFO     ___FILE_ONLY___ ╔════════════════════════════════════════════════════════════╗

2024-12-09 09:38:47,200 INFO     ___FILE_ONLY___ ╠═ Downloading: Minikube (Platform Specific)                ═╣

2024-12-09 09:38:47,200 INFO     ___FILE_ONLY___ ╚
2024-12-09 09:38:47,203 DEBUG    urllib3.connectionpool Starting new HTTPS connection (1): dl.google.com:443
2024-12-09 09:38:47,348 DEBUG    urllib3.connectionpool https://dl.google.com:443 "GET /dl/cloudsdk/channels/rapid/components/google-cloud-sdk-minikube-darwin-arm-20240927140238.tar.gz HTTP/1.1" 200 38981244
2024-12-09 09:38:52,054 INFO     ___FILE_ONLY___ ═
2024-12-09 09:38:52,055 INFO     ___FILE_ONLY___ ═
2024-12-09 09:38:52,055 INFO     ___FILE_ONLY___ ═
2024-12-09 09:38:52,055 INFO     ___FILE_ONLY___ ═
2024-12-09 09:38:52,055 INFO     ___FILE_ONLY___ ═
2024-12-09 09:38:52,056 INFO     ___FILE_ONLY___ ═
2024-12-09 09:38:52,056 INFO     ___FILE_ONLY___ ═
2024-12-09 09:38:52,056 INFO     ___FILE_ONLY___ ═
2024-12-09 09:38:52,057 INFO     ___FILE_ONLY___ ═
2024-12-09 09:38:52,057 INFO     ___FILE_ONLY___ ═
2024-12-09 09:38:52,057 INFO     ___FILE_ONLY___ ═
2024-12-09 09:38:52,057 INFO     ___FILE_ONLY___ ═
2024-12-09 09:38:52,058 INFO     ___FILE_ONLY___ ═
2024-12-09 09:38:52,058 INFO     ___FILE_ONLY___ ═
2024-12-09 09:38:52,058 INFO     ___FILE_ONLY___ ═
2024-12-09 09:38:52,059 INFO     ___FILE_ONLY___ ═
2024-12-09 09:38:52,059 INFO     ___FILE_ONLY___ ═
2024-12-09 09:38:52,059 INFO     ___FILE_ONLY___ ═
2024-12-09 09:38:52,060 INFO     ___FILE_ONLY___ ═
2024-12-09 09:38:52,060 INFO     ___FILE_ONLY___ ═
2024-12-09 09:38:52,060 INFO     ___FILE_ONLY___ ═
2024-12-09 09:38:52,061 INFO     ___FILE_ONLY___ ═
2024-12-09 09:38:52,061 INFO     ___FILE_ONLY___ ═
2024-12-09 09:38:52,061 INFO     ___FILE_ONLY___ ═
2024-12-09 09:38:52,061 INFO     ___FILE_ONLY___ ═
2024-12-09 09:38:52,062 INFO     ___FILE_ONLY___ ═
2024-12-09 09:38:52,062 INFO     ___FILE_ONLY___ ═
2024-12-09 09:38:52,062 INFO     ___FILE_ONLY___ ═
2024-12-09 09:38:52,063 INFO     ___FILE_ONLY___ ═
2024-12-09 09:38:52,063 INFO     ___FILE_ONLY___ ═
2024-12-09 09:38:52,063 INFO     ___FILE_ONLY___ ═
2024-12-09 09:38:52,064 INFO     ___FILE_ONLY___ ═
2024-12-09 09:38:52,064 INFO     ___FILE_ONLY___ ═
2024-12-09 09:38:52,064 INFO     ___FILE_ONLY___ ═
2024-12-09 09:38:52,064 INFO     ___FILE_ONLY___ ═
2024-12-09 09:38:52,065 INFO     ___FILE_ONLY___ ═
2024-12-09 09:38:52,065 INFO     ___FILE_ONLY___ ═
2024-12-09 09:38:52,065 INFO     ___FILE_ONLY___ ═
2024-12-09 09:38:52,066 INFO     ___FILE_ONLY___ ═
2024-12-09 09:38:52,066 INFO     ___FILE_ONLY___ ═
2024-12-09 09:38:52,066 INFO     ___FILE_ONLY___ ═
2024-12-09 09:38:52,067 INFO     ___FILE_ONLY___ ═
2024-12-09 09:38:52,067 INFO     ___FILE_ONLY___ ═
2024-12-09 09:38:52,067 INFO     ___FILE_ONLY___ ═
2024-12-09 09:38:52,067 INFO     ___FILE_ONLY___ ═
2024-12-09 09:38:52,068 INFO     ___FILE_ONLY___ ═
2024-12-09 09:38:52,068 INFO     ___FILE_ONLY___ ═
2024-12-09 09:38:52,068 INFO     ___FILE_ONLY___ ═
2024-12-09 09:38:52,069 INFO     ___FILE_ONLY___ ═
2024-12-09 09:38:52,069 INFO     ___FILE_ONLY___ ═
2024-12-09 09:38:52,069 INFO     ___FILE_ONLY___ ═
2024-12-09 09:38:52,069 INFO     ___FILE_ONLY___ ═
2024-12-09 09:38:52,070 INFO     ___FILE_ONLY___ ═
2024-12-09 09:38:52,070 INFO     ___FILE_ONLY___ ═
2024-12-09 09:38:52,070 INFO     ___FILE_ONLY___ ═
2024-12-09 09:38:52,070 INFO     ___FILE_ONLY___ ═
2024-12-09 09:38:52,071 INFO     ___FILE_ONLY___ ═
2024-12-09 09:38:52,071 INFO     ___FILE_ONLY___ ═
2024-12-09 09:38:52,071 INFO     ___FILE_ONLY___ ═
2024-12-09 09:38:52,072 INFO     ___FILE_ONLY___ ═
2024-12-09 09:38:52,072 INFO     ___FILE_ONLY___ ╝

2024-12-09 09:38:52,094 INFO     ___FILE_ONLY___ ╔════════════════════════════════════════════════════════════╗

2024-12-09 09:38:52,094 INFO     ___FILE_ONLY___ ╠═ Downloading: Skaffold                                    ═╣

2024-12-09 09:38:52,094 INFO     ___FILE_ONLY___ ╚
2024-12-09 09:38:52,094 INFO     ___FILE_ONLY___ ════════════════════════════════════════════════════════════
2024-12-09 09:38:52,094 INFO     ___FILE_ONLY___ ╝

2024-12-09 09:38:52,112 INFO     ___FILE_ONLY___ ╔════════════════════════════════════════════════════════════╗

2024-12-09 09:38:52,112 INFO     ___FILE_ONLY___ ╠═ Downloading: Skaffold (Platform Specific)                ═╣

2024-12-09 09:38:52,112 INFO     ___FILE_ONLY___ ╚
2024-12-09 09:38:52,114 DEBUG    urllib3.connectionpool Starting new HTTPS connection (1): dl.google.com:443
2024-12-09 09:38:52,274 DEBUG    urllib3.connectionpool https://dl.google.com:443 "GET /dl/cloudsdk/channels/rapid/components/google-cloud-sdk-skaffold-darwin-arm-20240806142304.tar.gz HTTP/1.1" 200 24031362
2024-12-09 09:38:56,310 INFO     ___FILE_ONLY___ ═
2024-12-09 09:38:56,311 INFO     ___FILE_ONLY___ ═
2024-12-09 09:38:56,311 INFO     ___FILE_ONLY___ ═
2024-12-09 09:38:56,311 INFO     ___FILE_ONLY___ ═
2024-12-09 09:38:56,311 INFO     ___FILE_ONLY___ ═
2024-12-09 09:38:56,312 INFO     ___FILE_ONLY___ ═
2024-12-09 09:38:56,312 INFO     ___FILE_ONLY___ ═
2024-12-09 09:38:56,312 INFO     ___FILE_ONLY___ ═
2024-12-09 09:38:56,312 INFO     ___FILE_ONLY___ ═
2024-12-09 09:38:56,312 INFO     ___FILE_ONLY___ ═
2024-12-09 09:38:56,313 INFO     ___FILE_ONLY___ ═
2024-12-09 09:38:56,313 INFO     ___FILE_ONLY___ ═
2024-12-09 09:38:56,313 INFO     ___FILE_ONLY___ ═
2024-12-09 09:38:56,313 INFO     ___FILE_ONLY___ ═
2024-12-09 09:38:56,313 INFO     ___FILE_ONLY___ ═
2024-12-09 09:38:56,314 INFO     ___FILE_ONLY___ ═
2024-12-09 09:38:56,314 INFO     ___FILE_ONLY___ ═
2024-12-09 09:38:56,314 INFO     ___FILE_ONLY___ ═
2024-12-09 09:38:56,314 INFO     ___FILE_ONLY___ ═
2024-12-09 09:38:56,314 INFO     ___FILE_ONLY___ ═
2024-12-09 09:38:56,315 INFO     ___FILE_ONLY___ ═
2024-12-09 09:38:56,315 INFO     ___FILE_ONLY___ ═
2024-12-09 09:38:56,315 INFO     ___FILE_ONLY___ ═
2024-12-09 09:38:56,315 INFO     ___FILE_ONLY___ ═
2024-12-09 09:38:56,316 INFO     ___FILE_ONLY___ ═
2024-12-09 09:38:56,316 INFO     ___FILE_ONLY___ ═
2024-12-09 09:38:56,316 INFO     ___FILE_ONLY___ ═
2024-12-09 09:38:56,316 INFO     ___FILE_ONLY___ ═
2024-12-09 09:38:56,316 INFO     ___FILE_ONLY___ ═
2024-12-09 09:38:56,317 INFO     ___FILE_ONLY___ ═
2024-12-09 09:38:56,317 INFO     ___FILE_ONLY___ ═
2024-12-09 09:38:56,317 INFO     ___FILE_ONLY___ ═
2024-12-09 09:38:56,317 INFO     ___FILE_ONLY___ ═
2024-12-09 09:38:56,318 INFO     ___FILE_ONLY___ ═
2024-12-09 09:38:56,318 INFO     ___FILE_ONLY___ ═
2024-12-09 09:38:56,318 INFO     ___FILE_ONLY___ ═
2024-12-09 09:38:56,319 INFO     ___FILE_ONLY___ ═
2024-12-09 09:38:56,319 INFO     ___FILE_ONLY___ ═
2024-12-09 09:38:56,319 INFO     ___FILE_ONLY___ ═
2024-12-09 09:38:56,320 INFO     ___FILE_ONLY___ ═
2024-12-09 09:38:56,320 INFO     ___FILE_ONLY___ ═
2024-12-09 09:38:56,321 INFO     ___FILE_ONLY___ ═
2024-12-09 09:38:56,321 INFO     ___FILE_ONLY___ ═
2024-12-09 09:38:56,321 INFO     ___FILE_ONLY___ ═
2024-12-09 09:38:56,321 INFO     ___FILE_ONLY___ ═
2024-12-09 09:38:56,321 INFO     ___FILE_ONLY___ ═
2024-12-09 09:38:56,322 INFO     ___FILE_ONLY___ ═
2024-12-09 09:38:56,322 INFO     ___FILE_ONLY___ ═
2024-12-09 09:38:56,322 INFO     ___FILE_ONLY___ ═
2024-12-09 09:38:56,322 INFO     ___FILE_ONLY___ ═
2024-12-09 09:38:56,322 INFO     ___FILE_ONLY___ ═
2024-12-09 09:38:56,323 INFO     ___FILE_ONLY___ ═
2024-12-09 09:38:56,323 INFO     ___FILE_ONLY___ ═
2024-12-09 09:38:56,323 INFO     ___FILE_ONLY___ ═
2024-12-09 09:38:56,323 INFO     ___FILE_ONLY___ ═
2024-12-09 09:38:56,323 INFO     ___FILE_ONLY___ ═
2024-12-09 09:38:56,324 INFO     ___FILE_ONLY___ ═
2024-12-09 09:38:56,324 INFO     ___FILE_ONLY___ ═
2024-12-09 09:38:56,324 INFO     ___FILE_ONLY___ ═
2024-12-09 09:38:56,324 INFO     ___FILE_ONLY___ ═
2024-12-09 09:38:56,324 INFO     ___FILE_ONLY___ ╝

2024-12-09 09:38:56,348 INFO     ___FILE_ONLY___ ╔════════════════════════════════════════════════════════════╗

2024-12-09 09:38:56,349 INFO     ___FILE_ONLY___ ╠═ Downloading: gcloud Alpha Commands                       ═╣

2024-12-09 09:38:56,349 INFO     ___FILE_ONLY___ ╚
2024-12-09 09:38:56,351 DEBUG    urllib3.connectionpool Starting new HTTPS connection (1): dl.google.com:443
2024-12-09 09:38:56,494 DEBUG    urllib3.connectionpool https://dl.google.com:443 "GET /dl/cloudsdk/channels/rapid/components/google-cloud-sdk-alpha-20241115154308.tar.gz HTTP/1.1" 200 800
2024-12-09 09:38:56,496 INFO     ___FILE_ONLY___ ════════════════════════════════════════════════════════════
2024-12-09 09:38:56,496 INFO     ___FILE_ONLY___ ╝

2024-12-09 09:38:56,528 INFO     ___FILE_ONLY___ ╔════════════════════════════════════════════════════════════╗

2024-12-09 09:38:56,528 INFO     ___FILE_ONLY___ ╠═ Downloading: gcloud Beta Commands                        ═╣

2024-12-09 09:38:56,528 INFO     ___FILE_ONLY___ ╚
2024-12-09 09:38:56,530 DEBUG    urllib3.connectionpool Starting new HTTPS connection (1): dl.google.com:443
2024-12-09 09:38:56,681 DEBUG    urllib3.connectionpool https://dl.google.com:443 "GET /dl/cloudsdk/channels/rapid/components/google-cloud-sdk-beta-20241115154308.tar.gz HTTP/1.1" 200 797
2024-12-09 09:38:56,683 INFO     ___FILE_ONLY___ ════════════════════════════════════════════════════════════
2024-12-09 09:38:56,683 INFO     ___FILE_ONLY___ ╝

2024-12-09 09:38:56,730 INFO     ___FILE_ONLY___ ╔════════════════════════════════════════════════════════════╗

2024-12-09 09:38:56,730 INFO     ___FILE_ONLY___ ╠═ Downloading: gcloud cli dependencies (Platform Specific) ═╣

2024-12-09 09:38:56,731 INFO     ___FILE_ONLY___ ╚
2024-12-09 09:38:56,737 DEBUG    urllib3.connectionpool Starting new HTTPS connection (1): dl.google.com:443
2024-12-09 09:38:56,931 DEBUG    urllib3.connectionpool https://dl.google.com:443 "GET /dl/cloudsdk/channels/rapid/components/google-cloud-sdk-gcloud-deps-darwin-x86_64-20210416153011.tar.gz HTTP/1.1" 200 105
2024-12-09 09:38:56,933 INFO     ___FILE_ONLY___ ════════════════════════════════════════════════════════════
2024-12-09 09:38:56,934 INFO     ___FILE_ONLY___ ╝

2024-12-09 09:38:56,980 INFO     ___FILE_ONLY___ ╔════════════════════════════════════════════════════════════╗

2024-12-09 09:38:56,980 INFO     ___FILE_ONLY___ ╠═ Downloading: gke-gcloud-auth-plugin                      ═╣

2024-12-09 09:38:56,980 INFO     ___FILE_ONLY___ ╚
2024-12-09 09:38:56,980 INFO     ___FILE_ONLY___ ════════════════════════════════════════════════════════════
2024-12-09 09:38:56,981 INFO     ___FILE_ONLY___ ╝

2024-12-09 09:38:57,024 INFO     ___FILE_ONLY___ ╔════════════════════════════════════════════════════════════╗

2024-12-09 09:38:57,025 INFO     ___FILE_ONLY___ ╠═ Downloading: gke-gcloud-auth-plugin (Platform Specific)  ═╣

2024-12-09 09:38:57,025 INFO     ___FILE_ONLY___ ╚
2024-12-09 09:38:57,031 DEBUG    urllib3.connectionpool Starting new HTTPS connection (1): dl.google.com:443
2024-12-09 09:38:57,201 DEBUG    urllib3.connectionpool https://dl.google.com:443 "GET /dl/cloudsdk/channels/rapid/components/google-cloud-sdk-gke-gcloud-auth-plugin-darwin-arm-20240628141907.tar.gz HTTP/1.1" 200 4148014
2024-12-09 09:38:57,598 INFO     ___FILE_ONLY___ ═
2024-12-09 09:38:57,598 INFO     ___FILE_ONLY___ ═
2024-12-09 09:38:57,598 INFO     ___FILE_ONLY___ ═
2024-12-09 09:38:57,598 INFO     ___FILE_ONLY___ ═
2024-12-09 09:38:57,599 INFO     ___FILE_ONLY___ ═
2024-12-09 09:38:57,599 INFO     ___FILE_ONLY___ ═
2024-12-09 09:38:57,599 INFO     ___FILE_ONLY___ ═
2024-12-09 09:38:57,599 INFO     ___FILE_ONLY___ ═
2024-12-09 09:38:57,599 INFO     ___FILE_ONLY___ ═
2024-12-09 09:38:57,599 INFO     ___FILE_ONLY___ ═
2024-12-09 09:38:57,599 INFO     ___FILE_ONLY___ ═
2024-12-09 09:38:57,599 INFO     ___FILE_ONLY___ ═
2024-12-09 09:38:57,599 INFO     ___FILE_ONLY___ ═
2024-12-09 09:38:57,599 INFO     ___FILE_ONLY___ ═
2024-12-09 09:38:57,599 INFO     ___FILE_ONLY___ ═
2024-12-09 09:38:57,599 INFO     ___FILE_ONLY___ ═
2024-12-09 09:38:57,599 INFO     ___FILE_ONLY___ ═
2024-12-09 09:38:57,599 INFO     ___FILE_ONLY___ ═
2024-12-09 09:38:57,599 INFO     ___FILE_ONLY___ ═
2024-12-09 09:38:57,599 INFO     ___FILE_ONLY___ ═
2024-12-09 09:38:57,600 INFO     ___FILE_ONLY___ ═
2024-12-09 09:38:57,600 INFO     ___FILE_ONLY___ ═
2024-12-09 09:38:57,600 INFO     ___FILE_ONLY___ ═
2024-12-09 09:38:57,600 INFO     ___FILE_ONLY___ ═
2024-12-09 09:38:57,600 INFO     ___FILE_ONLY___ ═
2024-12-09 09:38:57,600 INFO     ___FILE_ONLY___ ═
2024-12-09 09:38:57,600 INFO     ___FILE_ONLY___ ═
2024-12-09 09:38:57,600 INFO     ___FILE_ONLY___ ═
2024-12-09 09:38:57,600 INFO     ___FILE_ONLY___ ═
2024-12-09 09:38:57,600 INFO     ___FILE_ONLY___ ═
2024-12-09 09:38:57,600 INFO     ___FILE_ONLY___ ═
2024-12-09 09:38:57,600 INFO     ___FILE_ONLY___ ═
2024-12-09 09:38:57,600 INFO     ___FILE_ONLY___ ═
2024-12-09 09:38:57,600 INFO     ___FILE_ONLY___ ═
2024-12-09 09:38:57,600 INFO     ___FILE_ONLY___ ═
2024-12-09 09:38:57,600 INFO     ___FILE_ONLY___ ═
2024-12-09 09:38:57,601 INFO     ___FILE_ONLY___ ═
2024-12-09 09:38:57,601 INFO     ___FILE_ONLY___ ═
2024-12-09 09:38:57,601 INFO     ___FILE_ONLY___ ═
2024-12-09 09:38:57,601 INFO     ___FILE_ONLY___ ═
2024-12-09 09:38:57,601 INFO     ___FILE_ONLY___ ═
2024-12-09 09:38:57,601 INFO     ___FILE_ONLY___ ═
2024-12-09 09:38:57,601 INFO     ___FILE_ONLY___ ═
2024-12-09 09:38:57,601 INFO     ___FILE_ONLY___ ═
2024-12-09 09:38:57,601 INFO     ___FILE_ONLY___ ═
2024-12-09 09:38:57,601 INFO     ___FILE_ONLY___ ═
2024-12-09 09:38:57,601 INFO     ___FILE_ONLY___ ═
2024-12-09 09:38:57,601 INFO     ___FILE_ONLY___ ═
2024-12-09 09:38:57,601 INFO     ___FILE_ONLY___ ═
2024-12-09 09:38:57,601 INFO     ___FILE_ONLY___ ═
2024-12-09 09:38:57,601 INFO     ___FILE_ONLY___ ═
2024-12-09 09:38:57,601 INFO     ___FILE_ONLY___ ═
2024-12-09 09:38:57,602 INFO     ___FILE_ONLY___ ═
2024-12-09 09:38:57,602 INFO     ___FILE_ONLY___ ═
2024-12-09 09:38:57,602 INFO     ___FILE_ONLY___ ═
2024-12-09 09:38:57,602 INFO     ___FILE_ONLY___ ═
2024-12-09 09:38:57,602 INFO     ___FILE_ONLY___ ═
2024-12-09 09:38:57,602 INFO     ___FILE_ONLY___ ═
2024-12-09 09:38:57,602 INFO     ___FILE_ONLY___ ═
2024-12-09 09:38:57,602 INFO     ___FILE_ONLY___ ═
2024-12-09 09:38:57,602 INFO     ___FILE_ONLY___ ╝

2024-12-09 09:38:57,624 INFO     ___FILE_ONLY___ ╔════════════════════════════════════════════════════════════╗

2024-12-09 09:38:57,624 INFO     ___FILE_ONLY___ ╠═ Downloading: kubectl                                     ═╣

2024-12-09 09:38:57,624 INFO     ___FILE_ONLY___ ╚
2024-12-09 09:38:57,630 DEBUG    urllib3.connectionpool Starting new HTTPS connection (1): dl.google.com:443
2024-12-09 09:38:57,778 DEBUG    urllib3.connectionpool https://dl.google.com:443 "GET /dl/cloudsdk/channels/rapid/components/google-cloud-sdk-kubectl-20241004144944.tar.gz HTTP/1.1" 200 36206
2024-12-09 09:38:57,816 INFO     ___FILE_ONLY___ ═══════════════════════════
2024-12-09 09:38:57,817 INFO     ___FILE_ONLY___ ═══════════════════════════
2024-12-09 09:38:57,817 INFO     ___FILE_ONLY___ ══════
2024-12-09 09:38:57,817 INFO     ___FILE_ONLY___ ╝

2024-12-09 09:38:57,865 INFO     ___FILE_ONLY___ ╔════════════════════════════════════════════════════════════╗

2024-12-09 09:38:57,866 INFO     ___FILE_ONLY___ ╠═ Downloading: kubectl (Platform Specific)                 ═╣

2024-12-09 09:38:57,866 INFO     ___FILE_ONLY___ ╚
2024-12-09 09:38:57,872 DEBUG    urllib3.connectionpool Starting new HTTPS connection (1): dl.google.com:443
2024-12-09 09:38:58,072 DEBUG    urllib3.connectionpool https://dl.google.com:443 "GET /dl/cloudsdk/channels/rapid/components/google-cloud-sdk-kubectl-darwin-arm-20241108162203.tar.gz HTTP/1.1" 200 90277960
2024-12-09 09:39:13,170 INFO     ___FILE_ONLY___ ═
2024-12-09 09:39:13,171 INFO     ___FILE_ONLY___ ═
2024-12-09 09:39:13,172 INFO     ___FILE_ONLY___ ═
2024-12-09 09:39:13,172 INFO     ___FILE_ONLY___ ═
2024-12-09 09:39:13,173 INFO     ___FILE_ONLY___ ═
2024-12-09 09:39:13,174 INFO     ___FILE_ONLY___ ═
2024-12-09 09:39:13,174 INFO     ___FILE_ONLY___ ═
2024-12-09 09:39:13,175 INFO     ___FILE_ONLY___ ═
2024-12-09 09:39:13,176 INFO     ___FILE_ONLY___ ═
2024-12-09 09:39:13,176 INFO     ___FILE_ONLY___ ═
2024-12-09 09:39:13,177 INFO     ___FILE_ONLY___ ═
2024-12-09 09:39:13,178 INFO     ___FILE_ONLY___ ═
2024-12-09 09:39:13,178 INFO     ___FILE_ONLY___ ═
2024-12-09 09:39:13,179 INFO     ___FILE_ONLY___ ═
2024-12-09 09:39:13,180 INFO     ___FILE_ONLY___ ═
2024-12-09 09:39:13,180 INFO     ___FILE_ONLY___ ═
2024-12-09 09:39:13,181 INFO     ___FILE_ONLY___ ═
2024-12-09 09:39:13,182 INFO     ___FILE_ONLY___ ═
2024-12-09 09:39:13,182 INFO     ___FILE_ONLY___ ═
2024-12-09 09:39:13,183 INFO     ___FILE_ONLY___ ═
2024-12-09 09:39:13,184 INFO     ___FILE_ONLY___ ═
2024-12-09 09:39:13,184 INFO     ___FILE_ONLY___ ═
2024-12-09 09:39:13,185 INFO     ___FILE_ONLY___ ═
2024-12-09 09:39:13,186 INFO     ___FILE_ONLY___ ═
2024-12-09 09:39:13,186 INFO     ___FILE_ONLY___ ═
2024-12-09 09:39:13,187 INFO     ___FILE_ONLY___ ═
2024-12-09 09:39:13,187 INFO     ___FILE_ONLY___ ═
2024-12-09 09:39:13,188 INFO     ___FILE_ONLY___ ═
2024-12-09 09:39:13,189 INFO     ___FILE_ONLY___ ═
2024-12-09 09:39:13,189 INFO     ___FILE_ONLY___ ═
2024-12-09 09:39:13,190 INFO     ___FILE_ONLY___ ═
2024-12-09 09:39:13,190 INFO     ___FILE_ONLY___ ═
2024-12-09 09:39:13,191 INFO     ___FILE_ONLY___ ═
2024-12-09 09:39:13,192 INFO     ___FILE_ONLY___ ═
2024-12-09 09:39:13,192 INFO     ___FILE_ONLY___ ═
2024-12-09 09:39:13,193 INFO     ___FILE_ONLY___ ═
2024-12-09 09:39:13,194 INFO     ___FILE_ONLY___ ═
2024-12-09 09:39:13,194 INFO     ___FILE_ONLY___ ═
2024-12-09 09:39:13,195 INFO     ___FILE_ONLY___ ═
2024-12-09 09:39:13,196 INFO     ___FILE_ONLY___ ═
2024-12-09 09:39:13,196 INFO     ___FILE_ONLY___ ═
2024-12-09 09:39:13,197 INFO     ___FILE_ONLY___ ═
2024-12-09 09:39:13,197 INFO     ___FILE_ONLY___ ═
2024-12-09 09:39:13,198 INFO     ___FILE_ONLY___ ═
2024-12-09 09:39:13,199 INFO     ___FILE_ONLY___ ═
2024-12-09 09:39:13,200 INFO     ___FILE_ONLY___ ═
2024-12-09 09:39:13,200 INFO     ___FILE_ONLY___ ═
2024-12-09 09:39:13,201 INFO     ___FILE_ONLY___ ═
2024-12-09 09:39:13,201 INFO     ___FILE_ONLY___ ═
2024-12-09 09:39:13,202 INFO     ___FILE_ONLY___ ═
2024-12-09 09:39:13,203 INFO     ___FILE_ONLY___ ═
2024-12-09 09:39:13,203 INFO     ___FILE_ONLY___ ═
2024-12-09 09:39:13,204 INFO     ___FILE_ONLY___ ═
2024-12-09 09:39:13,204 INFO     ___FILE_ONLY___ ═
2024-12-09 09:39:13,205 INFO     ___FILE_ONLY___ ═
2024-12-09 09:39:13,206 INFO     ___FILE_ONLY___ ═
2024-12-09 09:39:13,206 INFO     ___FILE_ONLY___ ═
2024-12-09 09:39:13,207 INFO     ___FILE_ONLY___ ═
2024-12-09 09:39:13,208 INFO     ___FILE_ONLY___ ═
2024-12-09 09:39:13,208 INFO     ___FILE_ONLY___ ═
2024-12-09 09:39:13,208 INFO     ___FILE_ONLY___ ╝

2024-12-09 09:39:13,231 INFO     ___FILE_ONLY___ ╔════════════════════════════════════════════════════════════╗

2024-12-09 09:39:13,231 INFO     ___FILE_ONLY___ ╠═ Installing: Google Cloud CLI Core Libraries (Platform... ═╣

2024-12-09 09:39:13,231 INFO     ___FILE_ONLY___ ╚
2024-12-09 09:39:13,234 INFO     ___FILE_ONLY___ ══════════════════════════════
2024-12-09 09:39:13,234 INFO     ___FILE_ONLY___ ══════════════════════════════
2024-12-09 09:39:13,234 INFO     ___FILE_ONLY___ ╝

2024-12-09 09:39:13,257 INFO     ___FILE_ONLY___ ╔════════════════════════════════════════════════════════════╗

2024-12-09 09:39:13,257 INFO     ___FILE_ONLY___ ╠═ Installing: Minikube                                     ═╣

2024-12-09 09:39:13,257 INFO     ___FILE_ONLY___ ╚
2024-12-09 09:39:13,262 INFO     ___FILE_ONLY___ ════════════════════════════════════════════════════════════
2024-12-09 09:39:13,262 INFO     ___FILE_ONLY___ ╝

2024-12-09 09:39:13,285 INFO     ___FILE_ONLY___ ╔════════════════════════════════════════════════════════════╗

2024-12-09 09:39:13,285 INFO     ___FILE_ONLY___ ╠═ Installing: Minikube (Platform Specific)                 ═╣

2024-12-09 09:39:13,285 INFO     ___FILE_ONLY___ ╚
2024-12-09 09:39:13,623 INFO     ___FILE_ONLY___ ════════════════════════════════════════════════════════════
2024-12-09 09:39:13,623 INFO     ___FILE_ONLY___ ╝

2024-12-09 09:39:13,650 INFO     ___FILE_ONLY___ ╔════════════════════════════════════════════════════════════╗

2024-12-09 09:39:13,650 INFO     ___FILE_ONLY___ ╠═ Installing: Skaffold                                     ═╣

2024-12-09 09:39:13,650 INFO     ___FILE_ONLY___ ╚
2024-12-09 09:39:13,652 INFO     ___FILE_ONLY___ ════════════════════════════════════════════════════════════
2024-12-09 09:39:13,652 INFO     ___FILE_ONLY___ ╝

2024-12-09 09:39:13,674 INFO     ___FILE_ONLY___ ╔════════════════════════════════════════════════════════════╗

2024-12-09 09:39:13,675 INFO     ___FILE_ONLY___ ╠═ Installing: Skaffold (Platform Specific)                 ═╣

2024-12-09 09:39:13,675 INFO     ___FILE_ONLY___ ╚
2024-12-09 09:39:13,954 INFO     ___FILE_ONLY___ ════════════════════════════════════════════════════════════
2024-12-09 09:39:13,954 INFO     ___FILE_ONLY___ ╝

2024-12-09 09:39:13,981 INFO     ___FILE_ONLY___ ╔════════════════════════════════════════════════════════════╗

2024-12-09 09:39:13,981 INFO     ___FILE_ONLY___ ╠═ Installing: gcloud Alpha Commands                        ═╣

2024-12-09 09:39:13,981 INFO     ___FILE_ONLY___ ╚
2024-12-09 09:39:13,984 INFO     ___FILE_ONLY___ ════════════════════════════════════════════════════════════
2024-12-09 09:39:13,984 INFO     ___FILE_ONLY___ ╝

2024-12-09 09:39:14,008 INFO     ___FILE_ONLY___ ╔════════════════════════════════════════════════════════════╗

2024-12-09 09:39:14,009 INFO     ___FILE_ONLY___ ╠═ Installing: gcloud Beta Commands                         ═╣

2024-12-09 09:39:14,009 INFO     ___FILE_ONLY___ ╚
2024-12-09 09:39:14,011 INFO     ___FILE_ONLY___ ════════════════════════════════════════════════════════════
2024-12-09 09:39:14,011 INFO     ___FILE_ONLY___ ╝

2024-12-09 09:39:14,035 INFO     ___FILE_ONLY___ ╔════════════════════════════════════════════════════════════╗

2024-12-09 09:39:14,035 INFO     ___FILE_ONLY___ ╠═ Installing: gcloud cli dependencies (Platform Specific)  ═╣

2024-12-09 09:39:14,035 INFO     ___FILE_ONLY___ ╚
2024-12-09 09:39:14,037 INFO     ___FILE_ONLY___ ════════════════════════════════════════════════════════════
2024-12-09 09:39:14,037 INFO     ___FILE_ONLY___ ╝

2024-12-09 09:39:14,059 INFO     ___FILE_ONLY___ ╔════════════════════════════════════════════════════════════╗

2024-12-09 09:39:14,059 INFO     ___FILE_ONLY___ ╠═ Installing: gke-gcloud-auth-plugin                       ═╣

2024-12-09 09:39:14,059 INFO     ___FILE_ONLY___ ╚
2024-12-09 09:39:14,061 INFO     ___FILE_ONLY___ ════════════════════════════════════════════════════════════
2024-12-09 09:39:14,061 INFO     ___FILE_ONLY___ ╝

2024-12-09 09:39:14,081 INFO     ___FILE_ONLY___ ╔════════════════════════════════════════════════════════════╗

2024-12-09 09:39:14,081 INFO     ___FILE_ONLY___ ╠═ Installing: gke-gcloud-auth-plugin (Platform Specific)   ═╣

2024-12-09 09:39:14,081 INFO     ___FILE_ONLY___ ╚
2024-12-09 09:39:14,129 INFO     ___FILE_ONLY___ ════════════════════════════════════════════════════════════
2024-12-09 09:39:14,129 INFO     ___FILE_ONLY___ ╝

2024-12-09 09:39:14,153 INFO     ___FILE_ONLY___ ╔════════════════════════════════════════════════════════════╗

2024-12-09 09:39:14,154 INFO     ___FILE_ONLY___ ╠═ Installing: kubectl                                      ═╣

2024-12-09 09:39:14,154 INFO     ___FILE_ONLY___ ╚
2024-12-09 09:39:14,157 INFO     ___FILE_ONLY___ ════════════════════════════════════════════════════════════
2024-12-09 09:39:14,157 INFO     ___FILE_ONLY___ ╝

2024-12-09 09:39:14,181 INFO     ___FILE_ONLY___ ╔════════════════════════════════════════════════════════════╗

2024-12-09 09:39:14,181 INFO     ___FILE_ONLY___ ╠═ Installing: kubectl (Platform Specific)                  ═╣

2024-12-09 09:39:14,181 INFO     ___FILE_ONLY___ ╚
2024-12-09 09:39:14,715 INFO     ___FILE_ONLY___ ══════════
2024-12-09 09:39:14,812 INFO     ___FILE_ONLY___ ══════════
2024-12-09 09:39:14,910 INFO     ___FILE_ONLY___ ══════════
2024-12-09 09:39:15,012 INFO     ___FILE_ONLY___ ══════════
2024-12-09 09:39:15,112 INFO     ___FILE_ONLY___ ══════════
2024-12-09 09:39:15,219 INFO     ___FILE_ONLY___ ══════════
2024-12-09 09:39:15,220 INFO     ___FILE_ONLY___ ╝

2024-12-09 09:39:15,244 DEBUG    root            Updating notification cache...
2024-12-09 09:39:15,244 INFO     ___FILE_ONLY___ 

2024-12-09 09:39:15,267 INFO     ___FILE_ONLY___ Performing post processing steps...
2024-12-09 09:39:15,267 DEBUG    root            Executing command: ['/Users/wbrunson/Library/Application Support/cloud-code/installer/google-cloud-sdk/bin/gcloud', 'components', 'post-process', '--no-compile-python']
2024-12-09 09:39:15,881 DEBUG    ___FILE_ONLY___ 
2024-12-09 09:39:15,881 DEBUG    ___FILE_ONLY___ 
2024-12-09 09:39:16,034 INFO     ___FILE_ONLY___ 
Update done!


2024-12-09 09:39:16,191 WARNING  root              There are other instances of Google Cloud tools on your system PATH.
  Please remove the following to avoid confusion or accidental invocation:

  /Applications/Rancher Desktop.app/Contents/Resources/resources/darwin/bin/kuberlr

  
2024-12-09 09:39:16,313 DEBUG    root            Chosen display Format:none
2024-12-09 09:39:16,313 INFO     root            Display format: "none"
2024-12-09 09:39:16,316 DEBUG    root            Executing command: ['curl', '--silent', '-O', 'https://dl.google.com/dl/cloudsdk/channels/rapid/python-3.11.6-macos11.tar.gz']
2024-12-09 09:39:25,813 DEBUG    root            Executing command: ['tar', '-xf', 'python-3.11.6-macos11.tar.gz']
2024-12-09 09:39:25,887 DEBUG    root            Executing command: ['sudo', 'installer', '-target', '/', '-pkg', './python-3.11.6-macos11.pkg']
